main - [MSG]: Src Chain: []
main - [DEBUG]: Src Entry event: (de.ecspride.ListAccess1, onCreate)
DalvikVM - [MSG]: Begin run onCreate at C:\Users\hao\workspace\DroidBenchProj\ListAccess1\app\ListAccess1.apk
DalvikVM - [MSG]: RUN Method de.ecspride.ListAccess1/onCreate[android.os.Bundle]
Executor - [DEBUG]: Read manifest csv: output/ListAccess1.apk\ListAccess1.apk_manifest.csv
Executor - [WARN]: output\ListAccess1.apk\ListAccess1.apk_manifest.csv (The system cannot find the file specified)
DalvikVM - [BB]: New method call: de.ecspride.ListAccess1/onCreate[android.os.Bundle]
DalvikVM - [BB]: [0]<0 SPECIAL,ARGUMENT_SET,extra=[6, 7]>
DalvikVM - [BB]: [1]<0 MOV,CONST,dst=r2,type=void,extra=class patdroid.core.PrimitiveInfo?0>
DalvikVM - [BB]: [2]<0 HALT,SUPER,extra=[null, [6, 7]]>
DalvikVM - [BB]: [3]<2 MOV,CONST,dst=r1,type=void,extra=class patdroid.core.PrimitiveInfo?2130903040>
DalvikVM - [BB]: [4]<0 INVOKE,VIRTUAL,extra=[android.app.Activity/setContentView[int], [6, 1]]>
DalvikVM - [BB]: [5]<0 NEW,INSTANCE,dst=r1,type=java.util.LinkedList>
DalvikVM - [BB]: [6]<0 INVOKE,DIRECT,extra=[java.util.LinkedList/<init>[], [1]]>
DalvikVM - [BB]: [7]<0 INSTANCE,IPUT,r0=r6,r1=r1,type=java.lang.Object,extra=de.ecspride.ListAccess1.listData>
DalvikVM - [BB]: [8]<0 INSTANCE,IGET,r0=r6,r1=r1,type=java.lang.Object,extra=de.ecspride.ListAccess1.listData>
DalvikVM - [BB]: [9]<8 MOV,CONST,dst=r3,type=java.lang.String,extra="not tainted">
DalvikVM - [BB]: [10]<0 INVOKE,INTERFACE,extra=[java.util.List/add[java.lang.Object], [1, 3]]>
DalvikVM - [BB]: [11]<0 INSTANCE,IGET,r0=r6,r1=r3,type=java.lang.Object,extra=de.ecspride.ListAccess1.listData>
DalvikVM - [BB]: [12]<11 MOV,CONST,dst=r1,type=java.lang.String,extra="phone">
DalvikVM - [BB]: [13]<0 INVOKE,VIRTUAL,extra=[android.content.Context/getSystemService[java.lang.String], [6, 1]]>
DalvikVM - [BB]: [14]<0 MOV,RESULT,dst=r1,type=java.lang.Object>
DalvikVM - [BB]: [15]<0 ARITHMETIC,CHECK-AND-CAST,dst=r1,type=android.telephony.TelephonyManager>
DalvikVM - [BB]: [16]<0 INVOKE,VIRTUAL,extra=[android.telephony.TelephonyManager/getDeviceId[], [1]]>
DalvikVM - [BB]: [17]<0 MOV,RESULT,dst=r1,type=java.lang.Object>
DalvikVM - [BB]: [18]<0 INVOKE,INTERFACE,extra=[java.util.List/add[java.lang.Object], [3, 1]]>
DalvikVM - [BB]: [19]<0 INSTANCE,IGET,r0=r6,r1=r1,type=java.lang.Object,extra=de.ecspride.ListAccess1.listData>
DalvikVM - [BB]: [20]<19 MOV,CONST,dst=r3,type=java.lang.String,extra="neutral text">
DalvikVM - [BB]: [21]<0 INVOKE,INTERFACE,extra=[java.util.List/add[java.lang.Object], [1, 3]]>
DalvikVM - [BB]: [22]<0 INVOKE,STATIC,extra=[android.telephony.SmsManager/getDefault[], []]>
DalvikVM - [BB]: [23]<0 MOV,RESULT,dst=r0,type=java.lang.Object>
DalvikVM - [BB]: [24]<23 MOV,CONST,dst=r1,type=java.lang.String,extra="+49 1234">
DalvikVM - [BB]: [25]<0 INSTANCE,IGET,r0=r6,r1=r3,type=java.lang.Object,extra=de.ecspride.ListAccess1.listData>
DalvikVM - [BB]: [26]<25 MOV,CONST,dst=r4,type=void,extra=class patdroid.core.PrimitiveInfo?0>
DalvikVM - [BB]: [27]<0 INVOKE,INTERFACE,extra=[java.util.List/get[int], [3, 4]]>
DalvikVM - [BB]: [28]<0 MOV,RESULT,dst=r3,type=java.lang.Object>
DalvikVM - [BB]: [29]<0 ARITHMETIC,CHECK-AND-CAST,dst=r3,type=java.lang.String>
DalvikVM - [BB]: [30]<0 MOV,REG,dst=r4,r0=r2,type=java.lang.Object>
DalvikVM - [BB]: [31]<0 MOV,REG,dst=r5,r0=r2,type=java.lang.Object>
DalvikVM - [BB]: [32]<0 INVOKE,VIRTUAL,extra=[android.telephony.SmsManager/sendTextMessage[java.lang.String, java.lang.String, java.lang.String, android.app.PendingIntent, android.app.PendingIntent], [0, 1, 2, 3, 4, 5]]>
DalvikVM - [BB]: [33]<0 RETURN,VOID>
newStackFrame - [BB]: New Stack Frame: StackFrame de.ecspride.ListAccess1/onCreate[android.os.Bundle]
newStackFrame - [BB]: Add frame StackFrame de.ecspride.ListAccess1/onCreate[android.os.Bundle]
newStackFrame - [BB]: Stack: [StackFrame de.ecspride.ListAccess1/onCreate[android.os.Bundle]]
Executor - [MSG]: New chain obj with type de.ecspride.ListAccess1
Activity - [BB]: New instance of de.ecspride.ListAccess1
Caller@4: <init>@fu.hao.trust.dvm.DVMObject - [BB]: getClass de.ecspride.ListAccess1 at fu.hao.trust.dvm.VMHeap@dc35b98
Caller: getClass@fu.hao.trust.dvm.VMHeap - [BB]: new class representation for de.ecspride.ListAccess1 at fu.hao.trust.dvm.VMHeap@dc35b98
Caller@4: <init>@fu.hao.trust.dvm.DVMClass - [BB]: getClass android.app.Activity at fu.hao.trust.dvm.VMHeap@dc35b98
Caller: getClass@fu.hao.trust.dvm.VMHeap - [BB]: new class representation for android.app.Activity at fu.hao.trust.dvm.VMHeap@dc35b98
Caller@4: <init>@fu.hao.trust.dvm.DVMClass - [BB]: getClass android.content.ContextWrapper at fu.hao.trust.dvm.VMHeap@dc35b98
Caller: getClass@fu.hao.trust.dvm.VMHeap - [BB]: new class representation for android.content.ContextWrapper at fu.hao.trust.dvm.VMHeap@dc35b98
Caller@4: <init>@fu.hao.trust.dvm.DVMClass - [BB]: getClass android.content.Context at fu.hao.trust.dvm.VMHeap@dc35b98
Caller: getClass@fu.hao.trust.dvm.VMHeap - [BB]: new class representation for android.content.Context at fu.hao.trust.dvm.VMHeap@dc35b98
Caller@4: <init>@fu.hao.trust.dvm.DVMClass - [BB]: getClass fu.hao.trust.dvm.DVMObject at fu.hao.trust.dvm.VMHeap@dc35b98
Caller: getClass@fu.hao.trust.dvm.VMHeap - [BB]: new class representation for fu.hao.trust.dvm.DVMObject at fu.hao.trust.dvm.VMHeap@dc35b98
Caller: <init>@fu.hao.trust.dvm.DVMClass - [BB]: Get DVMClass for type fu.hao.trust.dvm.DVMObject
Caller@4: <init>@fu.hao.trust.dvm.DVMClass - [BB]: getClass fu.hao.trust.dvm.DVMObject at fu.hao.trust.dvm.VMHeap@dc35b98
Caller: <init>@fu.hao.trust.dvm.DVMClass - [BB]: Get DVMClass for type android.content.Context
Caller@4: <init>@fu.hao.trust.dvm.DVMClass - [BB]: getClass android.content.Context at fu.hao.trust.dvm.VMHeap@dc35b98
Caller: <init>@fu.hao.trust.dvm.DVMClass - [BB]: Get DVMClass for type android.content.ContextWrapper
Caller@4: <init>@fu.hao.trust.dvm.DVMClass - [BB]: getClass android.content.ContextWrapper at fu.hao.trust.dvm.VMHeap@dc35b98
Caller: <init>@fu.hao.trust.dvm.DVMClass - [BB]: Get DVMClass for type android.app.Activity
Caller@4: <init>@fu.hao.trust.dvm.DVMClass - [BB]: getClass android.app.Activity at fu.hao.trust.dvm.VMHeap@dc35b98
Caller: <init>@fu.hao.trust.dvm.DVMObject - [BB]: Get DVMClass for type de.ecspride.ListAccess1
Caller@4: <init>@fu.hao.trust.dvm.DVMObject - [BB]: getClass de.ecspride.ListAccess1 at fu.hao.trust.dvm.VMHeap@dc35b98
Activity - [MSG]: Not empty constructor
DalvikVM - [BB]: New method call: de.ecspride.ListAccess1/<init>[]
DalvikVM - [BB]: [0]<0 SPECIAL,ARGUMENT_SET,extra=[0]>
DalvikVM - [BB]: [1]<0 INVOKE,DIRECT,extra=[java.lang.Object/<init>[], [0]]>
DalvikVM - [BB]: [2]<0 RETURN,VOID>
DalvikVM - [WARN]: ar -2, (Activity:instance number 1@de.ecspride.ListAccess1, de.ecspride.ListAccess1)
newStackFrame - [BB]: New Stack Frame: StackFrame de.ecspride.ListAccess1/<init>[], pc -1 stored. 
newStackFrame - [BB]: Stack: [StackFrame de.ecspride.ListAccess1/onCreate[android.os.Bundle]]
DalvikVM - [MSG]: Begin run instrumented methods!
DalvikVM - [BB]: Add frames [StackFrame de.ecspride.ListAccess1/<init>[]]
DalvikVM - [BB]: fu.hao.trust.dvm.DalvikVM -> runInstrumentedMethods set pc to 0
Executor - [MSG]: 

Executor - [MSG]: <0 SPECIAL,ARGUMENT_SET,extra=[0]> at de.ecspride.ListAccess1/<init>[]
DalvikVM - [WARN]: ar 0, (Activity:instance number 1@de.ecspride.ListAccess1, de.ecspride.ListAccess1)
Executor - [DEBUG]: params: Activity:instance number 1@de.ecspride.ListAccess1
DalvikVM - [BB]: fu.hao.trust.dvm.Executor$OP_SP_ARGUMENTS -> jump set pc to 1
PluginManager - [MSG]: TaintSumBranch Tainted Res: {}
Executor - [MSG]: 

Executor - [MSG]: <1 INVOKE,DIRECT,extra=[java.lang.Object/<init>[], [0]]> at de.ecspride.ListAccess1/<init>[]
Executor - [MSG]: arg0 obj: Activity:instance number 1@de.ecspride.ListAccess1
Executor - [MSG]: Replace the clazz.
Executor - [BB]: java.lang.Object/<init>[] is a constructor!
Executor - [WARN]: Reflection error: de.ecspride.ListAccess1
DalvikVM - [BB]: fu.hao.trust.dvm.Executor -> jump set pc to 2
TaintSumBranch - [BB]: <java.lang.Object: void <init>()>
TaintSumBranch - [DEBUG]: Not a taint call: <java.lang.Object: void <init>()>
PluginManager - [MSG]: TaintSumBranch Tainted Res: {}
Executor - [MSG]: 

Executor - [MSG]: <2 RETURN,VOID> at de.ecspride.ListAccess1/<init>[]
class fu.hao.trust.dvm.Executor$OP_RETURN_VOID - [DEBUG]: Return void
DalvikVM - [BB]: stack [StackFrame de.ecspride.ListAccess1/onCreate[android.os.Bundle]]
DalvikVM - [BB]: Back to the last stack frame.StackFrame de.ecspride.ListAccess1/onCreate[android.os.Bundle]
DalvikVM - [MSG]: Finish running instrumented methods! Back to StackFrame de.ecspride.ListAccess1/onCreate[android.os.Bundle]
Activity - [MSG]: New Activity Created with type de.ecspride.ListAccess1
DalvikVM - [BB]: New method call: de.ecspride.ListAccess1/onCreate[android.os.Bundle]
DalvikVM - [BB]: [0]<0 SPECIAL,ARGUMENT_SET,extra=[6, 7]>
DalvikVM - [BB]: [1]<0 MOV,CONST,dst=r2,type=void,extra=class patdroid.core.PrimitiveInfo?0>
DalvikVM - [BB]: [2]<0 HALT,SUPER,extra=[null, [6, 7]]>
DalvikVM - [BB]: [3]<2 MOV,CONST,dst=r1,type=void,extra=class patdroid.core.PrimitiveInfo?2130903040>
DalvikVM - [BB]: [4]<0 INVOKE,VIRTUAL,extra=[android.app.Activity/setContentView[int], [6, 1]]>
DalvikVM - [BB]: [5]<0 NEW,INSTANCE,dst=r1,type=java.util.LinkedList>
DalvikVM - [BB]: [6]<0 INVOKE,DIRECT,extra=[java.util.LinkedList/<init>[], [1]]>
DalvikVM - [BB]: [7]<0 INSTANCE,IPUT,r0=r6,r1=r1,type=java.lang.Object,extra=de.ecspride.ListAccess1.listData>
DalvikVM - [BB]: [8]<0 INSTANCE,IGET,r0=r6,r1=r1,type=java.lang.Object,extra=de.ecspride.ListAccess1.listData>
DalvikVM - [BB]: [9]<8 MOV,CONST,dst=r3,type=java.lang.String,extra="not tainted">
DalvikVM - [BB]: [10]<0 INVOKE,INTERFACE,extra=[java.util.List/add[java.lang.Object], [1, 3]]>
DalvikVM - [BB]: [11]<0 INSTANCE,IGET,r0=r6,r1=r3,type=java.lang.Object,extra=de.ecspride.ListAccess1.listData>
DalvikVM - [BB]: [12]<11 MOV,CONST,dst=r1,type=java.lang.String,extra="phone">
DalvikVM - [BB]: [13]<0 INVOKE,VIRTUAL,extra=[android.content.Context/getSystemService[java.lang.String], [6, 1]]>
DalvikVM - [BB]: [14]<0 MOV,RESULT,dst=r1,type=java.lang.Object>
DalvikVM - [BB]: [15]<0 ARITHMETIC,CHECK-AND-CAST,dst=r1,type=android.telephony.TelephonyManager>
DalvikVM - [BB]: [16]<0 INVOKE,VIRTUAL,extra=[android.telephony.TelephonyManager/getDeviceId[], [1]]>
DalvikVM - [BB]: [17]<0 MOV,RESULT,dst=r1,type=java.lang.Object>
DalvikVM - [BB]: [18]<0 INVOKE,INTERFACE,extra=[java.util.List/add[java.lang.Object], [3, 1]]>
DalvikVM - [BB]: [19]<0 INSTANCE,IGET,r0=r6,r1=r1,type=java.lang.Object,extra=de.ecspride.ListAccess1.listData>
DalvikVM - [BB]: [20]<19 MOV,CONST,dst=r3,type=java.lang.String,extra="neutral text">
DalvikVM - [BB]: [21]<0 INVOKE,INTERFACE,extra=[java.util.List/add[java.lang.Object], [1, 3]]>
DalvikVM - [BB]: [22]<0 INVOKE,STATIC,extra=[android.telephony.SmsManager/getDefault[], []]>
DalvikVM - [BB]: [23]<0 MOV,RESULT,dst=r0,type=java.lang.Object>
DalvikVM - [BB]: [24]<23 MOV,CONST,dst=r1,type=java.lang.String,extra="+49 1234">
DalvikVM - [BB]: [25]<0 INSTANCE,IGET,r0=r6,r1=r3,type=java.lang.Object,extra=de.ecspride.ListAccess1.listData>
DalvikVM - [BB]: [26]<25 MOV,CONST,dst=r4,type=void,extra=class patdroid.core.PrimitiveInfo?0>
DalvikVM - [BB]: [27]<0 INVOKE,INTERFACE,extra=[java.util.List/get[int], [3, 4]]>
DalvikVM - [BB]: [28]<0 MOV,RESULT,dst=r3,type=java.lang.Object>
DalvikVM - [BB]: [29]<0 ARITHMETIC,CHECK-AND-CAST,dst=r3,type=java.lang.String>
DalvikVM - [BB]: [30]<0 MOV,REG,dst=r4,r0=r2,type=java.lang.Object>
DalvikVM - [BB]: [31]<0 MOV,REG,dst=r5,r0=r2,type=java.lang.Object>
DalvikVM - [BB]: [32]<0 INVOKE,VIRTUAL,extra=[android.telephony.SmsManager/sendTextMessage[java.lang.String, java.lang.String, java.lang.String, android.app.PendingIntent, android.app.PendingIntent], [0, 1, 2, 3, 4, 5]]>
DalvikVM - [BB]: [33]<0 RETURN,VOID>
DalvikVM - [WARN]: ar -2, (Activity:instance number 1@de.ecspride.ListAccess1, de.ecspride.ListAccess1)
DalvikVM - [WARN]: ar -2, (null, android.os.Bundle)
newStackFrame - [BB]: New Stack Frame: StackFrame de.ecspride.ListAccess1/onCreate[android.os.Bundle]
newStackFrame - [BB]: Stack: []
Activity - [BB]: Intent null
DalvikVM - [MSG]: Begin run instrumented methods!
DalvikVM - [BB]: Add frames [StackFrame de.ecspride.ListAccess1/onCreate[android.os.Bundle]]
DalvikVM - [BB]: fu.hao.trust.dvm.DalvikVM -> runInstrumentedMethods set pc to 0
Executor - [MSG]: 

Executor - [MSG]: <0 SPECIAL,ARGUMENT_SET,extra=[6, 7]> at de.ecspride.ListAccess1/onCreate[android.os.Bundle]
DalvikVM - [WARN]: ar 6, (Activity:instance number 1@de.ecspride.ListAccess1, de.ecspride.ListAccess1)
Executor - [DEBUG]: params: Activity:instance number 1@de.ecspride.ListAccess1
DalvikVM - [WARN]: ar 7, (null, android.os.Bundle)
Executor - [DEBUG]: params: null
DalvikVM - [BB]: fu.hao.trust.dvm.Executor$OP_SP_ARGUMENTS -> jump set pc to 1
PluginManager - [MSG]: TaintSumBranch Tainted Res: {}
Executor - [MSG]: 

Executor - [MSG]: <1 MOV,CONST,dst=r2,type=void,extra=class patdroid.core.PrimitiveInfo?0> at de.ecspride.ListAccess1/onCreate[android.os.Bundle]
Executor - [DEBUG]: Mov const begin <1 MOV,CONST,dst=r2,type=void,extra=class patdroid.core.PrimitiveInfo?0>
DalvikVM - [WARN]: ar 2, (0, void)
Executor - [DEBUG]: data: 0 class patdroid.core.PrimitiveInfo
DalvikVM - [BB]: fu.hao.trust.dvm.Executor$OP_MOV_CONST -> jump set pc to 2
PluginManager - [MSG]: TaintSumBranch Tainted Res: {}
Executor - [MSG]: 

Executor - [MSG]: <2 HALT,SUPER,extra=[null, [6, 7]]> at de.ecspride.ListAccess1/onCreate[android.os.Bundle]
DalvikVM - [BB]: fu.hao.trust.dvm.Executor$OP_HALT -> jump set pc to 3
Executor - [MSG]: Cannot resolve the invocation
TaintSumBranch - [BB]: Not a taint op <2 HALT,SUPER,extra=[null, [6, 7]]>
PluginManager - [MSG]: TaintSumBranch Tainted Res: {}
Executor - [MSG]: 

Executor - [MSG]: <3 MOV,CONST,dst=r1,type=void,extra=class patdroid.core.PrimitiveInfo?2130903040> at de.ecspride.ListAccess1/onCreate[android.os.Bundle]
Executor - [DEBUG]: Mov const begin <3 MOV,CONST,dst=r1,type=void,extra=class patdroid.core.PrimitiveInfo?2130903040>
DalvikVM - [WARN]: ar 1, (2130903040, void)
Executor - [DEBUG]: data: 2130903040 class patdroid.core.PrimitiveInfo
DalvikVM - [BB]: fu.hao.trust.dvm.Executor$OP_MOV_CONST -> jump set pc to 4
PluginManager - [MSG]: TaintSumBranch Tainted Res: {}
Executor - [MSG]: 

Executor - [MSG]: <4 INVOKE,VIRTUAL,extra=[android.app.Activity/setContentView[int], [6, 1]]> at de.ecspride.ListAccess1/onCreate[android.os.Bundle]
Executor - [MSG]: arg0 obj: Activity:instance number 1@de.ecspride.ListAccess1
Executor - [DEBUG]: Reflction class: class android.app.Activity
Executor - [BB]: Normal args? true
Executor - [BB]: arg1@reg1: 2130903040
Executor - [DEBUG]: Expected para type: int
Executor - [DEBUG]: Real para int, value: 2130903040
Executor - [BB]: Nargs? true
Executor - [DEBUG]: Caller obj: Activity:instance number 1@de.ecspride.ListAccess1, from class: class android.app.Activity
DalvikVM - [WARN]: ar -1, (null, void)
Executor - [MSG]: Reflction invocation public void android.app.Activity.setContentView(int)
DalvikVM - [BB]: Set reflective call: public void android.app.Activity.setContentView(int)
DalvikVM - [BB]: fu.hao.trust.dvm.Executor -> jump set pc to 5
TaintSumBranch - [BB]: <android.app.Activity: void setContentView(int)>
TaintSumBranch - [DEBUG]: Not a taint call: <android.app.Activity: void setContentView(int)>
PluginManager - [MSG]: TaintSumBranch Tainted Res: {}
Executor - [MSG]: 

Executor - [MSG]: <5 NEW,INSTANCE,dst=r1,type=java.util.LinkedList> at de.ecspride.ListAccess1/onCreate[android.os.Bundle]
OP_NEW_INSTANCE - [DEBUG]: [reg 1@ListAccess1/onCreate]
DalvikVM - [WARN]: ar 1 (2130903040, void), (null, java.util.LinkedList)
OP_NEW_INSTANCE - [BB]: Reflecable instance.
DalvikVM - [BB]: fu.hao.trust.dvm.Executor$OP_NEW_INSTANCE -> jump set pc to 6
TaintSumBranch - [BB]: Rdst [reg 1@ListAccess1/onCreate]
PluginManager - [MSG]: TaintSumBranch Tainted Res: {}
Executor - [MSG]: 

Executor - [MSG]: <6 INVOKE,DIRECT,extra=[java.util.LinkedList/<init>[], [1]]> at de.ecspride.ListAccess1/onCreate[android.os.Bundle]
Executor - [MSG]: arg0 obj: null
Executor - [BB]: java.util.LinkedList/<init>[] is a constructor!
DalvikVM - [WARN]: ar 1 (null, java.util.LinkedList), ([], void)
Executor - [DEBUG]: Reflected init instance: [], class java.util.LinkedList
DalvikVM - [BB]: fu.hao.trust.dvm.Executor -> jump set pc to 7
TaintSumBranch - [BB]: <java.util.LinkedList: void <init>()>
TaintSumBranch - [DEBUG]: Not a taint call: <java.util.LinkedList: void <init>()>
PluginManager - [MSG]: TaintSumBranch Tainted Res: {}
Executor - [MSG]: 

Executor - [MSG]: <7 INSTANCE,IPUT,r0=r6,r1=r1,type=java.lang.Object,extra=de.ecspride.ListAccess1.listData> at de.ecspride.ListAccess1/onCreate[android.os.Bundle]
class fu.hao.trust.dvm.Executor$OP_INSTANCE_PUT_FIELD - [BB]: field de.ecspride.ListAccess1.listData
class fu.hao.trust.dvm.Executor$OP_INSTANCE_PUT_FIELD - [BB]: Target obj Activity:instance number 1@de.ecspride.ListAccess1
Activity - [DEBUG]: put field []
class fu.hao.trust.dvm.Executor$OP_INSTANCE_PUT_FIELD - [MSG]: Put data [] to the field of Activity:instance number 1@de.ecspride.ListAccess1
DalvikVM - [BB]: fu.hao.trust.dvm.Executor$OP_INSTANCE_PUT_FIELD -> jump set pc to 8
PluginManager - [MSG]: TaintSumBranch Tainted Res: {}
Executor - [MSG]: 

Executor - [MSG]: <8 INSTANCE,IGET,r0=r6,r1=r1,type=java.lang.Object,extra=de.ecspride.ListAccess1.listData> at de.ecspride.ListAccess1/onCreate[android.os.Bundle]
class fu.hao.trust.dvm.Executor$OP_INSTANCE_GET_FIELD - [BB]: Obj Activity:instance number 1@de.ecspride.ListAccess1
class fu.hao.trust.dvm.Executor$OP_INSTANCE_GET_FIELD - [BB]: Fieldinfo de.ecspride.ListAccess1.listData
DalvikVM - [WARN]: ar 1 ([], void), ([], java.util.List)
class fu.hao.trust.dvm.Executor$OP_INSTANCE_GET_FIELD - [DEBUG]: Get data: []
DalvikVM - [BB]: fu.hao.trust.dvm.Executor$OP_INSTANCE_GET_FIELD -> jump set pc to 9
PluginManager - [MSG]: TaintSumBranch Tainted Res: {}
Executor - [MSG]: 

Executor - [MSG]: <9 MOV,CONST,dst=r3,type=java.lang.String,extra="not tainted"> at de.ecspride.ListAccess1/onCreate[android.os.Bundle]
Executor - [DEBUG]: Mov const begin <9 MOV,CONST,dst=r3,type=java.lang.String,extra="not tainted">
DalvikVM - [WARN]: ar 3, (not tainted, java.lang.String)
Executor - [DEBUG]: data: not tainted class java.lang.String
DalvikVM - [BB]: fu.hao.trust.dvm.Executor$OP_MOV_CONST -> jump set pc to 10
PluginManager - [MSG]: TaintSumBranch Tainted Res: {}
Executor - [MSG]: 

Executor - [MSG]: <10 INVOKE,INTERFACE,extra=[java.util.List/add[java.lang.Object], [1, 3]]> at de.ecspride.ListAccess1/onCreate[android.os.Bundle]
Executor - [MSG]: arg0 obj: []
Executor - [DEBUG]: Reflction class: interface java.util.List
Executor - [BB]: Normal args? true
Executor - [BB]: arg1@reg3: not tainted
Executor - [BB]: Nargs? true
Executor - [DEBUG]: Caller obj: [], from class: class java.util.LinkedList
DalvikVM - [WARN]: ar -1, (true, boolean)
Executor - [DEBUG]: Return data: true ,class java.lang.Boolean
Executor - [MSG]: Reflction invocation public abstract boolean java.util.List.add(java.lang.Object)
DalvikVM - [BB]: Set reflective call: public abstract boolean java.util.List.add(java.lang.Object)
DalvikVM - [BB]: fu.hao.trust.dvm.Executor -> jump set pc to 11
TaintSumBranch - [BB]: <java.util.List: boolean add(java.lang.Object)>
TaintSumBranch - [DEBUG]: Not a taint call: <java.util.List: boolean add(java.lang.Object)>
PluginManager - [MSG]: TaintSumBranch Tainted Res: {}
Executor - [MSG]: 

Executor - [MSG]: <11 INSTANCE,IGET,r0=r6,r1=r3,type=java.lang.Object,extra=de.ecspride.ListAccess1.listData> at de.ecspride.ListAccess1/onCreate[android.os.Bundle]
class fu.hao.trust.dvm.Executor$OP_INSTANCE_GET_FIELD - [BB]: Obj Activity:instance number 1@de.ecspride.ListAccess1
class fu.hao.trust.dvm.Executor$OP_INSTANCE_GET_FIELD - [BB]: Fieldinfo de.ecspride.ListAccess1.listData
DalvikVM - [WARN]: ar 3 (not tainted, java.lang.String), ([not tainted], java.util.List)
class fu.hao.trust.dvm.Executor$OP_INSTANCE_GET_FIELD - [DEBUG]: Get data: [not tainted]
DalvikVM - [BB]: fu.hao.trust.dvm.Executor$OP_INSTANCE_GET_FIELD -> jump set pc to 12
PluginManager - [MSG]: TaintSumBranch Tainted Res: {}
Executor - [MSG]: 

Executor - [MSG]: <12 MOV,CONST,dst=r1,type=java.lang.String,extra="phone"> at de.ecspride.ListAccess1/onCreate[android.os.Bundle]
Executor - [DEBUG]: Mov const begin <12 MOV,CONST,dst=r1,type=java.lang.String,extra="phone">
DalvikVM - [WARN]: ar 1 ([not tainted], java.util.List), (phone, java.lang.String)
Executor - [DEBUG]: data: phone class java.lang.String
DalvikVM - [BB]: fu.hao.trust.dvm.Executor$OP_MOV_CONST -> jump set pc to 13
PluginManager - [MSG]: TaintSumBranch Tainted Res: {}
Executor - [MSG]: 

Executor - [MSG]: <13 INVOKE,VIRTUAL,extra=[android.content.Context/getSystemService[java.lang.String], [6, 1]]> at de.ecspride.ListAccess1/onCreate[android.os.Bundle]
Executor - [MSG]: arg0 obj: Activity:instance number 1@de.ecspride.ListAccess1
Executor - [DEBUG]: Reflction class: class android.content.Context
Executor - [BB]: Normal args? true
Executor - [BB]: arg1@reg1: phone
Executor - [BB]: Nargs? true
Executor - [DEBUG]: Caller obj: Activity:instance number 1@de.ecspride.ListAccess1, from class: class android.app.Activity
DalvikVM - [WARN]: ar -1, (android.telephony.TelephonyManager@cf7f18e, java.lang.Object)
Executor - [DEBUG]: Return data: android.telephony.TelephonyManager@cf7f18e ,class android.telephony.TelephonyManager
Executor - [MSG]: Reflction invocation public java.lang.Object android.content.Context.getSystemService(java.lang.String)
DalvikVM - [BB]: Set reflective call: public java.lang.Object android.content.Context.getSystemService(java.lang.String)
DalvikVM - [BB]: fu.hao.trust.dvm.Executor -> jump set pc to 14
TaintSumBranch - [BB]: <android.content.Context: java.lang.Object getSystemService(java.lang.String)>
TaintSumBranch - [DEBUG]: Not a taint call: <android.content.Context: java.lang.Object getSystemService(java.lang.String)>
PluginManager - [MSG]: TaintSumBranch Tainted Res: {}
Executor - [MSG]: 

Executor - [MSG]: <14 MOV,RESULT,dst=r1,type=java.lang.Object> at de.ecspride.ListAccess1/onCreate[android.os.Bundle]
DalvikVM - [WARN]: ar 1 (phone, java.lang.String), (android.telephony.TelephonyManager@cf7f18e, java.lang.Object)
OP_MOV_RESULT - [BB]: Result data: android.telephony.TelephonyManager@cf7f18e
OP_MOV_RESULT - [DEBUG]: Result data: android.telephony.TelephonyManager@cf7f18e, type: java.lang.Object, to [reg 1@ListAccess1/onCreate]
DalvikVM - [BB]: fu.hao.trust.dvm.Executor$OP_MOV_RESULT -> jump set pc to 15
PluginManager - [MSG]: TaintSumBranch Tainted Res: {}
Executor - [MSG]: 

Executor - [MSG]: <15 ARITHMETIC,CHECK-AND-CAST,dst=r1,type=android.telephony.TelephonyManager> at de.ecspride.ListAccess1/onCreate[android.os.Bundle]
DalvikVM - [BB]: fu.hao.trust.dvm.Executor$OP_ARITHETIC -> jump set pc to 16
PluginManager - [MSG]: TaintSumBranch Tainted Res: {}
Executor - [MSG]: 

Executor - [MSG]: <16 INVOKE,VIRTUAL,extra=[android.telephony.TelephonyManager/getDeviceId[], [1]]> at de.ecspride.ListAccess1/onCreate[android.os.Bundle]
Executor - [MSG]: arg0 obj: android.telephony.TelephonyManager@cf7f18e
Executor - [DEBUG]: Reflction class: class android.telephony.TelephonyManager
DalvikVM - [WARN]: ar -1, (359874043116909, java.lang.String)
Executor - [DEBUG]: Return data: 359874043116909 ,class java.lang.String
Executor - [MSG]: Reflction invocation public java.lang.String android.telephony.TelephonyManager.getDeviceId()
DalvikVM - [BB]: Set reflective call: public java.lang.String android.telephony.TelephonyManager.getDeviceId()
DalvikVM - [BB]: fu.hao.trust.dvm.Executor -> jump set pc to 17
TaintSumBranch - [BB]: <android.telephony.TelephonyManager: java.lang.String getDeviceId()>
TaintSumBranch - [WARN]: Found a tainted return value!
PluginManager - [MSG]: TaintSumBranch Tainted Res: {[Global RetReg]=<16 INVOKE,VIRTUAL,extra=[android.telephony.TelephonyManager/getDeviceId[], [1]]>, 359874043116909=<16 INVOKE,VIRTUAL,extra=[android.telephony.TelephonyManager/getDeviceId[], [1]]>}
Executor - [MSG]: 

Executor - [MSG]: <17 MOV,RESULT,dst=r1,type=java.lang.Object> at de.ecspride.ListAccess1/onCreate[android.os.Bundle]
DalvikVM - [WARN]: ar 1 (android.telephony.TelephonyManager@cf7f18e, java.lang.Object), (359874043116909, java.lang.String)
OP_MOV_RESULT - [BB]: Result data: 359874043116909
OP_MOV_RESULT - [DEBUG]: Result data: 359874043116909, type: java.lang.String, to [reg 1@ListAccess1/onCreate]
DalvikVM - [BB]: fu.hao.trust.dvm.Executor$OP_MOV_RESULT -> jump set pc to 18
TaintSumBranch - [BB]: <16 INVOKE,VIRTUAL,extra=[android.telephony.TelephonyManager/getDeviceId[], [1]]>
TaintSumBranch - [BB]: Add reg 1 due to ret reg.
PluginManager - [MSG]: TaintSumBranch Tainted Res: {359874043116909=<16 INVOKE,VIRTUAL,extra=[android.telephony.TelephonyManager/getDeviceId[], [1]]>, [reg 1@ListAccess1/onCreate]=<16 INVOKE,VIRTUAL,extra=[android.telephony.TelephonyManager/getDeviceId[], [1]]>}
Executor - [MSG]: 

Executor - [MSG]: <18 INVOKE,INTERFACE,extra=[java.util.List/add[java.lang.Object], [3, 1]]> at de.ecspride.ListAccess1/onCreate[android.os.Bundle]
Executor - [MSG]: arg0 obj: [not tainted]
Executor - [DEBUG]: Reflction class: interface java.util.List
Executor - [BB]: Normal args? true
Executor - [BB]: arg1@reg1: 359874043116909
Executor - [BB]: Nargs? true
Executor - [DEBUG]: Caller obj: [not tainted], from class: class java.util.LinkedList
DalvikVM - [WARN]: ar -1, (true, boolean)
Executor - [DEBUG]: Return data: true ,class java.lang.Boolean
Executor - [MSG]: Reflction invocation public abstract boolean java.util.List.add(java.lang.Object)
DalvikVM - [BB]: Set reflective call: public abstract boolean java.util.List.add(java.lang.Object)
DalvikVM - [BB]: fu.hao.trust.dvm.Executor -> jump set pc to 19
TaintSumBranch - [BB]: <java.util.List: boolean add(java.lang.Object)>
TaintSumBranch - [WARN]: Found a tainted return val!
Results - [MSG]: New recorded tainted field: add
TaintSumBranch - [DEBUG]: Not a taint call: <java.util.List: boolean add(java.lang.Object)>
TaintSumBranch - [WARN]: Found a tainted return val!
PluginManager - [MSG]: TaintSumBranch Tainted Res: {[Global RetReg]=<16 INVOKE,VIRTUAL,extra=[android.telephony.TelephonyManager/getDeviceId[], [1]]>, 359874043116909=<16 INVOKE,VIRTUAL,extra=[android.telephony.TelephonyManager/getDeviceId[], [1]]>, [reg 1@ListAccess1/onCreate]=<16 INVOKE,VIRTUAL,extra=[android.telephony.TelephonyManager/getDeviceId[], [1]]>}
Executor - [MSG]: 

Executor - [MSG]: <19 INSTANCE,IGET,r0=r6,r1=r1,type=java.lang.Object,extra=de.ecspride.ListAccess1.listData> at de.ecspride.ListAccess1/onCreate[android.os.Bundle]
class fu.hao.trust.dvm.Executor$OP_INSTANCE_GET_FIELD - [BB]: Obj Activity:instance number 1@de.ecspride.ListAccess1
class fu.hao.trust.dvm.Executor$OP_INSTANCE_GET_FIELD - [BB]: Fieldinfo de.ecspride.ListAccess1.listData
DalvikVM - [WARN]: ar 1 (359874043116909, java.lang.String), ([not tainted, 359874043116909], java.util.List)
class fu.hao.trust.dvm.Executor$OP_INSTANCE_GET_FIELD - [DEBUG]: Get data: [not tainted, 359874043116909]
DalvikVM - [BB]: fu.hao.trust.dvm.Executor$OP_INSTANCE_GET_FIELD -> jump set pc to 20
PluginManager - [MSG]: TaintSumBranch Tainted Res: {[Global RetReg]=<16 INVOKE,VIRTUAL,extra=[android.telephony.TelephonyManager/getDeviceId[], [1]]>, 359874043116909=<16 INVOKE,VIRTUAL,extra=[android.telephony.TelephonyManager/getDeviceId[], [1]]>}
Executor - [MSG]: 

Executor - [MSG]: <20 MOV,CONST,dst=r3,type=java.lang.String,extra="neutral text"> at de.ecspride.ListAccess1/onCreate[android.os.Bundle]
Executor - [DEBUG]: Mov const begin <20 MOV,CONST,dst=r3,type=java.lang.String,extra="neutral text">
DalvikVM - [WARN]: ar 3 ([not tainted, 359874043116909], java.util.List), (neutral text, java.lang.String)
Executor - [DEBUG]: data: neutral text class java.lang.String
DalvikVM - [BB]: fu.hao.trust.dvm.Executor$OP_MOV_CONST -> jump set pc to 21
PluginManager - [MSG]: TaintSumBranch Tainted Res: {[Global RetReg]=<16 INVOKE,VIRTUAL,extra=[android.telephony.TelephonyManager/getDeviceId[], [1]]>, 359874043116909=<16 INVOKE,VIRTUAL,extra=[android.telephony.TelephonyManager/getDeviceId[], [1]]>}
Executor - [MSG]: 

Executor - [MSG]: <21 INVOKE,INTERFACE,extra=[java.util.List/add[java.lang.Object], [1, 3]]> at de.ecspride.ListAccess1/onCreate[android.os.Bundle]
Executor - [MSG]: arg0 obj: [not tainted, 359874043116909]
Executor - [DEBUG]: Reflction class: interface java.util.List
Executor - [BB]: Normal args? true
Executor - [BB]: arg1@reg3: neutral text
Executor - [BB]: Nargs? true
Executor - [DEBUG]: Caller obj: [not tainted, 359874043116909], from class: class java.util.LinkedList
DalvikVM - [WARN]: ar -1, (true, boolean)
Executor - [DEBUG]: Return data: true ,class java.lang.Boolean
Executor - [MSG]: Reflction invocation public abstract boolean java.util.List.add(java.lang.Object)
DalvikVM - [BB]: Set reflective call: public abstract boolean java.util.List.add(java.lang.Object)
DalvikVM - [BB]: fu.hao.trust.dvm.Executor -> jump set pc to 22
TaintSumBranch - [BB]: <java.util.List: boolean add(java.lang.Object)>
TaintSumBranch - [DEBUG]: Not a taint call: <java.util.List: boolean add(java.lang.Object)>
PluginManager - [MSG]: TaintSumBranch Tainted Res: {359874043116909=<16 INVOKE,VIRTUAL,extra=[android.telephony.TelephonyManager/getDeviceId[], [1]]>}
Executor - [MSG]: 

Executor - [MSG]: <22 INVOKE,STATIC,extra=[android.telephony.SmsManager/getDefault[], []]> at de.ecspride.ListAccess1/onCreate[android.os.Bundle]
Executor - [DEBUG]: Reflction class android.telephony.SmsManager
DalvikVM - [WARN]: ar -1, (android.telephony.SmsManager@3b58fa97, android.telephony.SmsManager)
Executor - [MSG]: reflction invocation public static android.telephony.SmsManager android.telephony.SmsManager.getDefault()
DalvikVM - [BB]: Set reflective call: public static android.telephony.SmsManager android.telephony.SmsManager.getDefault()
DalvikVM - [BB]: fu.hao.trust.dvm.Executor$OP_INVOKE_STATIC -> jump set pc to 23
TaintSumBranch - [BB]: <android.telephony.SmsManager: android.telephony.SmsManager getDefault()>
TaintSumBranch - [DEBUG]: Not a taint call: <android.telephony.SmsManager: android.telephony.SmsManager getDefault()>
PluginManager - [MSG]: TaintSumBranch Tainted Res: {359874043116909=<16 INVOKE,VIRTUAL,extra=[android.telephony.TelephonyManager/getDeviceId[], [1]]>}
Executor - [MSG]: 

Executor - [MSG]: <23 MOV,RESULT,dst=r0,type=java.lang.Object> at de.ecspride.ListAccess1/onCreate[android.os.Bundle]
DalvikVM - [WARN]: ar 0, (android.telephony.SmsManager@3b58fa97, android.telephony.SmsManager)
OP_MOV_RESULT - [BB]: Result data: android.telephony.SmsManager@3b58fa97
OP_MOV_RESULT - [DEBUG]: Result data: android.telephony.SmsManager@3b58fa97, type: android.telephony.SmsManager, to [reg 0@ListAccess1/onCreate]
DalvikVM - [BB]: fu.hao.trust.dvm.Executor$OP_MOV_RESULT -> jump set pc to 24
PluginManager - [MSG]: TaintSumBranch Tainted Res: {359874043116909=<16 INVOKE,VIRTUAL,extra=[android.telephony.TelephonyManager/getDeviceId[], [1]]>}
Executor - [MSG]: 

Executor - [MSG]: <24 MOV,CONST,dst=r1,type=java.lang.String,extra="+49 1234"> at de.ecspride.ListAccess1/onCreate[android.os.Bundle]
Executor - [DEBUG]: Mov const begin <24 MOV,CONST,dst=r1,type=java.lang.String,extra="+49 1234">
DalvikVM - [WARN]: ar 1 ([not tainted, 359874043116909, neutral text], java.util.List), (+49 1234, java.lang.String)
Executor - [DEBUG]: data: +49 1234 class java.lang.String
DalvikVM - [BB]: fu.hao.trust.dvm.Executor$OP_MOV_CONST -> jump set pc to 25
PluginManager - [MSG]: TaintSumBranch Tainted Res: {359874043116909=<16 INVOKE,VIRTUAL,extra=[android.telephony.TelephonyManager/getDeviceId[], [1]]>}
Executor - [MSG]: 

Executor - [MSG]: <25 INSTANCE,IGET,r0=r6,r1=r3,type=java.lang.Object,extra=de.ecspride.ListAccess1.listData> at de.ecspride.ListAccess1/onCreate[android.os.Bundle]
class fu.hao.trust.dvm.Executor$OP_INSTANCE_GET_FIELD - [BB]: Obj Activity:instance number 1@de.ecspride.ListAccess1
class fu.hao.trust.dvm.Executor$OP_INSTANCE_GET_FIELD - [BB]: Fieldinfo de.ecspride.ListAccess1.listData
DalvikVM - [WARN]: ar 3 (neutral text, java.lang.String), ([not tainted, 359874043116909, neutral text], java.util.List)
class fu.hao.trust.dvm.Executor$OP_INSTANCE_GET_FIELD - [DEBUG]: Get data: [not tainted, 359874043116909, neutral text]
DalvikVM - [BB]: fu.hao.trust.dvm.Executor$OP_INSTANCE_GET_FIELD -> jump set pc to 26
PluginManager - [MSG]: TaintSumBranch Tainted Res: {359874043116909=<16 INVOKE,VIRTUAL,extra=[android.telephony.TelephonyManager/getDeviceId[], [1]]>}
Executor - [MSG]: 

Executor - [MSG]: <26 MOV,CONST,dst=r4,type=void,extra=class patdroid.core.PrimitiveInfo?0> at de.ecspride.ListAccess1/onCreate[android.os.Bundle]
Executor - [DEBUG]: Mov const begin <26 MOV,CONST,dst=r4,type=void,extra=class patdroid.core.PrimitiveInfo?0>
DalvikVM - [WARN]: ar 4, (0, void)
Executor - [DEBUG]: data: 0 class patdroid.core.PrimitiveInfo
DalvikVM - [BB]: fu.hao.trust.dvm.Executor$OP_MOV_CONST -> jump set pc to 27
PluginManager - [MSG]: TaintSumBranch Tainted Res: {359874043116909=<16 INVOKE,VIRTUAL,extra=[android.telephony.TelephonyManager/getDeviceId[], [1]]>}
Executor - [MSG]: 

Executor - [MSG]: <27 INVOKE,INTERFACE,extra=[java.util.List/get[int], [3, 4]]> at de.ecspride.ListAccess1/onCreate[android.os.Bundle]
Executor - [MSG]: arg0 obj: [not tainted, 359874043116909, neutral text]
Executor - [DEBUG]: Reflction class: interface java.util.List
Executor - [BB]: Normal args? true
Executor - [BB]: arg1@reg4: 0
Executor - [DEBUG]: Expected para type: int
Executor - [DEBUG]: Real para int, value: 0
Executor - [BB]: Nargs? true
Executor - [DEBUG]: Caller obj: [not tainted, 359874043116909, neutral text], from class: class java.util.LinkedList
DalvikVM - [WARN]: ar -1, (not tainted, java.lang.Object)
Executor - [DEBUG]: Return data: not tainted ,class java.lang.String
Executor - [MSG]: Reflction invocation public abstract java.lang.Object java.util.List.get(int)
DalvikVM - [BB]: Set reflective call: public abstract java.lang.Object java.util.List.get(int)
DalvikVM - [BB]: fu.hao.trust.dvm.Executor -> jump set pc to 28
TaintSumBranch - [BB]: <java.util.List: java.lang.Object get(int)>
TaintSumBranch - [DEBUG]: Not a taint call: <java.util.List: java.lang.Object get(int)>
PluginManager - [MSG]: TaintSumBranch Tainted Res: {359874043116909=<16 INVOKE,VIRTUAL,extra=[android.telephony.TelephonyManager/getDeviceId[], [1]]>}
Executor - [MSG]: 

Executor - [MSG]: <28 MOV,RESULT,dst=r3,type=java.lang.Object> at de.ecspride.ListAccess1/onCreate[android.os.Bundle]
DalvikVM - [WARN]: ar 3 ([not tainted, 359874043116909, neutral text], java.util.List), (not tainted, java.lang.Object)
OP_MOV_RESULT - [BB]: Result data: not tainted
OP_MOV_RESULT - [DEBUG]: Result data: not tainted, type: java.lang.Object, to [reg 3@ListAccess1/onCreate]
DalvikVM - [BB]: fu.hao.trust.dvm.Executor$OP_MOV_RESULT -> jump set pc to 29
PluginManager - [MSG]: TaintSumBranch Tainted Res: {359874043116909=<16 INVOKE,VIRTUAL,extra=[android.telephony.TelephonyManager/getDeviceId[], [1]]>}
Executor - [MSG]: 

Executor - [MSG]: <29 ARITHMETIC,CHECK-AND-CAST,dst=r3,type=java.lang.String> at de.ecspride.ListAccess1/onCreate[android.os.Bundle]
DalvikVM - [BB]: fu.hao.trust.dvm.Executor$OP_ARITHETIC -> jump set pc to 30
PluginManager - [MSG]: TaintSumBranch Tainted Res: {359874043116909=<16 INVOKE,VIRTUAL,extra=[android.telephony.TelephonyManager/getDeviceId[], [1]]>}
Executor - [MSG]: 

Executor - [MSG]: <30 MOV,REG,dst=r4,r0=r2,type=java.lang.Object> at de.ecspride.ListAccess1/onCreate[android.os.Bundle]
DalvikVM - [WARN]: ar 4 (0, void), (0, void)
class fu.hao.trust.dvm.Executor$OP_MOVE_REG - [DEBUG]: mov 0 to 0
DalvikVM - [BB]: fu.hao.trust.dvm.Executor$OP_MOVE_REG -> jump set pc to 31
PluginManager - [MSG]: TaintSumBranch Tainted Res: {359874043116909=<16 INVOKE,VIRTUAL,extra=[android.telephony.TelephonyManager/getDeviceId[], [1]]>}
Executor - [MSG]: 

Executor - [MSG]: <31 MOV,REG,dst=r5,r0=r2,type=java.lang.Object> at de.ecspride.ListAccess1/onCreate[android.os.Bundle]
DalvikVM - [WARN]: ar 5, (0, void)
class fu.hao.trust.dvm.Executor$OP_MOVE_REG - [DEBUG]: mov 0 to 0
DalvikVM - [BB]: fu.hao.trust.dvm.Executor$OP_MOVE_REG -> jump set pc to 32
PluginManager - [MSG]: TaintSumBranch Tainted Res: {359874043116909=<16 INVOKE,VIRTUAL,extra=[android.telephony.TelephonyManager/getDeviceId[], [1]]>}
Executor - [MSG]: 

Executor - [MSG]: <32 INVOKE,VIRTUAL,extra=[android.telephony.SmsManager/sendTextMessage[java.lang.String, java.lang.String, java.lang.String, android.app.PendingIntent, android.app.PendingIntent], [0, 1, 2, 3, 4, 5]]> at de.ecspride.ListAccess1/onCreate[android.os.Bundle]
Executor - [MSG]: arg0 obj: android.telephony.SmsManager@3b58fa97
Executor - [DEBUG]: Reflction class: class android.telephony.SmsManager
Executor - [BB]: Normal args? true
Executor - [BB]: arg1@reg1: +49 1234
Executor - [BB]: arg2@reg2: 0
Executor - [WARN]: Mismatch type! arg 2, real para type: class patdroid.core.PrimitiveInfo, expected para type: class java.lang.String
Executor - [BB]: arg3@reg3: not tainted
DalvikVM - [WARN]: ar 3 (not tainted, java.lang.Object), (not tainted, java.lang.String)
Executor - [BB]: arg4@reg4: 0
Executor - [WARN]: Mismatch type! arg 4, real para type: class patdroid.core.PrimitiveInfo, expected para type: class android.app.PendingIntent
Executor - [BB]: arg5@reg5: 0
Executor - [WARN]: Mismatch type! arg 5, real para type: class patdroid.core.PrimitiveInfo, expected para type: class android.app.PendingIntent
Executor - [BB]: Nargs? true
Executor - [DEBUG]: Caller obj: android.telephony.SmsManager@3b58fa97, from class: class android.telephony.SmsManager
DalvikVM - [WARN]: ar -1, (null, void)
Executor - [MSG]: Reflction invocation public void android.telephony.SmsManager.sendTextMessage(java.lang.String,java.lang.String,java.lang.String,android.app.PendingIntent,android.app.PendingIntent)
DalvikVM - [BB]: Set reflective call: public void android.telephony.SmsManager.sendTextMessage(java.lang.String,java.lang.String,java.lang.String,android.app.PendingIntent,android.app.PendingIntent)
DalvikVM - [BB]: fu.hao.trust.dvm.Executor -> jump set pc to 33
TaintSumBranch - [BB]: <android.telephony.SmsManager: void sendTextMessage(java.lang.String,java.lang.String,java.lang.String,android.app.PendingIntent,android.app.PendingIntent)>
TaintSumBranch - [BB]: Found a sink invocation. <android.telephony.SmsManager: void sendTextMessage(java.lang.String,java.lang.String,java.lang.String,android.app.PendingIntent,android.app.PendingIntent)>
PluginManager - [MSG]: TaintSumBranch Tainted Res: {359874043116909=<16 INVOKE,VIRTUAL,extra=[android.telephony.TelephonyManager/getDeviceId[], [1]]>}
Executor - [MSG]: 

Executor - [MSG]: <33 RETURN,VOID> at de.ecspride.ListAccess1/onCreate[android.os.Bundle]
class fu.hao.trust.dvm.Executor$OP_RETURN_VOID - [DEBUG]: Return void
DalvikVM - [BB]: stack []
DalvikVM - [BB]: Back to the last stack frame.null
DalvikVM - [MSG]: Finish running instrumented methods! Back to null
Executor - [MSG]: RUN BEGIN de.ecspride.ListAccess1/onCreate[android.os.Bundle]
Executor - [MSG]: RUN DONE! The last one is null
DalvikVM - [MSG]: FINISHED!

main - [MSG]: Analysis has run for 3.114558756 seconds

