main - [MSG]: Src Chain: []
main - [DEBUG]: Src Entry event: (de.ecspride.HashMapAccess1, onCreate)
DalvikVM - [MSG]: Begin run onCreate at C:\Users\hao\workspace\DroidBenchProj\HashMapAccess1\app\HashMapAccess1.apk
DalvikVM - [MSG]: RUN Method de.ecspride.HashMapAccess1/onCreate[android.os.Bundle]
Executor - [DEBUG]: Read manifest csv: output/HashMapAccess1.apk\HashMapAccess1.apk_manifest.csv
Executor - [WARN]: output\HashMapAccess1.apk\HashMapAccess1.apk_manifest.csv (The system cannot find the file specified)
DalvikVM - [BB]: New method call: de.ecspride.HashMapAccess1/onCreate[android.os.Bundle]
DalvikVM - [BB]: [0]<0 SPECIAL,ARGUMENT_SET,extra=[7, 8]>
DalvikVM - [BB]: [1]<0 MOV,CONST,dst=r2,type=void,extra=class patdroid.core.PrimitiveInfo?0>
DalvikVM - [BB]: [2]<0 HALT,SUPER,extra=[null, [7, 8]]>
DalvikVM - [BB]: [3]<2 MOV,CONST,dst=r1,type=void,extra=class patdroid.core.PrimitiveInfo?2130903040>
DalvikVM - [BB]: [4]<0 INVOKE,VIRTUAL,extra=[android.app.Activity/setContentView[int], [7, 1]]>
DalvikVM - [BB]: [5]<0 NEW,INSTANCE,dst=r6,type=java.util.HashMap>
DalvikVM - [BB]: [6]<0 INVOKE,DIRECT,extra=[java.util.HashMap/<init>[], [6]]>
DalvikVM - [BB]: [7]<6 MOV,CONST,dst=r3,type=java.lang.String,extra="tainted">
DalvikVM - [BB]: [8]<7 MOV,CONST,dst=r1,type=java.lang.String,extra="phone">
DalvikVM - [BB]: [9]<0 INVOKE,VIRTUAL,extra=[android.content.Context/getSystemService[java.lang.String], [7, 1]]>
DalvikVM - [BB]: [10]<0 MOV,RESULT,dst=r1,type=java.lang.Object>
DalvikVM - [BB]: [11]<0 ARITHMETIC,CHECK-AND-CAST,dst=r1,type=android.telephony.TelephonyManager>
DalvikVM - [BB]: [12]<0 INVOKE,VIRTUAL,extra=[android.telephony.TelephonyManager/getDeviceId[], [1]]>
DalvikVM - [BB]: [13]<0 MOV,RESULT,dst=r1,type=java.lang.Object>
DalvikVM - [BB]: [14]<0 INVOKE,INTERFACE,extra=[java.util.Map/put[java.lang.Object, java.lang.Object], [6, 3, 1]]>
DalvikVM - [BB]: [15]<14 MOV,CONST,dst=r1,type=java.lang.String,extra="untainted">
DalvikVM - [BB]: [16]<15 MOV,CONST,dst=r3,type=java.lang.String,extra="Hello World">
DalvikVM - [BB]: [17]<0 INVOKE,INTERFACE,extra=[java.util.Map/put[java.lang.Object, java.lang.Object], [6, 1, 3]]>
DalvikVM - [BB]: [18]<0 INVOKE,STATIC,extra=[android.telephony.SmsManager/getDefault[], []]>
DalvikVM - [BB]: [19]<0 MOV,RESULT,dst=r0,type=java.lang.Object>
DalvikVM - [BB]: [20]<19 MOV,CONST,dst=r1,type=java.lang.String,extra="+49 1234">
DalvikVM - [BB]: [21]<20 MOV,CONST,dst=r3,type=java.lang.String,extra="untainted">
DalvikVM - [BB]: [22]<0 INVOKE,INTERFACE,extra=[java.util.Map/get[java.lang.Object], [6, 3]]>
DalvikVM - [BB]: [23]<0 MOV,RESULT,dst=r3,type=java.lang.Object>
DalvikVM - [BB]: [24]<0 ARITHMETIC,CHECK-AND-CAST,dst=r3,type=java.lang.String>
DalvikVM - [BB]: [25]<0 MOV,REG,dst=r4,r0=r2,type=java.lang.Object>
DalvikVM - [BB]: [26]<0 MOV,REG,dst=r5,r0=r2,type=java.lang.Object>
DalvikVM - [BB]: [27]<0 INVOKE,VIRTUAL,extra=[android.telephony.SmsManager/sendTextMessage[java.lang.String, java.lang.String, java.lang.String, android.app.PendingIntent, android.app.PendingIntent], [0, 1, 2, 3, 4, 5]]>
DalvikVM - [BB]: [28]<0 RETURN,VOID>
newStackFrame - [BB]: New Stack Frame: StackFrame de.ecspride.HashMapAccess1/onCreate[android.os.Bundle]
newStackFrame - [BB]: Add frame StackFrame de.ecspride.HashMapAccess1/onCreate[android.os.Bundle]
newStackFrame - [BB]: Stack: [StackFrame de.ecspride.HashMapAccess1/onCreate[android.os.Bundle]]
Executor - [MSG]: New chain obj with type de.ecspride.HashMapAccess1
Activity - [BB]: New instance of de.ecspride.HashMapAccess1
Caller@4: <init>@fu.hao.trust.dvm.DVMObject - [BB]: getClass de.ecspride.HashMapAccess1 at fu.hao.trust.dvm.VMHeap@dc35b98
Caller: getClass@fu.hao.trust.dvm.VMHeap - [BB]: new class representation for de.ecspride.HashMapAccess1 at fu.hao.trust.dvm.VMHeap@dc35b98
Caller@4: <init>@fu.hao.trust.dvm.DVMClass - [BB]: getClass android.app.Activity at fu.hao.trust.dvm.VMHeap@dc35b98
Caller: getClass@fu.hao.trust.dvm.VMHeap - [BB]: new class representation for android.app.Activity at fu.hao.trust.dvm.VMHeap@dc35b98
Caller@4: <init>@fu.hao.trust.dvm.DVMClass - [BB]: getClass android.content.ContextWrapper at fu.hao.trust.dvm.VMHeap@dc35b98
Caller: getClass@fu.hao.trust.dvm.VMHeap - [BB]: new class representation for android.content.ContextWrapper at fu.hao.trust.dvm.VMHeap@dc35b98
Caller@4: <init>@fu.hao.trust.dvm.DVMClass - [BB]: getClass android.content.Context at fu.hao.trust.dvm.VMHeap@dc35b98
Caller: getClass@fu.hao.trust.dvm.VMHeap - [BB]: new class representation for android.content.Context at fu.hao.trust.dvm.VMHeap@dc35b98
Caller@4: <init>@fu.hao.trust.dvm.DVMClass - [BB]: getClass fu.hao.trust.dvm.DVMObject at fu.hao.trust.dvm.VMHeap@dc35b98
Caller: getClass@fu.hao.trust.dvm.VMHeap - [BB]: new class representation for fu.hao.trust.dvm.DVMObject at fu.hao.trust.dvm.VMHeap@dc35b98
Caller: <init>@fu.hao.trust.dvm.DVMClass - [BB]: Get DVMClass for type fu.hao.trust.dvm.DVMObject
Caller@4: <init>@fu.hao.trust.dvm.DVMClass - [BB]: getClass fu.hao.trust.dvm.DVMObject at fu.hao.trust.dvm.VMHeap@dc35b98
Caller: <init>@fu.hao.trust.dvm.DVMClass - [BB]: Get DVMClass for type android.content.Context
Caller@4: <init>@fu.hao.trust.dvm.DVMClass - [BB]: getClass android.content.Context at fu.hao.trust.dvm.VMHeap@dc35b98
Caller: <init>@fu.hao.trust.dvm.DVMClass - [BB]: Get DVMClass for type android.content.ContextWrapper
Caller@4: <init>@fu.hao.trust.dvm.DVMClass - [BB]: getClass android.content.ContextWrapper at fu.hao.trust.dvm.VMHeap@dc35b98
Caller: <init>@fu.hao.trust.dvm.DVMClass - [BB]: Get DVMClass for type android.app.Activity
Caller@4: <init>@fu.hao.trust.dvm.DVMClass - [BB]: getClass android.app.Activity at fu.hao.trust.dvm.VMHeap@dc35b98
Caller: <init>@fu.hao.trust.dvm.DVMObject - [BB]: Get DVMClass for type de.ecspride.HashMapAccess1
Caller@4: <init>@fu.hao.trust.dvm.DVMObject - [BB]: getClass de.ecspride.HashMapAccess1 at fu.hao.trust.dvm.VMHeap@dc35b98
Activity - [MSG]: Not empty constructor
DalvikVM - [BB]: New method call: de.ecspride.HashMapAccess1/<init>[]
DalvikVM - [BB]: [0]<0 SPECIAL,ARGUMENT_SET,extra=[0]>
DalvikVM - [BB]: [1]<0 INVOKE,DIRECT,extra=[java.lang.Object/<init>[], [0]]>
DalvikVM - [BB]: [2]<0 RETURN,VOID>
DalvikVM - [WARN]: ar -2, (Activity:instance number 1@de.ecspride.HashMapAccess1, de.ecspride.HashMapAccess1)
newStackFrame - [BB]: New Stack Frame: StackFrame de.ecspride.HashMapAccess1/<init>[], pc -1 stored. 
newStackFrame - [BB]: Stack: [StackFrame de.ecspride.HashMapAccess1/onCreate[android.os.Bundle]]
DalvikVM - [MSG]: Begin run instrumented methods!
DalvikVM - [BB]: Add frames [StackFrame de.ecspride.HashMapAccess1/<init>[]]
DalvikVM - [BB]: fu.hao.trust.dvm.DalvikVM -> runInstrumentedMethods set pc to 0
Executor - [MSG]: 

Executor - [MSG]: <0 SPECIAL,ARGUMENT_SET,extra=[0]> at de.ecspride.HashMapAccess1/<init>[]
DalvikVM - [WARN]: ar 0, (Activity:instance number 1@de.ecspride.HashMapAccess1, de.ecspride.HashMapAccess1)
Executor - [DEBUG]: params: Activity:instance number 1@de.ecspride.HashMapAccess1
DalvikVM - [BB]: fu.hao.trust.dvm.Executor$OP_SP_ARGUMENTS -> jump set pc to 1
PluginManager - [MSG]: TaintSumBranch Tainted Res: {}
Executor - [MSG]: 

Executor - [MSG]: <1 INVOKE,DIRECT,extra=[java.lang.Object/<init>[], [0]]> at de.ecspride.HashMapAccess1/<init>[]
Executor - [MSG]: arg0 obj: Activity:instance number 1@de.ecspride.HashMapAccess1
Executor - [MSG]: Replace the clazz.
Executor - [BB]: java.lang.Object/<init>[] is a constructor!
Executor - [WARN]: Reflection error: de.ecspride.HashMapAccess1
DalvikVM - [BB]: fu.hao.trust.dvm.Executor -> jump set pc to 2
TaintSumBranch - [BB]: <java.lang.Object: void <init>()>
TaintSumBranch - [DEBUG]: Not a taint call: <java.lang.Object: void <init>()>
PluginManager - [MSG]: TaintSumBranch Tainted Res: {}
Executor - [MSG]: 

Executor - [MSG]: <2 RETURN,VOID> at de.ecspride.HashMapAccess1/<init>[]
class fu.hao.trust.dvm.Executor$OP_RETURN_VOID - [DEBUG]: Return void
DalvikVM - [BB]: stack [StackFrame de.ecspride.HashMapAccess1/onCreate[android.os.Bundle]]
DalvikVM - [BB]: Back to the last stack frame.StackFrame de.ecspride.HashMapAccess1/onCreate[android.os.Bundle]
DalvikVM - [MSG]: Finish running instrumented methods! Back to StackFrame de.ecspride.HashMapAccess1/onCreate[android.os.Bundle]
Activity - [MSG]: New Activity Created with type de.ecspride.HashMapAccess1
DalvikVM - [BB]: New method call: de.ecspride.HashMapAccess1/onCreate[android.os.Bundle]
DalvikVM - [BB]: [0]<0 SPECIAL,ARGUMENT_SET,extra=[7, 8]>
DalvikVM - [BB]: [1]<0 MOV,CONST,dst=r2,type=void,extra=class patdroid.core.PrimitiveInfo?0>
DalvikVM - [BB]: [2]<0 HALT,SUPER,extra=[null, [7, 8]]>
DalvikVM - [BB]: [3]<2 MOV,CONST,dst=r1,type=void,extra=class patdroid.core.PrimitiveInfo?2130903040>
DalvikVM - [BB]: [4]<0 INVOKE,VIRTUAL,extra=[android.app.Activity/setContentView[int], [7, 1]]>
DalvikVM - [BB]: [5]<0 NEW,INSTANCE,dst=r6,type=java.util.HashMap>
DalvikVM - [BB]: [6]<0 INVOKE,DIRECT,extra=[java.util.HashMap/<init>[], [6]]>
DalvikVM - [BB]: [7]<6 MOV,CONST,dst=r3,type=java.lang.String,extra="tainted">
DalvikVM - [BB]: [8]<7 MOV,CONST,dst=r1,type=java.lang.String,extra="phone">
DalvikVM - [BB]: [9]<0 INVOKE,VIRTUAL,extra=[android.content.Context/getSystemService[java.lang.String], [7, 1]]>
DalvikVM - [BB]: [10]<0 MOV,RESULT,dst=r1,type=java.lang.Object>
DalvikVM - [BB]: [11]<0 ARITHMETIC,CHECK-AND-CAST,dst=r1,type=android.telephony.TelephonyManager>
DalvikVM - [BB]: [12]<0 INVOKE,VIRTUAL,extra=[android.telephony.TelephonyManager/getDeviceId[], [1]]>
DalvikVM - [BB]: [13]<0 MOV,RESULT,dst=r1,type=java.lang.Object>
DalvikVM - [BB]: [14]<0 INVOKE,INTERFACE,extra=[java.util.Map/put[java.lang.Object, java.lang.Object], [6, 3, 1]]>
DalvikVM - [BB]: [15]<14 MOV,CONST,dst=r1,type=java.lang.String,extra="untainted">
DalvikVM - [BB]: [16]<15 MOV,CONST,dst=r3,type=java.lang.String,extra="Hello World">
DalvikVM - [BB]: [17]<0 INVOKE,INTERFACE,extra=[java.util.Map/put[java.lang.Object, java.lang.Object], [6, 1, 3]]>
DalvikVM - [BB]: [18]<0 INVOKE,STATIC,extra=[android.telephony.SmsManager/getDefault[], []]>
DalvikVM - [BB]: [19]<0 MOV,RESULT,dst=r0,type=java.lang.Object>
DalvikVM - [BB]: [20]<19 MOV,CONST,dst=r1,type=java.lang.String,extra="+49 1234">
DalvikVM - [BB]: [21]<20 MOV,CONST,dst=r3,type=java.lang.String,extra="untainted">
DalvikVM - [BB]: [22]<0 INVOKE,INTERFACE,extra=[java.util.Map/get[java.lang.Object], [6, 3]]>
DalvikVM - [BB]: [23]<0 MOV,RESULT,dst=r3,type=java.lang.Object>
DalvikVM - [BB]: [24]<0 ARITHMETIC,CHECK-AND-CAST,dst=r3,type=java.lang.String>
DalvikVM - [BB]: [25]<0 MOV,REG,dst=r4,r0=r2,type=java.lang.Object>
DalvikVM - [BB]: [26]<0 MOV,REG,dst=r5,r0=r2,type=java.lang.Object>
DalvikVM - [BB]: [27]<0 INVOKE,VIRTUAL,extra=[android.telephony.SmsManager/sendTextMessage[java.lang.String, java.lang.String, java.lang.String, android.app.PendingIntent, android.app.PendingIntent], [0, 1, 2, 3, 4, 5]]>
DalvikVM - [BB]: [28]<0 RETURN,VOID>
DalvikVM - [WARN]: ar -2, (Activity:instance number 1@de.ecspride.HashMapAccess1, de.ecspride.HashMapAccess1)
DalvikVM - [WARN]: ar -2, (null, android.os.Bundle)
newStackFrame - [BB]: New Stack Frame: StackFrame de.ecspride.HashMapAccess1/onCreate[android.os.Bundle]
newStackFrame - [BB]: Stack: []
Activity - [BB]: Intent null
DalvikVM - [MSG]: Begin run instrumented methods!
DalvikVM - [BB]: Add frames [StackFrame de.ecspride.HashMapAccess1/onCreate[android.os.Bundle]]
DalvikVM - [BB]: fu.hao.trust.dvm.DalvikVM -> runInstrumentedMethods set pc to 0
Executor - [MSG]: 

Executor - [MSG]: <0 SPECIAL,ARGUMENT_SET,extra=[7, 8]> at de.ecspride.HashMapAccess1/onCreate[android.os.Bundle]
DalvikVM - [WARN]: ar 7, (Activity:instance number 1@de.ecspride.HashMapAccess1, de.ecspride.HashMapAccess1)
Executor - [DEBUG]: params: Activity:instance number 1@de.ecspride.HashMapAccess1
DalvikVM - [WARN]: ar 8, (null, android.os.Bundle)
Executor - [DEBUG]: params: null
DalvikVM - [BB]: fu.hao.trust.dvm.Executor$OP_SP_ARGUMENTS -> jump set pc to 1
PluginManager - [MSG]: TaintSumBranch Tainted Res: {}
Executor - [MSG]: 

Executor - [MSG]: <1 MOV,CONST,dst=r2,type=void,extra=class patdroid.core.PrimitiveInfo?0> at de.ecspride.HashMapAccess1/onCreate[android.os.Bundle]
Executor - [DEBUG]: Mov const begin <1 MOV,CONST,dst=r2,type=void,extra=class patdroid.core.PrimitiveInfo?0>
DalvikVM - [WARN]: ar 2, (0, void)
Executor - [DEBUG]: data: 0 class patdroid.core.PrimitiveInfo
DalvikVM - [BB]: fu.hao.trust.dvm.Executor$OP_MOV_CONST -> jump set pc to 2
PluginManager - [MSG]: TaintSumBranch Tainted Res: {}
Executor - [MSG]: 

Executor - [MSG]: <2 HALT,SUPER,extra=[null, [7, 8]]> at de.ecspride.HashMapAccess1/onCreate[android.os.Bundle]
DalvikVM - [BB]: fu.hao.trust.dvm.Executor$OP_HALT -> jump set pc to 3
Executor - [MSG]: Cannot resolve the invocation
TaintSumBranch - [BB]: Not a taint op <2 HALT,SUPER,extra=[null, [7, 8]]>
PluginManager - [MSG]: TaintSumBranch Tainted Res: {}
Executor - [MSG]: 

Executor - [MSG]: <3 MOV,CONST,dst=r1,type=void,extra=class patdroid.core.PrimitiveInfo?2130903040> at de.ecspride.HashMapAccess1/onCreate[android.os.Bundle]
Executor - [DEBUG]: Mov const begin <3 MOV,CONST,dst=r1,type=void,extra=class patdroid.core.PrimitiveInfo?2130903040>
DalvikVM - [WARN]: ar 1, (2130903040, void)
Executor - [DEBUG]: data: 2130903040 class patdroid.core.PrimitiveInfo
DalvikVM - [BB]: fu.hao.trust.dvm.Executor$OP_MOV_CONST -> jump set pc to 4
PluginManager - [MSG]: TaintSumBranch Tainted Res: {}
Executor - [MSG]: 

Executor - [MSG]: <4 INVOKE,VIRTUAL,extra=[android.app.Activity/setContentView[int], [7, 1]]> at de.ecspride.HashMapAccess1/onCreate[android.os.Bundle]
Executor - [MSG]: arg0 obj: Activity:instance number 1@de.ecspride.HashMapAccess1
Executor - [DEBUG]: Reflction class: class android.app.Activity
Executor - [BB]: Normal args? true
Executor - [BB]: arg1@reg1: 2130903040
Executor - [DEBUG]: Expected para type: int
Executor - [DEBUG]: Real para int, value: 2130903040
Executor - [BB]: Nargs? true
Executor - [DEBUG]: Caller obj: Activity:instance number 1@de.ecspride.HashMapAccess1, from class: class android.app.Activity
DalvikVM - [WARN]: ar -1, (null, void)
Executor - [MSG]: Reflction invocation public void android.app.Activity.setContentView(int)
DalvikVM - [BB]: Set reflective call: public void android.app.Activity.setContentView(int)
DalvikVM - [BB]: fu.hao.trust.dvm.Executor -> jump set pc to 5
TaintSumBranch - [BB]: <android.app.Activity: void setContentView(int)>
TaintSumBranch - [DEBUG]: Not a taint call: <android.app.Activity: void setContentView(int)>
PluginManager - [MSG]: TaintSumBranch Tainted Res: {}
Executor - [MSG]: 

Executor - [MSG]: <5 NEW,INSTANCE,dst=r6,type=java.util.HashMap> at de.ecspride.HashMapAccess1/onCreate[android.os.Bundle]
OP_NEW_INSTANCE - [DEBUG]: [reg 6@HashMapAccess1/onCreate]
DalvikVM - [WARN]: ar 6, (null, java.util.HashMap)
OP_NEW_INSTANCE - [BB]: Reflecable instance.
DalvikVM - [BB]: fu.hao.trust.dvm.Executor$OP_NEW_INSTANCE -> jump set pc to 6
TaintSumBranch - [BB]: Rdst [reg 6@HashMapAccess1/onCreate]
PluginManager - [MSG]: TaintSumBranch Tainted Res: {}
Executor - [MSG]: 

Executor - [MSG]: <6 INVOKE,DIRECT,extra=[java.util.HashMap/<init>[], [6]]> at de.ecspride.HashMapAccess1/onCreate[android.os.Bundle]
Executor - [MSG]: arg0 obj: null
Executor - [BB]: java.util.HashMap/<init>[] is a constructor!
DalvikVM - [WARN]: ar 6 (null, java.util.HashMap), ({}, void)
Executor - [DEBUG]: Reflected init instance: {}, class java.util.HashMap
DalvikVM - [BB]: fu.hao.trust.dvm.Executor -> jump set pc to 7
TaintSumBranch - [BB]: <java.util.HashMap: void <init>()>
TaintSumBranch - [DEBUG]: Not a taint call: <java.util.HashMap: void <init>()>
PluginManager - [MSG]: TaintSumBranch Tainted Res: {}
Executor - [MSG]: 

Executor - [MSG]: <7 MOV,CONST,dst=r3,type=java.lang.String,extra="tainted"> at de.ecspride.HashMapAccess1/onCreate[android.os.Bundle]
Executor - [DEBUG]: Mov const begin <7 MOV,CONST,dst=r3,type=java.lang.String,extra="tainted">
DalvikVM - [WARN]: ar 3, (tainted, java.lang.String)
Executor - [DEBUG]: data: tainted class java.lang.String
DalvikVM - [BB]: fu.hao.trust.dvm.Executor$OP_MOV_CONST -> jump set pc to 8
PluginManager - [MSG]: TaintSumBranch Tainted Res: {}
Executor - [MSG]: 

Executor - [MSG]: <8 MOV,CONST,dst=r1,type=java.lang.String,extra="phone"> at de.ecspride.HashMapAccess1/onCreate[android.os.Bundle]
Executor - [DEBUG]: Mov const begin <8 MOV,CONST,dst=r1,type=java.lang.String,extra="phone">
DalvikVM - [WARN]: ar 1 (2130903040, void), (phone, java.lang.String)
Executor - [DEBUG]: data: phone class java.lang.String
DalvikVM - [BB]: fu.hao.trust.dvm.Executor$OP_MOV_CONST -> jump set pc to 9
PluginManager - [MSG]: TaintSumBranch Tainted Res: {}
Executor - [MSG]: 

Executor - [MSG]: <9 INVOKE,VIRTUAL,extra=[android.content.Context/getSystemService[java.lang.String], [7, 1]]> at de.ecspride.HashMapAccess1/onCreate[android.os.Bundle]
Executor - [MSG]: arg0 obj: Activity:instance number 1@de.ecspride.HashMapAccess1
Executor - [DEBUG]: Reflction class: class android.content.Context
Executor - [BB]: Normal args? true
Executor - [BB]: arg1@reg1: phone
Executor - [BB]: Nargs? true
Executor - [DEBUG]: Caller obj: Activity:instance number 1@de.ecspride.HashMapAccess1, from class: class android.app.Activity
DalvikVM - [WARN]: ar -1, (android.telephony.TelephonyManager@72b05e0f, java.lang.Object)
Executor - [DEBUG]: Return data: android.telephony.TelephonyManager@72b05e0f ,class android.telephony.TelephonyManager
Executor - [MSG]: Reflction invocation public java.lang.Object android.content.Context.getSystemService(java.lang.String)
DalvikVM - [BB]: Set reflective call: public java.lang.Object android.content.Context.getSystemService(java.lang.String)
DalvikVM - [BB]: fu.hao.trust.dvm.Executor -> jump set pc to 10
TaintSumBranch - [BB]: <android.content.Context: java.lang.Object getSystemService(java.lang.String)>
TaintSumBranch - [DEBUG]: Not a taint call: <android.content.Context: java.lang.Object getSystemService(java.lang.String)>
PluginManager - [MSG]: TaintSumBranch Tainted Res: {}
Executor - [MSG]: 

Executor - [MSG]: <10 MOV,RESULT,dst=r1,type=java.lang.Object> at de.ecspride.HashMapAccess1/onCreate[android.os.Bundle]
DalvikVM - [WARN]: ar 1 (phone, java.lang.String), (android.telephony.TelephonyManager@72b05e0f, java.lang.Object)
OP_MOV_RESULT - [BB]: Result data: android.telephony.TelephonyManager@72b05e0f
OP_MOV_RESULT - [DEBUG]: Result data: android.telephony.TelephonyManager@72b05e0f, type: java.lang.Object, to [reg 1@HashMapAccess1/onCreate]
DalvikVM - [BB]: fu.hao.trust.dvm.Executor$OP_MOV_RESULT -> jump set pc to 11
PluginManager - [MSG]: TaintSumBranch Tainted Res: {}
Executor - [MSG]: 

Executor - [MSG]: <11 ARITHMETIC,CHECK-AND-CAST,dst=r1,type=android.telephony.TelephonyManager> at de.ecspride.HashMapAccess1/onCreate[android.os.Bundle]
DalvikVM - [BB]: fu.hao.trust.dvm.Executor$OP_ARITHETIC -> jump set pc to 12
PluginManager - [MSG]: TaintSumBranch Tainted Res: {}
Executor - [MSG]: 

Executor - [MSG]: <12 INVOKE,VIRTUAL,extra=[android.telephony.TelephonyManager/getDeviceId[], [1]]> at de.ecspride.HashMapAccess1/onCreate[android.os.Bundle]
Executor - [MSG]: arg0 obj: android.telephony.TelephonyManager@72b05e0f
Executor - [DEBUG]: Reflction class: class android.telephony.TelephonyManager
DalvikVM - [WARN]: ar -1, (359874043116909, java.lang.String)
Executor - [DEBUG]: Return data: 359874043116909 ,class java.lang.String
Executor - [MSG]: Reflction invocation public java.lang.String android.telephony.TelephonyManager.getDeviceId()
DalvikVM - [BB]: Set reflective call: public java.lang.String android.telephony.TelephonyManager.getDeviceId()
DalvikVM - [BB]: fu.hao.trust.dvm.Executor -> jump set pc to 13
TaintSumBranch - [BB]: <android.telephony.TelephonyManager: java.lang.String getDeviceId()>
TaintSumBranch - [WARN]: Found a tainted return value!
PluginManager - [MSG]: TaintSumBranch Tainted Res: {[Global RetReg]=<12 INVOKE,VIRTUAL,extra=[android.telephony.TelephonyManager/getDeviceId[], [1]]>, 359874043116909=<12 INVOKE,VIRTUAL,extra=[android.telephony.TelephonyManager/getDeviceId[], [1]]>}
Executor - [MSG]: 

Executor - [MSG]: <13 MOV,RESULT,dst=r1,type=java.lang.Object> at de.ecspride.HashMapAccess1/onCreate[android.os.Bundle]
DalvikVM - [WARN]: ar 1 (android.telephony.TelephonyManager@72b05e0f, java.lang.Object), (359874043116909, java.lang.String)
OP_MOV_RESULT - [BB]: Result data: 359874043116909
OP_MOV_RESULT - [DEBUG]: Result data: 359874043116909, type: java.lang.String, to [reg 1@HashMapAccess1/onCreate]
DalvikVM - [BB]: fu.hao.trust.dvm.Executor$OP_MOV_RESULT -> jump set pc to 14
TaintSumBranch - [BB]: <12 INVOKE,VIRTUAL,extra=[android.telephony.TelephonyManager/getDeviceId[], [1]]>
TaintSumBranch - [BB]: Add reg 1 due to ret reg.
PluginManager - [MSG]: TaintSumBranch Tainted Res: {359874043116909=<12 INVOKE,VIRTUAL,extra=[android.telephony.TelephonyManager/getDeviceId[], [1]]>, [reg 1@HashMapAccess1/onCreate]=<12 INVOKE,VIRTUAL,extra=[android.telephony.TelephonyManager/getDeviceId[], [1]]>}
Executor - [MSG]: 

Executor - [MSG]: <14 INVOKE,INTERFACE,extra=[java.util.Map/put[java.lang.Object, java.lang.Object], [6, 3, 1]]> at de.ecspride.HashMapAccess1/onCreate[android.os.Bundle]
Executor - [MSG]: arg0 obj: {}
Executor - [DEBUG]: Reflction class: interface java.util.Map
Executor - [BB]: Normal args? true
Executor - [BB]: arg1@reg3: tainted
Executor - [BB]: arg2@reg1: 359874043116909
Executor - [BB]: Nargs? true
Executor - [DEBUG]: Caller obj: {}, from class: class java.util.HashMap
DalvikVM - [WARN]: ar -1, (null, java.lang.Object)
Executor - [MSG]: Reflction invocation public abstract java.lang.Object java.util.Map.put(java.lang.Object,java.lang.Object)
DalvikVM - [BB]: Set reflective call: public abstract java.lang.Object java.util.Map.put(java.lang.Object,java.lang.Object)
DalvikVM - [BB]: fu.hao.trust.dvm.Executor -> jump set pc to 15
TaintSumBranch - [BB]: <java.util.Map: java.lang.Object put(java.lang.Object,java.lang.Object)>
TaintSumBranch - [WARN]: Found a tainted return val!
Results - [MSG]: New recorded tainted field: put
TaintSumBranch - [DEBUG]: Not a taint call: <java.util.Map: java.lang.Object put(java.lang.Object,java.lang.Object)>
TaintSumBranch - [WARN]: Found a tainted return val!
PluginManager - [MSG]: TaintSumBranch Tainted Res: {[Global RetReg]=<12 INVOKE,VIRTUAL,extra=[android.telephony.TelephonyManager/getDeviceId[], [1]]>, 359874043116909=<12 INVOKE,VIRTUAL,extra=[android.telephony.TelephonyManager/getDeviceId[], [1]]>, [reg 1@HashMapAccess1/onCreate]=<12 INVOKE,VIRTUAL,extra=[android.telephony.TelephonyManager/getDeviceId[], [1]]>}
Executor - [MSG]: 

Executor - [MSG]: <15 MOV,CONST,dst=r1,type=java.lang.String,extra="untainted"> at de.ecspride.HashMapAccess1/onCreate[android.os.Bundle]
Executor - [DEBUG]: Mov const begin <15 MOV,CONST,dst=r1,type=java.lang.String,extra="untainted">
DalvikVM - [WARN]: ar 1 (359874043116909, java.lang.String), (untainted, java.lang.String)
Executor - [DEBUG]: data: untainted class java.lang.String
DalvikVM - [BB]: fu.hao.trust.dvm.Executor$OP_MOV_CONST -> jump set pc to 16
PluginManager - [MSG]: TaintSumBranch Tainted Res: {[Global RetReg]=<12 INVOKE,VIRTUAL,extra=[android.telephony.TelephonyManager/getDeviceId[], [1]]>, 359874043116909=<12 INVOKE,VIRTUAL,extra=[android.telephony.TelephonyManager/getDeviceId[], [1]]>}
Executor - [MSG]: 

Executor - [MSG]: <16 MOV,CONST,dst=r3,type=java.lang.String,extra="Hello World"> at de.ecspride.HashMapAccess1/onCreate[android.os.Bundle]
Executor - [DEBUG]: Mov const begin <16 MOV,CONST,dst=r3,type=java.lang.String,extra="Hello World">
DalvikVM - [WARN]: ar 3 (tainted, java.lang.String), (Hello World, java.lang.String)
Executor - [DEBUG]: data: Hello World class java.lang.String
DalvikVM - [BB]: fu.hao.trust.dvm.Executor$OP_MOV_CONST -> jump set pc to 17
PluginManager - [MSG]: TaintSumBranch Tainted Res: {[Global RetReg]=<12 INVOKE,VIRTUAL,extra=[android.telephony.TelephonyManager/getDeviceId[], [1]]>, 359874043116909=<12 INVOKE,VIRTUAL,extra=[android.telephony.TelephonyManager/getDeviceId[], [1]]>}
Executor - [MSG]: 

Executor - [MSG]: <17 INVOKE,INTERFACE,extra=[java.util.Map/put[java.lang.Object, java.lang.Object], [6, 1, 3]]> at de.ecspride.HashMapAccess1/onCreate[android.os.Bundle]
Executor - [MSG]: arg0 obj: {tainted=359874043116909}
Executor - [DEBUG]: Reflction class: interface java.util.Map
Executor - [BB]: Normal args? true
Executor - [BB]: arg1@reg1: untainted
Executor - [BB]: arg2@reg3: Hello World
Executor - [BB]: Nargs? true
Executor - [DEBUG]: Caller obj: {tainted=359874043116909}, from class: class java.util.HashMap
DalvikVM - [WARN]: ar -1, (null, java.lang.Object)
Executor - [MSG]: Reflction invocation public abstract java.lang.Object java.util.Map.put(java.lang.Object,java.lang.Object)
DalvikVM - [BB]: Set reflective call: public abstract java.lang.Object java.util.Map.put(java.lang.Object,java.lang.Object)
DalvikVM - [BB]: fu.hao.trust.dvm.Executor -> jump set pc to 18
TaintSumBranch - [BB]: <java.util.Map: java.lang.Object put(java.lang.Object,java.lang.Object)>
TaintSumBranch - [DEBUG]: Not a taint call: <java.util.Map: java.lang.Object put(java.lang.Object,java.lang.Object)>
PluginManager - [MSG]: TaintSumBranch Tainted Res: {359874043116909=<12 INVOKE,VIRTUAL,extra=[android.telephony.TelephonyManager/getDeviceId[], [1]]>}
Executor - [MSG]: 

Executor - [MSG]: <18 INVOKE,STATIC,extra=[android.telephony.SmsManager/getDefault[], []]> at de.ecspride.HashMapAccess1/onCreate[android.os.Bundle]
Executor - [DEBUG]: Reflction class android.telephony.SmsManager
DalvikVM - [WARN]: ar -1, (android.telephony.SmsManager@4eabedf1, android.telephony.SmsManager)
Executor - [MSG]: reflction invocation public static android.telephony.SmsManager android.telephony.SmsManager.getDefault()
DalvikVM - [BB]: Set reflective call: public static android.telephony.SmsManager android.telephony.SmsManager.getDefault()
DalvikVM - [BB]: fu.hao.trust.dvm.Executor$OP_INVOKE_STATIC -> jump set pc to 19
TaintSumBranch - [BB]: <android.telephony.SmsManager: android.telephony.SmsManager getDefault()>
TaintSumBranch - [DEBUG]: Not a taint call: <android.telephony.SmsManager: android.telephony.SmsManager getDefault()>
PluginManager - [MSG]: TaintSumBranch Tainted Res: {359874043116909=<12 INVOKE,VIRTUAL,extra=[android.telephony.TelephonyManager/getDeviceId[], [1]]>}
Executor - [MSG]: 

Executor - [MSG]: <19 MOV,RESULT,dst=r0,type=java.lang.Object> at de.ecspride.HashMapAccess1/onCreate[android.os.Bundle]
DalvikVM - [WARN]: ar 0, (android.telephony.SmsManager@4eabedf1, android.telephony.SmsManager)
OP_MOV_RESULT - [BB]: Result data: android.telephony.SmsManager@4eabedf1
OP_MOV_RESULT - [DEBUG]: Result data: android.telephony.SmsManager@4eabedf1, type: android.telephony.SmsManager, to [reg 0@HashMapAccess1/onCreate]
DalvikVM - [BB]: fu.hao.trust.dvm.Executor$OP_MOV_RESULT -> jump set pc to 20
PluginManager - [MSG]: TaintSumBranch Tainted Res: {359874043116909=<12 INVOKE,VIRTUAL,extra=[android.telephony.TelephonyManager/getDeviceId[], [1]]>}
Executor - [MSG]: 

Executor - [MSG]: <20 MOV,CONST,dst=r1,type=java.lang.String,extra="+49 1234"> at de.ecspride.HashMapAccess1/onCreate[android.os.Bundle]
Executor - [DEBUG]: Mov const begin <20 MOV,CONST,dst=r1,type=java.lang.String,extra="+49 1234">
DalvikVM - [WARN]: ar 1 (untainted, java.lang.String), (+49 1234, java.lang.String)
Executor - [DEBUG]: data: +49 1234 class java.lang.String
DalvikVM - [BB]: fu.hao.trust.dvm.Executor$OP_MOV_CONST -> jump set pc to 21
PluginManager - [MSG]: TaintSumBranch Tainted Res: {359874043116909=<12 INVOKE,VIRTUAL,extra=[android.telephony.TelephonyManager/getDeviceId[], [1]]>}
Executor - [MSG]: 

Executor - [MSG]: <21 MOV,CONST,dst=r3,type=java.lang.String,extra="untainted"> at de.ecspride.HashMapAccess1/onCreate[android.os.Bundle]
Executor - [DEBUG]: Mov const begin <21 MOV,CONST,dst=r3,type=java.lang.String,extra="untainted">
DalvikVM - [WARN]: ar 3 (Hello World, java.lang.String), (untainted, java.lang.String)
Executor - [DEBUG]: data: untainted class java.lang.String
DalvikVM - [BB]: fu.hao.trust.dvm.Executor$OP_MOV_CONST -> jump set pc to 22
PluginManager - [MSG]: TaintSumBranch Tainted Res: {359874043116909=<12 INVOKE,VIRTUAL,extra=[android.telephony.TelephonyManager/getDeviceId[], [1]]>}
Executor - [MSG]: 

Executor - [MSG]: <22 INVOKE,INTERFACE,extra=[java.util.Map/get[java.lang.Object], [6, 3]]> at de.ecspride.HashMapAccess1/onCreate[android.os.Bundle]
Executor - [MSG]: arg0 obj: {untainted=Hello World, tainted=359874043116909}
Executor - [DEBUG]: Reflction class: interface java.util.Map
Executor - [BB]: Normal args? true
Executor - [BB]: arg1@reg3: untainted
Executor - [BB]: Nargs? true
Executor - [DEBUG]: Caller obj: {untainted=Hello World, tainted=359874043116909}, from class: class java.util.HashMap
DalvikVM - [WARN]: ar -1, (Hello World, java.lang.Object)
Executor - [DEBUG]: Return data: Hello World ,class java.lang.String
Executor - [MSG]: Reflction invocation public abstract java.lang.Object java.util.Map.get(java.lang.Object)
DalvikVM - [BB]: Set reflective call: public abstract java.lang.Object java.util.Map.get(java.lang.Object)
DalvikVM - [BB]: fu.hao.trust.dvm.Executor -> jump set pc to 23
TaintSumBranch - [BB]: <java.util.Map: java.lang.Object get(java.lang.Object)>
TaintSumBranch - [DEBUG]: Not a taint call: <java.util.Map: java.lang.Object get(java.lang.Object)>
PluginManager - [MSG]: TaintSumBranch Tainted Res: {359874043116909=<12 INVOKE,VIRTUAL,extra=[android.telephony.TelephonyManager/getDeviceId[], [1]]>}
Executor - [MSG]: 

Executor - [MSG]: <23 MOV,RESULT,dst=r3,type=java.lang.Object> at de.ecspride.HashMapAccess1/onCreate[android.os.Bundle]
DalvikVM - [WARN]: ar 3 (untainted, java.lang.String), (Hello World, java.lang.Object)
OP_MOV_RESULT - [BB]: Result data: Hello World
OP_MOV_RESULT - [DEBUG]: Result data: Hello World, type: java.lang.Object, to [reg 3@HashMapAccess1/onCreate]
DalvikVM - [BB]: fu.hao.trust.dvm.Executor$OP_MOV_RESULT -> jump set pc to 24
PluginManager - [MSG]: TaintSumBranch Tainted Res: {359874043116909=<12 INVOKE,VIRTUAL,extra=[android.telephony.TelephonyManager/getDeviceId[], [1]]>}
Executor - [MSG]: 

Executor - [MSG]: <24 ARITHMETIC,CHECK-AND-CAST,dst=r3,type=java.lang.String> at de.ecspride.HashMapAccess1/onCreate[android.os.Bundle]
DalvikVM - [BB]: fu.hao.trust.dvm.Executor$OP_ARITHETIC -> jump set pc to 25
PluginManager - [MSG]: TaintSumBranch Tainted Res: {359874043116909=<12 INVOKE,VIRTUAL,extra=[android.telephony.TelephonyManager/getDeviceId[], [1]]>}
Executor - [MSG]: 

Executor - [MSG]: <25 MOV,REG,dst=r4,r0=r2,type=java.lang.Object> at de.ecspride.HashMapAccess1/onCreate[android.os.Bundle]
DalvikVM - [WARN]: ar 4, (0, void)
class fu.hao.trust.dvm.Executor$OP_MOVE_REG - [DEBUG]: mov 0 to 0
DalvikVM - [BB]: fu.hao.trust.dvm.Executor$OP_MOVE_REG -> jump set pc to 26
PluginManager - [MSG]: TaintSumBranch Tainted Res: {359874043116909=<12 INVOKE,VIRTUAL,extra=[android.telephony.TelephonyManager/getDeviceId[], [1]]>}
Executor - [MSG]: 

Executor - [MSG]: <26 MOV,REG,dst=r5,r0=r2,type=java.lang.Object> at de.ecspride.HashMapAccess1/onCreate[android.os.Bundle]
DalvikVM - [WARN]: ar 5, (0, void)
class fu.hao.trust.dvm.Executor$OP_MOVE_REG - [DEBUG]: mov 0 to 0
DalvikVM - [BB]: fu.hao.trust.dvm.Executor$OP_MOVE_REG -> jump set pc to 27
PluginManager - [MSG]: TaintSumBranch Tainted Res: {359874043116909=<12 INVOKE,VIRTUAL,extra=[android.telephony.TelephonyManager/getDeviceId[], [1]]>}
Executor - [MSG]: 

Executor - [MSG]: <27 INVOKE,VIRTUAL,extra=[android.telephony.SmsManager/sendTextMessage[java.lang.String, java.lang.String, java.lang.String, android.app.PendingIntent, android.app.PendingIntent], [0, 1, 2, 3, 4, 5]]> at de.ecspride.HashMapAccess1/onCreate[android.os.Bundle]
Executor - [MSG]: arg0 obj: android.telephony.SmsManager@4eabedf1
Executor - [DEBUG]: Reflction class: class android.telephony.SmsManager
Executor - [BB]: Normal args? true
Executor - [BB]: arg1@reg1: +49 1234
Executor - [BB]: arg2@reg2: 0
Executor - [WARN]: Mismatch type! arg 2, real para type: class patdroid.core.PrimitiveInfo, expected para type: class java.lang.String
Executor - [BB]: arg3@reg3: Hello World
DalvikVM - [WARN]: ar 3 (Hello World, java.lang.Object), (Hello World, java.lang.String)
Executor - [BB]: arg4@reg4: 0
Executor - [WARN]: Mismatch type! arg 4, real para type: class patdroid.core.PrimitiveInfo, expected para type: class android.app.PendingIntent
Executor - [BB]: arg5@reg5: 0
Executor - [WARN]: Mismatch type! arg 5, real para type: class patdroid.core.PrimitiveInfo, expected para type: class android.app.PendingIntent
Executor - [BB]: Nargs? true
Executor - [DEBUG]: Caller obj: android.telephony.SmsManager@4eabedf1, from class: class android.telephony.SmsManager
DalvikVM - [WARN]: ar -1, (null, void)
Executor - [MSG]: Reflction invocation public void android.telephony.SmsManager.sendTextMessage(java.lang.String,java.lang.String,java.lang.String,android.app.PendingIntent,android.app.PendingIntent)
DalvikVM - [BB]: Set reflective call: public void android.telephony.SmsManager.sendTextMessage(java.lang.String,java.lang.String,java.lang.String,android.app.PendingIntent,android.app.PendingIntent)
DalvikVM - [BB]: fu.hao.trust.dvm.Executor -> jump set pc to 28
TaintSumBranch - [BB]: <android.telephony.SmsManager: void sendTextMessage(java.lang.String,java.lang.String,java.lang.String,android.app.PendingIntent,android.app.PendingIntent)>
TaintSumBranch - [BB]: Found a sink invocation. <android.telephony.SmsManager: void sendTextMessage(java.lang.String,java.lang.String,java.lang.String,android.app.PendingIntent,android.app.PendingIntent)>
PluginManager - [MSG]: TaintSumBranch Tainted Res: {359874043116909=<12 INVOKE,VIRTUAL,extra=[android.telephony.TelephonyManager/getDeviceId[], [1]]>}
Executor - [MSG]: 

Executor - [MSG]: <28 RETURN,VOID> at de.ecspride.HashMapAccess1/onCreate[android.os.Bundle]
class fu.hao.trust.dvm.Executor$OP_RETURN_VOID - [DEBUG]: Return void
DalvikVM - [BB]: stack []
DalvikVM - [BB]: Back to the last stack frame.null
DalvikVM - [MSG]: Finish running instrumented methods! Back to null
Executor - [MSG]: RUN BEGIN de.ecspride.HashMapAccess1/onCreate[android.os.Bundle]
Executor - [MSG]: RUN DONE! The last one is null
DalvikVM - [MSG]: FINISHED!

main - [MSG]: Analysis has run for 2.927208162 seconds

