DalvikVM - [MSG]: Begin run doAdGetParam at C:\Users\hao\workspace\DroidBenchProj\DroidKungFu3\app\DroidKungFu3.apk
DalvikVM - [MSG]: RUN Method com.google.update.UpdateService/doAdGetParam[]
DalvikVM - [BB]: Superclass: com.google.update.UpdateService
Service - [BB]: New instance of com.google.update.UpdateService
Caller@4: <init>@fu.hao.trust.dvm.DVMObject - [BB]: getClass com.google.update.UpdateService at fu.hao.trust.dvm.VMHeap@57947a96
Caller: getClass@fu.hao.trust.dvm.VMHeap - [BB]: new class representation for com.google.update.UpdateService at fu.hao.trust.dvm.VMHeap@57947a96
DalvikVM - [BB]: New method call: com.google.update.UpdateService/<clinit>[]
DalvikVM - [BB]: [0]<0 SPECIAL,ARGUMENT_SET,extra=[]>
DalvikVM - [BB]: [1]<0 MOV,CONST,dst=r0,type=AndroidWide,extra=class patdroid.core.PrimitiveInfo?60000l>
DalvikVM - [BB]: [2]<0 STATIC,SPUT,r0=r0,type=AndroidWide,extra=(com.google.update.UpdateService, INTERVAL)>
DalvikVM - [BB]: [3]<0 RETURN,VOID>
newStackFrame - [BB]: New Stack Frame: StackFrame com.google.update.UpdateService/<clinit>[]
newStackFrame - [BB]: Stack: []
DalvikVM - [MSG]: Begin run instrumented methods!
DalvikVM - [BB]: Add frames [StackFrame com.google.update.UpdateService/<clinit>[]]
DalvikVM - [BB]: fu.hao.trust.dvm.DalvikVM -> runInstrumentedMethods set pc to 0
Executor - [MSG]: 

Executor - [MSG]: <0 SPECIAL,ARGUMENT_SET,extra=[]> at com.google.update.UpdateService/<clinit>[]
DalvikVM - [BB]: fu.hao.trust.dvm.Executor$OP_SP_ARGUMENTS -> jump set pc to 1
PluginManager - [MSG]: TaintSumBranch Tainted Res: {}
Executor - [MSG]: 

Executor - [MSG]: <1 MOV,CONST,dst=r0,type=AndroidWide,extra=class patdroid.core.PrimitiveInfo?60000l> at com.google.update.UpdateService/<clinit>[]
Executor - [DEBUG]: Mov const begin <1 MOV,CONST,dst=r0,type=AndroidWide,extra=class patdroid.core.PrimitiveInfo?60000l>
DalvikVM - [WARN]: ar 0, (60000l, AndroidWide)
Executor - [DEBUG]: data: 60000l class patdroid.core.PrimitiveInfo
DalvikVM - [BB]: fu.hao.trust.dvm.Executor$OP_MOV_CONST -> jump set pc to 2
PluginManager - [MSG]: TaintSumBranch Tainted Res: {}
Executor - [MSG]: 

Executor - [MSG]: <2 STATIC,SPUT,r0=r0,type=AndroidWide,extra=(com.google.update.UpdateService, INTERVAL)> at com.google.update.UpdateService/<clinit>[]
Caller@4: func@fu.hao.trust.dvm.Executor$OP_STATIC_PUT_FIELD - [BB]: getClass com.google.update.UpdateService at fu.hao.trust.dvm.VMHeap@57947a96
Caller: func@fu.hao.trust.dvm.Executor$OP_STATIC_PUT_FIELD - [BB]: Get DVMClass for type com.google.update.UpdateService
Caller@4: func@fu.hao.trust.dvm.Executor$OP_STATIC_PUT_FIELD - [BB]: getClass com.google.update.UpdateService at fu.hao.trust.dvm.VMHeap@57947a96
class fu.hao.trust.dvm.Executor$OP_STATIC_PUT_FIELD - [DEBUG]: expect sput INTERVAL from com.google.update.UpdateService
class fu.hao.trust.dvm.Executor$OP_STATIC_PUT_FIELD - [DEBUG]: real sput 60000l from fu.hao.trust.dvm.DVMClass@4f47afda
DalvikVM - [BB]: fu.hao.trust.dvm.Executor$OP_STATIC_PUT_FIELD -> jump set pc to 3
Caller@4: flow@fu.hao.trust.analysis.Taint$TAINT_OP_STATIC_PUT_FIELD - [BB]: getClass com.google.update.UpdateService at fu.hao.trust.dvm.VMHeap@57947a96
Caller: flow@fu.hao.trust.analysis.Taint$TAINT_OP_STATIC_PUT_FIELD - [BB]: Get DVMClass for type com.google.update.UpdateService
Caller@4: flow@fu.hao.trust.analysis.Taint$TAINT_OP_STATIC_PUT_FIELD - [BB]: getClass com.google.update.UpdateService at fu.hao.trust.dvm.VMHeap@57947a96
PluginManager - [MSG]: TaintSumBranch Tainted Res: {}
Executor - [MSG]: 

Executor - [MSG]: <3 RETURN,VOID> at com.google.update.UpdateService/<clinit>[]
class fu.hao.trust.dvm.Executor$OP_RETURN_VOID - [DEBUG]: Return void
DalvikVM - [BB]: stack []
DalvikVM - [BB]: Back to the last stack frame.null
DalvikVM - [MSG]: Finish running instrumented methods! Back to null
Caller@4: <init>@fu.hao.trust.dvm.DVMClass - [BB]: getClass android.app.Service at fu.hao.trust.dvm.VMHeap@57947a96
Caller: getClass@fu.hao.trust.dvm.VMHeap - [BB]: new class representation for android.app.Service at fu.hao.trust.dvm.VMHeap@57947a96
Caller@4: <init>@fu.hao.trust.dvm.DVMClass - [BB]: getClass android.content.ContextWrapper at fu.hao.trust.dvm.VMHeap@57947a96
Caller: getClass@fu.hao.trust.dvm.VMHeap - [BB]: new class representation for android.content.ContextWrapper at fu.hao.trust.dvm.VMHeap@57947a96
Caller@4: <init>@fu.hao.trust.dvm.DVMClass - [BB]: getClass android.content.Context at fu.hao.trust.dvm.VMHeap@57947a96
Caller: getClass@fu.hao.trust.dvm.VMHeap - [BB]: new class representation for android.content.Context at fu.hao.trust.dvm.VMHeap@57947a96
Caller@4: <init>@fu.hao.trust.dvm.DVMClass - [BB]: getClass fu.hao.trust.dvm.DVMObject at fu.hao.trust.dvm.VMHeap@57947a96
Caller: getClass@fu.hao.trust.dvm.VMHeap - [BB]: new class representation for fu.hao.trust.dvm.DVMObject at fu.hao.trust.dvm.VMHeap@57947a96
Caller: <init>@fu.hao.trust.dvm.DVMClass - [BB]: Get DVMClass for type fu.hao.trust.dvm.DVMObject
Caller@4: <init>@fu.hao.trust.dvm.DVMClass - [BB]: getClass fu.hao.trust.dvm.DVMObject at fu.hao.trust.dvm.VMHeap@57947a96
Caller: <init>@fu.hao.trust.dvm.DVMClass - [BB]: Get DVMClass for type android.content.Context
Caller@4: <init>@fu.hao.trust.dvm.DVMClass - [BB]: getClass android.content.Context at fu.hao.trust.dvm.VMHeap@57947a96
Caller: <init>@fu.hao.trust.dvm.DVMClass - [BB]: Get DVMClass for type android.content.ContextWrapper
Caller@4: <init>@fu.hao.trust.dvm.DVMClass - [BB]: getClass android.content.ContextWrapper at fu.hao.trust.dvm.VMHeap@57947a96
Caller: <init>@fu.hao.trust.dvm.DVMClass - [BB]: Get DVMClass for type android.app.Service
Caller@4: <init>@fu.hao.trust.dvm.DVMClass - [BB]: getClass android.app.Service at fu.hao.trust.dvm.VMHeap@57947a96
Caller: <init>@fu.hao.trust.dvm.DVMObject - [BB]: Get DVMClass for type com.google.update.UpdateService
Caller@4: <init>@fu.hao.trust.dvm.DVMObject - [BB]: getClass com.google.update.UpdateService at fu.hao.trust.dvm.VMHeap@57947a96
Service - [MSG]: Not empty constructor
DalvikVM - [BB]: New method call: com.google.update.UpdateService/<init>[]
DalvikVM - [BB]: [0]<0 SPECIAL,ARGUMENT_SET,extra=[3]>
DalvikVM - [BB]: [1]<0 MOV,CONST,dst=r2,type=void,extra=class patdroid.core.PrimitiveInfo?0>
DalvikVM - [BB]: [2]<0 INVOKE,DIRECT,extra=[java.lang.Object/<init>[], [3]]>
DalvikVM - [BB]: [3]<0 INSTANCE,IPUT,r0=r3,r1=r2,type=java.lang.Object,extra=com.google.update.UpdateService.mAliaMem>
DalvikVM - [BB]: [4]<3 MOV,CONST,dst=r0,type=java.lang.String,extra="-1">
DalvikVM - [BB]: [5]<0 INSTANCE,IPUT,r0=r3,r1=r0,type=java.lang.Object,extra=com.google.update.UpdateService.mIdentifier>
DalvikVM - [BB]: [6]<0 INSTANCE,IPUT,r0=r3,r1=r2,type=java.lang.Object,extra=com.google.update.UpdateService.mImei>
DalvikVM - [BB]: [7]<0 INSTANCE,IPUT,r0=r3,r1=r2,type=java.lang.Object,extra=com.google.update.UpdateService.mJu6Ad>
DalvikVM - [BB]: [8]<0 INSTANCE,IPUT,r0=r3,r1=r2,type=java.lang.Object,extra=com.google.update.UpdateService.mMobile>
DalvikVM - [BB]: [9]<0 INSTANCE,IPUT,r0=r3,r1=r2,type=java.lang.Object,extra=com.google.update.UpdateService.mModel>
DalvikVM - [BB]: [10]<0 INSTANCE,IPUT,r0=r3,r1=r2,type=java.lang.Object,extra=com.google.update.UpdateService.mNetType>
DalvikVM - [BB]: [11]<0 INSTANCE,IPUT,r0=r3,r1=r2,type=java.lang.Object,extra=com.google.update.UpdateService.mOperater>
DalvikVM - [BB]: [12]<0 INSTANCE,IPUT,r0=r3,r1=r2,type=java.lang.Object,extra=com.google.update.UpdateService.mOsAPI>
DalvikVM - [BB]: [13]<0 INSTANCE,IPUT,r0=r3,r1=r2,type=java.lang.Object,extra=com.google.update.UpdateService.mOsType>
DalvikVM - [BB]: [14]<13 MOV,CONST,dst=r0,type=void,extra=class patdroid.core.PrimitiveInfo?0>
DalvikVM - [BB]: [15]<0 INSTANCE,IPUT,r0=r3,r1=r0,type=void,extra=com.google.update.UpdateService.mPermState>
DalvikVM - [BB]: [16]<0 INSTANCE,IPUT,r0=r3,r1=r2,type=java.lang.Object,extra=com.google.update.UpdateService.mPreferences>
DalvikVM - [BB]: [17]<0 INSTANCE,IPUT,r0=r3,r1=r2,type=java.lang.Object,extra=com.google.update.UpdateService.mSDMem>
DalvikVM - [BB]: [18]<17 MOV,CONST,dst=r0,type=java.lang.String,extra="">
DalvikVM - [BB]: [19]<0 INSTANCE,IPUT,r0=r3,r1=r0,type=java.lang.Object,extra=com.google.update.UpdateService.mTaskId>
DalvikVM - [BB]: [20]<19 MOV,CONST,dst=r0,type=AndroidWide,extra=class patdroid.core.PrimitiveInfo?9l>
DalvikVM - [BB]: [21]<0 INSTANCE,IPUT,r0=r3,r1=r0,type=AndroidWide,extra=com.google.update.UpdateService.mTickets>
DalvikVM - [BB]: [22]<0 INSTANCE,IPUT,r0=r3,r1=r2,type=java.lang.Object,extra=com.google.update.UpdateService.mTimer>
DalvikVM - [BB]: [23]<22 MOV,CONST,dst=r0,type=AndroidWide,extra=class patdroid.core.PrimitiveInfo?3600l>
DalvikVM - [BB]: [24]<0 INSTANCE,IPUT,r0=r3,r1=r0,type=AndroidWide,extra=com.google.update.UpdateService.startDelay>
DalvikVM - [BB]: [25]<0 RETURN,VOID>
DalvikVM - [WARN]: ar -2, (instance number 1@com.google.update.UpdateService, com.google.update.UpdateService)
newStackFrame - [BB]: New Stack Frame: StackFrame com.google.update.UpdateService/<init>[]
newStackFrame - [BB]: Stack: []
DalvikVM - [MSG]: Begin run instrumented methods!
DalvikVM - [BB]: Add frames [StackFrame com.google.update.UpdateService/<init>[]]
DalvikVM - [BB]: fu.hao.trust.dvm.DalvikVM -> runInstrumentedMethods set pc to 0
Executor - [MSG]: 

Executor - [MSG]: <0 SPECIAL,ARGUMENT_SET,extra=[3]> at com.google.update.UpdateService/<init>[]
DalvikVM - [WARN]: ar 3, (instance number 1@com.google.update.UpdateService, com.google.update.UpdateService)
Executor - [DEBUG]: params: instance number 1@com.google.update.UpdateService
DalvikVM - [BB]: fu.hao.trust.dvm.Executor$OP_SP_ARGUMENTS -> jump set pc to 1
PluginManager - [MSG]: TaintSumBranch Tainted Res: {}
Executor - [MSG]: 

Executor - [MSG]: <1 MOV,CONST,dst=r2,type=void,extra=class patdroid.core.PrimitiveInfo?0> at com.google.update.UpdateService/<init>[]
Executor - [DEBUG]: Mov const begin <1 MOV,CONST,dst=r2,type=void,extra=class patdroid.core.PrimitiveInfo?0>
DalvikVM - [WARN]: ar 2, (0, void)
Executor - [DEBUG]: data: 0 class patdroid.core.PrimitiveInfo
DalvikVM - [BB]: fu.hao.trust.dvm.Executor$OP_MOV_CONST -> jump set pc to 2
PluginManager - [MSG]: TaintSumBranch Tainted Res: {}
Executor - [MSG]: 

Executor - [MSG]: <2 INVOKE,DIRECT,extra=[java.lang.Object/<init>[], [3]]> at com.google.update.UpdateService/<init>[]
Executor - [MSG]: arg0 obj: instance number 1@com.google.update.UpdateService
Executor - [MSG]: Replace the clazz.
Executor - [BB]: java.lang.Object/<init>[] is a constructor!
Executor - [WARN]: Reflection error: com.google.update.UpdateService
DalvikVM - [BB]: fu.hao.trust.dvm.Executor -> jump set pc to 3
TaintSumBranch - [BB]: <java.lang.Object: void <init>()>
TaintSumBranch - [DEBUG]: Not a taint call: <java.lang.Object: void <init>()>
PluginManager - [MSG]: TaintSumBranch Tainted Res: {}
Executor - [MSG]: 

Executor - [MSG]: <3 INSTANCE,IPUT,r0=r3,r1=r2,type=java.lang.Object,extra=com.google.update.UpdateService.mAliaMem> at com.google.update.UpdateService/<init>[]
class fu.hao.trust.dvm.Executor$OP_INSTANCE_PUT_FIELD - [BB]: field com.google.update.UpdateService.mAliaMem
class fu.hao.trust.dvm.Executor$OP_INSTANCE_PUT_FIELD - [BB]: Target obj instance number 1@com.google.update.UpdateService
Service - [DEBUG]: put field 0
class fu.hao.trust.dvm.Executor$OP_INSTANCE_PUT_FIELD - [MSG]: Put data 0 to the field of instance number 1@com.google.update.UpdateService
DalvikVM - [BB]: fu.hao.trust.dvm.Executor$OP_INSTANCE_PUT_FIELD -> jump set pc to 4
PluginManager - [MSG]: TaintSumBranch Tainted Res: {}
Executor - [MSG]: 

Executor - [MSG]: <4 MOV,CONST,dst=r0,type=java.lang.String,extra="-1"> at com.google.update.UpdateService/<init>[]
Executor - [DEBUG]: Mov const begin <4 MOV,CONST,dst=r0,type=java.lang.String,extra="-1">
DalvikVM - [WARN]: ar 0, (-1, java.lang.String)
Executor - [DEBUG]: data: -1 class java.lang.String
DalvikVM - [BB]: fu.hao.trust.dvm.Executor$OP_MOV_CONST -> jump set pc to 5
PluginManager - [MSG]: TaintSumBranch Tainted Res: {}
Executor - [MSG]: 

Executor - [MSG]: <5 INSTANCE,IPUT,r0=r3,r1=r0,type=java.lang.Object,extra=com.google.update.UpdateService.mIdentifier> at com.google.update.UpdateService/<init>[]
class fu.hao.trust.dvm.Executor$OP_INSTANCE_PUT_FIELD - [BB]: field com.google.update.UpdateService.mIdentifier
class fu.hao.trust.dvm.Executor$OP_INSTANCE_PUT_FIELD - [BB]: Target obj instance number 1@com.google.update.UpdateService
Service - [DEBUG]: put field -1
class fu.hao.trust.dvm.Executor$OP_INSTANCE_PUT_FIELD - [MSG]: Put data -1 to the field of instance number 1@com.google.update.UpdateService
DalvikVM - [BB]: fu.hao.trust.dvm.Executor$OP_INSTANCE_PUT_FIELD -> jump set pc to 6
PluginManager - [MSG]: TaintSumBranch Tainted Res: {}
Executor - [MSG]: 

Executor - [MSG]: <6 INSTANCE,IPUT,r0=r3,r1=r2,type=java.lang.Object,extra=com.google.update.UpdateService.mImei> at com.google.update.UpdateService/<init>[]
class fu.hao.trust.dvm.Executor$OP_INSTANCE_PUT_FIELD - [BB]: field com.google.update.UpdateService.mImei
class fu.hao.trust.dvm.Executor$OP_INSTANCE_PUT_FIELD - [BB]: Target obj instance number 1@com.google.update.UpdateService
Service - [DEBUG]: put field 0
class fu.hao.trust.dvm.Executor$OP_INSTANCE_PUT_FIELD - [MSG]: Put data 0 to the field of instance number 1@com.google.update.UpdateService
DalvikVM - [BB]: fu.hao.trust.dvm.Executor$OP_INSTANCE_PUT_FIELD -> jump set pc to 7
PluginManager - [MSG]: TaintSumBranch Tainted Res: {}
Executor - [MSG]: 

Executor - [MSG]: <7 INSTANCE,IPUT,r0=r3,r1=r2,type=java.lang.Object,extra=com.google.update.UpdateService.mJu6Ad> at com.google.update.UpdateService/<init>[]
class fu.hao.trust.dvm.Executor$OP_INSTANCE_PUT_FIELD - [BB]: field com.google.update.UpdateService.mJu6Ad
class fu.hao.trust.dvm.Executor$OP_INSTANCE_PUT_FIELD - [BB]: Target obj instance number 1@com.google.update.UpdateService
Service - [DEBUG]: put field 0
class fu.hao.trust.dvm.Executor$OP_INSTANCE_PUT_FIELD - [MSG]: Put data 0 to the field of instance number 1@com.google.update.UpdateService
DalvikVM - [BB]: fu.hao.trust.dvm.Executor$OP_INSTANCE_PUT_FIELD -> jump set pc to 8
PluginManager - [MSG]: TaintSumBranch Tainted Res: {}
Executor - [MSG]: 

Executor - [MSG]: <8 INSTANCE,IPUT,r0=r3,r1=r2,type=java.lang.Object,extra=com.google.update.UpdateService.mMobile> at com.google.update.UpdateService/<init>[]
class fu.hao.trust.dvm.Executor$OP_INSTANCE_PUT_FIELD - [BB]: field com.google.update.UpdateService.mMobile
class fu.hao.trust.dvm.Executor$OP_INSTANCE_PUT_FIELD - [BB]: Target obj instance number 1@com.google.update.UpdateService
Service - [DEBUG]: put field 0
class fu.hao.trust.dvm.Executor$OP_INSTANCE_PUT_FIELD - [MSG]: Put data 0 to the field of instance number 1@com.google.update.UpdateService
DalvikVM - [BB]: fu.hao.trust.dvm.Executor$OP_INSTANCE_PUT_FIELD -> jump set pc to 9
PluginManager - [MSG]: TaintSumBranch Tainted Res: {}
Executor - [MSG]: 

Executor - [MSG]: <9 INSTANCE,IPUT,r0=r3,r1=r2,type=java.lang.Object,extra=com.google.update.UpdateService.mModel> at com.google.update.UpdateService/<init>[]
class fu.hao.trust.dvm.Executor$OP_INSTANCE_PUT_FIELD - [BB]: field com.google.update.UpdateService.mModel
class fu.hao.trust.dvm.Executor$OP_INSTANCE_PUT_FIELD - [BB]: Target obj instance number 1@com.google.update.UpdateService
Service - [DEBUG]: put field 0
class fu.hao.trust.dvm.Executor$OP_INSTANCE_PUT_FIELD - [MSG]: Put data 0 to the field of instance number 1@com.google.update.UpdateService
DalvikVM - [BB]: fu.hao.trust.dvm.Executor$OP_INSTANCE_PUT_FIELD -> jump set pc to 10
PluginManager - [MSG]: TaintSumBranch Tainted Res: {}
Executor - [MSG]: 

Executor - [MSG]: <10 INSTANCE,IPUT,r0=r3,r1=r2,type=java.lang.Object,extra=com.google.update.UpdateService.mNetType> at com.google.update.UpdateService/<init>[]
class fu.hao.trust.dvm.Executor$OP_INSTANCE_PUT_FIELD - [BB]: field com.google.update.UpdateService.mNetType
class fu.hao.trust.dvm.Executor$OP_INSTANCE_PUT_FIELD - [BB]: Target obj instance number 1@com.google.update.UpdateService
Service - [DEBUG]: put field 0
class fu.hao.trust.dvm.Executor$OP_INSTANCE_PUT_FIELD - [MSG]: Put data 0 to the field of instance number 1@com.google.update.UpdateService
DalvikVM - [BB]: fu.hao.trust.dvm.Executor$OP_INSTANCE_PUT_FIELD -> jump set pc to 11
PluginManager - [MSG]: TaintSumBranch Tainted Res: {}
Executor - [MSG]: 

Executor - [MSG]: <11 INSTANCE,IPUT,r0=r3,r1=r2,type=java.lang.Object,extra=com.google.update.UpdateService.mOperater> at com.google.update.UpdateService/<init>[]
class fu.hao.trust.dvm.Executor$OP_INSTANCE_PUT_FIELD - [BB]: field com.google.update.UpdateService.mOperater
class fu.hao.trust.dvm.Executor$OP_INSTANCE_PUT_FIELD - [BB]: Target obj instance number 1@com.google.update.UpdateService
Service - [DEBUG]: put field 0
class fu.hao.trust.dvm.Executor$OP_INSTANCE_PUT_FIELD - [MSG]: Put data 0 to the field of instance number 1@com.google.update.UpdateService
DalvikVM - [BB]: fu.hao.trust.dvm.Executor$OP_INSTANCE_PUT_FIELD -> jump set pc to 12
PluginManager - [MSG]: TaintSumBranch Tainted Res: {}
Executor - [MSG]: 

Executor - [MSG]: <12 INSTANCE,IPUT,r0=r3,r1=r2,type=java.lang.Object,extra=com.google.update.UpdateService.mOsAPI> at com.google.update.UpdateService/<init>[]
class fu.hao.trust.dvm.Executor$OP_INSTANCE_PUT_FIELD - [BB]: field com.google.update.UpdateService.mOsAPI
class fu.hao.trust.dvm.Executor$OP_INSTANCE_PUT_FIELD - [BB]: Target obj instance number 1@com.google.update.UpdateService
Service - [DEBUG]: put field 0
class fu.hao.trust.dvm.Executor$OP_INSTANCE_PUT_FIELD - [MSG]: Put data 0 to the field of instance number 1@com.google.update.UpdateService
DalvikVM - [BB]: fu.hao.trust.dvm.Executor$OP_INSTANCE_PUT_FIELD -> jump set pc to 13
PluginManager - [MSG]: TaintSumBranch Tainted Res: {}
Executor - [MSG]: 

Executor - [MSG]: <13 INSTANCE,IPUT,r0=r3,r1=r2,type=java.lang.Object,extra=com.google.update.UpdateService.mOsType> at com.google.update.UpdateService/<init>[]
class fu.hao.trust.dvm.Executor$OP_INSTANCE_PUT_FIELD - [BB]: field com.google.update.UpdateService.mOsType
class fu.hao.trust.dvm.Executor$OP_INSTANCE_PUT_FIELD - [BB]: Target obj instance number 1@com.google.update.UpdateService
Service - [DEBUG]: put field 0
class fu.hao.trust.dvm.Executor$OP_INSTANCE_PUT_FIELD - [MSG]: Put data 0 to the field of instance number 1@com.google.update.UpdateService
DalvikVM - [BB]: fu.hao.trust.dvm.Executor$OP_INSTANCE_PUT_FIELD -> jump set pc to 14
PluginManager - [MSG]: TaintSumBranch Tainted Res: {}
Executor - [MSG]: 

Executor - [MSG]: <14 MOV,CONST,dst=r0,type=void,extra=class patdroid.core.PrimitiveInfo?0> at com.google.update.UpdateService/<init>[]
Executor - [DEBUG]: Mov const begin <14 MOV,CONST,dst=r0,type=void,extra=class patdroid.core.PrimitiveInfo?0>
DalvikVM - [WARN]: ar 0 (-1, java.lang.String), (0, void)
Executor - [DEBUG]: data: 0 class patdroid.core.PrimitiveInfo
DalvikVM - [BB]: fu.hao.trust.dvm.Executor$OP_MOV_CONST -> jump set pc to 15
PluginManager - [MSG]: TaintSumBranch Tainted Res: {}
Executor - [MSG]: 

Executor - [MSG]: <15 INSTANCE,IPUT,r0=r3,r1=r0,type=void,extra=com.google.update.UpdateService.mPermState> at com.google.update.UpdateService/<init>[]
class fu.hao.trust.dvm.Executor$OP_INSTANCE_PUT_FIELD - [BB]: field com.google.update.UpdateService.mPermState
class fu.hao.trust.dvm.Executor$OP_INSTANCE_PUT_FIELD - [BB]: Target obj instance number 1@com.google.update.UpdateService
Service - [DEBUG]: put field 0
class fu.hao.trust.dvm.Executor$OP_INSTANCE_PUT_FIELD - [MSG]: Put data 0 to the field of instance number 1@com.google.update.UpdateService
DalvikVM - [BB]: fu.hao.trust.dvm.Executor$OP_INSTANCE_PUT_FIELD -> jump set pc to 16
PluginManager - [MSG]: TaintSumBranch Tainted Res: {}
Executor - [MSG]: 

Executor - [MSG]: <16 INSTANCE,IPUT,r0=r3,r1=r2,type=java.lang.Object,extra=com.google.update.UpdateService.mPreferences> at com.google.update.UpdateService/<init>[]
class fu.hao.trust.dvm.Executor$OP_INSTANCE_PUT_FIELD - [BB]: field com.google.update.UpdateService.mPreferences
class fu.hao.trust.dvm.Executor$OP_INSTANCE_PUT_FIELD - [BB]: Target obj instance number 1@com.google.update.UpdateService
Service - [DEBUG]: put field 0
class fu.hao.trust.dvm.Executor$OP_INSTANCE_PUT_FIELD - [MSG]: Put data 0 to the field of instance number 1@com.google.update.UpdateService
DalvikVM - [BB]: fu.hao.trust.dvm.Executor$OP_INSTANCE_PUT_FIELD -> jump set pc to 17
PluginManager - [MSG]: TaintSumBranch Tainted Res: {}
Executor - [MSG]: 

Executor - [MSG]: <17 INSTANCE,IPUT,r0=r3,r1=r2,type=java.lang.Object,extra=com.google.update.UpdateService.mSDMem> at com.google.update.UpdateService/<init>[]
class fu.hao.trust.dvm.Executor$OP_INSTANCE_PUT_FIELD - [BB]: field com.google.update.UpdateService.mSDMem
class fu.hao.trust.dvm.Executor$OP_INSTANCE_PUT_FIELD - [BB]: Target obj instance number 1@com.google.update.UpdateService
Service - [DEBUG]: put field 0
class fu.hao.trust.dvm.Executor$OP_INSTANCE_PUT_FIELD - [MSG]: Put data 0 to the field of instance number 1@com.google.update.UpdateService
DalvikVM - [BB]: fu.hao.trust.dvm.Executor$OP_INSTANCE_PUT_FIELD -> jump set pc to 18
PluginManager - [MSG]: TaintSumBranch Tainted Res: {}
Executor - [MSG]: 

Executor - [MSG]: <18 MOV,CONST,dst=r0,type=java.lang.String,extra=""> at com.google.update.UpdateService/<init>[]
Executor - [DEBUG]: Mov const begin <18 MOV,CONST,dst=r0,type=java.lang.String,extra="">
DalvikVM - [WARN]: ar 0 (0, void), (, java.lang.String)
Executor - [DEBUG]: data:  class java.lang.String
DalvikVM - [BB]: fu.hao.trust.dvm.Executor$OP_MOV_CONST -> jump set pc to 19
PluginManager - [MSG]: TaintSumBranch Tainted Res: {}
Executor - [MSG]: 

Executor - [MSG]: <19 INSTANCE,IPUT,r0=r3,r1=r0,type=java.lang.Object,extra=com.google.update.UpdateService.mTaskId> at com.google.update.UpdateService/<init>[]
class fu.hao.trust.dvm.Executor$OP_INSTANCE_PUT_FIELD - [BB]: field com.google.update.UpdateService.mTaskId
class fu.hao.trust.dvm.Executor$OP_INSTANCE_PUT_FIELD - [BB]: Target obj instance number 1@com.google.update.UpdateService
Service - [DEBUG]: put field 
class fu.hao.trust.dvm.Executor$OP_INSTANCE_PUT_FIELD - [MSG]: Put data  to the field of instance number 1@com.google.update.UpdateService
DalvikVM - [BB]: fu.hao.trust.dvm.Executor$OP_INSTANCE_PUT_FIELD -> jump set pc to 20
PluginManager - [MSG]: TaintSumBranch Tainted Res: {}
Executor - [MSG]: 

Executor - [MSG]: <20 MOV,CONST,dst=r0,type=AndroidWide,extra=class patdroid.core.PrimitiveInfo?9l> at com.google.update.UpdateService/<init>[]
Executor - [DEBUG]: Mov const begin <20 MOV,CONST,dst=r0,type=AndroidWide,extra=class patdroid.core.PrimitiveInfo?9l>
DalvikVM - [WARN]: ar 0 (, java.lang.String), (9l, AndroidWide)
Executor - [DEBUG]: data: 9l class patdroid.core.PrimitiveInfo
DalvikVM - [BB]: fu.hao.trust.dvm.Executor$OP_MOV_CONST -> jump set pc to 21
PluginManager - [MSG]: TaintSumBranch Tainted Res: {}
Executor - [MSG]: 

Executor - [MSG]: <21 INSTANCE,IPUT,r0=r3,r1=r0,type=AndroidWide,extra=com.google.update.UpdateService.mTickets> at com.google.update.UpdateService/<init>[]
class fu.hao.trust.dvm.Executor$OP_INSTANCE_PUT_FIELD - [BB]: field com.google.update.UpdateService.mTickets
class fu.hao.trust.dvm.Executor$OP_INSTANCE_PUT_FIELD - [BB]: Target obj instance number 1@com.google.update.UpdateService
Service - [DEBUG]: put field 9l
class fu.hao.trust.dvm.Executor$OP_INSTANCE_PUT_FIELD - [MSG]: Put data 9l to the field of instance number 1@com.google.update.UpdateService
DalvikVM - [BB]: fu.hao.trust.dvm.Executor$OP_INSTANCE_PUT_FIELD -> jump set pc to 22
PluginManager - [MSG]: TaintSumBranch Tainted Res: {}
Executor - [MSG]: 

Executor - [MSG]: <22 INSTANCE,IPUT,r0=r3,r1=r2,type=java.lang.Object,extra=com.google.update.UpdateService.mTimer> at com.google.update.UpdateService/<init>[]
class fu.hao.trust.dvm.Executor$OP_INSTANCE_PUT_FIELD - [BB]: field com.google.update.UpdateService.mTimer
class fu.hao.trust.dvm.Executor$OP_INSTANCE_PUT_FIELD - [BB]: Target obj instance number 1@com.google.update.UpdateService
Service - [DEBUG]: put field 0
class fu.hao.trust.dvm.Executor$OP_INSTANCE_PUT_FIELD - [MSG]: Put data 0 to the field of instance number 1@com.google.update.UpdateService
DalvikVM - [BB]: fu.hao.trust.dvm.Executor$OP_INSTANCE_PUT_FIELD -> jump set pc to 23
PluginManager - [MSG]: TaintSumBranch Tainted Res: {}
Executor - [MSG]: 

Executor - [MSG]: <23 MOV,CONST,dst=r0,type=AndroidWide,extra=class patdroid.core.PrimitiveInfo?3600l> at com.google.update.UpdateService/<init>[]
Executor - [DEBUG]: Mov const begin <23 MOV,CONST,dst=r0,type=AndroidWide,extra=class patdroid.core.PrimitiveInfo?3600l>
DalvikVM - [WARN]: ar 0 (9l, AndroidWide), (3600l, AndroidWide)
Executor - [DEBUG]: data: 3600l class patdroid.core.PrimitiveInfo
DalvikVM - [BB]: fu.hao.trust.dvm.Executor$OP_MOV_CONST -> jump set pc to 24
PluginManager - [MSG]: TaintSumBranch Tainted Res: {}
Executor - [MSG]: 

Executor - [MSG]: <24 INSTANCE,IPUT,r0=r3,r1=r0,type=AndroidWide,extra=com.google.update.UpdateService.startDelay> at com.google.update.UpdateService/<init>[]
class fu.hao.trust.dvm.Executor$OP_INSTANCE_PUT_FIELD - [BB]: field com.google.update.UpdateService.startDelay
class fu.hao.trust.dvm.Executor$OP_INSTANCE_PUT_FIELD - [BB]: Target obj instance number 1@com.google.update.UpdateService
Service - [DEBUG]: put field 3600l
class fu.hao.trust.dvm.Executor$OP_INSTANCE_PUT_FIELD - [MSG]: Put data 3600l to the field of instance number 1@com.google.update.UpdateService
DalvikVM - [BB]: fu.hao.trust.dvm.Executor$OP_INSTANCE_PUT_FIELD -> jump set pc to 25
PluginManager - [MSG]: TaintSumBranch Tainted Res: {}
Executor - [MSG]: 

Executor - [MSG]: <25 RETURN,VOID> at com.google.update.UpdateService/<init>[]
class fu.hao.trust.dvm.Executor$OP_RETURN_VOID - [DEBUG]: Return void
DalvikVM - [BB]: stack []
DalvikVM - [BB]: Back to the last stack frame.null
DalvikVM - [MSG]: Finish running instrumented methods! Back to null
Service - [BB]: New Service Created with type com.google.update.UpdateService
DalvikVM - [BB]: New method call: com.google.update.UpdateService/onCreate[]
DalvikVM - [BB]: [0]<0 SPECIAL,ARGUMENT_SET,extra=[0]>
DalvikVM - [BB]: [1]<0 HALT,SUPER,extra=[null, [0]]>
DalvikVM - [BB]: [2]<0 RETURN,VOID>
DalvikVM - [WARN]: ar -2, (instance number 1@com.google.update.UpdateService, com.google.update.UpdateService)
newStackFrame - [BB]: New Stack Frame: StackFrame com.google.update.UpdateService/onCreate[]
newStackFrame - [BB]: Stack: []
Service - [BB]: Intent null
DalvikVM - [MSG]: Begin run instrumented methods!
DalvikVM - [BB]: Add frames [StackFrame com.google.update.UpdateService/onCreate[]]
DalvikVM - [BB]: fu.hao.trust.dvm.DalvikVM -> runInstrumentedMethods set pc to 0
Executor - [MSG]: 

Executor - [MSG]: <0 SPECIAL,ARGUMENT_SET,extra=[0]> at com.google.update.UpdateService/onCreate[]
DalvikVM - [WARN]: ar 0, (instance number 1@com.google.update.UpdateService, com.google.update.UpdateService)
Executor - [DEBUG]: params: instance number 1@com.google.update.UpdateService
DalvikVM - [BB]: fu.hao.trust.dvm.Executor$OP_SP_ARGUMENTS -> jump set pc to 1
PluginManager - [MSG]: TaintSumBranch Tainted Res: {}
Executor - [MSG]: 

Executor - [MSG]: <1 HALT,SUPER,extra=[null, [0]]> at com.google.update.UpdateService/onCreate[]
DalvikVM - [BB]: fu.hao.trust.dvm.Executor$OP_HALT -> jump set pc to 2
Executor - [MSG]: Cannot resolve the invocation
TaintSumBranch - [BB]: Not a taint op <1 HALT,SUPER,extra=[null, [0]]>
PluginManager - [MSG]: TaintSumBranch Tainted Res: {}
Executor - [MSG]: 

Executor - [MSG]: <2 RETURN,VOID> at com.google.update.UpdateService/onCreate[]
class fu.hao.trust.dvm.Executor$OP_RETURN_VOID - [DEBUG]: Return void
DalvikVM - [BB]: stack []
DalvikVM - [BB]: Back to the last stack frame.null
DalvikVM - [MSG]: Finish running instrumented methods! Back to null
DalvikVM - [BB]: New method call: com.google.update.UpdateService/doAdGetParam[]
DalvikVM - [BB]: [0]<0 SPECIAL,ARGUMENT_SET,extra=[6]>
DalvikVM - [BB]: [1]<0 MOV,CONST,dst=r0,type=void,extra=class patdroid.core.PrimitiveInfo?0>
DalvikVM - [BB]: [2]<0 STATIC,SGET,r0=r3,type=java.lang.Object,extra=(com.google.update.StateRes, Servers)>
DalvikVM - [BB]: [3]<0 ARITHMETIC,ARRAY_LENGTH,dst=r3,r0=r3,type=int>
DalvikVM - [BB]: [4]<0 IF,LT,r0=r0,r1=r3,extra=index:6>
DalvikVM - [BB]: [5]<0 RETURN,VOID>
DalvikVM - [BB]: [6]<0 NEW,INSTANCE,dst=r3,type=java.lang.StringBuilder>
DalvikVM - [BB]: [7]<0 INVOKE,DIRECT,extra=[java.lang.StringBuilder/<init>[], [3]]>
DalvikVM - [BB]: [8]<0 NEW,INSTANCE,dst=r4,type=java.lang.String>
DalvikVM - [BB]: [9]<0 STATIC,SGET,r0=r5,type=java.lang.Object,extra=(com.google.update.StateRes, Servers)>
DalvikVM - [BB]: [10]<0 ARRAY,AGET,dst=r5,r0=r5,r1=r0,type=java.lang.Object>
DalvikVM - [BB]: [11]<0 INVOKE,STATIC,extra=[com.google.update.Utils/decrypt[[B], [5]]>
DalvikVM - [BB]: [12]<0 MOV,RESULT,dst=r5,type=java.lang.Object>
DalvikVM - [BB]: [13]<0 INVOKE,DIRECT,extra=[java.lang.String/<init>[[B], [4, 5]]>
DalvikVM - [BB]: [14]<0 INVOKE,VIRTUAL,extra=[java.lang.StringBuilder/append[java.lang.String], [3, 4]]>
DalvikVM - [BB]: [15]<0 MOV,RESULT,dst=r3,type=java.lang.Object>
DalvikVM - [BB]: [16]<15 MOV,CONST,dst=r4,type=java.lang.String,extra="adp.php">
DalvikVM - [BB]: [17]<0 INVOKE,VIRTUAL,extra=[java.lang.StringBuilder/append[java.lang.String], [3, 4]]>
DalvikVM - [BB]: [18]<0 MOV,RESULT,dst=r3,type=java.lang.Object>
DalvikVM - [BB]: [19]<0 INVOKE,VIRTUAL,extra=[java.lang.StringBuilder/toString[], [3]]>
DalvikVM - [BB]: [20]<0 MOV,RESULT,dst=r3,type=java.lang.Object>
DalvikVM - [BB]: [21]<0 INVOKE,DIRECT,extra=[com.google.update.UpdateService/_doAdGetParam[java.lang.String], [6, 3]]>
DalvikVM - [BB]: [22]<0 MOV,RESULT,dst=r2,type=java.lang.Object>
DalvikVM - [BB]: [23]<0 IF,EQZ,r0=r2,extra=index:31>
DalvikVM - [BB]: [24]<0 ARITHMETIC,CHECK-AND-CAST,dst=r2,type=java.lang.String>
DalvikVM - [BB]: [25]<24 MOV,CONST,dst=r3,type=java.lang.String,extra=":">
DalvikVM - [BB]: [26]<0 INVOKE,VIRTUAL,extra=[java.lang.String/split[java.lang.String], [2, 3]]>
DalvikVM - [BB]: [27]<0 MOV,RESULT,dst=r2,type=java.lang.Object>
DalvikVM - [BB]: [28]<0 GOTO,extra=index:5>
DalvikVM - [BB]: [29]<0 MOV,EXCETPION,dst=r1,type=java.lang.Object>
DalvikVM - [BB]: [30]<0 GOTO,extra=index:5>
DalvikVM - [BB]: [31]<0 ARITHMETIC,ADD,dst=r0,r0=r0,extra=class patdroid.core.PrimitiveInfo?1>
DalvikVM - [BB]: [32]<0 GOTO,extra=index:2>
newStackFrame - [BB]: New Stack Frame: StackFrame com.google.update.UpdateService/doAdGetParam[]
newStackFrame - [BB]: Add frame StackFrame com.google.update.UpdateService/doAdGetParam[]
newStackFrame - [BB]: Stack: [StackFrame com.google.update.UpdateService/doAdGetParam[]]
Executor - [MSG]: BEGIN RUN ENTRY: com.google.update.UpdateService/doAdGetParam[]
DalvikVM - [BB]: fu.hao.trust.dvm.Executor -> execute set pc to 0
Executor - [MSG]: 

Executor - [MSG]: <0 SPECIAL,ARGUMENT_SET,extra=[6]> at com.google.update.UpdateService/doAdGetParam[]
Executor - [WARN]: NULL CallingCtx!
DalvikVM - [WARN]: ar 6, (instance number 1@com.google.update.UpdateService, com.google.update.UpdateService)
Executor - [DEBUG]: args: instance number 1@com.google.update.UpdateService
Executor - [BB]: Start param from 1
DalvikVM - [BB]: fu.hao.trust.dvm.Executor$OP_SP_ARGUMENTS -> jump set pc to 1
PluginManager - [MSG]: TaintSumBranch Tainted Res: {}
Executor - [MSG]: 

Executor - [MSG]: <1 MOV,CONST,dst=r0,type=void,extra=class patdroid.core.PrimitiveInfo?0> at com.google.update.UpdateService/doAdGetParam[]
Executor - [DEBUG]: Mov const begin <1 MOV,CONST,dst=r0,type=void,extra=class patdroid.core.PrimitiveInfo?0>
DalvikVM - [WARN]: ar 0, (0, void)
Executor - [DEBUG]: data: 0 class patdroid.core.PrimitiveInfo
DalvikVM - [BB]: fu.hao.trust.dvm.Executor$OP_MOV_CONST -> jump set pc to 2
PluginManager - [MSG]: TaintSumBranch Tainted Res: {}
Executor - [MSG]: 

Executor - [MSG]: <2 STATIC,SGET,r0=r3,type=java.lang.Object,extra=(com.google.update.StateRes, Servers)> at com.google.update.UpdateService/doAdGetParam[]
Caller@4: func@fu.hao.trust.dvm.Executor$OP_STATIC_GET_FIELD - [BB]: getClass com.google.update.StateRes at fu.hao.trust.dvm.VMHeap@57947a96
Caller: getClass@fu.hao.trust.dvm.VMHeap - [BB]: new class representation for com.google.update.StateRes at fu.hao.trust.dvm.VMHeap@57947a96
DalvikVM - [BB]: New method call: com.google.update.StateRes/<clinit>[]
DalvikVM - [BB]: [0]<0 SPECIAL,ARGUMENT_SET,extra=[]>
DalvikVM - [BB]: [1]<0 MOV,CONST,dst=r4,type=void,extra=class patdroid.core.PrimitiveInfo?48>
DalvikVM - [BB]: [2]<0 NEW,ARRAY,dst=r0,r0=r4,type=[B>
DalvikVM - [BB]: [3]<0 NEW,FILLED_ARRAY,dst=r0,extra=[-45, -21, 111, -41, -42, 5, -112, 104, -114, 34, -69, -98, 109, -90, 76, 30, -119, 107, -82, 47, 39, 103, 20, 9, -42, -55, -14, -57, -25, 90, -75, 69, 20, 38, -14, -38, -121, 32, -93, -63, -110, -91, 62, 57, -110, -74, -26, 49]>
DalvikVM - [BB]: [4]<3 MOV,CONST,dst=r1,type=void,extra=class patdroid.core.PrimitiveInfo?3>
DalvikVM - [BB]: [5]<0 NEW,ARRAY,dst=r1,r0=r1,type=[[B>
DalvikVM - [BB]: [6]<5 MOV,CONST,dst=r2,type=void,extra=class patdroid.core.PrimitiveInfo?0>
DalvikVM - [BB]: [7]<0 NEW,ARRAY,dst=r3,r0=r4,type=[B>
DalvikVM - [BB]: [8]<0 NEW,FILLED_ARRAY,dst=r3,extra=[-88, -93, 102, -67, 106, 127, 104, -20, -42, 44, 34, -81, -29, -97, 107, -88, -66, 70, 90, -106, 122, 97, 91, -70, -109, 97, 118, 115, -33, 106, 29, -5, -56, 82, -92, 86, 116, -27, 56, 7, -39, -66, -64, -108, 107, 92, 69, -115]>
DalvikVM - [BB]: [9]<0 ARRAY,APUT,dst=r3,r0=r1,r1=r2,type=java.lang.Object>
DalvikVM - [BB]: [10]<9 MOV,CONST,dst=r2,type=void,extra=class patdroid.core.PrimitiveInfo?1>
DalvikVM - [BB]: [11]<0 ARRAY,APUT,dst=r0,r0=r1,r1=r2,type=java.lang.Object>
DalvikVM - [BB]: [12]<11 MOV,CONST,dst=r2,type=void,extra=class patdroid.core.PrimitiveInfo?2>
DalvikVM - [BB]: [13]<0 NEW,ARRAY,dst=r3,r0=r4,type=[B>
DalvikVM - [BB]: [14]<0 NEW,FILLED_ARRAY,dst=r3,extra=[41, -69, 8, 59, -109, -82, 109, -42, -5, 78, 47, 53, 53, -122, -59, 98, 24, -38, -103, -14, 66, 27, 75, 18, -58, -4, 116, -1, 62, -114, -113, -14, 41, 89, 7, 83, 72, 20, -112, 111, -31, 90, 70, 12, 59, -96, 62, 120]>
DalvikVM - [BB]: [15]<0 ARRAY,APUT,dst=r3,r0=r1,r1=r2,type=java.lang.Object>
DalvikVM - [BB]: [16]<0 STATIC,SPUT,r0=r1,type=java.lang.Object,extra=(com.google.update.StateRes, Servers)>
DalvikVM - [BB]: [17]<0 RETURN,VOID>
newStackFrame - [BB]: New Stack Frame: StackFrame com.google.update.StateRes/<clinit>[], pc 2 stored. 
newStackFrame - [BB]: Stack: [StackFrame com.google.update.UpdateService/doAdGetParam[]]
DalvikVM - [MSG]: Begin run instrumented methods!
DalvikVM - [BB]: Add frames [StackFrame com.google.update.StateRes/<clinit>[]]
DalvikVM - [BB]: fu.hao.trust.dvm.DalvikVM -> runInstrumentedMethods set pc to 0
Executor - [MSG]: 

Executor - [MSG]: <0 SPECIAL,ARGUMENT_SET,extra=[]> at com.google.update.StateRes/<clinit>[]
DalvikVM - [BB]: fu.hao.trust.dvm.Executor$OP_SP_ARGUMENTS -> jump set pc to 1
PluginManager - [MSG]: TaintSumBranch Tainted Res: {}
Executor - [MSG]: 

Executor - [MSG]: <1 MOV,CONST,dst=r4,type=void,extra=class patdroid.core.PrimitiveInfo?48> at com.google.update.StateRes/<clinit>[]
Executor - [DEBUG]: Mov const begin <1 MOV,CONST,dst=r4,type=void,extra=class patdroid.core.PrimitiveInfo?48>
DalvikVM - [WARN]: ar 4, (48, void)
Executor - [DEBUG]: data: 48 class patdroid.core.PrimitiveInfo
DalvikVM - [BB]: fu.hao.trust.dvm.Executor$OP_MOV_CONST -> jump set pc to 2
PluginManager - [MSG]: TaintSumBranch Tainted Res: {}
Executor - [MSG]: 

Executor - [MSG]: <2 NEW,ARRAY,dst=r0,r0=r4,type=[B> at com.google.update.StateRes/<clinit>[]
DalvikVM - [WARN]: ar 0, ([Lpatdroid.core.PrimitiveInfo;@266f4689, [B)
OP_NEW_ARRAY - [DEBUG]: A new array of [B in size 48 created.
DalvikVM - [BB]: fu.hao.trust.dvm.Executor$OP_NEW_ARRAY -> jump set pc to 3
TaintSumBranch - [BB]: Not a taint op <2 NEW,ARRAY,dst=r0,r0=r4,type=[B>
PluginManager - [MSG]: TaintSumBranch Tainted Res: {}
Executor - [MSG]: 

Executor - [MSG]: <3 NEW,FILLED_ARRAY,dst=r0,extra=[-45, -21, 111, -41, -42, 5, -112, 104, -114, 34, -69, -98, 109, -90, 76, 30, -119, 107, -82, 47, 39, 103, 20, 9, -42, -55, -14, -57, -25, 90, -75, 69, 20, 38, -14, -38, -121, 32, -93, -63, -110, -91, 62, 57, -110, -74, -26, 49]> at com.google.update.StateRes/<clinit>[]
DalvikVM - [WARN]: ar 0 ([Lpatdroid.core.PrimitiveInfo;@266f4689, [B), ([Lpatdroid.core.PrimitiveInfo;@1fe5cb31, null)
DalvikVM - [BB]: fu.hao.trust.dvm.Executor$OP_NEW_FILLED_ARRAY -> jump set pc to 4
TaintSumBranch - [BB]: Not a taint op <3 NEW,FILLED_ARRAY,dst=r0,extra=[-45, -21, 111, -41, -42, 5, -112, 104, -114, 34, -69, -98, 109, -90, 76, 30, -119, 107, -82, 47, 39, 103, 20, 9, -42, -55, -14, -57, -25, 90, -75, 69, 20, 38, -14, -38, -121, 32, -93, -63, -110, -91, 62, 57, -110, -74, -26, 49]>
PluginManager - [MSG]: TaintSumBranch Tainted Res: {}
Executor - [MSG]: 

Executor - [MSG]: <4 MOV,CONST,dst=r1,type=void,extra=class patdroid.core.PrimitiveInfo?3> at com.google.update.StateRes/<clinit>[]
Executor - [DEBUG]: Mov const begin <4 MOV,CONST,dst=r1,type=void,extra=class patdroid.core.PrimitiveInfo?3>
DalvikVM - [WARN]: ar 1, (3, void)
Executor - [DEBUG]: data: 3 class patdroid.core.PrimitiveInfo
DalvikVM - [BB]: fu.hao.trust.dvm.Executor$OP_MOV_CONST -> jump set pc to 5
PluginManager - [MSG]: TaintSumBranch Tainted Res: {}
Executor - [MSG]: 

Executor - [MSG]: <5 NEW,ARRAY,dst=r1,r0=r1,type=[[B> at com.google.update.StateRes/<clinit>[]
DalvikVM - [WARN]: ar 1 (3, void), ([Ljava.lang.Object;@7050ad86, [[B)
OP_NEW_ARRAY - [DEBUG]: A new array of [[B in size 3 created.
DalvikVM - [BB]: fu.hao.trust.dvm.Executor$OP_NEW_ARRAY -> jump set pc to 6
TaintSumBranch - [BB]: Not a taint op <5 NEW,ARRAY,dst=r1,r0=r1,type=[[B>
PluginManager - [MSG]: TaintSumBranch Tainted Res: {}
Executor - [MSG]: 

Executor - [MSG]: <6 MOV,CONST,dst=r2,type=void,extra=class patdroid.core.PrimitiveInfo?0> at com.google.update.StateRes/<clinit>[]
Executor - [DEBUG]: Mov const begin <6 MOV,CONST,dst=r2,type=void,extra=class patdroid.core.PrimitiveInfo?0>
DalvikVM - [WARN]: ar 2, (0, void)
Executor - [DEBUG]: data: 0 class patdroid.core.PrimitiveInfo
DalvikVM - [BB]: fu.hao.trust.dvm.Executor$OP_MOV_CONST -> jump set pc to 7
PluginManager - [MSG]: TaintSumBranch Tainted Res: {}
Executor - [MSG]: 

Executor - [MSG]: <7 NEW,ARRAY,dst=r3,r0=r4,type=[B> at com.google.update.StateRes/<clinit>[]
DalvikVM - [WARN]: ar 3, ([Lpatdroid.core.PrimitiveInfo;@40b07205, [B)
OP_NEW_ARRAY - [DEBUG]: A new array of [B in size 48 created.
DalvikVM - [BB]: fu.hao.trust.dvm.Executor$OP_NEW_ARRAY -> jump set pc to 8
TaintSumBranch - [BB]: Not a taint op <7 NEW,ARRAY,dst=r3,r0=r4,type=[B>
PluginManager - [MSG]: TaintSumBranch Tainted Res: {}
Executor - [MSG]: 

Executor - [MSG]: <8 NEW,FILLED_ARRAY,dst=r3,extra=[-88, -93, 102, -67, 106, 127, 104, -20, -42, 44, 34, -81, -29, -97, 107, -88, -66, 70, 90, -106, 122, 97, 91, -70, -109, 97, 118, 115, -33, 106, 29, -5, -56, 82, -92, 86, 116, -27, 56, 7, -39, -66, -64, -108, 107, 92, 69, -115]> at com.google.update.StateRes/<clinit>[]
DalvikVM - [WARN]: ar 3 ([Lpatdroid.core.PrimitiveInfo;@40b07205, [B), ([Lpatdroid.core.PrimitiveInfo;@277f0e53, null)
DalvikVM - [BB]: fu.hao.trust.dvm.Executor$OP_NEW_FILLED_ARRAY -> jump set pc to 9
TaintSumBranch - [BB]: Not a taint op <8 NEW,FILLED_ARRAY,dst=r3,extra=[-88, -93, 102, -67, 106, 127, 104, -20, -42, 44, 34, -81, -29, -97, 107, -88, -66, 70, 90, -106, 122, 97, 91, -70, -109, 97, 118, 115, -33, 106, 29, -5, -56, 82, -92, 86, 116, -27, 56, 7, -39, -66, -64, -108, 107, 92, 69, -115]>
PluginManager - [MSG]: TaintSumBranch Tainted Res: {}
Executor - [MSG]: 

Executor - [MSG]: <9 ARRAY,APUT,dst=r3,r0=r1,r1=r2,type=java.lang.Object> at com.google.update.StateRes/<clinit>[]
DalvikVM - [BB]: fu.hao.trust.dvm.Executor$OP_ARRAY_PUT -> jump set pc to 10
DalvikVM - [WARN]: ar 3 ([Lpatdroid.core.PrimitiveInfo;@277f0e53, null), ([Lpatdroid.core.PrimitiveInfo;@277f0e53, java.lang.Object)
Executor - [BB]: index: 0, length: 3
Executor - [DEBUG]: data: [Lpatdroid.core.PrimitiveInfo;@277f0e53 array: [Ljava.lang.Object;@7050ad86
PluginManager - [MSG]: TaintSumBranch Tainted Res: {}
Executor - [MSG]: 

Executor - [MSG]: <10 MOV,CONST,dst=r2,type=void,extra=class patdroid.core.PrimitiveInfo?1> at com.google.update.StateRes/<clinit>[]
Executor - [DEBUG]: Mov const begin <10 MOV,CONST,dst=r2,type=void,extra=class patdroid.core.PrimitiveInfo?1>
DalvikVM - [WARN]: ar 2 (0, void), (1, void)
Executor - [DEBUG]: data: 1 class patdroid.core.PrimitiveInfo
DalvikVM - [BB]: fu.hao.trust.dvm.Executor$OP_MOV_CONST -> jump set pc to 11
PluginManager - [MSG]: TaintSumBranch Tainted Res: {}
Executor - [MSG]: 

Executor - [MSG]: <11 ARRAY,APUT,dst=r0,r0=r1,r1=r2,type=java.lang.Object> at com.google.update.StateRes/<clinit>[]
DalvikVM - [BB]: fu.hao.trust.dvm.Executor$OP_ARRAY_PUT -> jump set pc to 12
DalvikVM - [WARN]: ar 0 ([Lpatdroid.core.PrimitiveInfo;@1fe5cb31, null), ([Lpatdroid.core.PrimitiveInfo;@1fe5cb31, java.lang.Object)
Executor - [BB]: index: 1, length: 3
Executor - [DEBUG]: data: [Lpatdroid.core.PrimitiveInfo;@1fe5cb31 array: [Ljava.lang.Object;@7050ad86
PluginManager - [MSG]: TaintSumBranch Tainted Res: {}
Executor - [MSG]: 

Executor - [MSG]: <12 MOV,CONST,dst=r2,type=void,extra=class patdroid.core.PrimitiveInfo?2> at com.google.update.StateRes/<clinit>[]
Executor - [DEBUG]: Mov const begin <12 MOV,CONST,dst=r2,type=void,extra=class patdroid.core.PrimitiveInfo?2>
DalvikVM - [WARN]: ar 2 (1, void), (2, void)
Executor - [DEBUG]: data: 2 class patdroid.core.PrimitiveInfo
DalvikVM - [BB]: fu.hao.trust.dvm.Executor$OP_MOV_CONST -> jump set pc to 13
PluginManager - [MSG]: TaintSumBranch Tainted Res: {}
Executor - [MSG]: 

Executor - [MSG]: <13 NEW,ARRAY,dst=r3,r0=r4,type=[B> at com.google.update.StateRes/<clinit>[]
DalvikVM - [WARN]: ar 3 ([Lpatdroid.core.PrimitiveInfo;@277f0e53, java.lang.Object), ([Lpatdroid.core.PrimitiveInfo;@dc771, [B)
OP_NEW_ARRAY - [DEBUG]: A new array of [B in size 48 created.
DalvikVM - [BB]: fu.hao.trust.dvm.Executor$OP_NEW_ARRAY -> jump set pc to 14
TaintSumBranch - [BB]: Not a taint op <13 NEW,ARRAY,dst=r3,r0=r4,type=[B>
PluginManager - [MSG]: TaintSumBranch Tainted Res: {}
Executor - [MSG]: 

Executor - [MSG]: <14 NEW,FILLED_ARRAY,dst=r3,extra=[41, -69, 8, 59, -109, -82, 109, -42, -5, 78, 47, 53, 53, -122, -59, 98, 24, -38, -103, -14, 66, 27, 75, 18, -58, -4, 116, -1, 62, -114, -113, -14, 41, 89, 7, 83, 72, 20, -112, 111, -31, 90, 70, 12, 59, -96, 62, 120]> at com.google.update.StateRes/<clinit>[]
DalvikVM - [WARN]: ar 3 ([Lpatdroid.core.PrimitiveInfo;@dc771, [B), ([Lpatdroid.core.PrimitiveInfo;@6857f67, null)
DalvikVM - [BB]: fu.hao.trust.dvm.Executor$OP_NEW_FILLED_ARRAY -> jump set pc to 15
TaintSumBranch - [BB]: Not a taint op <14 NEW,FILLED_ARRAY,dst=r3,extra=[41, -69, 8, 59, -109, -82, 109, -42, -5, 78, 47, 53, 53, -122, -59, 98, 24, -38, -103, -14, 66, 27, 75, 18, -58, -4, 116, -1, 62, -114, -113, -14, 41, 89, 7, 83, 72, 20, -112, 111, -31, 90, 70, 12, 59, -96, 62, 120]>
PluginManager - [MSG]: TaintSumBranch Tainted Res: {}
Executor - [MSG]: 

Executor - [MSG]: <15 ARRAY,APUT,dst=r3,r0=r1,r1=r2,type=java.lang.Object> at com.google.update.StateRes/<clinit>[]
DalvikVM - [BB]: fu.hao.trust.dvm.Executor$OP_ARRAY_PUT -> jump set pc to 16
DalvikVM - [WARN]: ar 3 ([Lpatdroid.core.PrimitiveInfo;@6857f67, null), ([Lpatdroid.core.PrimitiveInfo;@6857f67, java.lang.Object)
Executor - [BB]: index: 2, length: 3
Executor - [DEBUG]: data: [Lpatdroid.core.PrimitiveInfo;@6857f67 array: [Ljava.lang.Object;@7050ad86
PluginManager - [MSG]: TaintSumBranch Tainted Res: {}
Executor - [MSG]: 

Executor - [MSG]: <16 STATIC,SPUT,r0=r1,type=java.lang.Object,extra=(com.google.update.StateRes, Servers)> at com.google.update.StateRes/<clinit>[]
Caller@4: func@fu.hao.trust.dvm.Executor$OP_STATIC_PUT_FIELD - [BB]: getClass com.google.update.StateRes at fu.hao.trust.dvm.VMHeap@57947a96
Caller: func@fu.hao.trust.dvm.Executor$OP_STATIC_PUT_FIELD - [BB]: Get DVMClass for type com.google.update.StateRes
Caller@4: func@fu.hao.trust.dvm.Executor$OP_STATIC_PUT_FIELD - [BB]: getClass com.google.update.StateRes at fu.hao.trust.dvm.VMHeap@57947a96
class fu.hao.trust.dvm.Executor$OP_STATIC_PUT_FIELD - [DEBUG]: expect sput Servers from com.google.update.StateRes
class fu.hao.trust.dvm.Executor$OP_STATIC_PUT_FIELD - [DEBUG]: real sput [Ljava.lang.Object;@7050ad86 from fu.hao.trust.dvm.DVMClass@8a0cbbe
DalvikVM - [BB]: fu.hao.trust.dvm.Executor$OP_STATIC_PUT_FIELD -> jump set pc to 17
Caller@4: flow@fu.hao.trust.analysis.Taint$TAINT_OP_STATIC_PUT_FIELD - [BB]: getClass com.google.update.StateRes at fu.hao.trust.dvm.VMHeap@57947a96
Caller: flow@fu.hao.trust.analysis.Taint$TAINT_OP_STATIC_PUT_FIELD - [BB]: Get DVMClass for type com.google.update.StateRes
Caller@4: flow@fu.hao.trust.analysis.Taint$TAINT_OP_STATIC_PUT_FIELD - [BB]: getClass com.google.update.StateRes at fu.hao.trust.dvm.VMHeap@57947a96
PluginManager - [MSG]: TaintSumBranch Tainted Res: {}
Executor - [MSG]: 

Executor - [MSG]: <17 RETURN,VOID> at com.google.update.StateRes/<clinit>[]
class fu.hao.trust.dvm.Executor$OP_RETURN_VOID - [DEBUG]: Return void
DalvikVM - [BB]: stack [StackFrame com.google.update.UpdateService/doAdGetParam[]]
DalvikVM - [BB]: Back to the last stack frame.StackFrame com.google.update.UpdateService/doAdGetParam[]
PluginManager - [MSG]: TaintSumBranch Tainted Res: {}
DalvikVM - [MSG]: Finish running instrumented methods! Back to StackFrame com.google.update.UpdateService/doAdGetParam[]
Caller: func@fu.hao.trust.dvm.Executor$OP_STATIC_GET_FIELD - [BB]: Get DVMClass for type com.google.update.StateRes
Caller@4: func@fu.hao.trust.dvm.Executor$OP_STATIC_GET_FIELD - [BB]: getClass com.google.update.StateRes at fu.hao.trust.dvm.VMHeap@57947a96
DalvikVM - [WARN]: ar 3, ([Ljava.lang.Object;@7050ad86, [[B)
OP_STATIC_GET_FIELD - [DEBUG]: Sget [Ljava.lang.Object;@7050ad86, from fu.hao.trust.dvm.DVMClass@8a0cbbe
OP_STATIC_GET_FIELD - [DEBUG]: Expect sget Servers, a [[B from com.google.update.StateRes
DalvikVM - [BB]: fu.hao.trust.dvm.Executor$OP_STATIC_GET_FIELD -> jump set pc to 3
Caller@4: flow@fu.hao.trust.analysis.Taint$TAINT_OP_STATIC_GET_FIELD - [BB]: getClass com.google.update.StateRes at fu.hao.trust.dvm.VMHeap@57947a96
Caller: flow@fu.hao.trust.analysis.Taint$TAINT_OP_STATIC_GET_FIELD - [BB]: Get DVMClass for type com.google.update.StateRes
Caller@4: flow@fu.hao.trust.analysis.Taint$TAINT_OP_STATIC_GET_FIELD - [BB]: getClass com.google.update.StateRes at fu.hao.trust.dvm.VMHeap@57947a96
PluginManager - [MSG]: TaintSumBranch Tainted Res: {}
Executor - [MSG]: 

Executor - [MSG]: <3 ARITHMETIC,ARRAY_LENGTH,dst=r3,r0=r3,type=int> at com.google.update.UpdateService/doAdGetParam[]
DalvikVM - [BB]: fu.hao.trust.dvm.Executor$OP_ARITHETIC -> jump set pc to 4
DalvikVM - [WARN]: ar 3 ([Ljava.lang.Object;@7050ad86, [[B), (3, int)
OP_A_ARRAY_LENGTH - [DEBUG]: Array len 3
TaintSumBranch - [BB]: Not a taint op <3 ARITHMETIC,ARRAY_LENGTH,dst=r3,r0=r3,type=int>
PluginManager - [MSG]: TaintSumBranch Tainted Res: {}
Executor - [MSG]: 

Executor - [MSG]: <4 IF,LT,r0=r0,r1=r3,extra=index:6> at com.google.update.UpdateService/doAdGetParam[]
OP_CMP - [DEBUG]: r1 data 3
OP_CMP - [DEBUG]: r1 type int
OP_CMP - [BB]: Types: void, int
OP_CMP - [DEBUG]: r0 data 0
OP_CMP - [DEBUG]: r0 type void
Executor - [DEBUG]: Ops: 0, 3
DalvikVM - [BB]: fu.hao.trust.dvm.Executor$OP_IF_LT -> jump set pc to 6
OP_IF_LT - [DEBUG]: less: <4 IF,LT,r0=r0,r1=r3,extra=index:6>
PluginManager - [MSG]: TaintSumBranch Tainted Res: {}
Executor - [MSG]: 

Executor - [MSG]: <6 NEW,INSTANCE,dst=r3,type=java.lang.StringBuilder> at com.google.update.UpdateService/doAdGetParam[]
OP_NEW_INSTANCE - [DEBUG]: [reg 3@UpdateService/doAdGetParam]
DalvikVM - [WARN]: ar 3 (3, int), (null, java.lang.StringBuilder)
OP_NEW_INSTANCE - [BB]: Reflecable instance.
DalvikVM - [BB]: fu.hao.trust.dvm.Executor$OP_NEW_INSTANCE -> jump set pc to 7
TaintSumBranch - [BB]: Rdst [reg 3@UpdateService/doAdGetParam]
PluginManager - [MSG]: TaintSumBranch Tainted Res: {}
Executor - [MSG]: 

Executor - [MSG]: <7 INVOKE,DIRECT,extra=[java.lang.StringBuilder/<init>[], [3]]> at com.google.update.UpdateService/doAdGetParam[]
Executor - [MSG]: arg0 obj: null
Executor - [BB]: java.lang.StringBuilder/<init>[] is a constructor!
DalvikVM - [WARN]: ar 3 (null, java.lang.StringBuilder), (, void)
Executor - [DEBUG]: Reflected init instance: , class java.lang.StringBuilder
DalvikVM - [BB]: fu.hao.trust.dvm.Executor -> jump set pc to 8
TaintSumBranch - [BB]: <java.lang.StringBuilder: void <init>()>
TaintSumBranch - [DEBUG]: Not a taint call: <java.lang.StringBuilder: void <init>()>
PluginManager - [MSG]: TaintSumBranch Tainted Res: {}
Executor - [MSG]: 

Executor - [MSG]: <8 NEW,INSTANCE,dst=r4,type=java.lang.String> at com.google.update.UpdateService/doAdGetParam[]
OP_NEW_INSTANCE - [DEBUG]: [reg 4@UpdateService/doAdGetParam]
DalvikVM - [WARN]: ar 4, (null, java.lang.String)
OP_NEW_INSTANCE - [BB]: Reflecable instance.
DalvikVM - [BB]: fu.hao.trust.dvm.Executor$OP_NEW_INSTANCE -> jump set pc to 9
TaintSumBranch - [BB]: Rdst [reg 4@UpdateService/doAdGetParam]
PluginManager - [MSG]: TaintSumBranch Tainted Res: {}
Executor - [MSG]: 

Executor - [MSG]: <9 STATIC,SGET,r0=r5,type=java.lang.Object,extra=(com.google.update.StateRes, Servers)> at com.google.update.UpdateService/doAdGetParam[]
Caller@4: func@fu.hao.trust.dvm.Executor$OP_STATIC_GET_FIELD - [BB]: getClass com.google.update.StateRes at fu.hao.trust.dvm.VMHeap@57947a96
Caller: func@fu.hao.trust.dvm.Executor$OP_STATIC_GET_FIELD - [BB]: Get DVMClass for type com.google.update.StateRes
Caller@4: func@fu.hao.trust.dvm.Executor$OP_STATIC_GET_FIELD - [BB]: getClass com.google.update.StateRes at fu.hao.trust.dvm.VMHeap@57947a96
DalvikVM - [WARN]: ar 5, ([Ljava.lang.Object;@7050ad86, [[B)
OP_STATIC_GET_FIELD - [DEBUG]: Sget [Ljava.lang.Object;@7050ad86, from fu.hao.trust.dvm.DVMClass@8a0cbbe
OP_STATIC_GET_FIELD - [DEBUG]: Expect sget Servers, a [[B from com.google.update.StateRes
DalvikVM - [BB]: fu.hao.trust.dvm.Executor$OP_STATIC_GET_FIELD -> jump set pc to 10
Caller@4: flow@fu.hao.trust.analysis.Taint$TAINT_OP_STATIC_GET_FIELD - [BB]: getClass com.google.update.StateRes at fu.hao.trust.dvm.VMHeap@57947a96
Caller: flow@fu.hao.trust.analysis.Taint$TAINT_OP_STATIC_GET_FIELD - [BB]: Get DVMClass for type com.google.update.StateRes
Caller@4: flow@fu.hao.trust.analysis.Taint$TAINT_OP_STATIC_GET_FIELD - [BB]: getClass com.google.update.StateRes at fu.hao.trust.dvm.VMHeap@57947a96
PluginManager - [MSG]: TaintSumBranch Tainted Res: {}
Executor - [MSG]: 

Executor - [MSG]: <10 ARRAY,AGET,dst=r5,r0=r5,r1=r0,type=java.lang.Object> at com.google.update.UpdateService/doAdGetParam[]
DalvikVM - [BB]: fu.hao.trust.dvm.Executor$OP_ARRAY_GET -> jump set pc to 11
Executor - [BB]: Array: [Ljava.lang.Object;@7050ad86
Executor - [BB]: Length: 3
Executor - [BB]: Index: 0
Executor - [DEBUG]: Elem: [Lpatdroid.core.PrimitiveInfo;@277f0e53 at 0 of [Ljava.lang.Object;@7050ad86
DalvikVM - [WARN]: ar 5 ([Ljava.lang.Object;@7050ad86, [[B), ([Lpatdroid.core.PrimitiveInfo;@277f0e53, java.lang.Object)
PluginManager - [MSG]: TaintSumBranch Tainted Res: {}
Executor - [MSG]: 

Executor - [MSG]: <11 INVOKE,STATIC,extra=[com.google.update.Utils/decrypt[[B], [5]]> at com.google.update.UpdateService/doAdGetParam[]
DalvikVM - [BB]: fu.hao.trust.dvm.Executor -> jump set pc to 12
DalvikVM - [BB]: New method call: com.google.update.Utils/decrypt[[B]
DalvikVM - [BB]: [0]<0 SPECIAL,ARGUMENT_SET,extra=[4]>
DalvikVM - [BB]: [1]<0 NEW,INSTANCE,dst=r1,type=javax.crypto.spec.SecretKeySpec>
DalvikVM - [BB]: [2]<0 STATIC,SGET,r0=r2,type=java.lang.Object,extra=(com.google.update.Utils, defPassword)>
DalvikVM - [BB]: [3]<2 MOV,CONST,dst=r3,type=java.lang.String,extra="AES">
DalvikVM - [BB]: [4]<0 INVOKE,DIRECT,extra=[javax.crypto.spec.SecretKeySpec/<init>[[B, java.lang.String], [1, 2, 3]]>
DalvikVM - [BB]: [5]<4 MOV,CONST,dst=r2,type=java.lang.String,extra="AES">
DalvikVM - [BB]: [6]<0 INVOKE,STATIC,extra=[javax.crypto.Cipher/getInstance[java.lang.String], [2]]>
DalvikVM - [BB]: [7]<0 MOV,RESULT,dst=r0,type=java.lang.Object>
DalvikVM - [BB]: [8]<7 MOV,CONST,dst=r2,type=void,extra=class patdroid.core.PrimitiveInfo?2>
DalvikVM - [BB]: [9]<0 INVOKE,VIRTUAL,extra=[javax.crypto.Cipher/init[int, java.security.Key], [0, 2, 1]]>
DalvikVM - [BB]: [10]<0 INVOKE,VIRTUAL,extra=[javax.crypto.Cipher/doFinal[[B], [0, 4]]>
DalvikVM - [BB]: [11]<0 MOV,RESULT,dst=r2,type=java.lang.Object>
DalvikVM - [BB]: [12]<0 RETURN,VALUE,r0=r2,type=java.lang.Object>
newStackFrame - [BB]: New Stack Frame: StackFrame com.google.update.Utils/decrypt[[B], pc 12 stored. 
newStackFrame - [BB]: Add frame StackFrame com.google.update.Utils/decrypt[[B]
newStackFrame - [BB]: Stack: [StackFrame com.google.update.UpdateService/doAdGetParam[], StackFrame com.google.update.Utils/decrypt[[B]]
PluginManager - [MSG]: TaintSumBranch Tainted Res: {}
DalvikVM - [BB]: fu.hao.trust.dvm.Executor -> execute set pc to 0
Executor - [MSG]: 

Executor - [MSG]: <0 SPECIAL,ARGUMENT_SET,extra=[4]> at com.google.update.Utils/decrypt[[B]
DalvikVM - [WARN]: ar 4, ([Lpatdroid.core.PrimitiveInfo;@277f0e53, java.lang.Object)
Executor - [DEBUG]: params: [Lpatdroid.core.PrimitiveInfo;@277f0e53
DalvikVM - [BB]: fu.hao.trust.dvm.Executor$OP_SP_ARGUMENTS -> jump set pc to 1
PluginManager - [MSG]: TaintSumBranch Tainted Res: {}
Executor - [MSG]: 

Executor - [MSG]: <1 NEW,INSTANCE,dst=r1,type=javax.crypto.spec.SecretKeySpec> at com.google.update.Utils/decrypt[[B]
OP_NEW_INSTANCE - [DEBUG]: [reg 1@Utils/decrypt]
DalvikVM - [WARN]: ar 1, (null, javax.crypto.spec.SecretKeySpec)
OP_NEW_INSTANCE - [BB]: Reflecable instance.
DalvikVM - [BB]: fu.hao.trust.dvm.Executor$OP_NEW_INSTANCE -> jump set pc to 2
TaintSumBranch - [BB]: Rdst [reg 1@Utils/decrypt]
PluginManager - [MSG]: TaintSumBranch Tainted Res: {}
Executor - [MSG]: 

Executor - [MSG]: <2 STATIC,SGET,r0=r2,type=java.lang.Object,extra=(com.google.update.Utils, defPassword)> at com.google.update.Utils/decrypt[[B]
Caller@4: func@fu.hao.trust.dvm.Executor$OP_STATIC_GET_FIELD - [BB]: getClass com.google.update.Utils at fu.hao.trust.dvm.VMHeap@57947a96
Caller: getClass@fu.hao.trust.dvm.VMHeap - [BB]: new class representation for com.google.update.Utils at fu.hao.trust.dvm.VMHeap@57947a96
DalvikVM - [BB]: New method call: com.google.update.Utils/<clinit>[]
DalvikVM - [BB]: [0]<0 SPECIAL,ARGUMENT_SET,extra=[]>
DalvikVM - [BB]: [1]<0 MOV,CONST,dst=r0,type=void,extra=class patdroid.core.PrimitiveInfo?16>
DalvikVM - [BB]: [2]<0 NEW,ARRAY,dst=r0,r0=r0,type=[B>
DalvikVM - [BB]: [3]<0 NEW,FILLED_ARRAY,dst=r0,extra=[70, 117, 99, 107, 95, 115, 69, 120, 121, 45, 97, 76, 108, 33, 80, 119]>
DalvikVM - [BB]: [4]<0 STATIC,SPUT,r0=r0,type=java.lang.Object,extra=(com.google.update.Utils, defPassword)>
DalvikVM - [BB]: [5]<0 RETURN,VOID>
newStackFrame - [BB]: New Stack Frame: StackFrame com.google.update.Utils/<clinit>[], pc 2 stored. 
newStackFrame - [BB]: Stack: [StackFrame com.google.update.UpdateService/doAdGetParam[], StackFrame com.google.update.Utils/decrypt[[B]]
DalvikVM - [MSG]: Begin run instrumented methods!
DalvikVM - [BB]: Add frames [StackFrame com.google.update.Utils/<clinit>[]]
DalvikVM - [BB]: fu.hao.trust.dvm.DalvikVM -> runInstrumentedMethods set pc to 0
Executor - [MSG]: 

Executor - [MSG]: <0 SPECIAL,ARGUMENT_SET,extra=[]> at com.google.update.Utils/<clinit>[]
DalvikVM - [BB]: fu.hao.trust.dvm.Executor$OP_SP_ARGUMENTS -> jump set pc to 1
PluginManager - [MSG]: TaintSumBranch Tainted Res: {}
Executor - [MSG]: 

Executor - [MSG]: <1 MOV,CONST,dst=r0,type=void,extra=class patdroid.core.PrimitiveInfo?16> at com.google.update.Utils/<clinit>[]
Executor - [DEBUG]: Mov const begin <1 MOV,CONST,dst=r0,type=void,extra=class patdroid.core.PrimitiveInfo?16>
DalvikVM - [WARN]: ar 0, (16, void)
Executor - [DEBUG]: data: 16 class patdroid.core.PrimitiveInfo
DalvikVM - [BB]: fu.hao.trust.dvm.Executor$OP_MOV_CONST -> jump set pc to 2
PluginManager - [MSG]: TaintSumBranch Tainted Res: {}
Executor - [MSG]: 

Executor - [MSG]: <2 NEW,ARRAY,dst=r0,r0=r0,type=[B> at com.google.update.Utils/<clinit>[]
DalvikVM - [WARN]: ar 0 (16, void), ([Lpatdroid.core.PrimitiveInfo;@7c14dcba, [B)
OP_NEW_ARRAY - [DEBUG]: A new array of [B in size 16 created.
DalvikVM - [BB]: fu.hao.trust.dvm.Executor$OP_NEW_ARRAY -> jump set pc to 3
TaintSumBranch - [BB]: Not a taint op <2 NEW,ARRAY,dst=r0,r0=r0,type=[B>
PluginManager - [MSG]: TaintSumBranch Tainted Res: {}
Executor - [MSG]: 

Executor - [MSG]: <3 NEW,FILLED_ARRAY,dst=r0,extra=[70, 117, 99, 107, 95, 115, 69, 120, 121, 45, 97, 76, 108, 33, 80, 119]> at com.google.update.Utils/<clinit>[]
DalvikVM - [WARN]: ar 0 ([Lpatdroid.core.PrimitiveInfo;@7c14dcba, [B), ([Lpatdroid.core.PrimitiveInfo;@7b54cbdf, null)
DalvikVM - [BB]: fu.hao.trust.dvm.Executor$OP_NEW_FILLED_ARRAY -> jump set pc to 4
TaintSumBranch - [BB]: Not a taint op <3 NEW,FILLED_ARRAY,dst=r0,extra=[70, 117, 99, 107, 95, 115, 69, 120, 121, 45, 97, 76, 108, 33, 80, 119]>
PluginManager - [MSG]: TaintSumBranch Tainted Res: {}
Executor - [MSG]: 

Executor - [MSG]: <4 STATIC,SPUT,r0=r0,type=java.lang.Object,extra=(com.google.update.Utils, defPassword)> at com.google.update.Utils/<clinit>[]
Caller@4: func@fu.hao.trust.dvm.Executor$OP_STATIC_PUT_FIELD - [BB]: getClass com.google.update.Utils at fu.hao.trust.dvm.VMHeap@57947a96
Caller: func@fu.hao.trust.dvm.Executor$OP_STATIC_PUT_FIELD - [BB]: Get DVMClass for type com.google.update.Utils
Caller@4: func@fu.hao.trust.dvm.Executor$OP_STATIC_PUT_FIELD - [BB]: getClass com.google.update.Utils at fu.hao.trust.dvm.VMHeap@57947a96
class fu.hao.trust.dvm.Executor$OP_STATIC_PUT_FIELD - [DEBUG]: expect sput defPassword from com.google.update.Utils
class fu.hao.trust.dvm.Executor$OP_STATIC_PUT_FIELD - [DEBUG]: real sput [Lpatdroid.core.PrimitiveInfo;@7b54cbdf from fu.hao.trust.dvm.DVMClass@3da776fa
DalvikVM - [BB]: fu.hao.trust.dvm.Executor$OP_STATIC_PUT_FIELD -> jump set pc to 5
Caller@4: flow@fu.hao.trust.analysis.Taint$TAINT_OP_STATIC_PUT_FIELD - [BB]: getClass com.google.update.Utils at fu.hao.trust.dvm.VMHeap@57947a96
Caller: flow@fu.hao.trust.analysis.Taint$TAINT_OP_STATIC_PUT_FIELD - [BB]: Get DVMClass for type com.google.update.Utils
Caller@4: flow@fu.hao.trust.analysis.Taint$TAINT_OP_STATIC_PUT_FIELD - [BB]: getClass com.google.update.Utils at fu.hao.trust.dvm.VMHeap@57947a96
PluginManager - [MSG]: TaintSumBranch Tainted Res: {}
Executor - [MSG]: 

Executor - [MSG]: <5 RETURN,VOID> at com.google.update.Utils/<clinit>[]
class fu.hao.trust.dvm.Executor$OP_RETURN_VOID - [DEBUG]: Return void
DalvikVM - [BB]: stack [StackFrame com.google.update.UpdateService/doAdGetParam[], StackFrame com.google.update.Utils/decrypt[[B]]
DalvikVM - [BB]: Back to the last stack frame.StackFrame com.google.update.Utils/decrypt[[B]
PluginManager - [MSG]: TaintSumBranch Tainted Res: {}
DalvikVM - [MSG]: Finish running instrumented methods! Back to StackFrame com.google.update.Utils/decrypt[[B]
Caller: func@fu.hao.trust.dvm.Executor$OP_STATIC_GET_FIELD - [BB]: Get DVMClass for type com.google.update.Utils
Caller@4: func@fu.hao.trust.dvm.Executor$OP_STATIC_GET_FIELD - [BB]: getClass com.google.update.Utils at fu.hao.trust.dvm.VMHeap@57947a96
DalvikVM - [WARN]: ar 2, ([Lpatdroid.core.PrimitiveInfo;@7b54cbdf, [B)
OP_STATIC_GET_FIELD - [DEBUG]: Sget [Lpatdroid.core.PrimitiveInfo;@7b54cbdf, from fu.hao.trust.dvm.DVMClass@3da776fa
OP_STATIC_GET_FIELD - [DEBUG]: Expect sget defPassword, a [B from com.google.update.Utils
DalvikVM - [BB]: fu.hao.trust.dvm.Executor$OP_STATIC_GET_FIELD -> jump set pc to 3
Caller@4: flow@fu.hao.trust.analysis.Taint$TAINT_OP_STATIC_GET_FIELD - [BB]: getClass com.google.update.Utils at fu.hao.trust.dvm.VMHeap@57947a96
Caller: flow@fu.hao.trust.analysis.Taint$TAINT_OP_STATIC_GET_FIELD - [BB]: Get DVMClass for type com.google.update.Utils
Caller@4: flow@fu.hao.trust.analysis.Taint$TAINT_OP_STATIC_GET_FIELD - [BB]: getClass com.google.update.Utils at fu.hao.trust.dvm.VMHeap@57947a96
PluginManager - [MSG]: TaintSumBranch Tainted Res: {}
Executor - [MSG]: 

Executor - [MSG]: <3 MOV,CONST,dst=r3,type=java.lang.String,extra="AES"> at com.google.update.Utils/decrypt[[B]
Executor - [DEBUG]: Mov const begin <3 MOV,CONST,dst=r3,type=java.lang.String,extra="AES">
DalvikVM - [WARN]: ar 3, (AES, java.lang.String)
Executor - [DEBUG]: data: AES class java.lang.String
DalvikVM - [BB]: fu.hao.trust.dvm.Executor$OP_MOV_CONST -> jump set pc to 4
PluginManager - [MSG]: TaintSumBranch Tainted Res: {}
Executor - [MSG]: 

Executor - [MSG]: <4 INVOKE,DIRECT,extra=[javax.crypto.spec.SecretKeySpec/<init>[[B, java.lang.String], [1, 2, 3]]> at com.google.update.Utils/decrypt[[B]
Executor - [MSG]: arg0 obj: null
Executor - [BB]: javax.crypto.spec.SecretKeySpec/<init>[[B, java.lang.String] is a constructor!
Executor - [BB]: arg1@reg2: [Lpatdroid.core.PrimitiveInfo;@7b54cbdf
Executor - [WARN]: Mismatch type! arg 1, real para type: class [Lpatdroid.core.PrimitiveInfo;, expected para type: class [B
Executor - [BB]: arg2@reg3: AES
Executor - [ERROR]: Error in reflection: javax.crypto.spec.SecretKeySpec.<init>([Lpatdroid.core.PrimitiveInfo;, java.lang.String)
