main - [MSG]: Src Chain: [(de.ecspride.MainActivity$A, getString)]
main - [DEBUG]: Src Entry event: (de.ecspride.MainActivity, onCreate)
DalvikVM - [MSG]: Begin run onCreate at C:\Users\hao\workspace\DroidBenchProj\VirtualDispatch4\app\VirtualDispatch4.apk
DalvikVM - [MSG]: RUN Method de.ecspride.MainActivity/onCreate[android.os.Bundle]
Executor - [DEBUG]: Read manifest csv: output/VirtualDispatch4.apk\VirtualDispatch4.apk_manifest.csv
Executor - [WARN]: output\VirtualDispatch4.apk\VirtualDispatch4.apk_manifest.csv (The system cannot find the file specified)
DalvikVM - [BB]: New method call: de.ecspride.MainActivity/onCreate[android.os.Bundle]
DalvikVM - [BB]: [0]<0 SPECIAL,ARGUMENT_SET,extra=[3, 4]>
DalvikVM - [BB]: [1]<0 INVOKE,SUPER,extra=[android.support.v7.app.ActionBarActivity/onCreate[android.os.Bundle], [3, 4]]>
DalvikVM - [BB]: [2]<1 MOV,CONST,dst=r0,type=void,extra=class patdroid.core.PrimitiveInfo?2130903064>
DalvikVM - [BB]: [3]<0 INVOKE,VIRTUAL,extra=[android.support.v7.app.ActionBarActivity/setContentView[int], [3, 0]]>
DalvikVM - [BB]: [4]<0 IF,NEZ,r0=r4,extra=index:15>
DalvikVM - [BB]: [5]<0 INVOKE,VIRTUAL,extra=[android.support.v7.app.ActionBar$Callback/getSupportFragmentManager[], [3]]>
DalvikVM - [BB]: [6]<0 MOV,RESULT,dst=r0,type=java.lang.Object>
DalvikVM - [BB]: [7]<0 INVOKE,VIRTUAL,extra=[android.support.v4.app.FragmentManager/beginTransaction[], [0]]>
DalvikVM - [BB]: [8]<0 MOV,RESULT,dst=r0,type=java.lang.Object>
DalvikVM - [BB]: [9]<8 MOV,CONST,dst=r1,type=void,extra=class patdroid.core.PrimitiveInfo?2131427388>
DalvikVM - [BB]: [10]<0 NEW,INSTANCE,dst=r2,type=de.ecspride.MainActivity$PlaceholderFragment>
DalvikVM - [BB]: [11]<0 INVOKE,DIRECT,extra=[de.ecspride.MainActivity$PlaceholderFragment/<init>[], [2]]>
DalvikVM - [BB]: [12]<0 INVOKE,VIRTUAL,extra=[android.support.v4.app.FragmentTransaction/add[int, android.support.v4.app.Fragment], [0, 1, 2]]>
DalvikVM - [BB]: [13]<0 MOV,RESULT,dst=r0,type=java.lang.Object>
DalvikVM - [BB]: [14]<0 INVOKE,VIRTUAL,extra=[android.support.v4.app.FragmentTransaction/commit[], [0]]>
DalvikVM - [BB]: [15]<0 INVOKE,DIRECT,extra=[de.ecspride.MainActivity/factoryTest[], [3]]>
DalvikVM - [BB]: [16]<0 RETURN,VOID>
newStackFrame - [BB]: New Stack Frame: StackFrame de.ecspride.MainActivity/onCreate[android.os.Bundle]
newStackFrame - [BB]: Add frame StackFrame de.ecspride.MainActivity/onCreate[android.os.Bundle]
newStackFrame - [BB]: Stack: [StackFrame de.ecspride.MainActivity/onCreate[android.os.Bundle]]
Executor - [MSG]: New chain obj with type de.ecspride.MainActivity
Activity - [BB]: New instance of de.ecspride.MainActivity
Caller@4: <init>@fu.hao.trust.dvm.DVMObject - [BB]: getClass de.ecspride.MainActivity at fu.hao.trust.dvm.VMHeap@b704be4
Caller: getClass@fu.hao.trust.dvm.VMHeap - [BB]: new class representation for de.ecspride.MainActivity at fu.hao.trust.dvm.VMHeap@b704be4
Caller@4: <init>@fu.hao.trust.dvm.DVMClass - [BB]: getClass android.support.v7.app.ActionBarActivity at fu.hao.trust.dvm.VMHeap@b704be4
Caller: getClass@fu.hao.trust.dvm.VMHeap - [BB]: new class representation for android.support.v7.app.ActionBarActivity at fu.hao.trust.dvm.VMHeap@b704be4
Caller@4: <init>@fu.hao.trust.dvm.DVMClass - [BB]: getClass android.support.v4.app.FragmentActivity at fu.hao.trust.dvm.VMHeap@b704be4
Caller: getClass@fu.hao.trust.dvm.VMHeap - [BB]: new class representation for android.support.v4.app.FragmentActivity at fu.hao.trust.dvm.VMHeap@b704be4
Caller@4: <init>@fu.hao.trust.dvm.DVMClass - [BB]: getClass android.app.Activity at fu.hao.trust.dvm.VMHeap@b704be4
Caller: getClass@fu.hao.trust.dvm.VMHeap - [BB]: new class representation for android.app.Activity at fu.hao.trust.dvm.VMHeap@b704be4
Caller@4: <init>@fu.hao.trust.dvm.DVMClass - [BB]: getClass android.content.ContextWrapper at fu.hao.trust.dvm.VMHeap@b704be4
Caller: getClass@fu.hao.trust.dvm.VMHeap - [BB]: new class representation for android.content.ContextWrapper at fu.hao.trust.dvm.VMHeap@b704be4
Caller@4: <init>@fu.hao.trust.dvm.DVMClass - [BB]: getClass android.content.Context at fu.hao.trust.dvm.VMHeap@b704be4
Caller: getClass@fu.hao.trust.dvm.VMHeap - [BB]: new class representation for android.content.Context at fu.hao.trust.dvm.VMHeap@b704be4
Caller@4: <init>@fu.hao.trust.dvm.DVMClass - [BB]: getClass fu.hao.trust.dvm.DVMObject at fu.hao.trust.dvm.VMHeap@b704be4
Caller: getClass@fu.hao.trust.dvm.VMHeap - [BB]: new class representation for fu.hao.trust.dvm.DVMObject at fu.hao.trust.dvm.VMHeap@b704be4
Caller: <init>@fu.hao.trust.dvm.DVMClass - [BB]: Get DVMClass for type fu.hao.trust.dvm.DVMObject
Caller@4: <init>@fu.hao.trust.dvm.DVMClass - [BB]: getClass fu.hao.trust.dvm.DVMObject at fu.hao.trust.dvm.VMHeap@b704be4
Caller: <init>@fu.hao.trust.dvm.DVMClass - [BB]: Get DVMClass for type android.content.Context
Caller@4: <init>@fu.hao.trust.dvm.DVMClass - [BB]: getClass android.content.Context at fu.hao.trust.dvm.VMHeap@b704be4
Caller: <init>@fu.hao.trust.dvm.DVMClass - [BB]: Get DVMClass for type android.content.ContextWrapper
Caller@4: <init>@fu.hao.trust.dvm.DVMClass - [BB]: getClass android.content.ContextWrapper at fu.hao.trust.dvm.VMHeap@b704be4
Caller: <init>@fu.hao.trust.dvm.DVMClass - [BB]: Get DVMClass for type android.app.Activity
Caller@4: <init>@fu.hao.trust.dvm.DVMClass - [BB]: getClass android.app.Activity at fu.hao.trust.dvm.VMHeap@b704be4
Caller: <init>@fu.hao.trust.dvm.DVMClass - [BB]: Get DVMClass for type android.support.v4.app.FragmentActivity
Caller@4: <init>@fu.hao.trust.dvm.DVMClass - [BB]: getClass android.support.v4.app.FragmentActivity at fu.hao.trust.dvm.VMHeap@b704be4
Caller: <init>@fu.hao.trust.dvm.DVMClass - [BB]: Get DVMClass for type android.support.v7.app.ActionBarActivity
Caller@4: <init>@fu.hao.trust.dvm.DVMClass - [BB]: getClass android.support.v7.app.ActionBarActivity at fu.hao.trust.dvm.VMHeap@b704be4
Caller: <init>@fu.hao.trust.dvm.DVMObject - [BB]: Get DVMClass for type de.ecspride.MainActivity
Caller@4: <init>@fu.hao.trust.dvm.DVMObject - [BB]: getClass de.ecspride.MainActivity at fu.hao.trust.dvm.VMHeap@b704be4
Activity - [MSG]: Not empty constructor
DalvikVM - [BB]: New method call: de.ecspride.MainActivity/<init>[]
DalvikVM - [BB]: [0]<0 SPECIAL,ARGUMENT_SET,extra=[0]>
DalvikVM - [BB]: [1]<0 INVOKE,DIRECT,extra=[android.support.v7.app.ActionBarActivity/<init>[], [0]]>
DalvikVM - [BB]: [2]<0 RETURN,VOID>
DalvikVM - [WARN]: ar -2, (Activity:instance number 1@de.ecspride.MainActivity, de.ecspride.MainActivity)
newStackFrame - [BB]: New Stack Frame: StackFrame de.ecspride.MainActivity/<init>[], pc -1 stored. 
newStackFrame - [BB]: Stack: [StackFrame de.ecspride.MainActivity/onCreate[android.os.Bundle]]
DalvikVM - [MSG]: Begin run instrumented methods!
DalvikVM - [BB]: Add frames [StackFrame de.ecspride.MainActivity/<init>[]]
DalvikVM - [BB]: fu.hao.trust.dvm.DalvikVM -> runInstrumentedMethods set pc to 0
Executor - [MSG]: 

Executor - [MSG]: <0 SPECIAL,ARGUMENT_SET,extra=[0]> at de.ecspride.MainActivity/<init>[]
DalvikVM - [WARN]: ar 0, (Activity:instance number 1@de.ecspride.MainActivity, de.ecspride.MainActivity)
Executor - [DEBUG]: params: Activity:instance number 1@de.ecspride.MainActivity
DalvikVM - [BB]: fu.hao.trust.dvm.Executor$OP_SP_ARGUMENTS -> jump set pc to 1
PluginManager - [MSG]: TaintSumBranch Tainted Res: {}
Executor - [MSG]: 

Executor - [MSG]: <1 INVOKE,DIRECT,extra=[android.support.v7.app.ActionBarActivity/<init>[], [0]]> at de.ecspride.MainActivity/<init>[]
Executor - [MSG]: arg0 obj: Activity:instance number 1@de.ecspride.MainActivity
Executor - [WARN]: Reflection error: android.support.v7.app.ActionBarActivity
DalvikVM - [BB]: fu.hao.trust.dvm.Executor -> jump set pc to 2
Unknown - [BB]: Unknown created!
DalvikVM - [WARN]: ar -1, ([Unknown var:null, type: void], void)
Executor - [WARN]: Found noInvokeMethod android.support.v7.app.ActionBarActivity/<init>[]
TaintSumBranch - [BB]: <android.support.v7.app.ActionBarActivity: void <init>()>
TaintSumBranch - [DEBUG]: Not a taint call: <android.support.v7.app.ActionBarActivity: void <init>()>
PluginManager - [MSG]: TaintSumBranch Tainted Res: {}
Executor - [MSG]: 

Executor - [MSG]: <2 RETURN,VOID> at de.ecspride.MainActivity/<init>[]
class fu.hao.trust.dvm.Executor$OP_RETURN_VOID - [DEBUG]: Return void
DalvikVM - [BB]: stack [StackFrame de.ecspride.MainActivity/onCreate[android.os.Bundle]]
DalvikVM - [BB]: Back to the last stack frame.StackFrame de.ecspride.MainActivity/onCreate[android.os.Bundle]
DalvikVM - [MSG]: Finish running instrumented methods! Back to StackFrame de.ecspride.MainActivity/onCreate[android.os.Bundle]
Activity - [MSG]: New Activity Created with type de.ecspride.MainActivity
DalvikVM - [BB]: New method call: de.ecspride.MainActivity/onCreate[android.os.Bundle]
DalvikVM - [BB]: [0]<0 SPECIAL,ARGUMENT_SET,extra=[3, 4]>
DalvikVM - [BB]: [1]<0 INVOKE,SUPER,extra=[android.support.v7.app.ActionBarActivity/onCreate[android.os.Bundle], [3, 4]]>
DalvikVM - [BB]: [2]<1 MOV,CONST,dst=r0,type=void,extra=class patdroid.core.PrimitiveInfo?2130903064>
DalvikVM - [BB]: [3]<0 INVOKE,VIRTUAL,extra=[android.support.v7.app.ActionBarActivity/setContentView[int], [3, 0]]>
DalvikVM - [BB]: [4]<0 IF,NEZ,r0=r4,extra=index:15>
DalvikVM - [BB]: [5]<0 INVOKE,VIRTUAL,extra=[android.support.v7.app.ActionBar$Callback/getSupportFragmentManager[], [3]]>
DalvikVM - [BB]: [6]<0 MOV,RESULT,dst=r0,type=java.lang.Object>
DalvikVM - [BB]: [7]<0 INVOKE,VIRTUAL,extra=[android.support.v4.app.FragmentManager/beginTransaction[], [0]]>
DalvikVM - [BB]: [8]<0 MOV,RESULT,dst=r0,type=java.lang.Object>
DalvikVM - [BB]: [9]<8 MOV,CONST,dst=r1,type=void,extra=class patdroid.core.PrimitiveInfo?2131427388>
DalvikVM - [BB]: [10]<0 NEW,INSTANCE,dst=r2,type=de.ecspride.MainActivity$PlaceholderFragment>
DalvikVM - [BB]: [11]<0 INVOKE,DIRECT,extra=[de.ecspride.MainActivity$PlaceholderFragment/<init>[], [2]]>
DalvikVM - [BB]: [12]<0 INVOKE,VIRTUAL,extra=[android.support.v4.app.FragmentTransaction/add[int, android.support.v4.app.Fragment], [0, 1, 2]]>
DalvikVM - [BB]: [13]<0 MOV,RESULT,dst=r0,type=java.lang.Object>
DalvikVM - [BB]: [14]<0 INVOKE,VIRTUAL,extra=[android.support.v4.app.FragmentTransaction/commit[], [0]]>
DalvikVM - [BB]: [15]<0 INVOKE,DIRECT,extra=[de.ecspride.MainActivity/factoryTest[], [3]]>
DalvikVM - [BB]: [16]<0 RETURN,VOID>
DalvikVM - [WARN]: ar -2, (Activity:instance number 1@de.ecspride.MainActivity, de.ecspride.MainActivity)
DalvikVM - [WARN]: ar -2, (null, android.os.Bundle)
newStackFrame - [BB]: New Stack Frame: StackFrame de.ecspride.MainActivity/onCreate[android.os.Bundle]
newStackFrame - [BB]: Stack: []
Activity - [BB]: Intent null
DalvikVM - [MSG]: Begin run instrumented methods!
DalvikVM - [BB]: Add frames [StackFrame de.ecspride.MainActivity/onCreate[android.os.Bundle]]
DalvikVM - [BB]: fu.hao.trust.dvm.DalvikVM -> runInstrumentedMethods set pc to 0
Executor - [MSG]: 

Executor - [MSG]: <0 SPECIAL,ARGUMENT_SET,extra=[3, 4]> at de.ecspride.MainActivity/onCreate[android.os.Bundle]
DalvikVM - [WARN]: ar 3, (Activity:instance number 1@de.ecspride.MainActivity, de.ecspride.MainActivity)
Executor - [DEBUG]: params: Activity:instance number 1@de.ecspride.MainActivity
DalvikVM - [WARN]: ar 4, (null, android.os.Bundle)
Executor - [DEBUG]: params: null
DalvikVM - [BB]: fu.hao.trust.dvm.Executor$OP_SP_ARGUMENTS -> jump set pc to 1
PluginManager - [MSG]: TaintSumBranch Tainted Res: {}
Executor - [MSG]: 

Executor - [MSG]: <1 INVOKE,SUPER,extra=[android.support.v7.app.ActionBarActivity/onCreate[android.os.Bundle], [3, 4]]> at de.ecspride.MainActivity/onCreate[android.os.Bundle]
Executor - [MSG]: arg0 obj: Activity:instance number 1@de.ecspride.MainActivity
Executor - [WARN]: Reflection error: android.support.v7.app.ActionBarActivity
DalvikVM - [BB]: fu.hao.trust.dvm.Executor -> jump set pc to 2
Unknown - [BB]: Unknown created!
DalvikVM - [WARN]: ar -1, ([Unknown var:null, type: void], void)
Executor - [WARN]: Found noInvokeMethod android.support.v7.app.ActionBarActivity/onCreate[android.os.Bundle]
PluginManager - [MSG]: TaintSumBranch Tainted Res: {}
Executor - [MSG]: 

Executor - [MSG]: <2 MOV,CONST,dst=r0,type=void,extra=class patdroid.core.PrimitiveInfo?2130903064> at de.ecspride.MainActivity/onCreate[android.os.Bundle]
Executor - [DEBUG]: Mov const begin <2 MOV,CONST,dst=r0,type=void,extra=class patdroid.core.PrimitiveInfo?2130903064>
DalvikVM - [WARN]: ar 0, (2130903064, void)
Executor - [DEBUG]: data: 2130903064 class patdroid.core.PrimitiveInfo
DalvikVM - [BB]: fu.hao.trust.dvm.Executor$OP_MOV_CONST -> jump set pc to 3
PluginManager - [MSG]: TaintSumBranch Tainted Res: {}
Executor - [MSG]: 

Executor - [MSG]: <3 INVOKE,VIRTUAL,extra=[android.support.v7.app.ActionBarActivity/setContentView[int], [3, 0]]> at de.ecspride.MainActivity/onCreate[android.os.Bundle]
Executor - [MSG]: arg0 obj: Activity:instance number 1@de.ecspride.MainActivity
Executor - [WARN]: Reflection error: android.support.v7.app.ActionBarActivity
DalvikVM - [BB]: fu.hao.trust.dvm.Executor -> jump set pc to 4
Unknown - [BB]: Unknown created!
DalvikVM - [WARN]: ar -1, ([Unknown var:null, type: void], void)
Executor - [WARN]: Found noInvokeMethod android.support.v7.app.ActionBarActivity/setContentView[int]
PluginManager - [MSG]: TaintSumBranch Tainted Res: {}
Executor - [MSG]: 

Executor - [MSG]: <4 IF,NEZ,r0=r4,extra=index:15> at de.ecspride.MainActivity/onCreate[android.os.Bundle]
OP_CMP - [DEBUG]: r0 data null
OP_CMP - [DEBUG]: r0 type android.os.Bundle
Executor - [DEBUG]: Ops: 0, 0
DalvikVM - [BB]: fu.hao.trust.dvm.Executor$OP_IF_NEZ -> jump set pc to 5
Executor - [DEBUG]: Equ: <4 IF,NEZ,r0=r4,extra=index:15>
PluginManager - [MSG]: TaintSumBranch Tainted Res: {}
Executor - [MSG]: 

Executor - [MSG]: <5 INVOKE,VIRTUAL,extra=[android.support.v7.app.ActionBar$Callback/getSupportFragmentManager[], [3]]> at de.ecspride.MainActivity/onCreate[android.os.Bundle]
Executor - [MSG]: arg0 obj: Activity:instance number 1@de.ecspride.MainActivity
Executor - [WARN]: Reflection error: android.support.v7.app.ActionBar$Callback
DalvikVM - [BB]: fu.hao.trust.dvm.Executor -> jump set pc to 6
DalvikVM - [BB]: Superclass: android.support.v4.app.FragmentManager
DalvikVM - [BB]: Superclass: java.lang.Object
DVMObject - [BB]: New instance of android.support.v4.app.FragmentManager
Caller@4: <init>@fu.hao.trust.dvm.DVMObject - [BB]: getClass android.support.v4.app.FragmentManager at fu.hao.trust.dvm.VMHeap@b704be4
Caller: getClass@fu.hao.trust.dvm.VMHeap - [BB]: new class representation for android.support.v4.app.FragmentManager at fu.hao.trust.dvm.VMHeap@b704be4
Caller: <init>@fu.hao.trust.dvm.DVMObject - [BB]: Get DVMClass for type android.support.v4.app.FragmentManager
Caller@4: <init>@fu.hao.trust.dvm.DVMObject - [BB]: getClass android.support.v4.app.FragmentManager at fu.hao.trust.dvm.VMHeap@b704be4
DVMObject - [MSG]: Not empty constructor
DalvikVM - [MSG]: Begin run instrumented methods!
DalvikVM - [BB]: Add frames []
DalvikVM - [MSG]: Finish running instrumented methods! Back to StackFrame de.ecspride.MainActivity/onCreate[android.os.Bundle]
Unknown - [BB]: Unknown created!
DalvikVM - [WARN]: ar -1, ([Unknown var:instance number 1@android.support.v4.app.FragmentManager, type: android.support.v4.app.FragmentManager], android.support.v4.app.FragmentManager)
Executor - [WARN]: Found noInvokeMethod android.support.v7.app.ActionBar$Callback/getSupportFragmentManager[]
PluginManager - [MSG]: TaintSumBranch Tainted Res: {}
Executor - [MSG]: 

Executor - [MSG]: <6 MOV,RESULT,dst=r0,type=java.lang.Object> at de.ecspride.MainActivity/onCreate[android.os.Bundle]
DalvikVM - [WARN]: ar 0 (2130903064, void), ([Unknown var:instance number 1@android.support.v4.app.FragmentManager, type: android.support.v4.app.FragmentManager], android.support.v4.app.FragmentManager)
OP_MOV_RESULT - [BB]: Result data: [Unknown var:instance number 1@android.support.v4.app.FragmentManager, type: android.support.v4.app.FragmentManager]
OP_MOV_RESULT - [DEBUG]: Result data: [Unknown var:instance number 1@android.support.v4.app.FragmentManager, type: android.support.v4.app.FragmentManager], type: android.support.v4.app.FragmentManager, to [reg 0@MainActivity/onCreate]
DalvikVM - [BB]: fu.hao.trust.dvm.Executor$OP_MOV_RESULT -> jump set pc to 7
PluginManager - [MSG]: TaintSumBranch Tainted Res: {}
Executor - [MSG]: 

Executor - [MSG]: <7 INVOKE,VIRTUAL,extra=[android.support.v4.app.FragmentManager/beginTransaction[], [0]]> at de.ecspride.MainActivity/onCreate[android.os.Bundle]
Executor - [MSG]: arg0 obj: [Unknown var:instance number 1@android.support.v4.app.FragmentManager, type: android.support.v4.app.FragmentManager]
Executor - [WARN]: Reflection error: android.support.v4.app.FragmentManager
DalvikVM - [BB]: fu.hao.trust.dvm.Executor -> jump set pc to 8
DalvikVM - [BB]: Superclass: android.support.v4.app.FragmentTransaction
DalvikVM - [BB]: Superclass: java.lang.Object
DVMObject - [BB]: New instance of android.support.v4.app.FragmentTransaction
Caller@4: <init>@fu.hao.trust.dvm.DVMObject - [BB]: getClass android.support.v4.app.FragmentTransaction at fu.hao.trust.dvm.VMHeap@b704be4
Caller: getClass@fu.hao.trust.dvm.VMHeap - [BB]: new class representation for android.support.v4.app.FragmentTransaction at fu.hao.trust.dvm.VMHeap@b704be4
Caller: <init>@fu.hao.trust.dvm.DVMObject - [BB]: Get DVMClass for type android.support.v4.app.FragmentTransaction
Caller@4: <init>@fu.hao.trust.dvm.DVMObject - [BB]: getClass android.support.v4.app.FragmentTransaction at fu.hao.trust.dvm.VMHeap@b704be4
DVMObject - [MSG]: Not empty constructor
DalvikVM - [MSG]: Begin run instrumented methods!
DalvikVM - [BB]: Add frames []
DalvikVM - [MSG]: Finish running instrumented methods! Back to StackFrame de.ecspride.MainActivity/onCreate[android.os.Bundle]
Unknown - [BB]: Unknown created!
DalvikVM - [WARN]: ar -1, ([Unknown var:instance number 1@android.support.v4.app.FragmentTransaction, type: android.support.v4.app.FragmentTransaction], android.support.v4.app.FragmentTransaction)
Executor - [WARN]: Found noInvokeMethod android.support.v4.app.FragmentManager/beginTransaction[]
PluginManager - [MSG]: TaintSumBranch Tainted Res: {}
Executor - [MSG]: 

Executor - [MSG]: <8 MOV,RESULT,dst=r0,type=java.lang.Object> at de.ecspride.MainActivity/onCreate[android.os.Bundle]
DalvikVM - [WARN]: ar 0 ([Unknown var:instance number 1@android.support.v4.app.FragmentManager, type: android.support.v4.app.FragmentManager], android.support.v4.app.FragmentManager), ([Unknown var:instance number 1@android.support.v4.app.FragmentTransaction, type: android.support.v4.app.FragmentTransaction], android.support.v4.app.FragmentTransaction)
OP_MOV_RESULT - [BB]: Result data: [Unknown var:instance number 1@android.support.v4.app.FragmentTransaction, type: android.support.v4.app.FragmentTransaction]
OP_MOV_RESULT - [DEBUG]: Result data: [Unknown var:instance number 1@android.support.v4.app.FragmentTransaction, type: android.support.v4.app.FragmentTransaction], type: android.support.v4.app.FragmentTransaction, to [reg 0@MainActivity/onCreate]
DalvikVM - [BB]: fu.hao.trust.dvm.Executor$OP_MOV_RESULT -> jump set pc to 9
PluginManager - [MSG]: TaintSumBranch Tainted Res: {}
Executor - [MSG]: 

Executor - [MSG]: <9 MOV,CONST,dst=r1,type=void,extra=class patdroid.core.PrimitiveInfo?2131427388> at de.ecspride.MainActivity/onCreate[android.os.Bundle]
Executor - [DEBUG]: Mov const begin <9 MOV,CONST,dst=r1,type=void,extra=class patdroid.core.PrimitiveInfo?2131427388>
DalvikVM - [WARN]: ar 1, (2131427388, void)
Executor - [DEBUG]: data: 2131427388 class patdroid.core.PrimitiveInfo
DalvikVM - [BB]: fu.hao.trust.dvm.Executor$OP_MOV_CONST -> jump set pc to 10
PluginManager - [MSG]: TaintSumBranch Tainted Res: {}
Executor - [MSG]: 

Executor - [MSG]: <10 NEW,INSTANCE,dst=r2,type=de.ecspride.MainActivity$PlaceholderFragment> at de.ecspride.MainActivity/onCreate[android.os.Bundle]
OP_NEW_INSTANCE - [DEBUG]: [reg 2@MainActivity/onCreate]
DalvikVM - [BB]: Superclass: de.ecspride.MainActivity$PlaceholderFragment
DalvikVM - [BB]: Superclass: android.support.v4.app.Fragment
DalvikVM - [BB]: Superclass: java.lang.Object
DVMObject - [BB]: New instance of de.ecspride.MainActivity$PlaceholderFragment
Caller@4: <init>@fu.hao.trust.dvm.DVMObject - [BB]: getClass de.ecspride.MainActivity$PlaceholderFragment at fu.hao.trust.dvm.VMHeap@b704be4
Caller: getClass@fu.hao.trust.dvm.VMHeap - [BB]: new class representation for de.ecspride.MainActivity$PlaceholderFragment at fu.hao.trust.dvm.VMHeap@b704be4
DalvikVM - [MSG]: Begin run instrumented methods!
DalvikVM - [BB]: Add frames []
DalvikVM - [MSG]: Finish running instrumented methods! Back to StackFrame de.ecspride.MainActivity/onCreate[android.os.Bundle]
Caller@4: <init>@fu.hao.trust.dvm.DVMClass - [BB]: getClass android.support.v4.app.Fragment at fu.hao.trust.dvm.VMHeap@b704be4
Caller: getClass@fu.hao.trust.dvm.VMHeap - [BB]: new class representation for android.support.v4.app.Fragment at fu.hao.trust.dvm.VMHeap@b704be4
DalvikVM - [MSG]: Begin run instrumented methods!
DalvikVM - [BB]: Add frames []
DalvikVM - [MSG]: Finish running instrumented methods! Back to StackFrame de.ecspride.MainActivity/onCreate[android.os.Bundle]
Caller: <init>@fu.hao.trust.dvm.DVMClass - [BB]: Get DVMClass for type android.support.v4.app.Fragment
Caller@4: <init>@fu.hao.trust.dvm.DVMClass - [BB]: getClass android.support.v4.app.Fragment at fu.hao.trust.dvm.VMHeap@b704be4
Caller: <init>@fu.hao.trust.dvm.DVMObject - [BB]: Get DVMClass for type de.ecspride.MainActivity$PlaceholderFragment
Caller@4: <init>@fu.hao.trust.dvm.DVMObject - [BB]: getClass de.ecspride.MainActivity$PlaceholderFragment at fu.hao.trust.dvm.VMHeap@b704be4
DVMObject - [MSG]: Not empty constructor
DalvikVM - [BB]: New method call: de.ecspride.MainActivity$PlaceholderFragment/<init>[]
DalvikVM - [BB]: [0]<0 SPECIAL,ARGUMENT_SET,extra=[0]>
DalvikVM - [BB]: [1]<0 INVOKE,DIRECT,extra=[android.support.v4.app.Fragment/<init>[], [0]]>
DalvikVM - [BB]: [2]<0 RETURN,VOID>
DalvikVM - [WARN]: ar -2, (instance number 1@de.ecspride.MainActivity$PlaceholderFragment, de.ecspride.MainActivity$PlaceholderFragment)
newStackFrame - [BB]: New Stack Frame: StackFrame de.ecspride.MainActivity$PlaceholderFragment/<init>[], pc 10 stored. 
newStackFrame - [BB]: Stack: [StackFrame de.ecspride.MainActivity/onCreate[android.os.Bundle]]
DalvikVM - [MSG]: Begin run instrumented methods!
DalvikVM - [BB]: Add frames [StackFrame de.ecspride.MainActivity$PlaceholderFragment/<init>[]]
DalvikVM - [BB]: fu.hao.trust.dvm.DalvikVM -> runInstrumentedMethods set pc to 0
Executor - [MSG]: 

Executor - [MSG]: <0 SPECIAL,ARGUMENT_SET,extra=[0]> at de.ecspride.MainActivity$PlaceholderFragment/<init>[]
DalvikVM - [WARN]: ar 0, (instance number 1@de.ecspride.MainActivity$PlaceholderFragment, de.ecspride.MainActivity$PlaceholderFragment)
Executor - [DEBUG]: params: instance number 1@de.ecspride.MainActivity$PlaceholderFragment
DalvikVM - [BB]: fu.hao.trust.dvm.Executor$OP_SP_ARGUMENTS -> jump set pc to 1
PluginManager - [MSG]: TaintSumBranch Tainted Res: {}
Executor - [MSG]: 

Executor - [MSG]: <1 INVOKE,DIRECT,extra=[android.support.v4.app.Fragment/<init>[], [0]]> at de.ecspride.MainActivity$PlaceholderFragment/<init>[]
Executor - [MSG]: arg0 obj: instance number 1@de.ecspride.MainActivity$PlaceholderFragment
Executor - [WARN]: Reflection error: android.support.v4.app.Fragment
DalvikVM - [BB]: fu.hao.trust.dvm.Executor -> jump set pc to 2
Unknown - [BB]: Unknown created!
DalvikVM - [WARN]: ar -1, ([Unknown var:null, type: void], void)
Executor - [WARN]: Found noInvokeMethod android.support.v4.app.Fragment/<init>[]
TaintSumBranch - [BB]: <android.support.v4.app.Fragment: void <init>()>
TaintSumBranch - [DEBUG]: Not a taint call: <android.support.v4.app.Fragment: void <init>()>
PluginManager - [MSG]: TaintSumBranch Tainted Res: {}
Executor - [MSG]: 

Executor - [MSG]: <2 RETURN,VOID> at de.ecspride.MainActivity$PlaceholderFragment/<init>[]
class fu.hao.trust.dvm.Executor$OP_RETURN_VOID - [DEBUG]: Return void
DalvikVM - [BB]: stack [StackFrame de.ecspride.MainActivity/onCreate[android.os.Bundle]]
DalvikVM - [BB]: Back to the last stack frame.StackFrame de.ecspride.MainActivity/onCreate[android.os.Bundle]
PluginManager - [MSG]: TaintSumBranch Tainted Res: {}
DalvikVM - [MSG]: Finish running instrumented methods! Back to StackFrame de.ecspride.MainActivity/onCreate[android.os.Bundle]
DalvikVM - [WARN]: ar 2, (instance number 1@de.ecspride.MainActivity$PlaceholderFragment, de.ecspride.MainActivity$PlaceholderFragment)
OP_NEW_INSTANCE - [DEBUG]: New object of de.ecspride.MainActivity$PlaceholderFragmentcreated:instance number 1@de.ecspride.MainActivity$PlaceholderFragment
DalvikVM - [BB]: fu.hao.trust.dvm.Executor$OP_NEW_INSTANCE -> jump set pc to 11
TaintSumBranch - [BB]: Rdst [reg 2@MainActivity/onCreate]
PluginManager - [MSG]: TaintSumBranch Tainted Res: {}
Executor - [MSG]: 

Executor - [MSG]: <11 INVOKE,DIRECT,extra=[de.ecspride.MainActivity$PlaceholderFragment/<init>[], [2]]> at de.ecspride.MainActivity/onCreate[android.os.Bundle]
Executor - [MSG]: arg0 obj: instance number 1@de.ecspride.MainActivity$PlaceholderFragment
Executor - [WARN]: Reflection error: de.ecspride.MainActivity$PlaceholderFragment
DalvikVM - [BB]: fu.hao.trust.dvm.Executor -> jump set pc to 12
DalvikVM - [BB]: New method call: de.ecspride.MainActivity$PlaceholderFragment/<init>[]
DalvikVM - [BB]: [0]<0 SPECIAL,ARGUMENT_SET,extra=[0]>
DalvikVM - [BB]: [1]<1 INVOKE,DIRECT,extra=[android.support.v4.app.Fragment/<init>[], [0]]>
DalvikVM - [BB]: [2]<2 RETURN,VOID>
newStackFrame - [BB]: New Stack Frame: StackFrame de.ecspride.MainActivity$PlaceholderFragment/<init>[], pc 12 stored. 
newStackFrame - [BB]: Add frame StackFrame de.ecspride.MainActivity$PlaceholderFragment/<init>[]
newStackFrame - [BB]: Stack: [StackFrame de.ecspride.MainActivity/onCreate[android.os.Bundle], StackFrame de.ecspride.MainActivity$PlaceholderFragment/<init>[]]
TaintSumBranch - [BB]: <de.ecspride.MainActivity$PlaceholderFragment: void <init>()>
TaintSumBranch - [DEBUG]: Not a taint call: <de.ecspride.MainActivity$PlaceholderFragment: void <init>()>
PluginManager - [MSG]: TaintSumBranch Tainted Res: {}
DalvikVM - [BB]: fu.hao.trust.dvm.DalvikVM -> runInstrumentedMethods set pc to 0
Executor - [MSG]: 

Executor - [MSG]: <0 SPECIAL,ARGUMENT_SET,extra=[0]> at de.ecspride.MainActivity$PlaceholderFragment/<init>[]
DalvikVM - [WARN]: ar 0, (instance number 1@de.ecspride.MainActivity$PlaceholderFragment, de.ecspride.MainActivity$PlaceholderFragment)
Executor - [DEBUG]: params: instance number 1@de.ecspride.MainActivity$PlaceholderFragment
DalvikVM - [BB]: fu.hao.trust.dvm.Executor$OP_SP_ARGUMENTS -> jump set pc to 1
PluginManager - [MSG]: TaintSumBranch Tainted Res: {}
Executor - [MSG]: 

Executor - [MSG]: <1 INVOKE,DIRECT,extra=[android.support.v4.app.Fragment/<init>[], [0]]> at de.ecspride.MainActivity$PlaceholderFragment/<init>[]
Executor - [MSG]: arg0 obj: instance number 1@de.ecspride.MainActivity$PlaceholderFragment
Executor - [WARN]: Reflection error: android.support.v4.app.Fragment
DalvikVM - [BB]: fu.hao.trust.dvm.Executor -> jump set pc to 2
Unknown - [BB]: Unknown created!
DalvikVM - [WARN]: ar -1, ([Unknown var:null, type: void], void)
Executor - [WARN]: Found noInvokeMethod android.support.v4.app.Fragment/<init>[]
TaintSumBranch - [BB]: <android.support.v4.app.Fragment: void <init>()>
TaintSumBranch - [DEBUG]: Not a taint call: <android.support.v4.app.Fragment: void <init>()>
PluginManager - [MSG]: TaintSumBranch Tainted Res: {}
Executor - [MSG]: 

Executor - [MSG]: <2 RETURN,VOID> at de.ecspride.MainActivity$PlaceholderFragment/<init>[]
class fu.hao.trust.dvm.Executor$OP_RETURN_VOID - [DEBUG]: Return void
DalvikVM - [BB]: stack [StackFrame de.ecspride.MainActivity/onCreate[android.os.Bundle]]
DalvikVM - [BB]: Back to the last stack frame.StackFrame de.ecspride.MainActivity/onCreate[android.os.Bundle]
PluginManager - [MSG]: TaintSumBranch Tainted Res: {}
Executor - [MSG]: 

Executor - [MSG]: <12 INVOKE,VIRTUAL,extra=[android.support.v4.app.FragmentTransaction/add[int, android.support.v4.app.Fragment], [0, 1, 2]]> at de.ecspride.MainActivity/onCreate[android.os.Bundle]
Executor - [MSG]: arg0 obj: [Unknown var:instance number 1@android.support.v4.app.FragmentTransaction, type: android.support.v4.app.FragmentTransaction]
Executor - [WARN]: Reflection error: android.support.v4.app.FragmentTransaction
DalvikVM - [BB]: fu.hao.trust.dvm.Executor -> jump set pc to 13
DalvikVM - [BB]: Superclass: android.support.v4.app.FragmentTransaction
DalvikVM - [BB]: Superclass: java.lang.Object
DVMObject - [BB]: New instance of android.support.v4.app.FragmentTransaction
Caller@4: <init>@fu.hao.trust.dvm.DVMObject - [BB]: getClass android.support.v4.app.FragmentTransaction at fu.hao.trust.dvm.VMHeap@b704be4
Caller: <init>@fu.hao.trust.dvm.DVMObject - [BB]: Get DVMClass for type android.support.v4.app.FragmentTransaction
Caller@4: <init>@fu.hao.trust.dvm.DVMObject - [BB]: getClass android.support.v4.app.FragmentTransaction at fu.hao.trust.dvm.VMHeap@b704be4
DVMObject - [MSG]: Not empty constructor
DalvikVM - [MSG]: Begin run instrumented methods!
DalvikVM - [BB]: Add frames []
DalvikVM - [MSG]: Finish running instrumented methods! Back to StackFrame de.ecspride.MainActivity/onCreate[android.os.Bundle]
Unknown - [BB]: Unknown created!
DalvikVM - [WARN]: ar -1, ([Unknown var:instance number 2@android.support.v4.app.FragmentTransaction, type: android.support.v4.app.FragmentTransaction], android.support.v4.app.FragmentTransaction)
Executor - [WARN]: Found noInvokeMethod android.support.v4.app.FragmentTransaction/add[int, android.support.v4.app.Fragment]
PluginManager - [MSG]: TaintSumBranch Tainted Res: {}
Executor - [MSG]: 

Executor - [MSG]: <13 MOV,RESULT,dst=r0,type=java.lang.Object> at de.ecspride.MainActivity/onCreate[android.os.Bundle]
DalvikVM - [WARN]: ar 0 ([Unknown var:instance number 1@android.support.v4.app.FragmentTransaction, type: android.support.v4.app.FragmentTransaction], android.support.v4.app.FragmentTransaction), ([Unknown var:instance number 2@android.support.v4.app.FragmentTransaction, type: android.support.v4.app.FragmentTransaction], android.support.v4.app.FragmentTransaction)
OP_MOV_RESULT - [BB]: Result data: [Unknown var:instance number 2@android.support.v4.app.FragmentTransaction, type: android.support.v4.app.FragmentTransaction]
OP_MOV_RESULT - [DEBUG]: Result data: [Unknown var:instance number 2@android.support.v4.app.FragmentTransaction, type: android.support.v4.app.FragmentTransaction], type: android.support.v4.app.FragmentTransaction, to [reg 0@MainActivity/onCreate]
DalvikVM - [BB]: fu.hao.trust.dvm.Executor$OP_MOV_RESULT -> jump set pc to 14
PluginManager - [MSG]: TaintSumBranch Tainted Res: {}
Executor - [MSG]: 

Executor - [MSG]: <14 INVOKE,VIRTUAL,extra=[android.support.v4.app.FragmentTransaction/commit[], [0]]> at de.ecspride.MainActivity/onCreate[android.os.Bundle]
Executor - [MSG]: arg0 obj: [Unknown var:instance number 2@android.support.v4.app.FragmentTransaction, type: android.support.v4.app.FragmentTransaction]
Executor - [WARN]: Reflection error: android.support.v4.app.FragmentTransaction
DalvikVM - [BB]: fu.hao.trust.dvm.Executor -> jump set pc to 15
Unknown - [BB]: Unknown created!
DalvikVM - [WARN]: ar -1, ([Unknown var:null, type: int], int)
Executor - [WARN]: Found noInvokeMethod android.support.v4.app.FragmentTransaction/commit[]
PluginManager - [MSG]: TaintSumBranch Tainted Res: {}
Executor - [MSG]: 

Executor - [MSG]: <15 INVOKE,DIRECT,extra=[de.ecspride.MainActivity/factoryTest[], [3]]> at de.ecspride.MainActivity/onCreate[android.os.Bundle]
Executor - [MSG]: arg0 obj: Activity:instance number 1@de.ecspride.MainActivity
Executor - [WARN]: Reflection error: de.ecspride.MainActivity
DalvikVM - [BB]: fu.hao.trust.dvm.Executor -> jump set pc to 16
DalvikVM - [BB]: New method call: de.ecspride.MainActivity/factoryTest[]
DalvikVM - [BB]: [0]<0 SPECIAL,ARGUMENT_SET,extra=[8]>
DalvikVM - [BB]: [1]<0 MOV,CONST,dst=r2,type=void,extra=class patdroid.core.PrimitiveInfo?0>
DalvikVM - [BB]: [2]<0 INVOKE,DIRECT,extra=[de.ecspride.MainActivity/createInterfaceImplementation[], [8]]>
DalvikVM - [BB]: [3]<0 MOV,RESULT,dst=r7,type=java.lang.Object>
DalvikVM - [BB]: [4]<0 INVOKE,INTERFACE,extra=[de.ecspride.MainActivity$MyInterface/getString[], [7]]>
DalvikVM - [BB]: [5]<0 MOV,RESULT,dst=r3,type=java.lang.Object>
DalvikVM - [BB]: [6]<0 INVOKE,STATIC,extra=[android.telephony.SmsManager/getDefault[], []]>
DalvikVM - [BB]: [7]<0 MOV,RESULT,dst=r0,type=java.lang.Object>
DalvikVM - [BB]: [8]<7 MOV,CONST,dst=r1,type=java.lang.String,extra="+49 1234">
DalvikVM - [BB]: [9]<0 MOV,REG,dst=r4,r0=r2,type=java.lang.Object>
DalvikVM - [BB]: [10]<0 MOV,REG,dst=r5,r0=r2,type=java.lang.Object>
DalvikVM - [BB]: [11]<0 INVOKE,VIRTUAL,extra=[android.telephony.SmsManager/sendTextMessage[java.lang.String, java.lang.String, java.lang.String, android.app.PendingIntent, android.app.PendingIntent], [0, 1, 2, 3, 4, 5]]>
DalvikVM - [BB]: [12]<0 INVOKE,DIRECT,extra=[de.ecspride.MainActivity/createOtherImplementation[], [8]]>
DalvikVM - [BB]: [13]<0 MOV,RESULT,dst=r6,type=java.lang.Object>
DalvikVM - [BB]: [14]<0 STATIC,SGET,r0=r1,type=java.lang.Object,extra=(java.lang.System, out)>
DalvikVM - [BB]: [15]<0 INVOKE,VIRTUAL,extra=[java.io.PrintStream/println[java.lang.Object], [1, 6]]>
DalvikVM - [BB]: [16]<0 RETURN,VOID>
newStackFrame - [BB]: New Stack Frame: StackFrame de.ecspride.MainActivity/factoryTest[], pc 16 stored. 
newStackFrame - [BB]: Add frame StackFrame de.ecspride.MainActivity/factoryTest[]
newStackFrame - [BB]: Stack: [StackFrame de.ecspride.MainActivity/onCreate[android.os.Bundle], StackFrame de.ecspride.MainActivity/factoryTest[]]
PluginManager - [MSG]: TaintSumBranch Tainted Res: {}
DalvikVM - [BB]: fu.hao.trust.dvm.DalvikVM -> runInstrumentedMethods set pc to 0
Executor - [MSG]: 

Executor - [MSG]: <0 SPECIAL,ARGUMENT_SET,extra=[8]> at de.ecspride.MainActivity/factoryTest[]
DalvikVM - [WARN]: ar 8, (Activity:instance number 1@de.ecspride.MainActivity, de.ecspride.MainActivity)
Executor - [DEBUG]: params: Activity:instance number 1@de.ecspride.MainActivity
DalvikVM - [BB]: fu.hao.trust.dvm.Executor$OP_SP_ARGUMENTS -> jump set pc to 1
PluginManager - [MSG]: TaintSumBranch Tainted Res: {}
Executor - [MSG]: 

Executor - [MSG]: <1 MOV,CONST,dst=r2,type=void,extra=class patdroid.core.PrimitiveInfo?0> at de.ecspride.MainActivity/factoryTest[]
Executor - [DEBUG]: Mov const begin <1 MOV,CONST,dst=r2,type=void,extra=class patdroid.core.PrimitiveInfo?0>
DalvikVM - [WARN]: ar 2, (0, void)
Executor - [DEBUG]: data: 0 class patdroid.core.PrimitiveInfo
DalvikVM - [BB]: fu.hao.trust.dvm.Executor$OP_MOV_CONST -> jump set pc to 2
PluginManager - [MSG]: TaintSumBranch Tainted Res: {}
Executor - [MSG]: 

Executor - [MSG]: <2 INVOKE,DIRECT,extra=[de.ecspride.MainActivity/createInterfaceImplementation[], [8]]> at de.ecspride.MainActivity/factoryTest[]
Executor - [MSG]: arg0 obj: Activity:instance number 1@de.ecspride.MainActivity
Executor - [WARN]: Reflection error: de.ecspride.MainActivity
DalvikVM - [BB]: fu.hao.trust.dvm.Executor -> jump set pc to 3
DalvikVM - [BB]: New method call: de.ecspride.MainActivity/createInterfaceImplementation[]
DalvikVM - [BB]: [0]<0 SPECIAL,ARGUMENT_SET,extra=[1]>
DalvikVM - [BB]: [1]<0 NEW,INSTANCE,dst=r0,type=de.ecspride.MainActivity$B>
DalvikVM - [BB]: [2]<0 INVOKE,DIRECT,extra=[de.ecspride.MainActivity$B/<init>[de.ecspride.MainActivity], [0, 1]]>
DalvikVM - [BB]: [3]<0 RETURN,VALUE,r0=r0,type=java.lang.Object>
newStackFrame - [BB]: New Stack Frame: StackFrame de.ecspride.MainActivity/createInterfaceImplementation[], pc 3 stored. 
newStackFrame - [BB]: Add frame StackFrame de.ecspride.MainActivity/createInterfaceImplementation[]
newStackFrame - [BB]: Stack: [StackFrame de.ecspride.MainActivity/onCreate[android.os.Bundle], StackFrame de.ecspride.MainActivity/factoryTest[], StackFrame de.ecspride.MainActivity/createInterfaceImplementation[]]
PluginManager - [MSG]: TaintSumBranch Tainted Res: {}
DalvikVM - [BB]: fu.hao.trust.dvm.DalvikVM -> runInstrumentedMethods set pc to 0
Executor - [MSG]: 

Executor - [MSG]: <0 SPECIAL,ARGUMENT_SET,extra=[1]> at de.ecspride.MainActivity/createInterfaceImplementation[]
DalvikVM - [WARN]: ar 1, (Activity:instance number 1@de.ecspride.MainActivity, de.ecspride.MainActivity)
Executor - [DEBUG]: params: Activity:instance number 1@de.ecspride.MainActivity
DalvikVM - [BB]: fu.hao.trust.dvm.Executor$OP_SP_ARGUMENTS -> jump set pc to 1
PluginManager - [MSG]: TaintSumBranch Tainted Res: {}
Executor - [MSG]: 

Executor - [MSG]: <1 NEW,INSTANCE,dst=r0,type=de.ecspride.MainActivity$B> at de.ecspride.MainActivity/createInterfaceImplementation[]
OP_NEW_INSTANCE - [DEBUG]: [reg 0@MainActivity/createInterfaceImplementation]
DalvikVM - [BB]: Superclass: de.ecspride.MainActivity$B
DalvikVM - [BB]: Superclass: java.lang.Object
DVMObject - [BB]: New instance of de.ecspride.MainActivity$B
Caller@4: <init>@fu.hao.trust.dvm.DVMObject - [BB]: getClass de.ecspride.MainActivity$B at fu.hao.trust.dvm.VMHeap@b704be4
Caller: getClass@fu.hao.trust.dvm.VMHeap - [BB]: new class representation for de.ecspride.MainActivity$B at fu.hao.trust.dvm.VMHeap@b704be4
Caller: <init>@fu.hao.trust.dvm.DVMObject - [BB]: Get DVMClass for type de.ecspride.MainActivity$B
Caller@4: <init>@fu.hao.trust.dvm.DVMObject - [BB]: getClass de.ecspride.MainActivity$B at fu.hao.trust.dvm.VMHeap@b704be4
DalvikVM - [WARN]: ar 0, (instance number 1@de.ecspride.MainActivity$B, de.ecspride.MainActivity$B)
OP_NEW_INSTANCE - [DEBUG]: New object of de.ecspride.MainActivity$Bcreated:instance number 1@de.ecspride.MainActivity$B
DalvikVM - [BB]: fu.hao.trust.dvm.Executor$OP_NEW_INSTANCE -> jump set pc to 2
TaintSumBranch - [BB]: Rdst [reg 0@MainActivity/createInterfaceImplementation]
PluginManager - [MSG]: TaintSumBranch Tainted Res: {}
Executor - [MSG]: 

Executor - [MSG]: <2 INVOKE,DIRECT,extra=[de.ecspride.MainActivity$B/<init>[de.ecspride.MainActivity], [0, 1]]> at de.ecspride.MainActivity/createInterfaceImplementation[]
Executor - [MSG]: arg0 obj: instance number 1@de.ecspride.MainActivity$B
Executor - [WARN]: Reflection error: de.ecspride.MainActivity$B
DalvikVM - [BB]: fu.hao.trust.dvm.Executor -> jump set pc to 3
DalvikVM - [BB]: New method call: de.ecspride.MainActivity$B/<init>[de.ecspride.MainActivity]
DalvikVM - [BB]: [0]<0 SPECIAL,ARGUMENT_SET,extra=[0, 1]>
DalvikVM - [BB]: [1]<0 INSTANCE,IPUT,r0=r0,r1=r1,type=java.lang.Object,extra=de.ecspride.MainActivity$B.this$0>
DalvikVM - [BB]: [2]<0 INVOKE,DIRECT,extra=[java.lang.Object/<init>[], [0]]>
DalvikVM - [BB]: [3]<0 RETURN,VOID>
newStackFrame - [BB]: New Stack Frame: StackFrame de.ecspride.MainActivity$B/<init>[de.ecspride.MainActivity], pc 3 stored. 
newStackFrame - [BB]: Add frame StackFrame de.ecspride.MainActivity$B/<init>[de.ecspride.MainActivity]
newStackFrame - [BB]: Stack: [StackFrame de.ecspride.MainActivity/onCreate[android.os.Bundle], StackFrame de.ecspride.MainActivity/factoryTest[], StackFrame de.ecspride.MainActivity/createInterfaceImplementation[], StackFrame de.ecspride.MainActivity$B/<init>[de.ecspride.MainActivity]]
TaintSumBranch - [BB]: <de.ecspride.MainActivity$B: void <init>(de.ecspride.MainActivity)>
TaintSumBranch - [DEBUG]: Not a taint call: <de.ecspride.MainActivity$B: void <init>(de.ecspride.MainActivity)>
PluginManager - [MSG]: TaintSumBranch Tainted Res: {}
DalvikVM - [BB]: fu.hao.trust.dvm.DalvikVM -> runInstrumentedMethods set pc to 0
Executor - [MSG]: 

Executor - [MSG]: <0 SPECIAL,ARGUMENT_SET,extra=[0, 1]> at de.ecspride.MainActivity$B/<init>[de.ecspride.MainActivity]
DalvikVM - [WARN]: ar 0, (instance number 1@de.ecspride.MainActivity$B, de.ecspride.MainActivity$B)
Executor - [DEBUG]: params: instance number 1@de.ecspride.MainActivity$B
DalvikVM - [WARN]: ar 1, (Activity:instance number 1@de.ecspride.MainActivity, de.ecspride.MainActivity)
Executor - [DEBUG]: params: Activity:instance number 1@de.ecspride.MainActivity
DalvikVM - [BB]: fu.hao.trust.dvm.Executor$OP_SP_ARGUMENTS -> jump set pc to 1
PluginManager - [MSG]: TaintSumBranch Tainted Res: {}
Executor - [MSG]: 

Executor - [MSG]: <1 INSTANCE,IPUT,r0=r0,r1=r1,type=java.lang.Object,extra=de.ecspride.MainActivity$B.this$0> at de.ecspride.MainActivity$B/<init>[de.ecspride.MainActivity]
class fu.hao.trust.dvm.Executor$OP_INSTANCE_PUT_FIELD - [BB]: field de.ecspride.MainActivity$B.this$0
class fu.hao.trust.dvm.Executor$OP_INSTANCE_PUT_FIELD - [BB]: Target obj instance number 1@de.ecspride.MainActivity$B
DVMObject - [DEBUG]: put field Activity:instance number 1@de.ecspride.MainActivity
class fu.hao.trust.dvm.Executor$OP_INSTANCE_PUT_FIELD - [MSG]: Put data Activity:instance number 1@de.ecspride.MainActivity to the field of instance number 1@de.ecspride.MainActivity$B
DalvikVM - [BB]: fu.hao.trust.dvm.Executor$OP_INSTANCE_PUT_FIELD -> jump set pc to 2
PluginManager - [MSG]: TaintSumBranch Tainted Res: {}
Executor - [MSG]: 

Executor - [MSG]: <2 INVOKE,DIRECT,extra=[java.lang.Object/<init>[], [0]]> at de.ecspride.MainActivity$B/<init>[de.ecspride.MainActivity]
Executor - [MSG]: arg0 obj: instance number 1@de.ecspride.MainActivity$B
Executor - [MSG]: Replace the clazz.
Executor - [BB]: java.lang.Object/<init>[] is a constructor!
Executor - [WARN]: Reflection error: de.ecspride.MainActivity$B
DalvikVM - [BB]: fu.hao.trust.dvm.Executor -> jump set pc to 3
TaintSumBranch - [BB]: <java.lang.Object: void <init>()>
TaintSumBranch - [DEBUG]: Not a taint call: <java.lang.Object: void <init>()>
PluginManager - [MSG]: TaintSumBranch Tainted Res: {}
Executor - [MSG]: 

Executor - [MSG]: <3 RETURN,VOID> at de.ecspride.MainActivity$B/<init>[de.ecspride.MainActivity]
class fu.hao.trust.dvm.Executor$OP_RETURN_VOID - [DEBUG]: Return void
DalvikVM - [BB]: stack [StackFrame de.ecspride.MainActivity/onCreate[android.os.Bundle], StackFrame de.ecspride.MainActivity/factoryTest[], StackFrame de.ecspride.MainActivity/createInterfaceImplementation[]]
DalvikVM - [BB]: Back to the last stack frame.StackFrame de.ecspride.MainActivity/createInterfaceImplementation[]
PluginManager - [MSG]: TaintSumBranch Tainted Res: {}
Executor - [MSG]: 

Executor - [MSG]: <3 RETURN,VALUE,r0=r0,type=java.lang.Object> at de.ecspride.MainActivity/createInterfaceImplementation[]
DalvikVM - [WARN]: ar -1, (instance number 1@de.ecspride.MainActivity$B, de.ecspride.MainActivity$B)
Executor - [BB]: Return data: instance number 1@de.ecspride.MainActivity$B
DalvikVM - [BB]: stack [StackFrame de.ecspride.MainActivity/onCreate[android.os.Bundle], StackFrame de.ecspride.MainActivity/factoryTest[]]
DalvikVM - [BB]: Back to the last stack frame.StackFrame de.ecspride.MainActivity/factoryTest[]
PluginManager - [MSG]: TaintSumBranch Tainted Res: {}
Executor - [MSG]: 

Executor - [MSG]: <3 MOV,RESULT,dst=r7,type=java.lang.Object> at de.ecspride.MainActivity/factoryTest[]
DalvikVM - [WARN]: ar 7, (instance number 1@de.ecspride.MainActivity$B, de.ecspride.MainActivity$B)
OP_MOV_RESULT - [BB]: Result data: instance number 1@de.ecspride.MainActivity$B
OP_MOV_RESULT - [DEBUG]: Result data: instance number 1@de.ecspride.MainActivity$B, type: de.ecspride.MainActivity$B, to [reg 7@MainActivity/factoryTest]
DalvikVM - [BB]: fu.hao.trust.dvm.Executor$OP_MOV_RESULT -> jump set pc to 4
PluginManager - [MSG]: TaintSumBranch Tainted Res: {}
Executor - [MSG]: 

Executor - [MSG]: <4 INVOKE,INTERFACE,extra=[de.ecspride.MainActivity$MyInterface/getString[], [7]]> at de.ecspride.MainActivity/factoryTest[]
Executor - [MSG]: arg0 obj: instance number 1@de.ecspride.MainActivity$B
Executor - [WARN]: Reflection error: de.ecspride.MainActivity$MyInterface
DalvikVM - [BB]: fu.hao.trust.dvm.Executor -> jump set pc to 5
DalvikVM - [BB]: New method call: de.ecspride.MainActivity$B/getString[]
DalvikVM - [BB]: [0]<0 SPECIAL,ARGUMENT_SET,extra=[1]>
DalvikVM - [BB]: [1]<0 MOV,CONST,dst=r0,type=java.lang.String,extra="constant">
DalvikVM - [BB]: [2]<0 RETURN,VALUE,r0=r0,type=java.lang.Object>
newStackFrame - [BB]: New Stack Frame: StackFrame de.ecspride.MainActivity$B/getString[], pc 5 stored. 
newStackFrame - [BB]: Add frame StackFrame de.ecspride.MainActivity$B/getString[]
newStackFrame - [BB]: Stack: [StackFrame de.ecspride.MainActivity/onCreate[android.os.Bundle], StackFrame de.ecspride.MainActivity/factoryTest[], StackFrame de.ecspride.MainActivity$B/getString[]]
PluginManager - [MSG]: TaintSumBranch Tainted Res: {}
DalvikVM - [BB]: fu.hao.trust.dvm.DalvikVM -> runInstrumentedMethods set pc to 0
Executor - [MSG]: 

Executor - [MSG]: <0 SPECIAL,ARGUMENT_SET,extra=[1]> at de.ecspride.MainActivity$B/getString[]
DalvikVM - [WARN]: ar 1, (instance number 1@de.ecspride.MainActivity$B, de.ecspride.MainActivity$B)
Executor - [DEBUG]: params: instance number 1@de.ecspride.MainActivity$B
DalvikVM - [BB]: fu.hao.trust.dvm.Executor$OP_SP_ARGUMENTS -> jump set pc to 1
PluginManager - [MSG]: TaintSumBranch Tainted Res: {}
Executor - [MSG]: 

Executor - [MSG]: <1 MOV,CONST,dst=r0,type=java.lang.String,extra="constant"> at de.ecspride.MainActivity$B/getString[]
Executor - [DEBUG]: Mov const begin <1 MOV,CONST,dst=r0,type=java.lang.String,extra="constant">
DalvikVM - [WARN]: ar 0, (constant, java.lang.String)
Executor - [DEBUG]: data: constant class java.lang.String
DalvikVM - [BB]: fu.hao.trust.dvm.Executor$OP_MOV_CONST -> jump set pc to 2
PluginManager - [MSG]: TaintSumBranch Tainted Res: {}
Executor - [MSG]: 

Executor - [MSG]: <2 RETURN,VALUE,r0=r0,type=java.lang.Object> at de.ecspride.MainActivity$B/getString[]
DalvikVM - [WARN]: ar -1, (constant, java.lang.String)
Executor - [BB]: Return data: constant
DalvikVM - [BB]: stack [StackFrame de.ecspride.MainActivity/onCreate[android.os.Bundle], StackFrame de.ecspride.MainActivity/factoryTest[]]
DalvikVM - [BB]: Back to the last stack frame.StackFrame de.ecspride.MainActivity/factoryTest[]
PluginManager - [MSG]: TaintSumBranch Tainted Res: {}
Executor - [MSG]: 

Executor - [MSG]: <5 MOV,RESULT,dst=r3,type=java.lang.Object> at de.ecspride.MainActivity/factoryTest[]
DalvikVM - [WARN]: ar 3, (constant, java.lang.String)
OP_MOV_RESULT - [BB]: Result data: constant
OP_MOV_RESULT - [DEBUG]: Result data: constant, type: java.lang.String, to [reg 3@MainActivity/factoryTest]
DalvikVM - [BB]: fu.hao.trust.dvm.Executor$OP_MOV_RESULT -> jump set pc to 6
PluginManager - [MSG]: TaintSumBranch Tainted Res: {}
Executor - [MSG]: 

Executor - [MSG]: <6 INVOKE,STATIC,extra=[android.telephony.SmsManager/getDefault[], []]> at de.ecspride.MainActivity/factoryTest[]
Executor - [DEBUG]: Reflction class android.telephony.SmsManager
DalvikVM - [WARN]: ar -1, (android.telephony.SmsManager@2ec98cf8, android.telephony.SmsManager)
Executor - [MSG]: reflction invocation public static android.telephony.SmsManager android.telephony.SmsManager.getDefault()
DalvikVM - [BB]: Set reflective call: public static android.telephony.SmsManager android.telephony.SmsManager.getDefault()
DalvikVM - [BB]: fu.hao.trust.dvm.Executor$OP_INVOKE_STATIC -> jump set pc to 7
TaintSumBranch - [BB]: <android.telephony.SmsManager: android.telephony.SmsManager getDefault()>
TaintSumBranch - [DEBUG]: Not a taint call: <android.telephony.SmsManager: android.telephony.SmsManager getDefault()>
PluginManager - [MSG]: TaintSumBranch Tainted Res: {}
Executor - [MSG]: 

Executor - [MSG]: <7 MOV,RESULT,dst=r0,type=java.lang.Object> at de.ecspride.MainActivity/factoryTest[]
DalvikVM - [WARN]: ar 0, (android.telephony.SmsManager@2ec98cf8, android.telephony.SmsManager)
OP_MOV_RESULT - [BB]: Result data: android.telephony.SmsManager@2ec98cf8
OP_MOV_RESULT - [DEBUG]: Result data: android.telephony.SmsManager@2ec98cf8, type: android.telephony.SmsManager, to [reg 0@MainActivity/factoryTest]
DalvikVM - [BB]: fu.hao.trust.dvm.Executor$OP_MOV_RESULT -> jump set pc to 8
PluginManager - [MSG]: TaintSumBranch Tainted Res: {}
Executor - [MSG]: 

Executor - [MSG]: <8 MOV,CONST,dst=r1,type=java.lang.String,extra="+49 1234"> at de.ecspride.MainActivity/factoryTest[]
Executor - [DEBUG]: Mov const begin <8 MOV,CONST,dst=r1,type=java.lang.String,extra="+49 1234">
DalvikVM - [WARN]: ar 1, (+49 1234, java.lang.String)
Executor - [DEBUG]: data: +49 1234 class java.lang.String
DalvikVM - [BB]: fu.hao.trust.dvm.Executor$OP_MOV_CONST -> jump set pc to 9
PluginManager - [MSG]: TaintSumBranch Tainted Res: {}
Executor - [MSG]: 

Executor - [MSG]: <9 MOV,REG,dst=r4,r0=r2,type=java.lang.Object> at de.ecspride.MainActivity/factoryTest[]
DalvikVM - [WARN]: ar 4, (0, void)
class fu.hao.trust.dvm.Executor$OP_MOVE_REG - [DEBUG]: mov 0 to 0
DalvikVM - [BB]: fu.hao.trust.dvm.Executor$OP_MOVE_REG -> jump set pc to 10
PluginManager - [MSG]: TaintSumBranch Tainted Res: {}
Executor - [MSG]: 

Executor - [MSG]: <10 MOV,REG,dst=r5,r0=r2,type=java.lang.Object> at de.ecspride.MainActivity/factoryTest[]
DalvikVM - [WARN]: ar 5, (0, void)
class fu.hao.trust.dvm.Executor$OP_MOVE_REG - [DEBUG]: mov 0 to 0
DalvikVM - [BB]: fu.hao.trust.dvm.Executor$OP_MOVE_REG -> jump set pc to 11
PluginManager - [MSG]: TaintSumBranch Tainted Res: {}
Executor - [MSG]: 

Executor - [MSG]: <11 INVOKE,VIRTUAL,extra=[android.telephony.SmsManager/sendTextMessage[java.lang.String, java.lang.String, java.lang.String, android.app.PendingIntent, android.app.PendingIntent], [0, 1, 2, 3, 4, 5]]> at de.ecspride.MainActivity/factoryTest[]
Executor - [MSG]: arg0 obj: android.telephony.SmsManager@2ec98cf8
Executor - [DEBUG]: Reflction class: class android.telephony.SmsManager
Executor - [BB]: Normal args? true
Executor - [BB]: arg1@reg1: +49 1234
Executor - [BB]: arg2@reg2: 0
Executor - [WARN]: Mismatch type! arg 2, real para type: class patdroid.core.PrimitiveInfo, expected para type: class java.lang.String
Executor - [BB]: arg3@reg3: constant
Executor - [BB]: arg4@reg4: 0
Executor - [WARN]: Mismatch type! arg 4, real para type: class patdroid.core.PrimitiveInfo, expected para type: class android.app.PendingIntent
Executor - [BB]: arg5@reg5: 0
Executor - [WARN]: Mismatch type! arg 5, real para type: class patdroid.core.PrimitiveInfo, expected para type: class android.app.PendingIntent
Executor - [BB]: Nargs? true
Executor - [DEBUG]: Caller obj: android.telephony.SmsManager@2ec98cf8, from class: class android.telephony.SmsManager
DalvikVM - [WARN]: ar -1, (null, void)
Executor - [MSG]: Reflction invocation public void android.telephony.SmsManager.sendTextMessage(java.lang.String,java.lang.String,java.lang.String,android.app.PendingIntent,android.app.PendingIntent)
DalvikVM - [BB]: Set reflective call: public void android.telephony.SmsManager.sendTextMessage(java.lang.String,java.lang.String,java.lang.String,android.app.PendingIntent,android.app.PendingIntent)
DalvikVM - [BB]: fu.hao.trust.dvm.Executor -> jump set pc to 12
TaintSumBranch - [BB]: <android.telephony.SmsManager: void sendTextMessage(java.lang.String,java.lang.String,java.lang.String,android.app.PendingIntent,android.app.PendingIntent)>
TaintSumBranch - [BB]: Found a sink invocation. <android.telephony.SmsManager: void sendTextMessage(java.lang.String,java.lang.String,java.lang.String,android.app.PendingIntent,android.app.PendingIntent)>
PluginManager - [MSG]: TaintSumBranch Tainted Res: {}
Executor - [MSG]: 

Executor - [MSG]: <12 INVOKE,DIRECT,extra=[de.ecspride.MainActivity/createOtherImplementation[], [8]]> at de.ecspride.MainActivity/factoryTest[]
Executor - [MSG]: arg0 obj: Activity:instance number 1@de.ecspride.MainActivity
Executor - [WARN]: Reflection error: de.ecspride.MainActivity
DalvikVM - [BB]: fu.hao.trust.dvm.Executor -> jump set pc to 13
DalvikVM - [BB]: New method call: de.ecspride.MainActivity/createOtherImplementation[]
DalvikVM - [BB]: [0]<0 SPECIAL,ARGUMENT_SET,extra=[1]>
DalvikVM - [BB]: [1]<0 NEW,INSTANCE,dst=r0,type=de.ecspride.MainActivity$A>
DalvikVM - [BB]: [2]<0 INVOKE,DIRECT,extra=[de.ecspride.MainActivity$A/<init>[de.ecspride.MainActivity], [0, 1]]>
DalvikVM - [BB]: [3]<0 RETURN,VALUE,r0=r0,type=java.lang.Object>
newStackFrame - [BB]: New Stack Frame: StackFrame de.ecspride.MainActivity/createOtherImplementation[], pc 13 stored. 
newStackFrame - [BB]: Add frame StackFrame de.ecspride.MainActivity/createOtherImplementation[]
newStackFrame - [BB]: Stack: [StackFrame de.ecspride.MainActivity/onCreate[android.os.Bundle], StackFrame de.ecspride.MainActivity/factoryTest[], StackFrame de.ecspride.MainActivity/createOtherImplementation[]]
PluginManager - [MSG]: TaintSumBranch Tainted Res: {}
DalvikVM - [BB]: fu.hao.trust.dvm.DalvikVM -> runInstrumentedMethods set pc to 0
Executor - [MSG]: 

Executor - [MSG]: <0 SPECIAL,ARGUMENT_SET,extra=[1]> at de.ecspride.MainActivity/createOtherImplementation[]
DalvikVM - [WARN]: ar 1, (Activity:instance number 1@de.ecspride.MainActivity, de.ecspride.MainActivity)
Executor - [DEBUG]: params: Activity:instance number 1@de.ecspride.MainActivity
DalvikVM - [BB]: fu.hao.trust.dvm.Executor$OP_SP_ARGUMENTS -> jump set pc to 1
PluginManager - [MSG]: TaintSumBranch Tainted Res: {}
Executor - [MSG]: 

Executor - [MSG]: <1 NEW,INSTANCE,dst=r0,type=de.ecspride.MainActivity$A> at de.ecspride.MainActivity/createOtherImplementation[]
OP_NEW_INSTANCE - [DEBUG]: [reg 0@MainActivity/createOtherImplementation]
DalvikVM - [BB]: Superclass: de.ecspride.MainActivity$A
DalvikVM - [BB]: Superclass: java.lang.Object
DVMObject - [BB]: New instance of de.ecspride.MainActivity$A
Caller@4: <init>@fu.hao.trust.dvm.DVMObject - [BB]: getClass de.ecspride.MainActivity$A at fu.hao.trust.dvm.VMHeap@b704be4
Caller: getClass@fu.hao.trust.dvm.VMHeap - [BB]: new class representation for de.ecspride.MainActivity$A at fu.hao.trust.dvm.VMHeap@b704be4
Caller: <init>@fu.hao.trust.dvm.DVMObject - [BB]: Get DVMClass for type de.ecspride.MainActivity$A
Caller@4: <init>@fu.hao.trust.dvm.DVMObject - [BB]: getClass de.ecspride.MainActivity$A at fu.hao.trust.dvm.VMHeap@b704be4
DalvikVM - [WARN]: ar 0, (instance number 1@de.ecspride.MainActivity$A, de.ecspride.MainActivity$A)
OP_NEW_INSTANCE - [DEBUG]: New object of de.ecspride.MainActivity$Acreated:instance number 1@de.ecspride.MainActivity$A
DalvikVM - [BB]: fu.hao.trust.dvm.Executor$OP_NEW_INSTANCE -> jump set pc to 2
TaintSumBranch - [BB]: Rdst [reg 0@MainActivity/createOtherImplementation]
PluginManager - [MSG]: TaintSumBranch Tainted Res: {}
Executor - [MSG]: 

Executor - [MSG]: <2 INVOKE,DIRECT,extra=[de.ecspride.MainActivity$A/<init>[de.ecspride.MainActivity], [0, 1]]> at de.ecspride.MainActivity/createOtherImplementation[]
Executor - [MSG]: arg0 obj: instance number 1@de.ecspride.MainActivity$A
Executor - [WARN]: Reflection error: de.ecspride.MainActivity$A
DalvikVM - [BB]: fu.hao.trust.dvm.Executor -> jump set pc to 3
DalvikVM - [BB]: New method call: de.ecspride.MainActivity$A/<init>[de.ecspride.MainActivity]
DalvikVM - [BB]: [0]<0 SPECIAL,ARGUMENT_SET,extra=[0, 1]>
DalvikVM - [BB]: [1]<0 INSTANCE,IPUT,r0=r0,r1=r1,type=java.lang.Object,extra=de.ecspride.MainActivity$A.this$0>
DalvikVM - [BB]: [2]<0 INVOKE,DIRECT,extra=[java.lang.Object/<init>[], [0]]>
DalvikVM - [BB]: [3]<0 RETURN,VOID>
newStackFrame - [BB]: New Stack Frame: StackFrame de.ecspride.MainActivity$A/<init>[de.ecspride.MainActivity], pc 3 stored. 
newStackFrame - [BB]: Add frame StackFrame de.ecspride.MainActivity$A/<init>[de.ecspride.MainActivity]
newStackFrame - [BB]: Stack: [StackFrame de.ecspride.MainActivity/onCreate[android.os.Bundle], StackFrame de.ecspride.MainActivity/factoryTest[], StackFrame de.ecspride.MainActivity/createOtherImplementation[], StackFrame de.ecspride.MainActivity$A/<init>[de.ecspride.MainActivity]]
TaintSumBranch - [BB]: <de.ecspride.MainActivity$A: void <init>(de.ecspride.MainActivity)>
TaintSumBranch - [DEBUG]: Not a taint call: <de.ecspride.MainActivity$A: void <init>(de.ecspride.MainActivity)>
PluginManager - [MSG]: TaintSumBranch Tainted Res: {}
DalvikVM - [BB]: fu.hao.trust.dvm.DalvikVM -> runInstrumentedMethods set pc to 0
Executor - [MSG]: 

Executor - [MSG]: <0 SPECIAL,ARGUMENT_SET,extra=[0, 1]> at de.ecspride.MainActivity$A/<init>[de.ecspride.MainActivity]
DalvikVM - [WARN]: ar 0, (instance number 1@de.ecspride.MainActivity$A, de.ecspride.MainActivity$A)
Executor - [DEBUG]: params: instance number 1@de.ecspride.MainActivity$A
DalvikVM - [WARN]: ar 1, (Activity:instance number 1@de.ecspride.MainActivity, de.ecspride.MainActivity)
Executor - [DEBUG]: params: Activity:instance number 1@de.ecspride.MainActivity
DalvikVM - [BB]: fu.hao.trust.dvm.Executor$OP_SP_ARGUMENTS -> jump set pc to 1
PluginManager - [MSG]: TaintSumBranch Tainted Res: {}
Executor - [MSG]: 

Executor - [MSG]: <1 INSTANCE,IPUT,r0=r0,r1=r1,type=java.lang.Object,extra=de.ecspride.MainActivity$A.this$0> at de.ecspride.MainActivity$A/<init>[de.ecspride.MainActivity]
class fu.hao.trust.dvm.Executor$OP_INSTANCE_PUT_FIELD - [BB]: field de.ecspride.MainActivity$A.this$0
class fu.hao.trust.dvm.Executor$OP_INSTANCE_PUT_FIELD - [BB]: Target obj instance number 1@de.ecspride.MainActivity$A
DVMObject - [DEBUG]: put field Activity:instance number 1@de.ecspride.MainActivity
class fu.hao.trust.dvm.Executor$OP_INSTANCE_PUT_FIELD - [MSG]: Put data Activity:instance number 1@de.ecspride.MainActivity to the field of instance number 1@de.ecspride.MainActivity$A
DalvikVM - [BB]: fu.hao.trust.dvm.Executor$OP_INSTANCE_PUT_FIELD -> jump set pc to 2
PluginManager - [MSG]: TaintSumBranch Tainted Res: {}
Executor - [MSG]: 

Executor - [MSG]: <2 INVOKE,DIRECT,extra=[java.lang.Object/<init>[], [0]]> at de.ecspride.MainActivity$A/<init>[de.ecspride.MainActivity]
Executor - [MSG]: arg0 obj: instance number 1@de.ecspride.MainActivity$A
Executor - [MSG]: Replace the clazz.
Executor - [BB]: java.lang.Object/<init>[] is a constructor!
Executor - [WARN]: Reflection error: de.ecspride.MainActivity$A
DalvikVM - [BB]: fu.hao.trust.dvm.Executor -> jump set pc to 3
TaintSumBranch - [BB]: <java.lang.Object: void <init>()>
TaintSumBranch - [DEBUG]: Not a taint call: <java.lang.Object: void <init>()>
PluginManager - [MSG]: TaintSumBranch Tainted Res: {}
Executor - [MSG]: 

Executor - [MSG]: <3 RETURN,VOID> at de.ecspride.MainActivity$A/<init>[de.ecspride.MainActivity]
class fu.hao.trust.dvm.Executor$OP_RETURN_VOID - [DEBUG]: Return void
DalvikVM - [BB]: stack [StackFrame de.ecspride.MainActivity/onCreate[android.os.Bundle], StackFrame de.ecspride.MainActivity/factoryTest[], StackFrame de.ecspride.MainActivity/createOtherImplementation[]]
DalvikVM - [BB]: Back to the last stack frame.StackFrame de.ecspride.MainActivity/createOtherImplementation[]
PluginManager - [MSG]: TaintSumBranch Tainted Res: {}
Executor - [MSG]: 

Executor - [MSG]: <3 RETURN,VALUE,r0=r0,type=java.lang.Object> at de.ecspride.MainActivity/createOtherImplementation[]
DalvikVM - [WARN]: ar -1, (instance number 1@de.ecspride.MainActivity$A, de.ecspride.MainActivity$A)
Executor - [BB]: Return data: instance number 1@de.ecspride.MainActivity$A
DalvikVM - [BB]: stack [StackFrame de.ecspride.MainActivity/onCreate[android.os.Bundle], StackFrame de.ecspride.MainActivity/factoryTest[]]
DalvikVM - [BB]: Back to the last stack frame.StackFrame de.ecspride.MainActivity/factoryTest[]
PluginManager - [MSG]: TaintSumBranch Tainted Res: {}
Executor - [MSG]: 

Executor - [MSG]: <13 MOV,RESULT,dst=r6,type=java.lang.Object> at de.ecspride.MainActivity/factoryTest[]
DalvikVM - [WARN]: ar 6, (instance number 1@de.ecspride.MainActivity$A, de.ecspride.MainActivity$A)
OP_MOV_RESULT - [BB]: Result data: instance number 1@de.ecspride.MainActivity$A
OP_MOV_RESULT - [DEBUG]: Result data: instance number 1@de.ecspride.MainActivity$A, type: de.ecspride.MainActivity$A, to [reg 6@MainActivity/factoryTest]
DalvikVM - [BB]: fu.hao.trust.dvm.Executor$OP_MOV_RESULT -> jump set pc to 14
PluginManager - [MSG]: TaintSumBranch Tainted Res: {}
Executor - [MSG]: 

Executor - [MSG]: <14 STATIC,SGET,r0=r1,type=java.lang.Object,extra=(java.lang.System, out)> at de.ecspride.MainActivity/factoryTest[]
DalvikVM - [WARN]: ar 1 (+49 1234, java.lang.String), (java.io.PrintStream@74b1a7a0, java.lang.String)
OP_STATIC_GET_FIELD - [DEBUG]: Refleciton java.io.PrintStream@74b1a7a0
DalvikVM - [BB]: fu.hao.trust.dvm.Executor$OP_STATIC_GET_FIELD -> jump set pc to 15
PluginManager - [MSG]: TaintSumBranch Tainted Res: {}
Executor - [MSG]: 

Executor - [MSG]: <15 INVOKE,VIRTUAL,extra=[java.io.PrintStream/println[java.lang.Object], [1, 6]]> at de.ecspride.MainActivity/factoryTest[]
Executor - [MSG]: arg0 obj: java.io.PrintStream@74b1a7a0
Executor - [DEBUG]: Reflction class: class java.io.PrintStream
Executor - [BB]: Normal args? true
Executor - [BB]: arg1@reg6: instance number 1@de.ecspride.MainActivity$A
Executor - [BB]: Nargs? true
Executor - [DEBUG]: Caller obj: java.io.PrintStream@74b1a7a0, from class: class java.io.PrintStream
DalvikVM - [WARN]: ar -1, (null, void)
Executor - [MSG]: Reflction invocation public void java.io.PrintStream.println(java.lang.Object)
DalvikVM - [BB]: Set reflective call: public void java.io.PrintStream.println(java.lang.Object)
DalvikVM - [BB]: fu.hao.trust.dvm.Executor -> jump set pc to 16
TaintSumBranch - [BB]: <java.io.PrintStream: void println(java.lang.Object)>
TaintSumBranch - [DEBUG]: Not a taint call: <java.io.PrintStream: void println(java.lang.Object)>
PluginManager - [MSG]: TaintSumBranch Tainted Res: {}
Executor - [MSG]: 

Executor - [MSG]: <16 RETURN,VOID> at de.ecspride.MainActivity/factoryTest[]
class fu.hao.trust.dvm.Executor$OP_RETURN_VOID - [DEBUG]: Return void
DalvikVM - [BB]: stack [StackFrame de.ecspride.MainActivity/onCreate[android.os.Bundle]]
DalvikVM - [BB]: Back to the last stack frame.StackFrame de.ecspride.MainActivity/onCreate[android.os.Bundle]
PluginManager - [MSG]: TaintSumBranch Tainted Res: {}
Executor - [MSG]: 

Executor - [MSG]: <16 RETURN,VOID> at de.ecspride.MainActivity/onCreate[android.os.Bundle]
class fu.hao.trust.dvm.Executor$OP_RETURN_VOID - [DEBUG]: Return void
DalvikVM - [BB]: stack []
DalvikVM - [BB]: Back to the last stack frame.null
DalvikVM - [MSG]: Finish running instrumented methods! Back to null
Executor - [MSG]: RUN BEGIN de.ecspride.MainActivity/onCreate[android.os.Bundle]
Executor - [MSG]: eventMethod: getString
Executor - [MSG]: RUN DONE! The last one is null
DalvikVM - [MSG]: FINISHED!

main - [MSG]: Analysis has run for 5.081267502 seconds

