main - [MSG]: Src Chain: [(edu.mit.icc_service_messages.ActivityMessenger, sayHello)]
main - [DEBUG]: Src Entry event: (edu.mit.icc_service_messages.ActivityMessenger, onCreate)
DalvikVM - [MSG]: Begin run onCreate at C:\Users\hao\workspace\DroidBenchProj\ServiceCommunication1\app\ServiceCommunication1.apk
DalvikVM - [MSG]: RUN Method edu.mit.icc_service_messages.ActivityMessenger/onCreate[android.os.Bundle]
Activity - [BB]: New instance of edu.mit.icc_service_messages.ActivityMessenger
Caller@4: <init>@fu.hao.trust.dvm.DVMObject - [BB]: getClass edu.mit.icc_service_messages.ActivityMessenger at fu.hao.trust.dvm.VMHeap@2e559e7f
Caller: getClass@fu.hao.trust.dvm.VMHeap - [BB]: new class representation for edu.mit.icc_service_messages.ActivityMessenger at fu.hao.trust.dvm.VMHeap@2e559e7f
Caller@4: <init>@fu.hao.trust.dvm.DVMClass - [BB]: getClass android.app.Activity at fu.hao.trust.dvm.VMHeap@2e559e7f
Caller: getClass@fu.hao.trust.dvm.VMHeap - [BB]: new class representation for android.app.Activity at fu.hao.trust.dvm.VMHeap@2e559e7f
Caller@4: <init>@fu.hao.trust.dvm.DVMClass - [BB]: getClass android.content.ContextWrapper at fu.hao.trust.dvm.VMHeap@2e559e7f
Caller: getClass@fu.hao.trust.dvm.VMHeap - [BB]: new class representation for android.content.ContextWrapper at fu.hao.trust.dvm.VMHeap@2e559e7f
Caller@4: <init>@fu.hao.trust.dvm.DVMClass - [BB]: getClass android.content.Context at fu.hao.trust.dvm.VMHeap@2e559e7f
Caller: getClass@fu.hao.trust.dvm.VMHeap - [BB]: new class representation for android.content.Context at fu.hao.trust.dvm.VMHeap@2e559e7f
Caller@4: <init>@fu.hao.trust.dvm.DVMClass - [BB]: getClass fu.hao.trust.dvm.DVMObject at fu.hao.trust.dvm.VMHeap@2e559e7f
Caller: getClass@fu.hao.trust.dvm.VMHeap - [BB]: new class representation for fu.hao.trust.dvm.DVMObject at fu.hao.trust.dvm.VMHeap@2e559e7f
Caller: <init>@fu.hao.trust.dvm.DVMClass - [BB]: Get DVMClass for type fu.hao.trust.dvm.DVMObject
Caller@4: <init>@fu.hao.trust.dvm.DVMClass - [BB]: getClass fu.hao.trust.dvm.DVMObject at fu.hao.trust.dvm.VMHeap@2e559e7f
Caller: <init>@fu.hao.trust.dvm.DVMClass - [BB]: Get DVMClass for type android.content.Context
Caller@4: <init>@fu.hao.trust.dvm.DVMClass - [BB]: getClass android.content.Context at fu.hao.trust.dvm.VMHeap@2e559e7f
Caller: <init>@fu.hao.trust.dvm.DVMClass - [BB]: Get DVMClass for type android.content.ContextWrapper
Caller@4: <init>@fu.hao.trust.dvm.DVMClass - [BB]: getClass android.content.ContextWrapper at fu.hao.trust.dvm.VMHeap@2e559e7f
Caller: <init>@fu.hao.trust.dvm.DVMClass - [BB]: Get DVMClass for type android.app.Activity
Caller@4: <init>@fu.hao.trust.dvm.DVMClass - [BB]: getClass android.app.Activity at fu.hao.trust.dvm.VMHeap@2e559e7f
Caller: <init>@fu.hao.trust.dvm.DVMObject - [BB]: Get DVMClass for type edu.mit.icc_service_messages.ActivityMessenger
Caller@4: <init>@fu.hao.trust.dvm.DVMObject - [BB]: getClass edu.mit.icc_service_messages.ActivityMessenger at fu.hao.trust.dvm.VMHeap@2e559e7f
Activity - [MSG]: Finish creating new Activity with type: edu.mit.icc_service_messages.ActivityMessenger
DalvikVM - [BB]: New method call: edu.mit.icc_service_messages.ActivityMessenger/onCreate[android.os.Bundle]
DalvikVM - [BB]: [0]<0 SPECIAL,ARGUMENT_SET,extra=[1, 2]>
DalvikVM - [BB]: [1]<0 HALT,SUPER,extra=[null, [1, 2]]>
DalvikVM - [BB]: [2]<0 MOV,CONST,dst=r0,type=void,extra=class patdroid.core.PrimitiveInfo?2130837504>
DalvikVM - [BB]: [3]<0 INVOKE,VIRTUAL,extra=[android.app.Activity/setContentView[int], [1, 0]]>
DalvikVM - [BB]: [4]<0 RETURN,VOID>
DalvikVM - [WARN]: ar -2, (Activity:instance number 1@edu.mit.icc_service_messages.ActivityMessenger, edu.mit.icc_service_messages.ActivityMessenger)
DalvikVM - [WARN]: ar -2, (null, android.os.Bundle)
newStackFrame - [BB]: New Stack Frame: StackFrame edu.mit.icc_service_messages.ActivityMessenger/onCreate[android.os.Bundle]
newStackFrame - [BB]: Stack: []
Activity - [BB]: Intent null
DalvikVM - [BB]: New method call: edu.mit.icc_service_messages.ActivityMessenger/onStart[]
DalvikVM - [BB]: [0]<0 SPECIAL,ARGUMENT_SET,extra=[3]>
DalvikVM - [BB]: [1]<0 HALT,SUPER,extra=[null, [3]]>
DalvikVM - [BB]: [2]<0 NEW,INSTANCE,dst=r0,type=android.content.Intent>
DalvikVM - [BB]: [3]<0 MOV,CONST,dst=r1,type=java.lang.Class,extra=class patdroid.core.ClassInfo?edu.mit.icc_service_messages.MessengerService>
DalvikVM - [BB]: [4]<0 INVOKE,DIRECT,extra=[android.content.Intent/<init>[android.content.Context, java.lang.Class], [0, 3, 1]]>
DalvikVM - [BB]: [5]<0 INSTANCE,IGET,r0=r3,r1=r1,type=java.lang.Object,extra=edu.mit.icc_service_messages.ActivityMessenger.mConnection>
DalvikVM - [BB]: [6]<0 MOV,CONST,dst=r2,type=void,extra=class patdroid.core.PrimitiveInfo?1>
DalvikVM - [BB]: [7]<0 INVOKE,VIRTUAL,extra=[android.content.ContextWrapper/bindService[android.content.Intent, android.content.ServiceConnection, int], [3, 0, 1, 2]]>
DalvikVM - [BB]: [8]<0 RETURN,VOID>
DalvikVM - [WARN]: ar -2, (Activity:instance number 1@edu.mit.icc_service_messages.ActivityMessenger, edu.mit.icc_service_messages.ActivityMessenger)
newStackFrame - [BB]: New Stack Frame: StackFrame edu.mit.icc_service_messages.ActivityMessenger/onStart[]
newStackFrame - [BB]: Stack: []
DalvikVM - [MSG]: Begin run instrumented methods!
DalvikVM - [BB]: Add frames [StackFrame edu.mit.icc_service_messages.ActivityMessenger/onStart[], StackFrame edu.mit.icc_service_messages.ActivityMessenger/onCreate[android.os.Bundle]]
DalvikVM - [BB]: fu.hao.trust.dvm.DalvikVM -> runInstrumentedMethods set pc to 0
Executor - [MSG]: 

Executor - [MSG]: <0 SPECIAL,ARGUMENT_SET,extra=[1, 2]> at edu.mit.icc_service_messages.ActivityMessenger/onCreate[android.os.Bundle]
DalvikVM - [WARN]: ar 1, (Activity:instance number 1@edu.mit.icc_service_messages.ActivityMessenger, edu.mit.icc_service_messages.ActivityMessenger)
Executor - [DEBUG]: params: Activity:instance number 1@edu.mit.icc_service_messages.ActivityMessenger
DalvikVM - [WARN]: ar 2, (null, android.os.Bundle)
Executor - [DEBUG]: params: null
DalvikVM - [BB]: fu.hao.trust.dvm.Executor$OP_SP_ARGUMENTS -> jump set pc to 1
PluginManager - [MSG]: TaintSumBranch Tainted Res: {}
Executor - [MSG]: 

Executor - [MSG]: <1 HALT,SUPER,extra=[null, [1, 2]]> at edu.mit.icc_service_messages.ActivityMessenger/onCreate[android.os.Bundle]
DalvikVM - [BB]: fu.hao.trust.dvm.Executor$OP_HALT -> jump set pc to 2
Executor - [MSG]: Cannot resolve the invocation
TaintSumBranch - [BB]: Not a taint op <1 HALT,SUPER,extra=[null, [1, 2]]>
PluginManager - [MSG]: TaintSumBranch Tainted Res: {}
Executor - [MSG]: 

Executor - [MSG]: <2 MOV,CONST,dst=r0,type=void,extra=class patdroid.core.PrimitiveInfo?2130837504> at edu.mit.icc_service_messages.ActivityMessenger/onCreate[android.os.Bundle]
Executor - [DEBUG]: Mov const begin <2 MOV,CONST,dst=r0,type=void,extra=class patdroid.core.PrimitiveInfo?2130837504>
DalvikVM - [WARN]: ar 0, (2130837504, void)
Executor - [DEBUG]: data: 2130837504 class patdroid.core.PrimitiveInfo
DalvikVM - [BB]: fu.hao.trust.dvm.Executor$OP_MOV_CONST -> jump set pc to 3
PluginManager - [MSG]: TaintSumBranch Tainted Res: {}
Executor - [MSG]: 

Executor - [MSG]: <3 INVOKE,VIRTUAL,extra=[android.app.Activity/setContentView[int], [1, 0]]> at edu.mit.icc_service_messages.ActivityMessenger/onCreate[android.os.Bundle]
Executor - [MSG]: arg0 obj: Activity:instance number 1@edu.mit.icc_service_messages.ActivityMessenger
Executor - [DEBUG]: Reflction class: class android.app.Activity
Executor - [BB]: Normal args? true
Executor - [BB]: arg1@reg0: 2130837504
Executor - [DEBUG]: Expected para type: int
Executor - [DEBUG]: Real para type: int, value: 2130837504
Executor - [BB]: Nargs? true
Executor - [DEBUG]: Caller obj: Activity:instance number 1@edu.mit.icc_service_messages.ActivityMessenger, from class: class android.app.Activity
DalvikVM - [WARN]: ar -1, (null, void)
Executor - [MSG]: Reflction invocation public void android.app.Activity.setContentView(int)
DalvikVM - [BB]: Set reflective call: public void android.app.Activity.setContentView(int)
DalvikVM - [BB]: fu.hao.trust.dvm.Executor -> jump set pc to 4
TaintSumBranch - [BB]: <android.app.Activity: void setContentView(int)>
TaintSumBranch - [DEBUG]: Not a taint call: <android.app.Activity: void setContentView(int)>
PluginManager - [MSG]: TaintSumBranch Tainted Res: {}
Executor - [MSG]: 

Executor - [MSG]: <4 RETURN,VOID> at edu.mit.icc_service_messages.ActivityMessenger/onCreate[android.os.Bundle]
class fu.hao.trust.dvm.Executor$OP_RETURN_VOID - [DEBUG]: Return void
DalvikVM - [BB]: stack [StackFrame edu.mit.icc_service_messages.ActivityMessenger/onStart[]]
DalvikVM - [BB]: Back to the last stack frame.StackFrame edu.mit.icc_service_messages.ActivityMessenger/onStart[]
DalvikVM - [BB]: fu.hao.trust.dvm.DalvikVM -> runInstrumentedMethods set pc to 0
Executor - [MSG]: 

Executor - [MSG]: <0 SPECIAL,ARGUMENT_SET,extra=[3]> at edu.mit.icc_service_messages.ActivityMessenger/onStart[]
DalvikVM - [WARN]: ar 3, (Activity:instance number 1@edu.mit.icc_service_messages.ActivityMessenger, edu.mit.icc_service_messages.ActivityMessenger)
Executor - [DEBUG]: params: Activity:instance number 1@edu.mit.icc_service_messages.ActivityMessenger
DalvikVM - [BB]: fu.hao.trust.dvm.Executor$OP_SP_ARGUMENTS -> jump set pc to 1
PluginManager - [MSG]: TaintSumBranch Tainted Res: {}
Executor - [MSG]: 

Executor - [MSG]: <1 HALT,SUPER,extra=[null, [3]]> at edu.mit.icc_service_messages.ActivityMessenger/onStart[]
DalvikVM - [BB]: fu.hao.trust.dvm.Executor$OP_HALT -> jump set pc to 2
Executor - [MSG]: Cannot resolve the invocation
TaintSumBranch - [BB]: Not a taint op <1 HALT,SUPER,extra=[null, [3]]>
PluginManager - [MSG]: TaintSumBranch Tainted Res: {}
Executor - [MSG]: 

Executor - [MSG]: <2 NEW,INSTANCE,dst=r0,type=android.content.Intent> at edu.mit.icc_service_messages.ActivityMessenger/onStart[]
OP_NEW_INSTANCE - [DEBUG]: [reg 0@ActivityMessenger/onStart]
DalvikVM - [WARN]: ar 0, (null, android.content.Intent)
OP_NEW_INSTANCE - [BB]: Reflecable instance.
DalvikVM - [BB]: fu.hao.trust.dvm.Executor$OP_NEW_INSTANCE -> jump set pc to 3
TaintSumBranch - [BB]: Rdst [reg 0@ActivityMessenger/onStart]
PluginManager - [MSG]: TaintSumBranch Tainted Res: {}
Executor - [MSG]: 

Executor - [MSG]: <3 MOV,CONST,dst=r1,type=java.lang.Class,extra=class patdroid.core.ClassInfo?edu.mit.icc_service_messages.MessengerService> at edu.mit.icc_service_messages.ActivityMessenger/onStart[]
Executor - [DEBUG]: Mov const begin <3 MOV,CONST,dst=r1,type=java.lang.Class,extra=class patdroid.core.ClassInfo?edu.mit.icc_service_messages.MessengerService>
DalvikVM - [WARN]: ar 1, (edu.mit.icc_service_messages.MessengerService, java.lang.Class)
Executor - [DEBUG]: data: edu.mit.icc_service_messages.MessengerService class patdroid.core.ClassInfo
DalvikVM - [BB]: fu.hao.trust.dvm.Executor$OP_MOV_CONST -> jump set pc to 4
PluginManager - [MSG]: TaintSumBranch Tainted Res: {}
Executor - [MSG]: 

Executor - [MSG]: <4 INVOKE,DIRECT,extra=[android.content.Intent/<init>[android.content.Context, java.lang.Class], [0, 3, 1]]> at edu.mit.icc_service_messages.ActivityMessenger/onStart[]
Executor - [MSG]: arg0 obj: null
Executor - [BB]: android.content.Intent/<init>[android.content.Context, java.lang.Class] is a constructor!
Executor - [BB]: arg1@reg3: Activity:instance number 1@edu.mit.icc_service_messages.ActivityMessenger
Executor - [BB]: arg2@reg1: edu.mit.icc_service_messages.MessengerService
Executor - [WARN]: Mismatch type! arg 2, real para type: class patdroid.core.ClassInfo, expected para type: class java.lang.Class
Intent - [BB]: New intent with target cls edu.mit.icc_service_messages.MessengerService
DalvikVM - [WARN]: ar 0 (null, android.content.Intent), ([intent:, edu.mit.icc_service_messages.MessengerService, {}], android.content.Intent)
Executor - [DEBUG]: Init instance: [intent:, edu.mit.icc_service_messages.MessengerService, {}] class android.content.Intent
DalvikVM - [BB]: fu.hao.trust.dvm.Executor -> jump set pc to 5
TaintSumBranch - [BB]: <android.content.Intent: void <init>(android.content.Context,java.lang.Class)>
TaintSumBranch - [DEBUG]: Not a taint call: <android.content.Intent: void <init>(android.content.Context,java.lang.Class)>
PluginManager - [MSG]: TaintSumBranch Tainted Res: {}
Executor - [MSG]: 

Executor - [MSG]: <5 INSTANCE,IGET,r0=r3,r1=r1,type=java.lang.Object,extra=edu.mit.icc_service_messages.ActivityMessenger.mConnection> at edu.mit.icc_service_messages.ActivityMessenger/onStart[]
class fu.hao.trust.dvm.Executor$OP_INSTANCE_GET_FIELD - [BB]: Obj Activity:instance number 1@edu.mit.icc_service_messages.ActivityMessenger
class fu.hao.trust.dvm.Executor$OP_INSTANCE_GET_FIELD - [BB]: Fieldinfo edu.mit.icc_service_messages.ActivityMessenger.mConnection
DalvikVM - [BB]: Superclass: android.content.ServiceConnection
DalvikVM - [BB]: Superclass: java.lang.Object
DVMObject - [BB]: New instance of android.content.ServiceConnection
Caller@4: <init>@fu.hao.trust.dvm.DVMObject - [BB]: getClass android.content.ServiceConnection at fu.hao.trust.dvm.VMHeap@2e559e7f
Caller: getClass@fu.hao.trust.dvm.VMHeap - [BB]: new class representation for android.content.ServiceConnection at fu.hao.trust.dvm.VMHeap@2e559e7f
Caller: <init>@fu.hao.trust.dvm.DVMObject - [BB]: Get DVMClass for type android.content.ServiceConnection
Caller@4: <init>@fu.hao.trust.dvm.DVMObject - [BB]: getClass android.content.ServiceConnection at fu.hao.trust.dvm.VMHeap@2e559e7f
Unknown - [BB]: Unknown created!
Activity - [DEBUG]: put field [Unknown var:instance number 1@android.content.ServiceConnection, type: android.content.ServiceConnection]
DalvikVM - [WARN]: ar 1 (edu.mit.icc_service_messages.MessengerService, java.lang.Class), ([Unknown var:instance number 1@android.content.ServiceConnection, type: android.content.ServiceConnection], android.content.ServiceConnection)
class fu.hao.trust.dvm.Executor$OP_INSTANCE_GET_FIELD - [DEBUG]: Get data: [Unknown var:instance number 1@android.content.ServiceConnection, type: android.content.ServiceConnection]
DalvikVM - [BB]: fu.hao.trust.dvm.Executor$OP_INSTANCE_GET_FIELD -> jump set pc to 6
PluginManager - [MSG]: TaintSumBranch Tainted Res: {}
Executor - [MSG]: 

Executor - [MSG]: <6 MOV,CONST,dst=r2,type=void,extra=class patdroid.core.PrimitiveInfo?1> at edu.mit.icc_service_messages.ActivityMessenger/onStart[]
Executor - [DEBUG]: Mov const begin <6 MOV,CONST,dst=r2,type=void,extra=class patdroid.core.PrimitiveInfo?1>
DalvikVM - [WARN]: ar 2, (1, void)
Executor - [DEBUG]: data: 1 class patdroid.core.PrimitiveInfo
DalvikVM - [BB]: fu.hao.trust.dvm.Executor$OP_MOV_CONST -> jump set pc to 7
PluginManager - [MSG]: TaintSumBranch Tainted Res: {}
Executor - [MSG]: 

Executor - [MSG]: <7 INVOKE,VIRTUAL,extra=[android.content.ContextWrapper/bindService[android.content.Intent, android.content.ServiceConnection, int], [3, 0, 1, 2]]> at edu.mit.icc_service_messages.ActivityMessenger/onStart[]
Executor - [MSG]: arg0 obj: Activity:instance number 1@edu.mit.icc_service_messages.ActivityMessenger
Executor - [DEBUG]: Reflction class: class android.content.ContextWrapper
Executor - [BB]: Normal args? true
Executor - [BB]: arg1@reg0: [intent:, edu.mit.icc_service_messages.MessengerService, {}]
Executor - [BB]: arg2@reg1: [Unknown var:instance number 1@android.content.ServiceConnection, type: android.content.ServiceConnection]
Executor - [WARN]: Mismatch type! arg 2, real para type: class fu.hao.trust.solver.Unknown, expected para type: interface android.content.ServiceConnection
Executor - [WARN]: Call the mirror method instead! android.content.ServiceConnection is a interface.
Executor - [BB]: arg3@reg2: 1
Executor - [DEBUG]: Expected para type: int
Executor - [DEBUG]: Real para type: int, value: 1
Executor - [BB]: Nargs? true
Executor - [DEBUG]: Caller obj: Activity:instance number 1@edu.mit.icc_service_messages.ActivityMessenger, from class: class android.app.Activity
DalvikVM - [BB]: fu.hao.trust.dvm.Executor -> jump set pc to 8
Executor - [WARN]: Reflection error: argument type mismatch
PluginManager - [MSG]: TaintSumBranch Tainted Res: {}
Executor - [MSG]: 

Executor - [MSG]: <8 RETURN,VOID> at edu.mit.icc_service_messages.ActivityMessenger/onStart[]
class fu.hao.trust.dvm.Executor$OP_RETURN_VOID - [DEBUG]: Return void
DalvikVM - [BB]: stack []
DalvikVM - [BB]: Back to the last stack frame.null
DalvikVM - [MSG]: Finish running instrumented methods! Back to null
Executor - [MSG]: BEGIN RUN ENTRY: edu.mit.icc_service_messages.ActivityMessenger/onCreate[android.os.Bundle]
Executor - [BB]: {}
Executor - [MSG]: EventClass: edu.mit.icc_service_messages.ActivityMessenger, EventMethod: sayHello
View - [BB]: New instance of android.view.View
Caller@4: <init>@fu.hao.trust.dvm.DVMObject - [BB]: getClass android.view.View at fu.hao.trust.dvm.VMHeap@2e559e7f
Caller: getClass@fu.hao.trust.dvm.VMHeap - [BB]: new class representation for android.view.View at fu.hao.trust.dvm.VMHeap@2e559e7f
Caller@4: <init>@fu.hao.trust.dvm.DVMClass - [BB]: getClass fu.hao.trust.dvm.DVMObject at fu.hao.trust.dvm.VMHeap@2e559e7f
Caller: <init>@fu.hao.trust.dvm.DVMClass - [BB]: Get DVMClass for type fu.hao.trust.dvm.DVMObject
Caller@4: <init>@fu.hao.trust.dvm.DVMClass - [BB]: getClass fu.hao.trust.dvm.DVMObject at fu.hao.trust.dvm.VMHeap@2e559e7f
Caller: <init>@fu.hao.trust.dvm.DVMObject - [BB]: Get DVMClass for type android.view.View
Caller@4: <init>@fu.hao.trust.dvm.DVMObject - [BB]: getClass android.view.View at fu.hao.trust.dvm.VMHeap@2e559e7f
DalvikVM - [BB]: New method call: edu.mit.icc_service_messages.ActivityMessenger/sayHello[android.view.View]
DalvikVM - [BB]: [0]<0 SPECIAL,ARGUMENT_SET,extra=[9, 10]>
DalvikVM - [BB]: [1]<0 INSTANCE,IGET,r0=r9,r1=r5,type=boolean,extra=edu.mit.icc_service_messages.ActivityMessenger.mBound>
DalvikVM - [BB]: [2]<0 IF,NEZ,r0=r5,extra=index:4>
DalvikVM - [BB]: [3]<0 RETURN,VOID>
DalvikVM - [BB]: [4]<0 MOV,CONST,dst=r5,type=java.lang.String,extra="phone">
DalvikVM - [BB]: [5]<0 INVOKE,VIRTUAL,extra=[android.content.Context/getSystemService[java.lang.String], [9, 5]]>
DalvikVM - [BB]: [6]<0 MOV,RESULT,dst=r1,type=java.lang.Object>
DalvikVM - [BB]: [7]<0 ARITHMETIC,CHECK-AND-CAST,dst=r1,type=android.telephony.TelephonyManager>
DalvikVM - [BB]: [8]<0 INVOKE,VIRTUAL,extra=[android.telephony.TelephonyManager/getDeviceId[], [1]]>
DalvikVM - [BB]: [9]<0 MOV,RESULT,dst=r5,type=java.lang.Object>
DalvikVM - [BB]: [10]<0 INVOKE,STATIC,extra=[java.lang.Long/parseLong[java.lang.String], [5]]>
DalvikVM - [BB]: [11]<0 MOV,RESULT,dst=r2,type=AndroidWide>
DalvikVM - [BB]: [12]<0 MOV,CONST,dst=r5,type=void,extra=class patdroid.core.PrimitiveInfo?0>
DalvikVM - [BB]: [13]<0 MOV,CONST,dst=r6,type=void,extra=class patdroid.core.PrimitiveInfo?1>
DalvikVM - [BB]: [14]<0 ARITHMETIC,CAST,dst=r7,r0=r2,type=int,extra=class patdroid.core.ClassInfo?long>
DalvikVM - [BB]: [15]<0 MOV,CONST,dst=r8,type=void,extra=class patdroid.core.PrimitiveInfo?0>
DalvikVM - [BB]: [16]<0 INVOKE,STATIC,extra=[android.os.Message/obtain[android.os.Handler, int, int, int], [5, 6, 7, 8]]>
DalvikVM - [BB]: [17]<0 MOV,RESULT,dst=r4,type=java.lang.Object>
DalvikVM - [BB]: [18]<0 INSTANCE,IGET,r0=r9,r1=r5,type=java.lang.Object,extra=edu.mit.icc_service_messages.ActivityMessenger.mService>
DalvikVM - [BB]: [19]<0 INVOKE,VIRTUAL,extra=[android.os.Messenger/send[android.os.Message], [5, 4]]>
DalvikVM - [BB]: [20]<0 GOTO,extra=index:3>
DalvikVM - [BB]: [21]<0 MOV,EXCETPION,dst=r0,type=java.lang.Object>
DalvikVM - [BB]: [22]<0 HALT,VIRTUAL,extra=[null, [0]]>
DalvikVM - [BB]: [23]<0 GOTO,extra=index:3>
DalvikVM - [WARN]: ar -2, (Activity:instance number 1@edu.mit.icc_service_messages.ActivityMessenger, edu.mit.icc_service_messages.ActivityMessenger)
DalvikVM - [WARN]: ar -2, (instance number 1@android.view.View, android.view.View)
newStackFrame - [BB]: New Stack Frame: StackFrame edu.mit.icc_service_messages.ActivityMessenger/sayHello[android.view.View]
newStackFrame - [BB]: Add frame StackFrame edu.mit.icc_service_messages.ActivityMessenger/sayHello[android.view.View]
newStackFrame - [BB]: Stack: [StackFrame edu.mit.icc_service_messages.ActivityMessenger/sayHello[android.view.View]]
DalvikVM - [BB]: fu.hao.trust.dvm.Executor -> execute set pc to 0
Executor - [MSG]: 

Executor - [MSG]: <0 SPECIAL,ARGUMENT_SET,extra=[9, 10]> at edu.mit.icc_service_messages.ActivityMessenger/sayHello[android.view.View]
DalvikVM - [WARN]: ar 9, (Activity:instance number 1@edu.mit.icc_service_messages.ActivityMessenger, edu.mit.icc_service_messages.ActivityMessenger)
Executor - [DEBUG]: params: Activity:instance number 1@edu.mit.icc_service_messages.ActivityMessenger
DalvikVM - [WARN]: ar 10, (instance number 1@android.view.View, android.view.View)
Executor - [DEBUG]: params: instance number 1@android.view.View
DalvikVM - [BB]: fu.hao.trust.dvm.Executor$OP_SP_ARGUMENTS -> jump set pc to 1
PluginManager - [MSG]: TaintSumBranch Tainted Res: {}
Executor - [MSG]: 

Executor - [MSG]: <1 INSTANCE,IGET,r0=r9,r1=r5,type=boolean,extra=edu.mit.icc_service_messages.ActivityMessenger.mBound> at edu.mit.icc_service_messages.ActivityMessenger/sayHello[android.view.View]
class fu.hao.trust.dvm.Executor$OP_INSTANCE_GET_FIELD - [BB]: Obj Activity:instance number 1@edu.mit.icc_service_messages.ActivityMessenger
class fu.hao.trust.dvm.Executor$OP_INSTANCE_GET_FIELD - [BB]: Fieldinfo edu.mit.icc_service_messages.ActivityMessenger.mBound
Unknown - [BB]: Unknown created!
Activity - [DEBUG]: put field [Unknown var:null, type: boolean]
DalvikVM - [WARN]: ar 5, ([Unknown var:null, type: boolean], boolean)
class fu.hao.trust.dvm.Executor$OP_INSTANCE_GET_FIELD - [DEBUG]: Get data: [Unknown var:null, type: boolean]
DalvikVM - [BB]: fu.hao.trust.dvm.Executor$OP_INSTANCE_GET_FIELD -> jump set pc to 2
PluginManager - [MSG]: TaintSumBranch Tainted Res: {}
Executor - [MSG]: 

Executor - [MSG]: <2 IF,NEZ,r0=r5,extra=index:4> at edu.mit.icc_service_messages.ActivityMessenger/sayHello[android.view.View]
OP_CMP - [DEBUG]: r0 data [Unknown var:null, type: boolean]
OP_CMP - [DEBUG]: r0 type boolean
DalvikVM - [BB]: fu.hao.trust.analysis.Taint -> flow set pc to 3
ATAINT_OP_CMP - [BB]: ret: 3
ATAINT_OP_CMP - [BB]: cao 
ATAINT_OP_CMP - [BB]: rii
fu.hao.trust.solver.BiDirBranch - [WARN]: New BiDirBranch [Branch: 2--[cond: <2 IF,NEZ,r0=r5,extra=index:4>][sumpoint: <0 MOV,CONST,dst=r5,type=java.lang.String,extra="phone">]@sayHello]
ATAINT_OP_CMP - [BB]: BiDirSumpoint <0 RETURN,VOID>
ATAINT_OP_CMP - [BB]: Set rest begin <0 RETURN,VOID>
ATAINT_OP_CMP - [BB]: Set rest begin <0 RETURN,VOID>
ATAINT_OP_CMP - [MSG]: ATAINT_OP_IF:  <2 IF,NEZ,r0=r5,extra=index:4> 4
ATAINT_OP_CMP - [BB]: Add <2 IF,NEZ,r0=r5,extra=index:4> to met of [Branch: 2--[cond: <2 IF,NEZ,r0=r5,extra=index:4>][sumpoint: <0 RETURN,VOID>]@sayHello]
PluginManager - [MSG]: TaintSumBranch Tainted Res: {}
Executor - [MSG]: 

Executor - [MSG]: <3 RETURN,VOID> at edu.mit.icc_service_messages.ActivityMessenger/sayHello[android.view.View]
TaintSumBranch - [MSG]: Arrive at sum point of bidirbranch [Branch: 2--[cond: <2 IF,NEZ,r0=r5,extra=index:4>][sumpoint: <3 RETURN,VOID>]@sayHello]
TaintSumBranch - [BB]: Back to <2 IF,NEZ,r0=r5,extra=index:4>
VMState - [MSG]: ++++++++++++++++++++++++++++++++BackTrace+++++++++++++++++++++++++++++++++
DalvikVM - [WARN]: ar 5 ([Unknown var:null, type: boolean], boolean), ([Unknown var:null, type: boolean], boolean)
DalvikVM - [WARN]: ar 9 (Activity:instance number 1@edu.mit.icc_service_messages.ActivityMessenger, edu.mit.icc_service_messages.ActivityMessenger), (Activity:instance number 1@edu.mit.icc_service_messages.ActivityMessenger, edu.mit.icc_service_messages.ActivityMessenger)
DalvikVM - [WARN]: ar 10 (instance number 1@android.view.View, android.view.View), (instance number 1@android.view.View, android.view.View)
DalvikVM - [BB]: fu.hao.trust.dvm.DalvikVM -> jump set pc to 4
PluginManager - [MSG]: TaintSumBranch Tainted Res: {}
fu.hao.trust.solver.BiDirBranch - [BB]: Add backPlugres: [{fu.hao.trust.analysis.TaintSumBranch@7b5a5d5d={TaintSumBranch={}}}]
Executor - [MSG]: 

Executor - [MSG]: <4 MOV,CONST,dst=r5,type=java.lang.String,extra="phone"> at edu.mit.icc_service_messages.ActivityMessenger/sayHello[android.view.View]
Executor - [DEBUG]: Mov const begin <4 MOV,CONST,dst=r5,type=java.lang.String,extra="phone">
DalvikVM - [WARN]: ar 5 ([Unknown var:null, type: boolean], boolean), (phone, java.lang.String)
Executor - [DEBUG]: data: phone class java.lang.String
DalvikVM - [BB]: fu.hao.trust.dvm.Executor$OP_MOV_CONST -> jump set pc to 5
PluginManager - [MSG]: TaintSumBranch Tainted Res: {}
Executor - [MSG]: 

Executor - [MSG]: <5 INVOKE,VIRTUAL,extra=[android.content.Context/getSystemService[java.lang.String], [9, 5]]> at edu.mit.icc_service_messages.ActivityMessenger/sayHello[android.view.View]
Executor - [MSG]: arg0 obj: Activity:instance number 1@edu.mit.icc_service_messages.ActivityMessenger
Executor - [DEBUG]: Reflction class: class android.content.Context
Executor - [BB]: Normal args? true
Executor - [BB]: arg1@reg5: phone
Executor - [BB]: Nargs? true
Executor - [DEBUG]: Caller obj: Activity:instance number 1@edu.mit.icc_service_messages.ActivityMessenger, from class: class android.app.Activity
DalvikVM - [WARN]: ar -1, (android.telephony.TelephonyManager@70d1da68, java.lang.Object)
Executor - [DEBUG]: Return data: android.telephony.TelephonyManager@70d1da68 ,class android.telephony.TelephonyManager
Executor - [MSG]: Reflction invocation public java.lang.Object android.content.Context.getSystemService(java.lang.String)
DalvikVM - [BB]: Set reflective call: public java.lang.Object android.content.Context.getSystemService(java.lang.String)
DalvikVM - [BB]: fu.hao.trust.dvm.Executor -> jump set pc to 6
TaintSumBranch - [BB]: <android.content.Context: java.lang.Object getSystemService(java.lang.String)>
TaintSumBranch - [DEBUG]: Not a taint call: <android.content.Context: java.lang.Object getSystemService(java.lang.String)>
PluginManager - [MSG]: TaintSumBranch Tainted Res: {}
Executor - [MSG]: 

Executor - [MSG]: <6 MOV,RESULT,dst=r1,type=java.lang.Object> at edu.mit.icc_service_messages.ActivityMessenger/sayHello[android.view.View]
DalvikVM - [WARN]: ar 1, (android.telephony.TelephonyManager@70d1da68, java.lang.Object)
OP_MOV_RESULT - [BB]: Result data: android.telephony.TelephonyManager@70d1da68
OP_MOV_RESULT - [DEBUG]: Result data: android.telephony.TelephonyManager@70d1da68, type: java.lang.Object, to [reg 1@ActivityMessenger/sayHello]
DalvikVM - [BB]: fu.hao.trust.dvm.Executor$OP_MOV_RESULT -> jump set pc to 7
PluginManager - [MSG]: TaintSumBranch Tainted Res: {}
Executor - [MSG]: 

Executor - [MSG]: <7 ARITHMETIC,CHECK-AND-CAST,dst=r1,type=android.telephony.TelephonyManager> at edu.mit.icc_service_messages.ActivityMessenger/sayHello[android.view.View]
DalvikVM - [BB]: fu.hao.trust.dvm.Executor$OP_ARITHETIC -> jump set pc to 8
PluginManager - [MSG]: TaintSumBranch Tainted Res: {}
Executor - [MSG]: 

Executor - [MSG]: <8 INVOKE,VIRTUAL,extra=[android.telephony.TelephonyManager/getDeviceId[], [1]]> at edu.mit.icc_service_messages.ActivityMessenger/sayHello[android.view.View]
Executor - [MSG]: arg0 obj: android.telephony.TelephonyManager@70d1da68
Executor - [DEBUG]: Reflction class: class android.telephony.TelephonyManager
DalvikVM - [WARN]: ar -1, (359874043116909, java.lang.String)
Executor - [DEBUG]: Return data: 359874043116909 ,class java.lang.String
Executor - [MSG]: Reflction invocation public java.lang.String android.telephony.TelephonyManager.getDeviceId()
DalvikVM - [BB]: Set reflective call: public java.lang.String android.telephony.TelephonyManager.getDeviceId()
DalvikVM - [BB]: fu.hao.trust.dvm.Executor -> jump set pc to 9
TaintSumBranch - [BB]: <android.telephony.TelephonyManager: java.lang.String getDeviceId()>
TaintSumBranch - [WARN]: Found a tainted return value!
PluginManager - [MSG]: TaintSumBranch Tainted Res: {[Global RetReg]=<8 INVOKE,VIRTUAL,extra=[android.telephony.TelephonyManager/getDeviceId[], [1]]>, 359874043116909=<8 INVOKE,VIRTUAL,extra=[android.telephony.TelephonyManager/getDeviceId[], [1]]>}
Executor - [MSG]: 

Executor - [MSG]: <9 MOV,RESULT,dst=r5,type=java.lang.Object> at edu.mit.icc_service_messages.ActivityMessenger/sayHello[android.view.View]
DalvikVM - [WARN]: ar 5 (phone, java.lang.String), (359874043116909, java.lang.String)
OP_MOV_RESULT - [BB]: Result data: 359874043116909
OP_MOV_RESULT - [DEBUG]: Result data: 359874043116909, type: java.lang.String, to [reg 5@ActivityMessenger/sayHello]
DalvikVM - [BB]: fu.hao.trust.dvm.Executor$OP_MOV_RESULT -> jump set pc to 10
TaintSumBranch - [BB]: <8 INVOKE,VIRTUAL,extra=[android.telephony.TelephonyManager/getDeviceId[], [1]]>
TaintSumBranch - [BB]: Add reg 5 due to ret reg.
PluginManager - [MSG]: TaintSumBranch Tainted Res: {[reg 5@ActivityMessenger/sayHello]=<8 INVOKE,VIRTUAL,extra=[android.telephony.TelephonyManager/getDeviceId[], [1]]>, 359874043116909=<8 INVOKE,VIRTUAL,extra=[android.telephony.TelephonyManager/getDeviceId[], [1]]>}
Executor - [MSG]: 

Executor - [MSG]: <10 INVOKE,STATIC,extra=[java.lang.Long/parseLong[java.lang.String], [5]]> at edu.mit.icc_service_messages.ActivityMessenger/sayHello[android.view.View]
Executor - [DEBUG]: Reflction class java.lang.Long
Executor - [BB]: arg0@reg5: 359874043116909
Executor - [BB]: param: 359874043116909
DalvikVM - [WARN]: ar -1, (359874043116909, long)
Executor - [MSG]: reflction invocation public static long java.lang.Long.parseLong(java.lang.String) throws java.lang.NumberFormatException
DalvikVM - [BB]: Set reflective call: public static long java.lang.Long.parseLong(java.lang.String) throws java.lang.NumberFormatException
DalvikVM - [BB]: fu.hao.trust.dvm.Executor$OP_INVOKE_STATIC -> jump set pc to 11
TaintSumBranch - [BB]: <java.lang.Long: long parseLong(java.lang.String)>
TaintSumBranch - [WARN]: Found a tainted return val!
Results - [MSG]: New recorded tainted field: parseLong
TaintSumBranch - [DEBUG]: Not a taint call: <java.lang.Long: long parseLong(java.lang.String)>
TaintSumBranch - [WARN]: Found a tainted return val!
PluginManager - [MSG]: TaintSumBranch Tainted Res: {[reg 5@ActivityMessenger/sayHello]=<8 INVOKE,VIRTUAL,extra=[android.telephony.TelephonyManager/getDeviceId[], [1]]>, [Global RetReg]=<8 INVOKE,VIRTUAL,extra=[android.telephony.TelephonyManager/getDeviceId[], [1]]>, 359874043116909=<8 INVOKE,VIRTUAL,extra=[android.telephony.TelephonyManager/getDeviceId[], [1]]>, 359874043116909=<8 INVOKE,VIRTUAL,extra=[android.telephony.TelephonyManager/getDeviceId[], [1]]>}
Executor - [MSG]: 

Executor - [MSG]: <11 MOV,RESULT,dst=r2,type=AndroidWide> at edu.mit.icc_service_messages.ActivityMessenger/sayHello[android.view.View]
DalvikVM - [WARN]: ar -1 (359874043116909, long), (359874043116909l, long)
DalvikVM - [WARN]: ar 2, (359874043116909l, long)
OP_MOV_RESULT - [BB]: Result data: 359874043116909l
OP_MOV_RESULT - [DEBUG]: Result data: 359874043116909l, type: long, to [reg 2@ActivityMessenger/sayHello]
DalvikVM - [BB]: fu.hao.trust.dvm.Executor$OP_MOV_RESULT -> jump set pc to 12
TaintSumBranch - [BB]: <8 INVOKE,VIRTUAL,extra=[android.telephony.TelephonyManager/getDeviceId[], [1]]>
TaintSumBranch - [BB]: Add reg 2 due to ret reg.
PluginManager - [MSG]: TaintSumBranch Tainted Res: {359874043116909l=<8 INVOKE,VIRTUAL,extra=[android.telephony.TelephonyManager/getDeviceId[], [1]]>, [reg 2@ActivityMessenger/sayHello]=<8 INVOKE,VIRTUAL,extra=[android.telephony.TelephonyManager/getDeviceId[], [1]]>, [reg 5@ActivityMessenger/sayHello]=<8 INVOKE,VIRTUAL,extra=[android.telephony.TelephonyManager/getDeviceId[], [1]]>, 359874043116909=<8 INVOKE,VIRTUAL,extra=[android.telephony.TelephonyManager/getDeviceId[], [1]]>, 359874043116909=<8 INVOKE,VIRTUAL,extra=[android.telephony.TelephonyManager/getDeviceId[], [1]]>}
Executor - [MSG]: 

Executor - [MSG]: <12 MOV,CONST,dst=r5,type=void,extra=class patdroid.core.PrimitiveInfo?0> at edu.mit.icc_service_messages.ActivityMessenger/sayHello[android.view.View]
Executor - [DEBUG]: Mov const begin <12 MOV,CONST,dst=r5,type=void,extra=class patdroid.core.PrimitiveInfo?0>
DalvikVM - [WARN]: ar 5 (359874043116909, java.lang.String), (0, void)
Executor - [DEBUG]: data: 0 class patdroid.core.PrimitiveInfo
DalvikVM - [BB]: fu.hao.trust.dvm.Executor$OP_MOV_CONST -> jump set pc to 13
PluginManager - [MSG]: TaintSumBranch Tainted Res: {[reg 2@ActivityMessenger/sayHello]=<8 INVOKE,VIRTUAL,extra=[android.telephony.TelephonyManager/getDeviceId[], [1]]>, 359874043116909l=<8 INVOKE,VIRTUAL,extra=[android.telephony.TelephonyManager/getDeviceId[], [1]]>, 359874043116909=<8 INVOKE,VIRTUAL,extra=[android.telephony.TelephonyManager/getDeviceId[], [1]]>, 359874043116909=<8 INVOKE,VIRTUAL,extra=[android.telephony.TelephonyManager/getDeviceId[], [1]]>}
Executor - [MSG]: 

Executor - [MSG]: <13 MOV,CONST,dst=r6,type=void,extra=class patdroid.core.PrimitiveInfo?1> at edu.mit.icc_service_messages.ActivityMessenger/sayHello[android.view.View]
Executor - [DEBUG]: Mov const begin <13 MOV,CONST,dst=r6,type=void,extra=class patdroid.core.PrimitiveInfo?1>
DalvikVM - [WARN]: ar 6, (1, void)
Executor - [DEBUG]: data: 1 class patdroid.core.PrimitiveInfo
DalvikVM - [BB]: fu.hao.trust.dvm.Executor$OP_MOV_CONST -> jump set pc to 14
PluginManager - [MSG]: TaintSumBranch Tainted Res: {359874043116909l=<8 INVOKE,VIRTUAL,extra=[android.telephony.TelephonyManager/getDeviceId[], [1]]>, [reg 2@ActivityMessenger/sayHello]=<8 INVOKE,VIRTUAL,extra=[android.telephony.TelephonyManager/getDeviceId[], [1]]>, 359874043116909=<8 INVOKE,VIRTUAL,extra=[android.telephony.TelephonyManager/getDeviceId[], [1]]>, 359874043116909=<8 INVOKE,VIRTUAL,extra=[android.telephony.TelephonyManager/getDeviceId[], [1]]>}
Executor - [MSG]: 

Executor - [MSG]: <14 ARITHMETIC,CAST,dst=r7,r0=r2,type=int,extra=class patdroid.core.ClassInfo?long> at edu.mit.icc_service_messages.ActivityMessenger/sayHello[android.view.View]
DalvikVM - [BB]: fu.hao.trust.dvm.Executor$OP_ARITHETIC -> jump set pc to 15
OP_A_CAST - [DEBUG]: cast data 359874043116909l
DalvikVM - [WARN]: ar 7, (-1266614931, int)
OP_A_CAST - [BB]: primitive 359874043116909l
PluginManager - [MSG]: TaintSumBranch Tainted Res: {[reg 2@ActivityMessenger/sayHello]=<8 INVOKE,VIRTUAL,extra=[android.telephony.TelephonyManager/getDeviceId[], [1]]>, 359874043116909l=<8 INVOKE,VIRTUAL,extra=[android.telephony.TelephonyManager/getDeviceId[], [1]]>, -1266614931=<8 INVOKE,VIRTUAL,extra=[android.telephony.TelephonyManager/getDeviceId[], [1]]>, 359874043116909=<8 INVOKE,VIRTUAL,extra=[android.telephony.TelephonyManager/getDeviceId[], [1]]>, 359874043116909=<8 INVOKE,VIRTUAL,extra=[android.telephony.TelephonyManager/getDeviceId[], [1]]>, [reg 7@ActivityMessenger/sayHello]=<8 INVOKE,VIRTUAL,extra=[android.telephony.TelephonyManager/getDeviceId[], [1]]>}
Executor - [MSG]: 

Executor - [MSG]: <15 MOV,CONST,dst=r8,type=void,extra=class patdroid.core.PrimitiveInfo?0> at edu.mit.icc_service_messages.ActivityMessenger/sayHello[android.view.View]
Executor - [DEBUG]: Mov const begin <15 MOV,CONST,dst=r8,type=void,extra=class patdroid.core.PrimitiveInfo?0>
DalvikVM - [WARN]: ar 8, (0, void)
Executor - [DEBUG]: data: 0 class patdroid.core.PrimitiveInfo
DalvikVM - [BB]: fu.hao.trust.dvm.Executor$OP_MOV_CONST -> jump set pc to 16
PluginManager - [MSG]: TaintSumBranch Tainted Res: {359874043116909l=<8 INVOKE,VIRTUAL,extra=[android.telephony.TelephonyManager/getDeviceId[], [1]]>, [reg 2@ActivityMessenger/sayHello]=<8 INVOKE,VIRTUAL,extra=[android.telephony.TelephonyManager/getDeviceId[], [1]]>, -1266614931=<8 INVOKE,VIRTUAL,extra=[android.telephony.TelephonyManager/getDeviceId[], [1]]>, 359874043116909=<8 INVOKE,VIRTUAL,extra=[android.telephony.TelephonyManager/getDeviceId[], [1]]>, 359874043116909=<8 INVOKE,VIRTUAL,extra=[android.telephony.TelephonyManager/getDeviceId[], [1]]>, [reg 7@ActivityMessenger/sayHello]=<8 INVOKE,VIRTUAL,extra=[android.telephony.TelephonyManager/getDeviceId[], [1]]>}
Executor - [MSG]: 

Executor - [MSG]: <16 INVOKE,STATIC,extra=[android.os.Message/obtain[android.os.Handler, int, int, int], [5, 6, 7, 8]]> at edu.mit.icc_service_messages.ActivityMessenger/sayHello[android.view.View]
Executor - [DEBUG]: Reflction class android.os.Message
Executor - [BB]: arg0@reg5: 0
Executor - [WARN]: Mismatch type! arg 0, real para type: class patdroid.core.PrimitiveInfo, expected para type: class android.os.Handler
Executor - [BB]: arg1@reg6: 1
Executor - [DEBUG]: Expected para type: int
Executor - [DEBUG]: Real para type: int, value: 1
Executor - [BB]: arg2@reg7: -1266614931
Executor - [DEBUG]: Expected para type: int
Executor - [DEBUG]: Real para type: int, value: -1266614931
Executor - [BB]: arg3@reg8: 0
Executor - [DEBUG]: Expected para type: int
Executor - [DEBUG]: Real para type: int, value: 0
Executor - [BB]: param: null
Executor - [BB]: param: 1
Executor - [BB]: param: -1266614931
Executor - [BB]: param: 0
Message - [BB]: New instance of android.os.Message
Caller@4: <init>@fu.hao.trust.dvm.DVMObject - [BB]: getClass android.os.Message at fu.hao.trust.dvm.VMHeap@2e559e7f
Caller: getClass@fu.hao.trust.dvm.VMHeap - [BB]: new class representation for android.os.Message at fu.hao.trust.dvm.VMHeap@2e559e7f
Caller@4: <init>@fu.hao.trust.dvm.DVMClass - [BB]: getClass fu.hao.trust.dvm.DVMObject at fu.hao.trust.dvm.VMHeap@2e559e7f
Caller: <init>@fu.hao.trust.dvm.DVMClass - [BB]: Get DVMClass for type fu.hao.trust.dvm.DVMObject
Caller@4: <init>@fu.hao.trust.dvm.DVMClass - [BB]: getClass fu.hao.trust.dvm.DVMObject at fu.hao.trust.dvm.VMHeap@2e559e7f
Caller: <init>@fu.hao.trust.dvm.DVMObject - [BB]: Get DVMClass for type android.os.Message
Caller@4: <init>@fu.hao.trust.dvm.DVMObject - [BB]: getClass android.os.Message at fu.hao.trust.dvm.VMHeap@2e559e7f
Message - [MSG]: Not empty constructor
DalvikVM - [MSG]: Begin run instrumented methods!
DalvikVM - [MSG]: Finish running instrumented methods! Back to StackFrame edu.mit.icc_service_messages.ActivityMessenger/sayHello[android.view.View]
DalvikVM - [WARN]: ar 65535, (instance number 1@android.os.Message, android.os.Message)
DalvikVM - [BB]: New method call: android.os.Message/myObtain[void, int, int, int]
DalvikVM - [BB]: [0]<0 SPECIAL,ARGUMENT_SET,extra=[1, 2, 3, 4, 5]>
DalvikVM - [BB]: [1]<0 INSTANCE,IPUT,r0=r1,r1=r2,type=java.lang.Object,extra=android.os.Message.handler>
DalvikVM - [BB]: [2]<0 INSTANCE,IPUT,r0=r1,r1=r3,type=java.lang.Object,extra=android.os.Message.what>
DalvikVM - [BB]: [3]<0 INSTANCE,IPUT,r0=r1,r1=r4,type=java.lang.Object,extra=android.os.Message.arg1>
DalvikVM - [BB]: [4]<0 INSTANCE,IPUT,r0=r1,r1=r5,type=java.lang.Object,extra=android.os.Message.arg2>
DalvikVM - [BB]: [5]<0 RETURN,VOID>
newStackFrame - [BB]: New Stack Frame: StackFrame android.os.Message/myObtain[void, int, int, int], pc 16 stored. 
newStackFrame - [BB]: Stack: [StackFrame edu.mit.icc_service_messages.ActivityMessenger/sayHello[android.view.View]]
Message - [WARN]: currtInst: <16 INVOKE,STATIC,extra=[android.os.Message/obtain[android.os.Handler, int, int, int], [5, 6, 7, 8]]>
Message - [BB]: reg 5
Message - [BB]: reg 6
Message - [BB]: reg 7
Message - [BB]: reg 8
DalvikVM - [MSG]: Begin run instrumented methods!
DalvikVM - [BB]: Add frames [StackFrame android.os.Message/myObtain[void, int, int, int]]
DalvikVM - [BB]: fu.hao.trust.dvm.DalvikVM -> runInstrumentedMethods set pc to 0
Executor - [MSG]: 

Executor - [MSG]: <0 SPECIAL,ARGUMENT_SET,extra=[1, 2, 3, 4, 5]> at android.os.Message/myObtain[void, int, int, int]
DalvikVM - [WARN]: ar 1, (instance number 1@android.os.Message, android.os.Message)
Executor - [DEBUG]: params: instance number 1@android.os.Message
DalvikVM - [WARN]: ar 2, (0, void)
Executor - [DEBUG]: params: 0
DalvikVM - [WARN]: ar 3, (1, void)
Executor - [DEBUG]: params: 1
DalvikVM - [WARN]: ar 4, (-1266614931, int)
Executor - [DEBUG]: params: -1266614931
DalvikVM - [WARN]: ar 5, (0, void)
Executor - [DEBUG]: params: 0
DalvikVM - [BB]: fu.hao.trust.dvm.Executor$OP_SP_ARGUMENTS -> jump set pc to 1
TaintSumBranch - [BB]: Copy 359874043116909l as tainted.
TaintSumBranch - [BB]: Copy -1266614931 as tainted.
TaintSumBranch - [BB]: Copy 359874043116909 as tainted.
TaintSumBranch - [BB]: Copy 359874043116909 as tainted.
TaintSumBranch - [BB]: Add [reg 4@Message/myObtain] as tainted due to -1266614931
PluginManager - [MSG]: TaintSumBranch Tainted Res: {359874043116909l=<8 INVOKE,VIRTUAL,extra=[android.telephony.TelephonyManager/getDeviceId[], [1]]>, -1266614931=<8 INVOKE,VIRTUAL,extra=[android.telephony.TelephonyManager/getDeviceId[], [1]]>, 359874043116909=<8 INVOKE,VIRTUAL,extra=[android.telephony.TelephonyManager/getDeviceId[], [1]]>, 359874043116909=<8 INVOKE,VIRTUAL,extra=[android.telephony.TelephonyManager/getDeviceId[], [1]]>, [reg 4@Message/myObtain]=<8 INVOKE,VIRTUAL,extra=[android.telephony.TelephonyManager/getDeviceId[], [1]]>}
Executor - [MSG]: 

Executor - [MSG]: <1 INSTANCE,IPUT,r0=r1,r1=r2,type=java.lang.Object,extra=android.os.Message.handler> at android.os.Message/myObtain[void, int, int, int]
class fu.hao.trust.dvm.Executor$OP_INSTANCE_PUT_FIELD - [BB]: field android.os.Message.handler
class fu.hao.trust.dvm.Executor$OP_INSTANCE_PUT_FIELD - [BB]: Target obj instance number 1@android.os.Message
Message - [DEBUG]: put field 0
class fu.hao.trust.dvm.Executor$OP_INSTANCE_PUT_FIELD - [MSG]: Put data 0 to the field of instance number 1@android.os.Message
DalvikVM - [BB]: fu.hao.trust.dvm.Executor$OP_INSTANCE_PUT_FIELD -> jump set pc to 2
PluginManager - [MSG]: TaintSumBranch Tainted Res: {359874043116909l=<8 INVOKE,VIRTUAL,extra=[android.telephony.TelephonyManager/getDeviceId[], [1]]>, -1266614931=<8 INVOKE,VIRTUAL,extra=[android.telephony.TelephonyManager/getDeviceId[], [1]]>, 359874043116909=<8 INVOKE,VIRTUAL,extra=[android.telephony.TelephonyManager/getDeviceId[], [1]]>, 359874043116909=<8 INVOKE,VIRTUAL,extra=[android.telephony.TelephonyManager/getDeviceId[], [1]]>, [reg 4@Message/myObtain]=<8 INVOKE,VIRTUAL,extra=[android.telephony.TelephonyManager/getDeviceId[], [1]]>}
Executor - [MSG]: 

Executor - [MSG]: <2 INSTANCE,IPUT,r0=r1,r1=r3,type=java.lang.Object,extra=android.os.Message.what> at android.os.Message/myObtain[void, int, int, int]
class fu.hao.trust.dvm.Executor$OP_INSTANCE_PUT_FIELD - [BB]: field android.os.Message.what
class fu.hao.trust.dvm.Executor$OP_INSTANCE_PUT_FIELD - [BB]: Target obj instance number 1@android.os.Message
Message - [DEBUG]: put field 1
class fu.hao.trust.dvm.Executor$OP_INSTANCE_PUT_FIELD - [MSG]: Put data 1 to the field of instance number 1@android.os.Message
DalvikVM - [BB]: fu.hao.trust.dvm.Executor$OP_INSTANCE_PUT_FIELD -> jump set pc to 3
PluginManager - [MSG]: TaintSumBranch Tainted Res: {359874043116909l=<8 INVOKE,VIRTUAL,extra=[android.telephony.TelephonyManager/getDeviceId[], [1]]>, -1266614931=<8 INVOKE,VIRTUAL,extra=[android.telephony.TelephonyManager/getDeviceId[], [1]]>, 359874043116909=<8 INVOKE,VIRTUAL,extra=[android.telephony.TelephonyManager/getDeviceId[], [1]]>, 359874043116909=<8 INVOKE,VIRTUAL,extra=[android.telephony.TelephonyManager/getDeviceId[], [1]]>, [reg 4@Message/myObtain]=<8 INVOKE,VIRTUAL,extra=[android.telephony.TelephonyManager/getDeviceId[], [1]]>}
Executor - [MSG]: 

Executor - [MSG]: <3 INSTANCE,IPUT,r0=r1,r1=r4,type=java.lang.Object,extra=android.os.Message.arg1> at android.os.Message/myObtain[void, int, int, int]
class fu.hao.trust.dvm.Executor$OP_INSTANCE_PUT_FIELD - [BB]: field android.os.Message.arg1
class fu.hao.trust.dvm.Executor$OP_INSTANCE_PUT_FIELD - [BB]: Target obj instance number 1@android.os.Message
Message - [DEBUG]: put field -1266614931
class fu.hao.trust.dvm.Executor$OP_INSTANCE_PUT_FIELD - [MSG]: Put data -1266614931 to the field of instance number 1@android.os.Message
DalvikVM - [BB]: fu.hao.trust.dvm.Executor$OP_INSTANCE_PUT_FIELD -> jump set pc to 4
TaintSumBranch - [BB]: Add -1266614931as tainted due to [reg 4@Message/myObtain]
TaintSumBranch - [MSG]: has false
TaintSumBranch - [MSG]: Tfields: {}
Results - [MSG]: Set new tainted heap loc true
TaintSumBranch - [MSG]: New tainted heap loc: /arg1
TaintSumBranch - [MSG]: {}
TaintSumBranch - [MSG]: has true
PluginManager - [MSG]: TaintSumBranch Tainted Res: {359874043116909l=<8 INVOKE,VIRTUAL,extra=[android.telephony.TelephonyManager/getDeviceId[], [1]]>, -1266614931=<8 INVOKE,VIRTUAL,extra=[android.telephony.TelephonyManager/getDeviceId[], [1]]>, 359874043116909=<8 INVOKE,VIRTUAL,extra=[android.telephony.TelephonyManager/getDeviceId[], [1]]>, 359874043116909=<8 INVOKE,VIRTUAL,extra=[android.telephony.TelephonyManager/getDeviceId[], [1]]>, [reg 4@Message/myObtain]=<8 INVOKE,VIRTUAL,extra=[android.telephony.TelephonyManager/getDeviceId[], [1]]>}
Executor - [MSG]: 

Executor - [MSG]: <4 INSTANCE,IPUT,r0=r1,r1=r5,type=java.lang.Object,extra=android.os.Message.arg2> at android.os.Message/myObtain[void, int, int, int]
class fu.hao.trust.dvm.Executor$OP_INSTANCE_PUT_FIELD - [BB]: field android.os.Message.arg2
class fu.hao.trust.dvm.Executor$OP_INSTANCE_PUT_FIELD - [BB]: Target obj instance number 1@android.os.Message
Message - [DEBUG]: put field 0
class fu.hao.trust.dvm.Executor$OP_INSTANCE_PUT_FIELD - [MSG]: Put data 0 to the field of instance number 1@android.os.Message
DalvikVM - [BB]: fu.hao.trust.dvm.Executor$OP_INSTANCE_PUT_FIELD -> jump set pc to 5
PluginManager - [MSG]: TaintSumBranch Tainted Res: {359874043116909l=<8 INVOKE,VIRTUAL,extra=[android.telephony.TelephonyManager/getDeviceId[], [1]]>, -1266614931=<8 INVOKE,VIRTUAL,extra=[android.telephony.TelephonyManager/getDeviceId[], [1]]>, 359874043116909=<8 INVOKE,VIRTUAL,extra=[android.telephony.TelephonyManager/getDeviceId[], [1]]>, 359874043116909=<8 INVOKE,VIRTUAL,extra=[android.telephony.TelephonyManager/getDeviceId[], [1]]>, [reg 4@Message/myObtain]=<8 INVOKE,VIRTUAL,extra=[android.telephony.TelephonyManager/getDeviceId[], [1]]>}
Executor - [MSG]: 

Executor - [MSG]: <5 RETURN,VOID> at android.os.Message/myObtain[void, int, int, int]
class fu.hao.trust.dvm.Executor$OP_RETURN_VOID - [DEBUG]: Return void
DalvikVM - [BB]: stack [StackFrame edu.mit.icc_service_messages.ActivityMessenger/sayHello[android.view.View]]
DalvikVM - [BB]: Back to the last stack frame.StackFrame edu.mit.icc_service_messages.ActivityMessenger/sayHello[android.view.View]
PluginManager - [MSG]: TaintSumBranch Tainted Res: {359874043116909l=<8 INVOKE,VIRTUAL,extra=[android.telephony.TelephonyManager/getDeviceId[], [1]]>, [reg 2@ActivityMessenger/sayHello]=<8 INVOKE,VIRTUAL,extra=[android.telephony.TelephonyManager/getDeviceId[], [1]]>, -1266614931=<8 INVOKE,VIRTUAL,extra=[android.telephony.TelephonyManager/getDeviceId[], [1]]>, 359874043116909=<8 INVOKE,VIRTUAL,extra=[android.telephony.TelephonyManager/getDeviceId[], [1]]>, 359874043116909=<8 INVOKE,VIRTUAL,extra=[android.telephony.TelephonyManager/getDeviceId[], [1]]>, [reg 7@ActivityMessenger/sayHello]=<8 INVOKE,VIRTUAL,extra=[android.telephony.TelephonyManager/getDeviceId[], [1]]>}
DalvikVM - [MSG]: Finish running instrumented methods! Back to StackFrame edu.mit.icc_service_messages.ActivityMessenger/sayHello[android.view.View]
DalvikVM - [WARN]: ar -1, (instance number 1@android.os.Message, android.os.Message)
Executor - [MSG]: reflction invocation public static android.os.Message android.os.Message.obtain(android.os.Handler,int,int,int)
DalvikVM - [BB]: Set reflective call: public static android.os.Message android.os.Message.obtain(android.os.Handler,int,int,int)
DalvikVM - [BB]: fu.hao.trust.dvm.Executor$OP_INVOKE_STATIC -> jump set pc to 17
TaintSumBranch - [BB]: <android.os.Message: android.os.Message obtain(android.os.Handler,int,int,int)>
TaintSumBranch - [WARN]: Found a tainted return val!
TaintSumBranch - [DEBUG]: Not a taint call: <android.os.Message: android.os.Message obtain(android.os.Handler,int,int,int)>
TaintSumBranch - [WARN]: Found a tainted return val!
PluginManager - [MSG]: TaintSumBranch Tainted Res: {[reg 2@ActivityMessenger/sayHello]=<8 INVOKE,VIRTUAL,extra=[android.telephony.TelephonyManager/getDeviceId[], [1]]>, 359874043116909l=<8 INVOKE,VIRTUAL,extra=[android.telephony.TelephonyManager/getDeviceId[], [1]]>, -1266614931=<8 INVOKE,VIRTUAL,extra=[android.telephony.TelephonyManager/getDeviceId[], [1]]>, [Global RetReg]=<8 INVOKE,VIRTUAL,extra=[android.telephony.TelephonyManager/getDeviceId[], [1]]>, 359874043116909=<8 INVOKE,VIRTUAL,extra=[android.telephony.TelephonyManager/getDeviceId[], [1]]>, 359874043116909=<8 INVOKE,VIRTUAL,extra=[android.telephony.TelephonyManager/getDeviceId[], [1]]>, instance number 1@android.os.Message=<8 INVOKE,VIRTUAL,extra=[android.telephony.TelephonyManager/getDeviceId[], [1]]>, [reg 7@ActivityMessenger/sayHello]=<8 INVOKE,VIRTUAL,extra=[android.telephony.TelephonyManager/getDeviceId[], [1]]>}
Executor - [MSG]: 

Executor - [MSG]: <17 MOV,RESULT,dst=r4,type=java.lang.Object> at edu.mit.icc_service_messages.ActivityMessenger/sayHello[android.view.View]
DalvikVM - [WARN]: ar 4, (instance number 1@android.os.Message, android.os.Message)
OP_MOV_RESULT - [BB]: Result data: instance number 1@android.os.Message
OP_MOV_RESULT - [DEBUG]: Result data: instance number 1@android.os.Message, type: android.os.Message, to [reg 4@ActivityMessenger/sayHello]
DalvikVM - [BB]: fu.hao.trust.dvm.Executor$OP_MOV_RESULT -> jump set pc to 18
TaintSumBranch - [BB]: <8 INVOKE,VIRTUAL,extra=[android.telephony.TelephonyManager/getDeviceId[], [1]]>
TaintSumBranch - [BB]: Add reg 4 due to ret reg.
PluginManager - [MSG]: TaintSumBranch Tainted Res: {359874043116909l=<8 INVOKE,VIRTUAL,extra=[android.telephony.TelephonyManager/getDeviceId[], [1]]>, [reg 2@ActivityMessenger/sayHello]=<8 INVOKE,VIRTUAL,extra=[android.telephony.TelephonyManager/getDeviceId[], [1]]>, -1266614931=<8 INVOKE,VIRTUAL,extra=[android.telephony.TelephonyManager/getDeviceId[], [1]]>, 359874043116909=<8 INVOKE,VIRTUAL,extra=[android.telephony.TelephonyManager/getDeviceId[], [1]]>, 359874043116909=<8 INVOKE,VIRTUAL,extra=[android.telephony.TelephonyManager/getDeviceId[], [1]]>, [reg 4@ActivityMessenger/sayHello]=<8 INVOKE,VIRTUAL,extra=[android.telephony.TelephonyManager/getDeviceId[], [1]]>, instance number 1@android.os.Message=<8 INVOKE,VIRTUAL,extra=[android.telephony.TelephonyManager/getDeviceId[], [1]]>, [reg 7@ActivityMessenger/sayHello]=<8 INVOKE,VIRTUAL,extra=[android.telephony.TelephonyManager/getDeviceId[], [1]]>}
Executor - [MSG]: 

Executor - [MSG]: <18 INSTANCE,IGET,r0=r9,r1=r5,type=java.lang.Object,extra=edu.mit.icc_service_messages.ActivityMessenger.mService> at edu.mit.icc_service_messages.ActivityMessenger/sayHello[android.view.View]
class fu.hao.trust.dvm.Executor$OP_INSTANCE_GET_FIELD - [BB]: Obj Activity:instance number 1@edu.mit.icc_service_messages.ActivityMessenger
class fu.hao.trust.dvm.Executor$OP_INSTANCE_GET_FIELD - [BB]: Fieldinfo edu.mit.icc_service_messages.ActivityMessenger.mService
Unknown - [BB]: Unknown created!
Activity - [DEBUG]: put field [Unknown var:android.os.Messenger@45a23f67, type: android.os.Messenger]
DalvikVM - [WARN]: ar 5 (0, void), ([Unknown var:android.os.Messenger@45a23f67, type: android.os.Messenger], android.os.Messenger)
class fu.hao.trust.dvm.Executor$OP_INSTANCE_GET_FIELD - [DEBUG]: Get data: [Unknown var:android.os.Messenger@45a23f67, type: android.os.Messenger]
DalvikVM - [BB]: fu.hao.trust.dvm.Executor$OP_INSTANCE_GET_FIELD -> jump set pc to 19
PluginManager - [MSG]: TaintSumBranch Tainted Res: {[reg 2@ActivityMessenger/sayHello]=<8 INVOKE,VIRTUAL,extra=[android.telephony.TelephonyManager/getDeviceId[], [1]]>, 359874043116909l=<8 INVOKE,VIRTUAL,extra=[android.telephony.TelephonyManager/getDeviceId[], [1]]>, -1266614931=<8 INVOKE,VIRTUAL,extra=[android.telephony.TelephonyManager/getDeviceId[], [1]]>, 359874043116909=<8 INVOKE,VIRTUAL,extra=[android.telephony.TelephonyManager/getDeviceId[], [1]]>, 359874043116909=<8 INVOKE,VIRTUAL,extra=[android.telephony.TelephonyManager/getDeviceId[], [1]]>, [reg 4@ActivityMessenger/sayHello]=<8 INVOKE,VIRTUAL,extra=[android.telephony.TelephonyManager/getDeviceId[], [1]]>, instance number 1@android.os.Message=<8 INVOKE,VIRTUAL,extra=[android.telephony.TelephonyManager/getDeviceId[], [1]]>, [reg 7@ActivityMessenger/sayHello]=<8 INVOKE,VIRTUAL,extra=[android.telephony.TelephonyManager/getDeviceId[], [1]]>}
Executor - [MSG]: 

Executor - [MSG]: <19 INVOKE,VIRTUAL,extra=[android.os.Messenger/send[android.os.Message], [5, 4]]> at edu.mit.icc_service_messages.ActivityMessenger/sayHello[android.view.View]
Executor - [MSG]: arg0 obj: [Unknown var:android.os.Messenger@45a23f67, type: android.os.Messenger]
Executor - [DEBUG]: Reflction class: class android.os.Messenger
Executor - [BB]: Normal args? true
Executor - [BB]: arg1@reg4: instance number 1@android.os.Message
Executor - [BB]: Nargs? true
Executor - [DEBUG]: Caller obj: android.os.Messenger@45a23f67, from class: class android.os.Messenger
Messenger - [ERROR]: Cannot locate the handler
Executor - [ERROR]: Error in reflection: null
