DalvikVM - [BB]: com.wowotuan.appfactory.gui.activity.ca
DalvikVM - [BB]: com.wowotuan.appfactory.gui.activity.ca/<init>[com.wowotuan.appfactory.gui.activity.CityChoiceActivity] true
DalvikVM - [BB]: com.wowotuan.appfactory.gui.activity.CityChoiceActivity
DalvikVM - [BB]: com.wowotuan.appfactory.gui.activity.ca/onReceive[android.content.Context, android.content.Intent] false
DalvikVM - [BB]: android.content.Context
DalvikVM - [BB]: android.content.Intent
DalvikVM - [MSG]: Begin run onReceive at C:/Users/hao/workspace/DroidBenchProj/apks/benign/wowotuan/com.wowotuan.appfactory.wangpintaisuniupai/7619303.html.apk
Caller@4: <init>@fu.hao.trust.dvm.DVMObject - [BB]: getClass com.wowotuan.appfactory.gui.activity.ca at fu.hao.trust.dvm.VMHeap@2adaf6a
Caller: getClass@fu.hao.trust.dvm.VMHeap - [BB]: new class representation for com.wowotuan.appfactory.gui.activity.ca at fu.hao.trust.dvm.VMHeap@2adaf6a
Caller@4: <init>@fu.hao.trust.dvm.DVMClass - [BB]: getClass android.content.BroadcastReceiver at fu.hao.trust.dvm.VMHeap@2adaf6a
Caller: getClass@fu.hao.trust.dvm.VMHeap - [BB]: new class representation for android.content.BroadcastReceiver at fu.hao.trust.dvm.VMHeap@2adaf6a
Caller: <init>@fu.hao.trust.dvm.DVMClass - [BB]: Get DVMClass for type android.content.BroadcastReceiver
Caller@4: <init>@fu.hao.trust.dvm.DVMClass - [BB]: getClass android.content.BroadcastReceiver at fu.hao.trust.dvm.VMHeap@2adaf6a
Caller: <init>@fu.hao.trust.dvm.DVMObject - [BB]: Get DVMClass for type com.wowotuan.appfactory.gui.activity.ca
Caller@4: <init>@fu.hao.trust.dvm.DVMObject - [BB]: getClass com.wowotuan.appfactory.gui.activity.ca at fu.hao.trust.dvm.VMHeap@2adaf6a
DVMObject - [BB]: New instance of com.wowotuan.appfactory.gui.activity.ca
Caller@4: <init>@fu.hao.trust.dvm.DVMObject - [BB]: getClass com.wowotuan.appfactory.gui.activity.ca at fu.hao.trust.dvm.VMHeap@2adaf6a
Caller: <init>@fu.hao.trust.dvm.DVMObject - [BB]: Get DVMClass for type com.wowotuan.appfactory.gui.activity.ca
Caller@4: <init>@fu.hao.trust.dvm.DVMObject - [BB]: getClass com.wowotuan.appfactory.gui.activity.ca at fu.hao.trust.dvm.VMHeap@2adaf6a
DalvikVM - [BB]: New method call: com.wowotuan.appfactory.gui.activity.ca/onReceive[android.content.Context, android.content.Intent]
DalvikVM - [BB]: [0]<0 SPECIAL,ARGUMENT_SET,extra=[5, 6, 7]>
DalvikVM - [BB]: [1]<0 MOV,CONST,dst=r4,type=void,extra=class patdroid.core.PrimitiveInfo?1>
DalvikVM - [BB]: [2]<0 INVOKE,VIRTUAL,extra=[android.content.Intent/getAction[], [7]]>
DalvikVM - [BB]: [3]<0 MOV,RESULT,dst=r0,type=java.lang.Object>
DalvikVM - [BB]: [4]<0 MOV,CONST,dst=r1,type=java.lang.String,extra="com.wowotuan.appfactory.broadcast.location">
DalvikVM - [BB]: [5]<0 INVOKE,VIRTUAL,extra=[java.lang.String/equals[java.lang.Object], [0, 1]]>
DalvikVM - [BB]: [6]<0 MOV,RESULT,dst=r0,type=void>
DalvikVM - [BB]: [7]<0 IF,EQZ,r0=r0,extra=index:42>
DalvikVM - [BB]: [8]<0 MOV,CONST,dst=r0,type=java.lang.String,extra="location">
DalvikVM - [BB]: [9]<0 INVOKE,VIRTUAL,extra=[android.content.Intent/getStringExtra[java.lang.String], [7, 0]]>
DalvikVM - [BB]: [10]<0 MOV,RESULT,dst=r0,type=java.lang.Object>
DalvikVM - [BB]: [11]<0 MOV,CONST,dst=r1,type=java.lang.String,extra="">
DalvikVM - [BB]: [12]<0 INVOKE,VIRTUAL,extra=[java.lang.String/equals[java.lang.Object], [0, 1]]>
DalvikVM - [BB]: [13]<0 MOV,RESULT,dst=r1,type=void>
DalvikVM - [BB]: [14]<0 IF,NEZ,r0=r1,extra=index:43>
DalvikVM - [BB]: [15]<0 NEW,INSTANCE,dst=r1,type=com.wowotuan.appfactory.dto.RequestCityLocationDto>
DalvikVM - [BB]: [16]<0 INVOKE,DIRECT,extra=[com.wowotuan.appfactory.dto.RequestCityLocationDto/<init>[], [1]]>
DalvikVM - [BB]: [17]<0 INSTANCE,IGET,r0=r5,r1=r2,type=java.lang.Object,extra=com.wowotuan.appfactory.gui.activity.ca.a>
DalvikVM - [BB]: [18]<0 INVOKE,STATIC,extra=[com.wowotuan.appfactory.gui.activity.CityChoiceActivity/i[com.wowotuan.appfactory.gui.activity.CityChoiceActivity], [2]]>
DalvikVM - [BB]: [19]<0 MOV,RESULT,dst=r2,type=java.lang.Object>
DalvikVM - [BB]: [20]<0 MOV,CONST,dst=r3,type=void,extra=class patdroid.core.PrimitiveInfo?2131230742>
DalvikVM - [BB]: [21]<0 HALT,VIRTUAL,extra=[null, [2, 3]]>
DalvikVM - [BB]: [22]<0 MOV,RESULT,dst=r2,type=java.lang.Object>
DalvikVM - [BB]: [23]<0 INVOKE,VIRTUAL,extra=[com.wowotuan.appfactory.dto.RequestCityLocationDto/setPid[java.lang.String], [1, 2]]>
DalvikVM - [BB]: [24]<0 INVOKE,VIRTUAL,extra=[com.wowotuan.appfactory.dto.RequestCityLocationDto/setLocation[java.lang.String], [1, 0]]>
DalvikVM - [BB]: [25]<0 INSTANCE,IGET,r0=r5,r1=r0,type=java.lang.Object,extra=com.wowotuan.appfactory.gui.activity.ca.a>
DalvikVM - [BB]: [26]<0 INVOKE,STATIC,extra=[com.wowotuan.appfactory.gui.activity.CityChoiceActivity/c[com.wowotuan.appfactory.gui.activity.CityChoiceActivity], [0]]>
DalvikVM - [BB]: [27]<0 MOV,RESULT,dst=r0,type=java.lang.Object>
DalvikVM - [BB]: [28]<0 IF,EQZ,r0=r0,extra=index:42>
DalvikVM - [BB]: [29]<0 INSTANCE,IGET,r0=r5,r1=r0,type=java.lang.Object,extra=com.wowotuan.appfactory.gui.activity.ca.a>
DalvikVM - [BB]: [30]<0 INVOKE,STATIC,extra=[com.wowotuan.appfactory.gui.activity.CityChoiceActivity/c[com.wowotuan.appfactory.gui.activity.CityChoiceActivity], [0]]>
DalvikVM - [BB]: [31]<0 MOV,RESULT,dst=r0,type=java.lang.Object>
DalvikVM - [BB]: [32]<0 INVOKE,INTERFACE,extra=[java.util.List/size[], [0]]>
DalvikVM - [BB]: [33]<0 MOV,RESULT,dst=r0,type=void>
DalvikVM - [BB]: [34]<0 IF,LE,r0=r0,r1=r4,extra=index:42>
DalvikVM - [BB]: [35]<0 NEW,INSTANCE,dst=r0,type=com.wowotuan.appfactory.gui.activity.cc>
DalvikVM - [BB]: [36]<0 INSTANCE,IGET,r0=r5,r1=r2,type=java.lang.Object,extra=com.wowotuan.appfactory.gui.activity.ca.a>
DalvikVM - [BB]: [37]<0 INVOKE,DIRECT,extra=[com.wowotuan.appfactory.gui.activity.cc/<init>[com.wowotuan.appfactory.gui.activity.CityChoiceActivity], [0, 2]]>
DalvikVM - [BB]: [38]<0 NEW,ARRAY,dst=r2,r0=r4,type=[Lcom.wowotuan.appfactory.dto.RequestCityLocationDto;>
DalvikVM - [BB]: [39]<0 MOV,CONST,dst=r3,type=void,extra=class patdroid.core.PrimitiveInfo?0>
DalvikVM - [BB]: [40]<0 ARRAY,APUT,dst=r1,r0=r2,r1=r3,type=java.lang.Object>
DalvikVM - [BB]: [41]<0 HALT,VIRTUAL,extra=[null, [0, 2]]>
DalvikVM - [BB]: [42]<0 RETURN,VOID>
DalvikVM - [BB]: [43]<0 INSTANCE,IGET,r0=r5,r1=r0,type=java.lang.Object,extra=com.wowotuan.appfactory.gui.activity.ca.a>
DalvikVM - [BB]: [44]<0 INVOKE,STATIC,extra=[com.wowotuan.appfactory.gui.activity.CityChoiceActivity/h[com.wowotuan.appfactory.gui.activity.CityChoiceActivity], [0]]>
DalvikVM - [BB]: [45]<0 MOV,RESULT,dst=r0,type=java.lang.Object>
DalvikVM - [BB]: [46]<0 MOV,CONST,dst=r1,type=void,extra=class patdroid.core.PrimitiveInfo?8>
DalvikVM - [BB]: [47]<0 HALT,VIRTUAL,extra=[null, [0, 1]]>
DalvikVM - [BB]: [48]<0 INSTANCE,IGET,r0=r5,r1=r0,type=java.lang.Object,extra=com.wowotuan.appfactory.gui.activity.ca.a>
DalvikVM - [BB]: [49]<0 INVOKE,STATIC,extra=[com.wowotuan.appfactory.gui.activity.CityChoiceActivity/j[com.wowotuan.appfactory.gui.activity.CityChoiceActivity], [0]]>
DalvikVM - [BB]: [50]<0 MOV,RESULT,dst=r0,type=java.lang.Object>
DalvikVM - [BB]: [51]<0 INSTANCE,IGET,r0=r5,r1=r1,type=java.lang.Object,extra=com.wowotuan.appfactory.gui.activity.ca.a>
DalvikVM - [BB]: [52]<0 HALT,VIRTUAL,extra=[null, [1]]>
DalvikVM - [BB]: [53]<0 MOV,RESULT,dst=r1,type=java.lang.Object>
DalvikVM - [BB]: [54]<0 MOV,CONST,dst=r2,type=void,extra=class patdroid.core.PrimitiveInfo?2131230752>
DalvikVM - [BB]: [55]<0 HALT,VIRTUAL,extra=[null, [1, 2]]>
DalvikVM - [BB]: [56]<0 MOV,RESULT,dst=r1,type=java.lang.Object>
DalvikVM - [BB]: [57]<0 INVOKE,VIRTUAL,extra=[android.widget.TextView/setText[java.lang.CharSequence], [0, 1]]>
DalvikVM - [BB]: [58]<0 GOTO,extra=index:42>
DalvikVM - [BB]: New Stack Frame: StackFrame com.wowotuan.appfactory.gui.activity.ca/onReceive[android.content.Context, android.content.Intent]
DalvikVM - [BB]: Stack: [StackFrame com.wowotuan.appfactory.gui.activity.ca/onReceive[android.content.Context, android.content.Intent]]
Interpreter - [MSG]: New chain obj
Caller@4: <init>@fu.hao.trust.dvm.DVMObject - [BB]: getClass com.wowotuan.appfactory.gui.activity.ca at fu.hao.trust.dvm.VMHeap@2adaf6a
Caller: <init>@fu.hao.trust.dvm.DVMObject - [BB]: Get DVMClass for type com.wowotuan.appfactory.gui.activity.ca
Caller@4: <init>@fu.hao.trust.dvm.DVMObject - [BB]: getClass com.wowotuan.appfactory.gui.activity.ca at fu.hao.trust.dvm.VMHeap@2adaf6a
DVMObject - [BB]: New instance of com.wowotuan.appfactory.gui.activity.ca
Caller@4: <init>@fu.hao.trust.dvm.DVMObject - [BB]: getClass com.wowotuan.appfactory.gui.activity.ca at fu.hao.trust.dvm.VMHeap@2adaf6a
Caller: <init>@fu.hao.trust.dvm.DVMObject - [BB]: Get DVMClass for type com.wowotuan.appfactory.gui.activity.ca
Caller@4: <init>@fu.hao.trust.dvm.DVMObject - [BB]: getClass com.wowotuan.appfactory.gui.activity.ca at fu.hao.trust.dvm.VMHeap@2adaf6a
Interpreter - [MSG]: RUN BEGIN com.wowotuan.appfactory.gui.activity.ca/onReceive[android.content.Context, android.content.Intent]
Interpreter - [MSG]: RUN BEGIN
DalvikVM - [BB]: fu.hao.trust.dvm.Interpreter -> run set pc to 0
Interpreter - [MSG]: 

Interpreter - [MSG]: <0 SPECIAL,ARGUMENT_SET,extra=[5, 6, 7]> at com.wowotuan.appfactory.gui.activity.ca/onReceive[android.content.Context, android.content.Intent]
Interpreter - [DEBUG]: params: instance number 1@com.wowotuan.appfactory.gui.activity.ca
Interpreter - [DEBUG]: params: android.content.Context@69cce612
Interpreter - [DEBUG]: params: [intent:com.wowotuan.appfactory.broadcast.location, {location=121.1, 131.1}]
DalvikVM - [BB]: fu.hao.trust.dvm.Interpreter$OP_SP_ARGUMENTS -> jump set pc to 1
PluginManager - [MSG]: InfluenceAnalysis Tainted Res: {}
PluginManager - [MSG]: ContextAnalysis Tainted Res: {}
Interpreter - [MSG]: 

Interpreter - [MSG]: <1 MOV,CONST,dst=r4,type=void,extra=class patdroid.core.PrimitiveInfo?1> at com.wowotuan.appfactory.gui.activity.ca/onReceive[android.content.Context, android.content.Intent]
Interpreter - [DEBUG]: Mov const begin <1 MOV,CONST,dst=r4,type=void,extra=class patdroid.core.PrimitiveInfo?1>
Interpreter - [DEBUG]: data: 1 class patdroid.core.PrimitiveInfo
DalvikVM - [BB]: fu.hao.trust.dvm.Interpreter$OP_MOV_CONST -> jump set pc to 2
PluginManager - [MSG]: InfluenceAnalysis Tainted Res: {}
PluginManager - [MSG]: ContextAnalysis Tainted Res: {}
Interpreter - [MSG]: 

Interpreter - [MSG]: <2 INVOKE,VIRTUAL,extra=[android.content.Intent/getAction[], [7]]> at com.wowotuan.appfactory.gui.activity.ca/onReceive[android.content.Context, android.content.Intent]
Interpreter - [MSG]: arg0 obj: [intent:com.wowotuan.appfactory.broadcast.location, {location=121.1, 131.1}]
Interpreter - [DEBUG]: Reflction class: class android.content.Intent
Interpreter - [DEBUG]: Return data: com.wowotuan.appfactory.broadcast.location ,class java.lang.String
Interpreter - [MSG]: Reflction invocation public java.lang.String android.content.Intent.getAction()
DalvikVM - [BB]: fu.hao.trust.dvm.Interpreter -> jump set pc to 3
FULL_OP_INVOKE - [BB]: targetcalls {}
InfluenceAnalysis - [BB]: <android.content.Intent: java.lang.String getAction()>
InfluenceAnalysis - [DEBUG]: not a taint call: <android.content.Intent: java.lang.String getAction()>
ContextAnalysis - [BB]: <android.content.Intent: java.lang.String getAction()>
ContextAnalysis - [DEBUG]: not a taint call: <android.content.Intent: java.lang.String getAction()>
ContextAnalysis - [BB]: Ret value com.wowotuan.appfactory.broadcast.location
InfluenceAnalysis - [BB]: Method public java.lang.String android.content.Intent.getAction()
InfluenceAnalysis - [MSG]: Not API Recording
FULL_OP_INVOKE - [BB]: Target calls {}
PluginManager - [MSG]: InfluenceAnalysis Tainted Res: {}
PluginManager - [MSG]: ContextAnalysis Tainted Res: {}
Interpreter - [MSG]: 

Interpreter - [MSG]: <3 MOV,RESULT,dst=r0,type=java.lang.Object> at com.wowotuan.appfactory.gui.activity.ca/onReceive[android.content.Context, android.content.Intent]
OP_MOV_RESULT - [BB]: Result data: com.wowotuan.appfactory.broadcast.location
OP_MOV_RESULT - [DEBUG]: Result data: com.wowotuan.appfactory.broadcast.location, type: java.lang.String, to [reg 0@ca/onReceive]
DalvikVM - [BB]: fu.hao.trust.dvm.Interpreter$OP_MOV_RESULT -> jump set pc to 4
PluginManager - [MSG]: InfluenceAnalysis Tainted Res: {}
PluginManager - [MSG]: ContextAnalysis Tainted Res: {}
Interpreter - [MSG]: 

Interpreter - [MSG]: <4 MOV,CONST,dst=r1,type=java.lang.String,extra="com.wowotuan.appfactory.broadcast.location"> at com.wowotuan.appfactory.gui.activity.ca/onReceive[android.content.Context, android.content.Intent]
Interpreter - [DEBUG]: Mov const begin <4 MOV,CONST,dst=r1,type=java.lang.String,extra="com.wowotuan.appfactory.broadcast.location">
Interpreter - [DEBUG]: data: com.wowotuan.appfactory.broadcast.location class java.lang.String
DalvikVM - [BB]: fu.hao.trust.dvm.Interpreter$OP_MOV_CONST -> jump set pc to 5
PluginManager - [MSG]: InfluenceAnalysis Tainted Res: {}
PluginManager - [MSG]: ContextAnalysis Tainted Res: {}
Interpreter - [MSG]: 

Interpreter - [MSG]: <5 INVOKE,VIRTUAL,extra=[java.lang.String/equals[java.lang.Object], [0, 1]]> at com.wowotuan.appfactory.gui.activity.ca/onReceive[android.content.Context, android.content.Intent]
Interpreter - [MSG]: arg0 obj: com.wowotuan.appfactory.broadcast.location
Interpreter - [DEBUG]: Reflction class: class java.lang.String
Interpreter - [BB]: arg1@reg1: com.wowotuan.appfactory.broadcast.location
Interpreter - [DEBUG]: Caller obj: com.wowotuan.appfactory.broadcast.location, from class: class java.lang.String
Interpreter - [DEBUG]: Return data: true ,class java.lang.Boolean
Interpreter - [MSG]: Reflction invocation public boolean java.lang.String.equals(java.lang.Object)
DalvikVM - [BB]: fu.hao.trust.dvm.Interpreter -> jump set pc to 6
FULL_OP_INVOKE - [BB]: targetcalls {}
InfluenceAnalysis - [BB]: <java.lang.String: boolean equals(java.lang.Object)>
InfluenceAnalysis - [DEBUG]: not a taint call: <java.lang.String: boolean equals(java.lang.Object)>
ContextAnalysis - [BB]: <java.lang.String: boolean equals(java.lang.Object)>
ContextAnalysis - [DEBUG]: not a taint call: <java.lang.String: boolean equals(java.lang.Object)>
ContextAnalysis - [BB]: Ret value true
InfluenceAnalysis - [BB]: Method public boolean java.lang.String.equals(java.lang.Object)
InfluenceAnalysis - [MSG]: Not API Recording
FULL_OP_INVOKE - [BB]: Target calls {}
PluginManager - [MSG]: InfluenceAnalysis Tainted Res: {}
PluginManager - [MSG]: ContextAnalysis Tainted Res: {}
Interpreter - [MSG]: 

Interpreter - [MSG]: <6 MOV,RESULT,dst=r0,type=void> at com.wowotuan.appfactory.gui.activity.ca/onReceive[android.content.Context, android.content.Intent]
DalvikVM - [BB]: ar-1 <true, boolean>, <true, boolean>
DalvikVM - [BB]: ar0 <com.wowotuan.appfactory.broadcast.location, java.lang.String>, <true, boolean>
OP_MOV_RESULT - [BB]: Result data: true
OP_MOV_RESULT - [DEBUG]: Result data: true, type: boolean, to [reg 0@ca/onReceive]
DalvikVM - [BB]: fu.hao.trust.dvm.Interpreter$OP_MOV_RESULT -> jump set pc to 7
PluginManager - [MSG]: InfluenceAnalysis Tainted Res: {}
PluginManager - [MSG]: ContextAnalysis Tainted Res: {}
Interpreter - [MSG]: 

Interpreter - [MSG]: <7 IF,EQZ,r0=r0,extra=index:42> at com.wowotuan.appfactory.gui.activity.ca/onReceive[android.content.Context, android.content.Intent]
OP_CMP - [DEBUG]: r0 data true
Interpreter - [DEBUG]: ops: true 0
DalvikVM - [BB]: fu.hao.trust.dvm.Interpreter$OP_IF_EQZ -> jump set pc to 8
Interpreter - [DEBUG]: not equ: <7 IF,EQZ,r0=r0,extra=index:42>
PluginManager - [MSG]: InfluenceAnalysis Tainted Res: {}
PluginManager - [MSG]: ContextAnalysis Tainted Res: {}
Interpreter - [MSG]: 

Interpreter - [MSG]: <8 MOV,CONST,dst=r0,type=java.lang.String,extra="location"> at com.wowotuan.appfactory.gui.activity.ca/onReceive[android.content.Context, android.content.Intent]
Interpreter - [DEBUG]: Mov const begin <8 MOV,CONST,dst=r0,type=java.lang.String,extra="location">
DalvikVM - [BB]: ar0 <true, boolean>, <location, java.lang.String>
Interpreter - [DEBUG]: data: location class java.lang.String
DalvikVM - [BB]: fu.hao.trust.dvm.Interpreter$OP_MOV_CONST -> jump set pc to 9
PluginManager - [MSG]: InfluenceAnalysis Tainted Res: {}
PluginManager - [MSG]: ContextAnalysis Tainted Res: {}
Interpreter - [MSG]: 

Interpreter - [MSG]: <9 INVOKE,VIRTUAL,extra=[android.content.Intent/getStringExtra[java.lang.String], [7, 0]]> at com.wowotuan.appfactory.gui.activity.ca/onReceive[android.content.Context, android.content.Intent]
Interpreter - [MSG]: arg0 obj: [intent:com.wowotuan.appfactory.broadcast.location, {location=121.1, 131.1}]
Interpreter - [DEBUG]: Reflction class: class android.content.Intent
Interpreter - [BB]: arg1@reg0: location
Interpreter - [DEBUG]: Caller obj: [intent:com.wowotuan.appfactory.broadcast.location, {location=121.1, 131.1}], from class: class android.content.Intent
Interpreter - [DEBUG]: Return data: 121.1, 131.1 ,class java.lang.String
Interpreter - [MSG]: Reflction invocation public java.lang.String android.content.Intent.getStringExtra(java.lang.String)
DalvikVM - [BB]: fu.hao.trust.dvm.Interpreter -> jump set pc to 10
FULL_OP_INVOKE - [BB]: targetcalls {}
InfluenceAnalysis - [BB]: <android.content.Intent: java.lang.String getStringExtra(java.lang.String)>
InfluenceAnalysis - [DEBUG]: not a taint call: <android.content.Intent: java.lang.String getStringExtra(java.lang.String)>
ContextAnalysis - [BB]: <android.content.Intent: java.lang.String getStringExtra(java.lang.String)>
ContextAnalysis - [DEBUG]: not a taint call: <android.content.Intent: java.lang.String getStringExtra(java.lang.String)>
ContextAnalysis - [BB]: Ret value 121.1, 131.1
InfluenceAnalysis - [BB]: Method public java.lang.String android.content.Intent.getStringExtra(java.lang.String)
InfluenceAnalysis - [MSG]: Not API Recording
FULL_OP_INVOKE - [BB]: Target calls {}
PluginManager - [MSG]: InfluenceAnalysis Tainted Res: {}
PluginManager - [MSG]: ContextAnalysis Tainted Res: {}
Interpreter - [MSG]: 

Interpreter - [MSG]: <10 MOV,RESULT,dst=r0,type=java.lang.Object> at com.wowotuan.appfactory.gui.activity.ca/onReceive[android.content.Context, android.content.Intent]
DalvikVM - [BB]: ar0 <location, java.lang.String>, <121.1, 131.1, java.lang.String>
OP_MOV_RESULT - [BB]: Result data: 121.1, 131.1
OP_MOV_RESULT - [DEBUG]: Result data: 121.1, 131.1, type: java.lang.String, to [reg 0@ca/onReceive]
DalvikVM - [BB]: fu.hao.trust.dvm.Interpreter$OP_MOV_RESULT -> jump set pc to 11
PluginManager - [MSG]: InfluenceAnalysis Tainted Res: {}
PluginManager - [MSG]: ContextAnalysis Tainted Res: {}
Interpreter - [MSG]: 

Interpreter - [MSG]: <11 MOV,CONST,dst=r1,type=java.lang.String,extra=""> at com.wowotuan.appfactory.gui.activity.ca/onReceive[android.content.Context, android.content.Intent]
Interpreter - [DEBUG]: Mov const begin <11 MOV,CONST,dst=r1,type=java.lang.String,extra="">
DalvikVM - [BB]: ar1 <com.wowotuan.appfactory.broadcast.location, java.lang.String>, <, java.lang.String>
Interpreter - [DEBUG]: data:  class java.lang.String
DalvikVM - [BB]: fu.hao.trust.dvm.Interpreter$OP_MOV_CONST -> jump set pc to 12
PluginManager - [MSG]: InfluenceAnalysis Tainted Res: {}
PluginManager - [MSG]: ContextAnalysis Tainted Res: {}
Interpreter - [MSG]: 

Interpreter - [MSG]: <12 INVOKE,VIRTUAL,extra=[java.lang.String/equals[java.lang.Object], [0, 1]]> at com.wowotuan.appfactory.gui.activity.ca/onReceive[android.content.Context, android.content.Intent]
Interpreter - [MSG]: arg0 obj: 121.1, 131.1
Interpreter - [DEBUG]: Reflction class: class java.lang.String
Interpreter - [BB]: arg1@reg1: 
Interpreter - [DEBUG]: Caller obj: 121.1, 131.1, from class: class java.lang.String
Interpreter - [DEBUG]: Return data: false ,class java.lang.Boolean
Interpreter - [MSG]: Reflction invocation public boolean java.lang.String.equals(java.lang.Object)
DalvikVM - [BB]: fu.hao.trust.dvm.Interpreter -> jump set pc to 13
FULL_OP_INVOKE - [BB]: targetcalls {}
InfluenceAnalysis - [BB]: <java.lang.String: boolean equals(java.lang.Object)>
InfluenceAnalysis - [DEBUG]: not a taint call: <java.lang.String: boolean equals(java.lang.Object)>
ContextAnalysis - [BB]: <java.lang.String: boolean equals(java.lang.Object)>
ContextAnalysis - [DEBUG]: not a taint call: <java.lang.String: boolean equals(java.lang.Object)>
ContextAnalysis - [BB]: Ret value false
InfluenceAnalysis - [BB]: Method public boolean java.lang.String.equals(java.lang.Object)
InfluenceAnalysis - [MSG]: Not API Recording
FULL_OP_INVOKE - [BB]: Target calls {}
PluginManager - [MSG]: InfluenceAnalysis Tainted Res: {}
PluginManager - [MSG]: ContextAnalysis Tainted Res: {}
Interpreter - [MSG]: 

Interpreter - [MSG]: <13 MOV,RESULT,dst=r1,type=void> at com.wowotuan.appfactory.gui.activity.ca/onReceive[android.content.Context, android.content.Intent]
DalvikVM - [BB]: ar-1 <false, boolean>, <false, boolean>
DalvikVM - [BB]: ar1 <, java.lang.String>, <false, boolean>
OP_MOV_RESULT - [BB]: Result data: false
OP_MOV_RESULT - [DEBUG]: Result data: false, type: boolean, to [reg 1@ca/onReceive]
DalvikVM - [BB]: fu.hao.trust.dvm.Interpreter$OP_MOV_RESULT -> jump set pc to 14
PluginManager - [MSG]: InfluenceAnalysis Tainted Res: {}
PluginManager - [MSG]: ContextAnalysis Tainted Res: {}
Interpreter - [MSG]: 

Interpreter - [MSG]: <14 IF,NEZ,r0=r1,extra=index:43> at com.wowotuan.appfactory.gui.activity.ca/onReceive[android.content.Context, android.content.Intent]
OP_CMP - [DEBUG]: r0 data false
Interpreter - [DEBUG]: ops: false 0
DalvikVM - [BB]: fu.hao.trust.dvm.Interpreter$OP_IF_NEZ -> jump set pc to 15
Interpreter - [DEBUG]: Equ: <14 IF,NEZ,r0=r1,extra=index:43>
PluginManager - [MSG]: InfluenceAnalysis Tainted Res: {}
PluginManager - [MSG]: ContextAnalysis Tainted Res: {}
Interpreter - [MSG]: 

Interpreter - [MSG]: <15 NEW,INSTANCE,dst=r1,type=com.wowotuan.appfactory.dto.RequestCityLocationDto> at com.wowotuan.appfactory.gui.activity.ca/onReceive[android.content.Context, android.content.Intent]
OP_NEW_INSTANCE - [DEBUG]: [reg 1@ca/onReceive]
Caller@4: <init>@fu.hao.trust.dvm.DVMObject - [BB]: getClass com.wowotuan.appfactory.dto.RequestCityLocationDto at fu.hao.trust.dvm.VMHeap@2adaf6a
Caller: getClass@fu.hao.trust.dvm.VMHeap - [BB]: new class representation for com.wowotuan.appfactory.dto.RequestCityLocationDto at fu.hao.trust.dvm.VMHeap@2adaf6a
Caller@4: <init>@fu.hao.trust.dvm.DVMClass - [BB]: getClass java.lang.Object at fu.hao.trust.dvm.VMHeap@2adaf6a
Caller: getClass@fu.hao.trust.dvm.VMHeap - [BB]: new class representation for java.lang.Object at fu.hao.trust.dvm.VMHeap@2adaf6a
Caller: <init>@fu.hao.trust.dvm.DVMClass - [BB]: Get DVMClass for type java.lang.Object
Caller@4: <init>@fu.hao.trust.dvm.DVMClass - [BB]: getClass java.lang.Object at fu.hao.trust.dvm.VMHeap@2adaf6a
Caller: <init>@fu.hao.trust.dvm.DVMObject - [BB]: Get DVMClass for type com.wowotuan.appfactory.dto.RequestCityLocationDto
Caller@4: <init>@fu.hao.trust.dvm.DVMObject - [BB]: getClass com.wowotuan.appfactory.dto.RequestCityLocationDto at fu.hao.trust.dvm.VMHeap@2adaf6a
DVMObject - [BB]: New instance of com.wowotuan.appfactory.dto.RequestCityLocationDto
Caller@4: <init>@fu.hao.trust.dvm.DVMObject - [BB]: getClass com.wowotuan.appfactory.dto.RequestCityLocationDto at fu.hao.trust.dvm.VMHeap@2adaf6a
Caller: <init>@fu.hao.trust.dvm.DVMObject - [BB]: Get DVMClass for type com.wowotuan.appfactory.dto.RequestCityLocationDto
Caller@4: <init>@fu.hao.trust.dvm.DVMObject - [BB]: getClass com.wowotuan.appfactory.dto.RequestCityLocationDto at fu.hao.trust.dvm.VMHeap@2adaf6a
OP_NEW_INSTANCE - [DEBUG]: begin new object of com.wowotuan.appfactory.dto.RequestCityLocationDtocreated.
DalvikVM - [BB]: ar1 <false, boolean>, <instance number 1@com.wowotuan.appfactory.dto.RequestCityLocationDto, com.wowotuan.appfactory.dto.RequestCityLocationDto>
OP_NEW_INSTANCE - [DEBUG]: new object of com.wowotuan.appfactory.dto.RequestCityLocationDtocreated.
DalvikVM - [BB]: fu.hao.trust.dvm.Interpreter$OP_NEW_INSTANCE -> jump set pc to 16
InfluenceAnalysis - [BB]: Rdst [reg 1@ca/onReceive]
ContextAnalysis - [BB]: Rdst [reg 1@ca/onReceive]
PluginManager - [MSG]: InfluenceAnalysis Tainted Res: {}
PluginManager - [MSG]: ContextAnalysis Tainted Res: {}
Interpreter - [MSG]: 

Interpreter - [MSG]: <16 INVOKE,DIRECT,extra=[com.wowotuan.appfactory.dto.RequestCityLocationDto/<init>[], [1]]> at com.wowotuan.appfactory.gui.activity.ca/onReceive[android.content.Context, android.content.Intent]
Interpreter - [MSG]: arg0 obj: instance number 1@com.wowotuan.appfactory.dto.RequestCityLocationDto
Interpreter - [DEBUG]: Not a reflction invocation com.wowotuan.appfactory.dto.RequestCityLocationDto/<init>[]
DalvikVM - [BB]: New method call: com.wowotuan.appfactory.dto.RequestCityLocationDto/<init>[]
DalvikVM - [BB]: [0]<0 SPECIAL,ARGUMENT_SET,extra=[1]>
DalvikVM - [BB]: [1]<0 INVOKE,DIRECT,extra=[java.lang.Object/<init>[], [1]]>
DalvikVM - [BB]: [2]<0 MOV,CONST,dst=r0,type=java.lang.String,extra="GetCitysLocation">
DalvikVM - [BB]: [3]<0 INSTANCE,IPUT,r0=r1,r1=r0,type=java.lang.Object,extra=com.wowotuan.appfactory.dto.RequestCityLocationDto.cmd>
DalvikVM - [BB]: [4]<0 RETURN,VOID>
DalvikVM - [BB]: New Stack Frame: StackFrame com.wowotuan.appfactory.dto.RequestCityLocationDto/<init>[], pc [I@929d69e stored. 
DalvikVM - [BB]: Stack: [StackFrame com.wowotuan.appfactory.gui.activity.ca/onReceive[android.content.Context, android.content.Intent], StackFrame com.wowotuan.appfactory.dto.RequestCityLocationDto/<init>[]]
FULL_OP_INVOKE - [BB]: targetcalls {}
FULL_OP_INVOKE - [BB]: Target calls {}
PluginManager - [MSG]: InfluenceAnalysis Tainted Res: {}
PluginManager - [MSG]: ContextAnalysis Tainted Res: {}
DalvikVM - [BB]: fu.hao.trust.dvm.Interpreter -> run set pc to 0
Interpreter - [MSG]: 

Interpreter - [MSG]: <0 SPECIAL,ARGUMENT_SET,extra=[1]> at com.wowotuan.appfactory.dto.RequestCityLocationDto/<init>[]
Interpreter - [DEBUG]: params: instance number 1@com.wowotuan.appfactory.dto.RequestCityLocationDto
DalvikVM - [BB]: fu.hao.trust.dvm.Interpreter$OP_SP_ARGUMENTS -> jump set pc to 1
PluginManager - [MSG]: InfluenceAnalysis Tainted Res: {}
PluginManager - [MSG]: ContextAnalysis Tainted Res: {}
Interpreter - [MSG]: 

Interpreter - [MSG]: <1 INVOKE,DIRECT,extra=[java.lang.Object/<init>[], [1]]> at com.wowotuan.appfactory.dto.RequestCityLocationDto/<init>[]
Interpreter - [MSG]: arg0 obj: instance number 1@com.wowotuan.appfactory.dto.RequestCityLocationDto
DalvikVM - [BB]: fu.hao.trust.dvm.Interpreter -> jump set pc to 2
FULL_OP_INVOKE - [BB]: targetcalls {}
FULL_OP_INVOKE - [BB]: Target calls {}
PluginManager - [MSG]: InfluenceAnalysis Tainted Res: {}
PluginManager - [MSG]: ContextAnalysis Tainted Res: {}
Interpreter - [MSG]: 

Interpreter - [MSG]: <2 MOV,CONST,dst=r0,type=java.lang.String,extra="GetCitysLocation"> at com.wowotuan.appfactory.dto.RequestCityLocationDto/<init>[]
Interpreter - [DEBUG]: Mov const begin <2 MOV,CONST,dst=r0,type=java.lang.String,extra="GetCitysLocation">
Interpreter - [DEBUG]: data: GetCitysLocation class java.lang.String
DalvikVM - [BB]: fu.hao.trust.dvm.Interpreter$OP_MOV_CONST -> jump set pc to 3
PluginManager - [MSG]: InfluenceAnalysis Tainted Res: {}
PluginManager - [MSG]: ContextAnalysis Tainted Res: {}
Interpreter - [MSG]: 

Interpreter - [MSG]: <3 INSTANCE,IPUT,r0=r1,r1=r0,type=java.lang.Object,extra=com.wowotuan.appfactory.dto.RequestCityLocationDto.cmd> at com.wowotuan.appfactory.dto.RequestCityLocationDto/<init>[]
class fu.hao.trust.dvm.Interpreter$OP_INSTANCE_PUT_FIELD - [BB]: field com.wowotuan.appfactory.dto.RequestCityLocationDto.cmd
class fu.hao.trust.dvm.Interpreter$OP_INSTANCE_PUT_FIELD - [BB]: Target obj instance number 1@com.wowotuan.appfactory.dto.RequestCityLocationDto
DVMObject - [DEBUG]: put field GetCitysLocation
class fu.hao.trust.dvm.Interpreter$OP_INSTANCE_PUT_FIELD - [MSG]: Put data GetCitysLocation to the field of instance number 1@com.wowotuan.appfactory.dto.RequestCityLocationDto
DalvikVM - [BB]: fu.hao.trust.dvm.Interpreter$OP_INSTANCE_PUT_FIELD -> jump set pc to 4
PluginManager - [MSG]: InfluenceAnalysis Tainted Res: {}
PluginManager - [MSG]: ContextAnalysis Tainted Res: {}
Interpreter - [MSG]: 

Interpreter - [MSG]: <4 RETURN,VOID> at com.wowotuan.appfactory.dto.RequestCityLocationDto/<init>[]
class fu.hao.trust.dvm.Interpreter$OP_RETURN_VOID - [DEBUG]: Return void
DalvikVM - [BB]: fu.hao.trust.dvm.Interpreter$OP_RETURN_VOID -> jump set pc to 17
PluginManager - [MSG]: InfluenceAnalysis Tainted Res: {}
PluginManager - [MSG]: ContextAnalysis Tainted Res: {}
Interpreter - [MSG]: 

Interpreter - [MSG]: <17 INSTANCE,IGET,r0=r5,r1=r2,type=java.lang.Object,extra=com.wowotuan.appfactory.gui.activity.ca.a> at com.wowotuan.appfactory.gui.activity.ca/onReceive[android.content.Context, android.content.Intent]
class fu.hao.trust.dvm.Interpreter$OP_INSTANCE_GET_FIELD - [BB]: obj instance number 1@com.wowotuan.appfactory.gui.activity.ca
class fu.hao.trust.dvm.Interpreter$OP_INSTANCE_GET_FIELD - [BB]: fieldinfo com.wowotuan.appfactory.gui.activity.ca.a
Unknown - [BB]: Unknown created!
DVMObject - [DEBUG]: put field [Unknown var, type: com.wowotuan.appfactory.gui.activity.CityChoiceActivity]
class fu.hao.trust.dvm.Interpreter$OP_INSTANCE_GET_FIELD - [DEBUG]: Get data: [Unknown var, type: com.wowotuan.appfactory.gui.activity.CityChoiceActivity]
DalvikVM - [BB]: fu.hao.trust.dvm.Interpreter$OP_INSTANCE_GET_FIELD -> jump set pc to 18
PluginManager - [MSG]: InfluenceAnalysis Tainted Res: {}
PluginManager - [MSG]: ContextAnalysis Tainted Res: {}
Interpreter - [MSG]: 

Interpreter - [MSG]: <18 INVOKE,STATIC,extra=[com.wowotuan.appfactory.gui.activity.CityChoiceActivity/i[com.wowotuan.appfactory.gui.activity.CityChoiceActivity], [2]]> at com.wowotuan.appfactory.gui.activity.ca/onReceive[android.content.Context, android.content.Intent]
DalvikVM - [BB]: New method call: com.wowotuan.appfactory.gui.activity.CityChoiceActivity/i[com.wowotuan.appfactory.gui.activity.CityChoiceActivity]
DalvikVM - [BB]: [0]<0 SPECIAL,ARGUMENT_SET,extra=[1]>
DalvikVM - [BB]: [1]<0 INSTANCE,IGET,r0=r1,r1=r0,type=java.lang.Object,extra=com.wowotuan.appfactory.gui.activity.CityChoiceActivity.v>
DalvikVM - [BB]: [2]<0 RETURN,VALUE,r0=r0,type=java.lang.Object>
DalvikVM - [BB]: New Stack Frame: StackFrame com.wowotuan.appfactory.gui.activity.CityChoiceActivity/i[com.wowotuan.appfactory.gui.activity.CityChoiceActivity], pc [I@929d69e stored. 
DalvikVM - [BB]: Stack: [StackFrame com.wowotuan.appfactory.gui.activity.ca/onReceive[android.content.Context, android.content.Intent], StackFrame com.wowotuan.appfactory.gui.activity.CityChoiceActivity/i[com.wowotuan.appfactory.gui.activity.CityChoiceActivity]]
FULL_OP_INVOKE - [BB]: targetcalls {}
FULL_OP_INVOKE - [BB]: Target calls {}
PluginManager - [MSG]: InfluenceAnalysis Tainted Res: {}
PluginManager - [MSG]: ContextAnalysis Tainted Res: {}
DalvikVM - [BB]: fu.hao.trust.dvm.Interpreter -> run set pc to 0
Interpreter - [MSG]: 

Interpreter - [MSG]: <0 SPECIAL,ARGUMENT_SET,extra=[1]> at com.wowotuan.appfactory.gui.activity.CityChoiceActivity/i[com.wowotuan.appfactory.gui.activity.CityChoiceActivity]
Interpreter - [DEBUG]: params: [Unknown var, type: com.wowotuan.appfactory.gui.activity.CityChoiceActivity]
DalvikVM - [BB]: fu.hao.trust.dvm.Interpreter$OP_SP_ARGUMENTS -> jump set pc to 1
PluginManager - [MSG]: InfluenceAnalysis Tainted Res: {}
PluginManager - [MSG]: ContextAnalysis Tainted Res: {}
Interpreter - [MSG]: 

Interpreter - [MSG]: <1 INSTANCE,IGET,r0=r1,r1=r0,type=java.lang.Object,extra=com.wowotuan.appfactory.gui.activity.CityChoiceActivity.v> at com.wowotuan.appfactory.gui.activity.CityChoiceActivity/i[com.wowotuan.appfactory.gui.activity.CityChoiceActivity]
class fu.hao.trust.dvm.Interpreter$OP_INSTANCE_GET_FIELD - [BB]: obj [Unknown var, type: com.wowotuan.appfactory.gui.activity.CityChoiceActivity]
class fu.hao.trust.dvm.Interpreter$OP_INSTANCE_GET_FIELD - [BB]: fieldinfo com.wowotuan.appfactory.gui.activity.CityChoiceActivity.v
class fu.hao.trust.dvm.Interpreter$OP_INSTANCE_GET_FIELD - [ERROR]: obj is not a DVMObject!
