DalvikVM - [BB]: com.wowotuan.appfactory.gui.activity.ca
DalvikVM - [MSG]: Begin run onReceive at C:/Users/hao/workspace/DroidBenchProj/apks/benign/wowotuan/com.wowotuan.appfactory.wangpintaisuniupai/7619303.html.apk
DalvikVM - [MSG]: Instrumented Method: com.wowotuan.appfactory.gui.activity.ca/onReceive[android.content.Context, android.content.Intent]
DalvikVM - [BB]: paramLen3, 2
DVMObject - [BB]: New instance of com.wowotuan.appfactory.gui.activity.ca
Caller@4: <init>@fu.hao.trust.dvm.DVMObject - [BB]: getClass com.wowotuan.appfactory.gui.activity.ca at fu.hao.trust.dvm.VMHeap@5de3eba1
Caller: getClass@fu.hao.trust.dvm.VMHeap - [BB]: new class representation for com.wowotuan.appfactory.gui.activity.ca at fu.hao.trust.dvm.VMHeap@5de3eba1
Caller@4: <init>@fu.hao.trust.dvm.DVMClass - [BB]: getClass android.content.BroadcastReceiver at fu.hao.trust.dvm.VMHeap@5de3eba1
Caller: getClass@fu.hao.trust.dvm.VMHeap - [BB]: new class representation for android.content.BroadcastReceiver at fu.hao.trust.dvm.VMHeap@5de3eba1
Caller: <init>@fu.hao.trust.dvm.DVMClass - [BB]: Get DVMClass for type android.content.BroadcastReceiver
Caller@4: <init>@fu.hao.trust.dvm.DVMClass - [BB]: getClass android.content.BroadcastReceiver at fu.hao.trust.dvm.VMHeap@5de3eba1
Caller: <init>@fu.hao.trust.dvm.DVMObject - [BB]: Get DVMClass for type com.wowotuan.appfactory.gui.activity.ca
Caller@4: <init>@fu.hao.trust.dvm.DVMObject - [BB]: getClass com.wowotuan.appfactory.gui.activity.ca at fu.hao.trust.dvm.VMHeap@5de3eba1
DalvikVM - [BB]: param: NULL
DalvikVM - [BB]: param: [intent:com.wowotuan.appfactory.broadcast.location, {location=121.1, 131.1}]
DalvikVM - [BB]: New method call: com.wowotuan.appfactory.gui.activity.ca/onReceive[android.content.Context, android.content.Intent]
DalvikVM - [BB]: [0]<0 SPECIAL,ARGUMENT_SET,extra=[5, 6, 7]>
DalvikVM - [BB]: [1]<0 MOV,CONST,dst=r4,type=void,extra=class patdroid.core.PrimitiveInfo?1>
DalvikVM - [BB]: [2]<0 INVOKE,VIRTUAL,extra=[android.content.Intent/getAction[], [7]]>
DalvikVM - [BB]: [3]<0 MOV,RESULT,dst=r0,type=java.lang.Object>
DalvikVM - [BB]: [4]<0 MOV,CONST,dst=r1,type=java.lang.String,extra="com.wowotuan.appfactory.broadcast.location">
DalvikVM - [BB]: [5]<0 INVOKE,VIRTUAL,extra=[java.lang.String/equals[java.lang.Object], [0, 1]]>
DalvikVM - [BB]: [6]<0 MOV,RESULT,dst=r0,type=void>
DalvikVM - [BB]: [7]<0 IF,EQZ,r0=r0,extra=index:42>
DalvikVM - [BB]: [8]<0 MOV,CONST,dst=r0,type=java.lang.String,extra="location">
DalvikVM - [BB]: [9]<0 INVOKE,VIRTUAL,extra=[android.content.Intent/getStringExtra[java.lang.String], [7, 0]]>
DalvikVM - [BB]: [10]<0 MOV,RESULT,dst=r0,type=java.lang.Object>
DalvikVM - [BB]: [11]<0 MOV,CONST,dst=r1,type=java.lang.String,extra="">
DalvikVM - [BB]: [12]<0 INVOKE,VIRTUAL,extra=[java.lang.String/equals[java.lang.Object], [0, 1]]>
DalvikVM - [BB]: [13]<0 MOV,RESULT,dst=r1,type=void>
DalvikVM - [BB]: [14]<0 IF,NEZ,r0=r1,extra=index:43>
DalvikVM - [BB]: [15]<0 NEW,INSTANCE,dst=r1,type=com.wowotuan.appfactory.dto.RequestCityLocationDto>
DalvikVM - [BB]: [16]<0 INVOKE,DIRECT,extra=[com.wowotuan.appfactory.dto.RequestCityLocationDto/<init>[], [1]]>
DalvikVM - [BB]: [17]<0 INSTANCE,IGET,r0=r5,r1=r2,type=java.lang.Object,extra=com.wowotuan.appfactory.gui.activity.ca.a>
DalvikVM - [BB]: [18]<0 INVOKE,STATIC,extra=[com.wowotuan.appfactory.gui.activity.CityChoiceActivity/i[com.wowotuan.appfactory.gui.activity.CityChoiceActivity], [2]]>
DalvikVM - [BB]: [19]<0 MOV,RESULT,dst=r2,type=java.lang.Object>
DalvikVM - [BB]: [20]<0 MOV,CONST,dst=r3,type=void,extra=class patdroid.core.PrimitiveInfo?2131230742>
DalvikVM - [BB]: [21]<0 INVOKE,VIRTUAL,extra=[android.content.res.Resources/getString[int], [2, 3]]>
DalvikVM - [BB]: [22]<0 MOV,RESULT,dst=r2,type=java.lang.Object>
DalvikVM - [BB]: [23]<0 INVOKE,VIRTUAL,extra=[com.wowotuan.appfactory.dto.RequestCityLocationDto/setPid[java.lang.String], [1, 2]]>
DalvikVM - [BB]: [24]<0 INVOKE,VIRTUAL,extra=[com.wowotuan.appfactory.dto.RequestCityLocationDto/setLocation[java.lang.String], [1, 0]]>
DalvikVM - [BB]: [25]<0 INSTANCE,IGET,r0=r5,r1=r0,type=java.lang.Object,extra=com.wowotuan.appfactory.gui.activity.ca.a>
DalvikVM - [BB]: [26]<0 INVOKE,STATIC,extra=[com.wowotuan.appfactory.gui.activity.CityChoiceActivity/c[com.wowotuan.appfactory.gui.activity.CityChoiceActivity], [0]]>
DalvikVM - [BB]: [27]<0 MOV,RESULT,dst=r0,type=java.lang.Object>
DalvikVM - [BB]: [28]<0 IF,EQZ,r0=r0,extra=index:42>
DalvikVM - [BB]: [29]<0 INSTANCE,IGET,r0=r5,r1=r0,type=java.lang.Object,extra=com.wowotuan.appfactory.gui.activity.ca.a>
DalvikVM - [BB]: [30]<0 INVOKE,STATIC,extra=[com.wowotuan.appfactory.gui.activity.CityChoiceActivity/c[com.wowotuan.appfactory.gui.activity.CityChoiceActivity], [0]]>
DalvikVM - [BB]: [31]<0 MOV,RESULT,dst=r0,type=java.lang.Object>
DalvikVM - [BB]: [32]<0 INVOKE,INTERFACE,extra=[java.util.List/size[], [0]]>
DalvikVM - [BB]: [33]<0 MOV,RESULT,dst=r0,type=void>
DalvikVM - [BB]: [34]<0 IF,LE,r0=r0,r1=r4,extra=index:42>
DalvikVM - [BB]: [35]<0 NEW,INSTANCE,dst=r0,type=com.wowotuan.appfactory.gui.activity.cc>
DalvikVM - [BB]: [36]<0 INSTANCE,IGET,r0=r5,r1=r2,type=java.lang.Object,extra=com.wowotuan.appfactory.gui.activity.ca.a>
DalvikVM - [BB]: [37]<0 INVOKE,DIRECT,extra=[com.wowotuan.appfactory.gui.activity.cc/<init>[com.wowotuan.appfactory.gui.activity.CityChoiceActivity], [0, 2]]>
DalvikVM - [BB]: [38]<0 NEW,ARRAY,dst=r2,r0=r4,type=[Lcom.wowotuan.appfactory.dto.RequestCityLocationDto;>
DalvikVM - [BB]: [39]<0 MOV,CONST,dst=r3,type=void,extra=class patdroid.core.PrimitiveInfo?0>
DalvikVM - [BB]: [40]<0 ARRAY,APUT,dst=r1,r0=r2,r1=r3,type=java.lang.Object>
DalvikVM - [BB]: [41]<0 INVOKE,VIRTUAL,extra=[android.os.AsyncTask/execute[[Ljava.lang.Object;], [0, 2]]>
DalvikVM - [BB]: [42]<0 RETURN,VOID>
DalvikVM - [BB]: [43]<0 INSTANCE,IGET,r0=r5,r1=r0,type=java.lang.Object,extra=com.wowotuan.appfactory.gui.activity.ca.a>
DalvikVM - [BB]: [44]<0 INVOKE,STATIC,extra=[com.wowotuan.appfactory.gui.activity.CityChoiceActivity/h[com.wowotuan.appfactory.gui.activity.CityChoiceActivity], [0]]>
DalvikVM - [BB]: [45]<0 MOV,RESULT,dst=r0,type=java.lang.Object>
DalvikVM - [BB]: [46]<0 MOV,CONST,dst=r1,type=void,extra=class patdroid.core.PrimitiveInfo?8>
DalvikVM - [BB]: [47]<0 HALT,VIRTUAL,extra=[null, [0, 1]]>
DalvikVM - [BB]: [48]<0 INSTANCE,IGET,r0=r5,r1=r0,type=java.lang.Object,extra=com.wowotuan.appfactory.gui.activity.ca.a>
DalvikVM - [BB]: [49]<0 INVOKE,STATIC,extra=[com.wowotuan.appfactory.gui.activity.CityChoiceActivity/j[com.wowotuan.appfactory.gui.activity.CityChoiceActivity], [0]]>
DalvikVM - [BB]: [50]<0 MOV,RESULT,dst=r0,type=java.lang.Object>
DalvikVM - [BB]: [51]<0 INSTANCE,IGET,r0=r5,r1=r1,type=java.lang.Object,extra=com.wowotuan.appfactory.gui.activity.ca.a>
DalvikVM - [BB]: [52]<0 INVOKE,VIRTUAL,extra=[android.content.Context/getResources[], [1]]>
DalvikVM - [BB]: [53]<0 MOV,RESULT,dst=r1,type=java.lang.Object>
DalvikVM - [BB]: [54]<0 MOV,CONST,dst=r2,type=void,extra=class patdroid.core.PrimitiveInfo?2131230752>
DalvikVM - [BB]: [55]<0 INVOKE,VIRTUAL,extra=[android.content.res.Resources/getString[int], [1, 2]]>
DalvikVM - [BB]: [56]<0 MOV,RESULT,dst=r1,type=java.lang.Object>
DalvikVM - [BB]: [57]<0 INVOKE,VIRTUAL,extra=[android.widget.TextView/setText[java.lang.CharSequence], [0, 1]]>
DalvikVM - [BB]: [58]<0 GOTO,extra=index:42>
newStackFrame - [BB]: New Stack Frame: StackFrame com.wowotuan.appfactory.gui.activity.ca/onReceive[android.content.Context, android.content.Intent]
newStackFrame - [BB]: Stack: [StackFrame com.wowotuan.appfactory.gui.activity.ca/onReceive[android.content.Context, android.content.Intent]]
Executor - [MSG]: New chain obj with type com.wowotuan.appfactory.gui.activity.ca
DVMObject - [BB]: New instance of com.wowotuan.appfactory.gui.activity.ca
Caller@4: <init>@fu.hao.trust.dvm.DVMObject - [BB]: getClass com.wowotuan.appfactory.gui.activity.ca at fu.hao.trust.dvm.VMHeap@5de3eba1
Caller: <init>@fu.hao.trust.dvm.DVMObject - [BB]: Get DVMClass for type com.wowotuan.appfactory.gui.activity.ca
Caller@4: <init>@fu.hao.trust.dvm.DVMObject - [BB]: getClass com.wowotuan.appfactory.gui.activity.ca at fu.hao.trust.dvm.VMHeap@5de3eba1
Executor - [MSG]: RUN BEGIN com.wowotuan.appfactory.gui.activity.ca/onReceive[android.content.Context, android.content.Intent]
DalvikVM - [BB]: fu.hao.trust.dvm.Executor -> run set pc to 0
Executor - [MSG]: 

Executor - [MSG]: <0 SPECIAL,ARGUMENT_SET,extra=[5, 6, 7]> at com.wowotuan.appfactory.gui.activity.ca/onReceive[android.content.Context, android.content.Intent]
Executor - [DEBUG]: params: instance number 1@com.wowotuan.appfactory.gui.activity.ca
Executor - [DEBUG]: params: null
Executor - [DEBUG]: params: [intent:com.wowotuan.appfactory.broadcast.location, {location=121.1, 131.1}]
DalvikVM - [BB]: fu.hao.trust.dvm.Executor$OP_SP_ARGUMENTS -> jump set pc to 1
FULL_OP_SP_ARGUMENTS - [BB]: targetcalls {}
InfluenceAnalysis - [BB]: Add [reg 7@ca/onReceive] as tainted due to [intent:com.wowotuan.appfactory.broadcast.location, {location=121.1, 131.1}]
PluginManager - [MSG]: InfluenceAnalysis Tainted Res: {[reg 7@ca/onReceive]=<0 SPECIAL,ARGUMENT_SET,extra=[5, 6, 7]>, [intent:com.wowotuan.appfactory.broadcast.location, {location=121.1, 131.1}]=<0 SPECIAL,ARGUMENT_SET,extra=[5, 6, 7]>}
PluginManager - [MSG]: ContextAnalysis Tainted Res: {}
Executor - [MSG]: 

Executor - [MSG]: <1 MOV,CONST,dst=r4,type=void,extra=class patdroid.core.PrimitiveInfo?1> at com.wowotuan.appfactory.gui.activity.ca/onReceive[android.content.Context, android.content.Intent]
Executor - [DEBUG]: Mov const begin <1 MOV,CONST,dst=r4,type=void,extra=class patdroid.core.PrimitiveInfo?1>
Executor - [DEBUG]: data: 1 class patdroid.core.PrimitiveInfo
DalvikVM - [BB]: fu.hao.trust.dvm.Executor$OP_MOV_CONST -> jump set pc to 2
PluginManager - [MSG]: InfluenceAnalysis Tainted Res: {[reg 7@ca/onReceive]=<0 SPECIAL,ARGUMENT_SET,extra=[5, 6, 7]>, [intent:com.wowotuan.appfactory.broadcast.location, {location=121.1, 131.1}]=<0 SPECIAL,ARGUMENT_SET,extra=[5, 6, 7]>}
PluginManager - [MSG]: ContextAnalysis Tainted Res: {}
Executor - [MSG]: 

Executor - [MSG]: <2 INVOKE,VIRTUAL,extra=[android.content.Intent/getAction[], [7]]> at com.wowotuan.appfactory.gui.activity.ca/onReceive[android.content.Context, android.content.Intent]
Executor - [MSG]: arg0 obj: [intent:com.wowotuan.appfactory.broadcast.location, {location=121.1, 131.1}]
Executor - [DEBUG]: Reflction class: class android.content.Intent
Executor - [DEBUG]: Return data: com.wowotuan.appfactory.broadcast.location ,class java.lang.String
Executor - [MSG]: Reflction invocation public java.lang.String android.content.Intent.getAction()
DalvikVM - [BB]: Set reflective call: public java.lang.String android.content.Intent.getAction()
DalvikVM - [BB]: fu.hao.trust.dvm.Executor -> jump set pc to 3
FULL_OP_INVOKE - [BB]: targetcalls {}
InfluenceAnalysis - [BB]: <android.content.Intent: java.lang.String getAction()>
InfluenceAnalysis - [DEBUG]: not a taint call: <android.content.Intent: java.lang.String getAction()>
InfluenceAnalysis - [WARN]: Found a tainted return val!
ContextAnalysis - [BB]: <android.content.Intent: java.lang.String getAction()>
ContextAnalysis - [DEBUG]: not a taint call: <android.content.Intent: java.lang.String getAction()>
ContextAnalysis - [BB]: Ret value com.wowotuan.appfactory.broadcast.location
InfluenceAnalysis - [BB]: Method public java.lang.String android.content.Intent.getAction()
InfluenceAnalysis - [MSG]: Not API Recording
FULL_OP_INVOKE - [BB]: Target calls {}
PluginManager - [MSG]: InfluenceAnalysis Tainted Res: {[Global RetReg]=<0 SPECIAL,ARGUMENT_SET,extra=[5, 6, 7]>, [reg 7@ca/onReceive]=<0 SPECIAL,ARGUMENT_SET,extra=[5, 6, 7]>, com.wowotuan.appfactory.broadcast.location=<0 SPECIAL,ARGUMENT_SET,extra=[5, 6, 7]>, [intent:com.wowotuan.appfactory.broadcast.location, {location=121.1, 131.1}]=<0 SPECIAL,ARGUMENT_SET,extra=[5, 6, 7]>}
PluginManager - [MSG]: ContextAnalysis Tainted Res: {}
Executor - [MSG]: 

Executor - [MSG]: <3 MOV,RESULT,dst=r0,type=java.lang.Object> at com.wowotuan.appfactory.gui.activity.ca/onReceive[android.content.Context, android.content.Intent]
OP_MOV_RESULT - [BB]: Result data: com.wowotuan.appfactory.broadcast.location
OP_MOV_RESULT - [DEBUG]: Result data: com.wowotuan.appfactory.broadcast.location, type: java.lang.String, to [reg 0@ca/onReceive]
DalvikVM - [BB]: fu.hao.trust.dvm.Executor$OP_MOV_RESULT -> jump set pc to 4
InfluenceAnalysis - [BB]: <0 SPECIAL,ARGUMENT_SET,extra=[5, 6, 7]>
InfluenceAnalysis - [BB]: Add reg 0 due to ret reg.
PluginManager - [MSG]: InfluenceAnalysis Tainted Res: {[reg 7@ca/onReceive]=<0 SPECIAL,ARGUMENT_SET,extra=[5, 6, 7]>, [reg 0@ca/onReceive]=<0 SPECIAL,ARGUMENT_SET,extra=[5, 6, 7]>, com.wowotuan.appfactory.broadcast.location=<0 SPECIAL,ARGUMENT_SET,extra=[5, 6, 7]>, [intent:com.wowotuan.appfactory.broadcast.location, {location=121.1, 131.1}]=<0 SPECIAL,ARGUMENT_SET,extra=[5, 6, 7]>}
PluginManager - [MSG]: ContextAnalysis Tainted Res: {}
Executor - [MSG]: 

Executor - [MSG]: <4 MOV,CONST,dst=r1,type=java.lang.String,extra="com.wowotuan.appfactory.broadcast.location"> at com.wowotuan.appfactory.gui.activity.ca/onReceive[android.content.Context, android.content.Intent]
Executor - [DEBUG]: Mov const begin <4 MOV,CONST,dst=r1,type=java.lang.String,extra="com.wowotuan.appfactory.broadcast.location">
Executor - [DEBUG]: data: com.wowotuan.appfactory.broadcast.location class java.lang.String
DalvikVM - [BB]: fu.hao.trust.dvm.Executor$OP_MOV_CONST -> jump set pc to 5
PluginManager - [MSG]: InfluenceAnalysis Tainted Res: {[reg 7@ca/onReceive]=<0 SPECIAL,ARGUMENT_SET,extra=[5, 6, 7]>, com.wowotuan.appfactory.broadcast.location=<0 SPECIAL,ARGUMENT_SET,extra=[5, 6, 7]>, [reg 0@ca/onReceive]=<0 SPECIAL,ARGUMENT_SET,extra=[5, 6, 7]>, [intent:com.wowotuan.appfactory.broadcast.location, {location=121.1, 131.1}]=<0 SPECIAL,ARGUMENT_SET,extra=[5, 6, 7]>}
PluginManager - [MSG]: ContextAnalysis Tainted Res: {}
Executor - [MSG]: 

Executor - [MSG]: <5 INVOKE,VIRTUAL,extra=[java.lang.String/equals[java.lang.Object], [0, 1]]> at com.wowotuan.appfactory.gui.activity.ca/onReceive[android.content.Context, android.content.Intent]
Executor - [MSG]: arg0 obj: com.wowotuan.appfactory.broadcast.location
Executor - [DEBUG]: Reflction class: class java.lang.String
Executor - [BB]: Normal args? true
Executor - [BB]: arg1@reg1: com.wowotuan.appfactory.broadcast.location
Executor - [BB]: Nargs? true
Executor - [DEBUG]: Caller obj: com.wowotuan.appfactory.broadcast.location, from class: class java.lang.String
Executor - [DEBUG]: Return data: true ,class java.lang.Boolean
Executor - [MSG]: Reflction invocation public boolean java.lang.String.equals(java.lang.Object)
DalvikVM - [BB]: Set reflective call: public boolean java.lang.String.equals(java.lang.Object)
DalvikVM - [BB]: fu.hao.trust.dvm.Executor -> jump set pc to 6
FULL_OP_INVOKE - [BB]: targetcalls {}
InfluenceAnalysis - [BB]: <java.lang.String: boolean equals(java.lang.Object)>
InfluenceAnalysis - [DEBUG]: not a taint call: <java.lang.String: boolean equals(java.lang.Object)>
InfluenceAnalysis - [WARN]: Found a tainted return val!
ContextAnalysis - [BB]: <java.lang.String: boolean equals(java.lang.Object)>
ContextAnalysis - [DEBUG]: not a taint call: <java.lang.String: boolean equals(java.lang.Object)>
ContextAnalysis - [BB]: Ret value true
InfluenceAnalysis - [BB]: Method public boolean java.lang.String.equals(java.lang.Object)
InfluenceAnalysis - [MSG]: Not API Recording
FULL_OP_INVOKE - [BB]: Target calls {}
