DalvikVM - [MSG]: Begin run onItemClick at C:/Users/hao/workspace/DroidBenchProj/apks/benign/wowotuan/com.wowotuan.appfactory.wangpintaisuniupai/7619303.html.apk
DalvikVM - [MSG]: RUN Method com.wowotuan.appfactory.gui.activity.bz/onItemClick[android.widget.AdapterView, android.view.View, int, long]
DalvikVM - [BB]: New method call: com.wowotuan.appfactory.gui.activity.bz/onItemClick[android.widget.AdapterView, android.view.View, int, long]
DalvikVM - [BB]: [0]<0 SPECIAL,ARGUMENT_SET,extra=[6, 7, 8, 9, 10]>
DalvikVM - [BB]: [1]<0 MOV,CONST,dst=r4,type=void,extra=class patdroid.core.PrimitiveInfo?3>
DalvikVM - [BB]: [2]<0 MOV,CONST,dst=r3,type=void,extra=class patdroid.core.PrimitiveInfo?0>
DalvikVM - [BB]: [3]<0 IF,NEZ,r0=r9,extra=index:99>
DalvikVM - [BB]: [4]<0 INSTANCE,IGET,r0=r6,r1=r0,type=java.lang.Object,extra=com.wowotuan.appfactory.gui.activity.bz.a>
DalvikVM - [BB]: [5]<0 INVOKE,STATIC,extra=[com.wowotuan.appfactory.gui.activity.CityChoiceActivity/f[com.wowotuan.appfactory.gui.activity.CityChoiceActivity], [0]]>
DalvikVM - [BB]: [6]<0 MOV,RESULT,dst=r0,type=java.lang.Object>
DalvikVM - [BB]: [7]<0 IF,NEZ,r0=r0,extra=index:31>
DalvikVM - [BB]: [8]<0 INSTANCE,IGET,r0=r6,r1=r0,type=java.lang.Object,extra=com.wowotuan.appfactory.gui.activity.bz.a>
DalvikVM - [BB]: [9]<0 INVOKE,STATIC,extra=[com.wowotuan.appfactory.gui.activity.CityChoiceActivity/g[com.wowotuan.appfactory.gui.activity.CityChoiceActivity], [0]]>
DalvikVM - [BB]: [10]<0 MOV,RESULT,dst=r0,type=void>
DalvikVM - [BB]: [11]<0 IF,NEZ,r0=r0,extra=index:56>
DalvikVM - [BB]: [12]<0 INSTANCE,IGET,r0=r6,r1=r0,type=java.lang.Object,extra=com.wowotuan.appfactory.gui.activity.bz.a>
DalvikVM - [BB]: [13]<0 INVOKE,STATIC,extra=[com.wowotuan.appfactory.gui.activity.CityChoiceActivity/h[com.wowotuan.appfactory.gui.activity.CityChoiceActivity], [0]]>
DalvikVM - [BB]: [14]<0 MOV,RESULT,dst=r0,type=java.lang.Object>
DalvikVM - [BB]: [15]<0 HALT,VIRTUAL,extra=[null, [0, 3]]>
DalvikVM - [BB]: [16]<0 INSTANCE,IGET,r0=r6,r1=r0,type=java.lang.Object,extra=com.wowotuan.appfactory.gui.activity.bz.a>
DalvikVM - [BB]: [17]<0 INVOKE,STATIC,extra=[com.wowotuan.appfactory.gui.activity.CityChoiceActivity/j[com.wowotuan.appfactory.gui.activity.CityChoiceActivity], [0]]>
DalvikVM - [BB]: [18]<0 MOV,RESULT,dst=r0,type=java.lang.Object>
DalvikVM - [BB]: [19]<0 INSTANCE,IGET,r0=r6,r1=r1,type=java.lang.Object,extra=com.wowotuan.appfactory.gui.activity.bz.a>
DalvikVM - [BB]: [20]<0 INVOKE,STATIC,extra=[com.wowotuan.appfactory.gui.activity.CityChoiceActivity/i[com.wowotuan.appfactory.gui.activity.CityChoiceActivity], [1]]>
DalvikVM - [BB]: [21]<0 MOV,RESULT,dst=r1,type=java.lang.Object>
DalvikVM - [BB]: [22]<0 MOV,CONST,dst=r2,type=void,extra=class patdroid.core.PrimitiveInfo?2131230751>
DalvikVM - [BB]: [23]<0 HALT,VIRTUAL,extra=[null, [1, 2]]>
DalvikVM - [BB]: [24]<0 MOV,RESULT,dst=r1,type=java.lang.Object>
DalvikVM - [BB]: [25]<0 HALT,VIRTUAL,extra=[null, [0, 1]]>
DalvikVM - [BB]: [26]<0 INSTANCE,IGET,r0=r6,r1=r0,type=java.lang.Object,extra=com.wowotuan.appfactory.gui.activity.bz.a>
DalvikVM - [BB]: [27]<0 INVOKE,STATIC,extra=[com.wowotuan.appfactory.gui.activity.CityChoiceActivity/k[com.wowotuan.appfactory.gui.activity.CityChoiceActivity], [0]]>
DalvikVM - [BB]: [28]<0 MOV,RESULT,dst=r0,type=java.lang.Object>
DalvikVM - [BB]: [29]<0 INVOKE,VIRTUAL,extra=[com.wowotuan.appfactory.e.g/c[], [0]]>
DalvikVM - [BB]: [30]<0 RETURN,VOID>
DalvikVM - [BB]: [31]<0 INSTANCE,IGET,r0=r6,r1=r0,type=java.lang.Object,extra=com.wowotuan.appfactory.gui.activity.bz.a>
DalvikVM - [BB]: [32]<0 INVOKE,STATIC,extra=[com.wowotuan.appfactory.gui.activity.CityChoiceActivity/f[com.wowotuan.appfactory.gui.activity.CityChoiceActivity], [0]]>
DalvikVM - [BB]: [33]<0 MOV,RESULT,dst=r0,type=java.lang.Object>
DalvikVM - [BB]: [34]<0 INVOKE,VIRTUAL,extra=[com.wowotuan.appfactory.dto.CityDto/getId[], [0]]>
DalvikVM - [BB]: [35]<0 MOV,RESULT,dst=r0,type=java.lang.Object>
DalvikVM - [BB]: [36]<0 MOV,CONST,dst=r1,type=java.lang.String,extra="-1">
DalvikVM - [BB]: [37]<0 INVOKE,VIRTUAL,extra=[java.lang.String/equals[java.lang.Object], [0, 1]]>
DalvikVM - [BB]: [38]<0 MOV,RESULT,dst=r0,type=void>
DalvikVM - [BB]: [39]<0 IF,EQZ,r0=r0,extra=index:51>
DalvikVM - [BB]: [40]<0 INSTANCE,IGET,r0=r6,r1=r0,type=java.lang.Object,extra=com.wowotuan.appfactory.gui.activity.bz.a>
DalvikVM - [BB]: [41]<0 INVOKE,STATIC,extra=[com.wowotuan.appfactory.gui.activity.CityChoiceActivity/l[com.wowotuan.appfactory.gui.activity.CityChoiceActivity], [0]]>
DalvikVM - [BB]: [42]<0 MOV,RESULT,dst=r0,type=java.lang.Object>
DalvikVM - [BB]: [43]<0 INSTANCE,IGET,r0=r6,r1=r1,type=java.lang.Object,extra=com.wowotuan.appfactory.gui.activity.bz.a>
DalvikVM - [BB]: [44]<0 INVOKE,STATIC,extra=[com.wowotuan.appfactory.gui.activity.CityChoiceActivity/i[com.wowotuan.appfactory.gui.activity.CityChoiceActivity], [1]]>
DalvikVM - [BB]: [45]<0 MOV,RESULT,dst=r1,type=java.lang.Object>
DalvikVM - [BB]: [46]<0 MOV,CONST,dst=r2,type=void,extra=class patdroid.core.PrimitiveInfo?2131230841>
DalvikVM - [BB]: [47]<0 HALT,VIRTUAL,extra=[null, [1, 2]]>
DalvikVM - [BB]: [48]<0 MOV,RESULT,dst=r1,type=java.lang.Object>
DalvikVM - [BB]: [49]<0 INVOKE,STATIC,extra=[com.wowotuan.appfactory.e.i/b[android.content.Context, java.lang.CharSequence, int], [0, 1, 3]]>
DalvikVM - [BB]: [50]<0 GOTO,extra=index:30>
DalvikVM - [BB]: [51]<0 INSTANCE,IGET,r0=r6,r1=r0,type=java.lang.Object,extra=com.wowotuan.appfactory.gui.activity.bz.a>
DalvikVM - [BB]: [52]<0 INSTANCE,IGET,r0=r6,r1=r1,type=java.lang.Object,extra=com.wowotuan.appfactory.gui.activity.bz.a>
DalvikVM - [BB]: [53]<0 INVOKE,STATIC,extra=[com.wowotuan.appfactory.gui.activity.CityChoiceActivity/f[com.wowotuan.appfactory.gui.activity.CityChoiceActivity], [1]]>
DalvikVM - [BB]: [54]<0 MOV,RESULT,dst=r1,type=java.lang.Object>
DalvikVM - [BB]: [55]<0 INVOKE,STATIC,extra=[com.wowotuan.appfactory.gui.activity.CityChoiceActivity/a[com.wowotuan.appfactory.gui.activity.CityChoiceActivity, com.wowotuan.appfactory.dto.CityDto], [0, 1]]>
DalvikVM - [BB]: [56]<0 INSTANCE,IGET,r0=r6,r1=r0,type=java.lang.Object,extra=com.wowotuan.appfactory.gui.activity.bz.a>
DalvikVM - [BB]: [57]<0 INSTANCE,IGET,r0=r6,r1=r1,type=java.lang.Object,extra=com.wowotuan.appfactory.gui.activity.bz.a>
DalvikVM - [BB]: [58]<0 INVOKE,STATIC,extra=[com.wowotuan.appfactory.gui.activity.CityChoiceActivity/n[com.wowotuan.appfactory.gui.activity.CityChoiceActivity], [1]]>
DalvikVM - [BB]: [59]<0 MOV,RESULT,dst=r1,type=java.lang.Object>
DalvikVM - [BB]: [60]<0 INVOKE,STATIC,extra=[com.wowotuan.appfactory.e.k/a[android.content.Context, com.wowotuan.appfactory.dto.CityDto], [0, 1]]>
DalvikVM - [BB]: [61]<0 INSTANCE,IGET,r0=r6,r1=r0,type=java.lang.Object,extra=com.wowotuan.appfactory.gui.activity.bz.a>
DalvikVM - [BB]: [62]<0 MOV,CONST,dst=r1,type=java.lang.String,extra="choicecityid">
DalvikVM - [BB]: [63]<0 INSTANCE,IGET,r0=r6,r1=r2,type=java.lang.Object,extra=com.wowotuan.appfactory.gui.activity.bz.a>
DalvikVM - [BB]: [64]<0 INVOKE,STATIC,extra=[com.wowotuan.appfactory.gui.activity.CityChoiceActivity/n[com.wowotuan.appfactory.gui.activity.CityChoiceActivity], [2]]>
DalvikVM - [BB]: [65]<0 MOV,RESULT,dst=r2,type=java.lang.Object>
DalvikVM - [BB]: [66]<0 INVOKE,VIRTUAL,extra=[com.wowotuan.appfactory.dto.CityDto/getId[], [2]]>
DalvikVM - [BB]: [67]<0 MOV,RESULT,dst=r2,type=java.lang.Object>
DalvikVM - [BB]: [68]<0 INVOKE,STATIC,extra=[com.wowotuan.appfactory.e.k/a[android.content.Context, java.lang.String, java.lang.String], [0, 1, 2]]>
DalvikVM - [BB]: [69]<0 INSTANCE,IGET,r0=r6,r1=r0,type=java.lang.Object,extra=com.wowotuan.appfactory.gui.activity.bz.a>
DalvikVM - [BB]: [70]<0 INVOKE,STATIC,extra=[com.wowotuan.appfactory.gui.activity.CityChoiceActivity/n[com.wowotuan.appfactory.gui.activity.CityChoiceActivity], [0]]>
DalvikVM - [BB]: [71]<0 MOV,RESULT,dst=r0,type=java.lang.Object>
DalvikVM - [BB]: [72]<0 MOV,CONST,dst=r1,type=java.lang.String,extra="历史城市">
DalvikVM - [BB]: [73]<0 INVOKE,VIRTUAL,extra=[com.wowotuan.appfactory.dto.CityDto/setNameIndex[java.lang.String], [0, 1]]>
DalvikVM - [BB]: [74]<0 INSTANCE,IGET,r0=r6,r1=r0,type=java.lang.Object,extra=com.wowotuan.appfactory.gui.activity.bz.a>
DalvikVM - [BB]: [75]<0 INVOKE,STATIC,extra=[com.wowotuan.appfactory.gui.activity.CityChoiceActivity/o[com.wowotuan.appfactory.gui.activity.CityChoiceActivity], [0]]>
DalvikVM - [BB]: [76]<0 MOV,RESULT,dst=r0,type=java.lang.Object>
DalvikVM - [BB]: [77]<0 IF,NEZ,r0=r0,extra=index:109>
DalvikVM - [BB]: [78]<0 INSTANCE,IGET,r0=r6,r1=r0,type=java.lang.Object,extra=com.wowotuan.appfactory.gui.activity.bz.a>
DalvikVM - [BB]: [79]<0 INVOKE,STATIC,extra=[com.wowotuan.appfactory.gui.activity.CityChoiceActivity/n[com.wowotuan.appfactory.gui.activity.CityChoiceActivity], [0]]>
DalvikVM - [BB]: [80]<0 MOV,RESULT,dst=r0,type=java.lang.Object>
DalvikVM - [BB]: [81]<0 INVOKE,STATIC,extra=[com.wowotuan.appfactory.e.k/a[com.wowotuan.appfactory.dto.CityDto], [0]]>
DalvikVM - [BB]: [82]<0 MOV,RESULT,dst=r0,type=java.lang.Object>
DalvikVM - [BB]: [83]<0 INSTANCE,IGET,r0=r6,r1=r1,type=java.lang.Object,extra=com.wowotuan.appfactory.gui.activity.bz.a>
DalvikVM - [BB]: [84]<0 MOV,CONST,dst=r2,type=java.lang.String,extra="historyCity">
DalvikVM - [BB]: [85]<0 INVOKE,STATIC,extra=[com.wowotuan.appfactory.e.k/a[android.content.Context, java.lang.String, java.lang.String], [1, 2, 0]]>
DalvikVM - [BB]: [86]<0 NEW,INSTANCE,dst=r0,type=android.content.Intent>
DalvikVM - [BB]: [87]<0 HALT,DIRECT,extra=[null, [0]]>
DalvikVM - [BB]: [88]<0 MOV,CONST,dst=r1,type=java.lang.String,extra="choiceCity">
DalvikVM - [BB]: [89]<0 INSTANCE,IGET,r0=r6,r1=r2,type=java.lang.Object,extra=com.wowotuan.appfactory.gui.activity.bz.a>
DalvikVM - [BB]: [90]<0 INVOKE,STATIC,extra=[com.wowotuan.appfactory.gui.activity.CityChoiceActivity/n[com.wowotuan.appfactory.gui.activity.CityChoiceActivity], [2]]>
DalvikVM - [BB]: [91]<0 MOV,RESULT,dst=r2,type=java.lang.Object>
DalvikVM - [BB]: [92]<0 HALT,VIRTUAL,extra=[null, [0, 1, 2]]>
DalvikVM - [BB]: [93]<0 INSTANCE,IGET,r0=r6,r1=r1,type=java.lang.Object,extra=com.wowotuan.appfactory.gui.activity.bz.a>
DalvikVM - [BB]: [94]<0 MOV,CONST,dst=r2,type=void,extra=class patdroid.core.PrimitiveInfo?20>
DalvikVM - [BB]: [95]<0 HALT,VIRTUAL,extra=[null, [1, 2, 0]]>
DalvikVM - [BB]: [96]<0 INSTANCE,IGET,r0=r6,r1=r0,type=java.lang.Object,extra=com.wowotuan.appfactory.gui.activity.bz.a>
DalvikVM - [BB]: [97]<0 HALT,VIRTUAL,extra=[null, [0]]>
DalvikVM - [BB]: [98]<0 GOTO,extra=index:30>
DalvikVM - [BB]: [99]<0 INSTANCE,IGET,r0=r6,r1=r1,type=java.lang.Object,extra=com.wowotuan.appfactory.gui.activity.bz.a>
DalvikVM - [BB]: [100]<0 INSTANCE,IGET,r0=r6,r1=r0,type=java.lang.Object,extra=com.wowotuan.appfactory.gui.activity.bz.a>
DalvikVM - [BB]: [101]<0 INVOKE,STATIC,extra=[com.wowotuan.appfactory.gui.activity.CityChoiceActivity/m[com.wowotuan.appfactory.gui.activity.CityChoiceActivity], [0]]>
DalvikVM - [BB]: [102]<0 MOV,RESULT,dst=r0,type=java.lang.Object>
DalvikVM - [BB]: [103]<0 ARITHMETIC,ADD,dst=r2,r0=r9,extra=class patdroid.core.PrimitiveInfo?-1>
DalvikVM - [BB]: [104]<0 INVOKE,INTERFACE,extra=[java.util.List/get[int], [0, 2]]>
DalvikVM - [BB]: [105]<0 MOV,RESULT,dst=r0,type=java.lang.Object>
DalvikVM - [BB]: [106]<0 ARITHMETIC,CHECK-AND-CAST,dst=r0,type=com.wowotuan.appfactory.dto.CityDto>
DalvikVM - [BB]: [107]<0 INVOKE,STATIC,extra=[com.wowotuan.appfactory.gui.activity.CityChoiceActivity/a[com.wowotuan.appfactory.gui.activity.CityChoiceActivity, com.wowotuan.appfactory.dto.CityDto], [1, 0]]>
DalvikVM - [BB]: [108]<0 GOTO,extra=index:56>
DalvikVM - [BB]: [109]<0 INSTANCE,IGET,r0=r6,r1=r0,type=java.lang.Object,extra=com.wowotuan.appfactory.gui.activity.bz.a>
DalvikVM - [BB]: [110]<0 INVOKE,STATIC,extra=[com.wowotuan.appfactory.gui.activity.CityChoiceActivity/o[com.wowotuan.appfactory.gui.activity.CityChoiceActivity], [0]]>
DalvikVM - [BB]: [111]<0 MOV,RESULT,dst=r0,type=java.lang.Object>
DalvikVM - [BB]: [112]<0 INVOKE,INTERFACE,extra=[java.util.List/iterator[], [0]]>
DalvikVM - [BB]: [113]<0 MOV,RESULT,dst=r1,type=java.lang.Object>
DalvikVM - [BB]: [114]<0 INVOKE,INTERFACE,extra=[java.util.Iterator/hasNext[], [1]]>
DalvikVM - [BB]: [115]<0 MOV,RESULT,dst=r0,type=void>
DalvikVM - [BB]: [116]<0 IF,EQZ,r0=r0,extra=index:132>
DalvikVM - [BB]: [117]<0 INVOKE,INTERFACE,extra=[java.util.Iterator/next[], [1]]>
DalvikVM - [BB]: [118]<0 MOV,RESULT,dst=r0,type=java.lang.Object>
DalvikVM - [BB]: [119]<0 ARITHMETIC,CHECK-AND-CAST,dst=r0,type=com.wowotuan.appfactory.dto.CityDto>
DalvikVM - [BB]: [120]<0 INVOKE,VIRTUAL,extra=[com.wowotuan.appfactory.dto.CityDto/getId[], [0]]>
DalvikVM - [BB]: [121]<0 MOV,RESULT,dst=r0,type=java.lang.Object>
DalvikVM - [BB]: [122]<0 INSTANCE,IGET,r0=r6,r1=r2,type=java.lang.Object,extra=com.wowotuan.appfactory.gui.activity.bz.a>
DalvikVM - [BB]: [123]<0 INVOKE,STATIC,extra=[com.wowotuan.appfactory.gui.activity.CityChoiceActivity/n[com.wowotuan.appfactory.gui.activity.CityChoiceActivity], [2]]>
DalvikVM - [BB]: [124]<0 MOV,RESULT,dst=r2,type=java.lang.Object>
DalvikVM - [BB]: [125]<0 INVOKE,VIRTUAL,extra=[com.wowotuan.appfactory.dto.CityDto/getId[], [2]]>
DalvikVM - [BB]: [126]<0 MOV,RESULT,dst=r2,type=java.lang.Object>
DalvikVM - [BB]: [127]<0 INVOKE,VIRTUAL,extra=[java.lang.String/equals[java.lang.Object], [0, 2]]>
DalvikVM - [BB]: [128]<0 MOV,RESULT,dst=r0,type=void>
DalvikVM - [BB]: [129]<0 IF,EQZ,r0=r0,extra=index:114>
DalvikVM - [BB]: [130]<0 INVOKE,INTERFACE,extra=[java.util.Iterator/remove[], [1]]>
DalvikVM - [BB]: [131]<0 GOTO,extra=index:114>
DalvikVM - [BB]: [132]<0 INSTANCE,IGET,r0=r6,r1=r0,type=java.lang.Object,extra=com.wowotuan.appfactory.gui.activity.bz.a>
DalvikVM - [BB]: [133]<0 INVOKE,STATIC,extra=[com.wowotuan.appfactory.gui.activity.CityChoiceActivity/o[com.wowotuan.appfactory.gui.activity.CityChoiceActivity], [0]]>
DalvikVM - [BB]: [134]<0 MOV,RESULT,dst=r0,type=java.lang.Object>
DalvikVM - [BB]: [135]<0 INSTANCE,IGET,r0=r6,r1=r1,type=java.lang.Object,extra=com.wowotuan.appfactory.gui.activity.bz.a>
DalvikVM - [BB]: [136]<0 INVOKE,STATIC,extra=[com.wowotuan.appfactory.gui.activity.CityChoiceActivity/n[com.wowotuan.appfactory.gui.activity.CityChoiceActivity], [1]]>
DalvikVM - [BB]: [137]<0 MOV,RESULT,dst=r1,type=java.lang.Object>
DalvikVM - [BB]: [138]<0 INVOKE,INTERFACE,extra=[java.util.List/add[int, java.lang.Object], [0, 3, 1]]>
DalvikVM - [BB]: [139]<0 INSTANCE,IGET,r0=r6,r1=r0,type=java.lang.Object,extra=com.wowotuan.appfactory.gui.activity.bz.a>
DalvikVM - [BB]: [140]<0 INVOKE,STATIC,extra=[com.wowotuan.appfactory.gui.activity.CityChoiceActivity/o[com.wowotuan.appfactory.gui.activity.CityChoiceActivity], [0]]>
DalvikVM - [BB]: [141]<0 MOV,RESULT,dst=r0,type=java.lang.Object>
DalvikVM - [BB]: [142]<0 INVOKE,INTERFACE,extra=[java.util.List/size[], [0]]>
DalvikVM - [BB]: [143]<0 MOV,RESULT,dst=r0,type=void>
DalvikVM - [BB]: [144]<0 IF,LE,r0=r0,r1=r4,extra=index:149>
DalvikVM - [BB]: [145]<0 INSTANCE,IGET,r0=r6,r1=r0,type=java.lang.Object,extra=com.wowotuan.appfactory.gui.activity.bz.a>
DalvikVM - [BB]: [146]<0 INVOKE,STATIC,extra=[com.wowotuan.appfactory.gui.activity.CityChoiceActivity/o[com.wowotuan.appfactory.gui.activity.CityChoiceActivity], [0]]>
DalvikVM - [BB]: [147]<0 MOV,RESULT,dst=r0,type=java.lang.Object>
DalvikVM - [BB]: [148]<0 INVOKE,INTERFACE,extra=[java.util.List/remove[int], [0, 4]]>
DalvikVM - [BB]: [149]<0 MOV,CONST,dst=r1,type=void,extra=class patdroid.core.PrimitiveInfo?0>
DalvikVM - [BB]: [150]<0 INSTANCE,IGET,r0=r6,r1=r0,type=java.lang.Object,extra=com.wowotuan.appfactory.gui.activity.bz.a>
DalvikVM - [BB]: [151]<0 INVOKE,STATIC,extra=[com.wowotuan.appfactory.gui.activity.CityChoiceActivity/o[com.wowotuan.appfactory.gui.activity.CityChoiceActivity], [0]]>
DalvikVM - [BB]: [152]<0 MOV,RESULT,dst=r0,type=java.lang.Object>
DalvikVM - [BB]: [153]<0 INVOKE,INTERFACE,extra=[java.util.List/size[], [0]]>
DalvikVM - [BB]: [154]<0 MOV,RESULT,dst=r0,type=void>
DalvikVM - [BB]: [155]<0 ARITHMETIC,ADD,dst=r0,r0=r0,extra=class patdroid.core.PrimitiveInfo?-1>
DalvikVM - [BB]: [156]<0 MOV,REG,dst=r5,r0=r0,type=void>
DalvikVM - [BB]: [157]<0 MOV,REG,dst=r0,r0=r1,type=java.lang.Object>
DalvikVM - [BB]: [158]<0 MOV,REG,dst=r1,r0=r5,type=void>
DalvikVM - [BB]: [159]<0 IF,LTZ,r0=r1,extra=index:191>
DalvikVM - [BB]: [160]<0 IF,NEZ,r0=r0,extra=index:171>
DalvikVM - [BB]: [161]<0 INSTANCE,IGET,r0=r6,r1=r0,type=java.lang.Object,extra=com.wowotuan.appfactory.gui.activity.bz.a>
DalvikVM - [BB]: [162]<0 INVOKE,STATIC,extra=[com.wowotuan.appfactory.gui.activity.CityChoiceActivity/o[com.wowotuan.appfactory.gui.activity.CityChoiceActivity], [0]]>
DalvikVM - [BB]: [163]<0 MOV,RESULT,dst=r0,type=java.lang.Object>
DalvikVM - [BB]: [164]<0 INVOKE,INTERFACE,extra=[java.util.List/get[int], [0, 1]]>
DalvikVM - [BB]: [165]<0 MOV,RESULT,dst=r0,type=java.lang.Object>
DalvikVM - [BB]: [166]<0 ARITHMETIC,CHECK-AND-CAST,dst=r0,type=com.wowotuan.appfactory.dto.CityDto>
DalvikVM - [BB]: [167]<0 INVOKE,STATIC,extra=[com.wowotuan.appfactory.e.k/a[com.wowotuan.appfactory.dto.CityDto], [0]]>
DalvikVM - [BB]: [168]<0 MOV,RESULT,dst=r0,type=java.lang.Object>
DalvikVM - [BB]: [169]<0 ARITHMETIC,ADD,dst=r1,r0=r1,extra=class patdroid.core.PrimitiveInfo?-1>
DalvikVM - [BB]: [170]<0 GOTO,extra=index:159>
DalvikVM - [BB]: [171]<0 NEW,INSTANCE,dst=r2,type=java.lang.StringBuilder>
DalvikVM - [BB]: [172]<0 INVOKE,DIRECT,extra=[java.lang.StringBuilder/<init>[], [2]]>
DalvikVM - [BB]: [173]<0 INVOKE,VIRTUAL,extra=[java.lang.StringBuilder/append[java.lang.String], [2, 0]]>
DalvikVM - [BB]: [174]<0 MOV,RESULT,dst=r0,type=java.lang.Object>
DalvikVM - [BB]: [175]<0 MOV,CONST,dst=r2,type=java.lang.String,extra="#">
DalvikVM - [BB]: [176]<0 INVOKE,VIRTUAL,extra=[java.lang.StringBuilder/append[java.lang.String], [0, 2]]>
DalvikVM - [BB]: [177]<0 MOV,RESULT,dst=r2,type=java.lang.Object>
DalvikVM - [BB]: [178]<0 INSTANCE,IGET,r0=r6,r1=r0,type=java.lang.Object,extra=com.wowotuan.appfactory.gui.activity.bz.a>
DalvikVM - [BB]: [179]<0 INVOKE,STATIC,extra=[com.wowotuan.appfactory.gui.activity.CityChoiceActivity/o[com.wowotuan.appfactory.gui.activity.CityChoiceActivity], [0]]>
DalvikVM - [BB]: [180]<0 MOV,RESULT,dst=r0,type=java.lang.Object>
DalvikVM - [BB]: [181]<0 INVOKE,INTERFACE,extra=[java.util.List/get[int], [0, 1]]>
DalvikVM - [BB]: [182]<0 MOV,RESULT,dst=r0,type=java.lang.Object>
DalvikVM - [BB]: [183]<0 ARITHMETIC,CHECK-AND-CAST,dst=r0,type=com.wowotuan.appfactory.dto.CityDto>
DalvikVM - [BB]: [184]<0 INVOKE,STATIC,extra=[com.wowotuan.appfactory.e.k/a[com.wowotuan.appfactory.dto.CityDto], [0]]>
DalvikVM - [BB]: [185]<0 MOV,RESULT,dst=r0,type=java.lang.Object>
DalvikVM - [BB]: [186]<0 INVOKE,VIRTUAL,extra=[java.lang.StringBuilder/append[java.lang.String], [2, 0]]>
DalvikVM - [BB]: [187]<0 MOV,RESULT,dst=r0,type=java.lang.Object>
DalvikVM - [BB]: [188]<0 INVOKE,VIRTUAL,extra=[java.lang.StringBuilder/toString[], [0]]>
DalvikVM - [BB]: [189]<0 MOV,RESULT,dst=r0,type=java.lang.Object>
DalvikVM - [BB]: [190]<0 GOTO,extra=index:169>
DalvikVM - [BB]: [191]<0 INSTANCE,IGET,r0=r6,r1=r1,type=java.lang.Object,extra=com.wowotuan.appfactory.gui.activity.bz.a>
DalvikVM - [BB]: [192]<0 MOV,CONST,dst=r2,type=java.lang.String,extra="historyCity">
DalvikVM - [BB]: [193]<0 INVOKE,STATIC,extra=[com.wowotuan.appfactory.e.k/a[android.content.Context, java.lang.String, java.lang.String], [1, 2, 0]]>
DalvikVM - [BB]: [194]<0 GOTO,extra=index:86>
DalvikVM - [BB]: New Stack Frame: StackFrame com.wowotuan.appfactory.gui.activity.bz/onItemClick[android.widget.AdapterView, android.view.View, int, long]
DalvikVM - [BB]: Stack: [StackFrame com.wowotuan.appfactory.gui.activity.bz/onItemClick[android.widget.AdapterView, android.view.View, int, long]]
Interpreter - [MSG]: New chain obj
Caller@4: <init>@fu.hao.trust.dvm.DVMObject - [BB]: getClass com.wowotuan.appfactory.gui.activity.bz at fu.hao.trust.dvm.VMHeap@6ef167bb
Caller: getClass@fu.hao.trust.dvm.VMHeap - [BB]: new class representation for com.wowotuan.appfactory.gui.activity.bz at fu.hao.trust.dvm.VMHeap@6ef167bb
Caller@4: <init>@fu.hao.trust.dvm.DVMClass - [BB]: getClass java.lang.Object at fu.hao.trust.dvm.VMHeap@6ef167bb
Caller: getClass@fu.hao.trust.dvm.VMHeap - [BB]: new class representation for java.lang.Object at fu.hao.trust.dvm.VMHeap@6ef167bb
Caller: <init>@fu.hao.trust.dvm.DVMClass - [BB]: Get DVMClass for type java.lang.Object
Caller@4: <init>@fu.hao.trust.dvm.DVMClass - [BB]: getClass java.lang.Object at fu.hao.trust.dvm.VMHeap@6ef167bb
Caller: <init>@fu.hao.trust.dvm.DVMObject - [BB]: Get DVMClass for type com.wowotuan.appfactory.gui.activity.bz
Caller@4: <init>@fu.hao.trust.dvm.DVMObject - [BB]: getClass com.wowotuan.appfactory.gui.activity.bz at fu.hao.trust.dvm.VMHeap@6ef167bb
DVMObject - [BB]: New instance of com.wowotuan.appfactory.gui.activity.bz
Caller@4: <init>@fu.hao.trust.dvm.DVMObject - [BB]: getClass com.wowotuan.appfactory.gui.activity.bz at fu.hao.trust.dvm.VMHeap@6ef167bb
Caller: <init>@fu.hao.trust.dvm.DVMObject - [BB]: Get DVMClass for type com.wowotuan.appfactory.gui.activity.bz
Caller@4: <init>@fu.hao.trust.dvm.DVMObject - [BB]: getClass com.wowotuan.appfactory.gui.activity.bz at fu.hao.trust.dvm.VMHeap@6ef167bb
Interpreter - [MSG]: RUN BEGIN com.wowotuan.appfactory.gui.activity.bz/onItemClick[android.widget.AdapterView, android.view.View, int, long]
Interpreter - [MSG]: RUN BEGIN
DalvikVM - [BB]: fu.hao.trust.dvm.Interpreter -> run set pc to 0
Interpreter - [MSG]: 

Interpreter - [MSG]: <0 SPECIAL,ARGUMENT_SET,extra=[6, 7, 8, 9, 10]> at com.wowotuan.appfactory.gui.activity.bz/onItemClick[android.widget.AdapterView, android.view.View, int, long]
Interpreter - [WARN]: NULL CallingCtx!
Interpreter - [DEBUG]: args: instance number 1@com.wowotuan.appfactory.gui.activity.bz
Interpreter - [BB]: Start param from 1
Caller@4: <init>@fu.hao.trust.dvm.DVMObject - [BB]: getClass android.widget.AdapterView at fu.hao.trust.dvm.VMHeap@6ef167bb
Caller: getClass@fu.hao.trust.dvm.VMHeap - [BB]: new class representation for android.widget.AdapterView at fu.hao.trust.dvm.VMHeap@6ef167bb
Caller: <init>@fu.hao.trust.dvm.DVMObject - [BB]: Get DVMClass for type android.widget.AdapterView
Caller@4: <init>@fu.hao.trust.dvm.DVMObject - [BB]: getClass android.widget.AdapterView at fu.hao.trust.dvm.VMHeap@6ef167bb
DVMObject - [BB]: New instance of android.widget.AdapterView
Caller@4: <init>@fu.hao.trust.dvm.DVMObject - [BB]: getClass android.widget.AdapterView at fu.hao.trust.dvm.VMHeap@6ef167bb
Caller: <init>@fu.hao.trust.dvm.DVMObject - [BB]: Get DVMClass for type android.widget.AdapterView
Caller@4: <init>@fu.hao.trust.dvm.DVMObject - [BB]: getClass android.widget.AdapterView at fu.hao.trust.dvm.VMHeap@6ef167bb
Interpreter - [DEBUG]: args: instance number 1@android.widget.AdapterView
Interpreter - [DEBUG]: args: null
Unknown - [BB]: Unknown created!
Interpreter - [DEBUG]: args: [Unknown var, type: int]
Unknown - [BB]: Unknown created!
Interpreter - [DEBUG]: args: [Unknown var, type: long]
DalvikVM - [BB]: fu.hao.trust.dvm.Interpreter$OP_SP_ARGUMENTS -> jump set pc to 1
PluginManager - [MSG]: InfluenceAnalysis Tainted Res: {}
PluginManager - [MSG]: ContextAnalysis Tainted Res: {}
Interpreter - [MSG]: 

Interpreter - [MSG]: <1 MOV,CONST,dst=r4,type=void,extra=class patdroid.core.PrimitiveInfo?3> at com.wowotuan.appfactory.gui.activity.bz/onItemClick[android.widget.AdapterView, android.view.View, int, long]
Interpreter - [DEBUG]: Mov const begin <1 MOV,CONST,dst=r4,type=void,extra=class patdroid.core.PrimitiveInfo?3>
Interpreter - [DEBUG]: data: 3 class patdroid.core.PrimitiveInfo
DalvikVM - [BB]: fu.hao.trust.dvm.Interpreter$OP_MOV_CONST -> jump set pc to 2
PluginManager - [MSG]: InfluenceAnalysis Tainted Res: {}
PluginManager - [MSG]: ContextAnalysis Tainted Res: {}
Interpreter - [MSG]: 

Interpreter - [MSG]: <2 MOV,CONST,dst=r3,type=void,extra=class patdroid.core.PrimitiveInfo?0> at com.wowotuan.appfactory.gui.activity.bz/onItemClick[android.widget.AdapterView, android.view.View, int, long]
Interpreter - [DEBUG]: Mov const begin <2 MOV,CONST,dst=r3,type=void,extra=class patdroid.core.PrimitiveInfo?0>
Interpreter - [DEBUG]: data: 0 class patdroid.core.PrimitiveInfo
DalvikVM - [BB]: fu.hao.trust.dvm.Interpreter$OP_MOV_CONST -> jump set pc to 3
PluginManager - [MSG]: InfluenceAnalysis Tainted Res: {}
PluginManager - [MSG]: ContextAnalysis Tainted Res: {}
Interpreter - [MSG]: 

Interpreter - [MSG]: <3 IF,NEZ,r0=r9,extra=index:99> at com.wowotuan.appfactory.gui.activity.bz/onItemClick[android.widget.AdapterView, android.view.View, int, long]
OP_CMP - [DEBUG]: r0 data [Unknown var, type: int]
DalvikVM - [BB]: fu.hao.trust.analysis.TaintCtrlDep$CDTAINT_OP_CMP -> flow set pc to 4
ATAINT_OP_CMP - [BB]: ret: 30
ATAINT_OP_CMP - [BB]: cao 
ATAINT_OP_CMP - [BB]: rii
fu.hao.trust.solver.BiDirBranch - [WARN]: New BiDirBranch [Branch: 3--[cond: <3 IF,NEZ,r0=r9,extra=index:99>][sumpoint: <0 INSTANCE,IGET,r0=r6,r1=r1,type=java.lang.Object,extra=com.wowotuan.appfactory.gui.activity.bz.a>]@onItemClick]
ATAINT_OP_CMP - [BB]: BiDirSumpoint <0 RETURN,VOID>
ATAINT_OP_CMP - [MSG]: ATAINT_OP_IF:  <3 IF,NEZ,r0=r9,extra=index:99> 99
ATAINT_OP_CMP - [BB]: Add <3 IF,NEZ,r0=r9,extra=index:99> to met of [Branch: 3--[cond: <3 IF,NEZ,r0=r9,extra=index:99>][sumpoint: <0 RETURN,VOID>]@onItemClick]
PluginManager - [MSG]: InfluenceAnalysis Tainted Res: {}
PluginManager - [MSG]: ContextAnalysis Tainted Res: {}
Interpreter - [MSG]: 

Interpreter - [MSG]: <4 INSTANCE,IGET,r0=r6,r1=r0,type=java.lang.Object,extra=com.wowotuan.appfactory.gui.activity.bz.a> at com.wowotuan.appfactory.gui.activity.bz/onItemClick[android.widget.AdapterView, android.view.View, int, long]
class fu.hao.trust.dvm.Interpreter$OP_INSTANCE_GET_FIELD - [BB]: obj instance number 1@com.wowotuan.appfactory.gui.activity.bz
class fu.hao.trust.dvm.Interpreter$OP_INSTANCE_GET_FIELD - [BB]: fieldinfo com.wowotuan.appfactory.gui.activity.bz.a
Unknown - [BB]: Unknown created!
DVMObject - [DEBUG]: put field [Unknown var, type: com.wowotuan.appfactory.gui.activity.CityChoiceActivity]
class fu.hao.trust.dvm.Interpreter$OP_INSTANCE_GET_FIELD - [DEBUG]: Get data: [Unknown var, type: com.wowotuan.appfactory.gui.activity.CityChoiceActivity]
DalvikVM - [BB]: fu.hao.trust.dvm.Interpreter$OP_INSTANCE_GET_FIELD -> jump set pc to 5
PluginManager - [MSG]: InfluenceAnalysis Tainted Res: {}
PluginManager - [MSG]: ContextAnalysis Tainted Res: {}
Interpreter - [MSG]: 

Interpreter - [MSG]: <5 INVOKE,STATIC,extra=[com.wowotuan.appfactory.gui.activity.CityChoiceActivity/f[com.wowotuan.appfactory.gui.activity.CityChoiceActivity], [0]]> at com.wowotuan.appfactory.gui.activity.bz/onItemClick[android.widget.AdapterView, android.view.View, int, long]
DalvikVM - [BB]: New method call: com.wowotuan.appfactory.gui.activity.CityChoiceActivity/f[com.wowotuan.appfactory.gui.activity.CityChoiceActivity]
DalvikVM - [BB]: [0]<0 SPECIAL,ARGUMENT_SET,extra=[1]>
DalvikVM - [BB]: [1]<0 INSTANCE,IGET,r0=r1,r1=r0,type=java.lang.Object,extra=com.wowotuan.appfactory.gui.activity.CityChoiceActivity.s>
DalvikVM - [BB]: [2]<0 RETURN,VALUE,r0=r0,type=java.lang.Object>
DalvikVM - [BB]: New Stack Frame: StackFrame com.wowotuan.appfactory.gui.activity.CityChoiceActivity/f[com.wowotuan.appfactory.gui.activity.CityChoiceActivity], pc [I@6e16ffd stored. 
DalvikVM - [BB]: Stack: [StackFrame com.wowotuan.appfactory.gui.activity.bz/onItemClick[android.widget.AdapterView, android.view.View, int, long], StackFrame com.wowotuan.appfactory.gui.activity.CityChoiceActivity/f[com.wowotuan.appfactory.gui.activity.CityChoiceActivity]]
FULL_OP_INVOKE - [BB]: targetcalls {}
FULL_OP_INVOKE - [BB]: Target calls {}
PluginManager - [MSG]: InfluenceAnalysis Tainted Res: {}
PluginManager - [MSG]: ContextAnalysis Tainted Res: {}
DalvikVM - [BB]: fu.hao.trust.dvm.Interpreter -> run set pc to 0
Interpreter - [MSG]: 

Interpreter - [MSG]: <0 SPECIAL,ARGUMENT_SET,extra=[1]> at com.wowotuan.appfactory.gui.activity.CityChoiceActivity/f[com.wowotuan.appfactory.gui.activity.CityChoiceActivity]
Interpreter - [DEBUG]: params: [Unknown var, type: com.wowotuan.appfactory.gui.activity.CityChoiceActivity]
DalvikVM - [BB]: fu.hao.trust.dvm.Interpreter$OP_SP_ARGUMENTS -> jump set pc to 1
PluginManager - [MSG]: InfluenceAnalysis Tainted Res: {}
PluginManager - [MSG]: ContextAnalysis Tainted Res: {}
Interpreter - [MSG]: 

Interpreter - [MSG]: <1 INSTANCE,IGET,r0=r1,r1=r0,type=java.lang.Object,extra=com.wowotuan.appfactory.gui.activity.CityChoiceActivity.s> at com.wowotuan.appfactory.gui.activity.CityChoiceActivity/f[com.wowotuan.appfactory.gui.activity.CityChoiceActivity]
class fu.hao.trust.dvm.Interpreter$OP_INSTANCE_GET_FIELD - [BB]: obj [Unknown var, type: com.wowotuan.appfactory.gui.activity.CityChoiceActivity]
class fu.hao.trust.dvm.Interpreter$OP_INSTANCE_GET_FIELD - [BB]: fieldinfo com.wowotuan.appfactory.gui.activity.CityChoiceActivity.s
class fu.hao.trust.dvm.Interpreter$OP_INSTANCE_GET_FIELD - [ERROR]: obj is not a DVMObject!
