DalvikVM - [BB]: edu.mit.icc_action_string_operations.OutFlowActivity
DalvikVM - [MSG]: Begin run onCreate at C:\Users\hao\workspace\DroidBenchProj\ActivityCommunication2\app\ActivityCommunication2.apk
DalvikVM - [MSG]: RUN Method edu.mit.icc_action_string_operations.OutFlowActivity/onCreate[android.os.Bundle]
DalvikVM - [BB]: New method call: edu.mit.icc_action_string_operations.OutFlowActivity/onCreate[android.os.Bundle]
DalvikVM - [BB]: [0]<0 SPECIAL,ARGUMENT_SET,extra=[5, 6]>
DalvikVM - [BB]: [1]<0 HALT,SUPER,extra=[null, [5, 6]]>
DalvikVM - [BB]: [2]<0 MOV,CONST,dst=r3,type=void,extra=class patdroid.core.PrimitiveInfo?2130903040>
DalvikVM - [BB]: [3]<0 INVOKE,VIRTUAL,extra=[android.app.Activity/setContentView[int], [5, 3]]>
DalvikVM - [BB]: [4]<0 MOV,CONST,dst=r3,type=java.lang.String,extra="phone">
DalvikVM - [BB]: [5]<0 INVOKE,VIRTUAL,extra=[android.content.Context/getSystemService[java.lang.String], [5, 3]]>
DalvikVM - [BB]: [6]<0 MOV,RESULT,dst=r2,type=java.lang.Object>
DalvikVM - [BB]: [7]<0 ARITHMETIC,CHECK-AND-CAST,dst=r2,type=android.telephony.TelephonyManager>
DalvikVM - [BB]: [8]<0 INVOKE,VIRTUAL,extra=[android.telephony.TelephonyManager/getDeviceId[], [2]]>
DalvikVM - [BB]: [9]<0 MOV,RESULT,dst=r1,type=java.lang.Object>
DalvikVM - [BB]: [10]<0 NEW,INSTANCE,dst=r0,type=android.content.Intent>
DalvikVM - [BB]: [11]<0 MOV,CONST,dst=r3,type=java.lang.String,extra="ignore.edu.mit.icc_action_string_operations.ACTION">
DalvikVM - [BB]: [12]<0 MOV,CONST,dst=r4,type=void,extra=class patdroid.core.PrimitiveInfo?7>
DalvikVM - [BB]: [13]<0 INVOKE,VIRTUAL,extra=[java.lang.String/substring[int], [3, 4]]>
DalvikVM - [BB]: [14]<0 MOV,RESULT,dst=r3,type=java.lang.Object>
DalvikVM - [BB]: [15]<0 INVOKE,DIRECT,extra=[android.content.Intent/<init>[java.lang.String], [0, 3]]>
DalvikVM - [BB]: [16]<0 MOV,CONST,dst=r3,type=java.lang.String,extra="DroidBench">
DalvikVM - [BB]: [17]<0 INVOKE,VIRTUAL,extra=[android.content.Intent/putExtra[java.lang.String, java.lang.String], [0, 3, 1]]>
DalvikVM - [BB]: [18]<0 INVOKE,VIRTUAL,extra=[android.content.Context/startActivity[android.content.Intent], [5, 0]]>
DalvikVM - [BB]: [19]<0 RETURN,VOID>
newStackFrame - [BB]: New Stack Frame: StackFrame edu.mit.icc_action_string_operations.OutFlowActivity/onCreate[android.os.Bundle]
newStackFrame - [BB]: Stack: [StackFrame edu.mit.icc_action_string_operations.OutFlowActivity/onCreate[android.os.Bundle]]
Executor - [MSG]: New chain obj with type edu.mit.icc_action_string_operations.OutFlowActivity
Activity - [BB]: New instance of edu.mit.icc_action_string_operations.OutFlowActivity
Caller@4: <init>@fu.hao.trust.dvm.DVMObject - [BB]: getClass edu.mit.icc_action_string_operations.OutFlowActivity at fu.hao.trust.dvm.VMHeap@3401a0ad
Caller: getClass@fu.hao.trust.dvm.VMHeap - [BB]: new class representation for edu.mit.icc_action_string_operations.OutFlowActivity at fu.hao.trust.dvm.VMHeap@3401a0ad
Caller@4: <init>@fu.hao.trust.dvm.DVMClass - [BB]: getClass android.app.Activity at fu.hao.trust.dvm.VMHeap@3401a0ad
Caller: getClass@fu.hao.trust.dvm.VMHeap - [BB]: new class representation for android.app.Activity at fu.hao.trust.dvm.VMHeap@3401a0ad
Caller@4: <init>@fu.hao.trust.dvm.DVMClass - [BB]: getClass android.content.Context at fu.hao.trust.dvm.VMHeap@3401a0ad
Caller: getClass@fu.hao.trust.dvm.VMHeap - [BB]: new class representation for android.content.Context at fu.hao.trust.dvm.VMHeap@3401a0ad
Caller@4: <init>@fu.hao.trust.dvm.DVMClass - [BB]: getClass fu.hao.trust.dvm.DVMObject at fu.hao.trust.dvm.VMHeap@3401a0ad
Caller: getClass@fu.hao.trust.dvm.VMHeap - [BB]: new class representation for fu.hao.trust.dvm.DVMObject at fu.hao.trust.dvm.VMHeap@3401a0ad
Caller: <init>@fu.hao.trust.dvm.DVMClass - [BB]: Get DVMClass for type fu.hao.trust.dvm.DVMObject
Caller@4: <init>@fu.hao.trust.dvm.DVMClass - [BB]: getClass fu.hao.trust.dvm.DVMObject at fu.hao.trust.dvm.VMHeap@3401a0ad
Caller: <init>@fu.hao.trust.dvm.DVMClass - [BB]: Get DVMClass for type android.content.Context
Caller@4: <init>@fu.hao.trust.dvm.DVMClass - [BB]: getClass android.content.Context at fu.hao.trust.dvm.VMHeap@3401a0ad
Caller: <init>@fu.hao.trust.dvm.DVMClass - [BB]: Get DVMClass for type android.app.Activity
Caller@4: <init>@fu.hao.trust.dvm.DVMClass - [BB]: getClass android.app.Activity at fu.hao.trust.dvm.VMHeap@3401a0ad
Caller: <init>@fu.hao.trust.dvm.DVMObject - [BB]: Get DVMClass for type edu.mit.icc_action_string_operations.OutFlowActivity
Caller@4: <init>@fu.hao.trust.dvm.DVMObject - [BB]: getClass edu.mit.icc_action_string_operations.OutFlowActivity at fu.hao.trust.dvm.VMHeap@3401a0ad
Activity - [BB]: New Activity Created with type edu.mit.icc_action_string_operations.OutFlowActivity
Executor - [MSG]: RUN BEGIN edu.mit.icc_action_string_operations.OutFlowActivity/onCreate[android.os.Bundle]
DalvikVM - [BB]: fu.hao.trust.dvm.Executor -> run set pc to 0
Executor - [MSG]: 

Executor - [MSG]: <0 SPECIAL,ARGUMENT_SET,extra=[5, 6]> at edu.mit.icc_action_string_operations.OutFlowActivity/onCreate[android.os.Bundle]
Executor - [WARN]: NULL CallingCtx!
Executor - [DEBUG]: args: Activity:instance number 1@edu.mit.icc_action_string_operations.OutFlowActivity
Executor - [BB]: Start param from 1
DVMObject - [BB]: New instance of android.os.Bundle
Caller@4: <init>@fu.hao.trust.dvm.DVMObject - [BB]: getClass android.os.Bundle at fu.hao.trust.dvm.VMHeap@3401a0ad
Caller: getClass@fu.hao.trust.dvm.VMHeap - [BB]: new class representation for android.os.Bundle at fu.hao.trust.dvm.VMHeap@3401a0ad
Caller: <init>@fu.hao.trust.dvm.DVMObject - [BB]: Get DVMClass for type android.os.Bundle
Caller@4: <init>@fu.hao.trust.dvm.DVMObject - [BB]: getClass android.os.Bundle at fu.hao.trust.dvm.VMHeap@3401a0ad
Executor - [DEBUG]: args: instance number 1@android.os.Bundle
DalvikVM - [BB]: fu.hao.trust.dvm.Executor$OP_SP_ARGUMENTS -> jump set pc to 1
Executor - [MSG]: 

Executor - [MSG]: <1 HALT,SUPER,extra=[null, [5, 6]]> at edu.mit.icc_action_string_operations.OutFlowActivity/onCreate[android.os.Bundle]
DalvikVM - [BB]: fu.hao.trust.dvm.Executor$OP_HALT -> jump set pc to 2
Executor - [MSG]: Cannot resolve the invocation
Executor - [MSG]: 

Executor - [MSG]: <2 MOV,CONST,dst=r3,type=void,extra=class patdroid.core.PrimitiveInfo?2130903040> at edu.mit.icc_action_string_operations.OutFlowActivity/onCreate[android.os.Bundle]
Executor - [DEBUG]: Mov const begin <2 MOV,CONST,dst=r3,type=void,extra=class patdroid.core.PrimitiveInfo?2130903040>
Executor - [DEBUG]: data: 2130903040 class patdroid.core.PrimitiveInfo
DalvikVM - [BB]: fu.hao.trust.dvm.Executor$OP_MOV_CONST -> jump set pc to 3
Executor - [MSG]: 

Executor - [MSG]: <3 INVOKE,VIRTUAL,extra=[android.app.Activity/setContentView[int], [5, 3]]> at edu.mit.icc_action_string_operations.OutFlowActivity/onCreate[android.os.Bundle]
Executor - [MSG]: arg0 obj: Activity:instance number 1@edu.mit.icc_action_string_operations.OutFlowActivity
Executor - [DEBUG]: Reflction class: class android.app.Activity
Executor - [BB]: Normal args? true
Executor - [BB]: arg1@reg3: 2130903040
Executor - [DEBUG]: Expected para type: int
Executor - [DEBUG]: Real para int
Executor - [BB]: Nargs? true
Executor - [DEBUG]: Caller obj: Activity:instance number 1@edu.mit.icc_action_string_operations.OutFlowActivity, from class: class android.app.Activity
Executor - [MSG]: Reflction invocation public void android.app.Activity.setContentView(int)
DalvikVM - [BB]: Set reflective call: public void android.app.Activity.setContentView(int)
DalvikVM - [BB]: fu.hao.trust.dvm.Executor -> jump set pc to 4
Executor - [MSG]: 

Executor - [MSG]: <4 MOV,CONST,dst=r3,type=java.lang.String,extra="phone"> at edu.mit.icc_action_string_operations.OutFlowActivity/onCreate[android.os.Bundle]
Executor - [DEBUG]: Mov const begin <4 MOV,CONST,dst=r3,type=java.lang.String,extra="phone">
DalvikVM - [BB]: ar3 <2130903040, void>, <phone, java.lang.String>
Executor - [DEBUG]: data: phone class java.lang.String
DalvikVM - [BB]: fu.hao.trust.dvm.Executor$OP_MOV_CONST -> jump set pc to 5
Executor - [MSG]: 

Executor - [MSG]: <5 INVOKE,VIRTUAL,extra=[android.content.Context/getSystemService[java.lang.String], [5, 3]]> at edu.mit.icc_action_string_operations.OutFlowActivity/onCreate[android.os.Bundle]
Executor - [MSG]: arg0 obj: Activity:instance number 1@edu.mit.icc_action_string_operations.OutFlowActivity
Executor - [DEBUG]: Reflction class: class android.content.Context
Executor - [BB]: Normal args? true
Executor - [BB]: arg1@reg3: phone
Executor - [BB]: Nargs? true
Executor - [DEBUG]: Caller obj: Activity:instance number 1@edu.mit.icc_action_string_operations.OutFlowActivity, from class: class android.app.Activity
Executor - [DEBUG]: Return data: android.telephony.TelephonyManager@597c19fd ,class android.telephony.TelephonyManager
Executor - [MSG]: Reflction invocation public java.lang.Object android.content.Context.getSystemService(java.lang.String)
DalvikVM - [BB]: Set reflective call: public java.lang.Object android.content.Context.getSystemService(java.lang.String)
DalvikVM - [BB]: fu.hao.trust.dvm.Executor -> jump set pc to 6
Executor - [MSG]: 

Executor - [MSG]: <6 MOV,RESULT,dst=r2,type=java.lang.Object> at edu.mit.icc_action_string_operations.OutFlowActivity/onCreate[android.os.Bundle]
OP_MOV_RESULT - [BB]: Result data: android.telephony.TelephonyManager@597c19fd
OP_MOV_RESULT - [DEBUG]: Result data: android.telephony.TelephonyManager@597c19fd, type: java.lang.Object, to [reg 2@OutFlowActivity/onCreate]
DalvikVM - [BB]: fu.hao.trust.dvm.Executor$OP_MOV_RESULT -> jump set pc to 7
Executor - [MSG]: 

Executor - [MSG]: <7 ARITHMETIC,CHECK-AND-CAST,dst=r2,type=android.telephony.TelephonyManager> at edu.mit.icc_action_string_operations.OutFlowActivity/onCreate[android.os.Bundle]
DalvikVM - [BB]: fu.hao.trust.dvm.Executor$OP_ARITHETIC -> jump set pc to 8
Executor - [MSG]: 

Executor - [MSG]: <8 INVOKE,VIRTUAL,extra=[android.telephony.TelephonyManager/getDeviceId[], [2]]> at edu.mit.icc_action_string_operations.OutFlowActivity/onCreate[android.os.Bundle]
Executor - [MSG]: arg0 obj: android.telephony.TelephonyManager@597c19fd
Executor - [DEBUG]: Reflction class: class android.telephony.TelephonyManager
Executor - [DEBUG]: Return data: 359874043116909 ,class java.lang.String
Executor - [MSG]: Reflction invocation public java.lang.String android.telephony.TelephonyManager.getDeviceId()
DalvikVM - [BB]: Set reflective call: public java.lang.String android.telephony.TelephonyManager.getDeviceId()
DalvikVM - [BB]: fu.hao.trust.dvm.Executor -> jump set pc to 9
Executor - [MSG]: 

Executor - [MSG]: <9 MOV,RESULT,dst=r1,type=java.lang.Object> at edu.mit.icc_action_string_operations.OutFlowActivity/onCreate[android.os.Bundle]
OP_MOV_RESULT - [BB]: Result data: 359874043116909
OP_MOV_RESULT - [DEBUG]: Result data: 359874043116909, type: java.lang.String, to [reg 1@OutFlowActivity/onCreate]
DalvikVM - [BB]: fu.hao.trust.dvm.Executor$OP_MOV_RESULT -> jump set pc to 10
Executor - [MSG]: 

Executor - [MSG]: <10 NEW,INSTANCE,dst=r0,type=android.content.Intent> at edu.mit.icc_action_string_operations.OutFlowActivity/onCreate[android.os.Bundle]
OP_NEW_INSTANCE - [DEBUG]: [reg 0@OutFlowActivity/onCreate]
OP_NEW_INSTANCE - [BB]: Reflecable instance.
DalvikVM - [BB]: fu.hao.trust.dvm.Executor$OP_NEW_INSTANCE -> jump set pc to 11
Executor - [MSG]: 

Executor - [MSG]: <11 MOV,CONST,dst=r3,type=java.lang.String,extra="ignore.edu.mit.icc_action_string_operations.ACTION"> at edu.mit.icc_action_string_operations.OutFlowActivity/onCreate[android.os.Bundle]
Executor - [DEBUG]: Mov const begin <11 MOV,CONST,dst=r3,type=java.lang.String,extra="ignore.edu.mit.icc_action_string_operations.ACTION">
DalvikVM - [BB]: ar3 <phone, java.lang.String>, <ignore.edu.mit.icc_action_string_operations.ACTION, java.lang.String>
Executor - [DEBUG]: data: ignore.edu.mit.icc_action_string_operations.ACTION class java.lang.String
DalvikVM - [BB]: fu.hao.trust.dvm.Executor$OP_MOV_CONST -> jump set pc to 12
Executor - [MSG]: 

Executor - [MSG]: <12 MOV,CONST,dst=r4,type=void,extra=class patdroid.core.PrimitiveInfo?7> at edu.mit.icc_action_string_operations.OutFlowActivity/onCreate[android.os.Bundle]
Executor - [DEBUG]: Mov const begin <12 MOV,CONST,dst=r4,type=void,extra=class patdroid.core.PrimitiveInfo?7>
Executor - [DEBUG]: data: 7 class patdroid.core.PrimitiveInfo
DalvikVM - [BB]: fu.hao.trust.dvm.Executor$OP_MOV_CONST -> jump set pc to 13
Executor - [MSG]: 

Executor - [MSG]: <13 INVOKE,VIRTUAL,extra=[java.lang.String/substring[int], [3, 4]]> at edu.mit.icc_action_string_operations.OutFlowActivity/onCreate[android.os.Bundle]
Executor - [MSG]: arg0 obj: ignore.edu.mit.icc_action_string_operations.ACTION
Executor - [DEBUG]: Reflction class: class java.lang.String
Executor - [BB]: Normal args? true
Executor - [BB]: arg1@reg4: 7
Executor - [DEBUG]: Expected para type: int
Executor - [DEBUG]: Real para int
Executor - [BB]: Nargs? true
Executor - [DEBUG]: Caller obj: ignore.edu.mit.icc_action_string_operations.ACTION, from class: class java.lang.String
Executor - [DEBUG]: Return data: edu.mit.icc_action_string_operations.ACTION ,class java.lang.String
Executor - [MSG]: Reflction invocation public java.lang.String java.lang.String.substring(int)
DalvikVM - [BB]: Set reflective call: public java.lang.String java.lang.String.substring(int)
DalvikVM - [BB]: fu.hao.trust.dvm.Executor -> jump set pc to 14
Executor - [MSG]: 

Executor - [MSG]: <14 MOV,RESULT,dst=r3,type=java.lang.Object> at edu.mit.icc_action_string_operations.OutFlowActivity/onCreate[android.os.Bundle]
DalvikVM - [BB]: ar3 <ignore.edu.mit.icc_action_string_operations.ACTION, java.lang.String>, <edu.mit.icc_action_string_operations.ACTION, java.lang.String>
OP_MOV_RESULT - [BB]: Result data: edu.mit.icc_action_string_operations.ACTION
OP_MOV_RESULT - [DEBUG]: Result data: edu.mit.icc_action_string_operations.ACTION, type: java.lang.String, to [reg 3@OutFlowActivity/onCreate]
DalvikVM - [BB]: fu.hao.trust.dvm.Executor$OP_MOV_RESULT -> jump set pc to 15
Executor - [MSG]: 

Executor - [MSG]: <15 INVOKE,DIRECT,extra=[android.content.Intent/<init>[java.lang.String], [0, 3]]> at edu.mit.icc_action_string_operations.OutFlowActivity/onCreate[android.os.Bundle]
Executor - [WARN]: arg0 is null!
Executor - [BB]: arg1@reg3: edu.mit.icc_action_string_operations.ACTION
Executor - [DEBUG]: Init instance: [intent:edu.mit.icc_action_string_operations.ACTION, {}] class android.content.Intent
DalvikVM - [BB]: fu.hao.trust.dvm.Executor -> jump set pc to 16
Executor - [MSG]: 

Executor - [MSG]: <16 MOV,CONST,dst=r3,type=java.lang.String,extra="DroidBench"> at edu.mit.icc_action_string_operations.OutFlowActivity/onCreate[android.os.Bundle]
Executor - [DEBUG]: Mov const begin <16 MOV,CONST,dst=r3,type=java.lang.String,extra="DroidBench">
DalvikVM - [BB]: ar3 <edu.mit.icc_action_string_operations.ACTION, java.lang.String>, <DroidBench, java.lang.String>
Executor - [DEBUG]: data: DroidBench class java.lang.String
DalvikVM - [BB]: fu.hao.trust.dvm.Executor$OP_MOV_CONST -> jump set pc to 17
Executor - [MSG]: 

Executor - [MSG]: <17 INVOKE,VIRTUAL,extra=[android.content.Intent/putExtra[java.lang.String, java.lang.String], [0, 3, 1]]> at edu.mit.icc_action_string_operations.OutFlowActivity/onCreate[android.os.Bundle]
Executor - [MSG]: arg0 obj: [intent:edu.mit.icc_action_string_operations.ACTION, {}]
Executor - [DEBUG]: Reflction class: class android.content.Intent
Executor - [BB]: Normal args? true
Executor - [BB]: arg1@reg3: DroidBench
Executor - [BB]: arg2@reg1: 359874043116909
Executor - [BB]: Nargs? true
Executor - [DEBUG]: Caller obj: [intent:edu.mit.icc_action_string_operations.ACTION, {}], from class: class android.content.Intent
Executor - [DEBUG]: Return data: [intent:edu.mit.icc_action_string_operations.ACTION, {DroidBench=359874043116909}] ,class android.content.Intent
Executor - [MSG]: Reflction invocation public android.content.Intent android.content.Intent.putExtra(java.lang.String,java.lang.String)
DalvikVM - [BB]: Set reflective call: public android.content.Intent android.content.Intent.putExtra(java.lang.String,java.lang.String)
DalvikVM - [BB]: fu.hao.trust.dvm.Executor -> jump set pc to 18
Executor - [MSG]: 

Executor - [MSG]: <18 INVOKE,VIRTUAL,extra=[android.content.Context/startActivity[android.content.Intent], [5, 0]]> at edu.mit.icc_action_string_operations.OutFlowActivity/onCreate[android.os.Bundle]
Executor - [MSG]: arg0 obj: Activity:instance number 1@edu.mit.icc_action_string_operations.OutFlowActivity
Executor - [DEBUG]: Reflction class: class android.content.Context
Executor - [BB]: Normal args? false
Executor - [BB]: arg1@reg0: [intent:edu.mit.icc_action_string_operations.ACTION, {DroidBench=359874043116909}]
Executor - [BB]: Nargs? true
Unknown - [BB]: Unknown created!
Executor - [DEBUG]: Return data: [Unknown var:null, type: void] ,class fu.hao.trust.solver.Unknown
Executor - [MSG]: Reflction invocation public void android.content.Context.startActivity(android.content.Intent)
Executor - [WARN]: Abnormal args, contain abstract value.
DalvikVM - [BB]: Set reflective call: public void android.content.Context.startActivity(android.content.Intent)
DalvikVM - [BB]: fu.hao.trust.dvm.Executor -> jump set pc to 19
Executor - [MSG]: 

Executor - [MSG]: <19 RETURN,VOID> at edu.mit.icc_action_string_operations.OutFlowActivity/onCreate[android.os.Bundle]
class fu.hao.trust.dvm.Executor$OP_RETURN_VOID - [DEBUG]: Return void
DalvikVM - [BB]: Back to the last stack frame.null
Executor - [MSG]: RUN DONE! The last one is onCreate
DalvikVM - [MSG]: FINISHED!

DalvikVM - [BB]: edu.mit.icc_action_string_operations.OutFlowActivity
DalvikVM - [MSG]: Begin run onCreate at C:/Users/hao/workspace/DroidBenchProj/ActivityCommunication2/app/ActivityCommunication2.apk
DalvikVM - [MSG]: RUN Method edu.mit.icc_action_string_operations.OutFlowActivity/onCreate[android.os.Bundle]
DalvikVM - [BB]: New method call: edu.mit.icc_action_string_operations.OutFlowActivity/onCreate[android.os.Bundle]
DalvikVM - [BB]: [0]<0 SPECIAL,ARGUMENT_SET,extra=[5, 6]>
DalvikVM - [BB]: [1]<0 HALT,SUPER,extra=[null, [5, 6]]>
DalvikVM - [BB]: [2]<0 MOV,CONST,dst=r3,type=void,extra=class patdroid.core.PrimitiveInfo?2130903040>
DalvikVM - [BB]: [3]<0 INVOKE,VIRTUAL,extra=[android.app.Activity/setContentView[int], [5, 3]]>
DalvikVM - [BB]: [4]<0 MOV,CONST,dst=r3,type=java.lang.String,extra="phone">
DalvikVM - [BB]: [5]<0 INVOKE,VIRTUAL,extra=[android.content.Context/getSystemService[java.lang.String], [5, 3]]>
DalvikVM - [BB]: [6]<0 MOV,RESULT,dst=r2,type=java.lang.Object>
DalvikVM - [BB]: [7]<0 ARITHMETIC,CHECK-AND-CAST,dst=r2,type=android.telephony.TelephonyManager>
DalvikVM - [BB]: [8]<0 INVOKE,VIRTUAL,extra=[android.telephony.TelephonyManager/getDeviceId[], [2]]>
DalvikVM - [BB]: [9]<0 MOV,RESULT,dst=r1,type=java.lang.Object>
DalvikVM - [BB]: [10]<0 NEW,INSTANCE,dst=r0,type=android.content.Intent>
DalvikVM - [BB]: [11]<0 MOV,CONST,dst=r3,type=java.lang.String,extra="ignore.edu.mit.icc_action_string_operations.ACTION">
DalvikVM - [BB]: [12]<0 MOV,CONST,dst=r4,type=void,extra=class patdroid.core.PrimitiveInfo?7>
DalvikVM - [BB]: [13]<0 INVOKE,VIRTUAL,extra=[java.lang.String/substring[int], [3, 4]]>
DalvikVM - [BB]: [14]<0 MOV,RESULT,dst=r3,type=java.lang.Object>
DalvikVM - [BB]: [15]<0 INVOKE,DIRECT,extra=[android.content.Intent/<init>[java.lang.String], [0, 3]]>
DalvikVM - [BB]: [16]<0 MOV,CONST,dst=r3,type=java.lang.String,extra="DroidBench">
DalvikVM - [BB]: [17]<0 INVOKE,VIRTUAL,extra=[android.content.Intent/putExtra[java.lang.String, java.lang.String], [0, 3, 1]]>
DalvikVM - [BB]: [18]<0 INVOKE,VIRTUAL,extra=[android.content.Context/startActivity[android.content.Intent], [5, 0]]>
DalvikVM - [BB]: [19]<0 RETURN,VOID>
newStackFrame - [BB]: New Stack Frame: StackFrame edu.mit.icc_action_string_operations.OutFlowActivity/onCreate[android.os.Bundle]
newStackFrame - [BB]: Stack: [StackFrame edu.mit.icc_action_string_operations.OutFlowActivity/onCreate[android.os.Bundle]]
Executor - [MSG]: New chain obj with type edu.mit.icc_action_string_operations.OutFlowActivity
Activity - [BB]: New instance of edu.mit.icc_action_string_operations.OutFlowActivity
Caller@4: <init>@fu.hao.trust.dvm.DVMObject - [BB]: getClass edu.mit.icc_action_string_operations.OutFlowActivity at fu.hao.trust.dvm.VMHeap@32d9367a
Caller: getClass@fu.hao.trust.dvm.VMHeap - [BB]: new class representation for edu.mit.icc_action_string_operations.OutFlowActivity at fu.hao.trust.dvm.VMHeap@32d9367a
Caller@4: <init>@fu.hao.trust.dvm.DVMClass - [BB]: getClass android.app.Activity at fu.hao.trust.dvm.VMHeap@32d9367a
Caller: getClass@fu.hao.trust.dvm.VMHeap - [BB]: new class representation for android.app.Activity at fu.hao.trust.dvm.VMHeap@32d9367a
Caller@4: <init>@fu.hao.trust.dvm.DVMClass - [BB]: getClass android.content.Context at fu.hao.trust.dvm.VMHeap@32d9367a
Caller: getClass@fu.hao.trust.dvm.VMHeap - [BB]: new class representation for android.content.Context at fu.hao.trust.dvm.VMHeap@32d9367a
Caller@4: <init>@fu.hao.trust.dvm.DVMClass - [BB]: getClass fu.hao.trust.dvm.DVMObject at fu.hao.trust.dvm.VMHeap@32d9367a
Caller: getClass@fu.hao.trust.dvm.VMHeap - [BB]: new class representation for fu.hao.trust.dvm.DVMObject at fu.hao.trust.dvm.VMHeap@32d9367a
Caller: <init>@fu.hao.trust.dvm.DVMClass - [BB]: Get DVMClass for type fu.hao.trust.dvm.DVMObject
Caller@4: <init>@fu.hao.trust.dvm.DVMClass - [BB]: getClass fu.hao.trust.dvm.DVMObject at fu.hao.trust.dvm.VMHeap@32d9367a
Caller: <init>@fu.hao.trust.dvm.DVMClass - [BB]: Get DVMClass for type android.content.Context
Caller@4: <init>@fu.hao.trust.dvm.DVMClass - [BB]: getClass android.content.Context at fu.hao.trust.dvm.VMHeap@32d9367a
Caller: <init>@fu.hao.trust.dvm.DVMClass - [BB]: Get DVMClass for type android.app.Activity
Caller@4: <init>@fu.hao.trust.dvm.DVMClass - [BB]: getClass android.app.Activity at fu.hao.trust.dvm.VMHeap@32d9367a
Caller: <init>@fu.hao.trust.dvm.DVMObject - [BB]: Get DVMClass for type edu.mit.icc_action_string_operations.OutFlowActivity
Caller@4: <init>@fu.hao.trust.dvm.DVMObject - [BB]: getClass edu.mit.icc_action_string_operations.OutFlowActivity at fu.hao.trust.dvm.VMHeap@32d9367a
Activity - [BB]: New Activity Created with type edu.mit.icc_action_string_operations.OutFlowActivity
Executor - [MSG]: RUN BEGIN edu.mit.icc_action_string_operations.OutFlowActivity/onCreate[android.os.Bundle]
DalvikVM - [BB]: fu.hao.trust.dvm.Executor -> run set pc to 0
Executor - [MSG]: 

Executor - [MSG]: <0 SPECIAL,ARGUMENT_SET,extra=[5, 6]> at edu.mit.icc_action_string_operations.OutFlowActivity/onCreate[android.os.Bundle]
Executor - [WARN]: NULL CallingCtx!
Executor - [DEBUG]: args: Activity:instance number 1@edu.mit.icc_action_string_operations.OutFlowActivity
Executor - [BB]: Start param from 1
DVMObject - [BB]: New instance of android.os.Bundle
Caller@4: <init>@fu.hao.trust.dvm.DVMObject - [BB]: getClass android.os.Bundle at fu.hao.trust.dvm.VMHeap@32d9367a
Caller: getClass@fu.hao.trust.dvm.VMHeap - [BB]: new class representation for android.os.Bundle at fu.hao.trust.dvm.VMHeap@32d9367a
Caller: <init>@fu.hao.trust.dvm.DVMObject - [BB]: Get DVMClass for type android.os.Bundle
Caller@4: <init>@fu.hao.trust.dvm.DVMObject - [BB]: getClass android.os.Bundle at fu.hao.trust.dvm.VMHeap@32d9367a
Executor - [DEBUG]: args: instance number 1@android.os.Bundle
DalvikVM - [BB]: fu.hao.trust.dvm.Executor$OP_SP_ARGUMENTS -> jump set pc to 1
PluginManager - [MSG]: Taint Tainted Res: {}
Executor - [MSG]: 

Executor - [MSG]: <1 HALT,SUPER,extra=[null, [5, 6]]> at edu.mit.icc_action_string_operations.OutFlowActivity/onCreate[android.os.Bundle]
DalvikVM - [BB]: fu.hao.trust.dvm.Executor$OP_HALT -> jump set pc to 2
Executor - [MSG]: Cannot resolve the invocation
Taint - [BB]: Not a taint op <1 HALT,SUPER,extra=[null, [5, 6]]>
PluginManager - [MSG]: Taint Tainted Res: {}
Executor - [MSG]: 

Executor - [MSG]: <2 MOV,CONST,dst=r3,type=void,extra=class patdroid.core.PrimitiveInfo?2130903040> at edu.mit.icc_action_string_operations.OutFlowActivity/onCreate[android.os.Bundle]
Executor - [DEBUG]: Mov const begin <2 MOV,CONST,dst=r3,type=void,extra=class patdroid.core.PrimitiveInfo?2130903040>
Executor - [DEBUG]: data: 2130903040 class patdroid.core.PrimitiveInfo
DalvikVM - [BB]: fu.hao.trust.dvm.Executor$OP_MOV_CONST -> jump set pc to 3
PluginManager - [MSG]: Taint Tainted Res: {}
Executor - [MSG]: 

Executor - [MSG]: <3 INVOKE,VIRTUAL,extra=[android.app.Activity/setContentView[int], [5, 3]]> at edu.mit.icc_action_string_operations.OutFlowActivity/onCreate[android.os.Bundle]
Executor - [MSG]: arg0 obj: Activity:instance number 1@edu.mit.icc_action_string_operations.OutFlowActivity
Executor - [DEBUG]: Reflction class: class android.app.Activity
Executor - [BB]: Normal args? true
Executor - [BB]: arg1@reg3: 2130903040
Executor - [DEBUG]: Expected para type: int
Executor - [DEBUG]: Real para int
Executor - [BB]: Nargs? true
Executor - [DEBUG]: Caller obj: Activity:instance number 1@edu.mit.icc_action_string_operations.OutFlowActivity, from class: class android.app.Activity
Executor - [MSG]: Reflction invocation public void android.app.Activity.setContentView(int)
DalvikVM - [BB]: Set reflective call: public void android.app.Activity.setContentView(int)
DalvikVM - [BB]: fu.hao.trust.dvm.Executor -> jump set pc to 4
Taint - [BB]: <android.app.Activity: void setContentView(int)>
Taint - [DEBUG]: not a taint call: <android.app.Activity: void setContentView(int)>
PluginManager - [MSG]: Taint Tainted Res: {}
Executor - [MSG]: 

Executor - [MSG]: <4 MOV,CONST,dst=r3,type=java.lang.String,extra="phone"> at edu.mit.icc_action_string_operations.OutFlowActivity/onCreate[android.os.Bundle]
Executor - [DEBUG]: Mov const begin <4 MOV,CONST,dst=r3,type=java.lang.String,extra="phone">
DalvikVM - [BB]: ar3 <2130903040, void>, <phone, java.lang.String>
Executor - [DEBUG]: data: phone class java.lang.String
DalvikVM - [BB]: fu.hao.trust.dvm.Executor$OP_MOV_CONST -> jump set pc to 5
PluginManager - [MSG]: Taint Tainted Res: {}
Executor - [MSG]: 

Executor - [MSG]: <5 INVOKE,VIRTUAL,extra=[android.content.Context/getSystemService[java.lang.String], [5, 3]]> at edu.mit.icc_action_string_operations.OutFlowActivity/onCreate[android.os.Bundle]
Executor - [MSG]: arg0 obj: Activity:instance number 1@edu.mit.icc_action_string_operations.OutFlowActivity
Executor - [DEBUG]: Reflction class: class android.content.Context
Executor - [BB]: Normal args? true
Executor - [BB]: arg1@reg3: phone
Executor - [BB]: Nargs? true
Executor - [DEBUG]: Caller obj: Activity:instance number 1@edu.mit.icc_action_string_operations.OutFlowActivity, from class: class android.app.Activity
Executor - [DEBUG]: Return data: android.telephony.TelephonyManager@d313905 ,class android.telephony.TelephonyManager
Executor - [MSG]: Reflction invocation public java.lang.Object android.content.Context.getSystemService(java.lang.String)
DalvikVM - [BB]: Set reflective call: public java.lang.Object android.content.Context.getSystemService(java.lang.String)
DalvikVM - [BB]: fu.hao.trust.dvm.Executor -> jump set pc to 6
Taint - [BB]: <android.content.Context: java.lang.Object getSystemService(java.lang.String)>
Taint - [DEBUG]: not a taint call: <android.content.Context: java.lang.Object getSystemService(java.lang.String)>
PluginManager - [MSG]: Taint Tainted Res: {}
Executor - [MSG]: 

Executor - [MSG]: <6 MOV,RESULT,dst=r2,type=java.lang.Object> at edu.mit.icc_action_string_operations.OutFlowActivity/onCreate[android.os.Bundle]
OP_MOV_RESULT - [BB]: Result data: android.telephony.TelephonyManager@d313905
OP_MOV_RESULT - [DEBUG]: Result data: android.telephony.TelephonyManager@d313905, type: java.lang.Object, to [reg 2@OutFlowActivity/onCreate]
DalvikVM - [BB]: fu.hao.trust.dvm.Executor$OP_MOV_RESULT -> jump set pc to 7
PluginManager - [MSG]: Taint Tainted Res: {}
Executor - [MSG]: 

Executor - [MSG]: <7 ARITHMETIC,CHECK-AND-CAST,dst=r2,type=android.telephony.TelephonyManager> at edu.mit.icc_action_string_operations.OutFlowActivity/onCreate[android.os.Bundle]
DalvikVM - [BB]: fu.hao.trust.dvm.Executor$OP_ARITHETIC -> jump set pc to 8
Taint - [BB]: Not a taint op <7 ARITHMETIC,CHECK-AND-CAST,dst=r2,type=android.telephony.TelephonyManager>
PluginManager - [MSG]: Taint Tainted Res: {}
Executor - [MSG]: 

Executor - [MSG]: <8 INVOKE,VIRTUAL,extra=[android.telephony.TelephonyManager/getDeviceId[], [2]]> at edu.mit.icc_action_string_operations.OutFlowActivity/onCreate[android.os.Bundle]
Executor - [MSG]: arg0 obj: android.telephony.TelephonyManager@d313905
Executor - [DEBUG]: Reflction class: class android.telephony.TelephonyManager
Executor - [DEBUG]: Return data: 359874043116909 ,class java.lang.String
Executor - [MSG]: Reflction invocation public java.lang.String android.telephony.TelephonyManager.getDeviceId()
DalvikVM - [BB]: Set reflective call: public java.lang.String android.telephony.TelephonyManager.getDeviceId()
DalvikVM - [BB]: fu.hao.trust.dvm.Executor -> jump set pc to 9
Taint - [BB]: <android.telephony.TelephonyManager: java.lang.String getDeviceId()>
Taint - [WARN]: Found a tainted return value!
PluginManager - [MSG]: Taint Tainted Res: {359874043116909=<8 INVOKE,VIRTUAL,extra=[android.telephony.TelephonyManager/getDeviceId[], [2]]>, [Global RetReg]=<8 INVOKE,VIRTUAL,extra=[android.telephony.TelephonyManager/getDeviceId[], [2]]>}
Executor - [MSG]: 

Executor - [MSG]: <9 MOV,RESULT,dst=r1,type=java.lang.Object> at edu.mit.icc_action_string_operations.OutFlowActivity/onCreate[android.os.Bundle]
OP_MOV_RESULT - [BB]: Result data: 359874043116909
OP_MOV_RESULT - [DEBUG]: Result data: 359874043116909, type: java.lang.String, to [reg 1@OutFlowActivity/onCreate]
DalvikVM - [BB]: fu.hao.trust.dvm.Executor$OP_MOV_RESULT -> jump set pc to 10
Taint - [BB]: <8 INVOKE,VIRTUAL,extra=[android.telephony.TelephonyManager/getDeviceId[], [2]]>
Taint - [BB]: Add reg 1 due to ret reg.
PluginManager - [MSG]: Taint Tainted Res: {[reg 1@OutFlowActivity/onCreate]=<8 INVOKE,VIRTUAL,extra=[android.telephony.TelephonyManager/getDeviceId[], [2]]>, 359874043116909=<8 INVOKE,VIRTUAL,extra=[android.telephony.TelephonyManager/getDeviceId[], [2]]>}
Executor - [MSG]: 

Executor - [MSG]: <10 NEW,INSTANCE,dst=r0,type=android.content.Intent> at edu.mit.icc_action_string_operations.OutFlowActivity/onCreate[android.os.Bundle]
OP_NEW_INSTANCE - [DEBUG]: [reg 0@OutFlowActivity/onCreate]
OP_NEW_INSTANCE - [BB]: Reflecable instance.
DalvikVM - [BB]: fu.hao.trust.dvm.Executor$OP_NEW_INSTANCE -> jump set pc to 11
Taint - [BB]: Rdst [reg 0@OutFlowActivity/onCreate]
PluginManager - [MSG]: Taint Tainted Res: {[reg 1@OutFlowActivity/onCreate]=<8 INVOKE,VIRTUAL,extra=[android.telephony.TelephonyManager/getDeviceId[], [2]]>, 359874043116909=<8 INVOKE,VIRTUAL,extra=[android.telephony.TelephonyManager/getDeviceId[], [2]]>}
Executor - [MSG]: 

Executor - [MSG]: <11 MOV,CONST,dst=r3,type=java.lang.String,extra="ignore.edu.mit.icc_action_string_operations.ACTION"> at edu.mit.icc_action_string_operations.OutFlowActivity/onCreate[android.os.Bundle]
Executor - [DEBUG]: Mov const begin <11 MOV,CONST,dst=r3,type=java.lang.String,extra="ignore.edu.mit.icc_action_string_operations.ACTION">
DalvikVM - [BB]: ar3 <phone, java.lang.String>, <ignore.edu.mit.icc_action_string_operations.ACTION, java.lang.String>
Executor - [DEBUG]: data: ignore.edu.mit.icc_action_string_operations.ACTION class java.lang.String
DalvikVM - [BB]: fu.hao.trust.dvm.Executor$OP_MOV_CONST -> jump set pc to 12
PluginManager - [MSG]: Taint Tainted Res: {[reg 1@OutFlowActivity/onCreate]=<8 INVOKE,VIRTUAL,extra=[android.telephony.TelephonyManager/getDeviceId[], [2]]>, 359874043116909=<8 INVOKE,VIRTUAL,extra=[android.telephony.TelephonyManager/getDeviceId[], [2]]>}
Executor - [MSG]: 

Executor - [MSG]: <12 MOV,CONST,dst=r4,type=void,extra=class patdroid.core.PrimitiveInfo?7> at edu.mit.icc_action_string_operations.OutFlowActivity/onCreate[android.os.Bundle]
Executor - [DEBUG]: Mov const begin <12 MOV,CONST,dst=r4,type=void,extra=class patdroid.core.PrimitiveInfo?7>
Executor - [DEBUG]: data: 7 class patdroid.core.PrimitiveInfo
DalvikVM - [BB]: fu.hao.trust.dvm.Executor$OP_MOV_CONST -> jump set pc to 13
PluginManager - [MSG]: Taint Tainted Res: {[reg 1@OutFlowActivity/onCreate]=<8 INVOKE,VIRTUAL,extra=[android.telephony.TelephonyManager/getDeviceId[], [2]]>, 359874043116909=<8 INVOKE,VIRTUAL,extra=[android.telephony.TelephonyManager/getDeviceId[], [2]]>}
Executor - [MSG]: 

Executor - [MSG]: <13 INVOKE,VIRTUAL,extra=[java.lang.String/substring[int], [3, 4]]> at edu.mit.icc_action_string_operations.OutFlowActivity/onCreate[android.os.Bundle]
Executor - [MSG]: arg0 obj: ignore.edu.mit.icc_action_string_operations.ACTION
Executor - [DEBUG]: Reflction class: class java.lang.String
Executor - [BB]: Normal args? true
Executor - [BB]: arg1@reg4: 7
Executor - [DEBUG]: Expected para type: int
Executor - [DEBUG]: Real para int
Executor - [BB]: Nargs? true
Executor - [DEBUG]: Caller obj: ignore.edu.mit.icc_action_string_operations.ACTION, from class: class java.lang.String
Executor - [DEBUG]: Return data: edu.mit.icc_action_string_operations.ACTION ,class java.lang.String
Executor - [MSG]: Reflction invocation public java.lang.String java.lang.String.substring(int)
DalvikVM - [BB]: Set reflective call: public java.lang.String java.lang.String.substring(int)
DalvikVM - [BB]: fu.hao.trust.dvm.Executor -> jump set pc to 14
Taint - [BB]: <java.lang.String: java.lang.String substring(int)>
Taint - [DEBUG]: not a taint call: <java.lang.String: java.lang.String substring(int)>
PluginManager - [MSG]: Taint Tainted Res: {[reg 1@OutFlowActivity/onCreate]=<8 INVOKE,VIRTUAL,extra=[android.telephony.TelephonyManager/getDeviceId[], [2]]>, 359874043116909=<8 INVOKE,VIRTUAL,extra=[android.telephony.TelephonyManager/getDeviceId[], [2]]>}
Executor - [MSG]: 

Executor - [MSG]: <14 MOV,RESULT,dst=r3,type=java.lang.Object> at edu.mit.icc_action_string_operations.OutFlowActivity/onCreate[android.os.Bundle]
DalvikVM - [BB]: ar3 <ignore.edu.mit.icc_action_string_operations.ACTION, java.lang.String>, <edu.mit.icc_action_string_operations.ACTION, java.lang.String>
OP_MOV_RESULT - [BB]: Result data: edu.mit.icc_action_string_operations.ACTION
OP_MOV_RESULT - [DEBUG]: Result data: edu.mit.icc_action_string_operations.ACTION, type: java.lang.String, to [reg 3@OutFlowActivity/onCreate]
DalvikVM - [BB]: fu.hao.trust.dvm.Executor$OP_MOV_RESULT -> jump set pc to 15
PluginManager - [MSG]: Taint Tainted Res: {[reg 1@OutFlowActivity/onCreate]=<8 INVOKE,VIRTUAL,extra=[android.telephony.TelephonyManager/getDeviceId[], [2]]>, 359874043116909=<8 INVOKE,VIRTUAL,extra=[android.telephony.TelephonyManager/getDeviceId[], [2]]>}
Executor - [MSG]: 

Executor - [MSG]: <15 INVOKE,DIRECT,extra=[android.content.Intent/<init>[java.lang.String], [0, 3]]> at edu.mit.icc_action_string_operations.OutFlowActivity/onCreate[android.os.Bundle]
Executor - [WARN]: arg0 is null!
Executor - [BB]: arg1@reg3: edu.mit.icc_action_string_operations.ACTION
Executor - [DEBUG]: Init instance: [intent:edu.mit.icc_action_string_operations.ACTION, {}] class android.content.Intent
DalvikVM - [BB]: fu.hao.trust.dvm.Executor -> jump set pc to 16
PluginManager - [MSG]: Taint Tainted Res: {[reg 1@OutFlowActivity/onCreate]=<8 INVOKE,VIRTUAL,extra=[android.telephony.TelephonyManager/getDeviceId[], [2]]>, 359874043116909=<8 INVOKE,VIRTUAL,extra=[android.telephony.TelephonyManager/getDeviceId[], [2]]>}
Executor - [MSG]: 

Executor - [MSG]: <16 MOV,CONST,dst=r3,type=java.lang.String,extra="DroidBench"> at edu.mit.icc_action_string_operations.OutFlowActivity/onCreate[android.os.Bundle]
Executor - [DEBUG]: Mov const begin <16 MOV,CONST,dst=r3,type=java.lang.String,extra="DroidBench">
DalvikVM - [BB]: ar3 <edu.mit.icc_action_string_operations.ACTION, java.lang.String>, <DroidBench, java.lang.String>
Executor - [DEBUG]: data: DroidBench class java.lang.String
DalvikVM - [BB]: fu.hao.trust.dvm.Executor$OP_MOV_CONST -> jump set pc to 17
PluginManager - [MSG]: Taint Tainted Res: {[reg 1@OutFlowActivity/onCreate]=<8 INVOKE,VIRTUAL,extra=[android.telephony.TelephonyManager/getDeviceId[], [2]]>, 359874043116909=<8 INVOKE,VIRTUAL,extra=[android.telephony.TelephonyManager/getDeviceId[], [2]]>}
Executor - [MSG]: 

Executor - [MSG]: <17 INVOKE,VIRTUAL,extra=[android.content.Intent/putExtra[java.lang.String, java.lang.String], [0, 3, 1]]> at edu.mit.icc_action_string_operations.OutFlowActivity/onCreate[android.os.Bundle]
Executor - [MSG]: arg0 obj: [intent:edu.mit.icc_action_string_operations.ACTION, {}]
Executor - [DEBUG]: Reflction class: class android.content.Intent
Executor - [BB]: Normal args? true
Executor - [BB]: arg1@reg3: DroidBench
Executor - [BB]: arg2@reg1: 359874043116909
Executor - [BB]: Nargs? true
Executor - [DEBUG]: Caller obj: [intent:edu.mit.icc_action_string_operations.ACTION, {}], from class: class android.content.Intent
Executor - [DEBUG]: Return data: [intent:edu.mit.icc_action_string_operations.ACTION, {DroidBench=359874043116909}] ,class android.content.Intent
Executor - [MSG]: Reflction invocation public android.content.Intent android.content.Intent.putExtra(java.lang.String,java.lang.String)
DalvikVM - [BB]: Set reflective call: public android.content.Intent android.content.Intent.putExtra(java.lang.String,java.lang.String)
DalvikVM - [BB]: fu.hao.trust.dvm.Executor -> jump set pc to 18
Taint - [BB]: <android.content.Intent: android.content.Intent putExtra(java.lang.String,java.lang.String)>
Taint - [DEBUG]: not a taint call: <android.content.Intent: android.content.Intent putExtra(java.lang.String,java.lang.String)>
Taint - [WARN]: Found a tainted return val!
PluginManager - [MSG]: Taint Tainted Res: {[reg 1@OutFlowActivity/onCreate]=<8 INVOKE,VIRTUAL,extra=[android.telephony.TelephonyManager/getDeviceId[], [2]]>, 359874043116909=<8 INVOKE,VIRTUAL,extra=[android.telephony.TelephonyManager/getDeviceId[], [2]]>, [Global RetReg]=<8 INVOKE,VIRTUAL,extra=[android.telephony.TelephonyManager/getDeviceId[], [2]]>, [intent:edu.mit.icc_action_string_operations.ACTION, {DroidBench=359874043116909}]=<8 INVOKE,VIRTUAL,extra=[android.telephony.TelephonyManager/getDeviceId[], [2]]>}
Executor - [MSG]: 

Executor - [MSG]: <18 INVOKE,VIRTUAL,extra=[android.content.Context/startActivity[android.content.Intent], [5, 0]]> at edu.mit.icc_action_string_operations.OutFlowActivity/onCreate[android.os.Bundle]
Executor - [MSG]: arg0 obj: Activity:instance number 1@edu.mit.icc_action_string_operations.OutFlowActivity
Executor - [DEBUG]: Reflction class: class android.content.Context
Executor - [BB]: Normal args? true
Executor - [BB]: arg1@reg0: [intent:edu.mit.icc_action_string_operations.ACTION, {DroidBench=359874043116909}]
Executor - [BB]: Nargs? true
Executor - [DEBUG]: Caller obj: Activity:instance number 1@edu.mit.icc_action_string_operations.OutFlowActivity, from class: class android.app.Activity
Activity - [BB]: New instance of edu.mit.icc_action_string_operations.InFlowActivity
Caller@4: <init>@fu.hao.trust.dvm.DVMObject - [BB]: getClass edu.mit.icc_action_string_operations.InFlowActivity at fu.hao.trust.dvm.VMHeap@32d9367a
Caller: getClass@fu.hao.trust.dvm.VMHeap - [BB]: new class representation for edu.mit.icc_action_string_operations.InFlowActivity at fu.hao.trust.dvm.VMHeap@32d9367a
Caller@4: <init>@fu.hao.trust.dvm.DVMClass - [BB]: getClass android.app.Activity at fu.hao.trust.dvm.VMHeap@32d9367a
Caller: <init>@fu.hao.trust.dvm.DVMClass - [BB]: Get DVMClass for type android.app.Activity
Caller@4: <init>@fu.hao.trust.dvm.DVMClass - [BB]: getClass android.app.Activity at fu.hao.trust.dvm.VMHeap@32d9367a
Caller: <init>@fu.hao.trust.dvm.DVMObject - [BB]: Get DVMClass for type edu.mit.icc_action_string_operations.InFlowActivity
Caller@4: <init>@fu.hao.trust.dvm.DVMObject - [BB]: getClass edu.mit.icc_action_string_operations.InFlowActivity at fu.hao.trust.dvm.VMHeap@32d9367a
Activity - [BB]: New Activity Created with type edu.mit.icc_action_string_operations.InFlowActivity
DalvikVM - [BB]: New method call: edu.mit.icc_action_string_operations.InFlowActivity/onCreate[android.os.Bundle]
DalvikVM - [BB]: [0]<0 SPECIAL,ARGUMENT_SET,extra=[7, 8]>
DalvikVM - [BB]: [1]<0 MOV,CONST,dst=r2,type=void,extra=class patdroid.core.PrimitiveInfo?0>
DalvikVM - [BB]: [2]<0 HALT,SUPER,extra=[null, [7, 8]]>
DalvikVM - [BB]: [3]<0 MOV,CONST,dst=r1,type=void,extra=class patdroid.core.PrimitiveInfo?2130903040>
DalvikVM - [BB]: [4]<0 INVOKE,VIRTUAL,extra=[android.app.Activity/setContentView[int], [7, 1]]>
DalvikVM - [BB]: [5]<0 INVOKE,VIRTUAL,extra=[android.app.Activity/getIntent[], [7]]>
DalvikVM - [BB]: [6]<0 MOV,RESULT,dst=r6,type=java.lang.Object>
DalvikVM - [BB]: [7]<0 MOV,CONST,dst=r1,type=java.lang.String,extra="DroidBench">
DalvikVM - [BB]: [8]<0 INVOKE,VIRTUAL,extra=[android.content.Intent/getStringExtra[java.lang.String], [6, 1]]>
DalvikVM - [BB]: [9]<0 MOV,RESULT,dst=r3,type=java.lang.Object>
DalvikVM - [BB]: [10]<0 MOV,CONST,dst=r1,type=java.lang.String,extra="DroidBench">
DalvikVM - [BB]: [11]<0 INVOKE,STATIC,extra=[android.util.Log/i[java.lang.String, java.lang.String], [1, 3]]>
DalvikVM - [BB]: [12]<0 INVOKE,STATIC,extra=[android.telephony.SmsManager/getDefault[], []]>
DalvikVM - [BB]: [13]<0 MOV,RESULT,dst=r0,type=java.lang.Object>
DalvikVM - [BB]: [14]<0 MOV,CONST,dst=r1,type=java.lang.String,extra="+49">
DalvikVM - [BB]: [15]<0 MOV,REG,dst=r4,r0=r2,type=java.lang.Object>
DalvikVM - [BB]: [16]<0 MOV,REG,dst=r5,r0=r2,type=java.lang.Object>
DalvikVM - [BB]: [17]<0 INVOKE,VIRTUAL,extra=[android.telephony.SmsManager/sendTextMessage[java.lang.String, java.lang.String, java.lang.String, android.app.PendingIntent, android.app.PendingIntent], [0, 1, 2, 3, 4, 5]]>
DalvikVM - [BB]: [18]<0 RETURN,VOID>
newStackFrame - [BB]: New Stack Frame: StackFrame edu.mit.icc_action_string_operations.InFlowActivity/onCreate[android.os.Bundle], pc 18 stored. 
newStackFrame - [BB]: Stack: [StackFrame edu.mit.icc_action_string_operations.OutFlowActivity/onCreate[android.os.Bundle]]
Activity - [BB]: Intent [intent:edu.mit.icc_action_string_operations.ACTION, {DroidBench=359874043116909}]
Activity - [BB]: ROOO true
Executor - [MSG]: Reflction invocation public void android.content.Context.startActivity(android.content.Intent)
DalvikVM - [BB]: Set reflective call: public void android.content.Context.startActivity(android.content.Intent)
DalvikVM - [BB]: fu.hao.trust.dvm.Executor -> jump set pc to 19
Taint - [BB]: <android.content.Context: void startActivity(android.content.Intent)>
Taint - [BB]: Found a sink invocation. <android.content.Context: void startActivity(android.content.Intent)>
PluginManager - [MSG]: Taint Tainted Res: {359874043116909=<8 INVOKE,VIRTUAL,extra=[android.telephony.TelephonyManager/getDeviceId[], [2]]>, [intent:edu.mit.icc_action_string_operations.ACTION, {DroidBench=359874043116909}]=<8 INVOKE,VIRTUAL,extra=[android.telephony.TelephonyManager/getDeviceId[], [2]]>}
DalvikVM - [BB]: fu.hao.trust.dvm.Executor -> run set pc to 0
Executor - [MSG]: 

Executor - [MSG]: <0 SPECIAL,ARGUMENT_SET,extra=[7, 8]> at edu.mit.icc_action_string_operations.InFlowActivity/onCreate[android.os.Bundle]
Executor - [DEBUG]: params: Activity:instance number 1@edu.mit.icc_action_string_operations.InFlowActivity
Executor - [DEBUG]: params: Empty!
DalvikVM - [BB]: fu.hao.trust.dvm.Executor$OP_SP_ARGUMENTS -> jump set pc to 1
Taint - [BB]: Copy 359874043116909 as tainted.
Taint - [BB]: Copy [intent:edu.mit.icc_action_string_operations.ACTION, {DroidBench=359874043116909}] as tainted.
PluginManager - [MSG]: Taint Tainted Res: {359874043116909=<8 INVOKE,VIRTUAL,extra=[android.telephony.TelephonyManager/getDeviceId[], [2]]>, [intent:edu.mit.icc_action_string_operations.ACTION, {DroidBench=359874043116909}]=<8 INVOKE,VIRTUAL,extra=[android.telephony.TelephonyManager/getDeviceId[], [2]]>}
Executor - [MSG]: 

Executor - [MSG]: <1 MOV,CONST,dst=r2,type=void,extra=class patdroid.core.PrimitiveInfo?0> at edu.mit.icc_action_string_operations.InFlowActivity/onCreate[android.os.Bundle]
Executor - [DEBUG]: Mov const begin <1 MOV,CONST,dst=r2,type=void,extra=class patdroid.core.PrimitiveInfo?0>
Executor - [DEBUG]: data: 0 class patdroid.core.PrimitiveInfo
DalvikVM - [BB]: fu.hao.trust.dvm.Executor$OP_MOV_CONST -> jump set pc to 2
PluginManager - [MSG]: Taint Tainted Res: {359874043116909=<8 INVOKE,VIRTUAL,extra=[android.telephony.TelephonyManager/getDeviceId[], [2]]>, [intent:edu.mit.icc_action_string_operations.ACTION, {DroidBench=359874043116909}]=<8 INVOKE,VIRTUAL,extra=[android.telephony.TelephonyManager/getDeviceId[], [2]]>}
Executor - [MSG]: 

Executor - [MSG]: <2 HALT,SUPER,extra=[null, [7, 8]]> at edu.mit.icc_action_string_operations.InFlowActivity/onCreate[android.os.Bundle]
DalvikVM - [BB]: fu.hao.trust.dvm.Executor$OP_HALT -> jump set pc to 3
Executor - [MSG]: Cannot resolve the invocation
Taint - [BB]: Not a taint op <2 HALT,SUPER,extra=[null, [7, 8]]>
PluginManager - [MSG]: Taint Tainted Res: {359874043116909=<8 INVOKE,VIRTUAL,extra=[android.telephony.TelephonyManager/getDeviceId[], [2]]>, [intent:edu.mit.icc_action_string_operations.ACTION, {DroidBench=359874043116909}]=<8 INVOKE,VIRTUAL,extra=[android.telephony.TelephonyManager/getDeviceId[], [2]]>}
Executor - [MSG]: 

Executor - [MSG]: <3 MOV,CONST,dst=r1,type=void,extra=class patdroid.core.PrimitiveInfo?2130903040> at edu.mit.icc_action_string_operations.InFlowActivity/onCreate[android.os.Bundle]
Executor - [DEBUG]: Mov const begin <3 MOV,CONST,dst=r1,type=void,extra=class patdroid.core.PrimitiveInfo?2130903040>
Executor - [DEBUG]: data: 2130903040 class patdroid.core.PrimitiveInfo
DalvikVM - [BB]: fu.hao.trust.dvm.Executor$OP_MOV_CONST -> jump set pc to 4
PluginManager - [MSG]: Taint Tainted Res: {359874043116909=<8 INVOKE,VIRTUAL,extra=[android.telephony.TelephonyManager/getDeviceId[], [2]]>, [intent:edu.mit.icc_action_string_operations.ACTION, {DroidBench=359874043116909}]=<8 INVOKE,VIRTUAL,extra=[android.telephony.TelephonyManager/getDeviceId[], [2]]>}
Executor - [MSG]: 

Executor - [MSG]: <4 INVOKE,VIRTUAL,extra=[android.app.Activity/setContentView[int], [7, 1]]> at edu.mit.icc_action_string_operations.InFlowActivity/onCreate[android.os.Bundle]
Executor - [MSG]: arg0 obj: Activity:instance number 1@edu.mit.icc_action_string_operations.InFlowActivity
Executor - [DEBUG]: Reflction class: class android.app.Activity
Executor - [BB]: Normal args? true
Executor - [BB]: arg1@reg1: 2130903040
Executor - [DEBUG]: Expected para type: int
Executor - [DEBUG]: Real para int
Executor - [BB]: Nargs? true
Executor - [DEBUG]: Caller obj: Activity:instance number 1@edu.mit.icc_action_string_operations.InFlowActivity, from class: class android.app.Activity
Executor - [MSG]: Reflction invocation public void android.app.Activity.setContentView(int)
DalvikVM - [BB]: Set reflective call: public void android.app.Activity.setContentView(int)
DalvikVM - [BB]: fu.hao.trust.dvm.Executor -> jump set pc to 5
Taint - [BB]: <android.app.Activity: void setContentView(int)>
Taint - [DEBUG]: not a taint call: <android.app.Activity: void setContentView(int)>
PluginManager - [MSG]: Taint Tainted Res: {359874043116909=<8 INVOKE,VIRTUAL,extra=[android.telephony.TelephonyManager/getDeviceId[], [2]]>, [intent:edu.mit.icc_action_string_operations.ACTION, {DroidBench=359874043116909}]=<8 INVOKE,VIRTUAL,extra=[android.telephony.TelephonyManager/getDeviceId[], [2]]>}
Executor - [MSG]: 

Executor - [MSG]: <5 INVOKE,VIRTUAL,extra=[android.app.Activity/getIntent[], [7]]> at edu.mit.icc_action_string_operations.InFlowActivity/onCreate[android.os.Bundle]
Executor - [MSG]: arg0 obj: Activity:instance number 1@edu.mit.icc_action_string_operations.InFlowActivity
Executor - [DEBUG]: Reflction class: class android.app.Activity
Executor - [DEBUG]: Return data: [intent:edu.mit.icc_action_string_operations.ACTION, {DroidBench=359874043116909}] ,class android.content.Intent
Executor - [MSG]: Reflction invocation public android.content.Intent android.app.Activity.getIntent()
DalvikVM - [BB]: Set reflective call: public android.content.Intent android.app.Activity.getIntent()
DalvikVM - [BB]: fu.hao.trust.dvm.Executor -> jump set pc to 6
Taint - [BB]: <android.app.Activity: android.content.Intent getIntent()>
Taint - [WARN]: Found a tainted return value!
PluginManager - [MSG]: Taint Tainted Res: {359874043116909=<8 INVOKE,VIRTUAL,extra=[android.telephony.TelephonyManager/getDeviceId[], [2]]>, [Global RetReg]=<5 INVOKE,VIRTUAL,extra=[android.app.Activity/getIntent[], [7]]>, [intent:edu.mit.icc_action_string_operations.ACTION, {DroidBench=359874043116909}]=<5 INVOKE,VIRTUAL,extra=[android.app.Activity/getIntent[], [7]]>}
Executor - [MSG]: 

Executor - [MSG]: <6 MOV,RESULT,dst=r6,type=java.lang.Object> at edu.mit.icc_action_string_operations.InFlowActivity/onCreate[android.os.Bundle]
OP_MOV_RESULT - [BB]: Result data: [intent:edu.mit.icc_action_string_operations.ACTION, {DroidBench=359874043116909}]
OP_MOV_RESULT - [DEBUG]: Result data: [intent:edu.mit.icc_action_string_operations.ACTION, {DroidBench=359874043116909}], type: android.content.Intent, to [reg 6@InFlowActivity/onCreate]
DalvikVM - [BB]: fu.hao.trust.dvm.Executor$OP_MOV_RESULT -> jump set pc to 7
Taint - [BB]: <5 INVOKE,VIRTUAL,extra=[android.app.Activity/getIntent[], [7]]>
Taint - [BB]: Add reg 6 due to ret reg.
PluginManager - [MSG]: Taint Tainted Res: {[reg 6@InFlowActivity/onCreate]=<5 INVOKE,VIRTUAL,extra=[android.app.Activity/getIntent[], [7]]>, 359874043116909=<8 INVOKE,VIRTUAL,extra=[android.telephony.TelephonyManager/getDeviceId[], [2]]>, [intent:edu.mit.icc_action_string_operations.ACTION, {DroidBench=359874043116909}]=<5 INVOKE,VIRTUAL,extra=[android.app.Activity/getIntent[], [7]]>}
Executor - [MSG]: 

Executor - [MSG]: <7 MOV,CONST,dst=r1,type=java.lang.String,extra="DroidBench"> at edu.mit.icc_action_string_operations.InFlowActivity/onCreate[android.os.Bundle]
Executor - [DEBUG]: Mov const begin <7 MOV,CONST,dst=r1,type=java.lang.String,extra="DroidBench">
DalvikVM - [BB]: ar1 <2130903040, void>, <DroidBench, java.lang.String>
Executor - [DEBUG]: data: DroidBench class java.lang.String
DalvikVM - [BB]: fu.hao.trust.dvm.Executor$OP_MOV_CONST -> jump set pc to 8
PluginManager - [MSG]: Taint Tainted Res: {[reg 6@InFlowActivity/onCreate]=<5 INVOKE,VIRTUAL,extra=[android.app.Activity/getIntent[], [7]]>, 359874043116909=<8 INVOKE,VIRTUAL,extra=[android.telephony.TelephonyManager/getDeviceId[], [2]]>, [intent:edu.mit.icc_action_string_operations.ACTION, {DroidBench=359874043116909}]=<5 INVOKE,VIRTUAL,extra=[android.app.Activity/getIntent[], [7]]>}
Executor - [MSG]: 

Executor - [MSG]: <8 INVOKE,VIRTUAL,extra=[android.content.Intent/getStringExtra[java.lang.String], [6, 1]]> at edu.mit.icc_action_string_operations.InFlowActivity/onCreate[android.os.Bundle]
Executor - [MSG]: arg0 obj: [intent:edu.mit.icc_action_string_operations.ACTION, {DroidBench=359874043116909}]
Executor - [DEBUG]: Reflction class: class android.content.Intent
Executor - [BB]: Normal args? true
Executor - [BB]: arg1@reg1: DroidBench
Executor - [BB]: Nargs? true
Executor - [DEBUG]: Caller obj: [intent:edu.mit.icc_action_string_operations.ACTION, {DroidBench=359874043116909}], from class: class android.content.Intent
Executor - [DEBUG]: Return data: 359874043116909 ,class java.lang.String
Executor - [MSG]: Reflction invocation public java.lang.String android.content.Intent.getStringExtra(java.lang.String)
DalvikVM - [BB]: Set reflective call: public java.lang.String android.content.Intent.getStringExtra(java.lang.String)
DalvikVM - [BB]: fu.hao.trust.dvm.Executor -> jump set pc to 9
Taint - [BB]: <android.content.Intent: java.lang.String getStringExtra(java.lang.String)>
Taint - [DEBUG]: not a taint call: <android.content.Intent: java.lang.String getStringExtra(java.lang.String)>
Taint - [WARN]: Found a tainted return val!
PluginManager - [MSG]: Taint Tainted Res: {[reg 6@InFlowActivity/onCreate]=<5 INVOKE,VIRTUAL,extra=[android.app.Activity/getIntent[], [7]]>, 359874043116909=<5 INVOKE,VIRTUAL,extra=[android.app.Activity/getIntent[], [7]]>, [Global RetReg]=<5 INVOKE,VIRTUAL,extra=[android.app.Activity/getIntent[], [7]]>, [intent:edu.mit.icc_action_string_operations.ACTION, {DroidBench=359874043116909}]=<5 INVOKE,VIRTUAL,extra=[android.app.Activity/getIntent[], [7]]>}
Executor - [MSG]: 

Executor - [MSG]: <9 MOV,RESULT,dst=r3,type=java.lang.Object> at edu.mit.icc_action_string_operations.InFlowActivity/onCreate[android.os.Bundle]
OP_MOV_RESULT - [BB]: Result data: 359874043116909
OP_MOV_RESULT - [DEBUG]: Result data: 359874043116909, type: java.lang.String, to [reg 3@InFlowActivity/onCreate]
DalvikVM - [BB]: fu.hao.trust.dvm.Executor$OP_MOV_RESULT -> jump set pc to 10
Taint - [BB]: <5 INVOKE,VIRTUAL,extra=[android.app.Activity/getIntent[], [7]]>
Taint - [BB]: Add reg 3 due to ret reg.
PluginManager - [MSG]: Taint Tainted Res: {[reg 3@InFlowActivity/onCreate]=<5 INVOKE,VIRTUAL,extra=[android.app.Activity/getIntent[], [7]]>, [reg 6@InFlowActivity/onCreate]=<5 INVOKE,VIRTUAL,extra=[android.app.Activity/getIntent[], [7]]>, 359874043116909=<5 INVOKE,VIRTUAL,extra=[android.app.Activity/getIntent[], [7]]>, [intent:edu.mit.icc_action_string_operations.ACTION, {DroidBench=359874043116909}]=<5 INVOKE,VIRTUAL,extra=[android.app.Activity/getIntent[], [7]]>}
Executor - [MSG]: 

Executor - [MSG]: <10 MOV,CONST,dst=r1,type=java.lang.String,extra="DroidBench"> at edu.mit.icc_action_string_operations.InFlowActivity/onCreate[android.os.Bundle]
Executor - [DEBUG]: Mov const begin <10 MOV,CONST,dst=r1,type=java.lang.String,extra="DroidBench">
DalvikVM - [BB]: ar1 <DroidBench, java.lang.String>, <DroidBench, java.lang.String>
Executor - [DEBUG]: data: DroidBench class java.lang.String
DalvikVM - [BB]: fu.hao.trust.dvm.Executor$OP_MOV_CONST -> jump set pc to 11
PluginManager - [MSG]: Taint Tainted Res: {[reg 3@InFlowActivity/onCreate]=<5 INVOKE,VIRTUAL,extra=[android.app.Activity/getIntent[], [7]]>, [reg 6@InFlowActivity/onCreate]=<5 INVOKE,VIRTUAL,extra=[android.app.Activity/getIntent[], [7]]>, 359874043116909=<5 INVOKE,VIRTUAL,extra=[android.app.Activity/getIntent[], [7]]>, [intent:edu.mit.icc_action_string_operations.ACTION, {DroidBench=359874043116909}]=<5 INVOKE,VIRTUAL,extra=[android.app.Activity/getIntent[], [7]]>}
Executor - [MSG]: 

Executor - [MSG]: <11 INVOKE,STATIC,extra=[android.util.Log/i[java.lang.String, java.lang.String], [1, 3]]> at edu.mit.icc_action_string_operations.InFlowActivity/onCreate[android.os.Bundle]
Executor - [DEBUG]: Reflction class android.util.Log
Executor - [BB]: arg0@reg1: DroidBench
Executor - [BB]: arg1@reg3: 359874043116909
Executor - [BB]: param: DroidBench
Executor - [BB]: param: 359874043116909
Executor - [MSG]: reflction invocation public static int android.util.Log.i(java.lang.String,java.lang.String)
DalvikVM - [BB]: Set reflective call: public static int android.util.Log.i(java.lang.String,java.lang.String)
DalvikVM - [BB]: fu.hao.trust.dvm.Executor$OP_INVOKE_STATIC -> jump set pc to 12
Taint - [BB]: <android.util.Log: int i(java.lang.String,java.lang.String)>
Taint - [DEBUG]: not a taint call: <android.util.Log: int i(java.lang.String,java.lang.String)>
Taint - [WARN]: Found a tainted return val!
PluginManager - [MSG]: Taint Tainted Res: {[reg 3@InFlowActivity/onCreate]=<5 INVOKE,VIRTUAL,extra=[android.app.Activity/getIntent[], [7]]>, [reg 6@InFlowActivity/onCreate]=<5 INVOKE,VIRTUAL,extra=[android.app.Activity/getIntent[], [7]]>, 359874043116909=<5 INVOKE,VIRTUAL,extra=[android.app.Activity/getIntent[], [7]]>, [Global RetReg]=<5 INVOKE,VIRTUAL,extra=[android.app.Activity/getIntent[], [7]]>, [intent:edu.mit.icc_action_string_operations.ACTION, {DroidBench=359874043116909}]=<5 INVOKE,VIRTUAL,extra=[android.app.Activity/getIntent[], [7]]>}
Executor - [MSG]: 

Executor - [MSG]: <12 INVOKE,STATIC,extra=[android.telephony.SmsManager/getDefault[], []]> at edu.mit.icc_action_string_operations.InFlowActivity/onCreate[android.os.Bundle]
Executor - [DEBUG]: Reflction class android.telephony.SmsManager
Executor - [MSG]: reflction invocation public static android.telephony.SmsManager android.telephony.SmsManager.getDefault()
DalvikVM - [BB]: Set reflective call: public static android.telephony.SmsManager android.telephony.SmsManager.getDefault()
DalvikVM - [BB]: fu.hao.trust.dvm.Executor$OP_INVOKE_STATIC -> jump set pc to 13
Taint - [BB]: <android.telephony.SmsManager: android.telephony.SmsManager getDefault()>
Taint - [DEBUG]: not a taint call: <android.telephony.SmsManager: android.telephony.SmsManager getDefault()>
PluginManager - [MSG]: Taint Tainted Res: {[reg 3@InFlowActivity/onCreate]=<5 INVOKE,VIRTUAL,extra=[android.app.Activity/getIntent[], [7]]>, [reg 6@InFlowActivity/onCreate]=<5 INVOKE,VIRTUAL,extra=[android.app.Activity/getIntent[], [7]]>, 359874043116909=<5 INVOKE,VIRTUAL,extra=[android.app.Activity/getIntent[], [7]]>, [intent:edu.mit.icc_action_string_operations.ACTION, {DroidBench=359874043116909}]=<5 INVOKE,VIRTUAL,extra=[android.app.Activity/getIntent[], [7]]>}
Executor - [MSG]: 

Executor - [MSG]: <13 MOV,RESULT,dst=r0,type=java.lang.Object> at edu.mit.icc_action_string_operations.InFlowActivity/onCreate[android.os.Bundle]
OP_MOV_RESULT - [BB]: Result data: android.telephony.SmsManager@6a5df015
OP_MOV_RESULT - [DEBUG]: Result data: android.telephony.SmsManager@6a5df015, type: android.telephony.SmsManager, to [reg 0@InFlowActivity/onCreate]
DalvikVM - [BB]: fu.hao.trust.dvm.Executor$OP_MOV_RESULT -> jump set pc to 14
PluginManager - [MSG]: Taint Tainted Res: {[reg 3@InFlowActivity/onCreate]=<5 INVOKE,VIRTUAL,extra=[android.app.Activity/getIntent[], [7]]>, [reg 6@InFlowActivity/onCreate]=<5 INVOKE,VIRTUAL,extra=[android.app.Activity/getIntent[], [7]]>, 359874043116909=<5 INVOKE,VIRTUAL,extra=[android.app.Activity/getIntent[], [7]]>, [intent:edu.mit.icc_action_string_operations.ACTION, {DroidBench=359874043116909}]=<5 INVOKE,VIRTUAL,extra=[android.app.Activity/getIntent[], [7]]>}
Executor - [MSG]: 

Executor - [MSG]: <14 MOV,CONST,dst=r1,type=java.lang.String,extra="+49"> at edu.mit.icc_action_string_operations.InFlowActivity/onCreate[android.os.Bundle]
Executor - [DEBUG]: Mov const begin <14 MOV,CONST,dst=r1,type=java.lang.String,extra="+49">
DalvikVM - [BB]: ar1 <DroidBench, java.lang.String>, <+49, java.lang.String>
Executor - [DEBUG]: data: +49 class java.lang.String
DalvikVM - [BB]: fu.hao.trust.dvm.Executor$OP_MOV_CONST -> jump set pc to 15
PluginManager - [MSG]: Taint Tainted Res: {[reg 3@InFlowActivity/onCreate]=<5 INVOKE,VIRTUAL,extra=[android.app.Activity/getIntent[], [7]]>, [reg 6@InFlowActivity/onCreate]=<5 INVOKE,VIRTUAL,extra=[android.app.Activity/getIntent[], [7]]>, 359874043116909=<5 INVOKE,VIRTUAL,extra=[android.app.Activity/getIntent[], [7]]>, [intent:edu.mit.icc_action_string_operations.ACTION, {DroidBench=359874043116909}]=<5 INVOKE,VIRTUAL,extra=[android.app.Activity/getIntent[], [7]]>}
Executor - [MSG]: 

Executor - [MSG]: <15 MOV,REG,dst=r4,r0=r2,type=java.lang.Object> at edu.mit.icc_action_string_operations.InFlowActivity/onCreate[android.os.Bundle]
class fu.hao.trust.dvm.Executor$OP_MOVE_REG - [DEBUG]: mov 0 to 0
DalvikVM - [BB]: fu.hao.trust.dvm.Executor$OP_MOVE_REG -> jump set pc to 16
PluginManager - [MSG]: Taint Tainted Res: {[reg 3@InFlowActivity/onCreate]=<5 INVOKE,VIRTUAL,extra=[android.app.Activity/getIntent[], [7]]>, [reg 6@InFlowActivity/onCreate]=<5 INVOKE,VIRTUAL,extra=[android.app.Activity/getIntent[], [7]]>, 359874043116909=<5 INVOKE,VIRTUAL,extra=[android.app.Activity/getIntent[], [7]]>, [intent:edu.mit.icc_action_string_operations.ACTION, {DroidBench=359874043116909}]=<5 INVOKE,VIRTUAL,extra=[android.app.Activity/getIntent[], [7]]>}
Executor - [MSG]: 

Executor - [MSG]: <16 MOV,REG,dst=r5,r0=r2,type=java.lang.Object> at edu.mit.icc_action_string_operations.InFlowActivity/onCreate[android.os.Bundle]
class fu.hao.trust.dvm.Executor$OP_MOVE_REG - [DEBUG]: mov 0 to 0
DalvikVM - [BB]: fu.hao.trust.dvm.Executor$OP_MOVE_REG -> jump set pc to 17
PluginManager - [MSG]: Taint Tainted Res: {[reg 3@InFlowActivity/onCreate]=<5 INVOKE,VIRTUAL,extra=[android.app.Activity/getIntent[], [7]]>, [reg 6@InFlowActivity/onCreate]=<5 INVOKE,VIRTUAL,extra=[android.app.Activity/getIntent[], [7]]>, 359874043116909=<5 INVOKE,VIRTUAL,extra=[android.app.Activity/getIntent[], [7]]>, [intent:edu.mit.icc_action_string_operations.ACTION, {DroidBench=359874043116909}]=<5 INVOKE,VIRTUAL,extra=[android.app.Activity/getIntent[], [7]]>}
Executor - [MSG]: 

Executor - [MSG]: <17 INVOKE,VIRTUAL,extra=[android.telephony.SmsManager/sendTextMessage[java.lang.String, java.lang.String, java.lang.String, android.app.PendingIntent, android.app.PendingIntent], [0, 1, 2, 3, 4, 5]]> at edu.mit.icc_action_string_operations.InFlowActivity/onCreate[android.os.Bundle]
Executor - [MSG]: arg0 obj: android.telephony.SmsManager@6a5df015
Executor - [DEBUG]: Reflction class: class android.telephony.SmsManager
Executor - [BB]: Normal args? true
Executor - [BB]: arg1@reg1: +49
Executor - [BB]: arg2@reg2: 0
Executor - [WARN]: Mismatch type! arg 2, real para type: class patdroid.core.PrimitiveInfo, expected para type: class java.lang.String
Executor - [BB]: arg3@reg3: 359874043116909
Executor - [BB]: arg4@reg4: 0
Executor - [WARN]: Mismatch type! arg 4, real para type: class patdroid.core.PrimitiveInfo, expected para type: class android.app.PendingIntent
Executor - [BB]: arg5@reg5: 0
Executor - [WARN]: Mismatch type! arg 5, real para type: class patdroid.core.PrimitiveInfo, expected para type: class android.app.PendingIntent
Executor - [BB]: Nargs? true
Executor - [DEBUG]: Caller obj: android.telephony.SmsManager@6a5df015, from class: class android.telephony.SmsManager
Executor - [MSG]: Reflction invocation public void android.telephony.SmsManager.sendTextMessage(java.lang.String,java.lang.String,java.lang.String,android.app.PendingIntent,android.app.PendingIntent)
DalvikVM - [BB]: Set reflective call: public void android.telephony.SmsManager.sendTextMessage(java.lang.String,java.lang.String,java.lang.String,android.app.PendingIntent,android.app.PendingIntent)
DalvikVM - [BB]: fu.hao.trust.dvm.Executor -> jump set pc to 18
Taint - [BB]: <android.telephony.SmsManager: void sendTextMessage(java.lang.String,java.lang.String,java.lang.String,android.app.PendingIntent,android.app.PendingIntent)>
Taint - [BB]: Found a sink invocation. <android.telephony.SmsManager: void sendTextMessage(java.lang.String,java.lang.String,java.lang.String,android.app.PendingIntent,android.app.PendingIntent)>
Taint - [WARN]: Found a taint sink <android.telephony.SmsManager: void sendTextMessage(java.lang.String,java.lang.String,java.lang.String,android.app.PendingIntent,android.app.PendingIntent)> leaking data [359874043116909] at reg 3!!!
PluginManager - [MSG]: Taint Tainted Res: {[reg 3@InFlowActivity/onCreate]=<5 INVOKE,VIRTUAL,extra=[android.app.Activity/getIntent[], [7]]>, [reg 6@InFlowActivity/onCreate]=<5 INVOKE,VIRTUAL,extra=[android.app.Activity/getIntent[], [7]]>, 359874043116909=<5 INVOKE,VIRTUAL,extra=[android.app.Activity/getIntent[], [7]]>, [intent:edu.mit.icc_action_string_operations.ACTION, {DroidBench=359874043116909}]=<5 INVOKE,VIRTUAL,extra=[android.app.Activity/getIntent[], [7]]>}
Executor - [MSG]: 

Executor - [MSG]: <18 RETURN,VOID> at edu.mit.icc_action_string_operations.InFlowActivity/onCreate[android.os.Bundle]
class fu.hao.trust.dvm.Executor$OP_RETURN_VOID - [DEBUG]: Return void
DalvikVM - [BB]: Back to the last stack frame.StackFrame edu.mit.icc_action_string_operations.OutFlowActivity/onCreate[android.os.Bundle]
PluginManager - [MSG]: Taint Tainted Res: {[reg 1@OutFlowActivity/onCreate]=<8 INVOKE,VIRTUAL,extra=[android.telephony.TelephonyManager/getDeviceId[], [2]]>, 359874043116909=<5 INVOKE,VIRTUAL,extra=[android.app.Activity/getIntent[], [7]]>, [Global RetReg]=<8 INVOKE,VIRTUAL,extra=[android.telephony.TelephonyManager/getDeviceId[], [2]]>, [intent:edu.mit.icc_action_string_operations.ACTION, {DroidBench=359874043116909}]=<5 INVOKE,VIRTUAL,extra=[android.app.Activity/getIntent[], [7]]>}
Executor - [MSG]: 

Executor - [MSG]: <19 RETURN,VOID> at edu.mit.icc_action_string_operations.OutFlowActivity/onCreate[android.os.Bundle]
class fu.hao.trust.dvm.Executor$OP_RETURN_VOID - [DEBUG]: Return void
DalvikVM - [BB]: Back to the last stack frame.null
Executor - [MSG]: RUN DONE! The last one is onCreate
DalvikVM - [MSG]: FINISHED!

main - [MSG]: Analysis has run for 1.114021907 seconds

