DalvikVM - [MSG]: Begin run onPause at C:\Users\hao\workspace\DroidBenchProj\Lifecycle_ActivityLifecycle4\app\ActivityLifecycle4.apk
DalvikVM - [MSG]: RUN Method de.ecspride.MainActivity/onPause[]
DalvikVM - [BB]: New method call: de.ecspride.MainActivity/onResume[]
DalvikVM - [BB]: [0]<0 SPECIAL,ARGUMENT_SET,extra=[2]>
DalvikVM - [BB]: [1]<0 HALT,SUPER,extra=[null, [2]]>
DalvikVM - [BB]: [2]<1 MOV,CONST,dst=r1,type=java.lang.String,extra="phone">
DalvikVM - [BB]: [3]<0 INVOKE,VIRTUAL,extra=[android.content.Context/getSystemService[java.lang.String], [2, 1]]>
DalvikVM - [BB]: [4]<0 MOV,RESULT,dst=r0,type=java.lang.Object>
DalvikVM - [BB]: [5]<0 ARITHMETIC,CHECK-AND-CAST,dst=r0,type=android.telephony.TelephonyManager>
DalvikVM - [BB]: [6]<0 INVOKE,VIRTUAL,extra=[android.telephony.TelephonyManager/getDeviceId[], [0]]>
DalvikVM - [BB]: [7]<0 MOV,RESULT,dst=r1,type=java.lang.Object>
DalvikVM - [BB]: [8]<0 STATIC,SPUT,r0=r1,type=java.lang.Object,extra=(de.ecspride.MainActivity, imei)>
DalvikVM - [BB]: [9]<0 RETURN,VOID>
newStackFrame - [BB]: New Stack Frame: StackFrame de.ecspride.MainActivity/onResume[]
newStackFrame - [BB]: Stack: [StackFrame de.ecspride.MainActivity/onResume[]]
Executor - [MSG]: New chain obj with type de.ecspride.MainActivity
Activity - [BB]: New instance of de.ecspride.MainActivity
Caller@4: <init>@fu.hao.trust.dvm.DVMObject - [BB]: getClass de.ecspride.MainActivity at fu.hao.trust.dvm.VMHeap@6ea4ce0d
Caller: getClass@fu.hao.trust.dvm.VMHeap - [BB]: new class representation for de.ecspride.MainActivity at fu.hao.trust.dvm.VMHeap@6ea4ce0d
DalvikVM - [BB]: New method call: de.ecspride.MainActivity/<clinit>[]
DalvikVM - [BB]: [0]<0 SPECIAL,ARGUMENT_SET,extra=[]>
DalvikVM - [BB]: [1]<0 MOV,CONST,dst=r0,type=void,extra=class patdroid.core.PrimitiveInfo?0>
DalvikVM - [BB]: [2]<0 STATIC,SPUT,r0=r0,type=java.lang.Object,extra=(de.ecspride.MainActivity, imei)>
DalvikVM - [BB]: [3]<0 RETURN,VOID>
newStackFrame - [BB]: New Stack Frame: StackFrame de.ecspride.MainActivity/<clinit>[], pc -1 stored. 
newStackFrame - [BB]: Stack: [StackFrame de.ecspride.MainActivity/onResume[]]
Caller@4: <init>@fu.hao.trust.dvm.DVMClass - [BB]: getClass android.app.Activity at fu.hao.trust.dvm.VMHeap@6ea4ce0d
Caller: getClass@fu.hao.trust.dvm.VMHeap - [BB]: new class representation for android.app.Activity at fu.hao.trust.dvm.VMHeap@6ea4ce0d
Caller@4: <init>@fu.hao.trust.dvm.DVMClass - [BB]: getClass android.content.Context at fu.hao.trust.dvm.VMHeap@6ea4ce0d
Caller: getClass@fu.hao.trust.dvm.VMHeap - [BB]: new class representation for android.content.Context at fu.hao.trust.dvm.VMHeap@6ea4ce0d
Caller@4: <init>@fu.hao.trust.dvm.DVMClass - [BB]: getClass fu.hao.trust.dvm.DVMObject at fu.hao.trust.dvm.VMHeap@6ea4ce0d
Caller: getClass@fu.hao.trust.dvm.VMHeap - [BB]: new class representation for fu.hao.trust.dvm.DVMObject at fu.hao.trust.dvm.VMHeap@6ea4ce0d
Caller: <init>@fu.hao.trust.dvm.DVMClass - [BB]: Get DVMClass for type fu.hao.trust.dvm.DVMObject
Caller@4: <init>@fu.hao.trust.dvm.DVMClass - [BB]: getClass fu.hao.trust.dvm.DVMObject at fu.hao.trust.dvm.VMHeap@6ea4ce0d
Caller: <init>@fu.hao.trust.dvm.DVMClass - [BB]: Get DVMClass for type android.content.Context
Caller@4: <init>@fu.hao.trust.dvm.DVMClass - [BB]: getClass android.content.Context at fu.hao.trust.dvm.VMHeap@6ea4ce0d
Caller: <init>@fu.hao.trust.dvm.DVMClass - [BB]: Get DVMClass for type android.app.Activity
Caller@4: <init>@fu.hao.trust.dvm.DVMClass - [BB]: getClass android.app.Activity at fu.hao.trust.dvm.VMHeap@6ea4ce0d
Caller: <init>@fu.hao.trust.dvm.DVMObject - [BB]: Get DVMClass for type de.ecspride.MainActivity
Caller@4: <init>@fu.hao.trust.dvm.DVMObject - [BB]: getClass de.ecspride.MainActivity at fu.hao.trust.dvm.VMHeap@6ea4ce0d
Activity - [BB]: New Activity Created with type de.ecspride.MainActivity
DalvikVM - [BB]: New method call: de.ecspride.MainActivity/onCreate[android.os.Bundle]
DalvikVM - [BB]: [0]<0 SPECIAL,ARGUMENT_SET,extra=[1, 2]>
DalvikVM - [BB]: [1]<0 HALT,SUPER,extra=[null, [1, 2]]>
DalvikVM - [BB]: [2]<1 MOV,CONST,dst=r0,type=void,extra=class patdroid.core.PrimitiveInfo?2130903040>
DalvikVM - [BB]: [3]<0 INVOKE,VIRTUAL,extra=[android.app.Activity/setContentView[int], [1, 0]]>
DalvikVM - [BB]: [4]<0 RETURN,VOID>
newStackFrame - [BB]: New Stack Frame: StackFrame de.ecspride.MainActivity/onCreate[android.os.Bundle], pc -1 stored. 
newStackFrame - [BB]: Stack: [StackFrame de.ecspride.MainActivity/onResume[]]
Activity - [BB]: Intent null
Activity - [BB]: ROOO true
Executor - [MSG]: RUN BEGIN de.ecspride.MainActivity/onResume[]
DalvikVM - [BB]: fu.hao.trust.dvm.Executor -> run set pc to 0
Executor - [MSG]: 

Executor - [MSG]: <0 SPECIAL,ARGUMENT_SET,extra=[2]> at de.ecspride.MainActivity/onResume[]
Executor - [WARN]: NULL CallingCtx!
Executor - [DEBUG]: args: Activity:instance number 1@de.ecspride.MainActivity
Executor - [BB]: Start param from 1
DalvikVM - [BB]: fu.hao.trust.dvm.Executor$OP_SP_ARGUMENTS -> jump set pc to 1
DalvikVM - [BB]: fu.hao.trust.dvm.Executor -> exec set pc to 0
PluginManager - [MSG]: TaintSumBranch Tainted Res: {}
DalvikVM - [BB]: fu.hao.trust.dvm.Executor -> run set pc to 0
Executor - [MSG]: 

Executor - [MSG]: <0 SPECIAL,ARGUMENT_SET,extra=[]> at de.ecspride.MainActivity/<clinit>[]
DalvikVM - [BB]: fu.hao.trust.dvm.Executor$OP_SP_ARGUMENTS -> jump set pc to 1
PluginManager - [MSG]: TaintSumBranch Tainted Res: {}
Executor - [MSG]: 

Executor - [MSG]: <1 MOV,CONST,dst=r0,type=void,extra=class patdroid.core.PrimitiveInfo?0> at de.ecspride.MainActivity/<clinit>[]
Executor - [DEBUG]: Mov const begin <1 MOV,CONST,dst=r0,type=void,extra=class patdroid.core.PrimitiveInfo?0>
Executor - [DEBUG]: data: 0 class patdroid.core.PrimitiveInfo
DalvikVM - [BB]: fu.hao.trust.dvm.Executor$OP_MOV_CONST -> jump set pc to 2
PluginManager - [MSG]: TaintSumBranch Tainted Res: {}
Executor - [MSG]: 

Executor - [MSG]: <2 STATIC,SPUT,r0=r0,type=java.lang.Object,extra=(de.ecspride.MainActivity, imei)> at de.ecspride.MainActivity/<clinit>[]
Caller@4: func@fu.hao.trust.dvm.Executor$OP_STATIC_PUT_FIELD - [BB]: getClass de.ecspride.MainActivity at fu.hao.trust.dvm.VMHeap@6ea4ce0d
Caller: func@fu.hao.trust.dvm.Executor$OP_STATIC_PUT_FIELD - [BB]: Get DVMClass for type de.ecspride.MainActivity
Caller@4: func@fu.hao.trust.dvm.Executor$OP_STATIC_PUT_FIELD - [BB]: getClass de.ecspride.MainActivity at fu.hao.trust.dvm.VMHeap@6ea4ce0d
class fu.hao.trust.dvm.Executor$OP_STATIC_PUT_FIELD - [WARN]: Type inconsistent! void java.lang.String
class fu.hao.trust.dvm.Executor$OP_STATIC_PUT_FIELD - [DEBUG]: expect sput imei from de.ecspride.MainActivity
class fu.hao.trust.dvm.Executor$OP_STATIC_PUT_FIELD - [DEBUG]: real sput 0 from fu.hao.trust.dvm.DVMClass@7a5291d9
DalvikVM - [BB]: fu.hao.trust.dvm.Executor$OP_STATIC_PUT_FIELD -> jump set pc to 3
Caller@4: flow@fu.hao.trust.analysis.Taint$TAINT_OP_STATIC_PUT_FIELD - [BB]: getClass de.ecspride.MainActivity at fu.hao.trust.dvm.VMHeap@6ea4ce0d
Caller: flow@fu.hao.trust.analysis.Taint$TAINT_OP_STATIC_PUT_FIELD - [BB]: Get DVMClass for type de.ecspride.MainActivity
Caller@4: flow@fu.hao.trust.analysis.Taint$TAINT_OP_STATIC_PUT_FIELD - [BB]: getClass de.ecspride.MainActivity at fu.hao.trust.dvm.VMHeap@6ea4ce0d
PluginManager - [MSG]: TaintSumBranch Tainted Res: {}
Executor - [MSG]: 

Executor - [MSG]: <3 RETURN,VOID> at de.ecspride.MainActivity/<clinit>[]
class fu.hao.trust.dvm.Executor$OP_RETURN_VOID - [DEBUG]: Return void
DalvikVM - [BB]: Back to the last stack frame.StackFrame de.ecspride.MainActivity/onCreate[android.os.Bundle]
DalvikVM - [BB]: fu.hao.trust.dvm.Executor -> run set pc to 0
Executor - [MSG]: 

Executor - [MSG]: <0 SPECIAL,ARGUMENT_SET,extra=[1, 2]> at de.ecspride.MainActivity/onCreate[android.os.Bundle]
Executor - [DEBUG]: params: Activity:instance number 1@de.ecspride.MainActivity
Executor - [DEBUG]: params: Empty!
DalvikVM - [BB]: fu.hao.trust.dvm.Executor$OP_SP_ARGUMENTS -> jump set pc to 1
PluginManager - [MSG]: TaintSumBranch Tainted Res: {}
Executor - [MSG]: 

Executor - [MSG]: <1 HALT,SUPER,extra=[null, [1, 2]]> at de.ecspride.MainActivity/onCreate[android.os.Bundle]
DalvikVM - [BB]: fu.hao.trust.dvm.Executor$OP_HALT -> jump set pc to 2
Executor - [MSG]: Cannot resolve the invocation
TaintSumBranch - [BB]: Not a taint op <1 HALT,SUPER,extra=[null, [1, 2]]>
PluginManager - [MSG]: TaintSumBranch Tainted Res: {}
Executor - [MSG]: 

Executor - [MSG]: <2 MOV,CONST,dst=r0,type=void,extra=class patdroid.core.PrimitiveInfo?2130903040> at de.ecspride.MainActivity/onCreate[android.os.Bundle]
Executor - [DEBUG]: Mov const begin <2 MOV,CONST,dst=r0,type=void,extra=class patdroid.core.PrimitiveInfo?2130903040>
Executor - [DEBUG]: data: 2130903040 class patdroid.core.PrimitiveInfo
DalvikVM - [BB]: fu.hao.trust.dvm.Executor$OP_MOV_CONST -> jump set pc to 3
PluginManager - [MSG]: TaintSumBranch Tainted Res: {}
Executor - [MSG]: 

Executor - [MSG]: <3 INVOKE,VIRTUAL,extra=[android.app.Activity/setContentView[int], [1, 0]]> at de.ecspride.MainActivity/onCreate[android.os.Bundle]
Executor - [MSG]: arg0 obj: Activity:instance number 1@de.ecspride.MainActivity
Executor - [DEBUG]: Reflction class: class android.app.Activity
Executor - [BB]: Normal args? true
Executor - [BB]: arg1@reg0: 2130903040
Executor - [DEBUG]: Expected para type: int
Executor - [DEBUG]: Real para int, value: 2130903040
Executor - [BB]: Nargs? true
Executor - [DEBUG]: Caller obj: Activity:instance number 1@de.ecspride.MainActivity, from class: class android.app.Activity
Executor - [MSG]: Reflction invocation public void android.app.Activity.setContentView(int)
DalvikVM - [BB]: Set reflective call: public void android.app.Activity.setContentView(int)
DalvikVM - [BB]: fu.hao.trust.dvm.Executor -> jump set pc to 4
TaintSumBranch - [BB]: <android.app.Activity: void setContentView(int)>
TaintSumBranch - [DEBUG]: Not a taint call: <android.app.Activity: void setContentView(int)>
PluginManager - [MSG]: TaintSumBranch Tainted Res: {}
Executor - [MSG]: 

Executor - [MSG]: <4 RETURN,VOID> at de.ecspride.MainActivity/onCreate[android.os.Bundle]
class fu.hao.trust.dvm.Executor$OP_RETURN_VOID - [DEBUG]: Return void
DalvikVM - [BB]: Back to the last stack frame.StackFrame de.ecspride.MainActivity/onResume[]
Executor - [MSG]: 

Executor - [MSG]: <0 SPECIAL,ARGUMENT_SET,extra=[2]> at de.ecspride.MainActivity/onResume[]
Executor - [WARN]: NULL CallingCtx!
DalvikVM - [BB]: ar2 <Activity:instance number 1@de.ecspride.MainActivity, de.ecspride.MainActivity>, <Activity:instance number 1@de.ecspride.MainActivity, de.ecspride.MainActivity>
Executor - [DEBUG]: args: Activity:instance number 1@de.ecspride.MainActivity
Executor - [BB]: Start param from 1
DalvikVM - [BB]: fu.hao.trust.dvm.Executor$OP_SP_ARGUMENTS -> jump set pc to 1
PluginManager - [MSG]: TaintSumBranch Tainted Res: {}
Executor - [MSG]: 

Executor - [MSG]: <1 HALT,SUPER,extra=[null, [2]]> at de.ecspride.MainActivity/onResume[]
DalvikVM - [BB]: fu.hao.trust.dvm.Executor$OP_HALT -> jump set pc to 2
Executor - [MSG]: Cannot resolve the invocation
TaintSumBranch - [BB]: Not a taint op <1 HALT,SUPER,extra=[null, [2]]>
PluginManager - [MSG]: TaintSumBranch Tainted Res: {}
Executor - [MSG]: 

Executor - [MSG]: <2 MOV,CONST,dst=r1,type=java.lang.String,extra="phone"> at de.ecspride.MainActivity/onResume[]
Executor - [DEBUG]: Mov const begin <2 MOV,CONST,dst=r1,type=java.lang.String,extra="phone">
Executor - [DEBUG]: data: phone class java.lang.String
DalvikVM - [BB]: fu.hao.trust.dvm.Executor$OP_MOV_CONST -> jump set pc to 3
PluginManager - [MSG]: TaintSumBranch Tainted Res: {}
Executor - [MSG]: 

Executor - [MSG]: <3 INVOKE,VIRTUAL,extra=[android.content.Context/getSystemService[java.lang.String], [2, 1]]> at de.ecspride.MainActivity/onResume[]
Executor - [MSG]: arg0 obj: Activity:instance number 1@de.ecspride.MainActivity
Executor - [DEBUG]: Reflction class: class android.content.Context
Executor - [BB]: Normal args? true
Executor - [BB]: arg1@reg1: phone
Executor - [BB]: Nargs? true
Executor - [DEBUG]: Caller obj: Activity:instance number 1@de.ecspride.MainActivity, from class: class android.app.Activity
Executor - [DEBUG]: Return data: android.telephony.TelephonyManager@5f3bbd78 ,class android.telephony.TelephonyManager
Executor - [MSG]: Reflction invocation public java.lang.Object android.content.Context.getSystemService(java.lang.String)
DalvikVM - [BB]: Set reflective call: public java.lang.Object android.content.Context.getSystemService(java.lang.String)
DalvikVM - [BB]: fu.hao.trust.dvm.Executor -> jump set pc to 4
TaintSumBranch - [BB]: <android.content.Context: java.lang.Object getSystemService(java.lang.String)>
TaintSumBranch - [DEBUG]: Not a taint call: <android.content.Context: java.lang.Object getSystemService(java.lang.String)>
PluginManager - [MSG]: TaintSumBranch Tainted Res: {}
Executor - [MSG]: 

Executor - [MSG]: <4 MOV,RESULT,dst=r0,type=java.lang.Object> at de.ecspride.MainActivity/onResume[]
OP_MOV_RESULT - [BB]: Result data: android.telephony.TelephonyManager@5f3bbd78
OP_MOV_RESULT - [DEBUG]: Result data: android.telephony.TelephonyManager@5f3bbd78, type: java.lang.Object, to [reg 0@MainActivity/onResume]
DalvikVM - [BB]: fu.hao.trust.dvm.Executor$OP_MOV_RESULT -> jump set pc to 5
PluginManager - [MSG]: TaintSumBranch Tainted Res: {}
Executor - [MSG]: 

Executor - [MSG]: <5 ARITHMETIC,CHECK-AND-CAST,dst=r0,type=android.telephony.TelephonyManager> at de.ecspride.MainActivity/onResume[]
DalvikVM - [BB]: fu.hao.trust.dvm.Executor$OP_ARITHETIC -> jump set pc to 6
TaintSumBranch - [BB]: Not a taint op <5 ARITHMETIC,CHECK-AND-CAST,dst=r0,type=android.telephony.TelephonyManager>
PluginManager - [MSG]: TaintSumBranch Tainted Res: {}
Executor - [MSG]: 

Executor - [MSG]: <6 INVOKE,VIRTUAL,extra=[android.telephony.TelephonyManager/getDeviceId[], [0]]> at de.ecspride.MainActivity/onResume[]
Executor - [MSG]: arg0 obj: android.telephony.TelephonyManager@5f3bbd78
Executor - [DEBUG]: Reflction class: class android.telephony.TelephonyManager
Executor - [DEBUG]: Return data: 359874043116909 ,class java.lang.String
Executor - [MSG]: Reflction invocation public java.lang.String android.telephony.TelephonyManager.getDeviceId()
DalvikVM - [BB]: Set reflective call: public java.lang.String android.telephony.TelephonyManager.getDeviceId()
DalvikVM - [BB]: fu.hao.trust.dvm.Executor -> jump set pc to 7
TaintSumBranch - [BB]: <android.telephony.TelephonyManager: java.lang.String getDeviceId()>
TaintSumBranch - [WARN]: Found a tainted return value!
PluginManager - [MSG]: TaintSumBranch Tainted Res: {359874043116909=<6 INVOKE,VIRTUAL,extra=[android.telephony.TelephonyManager/getDeviceId[], [0]]>, [Global RetReg]=<6 INVOKE,VIRTUAL,extra=[android.telephony.TelephonyManager/getDeviceId[], [0]]>}
Executor - [MSG]: 

Executor - [MSG]: <7 MOV,RESULT,dst=r1,type=java.lang.Object> at de.ecspride.MainActivity/onResume[]
DalvikVM - [BB]: ar1 <phone, java.lang.String>, <359874043116909, java.lang.String>
OP_MOV_RESULT - [BB]: Result data: 359874043116909
OP_MOV_RESULT - [DEBUG]: Result data: 359874043116909, type: java.lang.String, to [reg 1@MainActivity/onResume]
DalvikVM - [BB]: fu.hao.trust.dvm.Executor$OP_MOV_RESULT -> jump set pc to 8
TaintSumBranch - [BB]: <6 INVOKE,VIRTUAL,extra=[android.telephony.TelephonyManager/getDeviceId[], [0]]>
TaintSumBranch - [BB]: Add reg 1 due to ret reg.
PluginManager - [MSG]: TaintSumBranch Tainted Res: {359874043116909=<6 INVOKE,VIRTUAL,extra=[android.telephony.TelephonyManager/getDeviceId[], [0]]>, [reg 1@MainActivity/onResume]=<6 INVOKE,VIRTUAL,extra=[android.telephony.TelephonyManager/getDeviceId[], [0]]>}
Executor - [MSG]: 

Executor - [MSG]: <8 STATIC,SPUT,r0=r1,type=java.lang.Object,extra=(de.ecspride.MainActivity, imei)> at de.ecspride.MainActivity/onResume[]
Caller@4: func@fu.hao.trust.dvm.Executor$OP_STATIC_PUT_FIELD - [BB]: getClass de.ecspride.MainActivity at fu.hao.trust.dvm.VMHeap@6ea4ce0d
Caller: func@fu.hao.trust.dvm.Executor$OP_STATIC_PUT_FIELD - [BB]: Get DVMClass for type de.ecspride.MainActivity
Caller@4: func@fu.hao.trust.dvm.Executor$OP_STATIC_PUT_FIELD - [BB]: getClass de.ecspride.MainActivity at fu.hao.trust.dvm.VMHeap@6ea4ce0d
class fu.hao.trust.dvm.Executor$OP_STATIC_PUT_FIELD - [DEBUG]: expect sput imei from de.ecspride.MainActivity
class fu.hao.trust.dvm.Executor$OP_STATIC_PUT_FIELD - [DEBUG]: real sput 359874043116909 from fu.hao.trust.dvm.DVMClass@7a5291d9
DalvikVM - [BB]: fu.hao.trust.dvm.Executor$OP_STATIC_PUT_FIELD -> jump set pc to 9
Caller@4: flow@fu.hao.trust.analysis.Taint$TAINT_OP_STATIC_PUT_FIELD - [BB]: getClass de.ecspride.MainActivity at fu.hao.trust.dvm.VMHeap@6ea4ce0d
Caller: flow@fu.hao.trust.analysis.Taint$TAINT_OP_STATIC_PUT_FIELD - [BB]: Get DVMClass for type de.ecspride.MainActivity
Caller@4: flow@fu.hao.trust.analysis.Taint$TAINT_OP_STATIC_PUT_FIELD - [BB]: getClass de.ecspride.MainActivity at fu.hao.trust.dvm.VMHeap@6ea4ce0d
TaintSumBranch - [BB]: SPut at [reg 1@MainActivity/onResume]
PluginManager - [MSG]: TaintSumBranch Tainted Res: {359874043116909=<6 INVOKE,VIRTUAL,extra=[android.telephony.TelephonyManager/getDeviceId[], [0]]>, [reg 1@MainActivity/onResume]=<6 INVOKE,VIRTUAL,extra=[android.telephony.TelephonyManager/getDeviceId[], [0]]>}
Executor - [MSG]: 

Executor - [MSG]: <9 RETURN,VOID> at de.ecspride.MainActivity/onResume[]
class fu.hao.trust.dvm.Executor$OP_RETURN_VOID - [DEBUG]: Return void
DalvikVM - [BB]: Back to the last stack frame.null
Executor - [MSG]: RUN DONE! The last one is onResume
DalvikVM - [BB]: New method call: de.ecspride.MainActivity/onPause[]
DalvikVM - [BB]: [0]<0 SPECIAL,ARGUMENT_SET,extra=[6]>
DalvikVM - [BB]: [1]<0 MOV,CONST,dst=r2,type=void,extra=class patdroid.core.PrimitiveInfo?0>
DalvikVM - [BB]: [2]<0 HALT,SUPER,extra=[null, [6]]>
DalvikVM - [BB]: [3]<0 INVOKE,STATIC,extra=[android.telephony.SmsManager/getDefault[], []]>
DalvikVM - [BB]: [4]<0 MOV,RESULT,dst=r0,type=java.lang.Object>
DalvikVM - [BB]: [5]<4 MOV,CONST,dst=r1,type=java.lang.String,extra="+49 1234">
DalvikVM - [BB]: [6]<0 STATIC,SGET,r0=r3,type=java.lang.Object,extra=(de.ecspride.MainActivity, imei)>
DalvikVM - [BB]: [7]<0 MOV,REG,dst=r4,r0=r2,type=java.lang.Object>
DalvikVM - [BB]: [8]<0 MOV,REG,dst=r5,r0=r2,type=java.lang.Object>
DalvikVM - [BB]: [9]<0 INVOKE,VIRTUAL,extra=[android.telephony.SmsManager/sendTextMessage[java.lang.String, java.lang.String, java.lang.String, android.app.PendingIntent, android.app.PendingIntent], [0, 1, 2, 3, 4, 5]]>
DalvikVM - [BB]: [10]<0 RETURN,VOID>
newStackFrame - [BB]: New Stack Frame: StackFrame de.ecspride.MainActivity/onPause[]
newStackFrame - [BB]: Stack: [StackFrame de.ecspride.MainActivity/onPause[]]
Executor - [MSG]: RUN BEGIN de.ecspride.MainActivity/onPause[]
DalvikVM - [BB]: fu.hao.trust.dvm.Executor -> run set pc to 0
Executor - [MSG]: 

Executor - [MSG]: <0 SPECIAL,ARGUMENT_SET,extra=[6]> at de.ecspride.MainActivity/onPause[]
Executor - [WARN]: NULL CallingCtx!
Executor - [DEBUG]: args: Activity:instance number 1@de.ecspride.MainActivity
Executor - [BB]: Start param from 1
DalvikVM - [BB]: fu.hao.trust.dvm.Executor$OP_SP_ARGUMENTS -> jump set pc to 1
TaintSumBranch - [BB]: Copy 359874043116909 as tainted.
PluginManager - [MSG]: TaintSumBranch Tainted Res: {359874043116909=<6 INVOKE,VIRTUAL,extra=[android.telephony.TelephonyManager/getDeviceId[], [0]]>}
Executor - [MSG]: 

Executor - [MSG]: <1 MOV,CONST,dst=r2,type=void,extra=class patdroid.core.PrimitiveInfo?0> at de.ecspride.MainActivity/onPause[]
Executor - [DEBUG]: Mov const begin <1 MOV,CONST,dst=r2,type=void,extra=class patdroid.core.PrimitiveInfo?0>
Executor - [DEBUG]: data: 0 class patdroid.core.PrimitiveInfo
DalvikVM - [BB]: fu.hao.trust.dvm.Executor$OP_MOV_CONST -> jump set pc to 2
PluginManager - [MSG]: TaintSumBranch Tainted Res: {359874043116909=<6 INVOKE,VIRTUAL,extra=[android.telephony.TelephonyManager/getDeviceId[], [0]]>}
Executor - [MSG]: 

Executor - [MSG]: <2 HALT,SUPER,extra=[null, [6]]> at de.ecspride.MainActivity/onPause[]
DalvikVM - [BB]: fu.hao.trust.dvm.Executor$OP_HALT -> jump set pc to 3
Executor - [MSG]: Cannot resolve the invocation
TaintSumBranch - [BB]: Not a taint op <2 HALT,SUPER,extra=[null, [6]]>
PluginManager - [MSG]: TaintSumBranch Tainted Res: {359874043116909=<6 INVOKE,VIRTUAL,extra=[android.telephony.TelephonyManager/getDeviceId[], [0]]>}
Executor - [MSG]: 

Executor - [MSG]: <3 INVOKE,STATIC,extra=[android.telephony.SmsManager/getDefault[], []]> at de.ecspride.MainActivity/onPause[]
Executor - [DEBUG]: Reflction class android.telephony.SmsManager
Executor - [MSG]: reflction invocation public static android.telephony.SmsManager android.telephony.SmsManager.getDefault()
DalvikVM - [BB]: Set reflective call: public static android.telephony.SmsManager android.telephony.SmsManager.getDefault()
DalvikVM - [BB]: fu.hao.trust.dvm.Executor$OP_INVOKE_STATIC -> jump set pc to 4
TaintSumBranch - [BB]: <android.telephony.SmsManager: android.telephony.SmsManager getDefault()>
TaintSumBranch - [DEBUG]: Not a taint call: <android.telephony.SmsManager: android.telephony.SmsManager getDefault()>
PluginManager - [MSG]: TaintSumBranch Tainted Res: {359874043116909=<6 INVOKE,VIRTUAL,extra=[android.telephony.TelephonyManager/getDeviceId[], [0]]>}
Executor - [MSG]: 

Executor - [MSG]: <4 MOV,RESULT,dst=r0,type=java.lang.Object> at de.ecspride.MainActivity/onPause[]
OP_MOV_RESULT - [BB]: Result data: android.telephony.SmsManager@15d16efc
OP_MOV_RESULT - [DEBUG]: Result data: android.telephony.SmsManager@15d16efc, type: android.telephony.SmsManager, to [reg 0@MainActivity/onPause]
DalvikVM - [BB]: fu.hao.trust.dvm.Executor$OP_MOV_RESULT -> jump set pc to 5
PluginManager - [MSG]: TaintSumBranch Tainted Res: {359874043116909=<6 INVOKE,VIRTUAL,extra=[android.telephony.TelephonyManager/getDeviceId[], [0]]>}
Executor - [MSG]: 

Executor - [MSG]: <5 MOV,CONST,dst=r1,type=java.lang.String,extra="+49 1234"> at de.ecspride.MainActivity/onPause[]
Executor - [DEBUG]: Mov const begin <5 MOV,CONST,dst=r1,type=java.lang.String,extra="+49 1234">
Executor - [DEBUG]: data: +49 1234 class java.lang.String
DalvikVM - [BB]: fu.hao.trust.dvm.Executor$OP_MOV_CONST -> jump set pc to 6
PluginManager - [MSG]: TaintSumBranch Tainted Res: {359874043116909=<6 INVOKE,VIRTUAL,extra=[android.telephony.TelephonyManager/getDeviceId[], [0]]>}
Executor - [MSG]: 

Executor - [MSG]: <6 STATIC,SGET,r0=r3,type=java.lang.Object,extra=(de.ecspride.MainActivity, imei)> at de.ecspride.MainActivity/onPause[]
Caller@4: func@fu.hao.trust.dvm.Executor$OP_STATIC_GET_FIELD - [BB]: getClass de.ecspride.MainActivity at fu.hao.trust.dvm.VMHeap@6ea4ce0d
Caller: func@fu.hao.trust.dvm.Executor$OP_STATIC_GET_FIELD - [BB]: Get DVMClass for type de.ecspride.MainActivity
Caller@4: func@fu.hao.trust.dvm.Executor$OP_STATIC_GET_FIELD - [BB]: getClass de.ecspride.MainActivity at fu.hao.trust.dvm.VMHeap@6ea4ce0d
OP_STATIC_GET_FIELD - [DEBUG]: Sget 359874043116909, from fu.hao.trust.dvm.DVMClass@7a5291d9
OP_STATIC_GET_FIELD - [DEBUG]: Expect sget imei, a java.lang.String from de.ecspride.MainActivity
DalvikVM - [BB]: fu.hao.trust.dvm.Executor$OP_STATIC_GET_FIELD -> jump set pc to 7
Caller@4: flow@fu.hao.trust.analysis.Taint$TAINT_OP_STATIC_GET_FIELD - [BB]: getClass de.ecspride.MainActivity at fu.hao.trust.dvm.VMHeap@6ea4ce0d
Caller: flow@fu.hao.trust.analysis.Taint$TAINT_OP_STATIC_GET_FIELD - [BB]: Get DVMClass for type de.ecspride.MainActivity
Caller@4: flow@fu.hao.trust.analysis.Taint$TAINT_OP_STATIC_GET_FIELD - [BB]: getClass de.ecspride.MainActivity at fu.hao.trust.dvm.VMHeap@6ea4ce0d
PluginManager - [MSG]: TaintSumBranch Tainted Res: {[reg 3@MainActivity/onPause]=<6 INVOKE,VIRTUAL,extra=[android.telephony.TelephonyManager/getDeviceId[], [0]]>, 359874043116909=<6 INVOKE,VIRTUAL,extra=[android.telephony.TelephonyManager/getDeviceId[], [0]]>}
Executor - [MSG]: 

Executor - [MSG]: <7 MOV,REG,dst=r4,r0=r2,type=java.lang.Object> at de.ecspride.MainActivity/onPause[]
class fu.hao.trust.dvm.Executor$OP_MOVE_REG - [DEBUG]: mov 0 to 0
DalvikVM - [BB]: fu.hao.trust.dvm.Executor$OP_MOVE_REG -> jump set pc to 8
PluginManager - [MSG]: TaintSumBranch Tainted Res: {[reg 3@MainActivity/onPause]=<6 INVOKE,VIRTUAL,extra=[android.telephony.TelephonyManager/getDeviceId[], [0]]>, 359874043116909=<6 INVOKE,VIRTUAL,extra=[android.telephony.TelephonyManager/getDeviceId[], [0]]>}
Executor - [MSG]: 

Executor - [MSG]: <8 MOV,REG,dst=r5,r0=r2,type=java.lang.Object> at de.ecspride.MainActivity/onPause[]
class fu.hao.trust.dvm.Executor$OP_MOVE_REG - [DEBUG]: mov 0 to 0
DalvikVM - [BB]: fu.hao.trust.dvm.Executor$OP_MOVE_REG -> jump set pc to 9
PluginManager - [MSG]: TaintSumBranch Tainted Res: {[reg 3@MainActivity/onPause]=<6 INVOKE,VIRTUAL,extra=[android.telephony.TelephonyManager/getDeviceId[], [0]]>, 359874043116909=<6 INVOKE,VIRTUAL,extra=[android.telephony.TelephonyManager/getDeviceId[], [0]]>}
Executor - [MSG]: 

Executor - [MSG]: <9 INVOKE,VIRTUAL,extra=[android.telephony.SmsManager/sendTextMessage[java.lang.String, java.lang.String, java.lang.String, android.app.PendingIntent, android.app.PendingIntent], [0, 1, 2, 3, 4, 5]]> at de.ecspride.MainActivity/onPause[]
Executor - [MSG]: arg0 obj: android.telephony.SmsManager@15d16efc
Executor - [DEBUG]: Reflction class: class android.telephony.SmsManager
Executor - [BB]: Normal args? true
Executor - [BB]: arg1@reg1: +49 1234
Executor - [BB]: arg2@reg2: 0
Executor - [WARN]: Mismatch type! arg 2, real para type: class patdroid.core.PrimitiveInfo, expected para type: class java.lang.String
Executor - [BB]: arg3@reg3: 359874043116909
Executor - [BB]: arg4@reg4: 0
Executor - [WARN]: Mismatch type! arg 4, real para type: class patdroid.core.PrimitiveInfo, expected para type: class android.app.PendingIntent
Executor - [BB]: arg5@reg5: 0
Executor - [WARN]: Mismatch type! arg 5, real para type: class patdroid.core.PrimitiveInfo, expected para type: class android.app.PendingIntent
Executor - [BB]: Nargs? true
Executor - [DEBUG]: Caller obj: android.telephony.SmsManager@15d16efc, from class: class android.telephony.SmsManager
Executor - [MSG]: Reflction invocation public void android.telephony.SmsManager.sendTextMessage(java.lang.String,java.lang.String,java.lang.String,android.app.PendingIntent,android.app.PendingIntent)
DalvikVM - [BB]: Set reflective call: public void android.telephony.SmsManager.sendTextMessage(java.lang.String,java.lang.String,java.lang.String,android.app.PendingIntent,android.app.PendingIntent)
DalvikVM - [BB]: fu.hao.trust.dvm.Executor -> jump set pc to 10
TaintSumBranch - [BB]: <android.telephony.SmsManager: void sendTextMessage(java.lang.String,java.lang.String,java.lang.String,android.app.PendingIntent,android.app.PendingIntent)>
TaintSumBranch - [BB]: Found a sink invocation. <android.telephony.SmsManager: void sendTextMessage(java.lang.String,java.lang.String,java.lang.String,android.app.PendingIntent,android.app.PendingIntent)>
TaintSumBranch - [WARN]: Found a taint sink <android.telephony.SmsManager: void sendTextMessage(java.lang.String,java.lang.String,java.lang.String,android.app.PendingIntent,android.app.PendingIntent)> leaking data [359874043116909] at reg 3!!!
PluginManager - [MSG]: TaintSumBranch Tainted Res: {[reg 3@MainActivity/onPause]=<6 INVOKE,VIRTUAL,extra=[android.telephony.TelephonyManager/getDeviceId[], [0]]>, 359874043116909=<6 INVOKE,VIRTUAL,extra=[android.telephony.TelephonyManager/getDeviceId[], [0]]>}
Executor - [MSG]: 

Executor - [MSG]: <10 RETURN,VOID> at de.ecspride.MainActivity/onPause[]
class fu.hao.trust.dvm.Executor$OP_RETURN_VOID - [DEBUG]: Return void
DalvikVM - [BB]: Back to the last stack frame.null
Executor - [MSG]: RUN DONE! The last one is onPause
DalvikVM - [MSG]: FINISHED!

main - [MSG]: Analysis has run for 2.340194565 seconds

