main - [DEBUG]: C:/Users/hao/workspace/TRUST/sootOutput/ActivityLifecycle1.apk_dummy.csv
class fu.hao.trust.dvm.DalvikVM - [DEBUG]: apk java.util.zip.ZipFile@19eec137 C:/Users/hao/workspace/DroidBenchProj/Lifecycle_ActivityLifecycle1/app/ActivityLifecycle1.apk
class fu.hao.trust.dvm.DalvikVM - [DEBUG]: class de.ecspride.ActivityLifecycle1
class fu.hao.trust.dvm.DalvikVM - [MSG]: RUN Method de.ecspride.ActivityLifecycle1/onCreate[android.os.Bundle]
class fu.hao.trust.dvm.DalvikVM - [DEBUG]: New method call: de.ecspride.ActivityLifecycle1/onCreate[android.os.Bundle]
class fu.hao.trust.dvm.DalvikVM - [DEBUG]: [0]<SPECIAL,ARGUMENT_SET,extra=[3, 4]>
class fu.hao.trust.dvm.DalvikVM - [DEBUG]: [1]<HALT,SUPER,extra=[null, [3, 4]]>
class fu.hao.trust.dvm.DalvikVM - [DEBUG]: [2]<MOV,CONST,dst=r2,type=void,extra=class patdroid.core.PrimitiveInfo?2130903040>
class fu.hao.trust.dvm.DalvikVM - [DEBUG]: [3]<INVOKE,VIRTUAL,extra=[android.app.Activity/setContentView[int], [3, 2]]>
class fu.hao.trust.dvm.DalvikVM - [DEBUG]: [4]<MOV,CONST,dst=r2,type=java.lang.String,extra="phone">
class fu.hao.trust.dvm.DalvikVM - [DEBUG]: [5]<INVOKE,VIRTUAL,extra=[android.app.Activity/getSystemService[java.lang.String], [3, 2]]>
class fu.hao.trust.dvm.DalvikVM - [DEBUG]: [6]<MOV,RESULT,dst=r1,type=java.lang.Object>
class fu.hao.trust.dvm.DalvikVM - [DEBUG]: [7]<ARITHMETIC,CHECK-AND-CAST,dst=r1,type=android.telephony.TelephonyManager>
class fu.hao.trust.dvm.DalvikVM - [DEBUG]: [8]<INVOKE,VIRTUAL,extra=[android.telephony.TelephonyManager/getDeviceId[], [1]]>
class fu.hao.trust.dvm.DalvikVM - [DEBUG]: [9]<MOV,RESULT,dst=r0,type=java.lang.Object>
class fu.hao.trust.dvm.DalvikVM - [DEBUG]: [10]<STATIC,SGET,r0=r2,type=java.lang.Object,extra=(de.ecspride.ActivityLifecycle1, URL)>
class fu.hao.trust.dvm.DalvikVM - [DEBUG]: [11]<INVOKE,VIRTUAL,extra=[java.lang.String/concat[java.lang.String], [2, 0]]>
class fu.hao.trust.dvm.DalvikVM - [DEBUG]: [12]<MOV,RESULT,dst=r2,type=java.lang.Object>
class fu.hao.trust.dvm.DalvikVM - [DEBUG]: [13]<STATIC,SPUT,r0=r2,type=java.lang.Object,extra=(de.ecspride.ActivityLifecycle1, URL)>
class fu.hao.trust.dvm.DalvikVM - [DEBUG]: [14]<RETURN,VOID>
class fu.hao.trust.dvm.Interpreter - [DEBUG]: new chain obj
class fu.hao.trust.dvm.DalvikVM - [DEBUG]: getClass de.ecspride.ActivityLifecycle1 at fu.hao.trust.dvm.DalvikVM$Heap@24a3bd67
class fu.hao.trust.dvm.DalvikVM - [DEBUG]: new class representation for de.ecspride.ActivityLifecycle1 at fu.hao.trust.dvm.DalvikVM$Heap@24a3bd67
class fu.hao.trust.dvm.DalvikVM - [DEBUG]: New method call: de.ecspride.ActivityLifecycle1/<clinit>[]
class fu.hao.trust.dvm.DalvikVM - [DEBUG]: [0]<SPECIAL,ARGUMENT_SET,extra=[]>
class fu.hao.trust.dvm.DalvikVM - [DEBUG]: [1]<MOV,CONST,dst=r0,type=java.lang.String,extra="http://www.google.de/search?q=">
class fu.hao.trust.dvm.DalvikVM - [DEBUG]: [2]<STATIC,SPUT,r0=r0,type=java.lang.Object,extra=(de.ecspride.ActivityLifecycle1, URL)>
class fu.hao.trust.dvm.DalvikVM - [DEBUG]: [3]<RETURN,VOID>
class fu.hao.trust.dvm.Interpreter - [DEBUG]: opcode: 3 7
class fu.hao.trust.dvm.Interpreter - [DEBUG]: 0 <SPECIAL,ARGUMENT_SET,extra=[]> at de.ecspride.ActivityLifecycle1/<clinit>[]
class fu.hao.trust.dvm.Interpreter - [DEBUG]: opcode: 1 2
class fu.hao.trust.dvm.Interpreter - [DEBUG]: 1 <MOV,CONST,dst=r0,type=java.lang.String,extra="http://www.google.de/search?q="> at de.ecspride.ActivityLifecycle1/<clinit>[]
class fu.hao.trust.dvm.Interpreter - [DEBUG]: Mov const begin <MOV,CONST,dst=r0,type=java.lang.String,extra="http://www.google.de/search?q=">
class fu.hao.trust.dvm.Interpreter - [DEBUG]: data: http://www.google.de/search?q= class java.lang.String
class fu.hao.trust.dvm.Interpreter - [DEBUG]: opcode: 11 53
class fu.hao.trust.dvm.Interpreter - [DEBUG]: 2 <STATIC,SPUT,r0=r0,type=java.lang.Object,extra=(de.ecspride.ActivityLifecycle1, URL)> at de.ecspride.ActivityLifecycle1/<clinit>[]
class fu.hao.trust.dvm.DalvikVM - [DEBUG]: getClass de.ecspride.ActivityLifecycle1 at fu.hao.trust.dvm.DalvikVM$Heap@24a3bd67
class fu.hao.trust.dvm.DalvikVM - [DEBUG]: getClass de.ecspride.ActivityLifecycle1 at fu.hao.trust.dvm.DalvikVM$Heap@24a3bd67
class fu.hao.trust.dvm.Interpreter - [DEBUG]: expect sput URL from de.ecspride.ActivityLifecycle1
class fu.hao.trust.dvm.Interpreter - [DEBUG]: real sput http://www.google.de/search?q= from fu.hao.trust.dvm.DVMClass@5eebbe
class fu.hao.trust.dvm.Interpreter - [DEBUG]: opcode: 2 3
class fu.hao.trust.dvm.Interpreter - [DEBUG]: 3 <RETURN,VOID> at de.ecspride.ActivityLifecycle1/<clinit>[]
class fu.hao.trust.dvm.Interpreter$OP_RETURN_VOID - [DEBUG]: return void
main - [DEBUG]: ActivityLifecycle2.apk
main - [DEBUG]: C:/Users/hao/workspace/TRUST/sootOutput/ActivityLifecycle2.apk_dummy.csv
class fu.hao.trust.dvm.DalvikVM - [DEBUG]: apk java.util.zip.ZipFile@767fa665 C:/Users/hao/workspace/DroidBenchProj/Lifecycle_ActivityLifecycle2/app/ActivityLifecycle2.apk
class fu.hao.trust.dvm.DalvikVM - [DEBUG]: class de.ecspride.MainActivity
class fu.hao.trust.dvm.DalvikVM - [MSG]: RUN Method de.ecspride.MainActivity/onCreate[android.os.Bundle]
class fu.hao.trust.dvm.DalvikVM - [DEBUG]: New method call: de.ecspride.MainActivity/onCreate[android.os.Bundle]
class fu.hao.trust.dvm.DalvikVM - [DEBUG]: [0]<SPECIAL,ARGUMENT_SET,extra=[2, 3]>
class fu.hao.trust.dvm.DalvikVM - [DEBUG]: [1]<HALT,SUPER,extra=[null, [2, 3]]>
class fu.hao.trust.dvm.DalvikVM - [DEBUG]: [2]<MOV,CONST,dst=r1,type=void,extra=class patdroid.core.PrimitiveInfo?2130903040>
class fu.hao.trust.dvm.DalvikVM - [DEBUG]: [3]<INVOKE,VIRTUAL,extra=[android.app.Activity/setContentView[int], [2, 1]]>
class fu.hao.trust.dvm.DalvikVM - [DEBUG]: [4]<MOV,CONST,dst=r1,type=java.lang.String,extra="phone">
class fu.hao.trust.dvm.DalvikVM - [DEBUG]: [5]<INVOKE,VIRTUAL,extra=[android.app.Activity/getSystemService[java.lang.String], [2, 1]]>
class fu.hao.trust.dvm.DalvikVM - [DEBUG]: [6]<MOV,RESULT,dst=r0,type=java.lang.Object>
class fu.hao.trust.dvm.DalvikVM - [DEBUG]: [7]<ARITHMETIC,CHECK-AND-CAST,dst=r0,type=android.telephony.TelephonyManager>
class fu.hao.trust.dvm.DalvikVM - [DEBUG]: [8]<INVOKE,VIRTUAL,extra=[android.telephony.TelephonyManager/getDeviceId[], [0]]>
class fu.hao.trust.dvm.DalvikVM - [DEBUG]: [9]<MOV,RESULT,dst=r1,type=java.lang.Object>
class fu.hao.trust.dvm.DalvikVM - [DEBUG]: [10]<STATIC,SPUT,r0=r1,type=java.lang.Object,extra=(de.ecspride.MainActivity, imei)>
class fu.hao.trust.dvm.DalvikVM - [DEBUG]: [11]<RETURN,VOID>
class fu.hao.trust.dvm.Interpreter - [DEBUG]: new chain obj
class fu.hao.trust.dvm.DalvikVM - [DEBUG]: getClass de.ecspride.MainActivity at fu.hao.trust.dvm.DalvikVM$Heap@593b8970
class fu.hao.trust.dvm.DalvikVM - [DEBUG]: new class representation for de.ecspride.MainActivity at fu.hao.trust.dvm.DalvikVM$Heap@593b8970
class fu.hao.trust.dvm.DalvikVM - [DEBUG]: New method call: de.ecspride.GeneralActivity/<clinit>[]
class fu.hao.trust.dvm.DalvikVM - [DEBUG]: [0]<SPECIAL,ARGUMENT_SET,extra=[]>
class fu.hao.trust.dvm.DalvikVM - [DEBUG]: [1]<MOV,CONST,dst=r0,type=void,extra=class patdroid.core.PrimitiveInfo?0>
class fu.hao.trust.dvm.DalvikVM - [DEBUG]: [2]<STATIC,SPUT,r0=r0,type=java.lang.Object,extra=(de.ecspride.GeneralActivity, imei)>
class fu.hao.trust.dvm.DalvikVM - [DEBUG]: [3]<RETURN,VOID>
class fu.hao.trust.dvm.Interpreter - [DEBUG]: opcode: 3 7
class fu.hao.trust.dvm.Interpreter - [DEBUG]: 0 <SPECIAL,ARGUMENT_SET,extra=[]> at de.ecspride.GeneralActivity/<clinit>[]
class fu.hao.trust.dvm.Interpreter - [DEBUG]: opcode: 1 2
class fu.hao.trust.dvm.Interpreter - [DEBUG]: 1 <MOV,CONST,dst=r0,type=void,extra=class patdroid.core.PrimitiveInfo?0> at de.ecspride.GeneralActivity/<clinit>[]
class fu.hao.trust.dvm.Interpreter - [DEBUG]: Mov const begin <MOV,CONST,dst=r0,type=void,extra=class patdroid.core.PrimitiveInfo?0>
class fu.hao.trust.dvm.Interpreter - [DEBUG]: data: 0 class patdroid.core.PrimitiveInfo
class fu.hao.trust.dvm.Interpreter - [DEBUG]: opcode: 11 53
class fu.hao.trust.dvm.Interpreter - [DEBUG]: 2 <STATIC,SPUT,r0=r0,type=java.lang.Object,extra=(de.ecspride.GeneralActivity, imei)> at de.ecspride.GeneralActivity/<clinit>[]
class fu.hao.trust.dvm.DalvikVM - [DEBUG]: getClass de.ecspride.GeneralActivity at fu.hao.trust.dvm.DalvikVM$Heap@593b8970
class fu.hao.trust.dvm.DalvikVM - [DEBUG]: new class representation for de.ecspride.GeneralActivity at fu.hao.trust.dvm.DalvikVM$Heap@593b8970
class fu.hao.trust.dvm.DalvikVM - [DEBUG]: New method call: de.ecspride.GeneralActivity/<clinit>[]
class fu.hao.trust.dvm.DalvikVM - [DEBUG]: [0]<SPECIAL,ARGUMENT_SET,extra=[]>
class fu.hao.trust.dvm.DalvikVM - [DEBUG]: [1]<MOV,CONST,dst=r0,type=void,extra=class patdroid.core.PrimitiveInfo?0>
class fu.hao.trust.dvm.DalvikVM - [DEBUG]: [2]<STATIC,SPUT,r0=r0,type=java.lang.Object,extra=(de.ecspride.GeneralActivity, imei)>
class fu.hao.trust.dvm.DalvikVM - [DEBUG]: [3]<RETURN,VOID>
class fu.hao.trust.dvm.Interpreter - [DEBUG]: opcode: 3 7
class fu.hao.trust.dvm.Interpreter - [DEBUG]: 0 <SPECIAL,ARGUMENT_SET,extra=[]> at de.ecspride.GeneralActivity/<clinit>[]
class fu.hao.trust.dvm.Interpreter - [DEBUG]: opcode: 1 2
class fu.hao.trust.dvm.Interpreter - [DEBUG]: 1 <MOV,CONST,dst=r0,type=void,extra=class patdroid.core.PrimitiveInfo?0> at de.ecspride.GeneralActivity/<clinit>[]
class fu.hao.trust.dvm.Interpreter - [DEBUG]: Mov const begin <MOV,CONST,dst=r0,type=void,extra=class patdroid.core.PrimitiveInfo?0>
class fu.hao.trust.dvm.Interpreter - [DEBUG]: data: 0 class patdroid.core.PrimitiveInfo
class fu.hao.trust.dvm.Interpreter - [DEBUG]: opcode: 11 53
class fu.hao.trust.dvm.Interpreter - [DEBUG]: 2 <STATIC,SPUT,r0=r0,type=java.lang.Object,extra=(de.ecspride.GeneralActivity, imei)> at de.ecspride.GeneralActivity/<clinit>[]
class fu.hao.trust.dvm.DalvikVM - [DEBUG]: getClass de.ecspride.GeneralActivity at fu.hao.trust.dvm.DalvikVM$Heap@593b8970
class fu.hao.trust.dvm.DalvikVM - [DEBUG]: getClass de.ecspride.GeneralActivity at fu.hao.trust.dvm.DalvikVM$Heap@593b8970
class fu.hao.trust.dvm.Interpreter - [DEBUG]: expect sput imei from de.ecspride.GeneralActivity
class fu.hao.trust.dvm.Interpreter - [DEBUG]: real sput 0 from fu.hao.trust.dvm.DVMClass@53bc45d4
class fu.hao.trust.dvm.Interpreter - [DEBUG]: opcode: 2 3
class fu.hao.trust.dvm.Interpreter - [DEBUG]: 3 <RETURN,VOID> at de.ecspride.GeneralActivity/<clinit>[]
class fu.hao.trust.dvm.Interpreter$OP_RETURN_VOID - [DEBUG]: return void
main - [DEBUG]: ActivityLifecycle3.apk
main - [DEBUG]: C:/Users/hao/workspace/TRUST/sootOutput/ActivityLifecycle3.apk_dummy.csv
class fu.hao.trust.dvm.DalvikVM - [DEBUG]: apk java.util.zip.ZipFile@226f7103 C:/Users/hao/workspace/DroidBenchProj/Lifecycle_ActivityLifecycle3/app/ActivityLifecycle3.apk
class fu.hao.trust.dvm.DalvikVM - [DEBUG]: class de.ecspride.MainActivity
class fu.hao.trust.dvm.DalvikVM - [MSG]: RUN Method de.ecspride.MainActivity/onSaveInstanceState[android.os.Bundle]
class fu.hao.trust.dvm.DalvikVM - [DEBUG]: New method call: de.ecspride.MainActivity/onSaveInstanceState[android.os.Bundle]
class fu.hao.trust.dvm.DalvikVM - [DEBUG]: [0]<SPECIAL,ARGUMENT_SET,extra=[2, 3]>
class fu.hao.trust.dvm.DalvikVM - [DEBUG]: [1]<MOV,CONST,dst=r1,type=java.lang.String,extra="phone">
class fu.hao.trust.dvm.DalvikVM - [DEBUG]: [2]<INVOKE,VIRTUAL,extra=[android.app.Activity/getSystemService[java.lang.String], [2, 1]]>
class fu.hao.trust.dvm.DalvikVM - [DEBUG]: [3]<MOV,RESULT,dst=r0,type=java.lang.Object>
class fu.hao.trust.dvm.DalvikVM - [DEBUG]: [4]<ARITHMETIC,CHECK-AND-CAST,dst=r0,type=android.telephony.TelephonyManager>
class fu.hao.trust.dvm.DalvikVM - [DEBUG]: [5]<INVOKE,VIRTUAL,extra=[android.telephony.TelephonyManager/getSubscriberId[], [0]]>
class fu.hao.trust.dvm.DalvikVM - [DEBUG]: [6]<MOV,RESULT,dst=r1,type=java.lang.Object>
class fu.hao.trust.dvm.DalvikVM - [DEBUG]: [7]<INSTANCE,IPUT,r0=r2,r1=r1,type=java.lang.Object,extra=de.ecspride.MainActivity.s>
class fu.hao.trust.dvm.DalvikVM - [DEBUG]: [8]<RETURN,VOID>
class fu.hao.trust.dvm.Interpreter - [DEBUG]: new chain obj
class fu.hao.trust.dvm.DalvikVM - [DEBUG]: getClass de.ecspride.MainActivity at fu.hao.trust.dvm.DalvikVM$Heap@138ece21
class fu.hao.trust.dvm.DalvikVM - [DEBUG]: new class representation for de.ecspride.MainActivity at fu.hao.trust.dvm.DalvikVM$Heap@138ece21
class fu.hao.trust.dvm.DalvikVM - [DEBUG]: getClass android.app.Activity at fu.hao.trust.dvm.DalvikVM$Heap@138ece21
class fu.hao.trust.dvm.DalvikVM - [DEBUG]: new class representation for android.app.Activity at fu.hao.trust.dvm.DalvikVM$Heap@138ece21
class fu.hao.trust.dvm.DalvikVM - [DEBUG]: getClass java.lang.Object at fu.hao.trust.dvm.DalvikVM$Heap@138ece21
class fu.hao.trust.dvm.DalvikVM - [DEBUG]: new class representation for java.lang.Object at fu.hao.trust.dvm.DalvikVM$Heap@138ece21
class fu.hao.trust.dvm.DalvikVM - [DEBUG]: getClass java.lang.Object at fu.hao.trust.dvm.DalvikVM$Heap@138ece21
class fu.hao.trust.dvm.DalvikVM - [DEBUG]: getClass android.app.Activity at fu.hao.trust.dvm.DalvikVM$Heap@138ece21
class fu.hao.trust.dvm.DalvikVM - [DEBUG]: getClass de.ecspride.MainActivity at fu.hao.trust.dvm.DalvikVM$Heap@138ece21
class fu.hao.trust.dvm.DVMObject - [DEBUG]: New instance of de.ecspride.MainActivity
class fu.hao.trust.dvm.DalvikVM - [DEBUG]: getClass de.ecspride.MainActivity at fu.hao.trust.dvm.DalvikVM$Heap@138ece21
class fu.hao.trust.dvm.DalvikVM - [DEBUG]: getClass de.ecspride.MainActivity at fu.hao.trust.dvm.DalvikVM$Heap@138ece21
class fu.hao.trust.dvm.Interpreter - [MSG]: RUN BEGIN de.ecspride.MainActivity/onSaveInstanceState[android.os.Bundle]
class fu.hao.trust.dvm.Interpreter - [MSG]: RUN BEGIN
class fu.hao.trust.dvm.Interpreter - [DEBUG]: opcode: 3 7
class fu.hao.trust.dvm.Interpreter - [DEBUG]: 0 <SPECIAL,ARGUMENT_SET,extra=[2, 3]> at de.ecspride.MainActivity/onSaveInstanceState[android.os.Bundle]
class fu.hao.trust.dvm.Interpreter - [DEBUG]: args: fu.hao.trust.dvm.DVMObject@47ee28f
class fu.hao.trust.dvm.DalvikVM - [DEBUG]: getClass android.os.Bundle at fu.hao.trust.dvm.DalvikVM$Heap@138ece21
class fu.hao.trust.dvm.DalvikVM - [DEBUG]: new class representation for android.os.Bundle at fu.hao.trust.dvm.DalvikVM$Heap@138ece21
class fu.hao.trust.dvm.DalvikVM - [DEBUG]: getClass android.os.Bundle at fu.hao.trust.dvm.DalvikVM$Heap@138ece21
class fu.hao.trust.dvm.DVMObject - [DEBUG]: New instance of android.os.Bundle
class fu.hao.trust.dvm.DalvikVM - [DEBUG]: getClass android.os.Bundle at fu.hao.trust.dvm.DalvikVM$Heap@138ece21
class fu.hao.trust.dvm.DalvikVM - [DEBUG]: getClass android.os.Bundle at fu.hao.trust.dvm.DalvikVM$Heap@138ece21
class fu.hao.trust.dvm.Interpreter - [DEBUG]: args: fu.hao.trust.dvm.DVMObject@4ee91125
class fu.hao.trust.dvm.Interpreter - [DEBUG]: opcode: 1 2
class fu.hao.trust.dvm.Interpreter - [DEBUG]: 1 <MOV,CONST,dst=r1,type=java.lang.String,extra="phone"> at de.ecspride.MainActivity/onSaveInstanceState[android.os.Bundle]
class fu.hao.trust.dvm.Interpreter - [DEBUG]: Mov const begin <MOV,CONST,dst=r1,type=java.lang.String,extra="phone">
class fu.hao.trust.dvm.Interpreter - [DEBUG]: data: phone class java.lang.String
class fu.hao.trust.dvm.Interpreter - [DEBUG]: opcode: 12 13
class fu.hao.trust.dvm.Interpreter - [DEBUG]: 2 <INVOKE,VIRTUAL,extra=[android.app.Activity/getSystemService[java.lang.String], [2, 1]]> at de.ecspride.MainActivity/onSaveInstanceState[android.os.Bundle]
class fu.hao.trust.dvm.Interpreter - [DEBUG]: fu.hao.trust.dvm.DVMObject@47ee28f
class fu.hao.trust.dvm.Interpreter - [DEBUG]: reflction class: class android.app.Activity
class fu.hao.trust.dvm.Interpreter - [DEBUG]: caller obj: android.app.Activity@2764bc9c, from class: class android.app.Activity
class fu.hao.trust.dvm.Interpreter - [DEBUG]: return data: android.telephony.TelephonyManager@469ab9f8 ,class android.telephony.TelephonyManager
class fu.hao.trust.dvm.Interpreter - [MSG]: reflction invocation public java.lang.Object android.app.Activity.getSystemService(java.lang.String)
main - [DEBUG]: ActivityLifecycle4.apk
main - [DEBUG]: C:/Users/hao/workspace/TRUST/sootOutput/ActivityLifecycle4.apk_dummy.csv
class fu.hao.trust.dvm.DalvikVM - [DEBUG]: apk java.util.zip.ZipFile@1a8cc3ba C:/Users/hao/workspace/DroidBenchProj/Lifecycle_ActivityLifecycle4/app/ActivityLifecycle4.apk
class fu.hao.trust.dvm.DalvikVM - [DEBUG]: class de.ecspride.MainActivity
class fu.hao.trust.dvm.DalvikVM - [MSG]: RUN Method de.ecspride.MainActivity/onResume[]
class fu.hao.trust.dvm.DalvikVM - [DEBUG]: New method call: de.ecspride.MainActivity/onResume[]
class fu.hao.trust.dvm.DalvikVM - [DEBUG]: [0]<SPECIAL,ARGUMENT_SET,extra=[2]>
class fu.hao.trust.dvm.DalvikVM - [DEBUG]: [1]<HALT,SUPER,extra=[null, [2]]>
class fu.hao.trust.dvm.DalvikVM - [DEBUG]: [2]<MOV,CONST,dst=r1,type=java.lang.String,extra="phone">
class fu.hao.trust.dvm.DalvikVM - [DEBUG]: [3]<INVOKE,VIRTUAL,extra=[android.app.Activity/getSystemService[java.lang.String], [2, 1]]>
class fu.hao.trust.dvm.DalvikVM - [DEBUG]: [4]<MOV,RESULT,dst=r0,type=java.lang.Object>
class fu.hao.trust.dvm.DalvikVM - [DEBUG]: [5]<ARITHMETIC,CHECK-AND-CAST,dst=r0,type=android.telephony.TelephonyManager>
class fu.hao.trust.dvm.DalvikVM - [DEBUG]: [6]<INVOKE,VIRTUAL,extra=[android.telephony.TelephonyManager/getDeviceId[], [0]]>
class fu.hao.trust.dvm.DalvikVM - [DEBUG]: [7]<MOV,RESULT,dst=r1,type=java.lang.Object>
class fu.hao.trust.dvm.DalvikVM - [DEBUG]: [8]<STATIC,SPUT,r0=r1,type=java.lang.Object,extra=(de.ecspride.MainActivity, imei)>
class fu.hao.trust.dvm.DalvikVM - [DEBUG]: [9]<RETURN,VOID>
class fu.hao.trust.dvm.DalvikVM - [DEBUG]: class de.ecspride.MainActivity
class fu.hao.trust.dvm.DalvikVM - [MSG]: RUN Method de.ecspride.MainActivity/onPause[]
class fu.hao.trust.dvm.DalvikVM - [DEBUG]: New method call: de.ecspride.MainActivity/onPause[]
class fu.hao.trust.dvm.DalvikVM - [DEBUG]: [0]<SPECIAL,ARGUMENT_SET,extra=[6]>
class fu.hao.trust.dvm.DalvikVM - [DEBUG]: [1]<MOV,CONST,dst=r2,type=void,extra=class patdroid.core.PrimitiveInfo?0>
class fu.hao.trust.dvm.DalvikVM - [DEBUG]: [2]<HALT,SUPER,extra=[null, [6]]>
class fu.hao.trust.dvm.DalvikVM - [DEBUG]: [3]<INVOKE,STATIC,extra=[android.telephony.SmsManager/getDefault[], []]>
class fu.hao.trust.dvm.DalvikVM - [DEBUG]: [4]<MOV,RESULT,dst=r0,type=java.lang.Object>
class fu.hao.trust.dvm.DalvikVM - [DEBUG]: [5]<MOV,CONST,dst=r1,type=java.lang.String,extra="+49 1234">
class fu.hao.trust.dvm.DalvikVM - [DEBUG]: [6]<STATIC,SGET,r0=r3,type=java.lang.Object,extra=(de.ecspride.MainActivity, imei)>
class fu.hao.trust.dvm.DalvikVM - [DEBUG]: [7]<MOV,REG,dst=r4,r0=r2,type=java.lang.Object>
class fu.hao.trust.dvm.DalvikVM - [DEBUG]: [8]<MOV,REG,dst=r5,r0=r2,type=java.lang.Object>
class fu.hao.trust.dvm.DalvikVM - [DEBUG]: [9]<INVOKE,VIRTUAL,extra=[android.telephony.SmsManager/sendTextMessage[java.lang.String, java.lang.String, java.lang.String, android.app.PendingIntent, android.app.PendingIntent], [0, 1, 2, 3, 4, 5]]>
class fu.hao.trust.dvm.DalvikVM - [DEBUG]: [10]<RETURN,VOID>
main - [DEBUG]: C:/Users/hao/workspace/TRUST/sootOutput/ActivityLifecycle4.apk.csv
main - [DEBUG]: VirtualDispatch1.apk
main - [DEBUG]: C:/Users/hao/workspace/TRUST/sootOutput/VirtualDispatch1.apk_dummy.csv
class fu.hao.trust.dvm.DalvikVM - [DEBUG]: apk java.util.zip.ZipFile@63f4c74f C:/Users/hao/workspace/DroidBenchProj/GeneralJava_VirtualDispatch1/app/VirtualDispatch1.apk
class fu.hao.trust.dvm.DalvikVM - [DEBUG]: class de.ecspride.VirtualDispatch1
class fu.hao.trust.dvm.DalvikVM - [MSG]: RUN Method de.ecspride.VirtualDispatch1/onCreate[android.os.Bundle]
class fu.hao.trust.dvm.DalvikVM - [DEBUG]: New method call: de.ecspride.VirtualDispatch1/onCreate[android.os.Bundle]
class fu.hao.trust.dvm.DalvikVM - [DEBUG]: [0]<SPECIAL,ARGUMENT_SET,extra=[2, 3]>
class fu.hao.trust.dvm.DalvikVM - [DEBUG]: [1]<HALT,SUPER,extra=[null, [2, 3]]>
class fu.hao.trust.dvm.DalvikVM - [DEBUG]: [2]<MOV,CONST,dst=r1,type=void,extra=class patdroid.core.PrimitiveInfo?2130903040>
class fu.hao.trust.dvm.DalvikVM - [DEBUG]: [3]<INVOKE,VIRTUAL,extra=[android.app.Activity/setContentView[int], [2, 1]]>
class fu.hao.trust.dvm.DalvikVM - [DEBUG]: [4]<MOV,CONST,dst=r1,type=java.lang.String,extra="phone">
class fu.hao.trust.dvm.DalvikVM - [DEBUG]: [5]<INVOKE,VIRTUAL,extra=[android.app.Activity/getSystemService[java.lang.String], [2, 1]]>
class fu.hao.trust.dvm.DalvikVM - [DEBUG]: [6]<MOV,RESULT,dst=r0,type=java.lang.Object>
class fu.hao.trust.dvm.DalvikVM - [DEBUG]: [7]<ARITHMETIC,CHECK-AND-CAST,dst=r0,type=android.telephony.TelephonyManager>
class fu.hao.trust.dvm.DalvikVM - [DEBUG]: [8]<INVOKE,VIRTUAL,extra=[android.telephony.TelephonyManager/getDeviceId[], [0]]>
class fu.hao.trust.dvm.DalvikVM - [DEBUG]: [9]<MOV,RESULT,dst=r1,type=java.lang.Object>
class fu.hao.trust.dvm.DalvikVM - [DEBUG]: [10]<INSTANCE,IPUT,r0=r2,r1=r1,type=java.lang.Object,extra=de.ecspride.VirtualDispatch1.imei>
class fu.hao.trust.dvm.DalvikVM - [DEBUG]: [11]<RETURN,VOID>
class fu.hao.trust.dvm.DalvikVM - [DEBUG]: class de.ecspride.VirtualDispatch1
class fu.hao.trust.dvm.DalvikVM - [MSG]: RUN Method de.ecspride.VirtualDispatch1/clickButton[android.view.View]
class fu.hao.trust.dvm.DalvikVM - [DEBUG]: New method call: de.ecspride.VirtualDispatch1/clickButton[android.view.View]
class fu.hao.trust.dvm.DalvikVM - [DEBUG]: [0]<SPECIAL,ARGUMENT_SET,extra=[2, 3]>
class fu.hao.trust.dvm.DalvikVM - [DEBUG]: [1]<INSTANCE,IGET,r0=r2,r1=r1,type=void,extra=de.ecspride.VirtualDispatch1.counter>
class fu.hao.trust.dvm.DalvikVM - [DEBUG]: [2]<ARITHMETIC,ADD,dst=r1,r0=r1,extra=class patdroid.core.PrimitiveInfo?1>
class fu.hao.trust.dvm.DalvikVM - [DEBUG]: [3]<INSTANCE,IPUT,r0=r2,r1=r1,type=void,extra=de.ecspride.VirtualDispatch1.counter>
class fu.hao.trust.dvm.DalvikVM - [DEBUG]: [4]<MOV,CONST,dst=r0,type=void,extra=class patdroid.core.PrimitiveInfo?0>
class fu.hao.trust.dvm.DalvikVM - [DEBUG]: [5]<INSTANCE,IGET,r0=r2,r1=r1,type=void,extra=de.ecspride.VirtualDispatch1.counter>
class fu.hao.trust.dvm.DalvikVM - [DEBUG]: [6]<ARITHMETIC,REM,dst=r1,r0=r1,extra=class patdroid.core.PrimitiveInfo?2>
class fu.hao.trust.dvm.DalvikVM - [DEBUG]: [7]<IF,NEZ,r0=r1,extra=index:13>
class fu.hao.trust.dvm.DalvikVM - [DEBUG]: [8]<NEW,INSTANCE,dst=r0,type=de.ecspride.NoDataLeak>
class fu.hao.trust.dvm.DalvikVM - [DEBUG]: [9]<MOV,CONST,dst=r1,type=java.lang.String,extra="no leak">
class fu.hao.trust.dvm.DalvikVM - [DEBUG]: [10]<INVOKE,DIRECT,extra=[de.ecspride.NoDataLeak/<init>[java.lang.String], [0, 1]]>
class fu.hao.trust.dvm.DalvikVM - [DEBUG]: [11]<INVOKE,VIRTUAL,extra=[de.ecspride.NoDataLeak/logData[], [0]]>
class fu.hao.trust.dvm.DalvikVM - [DEBUG]: [12]<RETURN,VOID>
class fu.hao.trust.dvm.DalvikVM - [DEBUG]: [13]<NEW,INSTANCE,dst=r0,type=de.ecspride.DataLeak>
class fu.hao.trust.dvm.DalvikVM - [DEBUG]: [14]<INSTANCE,IGET,r0=r2,r1=r1,type=java.lang.Object,extra=de.ecspride.VirtualDispatch1.imei>
class fu.hao.trust.dvm.DalvikVM - [DEBUG]: [15]<INVOKE,DIRECT,extra=[de.ecspride.DataLeak/<init>[java.lang.String], [0, 1]]>
class fu.hao.trust.dvm.DalvikVM - [DEBUG]: [16]<GOTO,extra=index:11>
class fu.hao.trust.dvm.DalvikVM - [MSG]: Begin run onCreate at C:/Users/hao/workspace/DroidBenchProj/GeneralJava_SourceCodeSpecific1/app/app-debug.apk
class fu.hao.trust.dvm.DalvikVM - [MSG]: RUN Method de.ecspride.MainActivity/onCreate[android.os.Bundle]
class fu.hao.trust.dvm.DalvikVM - [DEBUG]: New method call: de.ecspride.MainActivity/onCreate[android.os.Bundle]
class fu.hao.trust.dvm.DalvikVM - [DEBUG]: [0]<SPECIAL,ARGUMENT_SET,extra=[6, 7]>
class fu.hao.trust.dvm.DalvikVM - [DEBUG]: [1]<HALT,SUPER,extra=[null, [6, 7]]>
class fu.hao.trust.dvm.DalvikVM - [DEBUG]: [2]<MOV,CONST,dst=r5,type=void,extra=class patdroid.core.PrimitiveInfo?2130903040>
class fu.hao.trust.dvm.DalvikVM - [DEBUG]: [3]<INVOKE,VIRTUAL,extra=[android.app.Activity/setContentView[int], [6, 5]]>
class fu.hao.trust.dvm.DalvikVM - [DEBUG]: [4]<MOV,CONST,dst=r5,type=java.lang.String,extra="phone">
class fu.hao.trust.dvm.DalvikVM - [DEBUG]: [5]<INVOKE,VIRTUAL,extra=[android.app.Activity/getSystemService[java.lang.String], [6, 5]]>
class fu.hao.trust.dvm.DalvikVM - [DEBUG]: [6]<MOV,RESULT,dst=r4,type=java.lang.Object>
class fu.hao.trust.dvm.DalvikVM - [DEBUG]: [7]<ARITHMETIC,CHECK-AND-CAST,dst=r4,type=android.telephony.TelephonyManager>
class fu.hao.trust.dvm.DalvikVM - [DEBUG]: [8]<NEW,INSTANCE,dst=r3,type=java.util.HashSet>
class fu.hao.trust.dvm.DalvikVM - [DEBUG]: [9]<INVOKE,DIRECT,extra=[java.util.HashSet/<init>[], [3]]>
class fu.hao.trust.dvm.DalvikVM - [DEBUG]: [10]<MOV,CONST,dst=r5,type=java.lang.String,extra="+49 123456">
class fu.hao.trust.dvm.DalvikVM - [DEBUG]: [11]<INVOKE,INTERFACE,extra=[java.util.Set/add[java.lang.Object], [3, 5]]>
class fu.hao.trust.dvm.DalvikVM - [DEBUG]: [12]<MOV,CONST,dst=r5,type=java.lang.String,extra="+49 654321">
class fu.hao.trust.dvm.DalvikVM - [DEBUG]: [13]<INVOKE,INTERFACE,extra=[java.util.Set/add[java.lang.Object], [3, 5]]>
class fu.hao.trust.dvm.DalvikVM - [DEBUG]: [14]<MOV,CONST,dst=r5,type=java.lang.String,extra="+49 111111">
class fu.hao.trust.dvm.DalvikVM - [DEBUG]: [15]<INVOKE,INTERFACE,extra=[java.util.Set/add[java.lang.Object], [3, 5]]>
class fu.hao.trust.dvm.DalvikVM - [DEBUG]: [16]<MOV,CONST,dst=r5,type=java.lang.String,extra="+49 222222">
class fu.hao.trust.dvm.DalvikVM - [DEBUG]: [17]<INVOKE,INTERFACE,extra=[java.util.Set/add[java.lang.Object], [3, 5]]>
class fu.hao.trust.dvm.DalvikVM - [DEBUG]: [18]<MOV,CONST,dst=r5,type=java.lang.String,extra="+49 333333">
class fu.hao.trust.dvm.DalvikVM - [DEBUG]: [19]<INVOKE,INTERFACE,extra=[java.util.Set/add[java.lang.Object], [3, 5]]>
class fu.hao.trust.dvm.DalvikVM - [DEBUG]: [20]<MOV,CONST,dst=r0,type=void,extra=class patdroid.core.PrimitiveInfo?33>
class fu.hao.trust.dvm.DalvikVM - [DEBUG]: [21]<ARITHMETIC,ADD,dst=r1,r0=r0,extra=class patdroid.core.PrimitiveInfo?43>
class fu.hao.trust.dvm.DalvikVM - [DEBUG]: [22]<IF,NE,r0=r0,r1=r1,extra=index:26>
class fu.hao.trust.dvm.DalvikVM - [DEBUG]: [23]<MOV,CONST,dst=r2,type=java.lang.String,extra="no taint">
class fu.hao.trust.dvm.DalvikVM - [DEBUG]: [24]<INVOKE,DIRECT,extra=[de.ecspride.MainActivity/sendSMS[java.util.Set, java.lang.String], [6, 3, 2]]>
class fu.hao.trust.dvm.DalvikVM - [DEBUG]: [25]<RETURN,VOID>
class fu.hao.trust.dvm.DalvikVM - [DEBUG]: [26]<INVOKE,VIRTUAL,extra=[android.telephony.TelephonyManager/getDeviceId[], [4]]>
class fu.hao.trust.dvm.DalvikVM - [DEBUG]: [27]<MOV,RESULT,dst=r2,type=java.lang.Object>
class fu.hao.trust.dvm.DalvikVM - [DEBUG]: [28]<GOTO,extra=index:24>
class fu.hao.trust.dvm.DalvikVM - [MSG]: Begin run onCreate at C:/Users/hao/workspace/GeneralJava_Loop1/app/app-debug.apk
class fu.hao.trust.dvm.DalvikVM - [MSG]: RUN Method de.ecspride.LoopExample1/onCreate[android.os.Bundle]
class fu.hao.trust.dvm.DalvikVM - [DEBUG]: New method call: de.ecspride.LoopExample1/onCreate[android.os.Bundle]
class fu.hao.trust.dvm.DalvikVM - [DEBUG]: [0]<SPECIAL,ARGUMENT_SET,extra=[12, 13]>
class fu.hao.trust.dvm.DalvikVM - [DEBUG]: [1]<MOV,CONST,dst=r2,type=void,extra=class patdroid.core.PrimitiveInfo?0>
class fu.hao.trust.dvm.DalvikVM - [DEBUG]: [2]<HALT,SUPER,extra=[null, [12, 13]]>
class fu.hao.trust.dvm.DalvikVM - [DEBUG]: [3]<MOV,CONST,dst=r1,type=void,extra=class patdroid.core.PrimitiveInfo?2130903040>
class fu.hao.trust.dvm.DalvikVM - [DEBUG]: [4]<INVOKE,VIRTUAL,extra=[android.app.Activity/setContentView[int], [12, 1]]>
class fu.hao.trust.dvm.DalvikVM - [DEBUG]: [5]<MOV,CONST,dst=r1,type=java.lang.String,extra="phone">
class fu.hao.trust.dvm.DalvikVM - [DEBUG]: [6]<INVOKE,VIRTUAL,extra=[android.app.Activity/getSystemService[java.lang.String], [12, 1]]>
class fu.hao.trust.dvm.DalvikVM - [DEBUG]: [7]<MOV,RESULT,dst=r11,type=java.lang.Object>
class fu.hao.trust.dvm.DalvikVM - [DEBUG]: [8]<ARITHMETIC,CHECK-AND-CAST,dst=r11,type=android.telephony.TelephonyManager>
class fu.hao.trust.dvm.DalvikVM - [DEBUG]: [9]<INVOKE,VIRTUAL,extra=[android.telephony.TelephonyManager/getDeviceId[], [11]]>
class fu.hao.trust.dvm.DalvikVM - [DEBUG]: [10]<MOV,RESULT,dst=r9,type=java.lang.Object>
class fu.hao.trust.dvm.DalvikVM - [DEBUG]: [11]<MOV,CONST,dst=r3,type=java.lang.String,extra="">
class fu.hao.trust.dvm.DalvikVM - [DEBUG]: [12]<INVOKE,VIRTUAL,extra=[java.lang.String/toCharArray[], [9]]>
class fu.hao.trust.dvm.DalvikVM - [DEBUG]: [13]<MOV,RESULT,dst=r6,type=java.lang.Object>
class fu.hao.trust.dvm.DalvikVM - [DEBUG]: [14]<ARITHMETIC,ARRAY_LENGTH,dst=r10,r0=r6,type=int>
class fu.hao.trust.dvm.DalvikVM - [DEBUG]: [15]<MOV,CONST,dst=r8,type=void,extra=class patdroid.core.PrimitiveInfo?0>
class fu.hao.trust.dvm.DalvikVM - [DEBUG]: [16]<IF,GE,r0=r8,r1=r10,extra=index:31>
class fu.hao.trust.dvm.DalvikVM - [DEBUG]: [17]<ARRAY,AGET,dst=r7,r0=r6,r1=r8,type=char>
class fu.hao.trust.dvm.DalvikVM - [DEBUG]: [18]<NEW,INSTANCE,dst=r1,type=java.lang.StringBuilder>
class fu.hao.trust.dvm.DalvikVM - [DEBUG]: [19]<INVOKE,DIRECT,extra=[java.lang.StringBuilder/<init>[], [1]]>
class fu.hao.trust.dvm.DalvikVM - [DEBUG]: [20]<INVOKE,VIRTUAL,extra=[java.lang.StringBuilder/append[java.lang.String], [1, 3]]>
class fu.hao.trust.dvm.DalvikVM - [DEBUG]: [21]<MOV,RESULT,dst=r1,type=java.lang.Object>
class fu.hao.trust.dvm.DalvikVM - [DEBUG]: [22]<INVOKE,VIRTUAL,extra=[java.lang.StringBuilder/append[char], [1, 7]]>
class fu.hao.trust.dvm.DalvikVM - [DEBUG]: [23]<MOV,RESULT,dst=r1,type=java.lang.Object>
class fu.hao.trust.dvm.DalvikVM - [DEBUG]: [24]<MOV,CONST,dst=r4,type=java.lang.String,extra="_">
class fu.hao.trust.dvm.DalvikVM - [DEBUG]: [25]<INVOKE,VIRTUAL,extra=[java.lang.StringBuilder/append[java.lang.String], [1, 4]]>
class fu.hao.trust.dvm.DalvikVM - [DEBUG]: [26]<MOV,RESULT,dst=r1,type=java.lang.Object>
class fu.hao.trust.dvm.DalvikVM - [DEBUG]: [27]<INVOKE,VIRTUAL,extra=[java.lang.StringBuilder/toString[], [1]]>
class fu.hao.trust.dvm.DalvikVM - [DEBUG]: [28]<MOV,RESULT,dst=r3,type=java.lang.Object>
class fu.hao.trust.dvm.DalvikVM - [DEBUG]: [29]<ARITHMETIC,ADD,dst=r8,r0=r8,extra=class patdroid.core.PrimitiveInfo?1>
class fu.hao.trust.dvm.DalvikVM - [DEBUG]: [30]<GOTO,extra=index:16>
class fu.hao.trust.dvm.DalvikVM - [DEBUG]: [31]<INVOKE,STATIC,extra=[android.telephony.SmsManager/getDefault[], []]>
class fu.hao.trust.dvm.DalvikVM - [DEBUG]: [32]<MOV,RESULT,dst=r0,type=java.lang.Object>
class fu.hao.trust.dvm.DalvikVM - [DEBUG]: [33]<MOV,CONST,dst=r1,type=java.lang.String,extra="+49 1234">
class fu.hao.trust.dvm.DalvikVM - [DEBUG]: [34]<MOV,REG,dst=r4,r0=r2,type=java.lang.Object>
class fu.hao.trust.dvm.DalvikVM - [DEBUG]: [35]<MOV,REG,dst=r5,r0=r2,type=java.lang.Object>
class fu.hao.trust.dvm.DalvikVM - [DEBUG]: [36]<INVOKE,VIRTUAL,extra=[android.telephony.SmsManager/sendTextMessage[java.lang.String, java.lang.String, java.lang.String, android.app.PendingIntent, android.app.PendingIntent], [0, 1, 2, 3, 4, 5]]>
class fu.hao.trust.dvm.DalvikVM - [DEBUG]: [37]<RETURN,VOID>
class fu.hao.trust.dvm.DalvikVM - [MSG]: Begin run onCreate at C:/Users/hao/workspace/GeneralJava_Loop2/app/app-debug.apk
class fu.hao.trust.dvm.DalvikVM - [MSG]: RUN Method de.ecspride.LoopExample2/onCreate[android.os.Bundle]
class fu.hao.trust.dvm.DalvikVM - [DEBUG]: New method call: de.ecspride.LoopExample2/onCreate[android.os.Bundle]
class fu.hao.trust.dvm.DalvikVM - [DEBUG]: [0]<SPECIAL,ARGUMENT_SET,extra=[13, 14]>
class fu.hao.trust.dvm.DalvikVM - [DEBUG]: [1]<MOV,CONST,dst=r2,type=void,extra=class patdroid.core.PrimitiveInfo?0>
class fu.hao.trust.dvm.DalvikVM - [DEBUG]: [2]<HALT,SUPER,extra=[null, [13, 14]]>
class fu.hao.trust.dvm.DalvikVM - [DEBUG]: [3]<MOV,CONST,dst=r1,type=void,extra=class patdroid.core.PrimitiveInfo?2130903040>
class fu.hao.trust.dvm.DalvikVM - [DEBUG]: [4]<INVOKE,VIRTUAL,extra=[android.app.Activity/setContentView[int], [13, 1]]>
class fu.hao.trust.dvm.DalvikVM - [DEBUG]: [5]<MOV,CONST,dst=r1,type=java.lang.String,extra="phone">
class fu.hao.trust.dvm.DalvikVM - [DEBUG]: [6]<INVOKE,VIRTUAL,extra=[android.app.Activity/getSystemService[java.lang.String], [13, 1]]>
class fu.hao.trust.dvm.DalvikVM - [DEBUG]: [7]<MOV,RESULT,dst=r12,type=java.lang.Object>
class fu.hao.trust.dvm.DalvikVM - [DEBUG]: [8]<ARITHMETIC,CHECK-AND-CAST,dst=r12,type=android.telephony.TelephonyManager>
class fu.hao.trust.dvm.DalvikVM - [DEBUG]: [9]<INVOKE,VIRTUAL,extra=[android.telephony.TelephonyManager/getDeviceId[], [12]]>
class fu.hao.trust.dvm.DalvikVM - [DEBUG]: [10]<MOV,RESULT,dst=r10,type=java.lang.Object>
class fu.hao.trust.dvm.DalvikVM - [DEBUG]: [11]<MOV,CONST,dst=r3,type=java.lang.String,extra="">
class fu.hao.trust.dvm.DalvikVM - [DEBUG]: [12]<MOV,CONST,dst=r8,type=void,extra=class patdroid.core.PrimitiveInfo?0>
class fu.hao.trust.dvm.DalvikVM - [DEBUG]: [13]<MOV,CONST,dst=r1,type=void,extra=class patdroid.core.PrimitiveInfo?10>
class fu.hao.trust.dvm.DalvikVM - [DEBUG]: [14]<IF,GE,r0=r8,r1=r1,extra=in