DalvikVM - [MSG]: Begin run onCreate at C:/Users/hao/workspace/DroidBenchProj/FieldAndObjectSensitivity_FieldSensitivity4/app/app-release.apk
DalvikVM - [MSG]: RUN Method de.ecspride.FieldSensitivity4/onCreate[android.os.Bundle]
DalvikVM - [BB]: New method call: de.ecspride.FieldSensitivity4/onCreate[android.os.Bundle]
DalvikVM - [BB]: [0]<0 SPECIAL,ARGUMENT_SET,extra=[9, 10]>
DalvikVM - [BB]: [1]<0 MOV,CONST,dst=r2,type=void,extra=class patdroid.core.PrimitiveInfo?0>
DalvikVM - [BB]: [2]<0 HALT,SUPER,extra=[null, [9, 10]]>
DalvikVM - [BB]: [3]<0 MOV,CONST,dst=r1,type=void,extra=class patdroid.core.PrimitiveInfo?2130903040>
DalvikVM - [BB]: [4]<0 INVOKE,VIRTUAL,extra=[android.app.Activity/setContentView[int], [9, 1]]>
DalvikVM - [BB]: [5]<0 MOV,CONST,dst=r1,type=java.lang.String,extra="phone">
DalvikVM - [BB]: [6]<0 INVOKE,VIRTUAL,extra=[android.app.Activity/getSystemService[java.lang.String], [9, 1]]>
DalvikVM - [BB]: [7]<0 MOV,RESULT,dst=r8,type=java.lang.Object>
DalvikVM - [BB]: [8]<0 ARITHMETIC,CHECK-AND-CAST,dst=r8,type=android.telephony.TelephonyManager>
DalvikVM - [BB]: [9]<0 INVOKE,VIRTUAL,extra=[android.telephony.TelephonyManager/getDeviceId[], [8]]>
DalvikVM - [BB]: [10]<0 MOV,RESULT,dst=r7,type=java.lang.Object>
DalvikVM - [BB]: [11]<0 NEW,INSTANCE,dst=r6,type=de.ecspride.FieldSensitivity4$Datacontainer>
DalvikVM - [BB]: [12]<0 INVOKE,DIRECT,extra=[de.ecspride.FieldSensitivity4$Datacontainer/<init>[de.ecspride.FieldSensitivity4], [6, 9]]>
DalvikVM - [BB]: [13]<0 INVOKE,STATIC,extra=[android.telephony.SmsManager/getDefault[], []]>
DalvikVM - [BB]: [14]<0 MOV,RESULT,dst=r0,type=java.lang.Object>
DalvikVM - [BB]: [15]<0 MOV,CONST,dst=r1,type=java.lang.String,extra="+49 1234">
DalvikVM - [BB]: [16]<0 INSTANCE,IGET,r0=r6,r1=r3,type=java.lang.Object,extra=de.ecspride.FieldSensitivity4$Datacontainer.value>
DalvikVM - [BB]: [17]<0 MOV,REG,dst=r4,r0=r2,type=java.lang.Object>
DalvikVM - [BB]: [18]<0 MOV,REG,dst=r5,r0=r2,type=java.lang.Object>
DalvikVM - [BB]: [19]<0 INVOKE,VIRTUAL,extra=[android.telephony.SmsManager/sendTextMessage[java.lang.String, java.lang.String, java.lang.String, android.app.PendingIntent, android.app.PendingIntent], [0, 1, 2, 3, 4, 5]]>
DalvikVM - [BB]: [20]<0 INSTANCE,IPUT,r0=r6,r1=r7,type=java.lang.Object,extra=de.ecspride.FieldSensitivity4$Datacontainer.value>
DalvikVM - [BB]: [21]<0 RETURN,VOID>
DalvikVM - [BB]: New Stack Frame: StackFrame de.ecspride.FieldSensitivity4/onCreate[android.os.Bundle]
DalvikVM - [BB]: Stack: [StackFrame de.ecspride.FieldSensitivity4/onCreate[android.os.Bundle]]
Interpreter - [MSG]: New chain obj
Caller@4: <init>@fu.hao.trust.dvm.DVMObject - [BB]: getClass de.ecspride.FieldSensitivity4 at fu.hao.trust.dvm.VMHeap@3d267b5
Caller: getClass@fu.hao.trust.dvm.VMHeap - [BB]: new class representation for de.ecspride.FieldSensitivity4 at fu.hao.trust.dvm.VMHeap@3d267b5
Caller@4: <init>@fu.hao.trust.dvm.DVMClass - [BB]: getClass android.app.Activity at fu.hao.trust.dvm.VMHeap@3d267b5
Caller: getClass@fu.hao.trust.dvm.VMHeap - [BB]: new class representation for android.app.Activity at fu.hao.trust.dvm.VMHeap@3d267b5
Caller@4: <init>@fu.hao.trust.dvm.DVMClass - [BB]: getClass java.lang.Object at fu.hao.trust.dvm.VMHeap@3d267b5
Caller: getClass@fu.hao.trust.dvm.VMHeap - [BB]: new class representation for java.lang.Object at fu.hao.trust.dvm.VMHeap@3d267b5
Caller: <init>@fu.hao.trust.dvm.DVMClass - [BB]: Get DVMClass for type java.lang.Object
Caller@4: <init>@fu.hao.trust.dvm.DVMClass - [BB]: getClass java.lang.Object at fu.hao.trust.dvm.VMHeap@3d267b5
Caller: <init>@fu.hao.trust.dvm.DVMClass - [BB]: Get DVMClass for type android.app.Activity
Caller@4: <init>@fu.hao.trust.dvm.DVMClass - [BB]: getClass android.app.Activity at fu.hao.trust.dvm.VMHeap@3d267b5
Caller: <init>@fu.hao.trust.dvm.DVMObject - [BB]: Get DVMClass for type de.ecspride.FieldSensitivity4
Caller@4: <init>@fu.hao.trust.dvm.DVMObject - [BB]: getClass de.ecspride.FieldSensitivity4 at fu.hao.trust.dvm.VMHeap@3d267b5
DVMObject - [BB]: New instance of de.ecspride.FieldSensitivity4
Caller@4: <init>@fu.hao.trust.dvm.DVMObject - [BB]: getClass de.ecspride.FieldSensitivity4 at fu.hao.trust.dvm.VMHeap@3d267b5
Caller: <init>@fu.hao.trust.dvm.DVMObject - [BB]: Get DVMClass for type de.ecspride.FieldSensitivity4
Caller@4: <init>@fu.hao.trust.dvm.DVMObject - [BB]: getClass de.ecspride.FieldSensitivity4 at fu.hao.trust.dvm.VMHeap@3d267b5
Interpreter - [MSG]: RUN BEGIN de.ecspride.FieldSensitivity4/onCreate[android.os.Bundle]
Interpreter - [MSG]: RUN BEGIN
DalvikVM - [BB]: fu.hao.trust.dvm.Interpreter -> run set pc to 0
Interpreter - [MSG]: 

Interpreter - [MSG]: <0 SPECIAL,ARGUMENT_SET,extra=[9, 10]> at de.ecspride.FieldSensitivity4/onCreate[android.os.Bundle]
Interpreter - [WARN]: NULL CallingCtx!
Interpreter - [DEBUG]: args: instance number 1@de.ecspride.FieldSensitivity4
Interpreter - [BB]: Start param from 1
Caller@4: <init>@fu.hao.trust.dvm.DVMObject - [BB]: getClass android.os.Bundle at fu.hao.trust.dvm.VMHeap@3d267b5
Caller: getClass@fu.hao.trust.dvm.VMHeap - [BB]: new class representation for android.os.Bundle at fu.hao.trust.dvm.VMHeap@3d267b5
Caller: <init>@fu.hao.trust.dvm.DVMObject - [BB]: Get DVMClass for type android.os.Bundle
Caller@4: <init>@fu.hao.trust.dvm.DVMObject - [BB]: getClass android.os.Bundle at fu.hao.trust.dvm.VMHeap@3d267b5
DVMObject - [BB]: New instance of android.os.Bundle
Caller@4: <init>@fu.hao.trust.dvm.DVMObject - [BB]: getClass android.os.Bundle at fu.hao.trust.dvm.VMHeap@3d267b5
Caller: <init>@fu.hao.trust.dvm.DVMObject - [BB]: Get DVMClass for type android.os.Bundle
Caller@4: <init>@fu.hao.trust.dvm.DVMObject - [BB]: getClass android.os.Bundle at fu.hao.trust.dvm.VMHeap@3d267b5
Interpreter - [DEBUG]: args: instance number 1@android.os.Bundle
DalvikVM - [BB]: fu.hao.trust.dvm.Interpreter$OP_SP_ARGUMENTS -> jump set pc to 1
PluginManager - [MSG]: Taint Tainted Res: {}
Interpreter - [MSG]: 

Interpreter - [MSG]: <1 MOV,CONST,dst=r2,type=void,extra=class patdroid.core.PrimitiveInfo?0> at de.ecspride.FieldSensitivity4/onCreate[android.os.Bundle]
Interpreter - [DEBUG]: Mov const begin <1 MOV,CONST,dst=r2,type=void,extra=class patdroid.core.PrimitiveInfo?0>
Interpreter - [DEBUG]: data: 0 class patdroid.core.PrimitiveInfo
DalvikVM - [BB]: fu.hao.trust.dvm.Interpreter$OP_MOV_CONST -> jump set pc to 2
PluginManager - [MSG]: Taint Tainted Res: {}
Interpreter - [MSG]: 

Interpreter - [MSG]: <2 HALT,SUPER,extra=[null, [9, 10]]> at de.ecspride.FieldSensitivity4/onCreate[android.os.Bundle]
DalvikVM - [BB]: fu.hao.trust.dvm.Interpreter$OP_HALT -> jump set pc to 3
Interpreter - [MSG]: Cannot resolve the invocation
Taint - [BB]: Not a taint op <2 HALT,SUPER,extra=[null, [9, 10]]>
PluginManager - [MSG]: Taint Tainted Res: {}
Interpreter - [MSG]: 

Interpreter - [MSG]: <3 MOV,CONST,dst=r1,type=void,extra=class patdroid.core.PrimitiveInfo?2130903040> at de.ecspride.FieldSensitivity4/onCreate[android.os.Bundle]
Interpreter - [DEBUG]: Mov const begin <3 MOV,CONST,dst=r1,type=void,extra=class patdroid.core.PrimitiveInfo?2130903040>
Interpreter - [DEBUG]: data: 2130903040 class patdroid.core.PrimitiveInfo
DalvikVM - [BB]: fu.hao.trust.dvm.Interpreter$OP_MOV_CONST -> jump set pc to 4
PluginManager - [MSG]: Taint Tainted Res: {}
Interpreter - [MSG]: 

Interpreter - [MSG]: <4 INVOKE,VIRTUAL,extra=[android.app.Activity/setContentView[int], [9, 1]]> at de.ecspride.FieldSensitivity4/onCreate[android.os.Bundle]
Interpreter - [MSG]: arg0 obj: instance number 1@de.ecspride.FieldSensitivity4
Interpreter - [DEBUG]: Reflction class: class android.app.Activity
Interpreter - [BB]: arg1@reg1: 2130903040
Interpreter - [DEBUG]: Expected para type: int
Interpreter - [DEBUG]: Real para int
Interpreter - [DEBUG]: Caller obj: android.app.Activity@5a34ab7a, from class: class android.app.Activity
Interpreter - [MSG]: Reflction invocation public void android.app.Activity.setContentView(int)
DalvikVM - [BB]: fu.hao.trust.dvm.Interpreter -> jump set pc to 5
TAINT_OP_INVOKE - [BB]: <android.app.Activity: void setContentView(int)>
TAINT_OP_INVOKE - [DEBUG]: not a taint call: <android.app.Activity: void setContentView(int)>
PluginManager - [MSG]: Taint Tainted Res: {}
Interpreter - [MSG]: 

Interpreter - [MSG]: <5 MOV,CONST,dst=r1,type=java.lang.String,extra="phone"> at de.ecspride.FieldSensitivity4/onCreate[android.os.Bundle]
Interpreter - [DEBUG]: Mov const begin <5 MOV,CONST,dst=r1,type=java.lang.String,extra="phone">
Interpreter - [DEBUG]: data: phone class java.lang.String
DalvikVM - [BB]: fu.hao.trust.dvm.Interpreter$OP_MOV_CONST -> jump set pc to 6
PluginManager - [MSG]: Taint Tainted Res: {}
Interpreter - [MSG]: 

Interpreter - [MSG]: <6 INVOKE,VIRTUAL,extra=[android.app.Activity/getSystemService[java.lang.String], [9, 1]]> at de.ecspride.FieldSensitivity4/onCreate[android.os.Bundle]
Interpreter - [MSG]: arg0 obj: instance number 1@de.ecspride.FieldSensitivity4
Interpreter - [DEBUG]: Reflction class: class android.app.Activity
Interpreter - [BB]: arg1@reg1: phone
Interpreter - [DEBUG]: Caller obj: android.app.Activity@5fbc4e89, from class: class android.app.Activity
Interpreter - [DEBUG]: Return data: android.telephony.TelephonyManager@43c83579 ,class android.telephony.TelephonyManager
Interpreter - [MSG]: Reflction invocation public java.lang.Object android.app.Activity.getSystemService(java.lang.String)
DalvikVM - [BB]: fu.hao.trust.dvm.Interpreter -> jump set pc to 7
TAINT_OP_INVOKE - [BB]: <android.app.Activity: java.lang.Object getSystemService(java.lang.String)>
TAINT_OP_INVOKE - [DEBUG]: not a taint call: <android.app.Activity: java.lang.Object getSystemService(java.lang.String)>
PluginManager - [MSG]: Taint Tainted Res: {}
Interpreter - [MSG]: 

Interpreter - [MSG]: <7 MOV,RESULT,dst=r8,type=java.lang.Object> at de.ecspride.FieldSensitivity4/onCreate[android.os.Bundle]
OP_MOV_RESULT - [BB]: Result data: android.telephony.TelephonyManager@43c83579
OP_MOV_RESULT - [DEBUG]: Result data: android.telephony.TelephonyManager@43c83579, type: java.lang.Object, to [reg 8@onCreate]
DalvikVM - [BB]: fu.hao.trust.dvm.Interpreter$OP_MOV_RESULT -> jump set pc to 8
PluginManager - [MSG]: Taint Tainted Res: {}
Interpreter - [MSG]: 

Interpreter - [MSG]: <8 ARITHMETIC,CHECK-AND-CAST,dst=r8,type=android.telephony.TelephonyManager> at de.ecspride.FieldSensitivity4/onCreate[android.os.Bundle]
DalvikVM - [BB]: fu.hao.trust.dvm.Interpreter$OP_ARITHETIC -> jump set pc to 9
Taint - [BB]: Not a taint op <8 ARITHMETIC,CHECK-AND-CAST,dst=r8,type=android.telephony.TelephonyManager>
PluginManager - [MSG]: Taint Tainted Res: {}
Interpreter - [MSG]: 

Interpreter - [MSG]: <9 INVOKE,VIRTUAL,extra=[android.telephony.TelephonyManager/getDeviceId[], [8]]> at de.ecspride.FieldSensitivity4/onCreate[android.os.Bundle]
Interpreter - [MSG]: arg0 obj: android.telephony.TelephonyManager@43c83579
Interpreter - [DEBUG]: Reflction class: class android.telephony.TelephonyManager
Interpreter - [DEBUG]: Return data: 359874043116909 ,class java.lang.String
Interpreter - [MSG]: Reflction invocation public java.lang.String android.telephony.TelephonyManager.getDeviceId()
DalvikVM - [BB]: fu.hao.trust.dvm.Interpreter -> jump set pc to 10
TAINT_OP_INVOKE - [BB]: <android.telephony.TelephonyManager: java.lang.String getDeviceId()>
TAINT_OP_INVOKE - [WARN]: Found a tainted return value!
PluginManager - [MSG]: Taint Tainted Res: {359874043116909=<9 INVOKE,VIRTUAL,extra=[android.telephony.TelephonyManager/getDeviceId[], [8]]>, [Global RetReg]=<9 INVOKE,VIRTUAL,extra=[android.telephony.TelephonyManager/getDeviceId[], [8]]>}
Interpreter - [MSG]: 

Interpreter - [MSG]: <10 MOV,RESULT,dst=r7,type=java.lang.Object> at de.ecspride.FieldSensitivity4/onCreate[android.os.Bundle]
OP_MOV_RESULT - [BB]: Result data: 359874043116909
OP_MOV_RESULT - [DEBUG]: Result data: 359874043116909, type: java.lang.String, to [reg 7@onCreate]
DalvikVM - [BB]: fu.hao.trust.dvm.Interpreter$OP_MOV_RESULT -> jump set pc to 11
TAINT_OP_MOV_RESULT - [BB]: <9 INVOKE,VIRTUAL,extra=[android.telephony.TelephonyManager/getDeviceId[], [8]]>
TAINT_OP_MOV_RESULT - [BB]: Add reg 7 due to ret reg.
PluginManager - [MSG]: Taint Tainted Res: {[reg 7@onCreate]=<9 INVOKE,VIRTUAL,extra=[android.telephony.TelephonyManager/getDeviceId[], [8]]>, 359874043116909=<9 INVOKE,VIRTUAL,extra=[android.telephony.TelephonyManager/getDeviceId[], [8]]>}
Interpreter - [MSG]: 

Interpreter - [MSG]: <11 NEW,INSTANCE,dst=r6,type=de.ecspride.FieldSensitivity4$Datacontainer> at de.ecspride.FieldSensitivity4/onCreate[android.os.Bundle]
OP_NEW_INSTANCE - [DEBUG]: [reg 6@onCreate]
Caller@4: <init>@fu.hao.trust.dvm.DVMObject - [BB]: getClass de.ecspride.FieldSensitivity4$Datacontainer at fu.hao.trust.dvm.VMHeap@3d267b5
Caller: getClass@fu.hao.trust.dvm.VMHeap - [BB]: new class representation for de.ecspride.FieldSensitivity4$Datacontainer at fu.hao.trust.dvm.VMHeap@3d267b5
Caller@4: <init>@fu.hao.trust.dvm.DVMClass - [BB]: getClass java.lang.Object at fu.hao.trust.dvm.VMHeap@3d267b5
Caller: <init>@fu.hao.trust.dvm.DVMClass - [BB]: Get DVMClass for type java.lang.Object
Caller@4: <init>@fu.hao.trust.dvm.DVMClass - [BB]: getClass java.lang.Object at fu.hao.trust.dvm.VMHeap@3d267b5
Caller: <init>@fu.hao.trust.dvm.DVMObject - [BB]: Get DVMClass for type de.ecspride.FieldSensitivity4$Datacontainer
Caller@4: <init>@fu.hao.trust.dvm.DVMObject - [BB]: getClass de.ecspride.FieldSensitivity4$Datacontainer at fu.hao.trust.dvm.VMHeap@3d267b5
DVMObject - [BB]: New instance of de.ecspride.FieldSensitivity4$Datacontainer
Caller@4: <init>@fu.hao.trust.dvm.DVMObject - [BB]: getClass de.ecspride.FieldSensitivity4$Datacontainer at fu.hao.trust.dvm.VMHeap@3d267b5
Caller: <init>@fu.hao.trust.dvm.DVMObject - [BB]: Get DVMClass for type de.ecspride.FieldSensitivity4$Datacontainer
Caller@4: <init>@fu.hao.trust.dvm.DVMObject - [BB]: getClass de.ecspride.FieldSensitivity4$Datacontainer at fu.hao.trust.dvm.VMHeap@3d267b5
OP_NEW_INSTANCE - [DEBUG]: begin new object of de.ecspride.FieldSensitivity4$Datacontainercreated.
OP_NEW_INSTANCE - [DEBUG]: new object of de.ecspride.FieldSensitivity4$Datacontainercreated.
DalvikVM - [BB]: fu.hao.trust.dvm.Interpreter$OP_NEW_INSTANCE -> jump set pc to 12
class fu.hao.trust.analysis.Taint$TAINT_OP_NEW_INSTANCE - [BB]: Rdst [reg 6@onCreate]
PluginManager - [MSG]: Taint Tainted Res: {[reg 7@onCreate]=<9 INVOKE,VIRTUAL,extra=[android.telephony.TelephonyManager/getDeviceId[], [8]]>, 359874043116909=<9 INVOKE,VIRTUAL,extra=[android.telephony.TelephonyManager/getDeviceId[], [8]]>}
Interpreter - [MSG]: 

Interpreter - [MSG]: <12 INVOKE,DIRECT,extra=[de.ecspride.FieldSensitivity4$Datacontainer/<init>[de.ecspride.FieldSensitivity4], [6, 9]]> at de.ecspride.FieldSensitivity4/onCreate[android.os.Bundle]
Interpreter - [MSG]: arg0 obj: instance number 1@de.ecspride.FieldSensitivity4$Datacontainer
Interpreter - [DEBUG]: not a reflction invocation de.ecspride.FieldSensitivity4$Datacontainer/<init>[de.ecspride.FieldSensitivity4]
DalvikVM - [BB]: New method call: de.ecspride.FieldSensitivity4$Datacontainer/<init>[de.ecspride.FieldSensitivity4]
DalvikVM - [BB]: [0]<0 SPECIAL,ARGUMENT_SET,extra=[1, 2]>
DalvikVM - [BB]: [1]<0 INSTANCE,IPUT,r0=r1,r1=r2,type=java.lang.Object,extra=de.ecspride.FieldSensitivity4$Datacontainer.this$0>
DalvikVM - [BB]: [2]<0 INVOKE,DIRECT,extra=[java.lang.Object/<init>[], [1]]>
DalvikVM - [BB]: [3]<0 MOV,CONST,dst=r0,type=java.lang.String,extra="android">
DalvikVM - [BB]: [4]<0 INSTANCE,IPUT,r0=r1,r1=r0,type=java.lang.Object,extra=de.ecspride.FieldSensitivity4$Datacontainer.value>
DalvikVM - [BB]: [5]<0 RETURN,VOID>
DalvikVM - [BB]: New Stack Frame: StackFrame de.ecspride.FieldSensitivity4$Datacontainer/<init>[de.ecspride.FieldSensitivity4], pc [I@73c71c75 stored. 
DalvikVM - [BB]: Stack: [StackFrame de.ecspride.FieldSensitivity4/onCreate[android.os.Bundle], StackFrame de.ecspride.FieldSensitivity4$Datacontainer/<init>[de.ecspride.FieldSensitivity4]]
PluginManager - [MSG]: Taint Tainted Res: {359874043116909=<9 INVOKE,VIRTUAL,extra=[android.telephony.TelephonyManager/getDeviceId[], [8]]>}
DalvikVM - [BB]: fu.hao.trust.dvm.Interpreter -> run set pc to 0
Interpreter - [MSG]: 

Interpreter - [MSG]: <0 SPECIAL,ARGUMENT_SET,extra=[1, 2]> at de.ecspride.FieldSensitivity4$Datacontainer/<init>[de.ecspride.FieldSensitivity4]
Interpreter - [DEBUG]: params: instance number 1@de.ecspride.FieldSensitivity4$Datacontainer
Interpreter - [DEBUG]: params: instance number 1@de.ecspride.FieldSensitivity4
DalvikVM - [BB]: fu.hao.trust.dvm.Interpreter$OP_SP_ARGUMENTS -> jump set pc to 1
TAINT_OP_SP_ARGUMENTS - [BB]: Copy 359874043116909 as tainted.
PluginManager - [MSG]: Taint Tainted Res: {359874043116909=<9 INVOKE,VIRTUAL,extra=[android.telephony.TelephonyManager/getDeviceId[], [8]]>}
Interpreter - [MSG]: 

Interpreter - [MSG]: <1 INSTANCE,IPUT,r0=r1,r1=r2,type=java.lang.Object,extra=de.ecspride.FieldSensitivity4$Datacontainer.this$0> at de.ecspride.FieldSensitivity4$Datacontainer/<init>[de.ecspride.FieldSensitivity4]
class fu.hao.trust.dvm.Interpreter$OP_INSTANCE_PUT_FIELD - [BB]: field de.ecspride.FieldSensitivity4$Datacontainer.this$0
class fu.hao.trust.dvm.Interpreter$OP_INSTANCE_PUT_FIELD - [BB]: Target obj instance number 1@de.ecspride.FieldSensitivity4$Datacontainer
DVMObject - [DEBUG]: put field instance number 1@de.ecspride.FieldSensitivity4
class fu.hao.trust.dvm.Interpreter$OP_INSTANCE_PUT_FIELD - [MSG]: Put field instance number 1@de.ecspride.FieldSensitivity4 to the field of instance number 1@de.ecspride.FieldSensitivity4$Datacontainer
DalvikVM - [BB]: fu.hao.trust.dvm.Interpreter$OP_INSTANCE_PUT_FIELD -> jump set pc to 2
PluginManager - [MSG]: Taint Tainted Res: {359874043116909=<9 INVOKE,VIRTUAL,extra=[android.telephony.TelephonyManager/getDeviceId[], [8]]>}
Interpreter - [MSG]: 

Interpreter - [MSG]: <2 INVOKE,DIRECT,extra=[java.lang.Object/<init>[], [1]]> at de.ecspride.FieldSensitivity4$Datacontainer/<init>[de.ecspride.FieldSensitivity4]
Interpreter - [MSG]: arg0 obj: instance number 1@de.ecspride.FieldSensitivity4$Datacontainer
DalvikVM - [BB]: fu.hao.trust.dvm.Interpreter -> jump set pc to 3
PluginManager - [MSG]: Taint Tainted Res: {359874043116909=<9 INVOKE,VIRTUAL,extra=[android.telephony.TelephonyManager/getDeviceId[], [8]]>}
Interpreter - [MSG]: 

Interpreter - [MSG]: <3 MOV,CONST,dst=r0,type=java.lang.String,extra="android"> at de.ecspride.FieldSensitivity4$Datacontainer/<init>[de.ecspride.FieldSensitivity4]
Interpreter - [DEBUG]: Mov const begin <3 MOV,CONST,dst=r0,type=java.lang.String,extra="android">
Interpreter - [DEBUG]: data: android class java.lang.String
DalvikVM - [BB]: fu.hao.trust.dvm.Interpreter$OP_MOV_CONST -> jump set pc to 4
PluginManager - [MSG]: Taint Tainted Res: {359874043116909=<9 INVOKE,VIRTUAL,extra=[android.telephony.TelephonyManager/getDeviceId[], [8]]>}
Interpreter - [MSG]: 

Interpreter - [MSG]: <4 INSTANCE,IPUT,r0=r1,r1=r0,type=java.lang.Object,extra=de.ecspride.FieldSensitivity4$Datacontainer.value> at de.ecspride.FieldSensitivity4$Datacontainer/<init>[de.ecspride.FieldSensitivity4]
class fu.hao.trust.dvm.Interpreter$OP_INSTANCE_PUT_FIELD - [BB]: field de.ecspride.FieldSensitivity4$Datacontainer.value
class fu.hao.trust.dvm.Interpreter$OP_INSTANCE_PUT_FIELD - [BB]: Target obj instance number 1@de.ecspride.FieldSensitivity4$Datacontainer
DVMObject - [DEBUG]: put field android
class fu.hao.trust.dvm.Interpreter$OP_INSTANCE_PUT_FIELD - [MSG]: Put field android to the field of instance number 1@de.ecspride.FieldSensitivity4$Datacontainer
DalvikVM - [BB]: fu.hao.trust.dvm.Interpreter$OP_INSTANCE_PUT_FIELD -> jump set pc to 5
PluginManager - [MSG]: Taint Tainted Res: {359874043116909=<9 INVOKE,VIRTUAL,extra=[android.telephony.TelephonyManager/getDeviceId[], [8]]>}
Interpreter - [MSG]: 

Interpreter - [MSG]: <5 RETURN,VOID> at de.ecspride.FieldSensitivity4$Datacontainer/<init>[de.ecspride.FieldSensitivity4]
class fu.hao.trust.dvm.Interpreter$OP_RETURN_VOID - [DEBUG]: Return void
DalvikVM - [BB]: fu.hao.trust.dvm.Interpreter$OP_RETURN_VOID -> jump set pc to 13
PluginManager - [MSG]: Taint Tainted Res: {[reg 7@onCreate]=<9 INVOKE,VIRTUAL,extra=[android.telephony.TelephonyManager/getDeviceId[], [8]]>, 359874043116909=<9 INVOKE,VIRTUAL,extra=[android.telephony.TelephonyManager/getDeviceId[], [8]]>}
Interpreter - [MSG]: 

Interpreter - [MSG]: <13 INVOKE,STATIC,extra=[android.telephony.SmsManager/getDefault[], []]> at de.ecspride.FieldSensitivity4/onCreate[android.os.Bundle]
Interpreter - [DEBUG]: reflction class android.telephony.SmsManager
Interpreter - [MSG]: reflction invocation public static android.telephony.SmsManager android.telephony.SmsManager.getDefault()
DalvikVM - [BB]: fu.hao.trust.dvm.Interpreter$OP_INVOKE_STATIC -> jump set pc to 14
TAINT_OP_INVOKE - [BB]: <android.telephony.SmsManager: android.telephony.SmsManager getDefault()>
TAINT_OP_INVOKE - [DEBUG]: not a taint call: <android.telephony.SmsManager: android.telephony.SmsManager getDefault()>
PluginManager - [MSG]: Taint Tainted Res: {[reg 7@onCreate]=<9 INVOKE,VIRTUAL,extra=[android.telephony.TelephonyManager/getDeviceId[], [8]]>, 359874043116909=<9 INVOKE,VIRTUAL,extra=[android.telephony.TelephonyManager/getDeviceId[], [8]]>}
Interpreter - [MSG]: 

Interpreter - [MSG]: <14 MOV,RESULT,dst=r0,type=java.lang.Object> at de.ecspride.FieldSensitivity4/onCreate[android.os.Bundle]
OP_MOV_RESULT - [BB]: Result data: android.telephony.SmsManager@11e19edb
OP_MOV_RESULT - [DEBUG]: Result data: android.telephony.SmsManager@11e19edb, type: android.telephony.SmsManager, to [reg 0@onCreate]
DalvikVM - [BB]: fu.hao.trust.dvm.Interpreter$OP_MOV_RESULT -> jump set pc to 15
PluginManager - [MSG]: Taint Tainted Res: {[reg 7@onCreate]=<9 INVOKE,VIRTUAL,extra=[android.telephony.TelephonyManager/getDeviceId[], [8]]>, 359874043116909=<9 INVOKE,VIRTUAL,extra=[android.telephony.TelephonyManager/getDeviceId[], [8]]>}
Interpreter - [MSG]: 

Interpreter - [MSG]: <15 MOV,CONST,dst=r1,type=java.lang.String,extra="+49 1234"> at de.ecspride.FieldSensitivity4/onCreate[android.os.Bundle]
Interpreter - [DEBUG]: Mov const begin <15 MOV,CONST,dst=r1,type=java.lang.String,extra="+49 1234">
Interpreter - [DEBUG]: data: +49 1234 class java.lang.String
DalvikVM - [BB]: fu.hao.trust.dvm.Interpreter$OP_MOV_CONST -> jump set pc to 16
PluginManager - [MSG]: Taint Tainted Res: {[reg 7@onCreate]=<9 INVOKE,VIRTUAL,extra=[android.telephony.TelephonyManager/getDeviceId[], [8]]>, 359874043116909=<9 INVOKE,VIRTUAL,extra=[android.telephony.TelephonyManager/getDeviceId[], [8]]>}
Interpreter - [MSG]: 

Interpreter - [MSG]: <16 INSTANCE,IGET,r0=r6,r1=r3,type=java.lang.Object,extra=de.ecspride.FieldSensitivity4$Datacontainer.value> at de.ecspride.FieldSensitivity4/onCreate[android.os.Bundle]
class fu.hao.trust.dvm.Interpreter$OP_INSTANCE_GET_FIELD - [BB]: obj instance number 1@de.ecspride.FieldSensitivity4$Datacontainer
class fu.hao.trust.dvm.Interpreter$OP_INSTANCE_GET_FIELD - [BB]: fieldinfo de.ecspride.FieldSensitivity4$Datacontainer.value
class fu.hao.trust.dvm.Interpreter$OP_INSTANCE_GET_FIELD - [DEBUG]: Get data: android
DalvikVM - [BB]: fu.hao.trust.dvm.Interpreter$OP_INSTANCE_GET_FIELD -> jump set pc to 17
PluginManager - [MSG]: Taint Tainted Res: {[reg 7@onCreate]=<9 INVOKE,VIRTUAL,extra=[android.telephony.TelephonyManager/getDeviceId[], [8]]>, 359874043116909=<9 INVOKE,VIRTUAL,extra=[android.telephony.TelephonyManager/getDeviceId[], [8]]>}
Interpreter - [MSG]: 

Interpreter - [MSG]: <17 MOV,REG,dst=r4,r0=r2,type=java.lang.Object> at de.ecspride.FieldSensitivity4/onCreate[android.os.Bundle]
class fu.hao.trust.dvm.Interpreter$OP_MOVE_REG - [DEBUG]: mov 0 to 0
DalvikVM - [BB]: fu.hao.trust.dvm.Interpreter$OP_MOVE_REG -> jump set pc to 18
PluginManager - [MSG]: Taint Tainted Res: {[reg 7@onCreate]=<9 INVOKE,VIRTUAL,extra=[android.telephony.TelephonyManager/getDeviceId[], [8]]>, 359874043116909=<9 INVOKE,VIRTUAL,extra=[android.telephony.TelephonyManager/getDeviceId[], [8]]>}
Interpreter - [MSG]: 

Interpreter - [MSG]: <18 MOV,REG,dst=r5,r0=r2,type=java.lang.Object> at de.ecspride.FieldSensitivity4/onCreate[android.os.Bundle]
class fu.hao.trust.dvm.Interpreter$OP_MOVE_REG - [DEBUG]: mov 0 to 0
DalvikVM - [BB]: fu.hao.trust.dvm.Interpreter$OP_MOVE_REG -> jump set pc to 19
PluginManager - [MSG]: Taint Tainted Res: {[reg 7@onCreate]=<9 INVOKE,VIRTUAL,extra=[android.telephony.TelephonyManager/getDeviceId[], [8]]>, 359874043116909=<9 INVOKE,VIRTUAL,extra=[android.telephony.TelephonyManager/getDeviceId[], [8]]>}
Interpreter - [MSG]: 

Interpreter - [MSG]: <19 INVOKE,VIRTUAL,extra=[android.telephony.SmsManager/sendTextMessage[java.lang.String, java.lang.String, java.lang.String, android.app.PendingIntent, android.app.PendingIntent], [0, 1, 2, 3, 4, 5]]> at de.ecspride.FieldSensitivity4/onCreate[android.os.Bundle]
Interpreter - [MSG]: arg0 obj: android.telephony.SmsManager@11e19edb
Interpreter - [DEBUG]: Reflction class: class android.telephony.SmsManager
Interpreter - [BB]: arg1@reg1: +49 1234
Interpreter - [BB]: arg2@reg2: 0
Interpreter - [WARN]: Mismatch type! arg 2, real para type: class patdroid.core.PrimitiveInfo, expected para type: class java.lang.String
Interpreter - [BB]: arg3@reg3: android
Interpreter - [BB]: arg4@reg4: 0
Interpreter - [WARN]: Mismatch type! arg 4, real para type: class patdroid.core.PrimitiveInfo, expected para type: class android.app.PendingIntent
Interpreter - [BB]: arg5@reg5: 0
Interpreter - [WARN]: Mismatch type! arg 5, real para type: class patdroid.core.PrimitiveInfo, expected para type: class android.app.PendingIntent
Interpreter - [DEBUG]: Caller obj: android.telephony.SmsManager@11e19edb, from class: class android.telephony.SmsManager
Interpreter - [MSG]: Reflction invocation public void android.telephony.SmsManager.sendTextMessage(java.lang.String,java.lang.String,java.lang.String,android.app.PendingIntent,android.app.PendingIntent)
DalvikVM - [BB]: fu.hao.trust.dvm.Interpreter -> jump set pc to 20
TAINT_OP_INVOKE - [BB]: <android.telephony.SmsManager: void sendTextMessage(java.lang.String,java.lang.String,java.lang.String,android.app.PendingIntent,android.app.PendingIntent)>
TAINT_OP_INVOKE - [BB]: Found a sink invocation. <android.telephony.SmsManager: void sendTextMessage(java.lang.String,java.lang.String,java.lang.String,android.app.PendingIntent,android.app.PendingIntent)>
PluginManager - [MSG]: Taint Tainted Res: {[reg 7@onCreate]=<9 INVOKE,VIRTUAL,extra=[android.telephony.TelephonyManager/getDeviceId[], [8]]>, 359874043116909=<9 INVOKE,VIRTUAL,extra=[android.telephony.TelephonyManager/getDeviceId[], [8]]>}
Interpreter - [MSG]: 

Interpreter - [MSG]: <20 INSTANCE,IPUT,r0=r6,r1=r7,type=java.lang.Object,extra=de.ecspride.FieldSensitivity4$Datacontainer.value> at de.ecspride.FieldSensitivity4/onCreate[android.os.Bundle]
class fu.hao.trust.dvm.Interpreter$OP_INSTANCE_PUT_FIELD - [BB]: field de.ecspride.FieldSensitivity4$Datacontainer.value
class fu.hao.trust.dvm.Interpreter$OP_INSTANCE_PUT_FIELD - [BB]: Target obj instance number 1@de.ecspride.FieldSensitivity4$Datacontainer
DVMObject - [DEBUG]: put field 359874043116909
class fu.hao.trust.dvm.Interpreter$OP_INSTANCE_PUT_FIELD - [MSG]: Put field 359874043116909 to the field of instance number 1@de.ecspride.FieldSensitivity4$Datacontainer
DalvikVM - [BB]: fu.hao.trust.dvm.Interpreter$OP_INSTANCE_PUT_FIELD -> jump set pc to 21
TAINT_OP_INSTANCE_PUT_FIELD - [BB]: Add 359874043116909as tainted due to [reg 6@onCreate]
PluginManager - [MSG]: Taint Tainted Res: {[reg 7@onCreate]=<9 INVOKE,VIRTUAL,extra=[android.telephony.TelephonyManager/getDeviceId[], [8]]>, 359874043116909=<9 INVOKE,VIRTUAL,extra=[android.telephony.TelephonyManager/getDeviceId[], [8]]>}
Interpreter - [MSG]: 

Interpreter - [MSG]: <21 RETURN,VOID> at de.ecspride.FieldSensitivity4/onCreate[android.os.Bundle]
class fu.hao.trust.dvm.Interpreter$OP_RETURN_VOID - [DEBUG]: Return void
Interpreter - [MSG]: RUN DONE! The last one is onCreate
DalvikVM - [MSG]: FINISHED!

main - [MSG]: Analysis has run for 2.526081921 seconds

