DalvikVM - [MSG]: Begin run onCreate at C:/Users/hao/workspace/DroidBenchProj/GeneralJava_StaticInitialization1/app/app-release.apk
DalvikVM - [MSG]: RUN Method de.ecspride.MainActivity/onCreate[android.os.Bundle]
Executor - [MSG]: New chain obj with type de.ecspride.MainActivity
Executor - [MSG]: RUN BEGIN de.ecspride.MainActivity/onCreate[android.os.Bundle]
Executor - [MSG]: 

Executor - [MSG]: <0 SPECIAL,ARGUMENT_SET,extra=[2, 3]> at de.ecspride.MainActivity/onCreate[android.os.Bundle]
Executor - [WARN]: NULL CallingCtx!
Executor - [DEBUG]: args: Activity:instance number 1@de.ecspride.MainActivity
Executor - [DEBUG]: args: instance number 1@android.os.Bundle
PluginManager - [MSG]: Taint Tainted Res: {}
Executor - [MSG]: 

Executor - [MSG]: <1 HALT,SUPER,extra=[null, [2, 3]]> at de.ecspride.MainActivity/onCreate[android.os.Bundle]
Executor - [MSG]: Cannot resolve the invocation
PluginManager - [MSG]: Taint Tainted Res: {}
Executor - [MSG]: 

Executor - [MSG]: <2 MOV,CONST,dst=r1,type=void,extra=class patdroid.core.PrimitiveInfo?2130903040> at de.ecspride.MainActivity/onCreate[android.os.Bundle]
Executor - [DEBUG]: Mov const begin <2 MOV,CONST,dst=r1,type=void,extra=class patdroid.core.PrimitiveInfo?2130903040>
Executor - [DEBUG]: data: 2130903040 class patdroid.core.PrimitiveInfo
PluginManager - [MSG]: Taint Tainted Res: {}
Executor - [MSG]: 

Executor - [MSG]: <3 INVOKE,VIRTUAL,extra=[android.app.Activity/setContentView[int], [2, 1]]> at de.ecspride.MainActivity/onCreate[android.os.Bundle]
Executor - [MSG]: arg0 obj: Activity:instance number 1@de.ecspride.MainActivity
Executor - [DEBUG]: Reflction class: class android.app.Activity
Executor - [DEBUG]: Expected para type: int
Executor - [DEBUG]: Real para int
Executor - [DEBUG]: Caller obj: Activity:instance number 1@de.ecspride.MainActivity, from class: class android.app.Activity
Executor - [MSG]: Reflction invocation public void android.app.Activity.setContentView(int)
Taint - [DEBUG]: not a taint call: <android.app.Activity: void setContentView(int)>
PluginManager - [MSG]: Taint Tainted Res: {}
Executor - [MSG]: 

Executor - [MSG]: <4 MOV,CONST,dst=r1,type=java.lang.String,extra="phone"> at de.ecspride.MainActivity/onCreate[android.os.Bundle]
Executor - [DEBUG]: Mov const begin <4 MOV,CONST,dst=r1,type=java.lang.String,extra="phone">
Executor - [DEBUG]: data: phone class java.lang.String
PluginManager - [MSG]: Taint Tainted Res: {}
Executor - [MSG]: 

Executor - [MSG]: <5 INVOKE,VIRTUAL,extra=[android.content.Context/getSystemService[java.lang.String], [2, 1]]> at de.ecspride.MainActivity/onCreate[android.os.Bundle]
Executor - [MSG]: arg0 obj: Activity:instance number 1@de.ecspride.MainActivity
Executor - [DEBUG]: Reflction class: class android.content.Context
Executor - [DEBUG]: Caller obj: Activity:instance number 1@de.ecspride.MainActivity, from class: class android.app.Activity
Executor - [DEBUG]: Return data: android.telephony.TelephonyManager@38b4216d ,class android.telephony.TelephonyManager
Executor - [MSG]: Reflction invocation public java.lang.Object android.content.Context.getSystemService(java.lang.String)
Taint - [DEBUG]: not a taint call: <android.content.Context: java.lang.Object getSystemService(java.lang.String)>
PluginManager - [MSG]: Taint Tainted Res: {}
Executor - [MSG]: 

Executor - [MSG]: <6 MOV,RESULT,dst=r1,type=java.lang.Object> at de.ecspride.MainActivity/onCreate[android.os.Bundle]
OP_MOV_RESULT - [DEBUG]: Result data: android.telephony.TelephonyManager@38b4216d, type: java.lang.Object, to [reg 1@MainActivity/onCreate]
PluginManager - [MSG]: Taint Tainted Res: {}
Executor - [MSG]: 

Executor - [MSG]: <7 ARITHMETIC,CHECK-AND-CAST,dst=r1,type=android.telephony.TelephonyManager> at de.ecspride.MainActivity/onCreate[android.os.Bundle]
PluginManager - [MSG]: Taint Tainted Res: {}
Executor - [MSG]: 

Executor - [MSG]: <8 INVOKE,VIRTUAL,extra=[android.telephony.TelephonyManager/getDeviceId[], [1]]> at de.ecspride.MainActivity/onCreate[android.os.Bundle]
Executor - [MSG]: arg0 obj: android.telephony.TelephonyManager@38b4216d
Executor - [DEBUG]: Reflction class: class android.telephony.TelephonyManager
Executor - [DEBUG]: Return data: 359874043116909 ,class java.lang.String
Executor - [MSG]: Reflction invocation public java.lang.String android.telephony.TelephonyManager.getDeviceId()
Taint - [WARN]: Found a tainted return value!
PluginManager - [MSG]: Taint Tainted Res: {[Global RetReg]=<8 INVOKE,VIRTUAL,extra=[android.telephony.TelephonyManager/getDeviceId[], [1]]>, 359874043116909=<8 INVOKE,VIRTUAL,extra=[android.telephony.TelephonyManager/getDeviceId[], [1]]>}
Executor - [MSG]: 

Executor - [MSG]: <9 MOV,RESULT,dst=r1,type=java.lang.Object> at de.ecspride.MainActivity/onCreate[android.os.Bundle]
OP_MOV_RESULT - [DEBUG]: Result data: 359874043116909, type: java.lang.String, to [reg 1@MainActivity/onCreate]
PluginManager - [MSG]: Taint Tainted Res: {359874043116909=<8 INVOKE,VIRTUAL,extra=[android.telephony.TelephonyManager/getDeviceId[], [1]]>, [reg 1@MainActivity/onCreate]=<8 INVOKE,VIRTUAL,extra=[android.telephony.TelephonyManager/getDeviceId[], [1]]>}
Executor - [MSG]: 

Executor - [MSG]: <10 STATIC,SPUT,r0=r1,type=java.lang.Object,extra=(de.ecspride.MainActivity, im)> at de.ecspride.MainActivity/onCreate[android.os.Bundle]
class fu.hao.trust.dvm.Executor$OP_STATIC_PUT_FIELD - [DEBUG]: expect sput im from de.ecspride.MainActivity
class fu.hao.trust.dvm.Executor$OP_STATIC_PUT_FIELD - [DEBUG]: real sput 359874043116909 from fu.hao.trust.dvm.DVMClass@7709c5c
PluginManager - [MSG]: Taint Tainted Res: {359874043116909=<8 INVOKE,VIRTUAL,extra=[android.telephony.TelephonyManager/getDeviceId[], [1]]>, [reg 1@MainActivity/onCreate]=<8 INVOKE,VIRTUAL,extra=[android.telephony.TelephonyManager/getDeviceId[], [1]]>}
Executor - [MSG]: 

Executor - [MSG]: <11 NEW,INSTANCE,dst=r0,type=de.ecspride.MainActivity$StaticInitClass1> at de.ecspride.MainActivity/onCreate[android.os.Bundle]
OP_NEW_INSTANCE - [DEBUG]: [reg 0@MainActivity/onCreate]
OP_NEW_INSTANCE - [DEBUG]: New object of de.ecspride.MainActivity$StaticInitClass1created:instance number 1@de.ecspride.MainActivity$StaticInitClass1
PluginManager - [MSG]: Taint Tainted Res: {359874043116909=<8 INVOKE,VIRTUAL,extra=[android.telephony.TelephonyManager/getDeviceId[], [1]]>}
Executor - [MSG]: 

Executor - [MSG]: <0 SPECIAL,ARGUMENT_SET,extra=[]> at de.ecspride.MainActivity$StaticInitClass1/<clinit>[]
PluginManager - [MSG]: Taint Tainted Res: {359874043116909=<8 INVOKE,VIRTUAL,extra=[android.telephony.TelephonyManager/getDeviceId[], [1]]>}
Executor - [MSG]: 

Executor - [MSG]: <1 MOV,CONST,dst=r2,type=void,extra=class patdroid.core.PrimitiveInfo?0> at de.ecspride.MainActivity$StaticInitClass1/<clinit>[]
Executor - [DEBUG]: Mov const begin <1 MOV,CONST,dst=r2,type=void,extra=class patdroid.core.PrimitiveInfo?0>
Executor - [DEBUG]: data: 0 class patdroid.core.PrimitiveInfo
PluginManager - [MSG]: Taint Tainted Res: {359874043116909=<8 INVOKE,VIRTUAL,extra=[android.telephony.TelephonyManager/getDeviceId[], [1]]>}
Executor - [MSG]: 

Executor - [MSG]: <2 INVOKE,STATIC,extra=[android.telephony.SmsManager/getDefault[], []]> at de.ecspride.MainActivity$StaticInitClass1/<clinit>[]
Executor - [DEBUG]: Reflction class android.telephony.SmsManager
Executor - [MSG]: reflction invocation public static android.telephony.SmsManager android.telephony.SmsManager.getDefault()
Taint - [DEBUG]: not a taint call: <android.telephony.SmsManager: android.telephony.SmsManager getDefault()>
PluginManager - [MSG]: Taint Tainted Res: {359874043116909=<8 INVOKE,VIRTUAL,extra=[android.telephony.TelephonyManager/getDeviceId[], [1]]>}
Executor - [MSG]: 

Executor - [MSG]: <3 MOV,RESULT,dst=r0,type=java.lang.Object> at de.ecspride.MainActivity$StaticInitClass1/<clinit>[]
OP_MOV_RESULT - [DEBUG]: Result data: android.telephony.SmsManager@22935862, type: android.telephony.SmsManager, to [reg 0@MainActivity$StaticInitClass1/<clinit>]
PluginManager - [MSG]: Taint Tainted Res: {359874043116909=<8 INVOKE,VIRTUAL,extra=[android.telephony.TelephonyManager/getDeviceId[], [1]]>}
Executor - [MSG]: 

Executor - [MSG]: <4 MOV,CONST,dst=r1,type=java.lang.String,extra="+49 1234"> at de.ecspride.MainActivity$StaticInitClass1/<clinit>[]
Executor - [DEBUG]: Mov const begin <4 MOV,CONST,dst=r1,type=java.lang.String,extra="+49 1234">
Executor - [DEBUG]: data: +49 1234 class java.lang.String
PluginManager - [MSG]: Taint Tainted Res: {359874043116909=<8 INVOKE,VIRTUAL,extra=[android.telephony.TelephonyManager/getDeviceId[], [1]]>}
Executor - [MSG]: 

Executor - [MSG]: <5 STATIC,SGET,r0=r3,type=java.lang.Object,extra=(de.ecspride.MainActivity, im)> at de.ecspride.MainActivity$StaticInitClass1/<clinit>[]
OP_STATIC_GET_FIELD - [DEBUG]: Sget 359874043116909, from fu.hao.trust.dvm.DVMClass@7709c5c
OP_STATIC_GET_FIELD - [DEBUG]: Expect sget im, a java.lang.String from de.ecspride.MainActivity
PluginManager - [MSG]: Taint Tainted Res: {[reg 3@MainActivity$StaticInitClass1/<clinit>]=<8 INVOKE,VIRTUAL,extra=[android.telephony.TelephonyManager/getDeviceId[], [1]]>, 359874043116909=<8 INVOKE,VIRTUAL,extra=[android.telephony.TelephonyManager/getDeviceId[], [1]]>}
Executor - [MSG]: 

Executor - [MSG]: <6 MOV,REG,dst=r4,r0=r2,type=java.lang.Object> at de.ecspride.MainActivity$StaticInitClass1/<clinit>[]
class fu.hao.trust.dvm.Executor$OP_MOVE_REG - [DEBUG]: mov 0 to 0
PluginManager - [MSG]: Taint Tainted Res: {[reg 3@MainActivity$StaticInitClass1/<clinit>]=<8 INVOKE,VIRTUAL,extra=[android.telephony.TelephonyManager/getDeviceId[], [1]]>, 359874043116909=<8 INVOKE,VIRTUAL,extra=[android.telephony.TelephonyManager/getDeviceId[], [1]]>}
Executor - [MSG]: 

Executor - [MSG]: <7 MOV,REG,dst=r5,r0=r2,type=java.lang.Object> at de.ecspride.MainActivity$StaticInitClass1/<clinit>[]
class fu.hao.trust.dvm.Executor$OP_MOVE_REG - [DEBUG]: mov 0 to 0
PluginManager - [MSG]: Taint Tainted Res: {[reg 3@MainActivity$StaticInitClass1/<clinit>]=<8 INVOKE,VIRTUAL,extra=[android.telephony.TelephonyManager/getDeviceId[], [1]]>, 359874043116909=<8 INVOKE,VIRTUAL,extra=[android.telephony.TelephonyManager/getDeviceId[], [1]]>}
Executor - [MSG]: 

Executor - [MSG]: <8 INVOKE,VIRTUAL,extra=[android.telephony.SmsManager/sendTextMessage[java.lang.String, java.lang.String, java.lang.String, android.app.PendingIntent, android.app.PendingIntent], [0, 1, 2, 3, 4, 5]]> at de.ecspride.MainActivity$StaticInitClass1/<clinit>[]
Executor - [MSG]: arg0 obj: android.telephony.SmsManager@22935862
Executor - [DEBUG]: Reflction class: class android.telephony.SmsManager
Executor - [WARN]: Mismatch type! arg 2, real para type: class patdroid.core.PrimitiveInfo, expected para type: class java.lang.String
Executor - [WARN]: Mismatch type! arg 4, real para type: class patdroid.core.PrimitiveInfo, expected para type: class android.app.PendingIntent
Executor - [WARN]: Mismatch type! arg 5, real para type: class patdroid.core.PrimitiveInfo, expected para type: class android.app.PendingIntent
Executor - [DEBUG]: Caller obj: android.telephony.SmsManager@22935862, from class: class android.telephony.SmsManager
Executor - [MSG]: Reflction invocation public void android.telephony.SmsManager.sendTextMessage(java.lang.String,java.lang.String,java.lang.String,android.app.PendingIntent,android.app.PendingIntent)
Taint - [WARN]: Found a taint sink <android.telephony.SmsManager: void sendTextMessage(java.lang.String,java.lang.String,java.lang.String,android.app.PendingIntent,android.app.PendingIntent)> leaking data [359874043116909] at reg 3!!!
PluginManager - [MSG]: Taint Tainted Res: {[reg 3@MainActivity$StaticInitClass1/<clinit>]=<8 INVOKE,VIRTUAL,extra=[android.telephony.TelephonyManager/getDeviceId[], [1]]>, 359874043116909=<8 INVOKE,VIRTUAL,extra=[android.telephony.TelephonyManager/getDeviceId[], [1]]>}
Executor - [MSG]: 

Executor - [MSG]: <9 RETURN,VOID> at de.ecspride.MainActivity$StaticInitClass1/<clinit>[]
class fu.hao.trust.dvm.Executor$OP_RETURN_VOID - [DEBUG]: Return void
PluginManager - [MSG]: Taint Tainted Res: {359874043116909=<8 INVOKE,VIRTUAL,extra=[android.telephony.TelephonyManager/getDeviceId[], [1]]>, [reg 1@MainActivity/onCreate]=<8 INVOKE,VIRTUAL,extra=[android.telephony.TelephonyManager/getDeviceId[], [1]]>}
Executor - [MSG]: 

Executor - [MSG]: <11 NEW,INSTANCE,dst=r0,type=de.ecspride.MainActivity$StaticInitClass1> at de.ecspride.MainActivity/onCreate[android.os.Bundle]
OP_NEW_INSTANCE - [DEBUG]: [reg 0@MainActivity/onCreate]
OP_NEW_INSTANCE - [DEBUG]: New object of de.ecspride.MainActivity$StaticInitClass1created:instance number 2@de.ecspride.MainActivity$StaticInitClass1
PluginManager - [MSG]: Taint Tainted Res: {359874043116909=<8 INVOKE,VIRTUAL,extra=[android.telephony.TelephonyManager/getDeviceId[], [1]]>, [reg 1@MainActivity/onCreate]=<8 INVOKE,VIRTUAL,extra=[android.telephony.TelephonyManager/getDeviceId[], [1]]>}
Executor - [MSG]: 

Executor - [MSG]: <12 INVOKE,DIRECT,extra=[de.ecspride.MainActivity$StaticInitClass1/<init>[], [0]]> at de.ecspride.MainActivity/onCreate[android.os.Bundle]
Executor - [MSG]: arg0 obj: instance number 2@de.ecspride.MainActivity$StaticInitClass1
Executor - [WARN]: Reflection error: de.ecspride.MainActivity$StaticInitClass1
PluginManager - [MSG]: Taint Tainted Res: {359874043116909=<8 INVOKE,VIRTUAL,extra=[android.telephony.TelephonyManager/getDeviceId[], [1]]>}
Executor - [MSG]: 

Executor - [MSG]: <0 SPECIAL,ARGUMENT_SET,extra=[0]> at de.ecspride.MainActivity$StaticInitClass1/<init>[]
Executor - [DEBUG]: params: instance number 2@de.ecspride.MainActivity$StaticInitClass1
PluginManager - [MSG]: Taint Tainted Res: {359874043116909=<8 INVOKE,VIRTUAL,extra=[android.telephony.TelephonyManager/getDeviceId[], [1]]>}
Executor - [MSG]: 

Executor - [MSG]: <1 INVOKE,DIRECT,extra=[java.lang.Object/<init>[], [0]]> at de.ecspride.MainActivity$StaticInitClass1/<init>[]
Executor - [MSG]: arg0 obj: instance number 2@de.ecspride.MainActivity$StaticInitClass1
PluginManager - [MSG]: Taint Tainted Res: {359874043116909=<8 INVOKE,VIRTUAL,extra=[android.telephony.TelephonyManager/getDeviceId[], [1]]>}
Executor - [MSG]: 

Executor - [MSG]: <2 RETURN,VOID> at de.ecspride.MainActivity$StaticInitClass1/<init>[]
class fu.hao.trust.dvm.Executor$OP_RETURN_VOID - [DEBUG]: Return void
PluginManager - [MSG]: Taint Tainted Res: {359874043116909=<8 INVOKE,VIRTUAL,extra=[android.telephony.TelephonyManager/getDeviceId[], [1]]>, [reg 1@MainActivity/onCreate]=<8 INVOKE,VIRTUAL,extra=[android.telephony.TelephonyManager/getDeviceId[], [1]]>}
Executor - [MSG]: 

Executor - [MSG]: <13 RETURN,VOID> at de.ecspride.MainActivity/onCreate[android.os.Bundle]
class fu.hao.trust.dvm.Executor$OP_RETURN_VOID - [DEBUG]: Return void
Executor - [MSG]: RUN DONE! The last one is onCreate
DalvikVM - [MSG]: FINISHED!

main - [MSG]: Analysis has run for 1.912776609 seconds

