DalvikVM - [MSG]: Begin run execTask71d2f241f at C:/Users/hao/workspace/PJApps/app/app-release.apk
DalvikVM - [MSG]: RUN Method fu.hao.pjapps.MainActivity/execTask71d2f241f[]
DalvikVM - [BB]: New method call: fu.hao.pjapps.MainActivity/execTask71d2f241f[]
DalvikVM - [BB]: [0]<0 SPECIAL,ARGUMENT_SET,extra=[9]>
DalvikVM - [BB]: [1]<0 MOV,CONST,dst=r8,type=void,extra=class patdroid.core.PrimitiveInfo?5>
DalvikVM - [BB]: [2]<0 MOV,CONST,dst=r7,type=void,extra=class patdroid.core.PrimitiveInfo?2>
DalvikVM - [BB]: [3]<0 MOV,CONST,dst=r3,type=void,extra=class patdroid.core.PrimitiveInfo?0>
DalvikVM - [BB]: [4]<0 MOV,CONST,dst=r0,type=void,extra=class patdroid.core.PrimitiveInfo?0>
DalvikVM - [BB]: [5]<0 MOV,CONST,dst=r5,type=void,extra=class patdroid.core.PrimitiveInfo?7>
DalvikVM - [BB]: [6]<0 NEW,ARRAY,dst=r2,r0=r5,type=[Ljava.lang.String;>
DalvikVM - [BB]: [7]<0 INSTANCE,IGET,r0=r9,r1=r5,type=java.lang.Object,extra=fu.hao.pjapps.MainActivity.imei>
DalvikVM - [BB]: [8]<0 IF,EQZ,r0=r5,extra=index:14>
DalvikVM - [BB]: [9]<0 MOV,CONST,dst=r5,type=java.lang.String,extra="">
DalvikVM - [BB]: [10]<0 INSTANCE,IGET,r0=r9,r1=r6,type=java.lang.Object,extra=fu.hao.pjapps.MainActivity.imei>
DalvikVM - [BB]: [11]<0 INVOKE,VIRTUAL,extra=[java.lang.String/equalsIgnoreCase[java.lang.String], [5, 6]]>
DalvikVM - [BB]: [12]<0 MOV,RESULT,dst=r5,type=void>
DalvikVM - [BB]: [13]<0 IF,EQZ,r0=r5,extra=index:46>
DalvikVM - [BB]: [14]<0 MOV,CONST,dst=r5,type=java.lang.String,extra="phone">
DalvikVM - [BB]: [15]<0 INVOKE,VIRTUAL,extra=[android.app.Activity/getSystemService[java.lang.String], [9, 5]]>
DalvikVM - [BB]: [16]<0 MOV,RESULT,dst=r4,type=java.lang.Object>
DalvikVM - [BB]: [17]<0 ARITHMETIC,CHECK-AND-CAST,dst=r4,type=android.telephony.TelephonyManager>
DalvikVM - [BB]: [18]<0 IF,EQZ,r0=r4,extra=index:46>
DalvikVM - [BB]: [19]<0 INVOKE,VIRTUAL,extra=[android.telephony.TelephonyManager/getDeviceId[], [4]]>
DalvikVM - [BB]: [20]<0 MOV,RESULT,dst=r5,type=java.lang.Object>
DalvikVM - [BB]: [21]<0 INSTANCE,IPUT,r0=r9,r1=r5,type=java.lang.Object,extra=fu.hao.pjapps.MainActivity.imei>
DalvikVM - [BB]: [22]<0 HALT,VIRTUAL,extra=[null, [4]]>
DalvikVM - [BB]: [23]<0 MOV,RESULT,dst=r5,type=java.lang.Object>
DalvikVM - [BB]: [24]<0 INSTANCE,IPUT,r0=r9,r1=r5,type=java.lang.Object,extra=fu.hao.pjapps.MainActivity.tel>
DalvikVM - [BB]: [25]<0 INVOKE,VIRTUAL,extra=[android.telephony.TelephonyManager/getSubscriberId[], [4]]>
DalvikVM - [BB]: [26]<0 MOV,RESULT,dst=r5,type=java.lang.Object>
DalvikVM - [BB]: [27]<0 INSTANCE,IPUT,r0=r9,r1=r5,type=java.lang.Object,extra=fu.hao.pjapps.MainActivity.imsi>
DalvikVM - [BB]: [28]<0 INSTANCE,IGET,r0=r9,r1=r5,type=java.lang.Object,extra=fu.hao.pjapps.MainActivity.imsi>
DalvikVM - [BB]: [29]<0 IF,EQZ,r0=r5,extra=index:39>
DalvikVM - [BB]: [30]<0 INSTANCE,IGET,r0=r9,r1=r5,type=java.lang.Object,extra=fu.hao.pjapps.MainActivity.imsi>
DalvikVM - [BB]: [31]<0 INVOKE,VIRTUAL,extra=[java.lang.String/length[], [5]]>
DalvikVM - [BB]: [32]<0 MOV,RESULT,dst=r5,type=void>
DalvikVM - [BB]: [33]<0 IF,LE,r0=r5,r1=r8,extra=index:39>
DalvikVM - [BB]: [34]<0 INSTANCE,IGET,r0=r9,r1=r5,type=java.lang.Object,extra=fu.hao.pjapps.MainActivity.imsi>
DalvikVM - [BB]: [35]<0 MOV,CONST,dst=r6,type=void,extra=class patdroid.core.PrimitiveInfo?3>
DalvikVM - [BB]: [36]<0 INVOKE,VIRTUAL,extra=[java.lang.String/substring[int, int], [5, 6, 8]]>
DalvikVM - [BB]: [37]<0 MOV,RESULT,dst=r5,type=java.lang.Object>
DalvikVM - [BB]: [38]<0 INSTANCE,IPUT,r0=r9,r1=r5,type=java.lang.Object,extra=fu.hao.pjapps.MainActivity.mnc>
DalvikVM - [BB]: [39]<0 MOV,CONST,dst=r5,type=java.lang.String,extra="01">
DalvikVM - [BB]: [40]<0 INSTANCE,IGET,r0=r9,r1=r6,type=java.lang.Object,extra=fu.hao.pjapps.MainActivity.mnc>
DalvikVM - [BB]: [41]<0 INVOKE,VIRTUAL,extra=[java.lang.String/equalsIgnoreCase[java.lang.String], [5, 6]]>
DalvikVM - [BB]: [42]<0 MOV,RESULT,dst=r5,type=void>
DalvikVM - [BB]: [43]<0 IF,EQZ,r0=r5,extra=index:46>
DalvikVM - [BB]: [44]<0 MOV,CONST,dst=r5,type=java.lang.String,extra="10010">
DalvikVM - [BB]: [45]<0 INSTANCE,IPUT,r0=r9,r1=r5,type=java.lang.Object,extra=fu.hao.pjapps.MainActivity.testtel>
DalvikVM - [BB]: [46]<0 MOV,CONST,dst=r5,type=java.lang.String,extra="other">
DalvikVM - [BB]: [47]<0 ARRAY,AGET,dst=r6,r0=r2,r1=r7,type=java.lang.Object>
DalvikVM - [BB]: [48]<0 INVOKE,VIRTUAL,extra=[java.lang.String/equalsIgnoreCase[java.lang.String], [5, 6]]>
DalvikVM - [BB]: [49]<0 MOV,RESULT,dst=r5,type=void>
DalvikVM - [BB]: [50]<0 IF,EQZ,r0=r5,extra=index:59>
DalvikVM - [BB]: [51]<0 MOV,CONST,dst=r5,type=java.lang.String,extra="other">
DalvikVM - [BB]: [52]<0 INSTANCE,IGET,r0=r9,r1=r6,type=java.lang.Object,extra=fu.hao.pjapps.MainActivity.servicecenter>
DalvikVM - [BB]: [53]<0 INVOKE,VIRTUAL,extra=[java.lang.String/equalsIgnoreCase[java.lang.String], [5, 6]]>
DalvikVM - [BB]: [54]<0 MOV,RESULT,dst=r5,type=void>
DalvikVM - [BB]: [55]<0 IF,EQZ,r0=r5,extra=index:59>
DalvikVM - [BB]: [56]<0 INSTANCE,IGET,r0=r9,r1=r5,type=java.lang.Object,extra=fu.hao.pjapps.MainActivity.testtel>
DalvikVM - [BB]: [57]<0 MOV,CONST,dst=r6,type=java.lang.String,extra="801">
DalvikVM - [BB]: [58]<0 INVOKE,DIRECT,extra=[fu.hao.pjapps.MainActivity/sendSMS[java.lang.String, java.lang.String], [9, 5, 6]]>
DalvikVM - [BB]: [59]<0 MOV,CONST,dst=r6,type=AndroidWide,extra=class patdroid.core.PrimitiveInfo?1.25d>
DalvikVM - [BB]: [60]<0 INVOKE,STATIC,extra=[java.lang.Thread/sleep[long], [6]]>
DalvikVM - [BB]: [61]<0 NEW,INSTANCE,dst=r5,type=java.lang.StringBuilder>
DalvikVM - [BB]: [62]<0 INVOKE,DIRECT,extra=[java.lang.StringBuilder/<init>[], [5]]>
DalvikVM - [BB]: [63]<0 MOV,CONST,dst=r6,type=java.lang.String,extra="http://xml.mobile.com:8118/push/androidxml/">
DalvikVM - [BB]: [64]<0 INVOKE,VIRTUAL,extra=[java.lang.StringBuilder/append[java.lang.String], [5, 6]]>
DalvikVM - [BB]: [65]<0 MOV,RESULT,dst=r5,type=java.lang.Object>
DalvikVM - [BB]: [66]<0 INSTANCE,IGET,r0=r9,r1=r6,type=java.lang.Object,extra=fu.hao.pjapps.MainActivity.bigpid>
DalvikVM - [BB]: [67]<0 INVOKE,VIRTUAL,extra=[java.lang.StringBuilder/append[java.lang.String], [5, 6]]>
DalvikVM - [BB]: [68]<0 MOV,RESULT,dst=r5,type=java.lang.Object>
DalvikVM - [BB]: [69]<0 MOV,CONST,dst=r6,type=java.lang.String,extra="/00/">
DalvikVM - [BB]: [70]<0 INVOKE,VIRTUAL,extra=[java.lang.StringBuilder/append[java.lang.String], [5, 6]]>
DalvikVM - [BB]: [71]<0 MOV,RESULT,dst=r5,type=java.lang.Object>
DalvikVM - [BB]: [72]<0 INSTANCE,IGET,r0=r9,r1=r6,type=java.lang.Object,extra=fu.hao.pjapps.MainActivity.servicecenter>
DalvikVM - [BB]: [73]<0 INVOKE,VIRTUAL,extra=[java.lang.StringBuilder/append[java.lang.String], [5, 6]]>
DalvikVM - [BB]: [74]<0 MOV,RESULT,dst=r5,type=java.lang.Object>
DalvikVM - [BB]: [75]<0 MOV,CONST,dst=r6,type=java.lang.String,extra=".xml?sim=">
DalvikVM - [BB]: [76]<0 INVOKE,VIRTUAL,extra=[java.lang.StringBuilder/append[java.lang.String], [5, 6]]>
DalvikVM - [BB]: [77]<0 MOV,RESULT,dst=r5,type=java.lang.Object>
DalvikVM - [BB]: [78]<0 INSTANCE,IGET,r0=r9,r1=r6,type=java.lang.Object,extra=fu.hao.pjapps.MainActivity.imei>
DalvikVM - [BB]: [79]<0 INVOKE,VIRTUAL,extra=[java.lang.StringBuilder/append[java.lang.String], [5, 6]]>
DalvikVM - [BB]: [80]<0 MOV,RESULT,dst=r5,type=java.lang.Object>
DalvikVM - [BB]: [81]<0 MOV,CONST,dst=r6,type=java.lang.String,extra="&tel=">
DalvikVM - [BB]: [82]<0 INVOKE,VIRTUAL,extra=[java.lang.StringBuilder/append[java.lang.String], [5, 6]]>
DalvikVM - [BB]: [83]<0 MOV,RESULT,dst=r5,type=java.lang.Object>
DalvikVM - [BB]: [84]<0 INSTANCE,IGET,r0=r9,r1=r6,type=java.lang.Object,extra=fu.hao.pjapps.MainActivity.tel>
DalvikVM - [BB]: [85]<0 INVOKE,VIRTUAL,extra=[java.lang.StringBuilder/append[java.lang.String], [5, 6]]>
DalvikVM - [BB]: [86]<0 MOV,RESULT,dst=r5,type=java.lang.Object>
DalvikVM - [BB]: [87]<0 MOV,CONST,dst=r6,type=java.lang.String,extra="&imsi=">
DalvikVM - [BB]: [88]<0 INVOKE,VIRTUAL,extra=[java.lang.StringBuilder/append[java.lang.String], [5, 6]]>
DalvikVM - [BB]: [89]<0 MOV,RESULT,dst=r5,type=java.lang.Object>
DalvikVM - [BB]: [90]<0 INSTANCE,IGET,r0=r9,r1=r6,type=java.lang.Object,extra=fu.hao.pjapps.MainActivity.imsi>
DalvikVM - [BB]: [91]<0 INVOKE,VIRTUAL,extra=[java.lang.StringBuilder/append[java.lang.String], [5, 6]]>
DalvikVM - [BB]: [92]<0 MOV,RESULT,dst=r5,type=java.lang.Object>
DalvikVM - [BB]: [93]<0 MOV,CONST,dst=r6,type=java.lang.String,extra="&pid=">
DalvikVM - [BB]: [94]<0 INVOKE,VIRTUAL,extra=[java.lang.StringBuilder/append[java.lang.String], [5, 6]]>
DalvikVM - [BB]: [95]<0 MOV,RESULT,dst=r5,type=java.lang.Object>
DalvikVM - [BB]: [96]<0 INSTANCE,IGET,r0=r9,r1=r6,type=java.lang.Object,extra=fu.hao.pjapps.MainActivity.smallpid>
DalvikVM - [BB]: [97]<0 INVOKE,VIRTUAL,extra=[java.lang.StringBuilder/append[java.lang.String], [5, 6]]>
DalvikVM - [BB]: [98]<0 MOV,RESULT,dst=r5,type=java.lang.Object>
DalvikVM - [BB]: [99]<0 INVOKE,VIRTUAL,extra=[java.lang.StringBuilder/toString[], [5]]>
DalvikVM - [BB]: [100]<0 MOV,RESULT,dst=r3,type=java.lang.Object>
DalvikVM - [BB]: [101]<0 INVOKE,STATIC,extra=[fu.hao.pjapps.BaseAuthenicationHttpClient/getStringByURL[java.lang.String], [3]]>
DalvikVM - [BB]: [102]<0 MOV,RESULT,dst=r3,type=java.lang.Object>
DalvikVM - [BB]: [103]<0 IF,EQZ,r0=r3,extra=index:108>
DalvikVM - [BB]: [104]<0 MOV,CONST,dst=r5,type=java.lang.String,extra="">
DalvikVM - [BB]: [105]<0 INVOKE,VIRTUAL,extra=[java.lang.String/equals[java.lang.Object], [5, 3]]>
DalvikVM - [BB]: [106]<0 MOV,RESULT,dst=r5,type=void>
DalvikVM - [BB]: [107]<0 IF,EQZ,r0=r5,extra=index:109>
DalvikVM - [BB]: [108]<0 RETURN,VOID>
DalvikVM - [BB]: [109]<0 MOV,CONST,dst=r5,type=void,extra=class patdroid.core.PrimitiveInfo?2>
DalvikVM - [BB]: [110]<0 INVOKE,VIRTUAL,extra=[java.lang.String/substring[int], [3, 5]]>
DalvikVM - [BB]: [111]<0 MOV,RESULT,dst=r5,type=java.lang.Object>
DalvikVM - [BB]: [112]<0 INSTANCE,IPUT,r0=r9,r1=r5,type=java.lang.Object,extra=fu.hao.pjapps.MainActivity.task>
DalvikVM - [BB]: [113]<0 MOV,CONST,dst=r5,type=java.lang.String,extra="no">
DalvikVM - [BB]: [114]<0 INSTANCE,IGET,r0=r9,r1=r6,type=java.lang.Object,extra=fu.hao.pjapps.MainActivity.task>
DalvikVM - [BB]: [115]<0 INVOKE,VIRTUAL,extra=[java.lang.String/equalsIgnoreCase[java.lang.String], [5, 6]]>
DalvikVM - [BB]: [116]<0 MOV,RESULT,dst=r5,type=void>
DalvikVM - [BB]: [117]<0 IF,NEZ,r0=r5,extra=index:108>
DalvikVM - [BB]: [118]<0 MOV,CONST,dst=r5,type=java.lang.String,extra="note">
DalvikVM - [BB]: [119]<0 INSTANCE,IGET,r0=r9,r1=r6,type=java.lang.Object,extra=fu.hao.pjapps.MainActivity.task>
DalvikVM - [BB]: [120]<0 INVOKE,VIRTUAL,extra=[java.lang.String/equalsIgnoreCase[java.lang.String], [5, 6]]>
DalvikVM - [BB]: [121]<0 MOV,RESULT,dst=r5,type=void>
DalvikVM - [BB]: [122]<0 IF,EQZ,r0=r5,extra=index:108>
DalvikVM - [BB]: [123]<0 MOV,CONST,dst=r5,type=void,extra=class patdroid.core.PrimitiveInfo?0>
DalvikVM - [BB]: [124]<0 ARRAY,AGET,dst=r5,r0=r2,r1=r5,type=java.lang.Object>
DalvikVM - [BB]: [125]<0 INVOKE,DIRECT,extra=[fu.hao.pjapps.MainActivity/sendSMS[java.lang.String, java.lang.String], [9, 3, 5]]>
DalvikVM - [BB]: [126]<0 GOTO,extra=index:108>
DalvikVM - [BB]: [127]<0 MOV,EXCETPION,dst=r1,type=java.lang.Object>
DalvikVM - [BB]: [128]<0 MOV,CONST,dst=r5,type=java.lang.String,extra="info">
DalvikVM - [BB]: [129]<0 NEW,INSTANCE,dst=r6,type=java.lang.StringBuilder>
DalvikVM - [BB]: [130]<0 INVOKE,DIRECT,extra=[java.lang.StringBuilder/<init>[], [6]]>
DalvikVM - [BB]: [131]<0 MOV,CONST,dst=r7,type=java.lang.String,extra="execTask:">
DalvikVM - [BB]: [132]<0 INVOKE,VIRTUAL,extra=[java.lang.StringBuilder/append[java.lang.String], [6, 7]]>
DalvikVM - [BB]: [133]<0 MOV,RESULT,dst=r6,type=java.lang.Object>
DalvikVM - [BB]: [134]<0 INVOKE,VIRTUAL,extra=[java.lang.Throwable/toString[], [1]]>
DalvikVM - [BB]: [135]<0 MOV,RESULT,dst=r7,type=java.lang.Object>
DalvikVM - [BB]: [136]<0 INVOKE,VIRTUAL,extra=[java.lang.StringBuilder/append[java.lang.String], [6, 7]]>
DalvikVM - [BB]: [137]<0 MOV,RESULT,dst=r6,type=java.lang.Object>
DalvikVM - [BB]: [138]<0 INVOKE,VIRTUAL,extra=[java.lang.StringBuilder/toString[], [6]]>
DalvikVM - [BB]: [139]<0 MOV,RESULT,dst=r6,type=java.lang.Object>
DalvikVM - [BB]: [140]<0 HALT,STATIC,extra=[null, [5, 6]]>
DalvikVM - [BB]: [141]<0 GOTO,extra=index:108>
DalvikVM - [BB]: [142]<0 MOV,EXCETPION,dst=r5,type=java.lang.Object>
DalvikVM - [BB]: [143]<0 GOTO,extra=index:108>
DalvikVM - [BB]: New Stack Frame: StackFrame fu.hao.pjapps.MainActivity/execTask71d2f241f[]
DalvikVM - [BB]: Stack: [StackFrame fu.hao.pjapps.MainActivity/execTask71d2f241f[]]
Interpreter - [MSG]: New chain obj
Caller@4: <init>@fu.hao.trust.dvm.DVMObject - [BB]: getClass fu.hao.pjapps.MainActivity at fu.hao.trust.dvm.VMHeap@457019f7
Caller: getClass@fu.hao.trust.dvm.VMHeap - [BB]: new class representation for fu.hao.pjapps.MainActivity at fu.hao.trust.dvm.VMHeap@457019f7
Caller@4: <init>@fu.hao.trust.dvm.DVMClass - [BB]: getClass android.app.Activity at fu.hao.trust.dvm.VMHeap@457019f7
Caller: getClass@fu.hao.trust.dvm.VMHeap - [BB]: new class representation for android.app.Activity at fu.hao.trust.dvm.VMHeap@457019f7
Caller@4: <init>@fu.hao.trust.dvm.DVMClass - [BB]: getClass java.lang.Object at fu.hao.trust.dvm.VMHeap@457019f7
Caller: getClass@fu.hao.trust.dvm.VMHeap - [BB]: new class representation for java.lang.Object at fu.hao.trust.dvm.VMHeap@457019f7
Caller: <init>@fu.hao.trust.dvm.DVMClass - [BB]: Get DVMClass for type java.lang.Object
Caller@4: <init>@fu.hao.trust.dvm.DVMClass - [BB]: getClass java.lang.Object at fu.hao.trust.dvm.VMHeap@457019f7
Caller: <init>@fu.hao.trust.dvm.DVMClass - [BB]: Get DVMClass for type android.app.Activity
Caller@4: <init>@fu.hao.trust.dvm.DVMClass - [BB]: getClass android.app.Activity at fu.hao.trust.dvm.VMHeap@457019f7
Caller: <init>@fu.hao.trust.dvm.DVMObject - [BB]: Get DVMClass for type fu.hao.pjapps.MainActivity
Caller@4: <init>@fu.hao.trust.dvm.DVMObject - [BB]: getClass fu.hao.pjapps.MainActivity at fu.hao.trust.dvm.VMHeap@457019f7
DVMObject - [BB]: New instance of fu.hao.pjapps.MainActivity
Caller@4: <init>@fu.hao.trust.dvm.DVMObject - [BB]: getClass fu.hao.pjapps.MainActivity at fu.hao.trust.dvm.VMHeap@457019f7
Caller: <init>@fu.hao.trust.dvm.DVMObject - [BB]: Get DVMClass for type fu.hao.pjapps.MainActivity
Caller@4: <init>@fu.hao.trust.dvm.DVMObject - [BB]: getClass fu.hao.pjapps.MainActivity at fu.hao.trust.dvm.VMHeap@457019f7
Interpreter - [MSG]: RUN BEGIN fu.hao.pjapps.MainActivity/execTask71d2f241f[]
Interpreter - [MSG]: RUN BEGIN
DalvikVM - [BB]: fu.hao.trust.dvm.Interpreter -> run set pc to 0
Interpreter - [MSG]: 

Interpreter - [MSG]: <0 SPECIAL,ARGUMENT_SET,extra=[9]> at fu.hao.pjapps.MainActivity/execTask71d2f241f[]
Interpreter - [WARN]: null ctx!
Interpreter - [DEBUG]: args: instance number 1@fu.hao.pjapps.MainActivity
Interpreter - [BB]: Start param from 1
DalvikVM - [BB]: fu.hao.trust.dvm.Interpreter$OP_SP_ARGUMENTS -> jump set pc to 1
PluginManager - [MSG]: InfluenceAnalysis Tainted Res: {}
PluginManager - [MSG]: ContextAnalysis Tainted Res: {}
Interpreter - [MSG]: 

Interpreter - [MSG]: <1 MOV,CONST,dst=r8,type=void,extra=class patdroid.core.PrimitiveInfo?5> at fu.hao.pjapps.MainActivity/execTask71d2f241f[]
Interpreter - [DEBUG]: Mov const begin <1 MOV,CONST,dst=r8,type=void,extra=class patdroid.core.PrimitiveInfo?5>
DalvikVM - [BB]: A[reg 8@execTask71d2f241f] 5
Interpreter - [DEBUG]: data: 5 class patdroid.core.PrimitiveInfo
DalvikVM - [BB]: fu.hao.trust.dvm.Interpreter$OP_MOV_CONST -> jump set pc to 2
PluginManager - [MSG]: InfluenceAnalysis Tainted Res: {}
PluginManager - [MSG]: ContextAnalysis Tainted Res: {}
Interpreter - [MSG]: 

Interpreter - [MSG]: <2 MOV,CONST,dst=r7,type=void,extra=class patdroid.core.PrimitiveInfo?2> at fu.hao.pjapps.MainActivity/execTask71d2f241f[]
Interpreter - [DEBUG]: Mov const begin <2 MOV,CONST,dst=r7,type=void,extra=class patdroid.core.PrimitiveInfo?2>
DalvikVM - [BB]: A[reg 7@execTask71d2f241f] 2
Interpreter - [DEBUG]: data: 2 class patdroid.core.PrimitiveInfo
DalvikVM - [BB]: fu.hao.trust.dvm.Interpreter$OP_MOV_CONST -> jump set pc to 3
PluginManager - [MSG]: InfluenceAnalysis Tainted Res: {}
PluginManager - [MSG]: ContextAnalysis Tainted Res: {}
Interpreter - [MSG]: 

Interpreter - [MSG]: <3 MOV,CONST,dst=r3,type=void,extra=class patdroid.core.PrimitiveInfo?0> at fu.hao.pjapps.MainActivity/execTask71d2f241f[]
Interpreter - [DEBUG]: Mov const begin <3 MOV,CONST,dst=r3,type=void,extra=class patdroid.core.PrimitiveInfo?0>
DalvikVM - [BB]: A[reg 3@execTask71d2f241f] 0
Interpreter - [DEBUG]: data: 0 class patdroid.core.PrimitiveInfo
DalvikVM - [BB]: fu.hao.trust.dvm.Interpreter$OP_MOV_CONST -> jump set pc to 4
PluginManager - [MSG]: InfluenceAnalysis Tainted Res: {}
PluginManager - [MSG]: ContextAnalysis Tainted Res: {}
Interpreter - [MSG]: 

Interpreter - [MSG]: <4 MOV,CONST,dst=r0,type=void,extra=class patdroid.core.PrimitiveInfo?0> at fu.hao.pjapps.MainActivity/execTask71d2f241f[]
Interpreter - [DEBUG]: Mov const begin <4 MOV,CONST,dst=r0,type=void,extra=class patdroid.core.PrimitiveInfo?0>
DalvikVM - [BB]: A[reg 0@execTask71d2f241f] 0
Interpreter - [DEBUG]: data: 0 class patdroid.core.PrimitiveInfo
DalvikVM - [BB]: fu.hao.trust.dvm.Interpreter$OP_MOV_CONST -> jump set pc to 5
PluginManager - [MSG]: InfluenceAnalysis Tainted Res: {}
PluginManager - [MSG]: ContextAnalysis Tainted Res: {}
Interpreter - [MSG]: 

Interpreter - [MSG]: <5 MOV,CONST,dst=r5,type=void,extra=class patdroid.core.PrimitiveInfo?7> at fu.hao.pjapps.MainActivity/execTask71d2f241f[]
Interpreter - [DEBUG]: Mov const begin <5 MOV,CONST,dst=r5,type=void,extra=class patdroid.core.PrimitiveInfo?7>
DalvikVM - [BB]: A[reg 5@execTask71d2f241f] 7
Interpreter - [DEBUG]: data: 7 class patdroid.core.PrimitiveInfo
DalvikVM - [BB]: fu.hao.trust.dvm.Interpreter$OP_MOV_CONST -> jump set pc to 6
PluginManager - [MSG]: InfluenceAnalysis Tainted Res: {}
PluginManager - [MSG]: ContextAnalysis Tainted Res: {}
Interpreter - [MSG]: 

Interpreter - [MSG]: <6 NEW,ARRAY,dst=r2,r0=r5,type=[Ljava.lang.String;> at fu.hao.pjapps.MainActivity/execTask71d2f241f[]
DalvikVM - [BB]: A[reg 2@execTask71d2f241f] [Ljava.lang.Object;@799784b9
OP_NEW_ARRAY - [DEBUG]: A new array of [Ljava.lang.String; in size 7 created.
DalvikVM - [BB]: fu.hao.trust.dvm.Interpreter$OP_NEW_ARRAY -> jump set pc to 7
FullAnalysis - [BB]: Not a taint op <6 NEW,ARRAY,dst=r2,r0=r5,type=[Ljava.lang.String;>
PluginManager - [MSG]: InfluenceAnalysis Tainted Res: {}
PluginManager - [MSG]: ContextAnalysis Tainted Res: {}
Interpreter - [MSG]: 

Interpreter - [MSG]: <7 INSTANCE,IGET,r0=r9,r1=r5,type=java.lang.Object,extra=fu.hao.pjapps.MainActivity.imei> at fu.hao.pjapps.MainActivity/execTask71d2f241f[]
class fu.hao.trust.dvm.Interpreter$OP_INSTANCE_GET_FIELD - [BB]: obj instance number 1@fu.hao.pjapps.MainActivity
class fu.hao.trust.dvm.Interpreter$OP_INSTANCE_GET_FIELD - [BB]: fieldinfo fu.hao.pjapps.MainActivity.imei
Unknown - [BB]: Unknown created!
DVMObject - [DEBUG]: put field [Unknown var, type: java.lang.String]
DalvikVM - [BB]: A[reg 5@execTask71d2f241f] [Unknown var, type: java.lang.String]
class fu.hao.trust.dvm.Interpreter$OP_INSTANCE_GET_FIELD - [DEBUG]: Get data: [Unknown var, type: java.lang.String]
DalvikVM - [BB]: fu.hao.trust.dvm.Interpreter$OP_INSTANCE_GET_FIELD -> jump set pc to 8
PluginManager - [MSG]: InfluenceAnalysis Tainted Res: {}
PluginManager - [MSG]: ContextAnalysis Tainted Res: {}
Interpreter - [MSG]: 

Interpreter - [MSG]: <8 IF,EQZ,r0=r5,extra=index:14> at fu.hao.pjapps.MainActivity/execTask71d2f241f[]
OP_CMP - [DEBUG]: r0 data [Unknown var, type: java.lang.String]
DalvikVM - [BB]: fu.hao.trust.analysis.TaintCtrlDep$CDTAINT_OP_CMP -> flow set pc to 9
fu.hao.trust.analysis.TaintCtrlDep$CDTAINT_OP_CMP - [WARN]: New Simple Branch [Branch: 8--[cond: <8 IF,EQZ,r0=r5,extra=index:14>][sumpoint: <0 MOV,CONST,dst=r5,type=java.lang.String,extra="phone">]@execTask71d2f241f]
fu.hao.trust.analysis.TaintCtrlDep$CDTAINT_OP_CMP - [BB]: Add cond inst <0 IF,EQZ,r0=r5,extra=index:46>@[Branch: 8--[cond: <8 IF,EQZ,r0=r5,extra=index:14>]--[cond: <0 IF,EQZ,r0=r5,extra=index:46>][sumpoint: <0 MOV,CONST,dst=r5,type=java.lang.String,extra="phone">]@execTask71d2f241f]
fu.hao.trust.analysis.TaintCtrlDep$CDTAINT_OP_CMP - [MSG]: ATAINT_OP_IF:  <8 IF,EQZ,r0=r5,extra=index:14> 14
fu.hao.trust.analysis.TaintCtrlDep$CDTAINT_OP_CMP - [BB]: Add <8 IF,EQZ,r0=r5,extra=index:14> to met of [Branch: 8--[cond: <8 IF,EQZ,r0=r5,extra=index:14>]--[cond: <0 IF,EQZ,r0=r5,extra=index:46>][sumpoint: <0 MOV,CONST,dst=r5,type=java.lang.String,extra="phone">]@execTask71d2f241f]
PluginManager - [MSG]: InfluenceAnalysis Tainted Res: {}
PluginManager - [MSG]: ContextAnalysis Tainted Res: {}
Interpreter - [MSG]: 

Interpreter - [MSG]: <9 MOV,CONST,dst=r5,type=java.lang.String,extra=""> at fu.hao.pjapps.MainActivity/execTask71d2f241f[]
Interpreter - [DEBUG]: Mov const begin <9 MOV,CONST,dst=r5,type=java.lang.String,extra="">
DalvikVM - [BB]: A[reg 5@execTask71d2f241f] 
Interpreter - [DEBUG]: data:  class java.lang.String
DalvikVM - [BB]: fu.hao.trust.dvm.Interpreter$OP_MOV_CONST -> jump set pc to 10
PluginManager - [MSG]: InfluenceAnalysis Tainted Res: {}
PluginManager - [MSG]: ContextAnalysis Tainted Res: {}
Interpreter - [MSG]: 

Interpreter - [MSG]: <10 INSTANCE,IGET,r0=r9,r1=r6,type=java.lang.Object,extra=fu.hao.pjapps.MainActivity.imei> at fu.hao.pjapps.MainActivity/execTask71d2f241f[]
class fu.hao.trust.dvm.Interpreter$OP_INSTANCE_GET_FIELD - [BB]: obj instance number 1@fu.hao.pjapps.MainActivity
class fu.hao.trust.dvm.Interpreter$OP_INSTANCE_GET_FIELD - [BB]: fieldinfo fu.hao.pjapps.MainActivity.imei
DalvikVM - [BB]: A[reg 6@execTask71d2f241f] [Unknown var, type: java.lang.String]
class fu.hao.trust.dvm.Interpreter$OP_INSTANCE_GET_FIELD - [DEBUG]: Get data: [Unknown var, type: java.lang.String]
DalvikVM - [BB]: fu.hao.trust.dvm.Interpreter$OP_INSTANCE_GET_FIELD -> jump set pc to 11
PluginManager - [MSG]: InfluenceAnalysis Tainted Res: {}
PluginManager - [MSG]: ContextAnalysis Tainted Res: {}
Interpreter - [MSG]: 

Interpreter - [MSG]: <11 INVOKE,VIRTUAL,extra=[java.lang.String/equalsIgnoreCase[java.lang.String], [5, 6]]> at fu.hao.pjapps.MainActivity/execTask71d2f241f[]
Interpreter - [MSG]: arg0 obj: 
Interpreter - [DEBUG]: Reflction class: class java.lang.String
Interpreter - [BB]: arg1: [Unknown var, type: java.lang.String]
Interpreter - [WARN]: Mismatch type! arg 1, real para type: class fu.hao.trust.solver.Unknown, expected para type: class java.lang.String
Interpreter - [DEBUG]: Found symbolic var null
Unknown - [BB]: Unknown created!
Interpreter - [DEBUG]: Return data: [Unknown var, type: boolean] ,class fu.hao.trust.solver.Unknown
Interpreter - [MSG]: Reflction invocation public boolean java.lang.String.equalsIgnoreCase(java.lang.String)
DalvikVM - [BB]: fu.hao.trust.dvm.Interpreter -> jump set pc to 12
FULL_OP_INVOKE - [BB]: targetcalls {}
class fu.hao.trust.analysis.FullAnalysis$FULL_OP_INVOKE - [BB]: <java.lang.String: boolean equalsIgnoreCase(java.lang.String)>
class fu.hao.trust.analysis.FullAnalysis$FULL_OP_INVOKE - [DEBUG]: not a taint call: <java.lang.String: boolean equalsIgnoreCase(java.lang.String)>
class fu.hao.trust.analysis.FullAnalysis$FULL_OP_INVOKE - [BB]: <java.lang.String: boolean equalsIgnoreCase(java.lang.String)>
class fu.hao.trust.analysis.FullAnalysis$FULL_OP_INVOKE - [DEBUG]: not a taint call: <java.lang.String: boolean equalsIgnoreCase(java.lang.String)>
ContextAnalysis - [BB]: Ret value [Unknown var, type: boolean]
InfluenceAnalysis - [BB]: Method public boolean java.lang.String.equalsIgnoreCase(java.lang.String)
InfluenceAnalysis - [MSG]: Not API Recording
FULL_OP_INVOKE - [BB]: Target calls {}
PluginManager - [MSG]: InfluenceAnalysis Tainted Res: {}
PluginManager - [MSG]: ContextAnalysis Tainted Res: {}
Interpreter - [MSG]: 

Interpreter - [MSG]: <12 MOV,RESULT,dst=r5,type=void> at fu.hao.pjapps.MainActivity/execTask71d2f241f[]
DalvikVM - [BB]: A[reg 5@execTask71d2f241f] [Unknown var, type: boolean]
OP_MOV_RESULT - [BB]: Result data: [Unknown var, type: boolean]
OP_MOV_RESULT - [DEBUG]: Result data: [Unknown var, type: boolean], type: boolean, to [reg 5@execTask71d2f241f]
DalvikVM - [BB]: fu.hao.trust.dvm.Interpreter$OP_MOV_RESULT -> jump set pc to 13
FullAnalysis - [BB]: Assigned:  [Unknown var, type: boolean]
PluginManager - [MSG]: InfluenceAnalysis Tainted Res: {}
PluginManager - [MSG]: ContextAnalysis Tainted Res: {}
Interpreter - [MSG]: 

Interpreter - [MSG]: <13 IF,EQZ,r0=r5,extra=index:46> at fu.hao.pjapps.MainActivity/execTask71d2f241f[]
OP_CMP - [DEBUG]: r0 data [Unknown var, type: boolean]
DalvikVM - [BB]: fu.hao.trust.analysis.TaintCtrlDep$CDTAINT_OP_CMP -> flow set pc to 14
fu.hao.trust.analysis.TaintCtrlDep$CDTAINT_OP_CMP - [BB]: Add cond inst <13 IF,EQZ,r0=r5,extra=index:46>@[Branch: 8--[cond: <8 IF,EQZ,r0=r5,extra=index:14>]--[cond: <13 IF,EQZ,r0=r5,extra=index:46>]--[cond: <13 IF,EQZ,r0=r5,extra=index:46>][sumpoint: <0 MOV,CONST,dst=r5,type=java.lang.String,extra="phone">]@execTask71d2f241f]
fu.hao.trust.analysis.TaintCtrlDep$CDTAINT_OP_CMP - [BB]: Set sum point 46 <0 MOV,CONST,dst=r5,type=java.lang.String,extra="other">
fu.hao.trust.analysis.TaintCtrlDep$CDTAINT_OP_CMP - [MSG]: ATAINT_OP_IF:  <13 IF,EQZ,r0=r5,extra=index:46> 46
fu.hao.trust.analysis.TaintCtrlDep$CDTAINT_OP_CMP - [BB]: Add <13 IF,EQZ,r0=r5,extra=index:46> to met of [Branch: 8--[cond: <8 IF,EQZ,r0=r5,extra=index:14>]--[cond: <13 IF,EQZ,r0=r5,extra=index:46>]--[cond: <13 IF,EQZ,r0=r5,extra=index:46>][sumpoint: <0 MOV,CONST,dst=r5,type=java.lang.String,extra="other">]@execTask71d2f241f]
PluginManager - [MSG]: InfluenceAnalysis Tainted Res: {}
PluginManager - [MSG]: ContextAnalysis Tainted Res: {}
Interpreter - [MSG]: 

Interpreter - [MSG]: <14 MOV,CONST,dst=r5,type=java.lang.String,extra="phone"> at fu.hao.pjapps.MainActivity/execTask71d2f241f[]
Interpreter - [DEBUG]: Mov const begin <14 MOV,CONST,dst=r5,type=java.lang.String,extra="phone">
DalvikVM - [BB]: A[reg 5@execTask71d2f241f] phone
Interpreter - [DEBUG]: data: phone class java.lang.String
DalvikVM - [BB]: fu.hao.trust.dvm.Interpreter$OP_MOV_CONST -> jump set pc to 15
PluginManager - [MSG]: InfluenceAnalysis Tainted Res: {}
PluginManager - [MSG]: ContextAnalysis Tainted Res: {}
Interpreter - [MSG]: 

Interpreter - [MSG]: <15 INVOKE,VIRTUAL,extra=[android.app.Activity/getSystemService[java.lang.String], [9, 5]]> at fu.hao.pjapps.MainActivity/execTask71d2f241f[]
DalvikVM - [BB]: A[Global RetReg] null
Interpreter - [MSG]: arg0 obj: instance number 1@fu.hao.pjapps.MainActivity
Interpreter - [DEBUG]: Reflction class: class android.app.Activity
Interpreter - [BB]: arg1: phone
Interpreter - [DEBUG]: Caller obj: android.app.Activity@61cfa835, from class: class android.app.Activity
Interpreter - [DEBUG]: Return data: android.telephony.TelephonyManager@16f29cff ,class android.telephony.TelephonyManager
Interpreter - [MSG]: Reflction invocation public java.lang.Object android.app.Activity.getSystemService(java.lang.String)
DalvikVM - [BB]: fu.hao.trust.dvm.Interpreter -> jump set pc to 16
FULL_OP_INVOKE - [BB]: targetcalls {}
class fu.hao.trust.analysis.FullAnalysis$FULL_OP_INVOKE - [BB]: <android.app.Activity: java.lang.Object getSystemService(java.lang.String)>
class fu.hao.trust.analysis.FullAnalysis$FULL_OP_INVOKE - [DEBUG]: not a taint call: <android.app.Activity: java.lang.Object getSystemService(java.lang.String)>
class fu.hao.trust.analysis.FullAnalysis$FULL_OP_INVOKE - [BB]: <android.app.Activity: java.lang.Object getSystemService(java.lang.String)>
class fu.hao.trust.analysis.FullAnalysis$FULL_OP_INVOKE - [DEBUG]: not a taint call: <android.app.Activity: java.lang.Object getSystemService(java.lang.String)>
ContextAnalysis - [BB]: Ret value android.telephony.TelephonyManager@16f29cff
InfluenceAnalysis - [BB]: Method public java.lang.Object android.app.Activity.getSystemService(java.lang.String)
InfluenceAnalysis - [MSG]: Not API Recording
FULL_OP_INVOKE - [BB]: Target calls {}
PluginManager - [MSG]: InfluenceAnalysis Tainted Res: {}
PluginManager - [MSG]: ContextAnalysis Tainted Res: {}
Interpreter - [MSG]: 

Interpreter - [MSG]: <16 MOV,RESULT,dst=r4,type=java.lang.Object> at fu.hao.pjapps.MainActivity/execTask71d2f241f[]
DalvikVM - [BB]: A[reg 4@execTask71d2f241f] android.telephony.TelephonyManager@16f29cff
OP_MOV_RESULT - [BB]: Result data: android.telephony.TelephonyManager@16f29cff
OP_MOV_RESULT - [DEBUG]: Result data: android.telephony.TelephonyManager@16f29cff, type: java.lang.Object, to [reg 4@execTask71d2f241f]
DalvikVM - [BB]: fu.hao.trust.dvm.Interpreter$OP_MOV_RESULT -> jump set pc to 17
PluginManager - [MSG]: InfluenceAnalysis Tainted Res: {}
PluginManager - [MSG]: ContextAnalysis Tainted Res: {}
Interpreter - [MSG]: 

Interpreter - [MSG]: <17 ARITHMETIC,CHECK-AND-CAST,dst=r4,type=android.telephony.TelephonyManager> at fu.hao.pjapps.MainActivity/execTask71d2f241f[]
DalvikVM - [BB]: fu.hao.trust.dvm.Interpreter$OP_ARITHETIC -> jump set pc to 18
FullAnalysis - [BB]: Not a taint op <17 ARITHMETIC,CHECK-AND-CAST,dst=r4,type=android.telephony.TelephonyManager>
PluginManager - [MSG]: InfluenceAnalysis Tainted Res: {}
PluginManager - [MSG]: ContextAnalysis Tainted Res: {}
Interpreter - [MSG]: 

Interpreter - [MSG]: <18 IF,EQZ,r0=r4,extra=index:46> at fu.hao.pjapps.MainActivity/execTask71d2f241f[]
OP_CMP - [DEBUG]: r0 data android.telephony.TelephonyManager@16f29cff
Interpreter - [DEBUG]: ops: 42 0
DalvikVM - [BB]: fu.hao.trust.dvm.Interpreter$OP_IF_EQZ -> jump set pc to 19
Interpreter - [DEBUG]: not equ: <18 IF,EQZ,r0=r4,extra=index:46>
PluginManager - [MSG]: InfluenceAnalysis Tainted Res: {}
PluginManager - [MSG]: ContextAnalysis Tainted Res: {}
Interpreter - [MSG]: 

Interpreter - [MSG]: <19 INVOKE,VIRTUAL,extra=[android.telephony.TelephonyManager/getDeviceId[], [4]]> at fu.hao.pjapps.MainActivity/execTask71d2f241f[]
DalvikVM - [BB]: A[Global RetReg] null
Interpreter - [MSG]: arg0 obj: android.telephony.TelephonyManager@16f29cff
Interpreter - [DEBUG]: Reflction class: class android.telephony.TelephonyManager
Interpreter - [DEBUG]: Return data: 359874043116909 ,class java.lang.String
Interpreter - [MSG]: Reflction invocation public java.lang.String android.telephony.TelephonyManager.getDeviceId()
DalvikVM - [BB]: fu.hao.trust.dvm.Interpreter -> jump set pc to 20
FULL_OP_INVOKE - [BB]: targetcalls {}
class fu.hao.trust.analysis.FullAnalysis$FULL_OP_INVOKE - [BB]: <android.telephony.TelephonyManager: java.lang.String getDeviceId()>
class fu.hao.trust.analysis.FullAnalysis$FULL_OP_INVOKE - [DEBUG]: not a taint call: <android.telephony.TelephonyManager: java.lang.String getDeviceId()>
class fu.hao.trust.analysis.FullAnalysis$FULL_OP_INVOKE - [BB]: <android.telephony.TelephonyManager: java.lang.String getDeviceId()>
class fu.hao.trust.analysis.FullAnalysis$FULL_OP_INVOKE - [WARN]: Found a tainted return value!
DalvikVM - [BB]: A[Global RetReg] [SensCtxVar for 359874043116909]
ContextAnalysis - [BB]: Set SensCtxVar at RetReg.
ContextAnalysis - [BB]: Ret value [SensCtxVar for 359874043116909]
InfluenceAnalysis - [BB]: Method public java.lang.String android.telephony.TelephonyManager.getDeviceId()
InfluenceAnalysis - [MSG]: Not API Recording
FULL_OP_INVOKE - [BB]: Target calls {}
PluginManager - [MSG]: InfluenceAnalysis Tainted Res: {}
PluginManager - [MSG]: ContextAnalysis Tainted Res: {359874043116909=<19 INVOKE,VIRTUAL,extra=[android.telephony.TelephonyManager/getDeviceId[], [4]]>, [Global RetReg]=<19 INVOKE,VIRTUAL,extra=[android.telephony.TelephonyManager/getDeviceId[], [4]]>}
Interpreter - [MSG]: 

Interpreter - [MSG]: <20 MOV,RESULT,dst=r5,type=java.lang.Object> at fu.hao.pjapps.MainActivity/execTask71d2f241f[]
DalvikVM - [BB]: A[reg 5@execTask71d2f241f] [SensCtxVar for 359874043116909]
OP_MOV_RESULT - [BB]: Result data: [SensCtxVar for 359874043116909]
OP_MOV_RESULT - [DEBUG]: Result data: [SensCtxVar for 359874043116909], type: java.lang.String, to [reg 5@execTask71d2f241f]
DalvikVM - [BB]: fu.hao.trust.dvm.Interpreter$OP_MOV_RESULT -> jump set pc to 21
FullAnalysis - [BB]: Assigned: phone [SensCtxVar for 359874043116909]
TAINT_OP_MOV_RESULT - [BB]: <19 INVOKE,VIRTUAL,extra=[android.telephony.TelephonyManager/getDeviceId[], [4]]>
TAINT_OP_MOV_RESULT - [BB]: Add reg 5 due to ret reg.
PluginManager - [MSG]: InfluenceAnalysis Tainted Res: {}
PluginManager - [MSG]: ContextAnalysis Tainted Res: {[SensCtxVar for 359874043116909]=<19 INVOKE,VIRTUAL,extra=[android.telephony.TelephonyManager/getDeviceId[], [4]]>, 359874043116909=<19 INVOKE,VIRTUAL,extra=[android.telephony.TelephonyManager/getDeviceId[], [4]]>, [reg 5@execTask71d2f241f]=<19 INVOKE,VIRTUAL,extra=[android.telephony.TelephonyManager/getDeviceId[], [4]]>}
Interpreter - [MSG]: 

Interpreter - [MSG]: <21 INSTANCE,IPUT,r0=r9,r1=r5,type=java.lang.Object,extra=fu.hao.pjapps.MainActivity.imei> at fu.hao.pjapps.MainActivity/execTask71d2f241f[]
class fu.hao.trust.dvm.Interpreter$OP_INSTANCE_PUT_FIELD - [BB]: field fu.hao.pjapps.MainActivity.imei
class fu.hao.trust.dvm.Interpreter$OP_INSTANCE_PUT_FIELD - [BB]: Target obj instance number 1@fu.hao.pjapps.MainActivity
DVMObject - [DEBUG]: put field [SensCtxVar for 359874043116909]
class fu.hao.trust.dvm.Interpreter$OP_INSTANCE_PUT_FIELD - [MSG]: Put field [SensCtxVar for 359874043116909] to the field of instance number 1@fu.hao.pjapps.MainActivity
DalvikVM - [BB]: fu.hao.trust.dvm.Interpreter$OP_INSTANCE_PUT_FIELD -> jump set pc to 22
TAINT_OP_INSTANCE_PUT_FIELD - [BB]: Add [SensCtxVar for 359874043116909]as tainted due to [reg 9@execTask71d2f241f]
PluginManager - [MSG]: InfluenceAnalysis Tainted Res: {}
PluginManager - [MSG]: ContextAnalysis Tainted Res: {[SensCtxVar for 359874043116909]=<19 INVOKE,VIRTUAL,extra=[android.telephony.TelephonyManager/getDeviceId[], [4]]>, 359874043116909=<19 INVOKE,VIRTUAL,extra=[android.telephony.TelephonyManager/getDeviceId[], [4]]>, [reg 5@execTask71d2f241f]=<19 INVOKE,VIRTUAL,extra=[android.telephony.TelephonyManager/getDeviceId[], [4]]>}
Interpreter - [MSG]: 

Interpreter - [MSG]: <22 HALT,VIRTUAL,extra=[null, [4]]> at fu.hao.pjapps.MainActivity/execTask71d2f241f[]
DalvikVM - [BB]: A[Global RetReg] null
DalvikVM - [BB]: fu.hao.trust.dvm.Interpreter$OP_HALT -> jump set pc to 23
Interpreter - [MSG]: Cannot resolve the invocation
FullAnalysis - [BB]: Not a taint op <22 HALT,VIRTUAL,extra=[null, [4]]>
PluginManager - [MSG]: InfluenceAnalysis Tainted Res: {}
PluginManager - [MSG]: ContextAnalysis Tainted Res: {[SensCtxVar for 359874043116909]=<19 INVOKE,VIRTUAL,extra=[android.telephony.TelephonyManager/getDeviceId[], [4]]>, 359874043116909=<19 INVOKE,VIRTUAL,extra=[android.telephony.TelephonyManager/getDeviceId[], [4]]>, [reg 5@execTask71d2f241f]=<19 INVOKE,VIRTUAL,extra=[android.telephony.TelephonyManager/getDeviceId[], [4]]>}
Interpreter - [MSG]: 

Interpreter - [MSG]: <23 MOV,RESULT,dst=r5,type=java.lang.Object> at fu.hao.pjapps.MainActivity/execTask71d2f241f[]
DalvikVM - [BB]: A[reg 5@execTask71d2f241f] null
OP_MOV_RESULT - [BB]: Result data: null
OP_MOV_RESULT - [DEBUG]: Result data: null, type: null, to [reg 5@execTask71d2f241f]
DalvikVM - [BB]: fu.hao.trust.dvm.Interpreter$OP_MOV_RESULT -> jump set pc to 24
fu.hao.trust.data.Branch - [WARN]: Null type
FullAnalysis - [BB]: Assigned: [SensCtxVar for 359874043116909] null
TAINT_OP_MOV_RESULT - [BB]: Rm reg 5
PluginManager - [MSG]: InfluenceAnalysis Tainted Res: {}
PluginManager - [MSG]: ContextAnalysis Tainted Res: {[SensCtxVar for 359874043116909]=<19 INVOKE,VIRTUAL,extra=[android.telephony.TelephonyManager/getDeviceId[], [4]]>, 359874043116909=<19 INVOKE,VIRTUAL,extra=[android.telephony.TelephonyManager/getDeviceId[], [4]]>}
Interpreter - [MSG]: 

Interpreter - [MSG]: <24 INSTANCE,IPUT,r0=r9,r1=r5,type=java.lang.Object,extra=fu.hao.pjapps.MainActivity.tel> at fu.hao.pjapps.MainActivity/execTask71d2f241f[]
class fu.hao.trust.dvm.Interpreter$OP_INSTANCE_PUT_FIELD - [BB]: field fu.hao.pjapps.MainActivity.tel
class fu.hao.trust.dvm.Interpreter$OP_INSTANCE_PUT_FIELD - [BB]: Target obj instance number 1@fu.hao.pjapps.MainActivity
DVMObject - [WARN]: null field put!
DVMObject - [DEBUG]: put field null
class fu.hao.trust.dvm.Interpreter$OP_INSTANCE_PUT_FIELD - [MSG]: Put field null to the field of instance number 1@fu.hao.pjapps.MainActivity
DalvikVM - [BB]: fu.hao.trust.dvm.Interpreter$OP_INSTANCE_PUT_FIELD -> jump set pc to 25
PluginManager - [MSG]: InfluenceAnalysis Tainted Res: {}
PluginManager - [MSG]: ContextAnalysis Tainted Res: {[SensCtxVar for 359874043116909]=<19 INVOKE,VIRTUAL,extra=[android.telephony.TelephonyManager/getDeviceId[], [4]]>, 359874043116909=<19 INVOKE,VIRTUAL,extra=[android.telephony.TelephonyManager/getDeviceId[], [4]]>}
Interpreter - [MSG]: 

Interpreter - [MSG]: <25 INVOKE,VIRTUAL,extra=[android.telephony.TelephonyManager/getSubscriberId[], [4]]> at fu.hao.pjapps.MainActivity/execTask71d2f241f[]
Interpreter - [MSG]: arg0 obj: android.telephony.TelephonyManager@16f29cff
Interpreter - [DEBUG]: Reflction class: class android.telephony.TelephonyManager
Interpreter - [DEBUG]: Return data: 460004753203051 ,class java.lang.String
Interpreter - [MSG]: Reflction invocation public java.lang.String android.telephony.TelephonyManager.getSubscriberId()
DalvikVM - [BB]: fu.hao.trust.dvm.Interpreter -> jump set pc to 26
FULL_OP_INVOKE - [BB]: targetcalls {}
class fu.hao.trust.analysis.FullAnalysis$FULL_OP_INVOKE - [BB]: <android.telephony.TelephonyManager: java.lang.String getSubscriberId()>
class fu.hao.trust.analysis.FullAnalysis$FULL_OP_INVOKE - [DEBUG]: not a taint call: <android.telephony.TelephonyManager: java.lang.String getSubscriberId()>
class fu.hao.trust.analysis.FullAnalysis$FULL_OP_INVOKE - [BB]: <android.telephony.TelephonyManager: java.lang.String getSubscriberId()>
class fu.hao.trust.analysis.FullAnalysis$FULL_OP_INVOKE - [WARN]: Found a tainted return value!
DalvikVM - [BB]: A[Global RetReg] [SensCtxVar for 460004753203051]
ContextAnalysis - [BB]: Set SensCtxVar at RetReg.
ContextAnalysis - [BB]: Ret value [SensCtxVar for 460004753203051]
InfluenceAnalysis - [BB]: Method public java.lang.String android.telephony.TelephonyManager.getSubscriberId()
InfluenceAnalysis - [MSG]: Not API Recording
FULL_OP_INVOKE - [BB]: Target calls {}
PluginManager - [MSG]: InfluenceAnalysis Tainted Res: {}
PluginManager - [MSG]: ContextAnalysis Tainted Res: {460004753203051=<25 INVOKE,VIRTUAL,extra=[android.telephony.TelephonyManager/getSubscriberId[], [4]]>, [SensCtxVar for 359874043116909]=<19 INVOKE,VIRTUAL,extra=[android.telephony.TelephonyManager/getDeviceId[], [4]]>, 359874043116909=<19 INVOKE,VIRTUAL,extra=[android.telephony.TelephonyManager/getDeviceId[], [4]]>, [Global RetReg]=<25 INVOKE,VIRTUAL,extra=[android.telephony.TelephonyManager/getSubscriberId[], [4]]>}
Interpreter - [MSG]: 

Interpreter - [MSG]: <26 MOV,RESULT,dst=r5,type=java.lang.Object> at fu.hao.pjapps.MainActivity/execTask71d2f241f[]
DalvikVM - [BB]: A[reg 5@execTask71d2f241f] [SensCtxVar for 460004753203051]
OP_MOV_RESULT - [BB]: Result data: [SensCtxVar for 460004753203051]
OP_MOV_RESULT - [DEBUG]: Result data: [SensCtxVar for 460004753203051], type: java.lang.String, to [reg 5@execTask71d2f241f]
DalvikVM - [BB]: fu.hao.trust.dvm.Interpreter$OP_MOV_RESULT -> jump set pc to 27
TAINT_OP_MOV_RESULT - [BB]: <25 INVOKE,VIRTUAL,extra=[android.telephony.TelephonyManager/getSubscriberId[], [4]]>
TAINT_OP_MOV_RESULT - [BB]: Add reg 5 due to ret reg.
PluginManager - [MSG]: InfluenceAnalysis Tainted Res: {}
PluginManager - [MSG]: ContextAnalysis Tainted Res: {460004753203051=<25 INVOKE,VIRTUAL,extra=[android.telephony.TelephonyManager/getSubscriberId[], [4]]>, [SensCtxVar for 359874043116909]=<19 INVOKE,VIRTUAL,extra=[android.telephony.TelephonyManager/getDeviceId[], [4]]>, [SensCtxVar for 460004753203051]=<25 INVOKE,VIRTUAL,extra=[android.telephony.TelephonyManager/getSubscriberId[], [4]]>, 359874043116909=<19 INVOKE,VIRTUAL,extra=[android.telephony.TelephonyManager/getDeviceId[], [4]]>, [reg 5@execTask71d2f241f]=<25 INVOKE,VIRTUAL,extra=[android.telephony.TelephonyManager/getSubscriberId[], [4]]>}
Interpreter - [MSG]: 

Interpreter - [MSG]: <27 INSTANCE,IPUT,r0=r9,r1=r5,type=java.lang.Object,extra=fu.hao.pjapps.MainActivity.imsi> at fu.hao.pjapps.MainActivity/execTask71d2f241f[]
class fu.hao.trust.dvm.Interpreter$OP_INSTANCE_PUT_FIELD - [BB]: field fu.hao.pjapps.MainActivity.imsi
class fu.hao.trust.dvm.Interpreter$OP_INSTANCE_PUT_FIELD - [BB]: Target obj instance number 1@fu.hao.pjapps.MainActivity
DVMObject - [DEBUG]: put field [SensCtxVar for 460004753203051]
class fu.hao.trust.dvm.Interpreter$OP_INSTANCE_PUT_FIELD - [MSG]: Put field [SensCtxVar for 460004753203051] to the field of instance number 1@fu.hao.pjapps.MainActivity
DalvikVM - [BB]: fu.hao.trust.dvm.Interpreter$OP_INSTANCE_PUT_FIELD -> jump set pc to 28
TAINT_OP_INSTANCE_PUT_FIELD - [BB]: Add [SensCtxVar for 460004753203051]as tainted due to [reg 9@execTask71d2f241f]
PluginManager - [MSG]: InfluenceAnalysis Tainted Res: {}
PluginManager - [MSG]: ContextAnalysis Tainted Res: {460004753203051=<25 INVOKE,VIRTUAL,extra=[android.telephony.TelephonyManager/getSubscriberId[], [4]]>, [SensCtxVar for 359874043116909]=<19 INVOKE,VIRTUAL,extra=[android.telephony.TelephonyManager/getDeviceId[], [4]]>, [SensCtxVar for 460004753203051]=<25 INVOKE,VIRTUAL,extra=[android.telephony.TelephonyManager/getSubscriberId[], [4]]>, 359874043116909=<19 INVOKE,VIRTUAL,extra=[android.telephony.TelephonyManager/getDeviceId[], [4]]>, [reg 5@execTask71d2f241f]=<25 INVOKE,VIRTUAL,extra=[android.telephony.TelephonyManager/getSubscriberId[], [4]]>}
Interpreter - [MSG]: 

Interpreter - [MSG]: <28 INSTANCE,IGET,r0=r9,r1=r5,type=java.lang.Object,extra=fu.hao.pjapps.MainActivity.imsi> at fu.hao.pjapps.MainActivity/execTask71d2f241f[]
class fu.hao.trust.dvm.Interpreter$OP_INSTANCE_GET_FIELD - [BB]: obj instance number 1@fu.hao.pjapps.MainActivity
class fu.hao.trust.dvm.Interpreter$OP_INSTANCE_GET_FIELD - [BB]: fieldinfo fu.hao.pjapps.MainActivity.imsi
DalvikVM - [BB]: A[reg 5@execTask71d2f241f] [SensCtxVar for 460004753203051]
class fu.hao.trust.dvm.Interpreter$OP_INSTANCE_GET_FIELD - [DEBUG]: Get data: [SensCtxVar for 460004753203051]
DalvikVM - [BB]: fu.hao.trust.dvm.Interpreter$OP_INSTANCE_GET_FIELD -> jump set pc to 29
FullAnalysis - [BB]: Assigned: [SensCtxVar for 460004753203051] [SensCtxVar for 460004753203051]
FullAnalysis - [BB]: Add instance number 1@fu.hao.pjapps.MainActivityas tainted due to field [SensCtxVar for 460004753203051]
PluginManager - [MSG]: InfluenceAnalysis Tainted Res: {}
PluginManager - [MSG]: ContextAnalysis Tainted Res: {460004753203051=<25 INVOKE,VIRTUAL,extra=[android.telephony.TelephonyManager/getSubscriberId[], [4]]>, [SensCtxVar for 359874043116909]=<19 INVOKE,VIRTUAL,extra=[android.telephony.TelephonyManager/getDeviceId[], [4]]>, [SensCtxVar for 460004753203051]=<25 INVOKE,VIRTUAL,extra=[android.telephony.TelephonyManager/getSubscriberId[], [4]]>, 359874043116909=<19 INVOKE,VIRTUAL,extra=[android.telephony.TelephonyManager/getDeviceId[], [4]]>, [reg 5@execTask71d2f241f]=<25 INVOKE,VIRTUAL,extra=[android.telephony.TelephonyManager/getSubscriberId[], [4]]>}
Interpreter - [MSG]: 

Interpreter - [MSG]: <29 IF,EQZ,r0=r5,extra=index:39> at fu.hao.pjapps.MainActivity/execTask71d2f241f[]
OP_CMP - [DEBUG]: r0 data [SensCtxVar for 460004753203051]
DalvikVM - [BB]: fu.hao.trust.analysis.TaintCtrlDep$CDTAINT_OP_CMP -> flow set pc to 30
fu.hao.trust.analysis.TaintCtrlDep$CDTAINT_OP_CMP - [WARN]: New Simple Branch [Branch: 29--[cond: <29 IF,EQZ,r0=r5,extra=index:39>][sumpoint: <0 MOV,CONST,dst=r5,type=java.lang.String,extra="01">]@execTask71d2f241f]
fu.hao.trust.analysis.TaintCtrlDep$CDTAINT_OP_CMP - [BB]: Set sum point 39 <0 MOV,CONST,dst=r5,type=java.lang.String,extra="01">
fu.hao.trust.analysis.TaintCtrlDep$CDTAINT_OP_CMP - [MSG]: ATAINT_OP_IF:  <29 IF,EQZ,r0=r5,extra=index:39> 39
fu.hao.trust.analysis.TaintCtrlDep$CDTAINT_OP_CMP - [BB]: Add <29 IF,EQZ,r0=r5,extra=index:39> to met of [Branch: 29--[cond: <29 IF,EQZ,r0=r5,extra=index:39>][sumpoint: <0 MOV,CONST,dst=r5,type=java.lang.String,extra="01">]@execTask71d2f241f]
fu.hao.trust.data.Branch - [BB]: Add elemSrc <25 INVOKE,VIRTUAL,extra=[android.telephony.TelephonyManager/getSubscriberId[], [4]]>
ContextAnalysis - [MSG]: Add CDTaintBranch [Branch: 29--[cond: <29 IF,EQZ,r0=r5,extra=index:39>][sumpoint: <0 MOV,CONST,dst=r5,type=java.lang.String,extra="01">]@execTask71d2f241f]
PluginManager - [MSG]: InfluenceAnalysis Tainted Res: {}
PluginManager - [MSG]: ContextAnalysis Tainted Res: {460004753203051=<25 INVOKE,VIRTUAL,extra=[android.telephony.TelephonyManager/getSubscriberId[], [4]]>, [SensCtxVar for 359874043116909]=<19 INVOKE,VIRTUAL,extra=[android.telephony.TelephonyManager/getDeviceId[], [4]]>, [SensCtxVar for 460004753203051]=<25 INVOKE,VIRTUAL,extra=[android.telephony.TelephonyManager/getSubscriberId[], [4]]>, 359874043116909=<19 INVOKE,VIRTUAL,extra=[android.telephony.TelephonyManager/getDeviceId[], [4]]>, [reg 5@execTask71d2f241f]=<25 INVOKE,VIRTUAL,extra=[android.telephony.TelephonyManager/getSubscriberId[], [4]]>}
Interpreter - [MSG]: 

Interpreter - [MSG]: <30 INSTANCE,IGET,r0=r9,r1=r5,type=java.lang.Object,extra=fu.hao.pjapps.MainActivity.imsi> at fu.hao.pjapps.MainActivity/execTask71d2f241f[]
class fu.hao.trust.dvm.Interpreter$OP_INSTANCE_GET_FIELD - [BB]: obj instance number 1@fu.hao.pjapps.MainActivity
class fu.hao.trust.dvm.Interpreter$OP_INSTANCE_GET_FIELD - [BB]: fieldinfo fu.hao.pjapps.MainActivity.imsi
DalvikVM - [BB]: A[reg 5@execTask71d2f241f] [SensCtxVar for 460004753203051]
class fu.hao.trust.dvm.Interpreter$OP_INSTANCE_GET_FIELD - [DEBUG]: Get data: [SensCtxVar for 460004753203051]
DalvikVM - [BB]: fu.hao.trust.dvm.Interpreter$OP_INSTANCE_GET_FIELD -> jump set pc to 31
FullAnalysis - [BB]: Assigned: [SensCtxVar for 460004753203051] [SensCtxVar for 460004753203051]
Caller: runAnalysis@fu.hao.trust.analysis.TaintSumBranch - [BB]: Add conflict at var [reg 5@execTask71d2f241f], with value [SensCtxVar for 460004753203051]
Caller: runAnalysis@fu.hao.trust.analysis.TaintSumBranch - [BB]: Overwrite at var [reg 5@execTask71d2f241f], with value [SensCtxVar for 460004753203051]
FullAnalysis - [BB]: Add instance number 1@fu.hao.pjapps.MainActivityas tainted due to field [SensCtxVar for 460004753203051]
FullAnalysis - [WARN]: <25 INVOKE,VIRTUAL,extra=[android.telephony.TelephonyManager/getSubscriberId[], [4]]>
FullAnalysis - [BB]: a[<25 INVOKE,VIRTUAL,extra=[android.telephony.TelephonyManager/getSubscriberId[], [4]]>]
ContextAnalysis - [MSG]: Add correlated tained var [reg 5@execTask71d2f241f]
PluginManager - [MSG]: InfluenceAnalysis Tainted Res: {}
PluginManager - [MSG]: ContextAnalysis Tainted Res: {460004753203051=<25 INVOKE,VIRTUAL,extra=[android.telephony.TelephonyManager/getSubscriberId[], [4]]>, [SensCtxVar for 359874043116909]=<19 INVOKE,VIRTUAL,extra=[android.telephony.TelephonyManager/getDeviceId[], [4]]>, [SensCtxVar for 460004753203051]=<25 INVOKE,VIRTUAL,extra=[android.telephony.TelephonyManager/getSubscriberId[], [4]]>, 359874043116909=<19 INVOKE,VIRTUAL,extra=[android.telephony.TelephonyManager/getDeviceId[], [4]]>, [reg 5@execTask71d2f241f]=<25 INVOKE,VIRTUAL,extra=[android.telephony.TelephonyManager/getSubscriberId[], [4]]>}
Interpreter - [MSG]: 

Interpreter - [MSG]: <31 INVOKE,VIRTUAL,extra=[java.lang.String/length[], [5]]> at fu.hao.pjapps.MainActivity/execTask71d2f241f[]
DalvikVM - [BB]: A[Global RetReg] null
Interpreter - [MSG]: arg0 obj: [SensCtxVar for 460004753203051]
Interpreter - [DEBUG]: Reflction class: class java.lang.String
Interpreter - [DEBUG]: Return data: 15 ,class java.lang.Integer
Interpreter - [MSG]: Reflction invocation public int java.lang.String.length()
DalvikVM - [BB]: fu.hao.trust.dvm.Interpreter -> jump set pc to 32
FULL_OP_INVOKE - [BB]: targetcalls {}
class fu.hao.trust.analysis.FullAnalysis$FULL_OP_INVOKE - [BB]: <java.lang.String: int length()>
class fu.hao.trust.analysis.FullAnalysis$FULL_OP_INVOKE - [DEBUG]: not a taint call: <java.lang.String: int length()>
class fu.hao.trust.analysis.FullAnalysis$FULL_OP_INVOKE - [BB]: <java.lang.String: int length()>
class fu.hao.trust.analysis.FullAnalysis$FULL_OP_INVOKE - [DEBUG]: not a taint call: <java.lang.String: int length()>
class fu.hao.trust.analysis.FullAnalysis$FULL_OP_INVOKE - [WARN]: Found a tainted return val!
ContextAnalysis - [BB]: Ret value 15
InfluenceAnalysis - [BB]: Method public int java.lang.String.length()
InfluenceAnalysis - [MSG]: Not API Recording
FULL_OP_INVOKE - [BB]: Target calls {}
FullAnalysis - [WARN]: <25 INVOKE,VIRTUAL,extra=[android.telephony.TelephonyManager/getSubscriberId[], [4]]>
FullAnalysis - [BB]: a[<25 INVOKE,VIRTUAL,extra=[android.telephony.TelephonyManager/getSubscriberId[], [4]]>]
ContextAnalysis - [MSG]: Add correlated tained var [Global RetReg]
PluginManager - [MSG]: InfluenceAnalysis Tainted Res: {}
PluginManager - [MSG]: ContextAnalysis Tainted Res: {460004753203051=<25 INVOKE,VIRTUAL,extra=[android.telephony.TelephonyManager/getSubscriberId[], [4]]>, [SensCtxVar for 359874043116909]=<19 INVOKE,VIRTUAL,extra=[android.telephony.TelephonyManager/getDeviceId[], [4]]>, [SensCtxVar for 460004753203051]=<25 INVOKE,VIRTUAL,extra=[android.telephony.TelephonyManager/getSubscriberId[], [4]]>, 359874043116909=<19 INVOKE,VIRTUAL,extra=[android.telephony.TelephonyManager/getDeviceId[], [4]]>, [Global RetReg]=<25 INVOKE,VIRTUAL,extra=[android.telephony.TelephonyManager/getSubscriberId[], [4]]>, [reg 5@execTask71d2f241f]=<25 INVOKE,VIRTUAL,extra=[android.telephony.TelephonyManager/getSubscriberId[], [4]]>, 15=<25 INVOKE,VIRTUAL,extra=[android.telephony.TelephonyManager/getSubscriberId[], [4]]>}
Interpreter - [MSG]: 

Interpreter - [MSG]: <32 MOV,RESULT,dst=r5,type=void> at fu.hao.pjapps.MainActivity/execTask71d2f241f[]
DalvikVM - [BB]: A[Global RetReg] 15
DalvikVM - [BB]: A[reg 5@execTask71d2f241f] 15
OP_MOV_RESULT - [BB]: Result data: 15
OP_MOV_RESULT - [DEBUG]: Result data: 15, type: int, to [reg 5@execTask71d2f241f]
DalvikVM - [BB]: fu.hao.trust.dvm.Interpreter$OP_MOV_RESULT -> jump set pc to 33
FullAnalysis - [BB]: Assigned: [SensCtxVar for 460004753203051] 15
TAINT_OP_MOV_RESULT - [BB]: <25 INVOKE,VIRTUAL,extra=[android.telephony.TelephonyManager/getSubscriberId[], [4]]>
TAINT_OP_MOV_RESULT - [BB]: Add reg 5 due to ret reg.
FullAnalysis - [WARN]: <25 INVOKE,VIRTUAL,extra=[android.telephony.TelephonyManager/getSubscriberId[], [4]]>
FullAnalysis - [BB]: a[<25 INVOKE,VIRTUAL,extra=[android.telephony.TelephonyManager/getSubscriberId[], [4]]>]
ContextAnalysis - [MSG]: Add correlated tained var [reg 5@execTask71d2f241f]
PluginManager - [MSG]: InfluenceAnalysis Tainted Res: {}
PluginManager - [MSG]: ContextAnalysis Tainted Res: {460004753203051=<25 INVOKE,VIRTUAL,extra=[android.telephony.TelephonyManager/getSubscriberId[], [4]]>, [SensCtxVar for 359874043116909]=<19 INVOKE,VIRTUAL,extra=[android.telephony.TelephonyManager/getDeviceId[], [4]]>, [SensCtxVar for 460004753203051]=<25 INVOKE,VIRTUAL,extra=[android.telephony.TelephonyManager/getSubscriberId[], [4]]>, 359874043116909=<19 INVOKE,VIRTUAL,extra=[android.telephony.TelephonyManager/getDeviceId[], [4]]>, [reg 5@execTask71d2f241f]=<25 INVOKE,VIRTUAL,extra=[android.telephony.TelephonyManager/getSubscriberId[], [4]]>, 15=<25 INVOKE,VIRTUAL,extra=[android.telephony.TelephonyManager/getSubscriberId[], [4]]>, 15=<25 INVOKE,VIRTUAL,extra=[android.telephony.TelephonyManager/getSubscriberId[], [4]]>}
Interpreter - [MSG]: 

Interpreter - [MSG]: <33 IF,LE,r0=r5,r1=r8,extra=index:39> at fu.hao.pjapps.MainActivity/execTask71d2f241f[]
OP_CMP - [DEBUG]: r0 data 15
Interpreter - [DEBUG]: ops: 15 5
DalvikVM - [BB]: fu.hao.trust.dvm.Interpreter$OP_IF_LE -> jump set pc to 34
Interpreter - [DEBUG]: not le: <33 IF,LE,r0=r5,r1=r8,extra=index:39>
PluginManager - [MSG]: InfluenceAnalysis Tainted Res: {}
PluginManager - [MSG]: ContextAnalysis Tainted Res: {460004753203051=<25 INVOKE,VIRTUAL,extra=[android.telephony.TelephonyManager/getSubscriberId[], [4]]>, [SensCtxVar for 359874043116909]=<19 INVOKE,VIRTUAL,extra=[android.telephony.TelephonyManager/getDeviceId[], [4]]>, [SensCtxVar for 460004753203051]=<25 INVOKE,VIRTUAL,extra=[android.telephony.TelephonyManager/getSubscriberId[], [4]]>, [reg 8@execTask71d2f241f]=<25 INVOKE,VIRTUAL,extra=[android.telephony.TelephonyManager/getSubscriberId[], [4]]>, 359874043116909=<19 INVOKE,VIRTUAL,extra=[android.telephony.TelephonyManager/getDeviceId[], [4]]>, [reg 5@execTask71d2f241f]=<25 INVOKE,VIRTUAL,extra=[android.telephony.TelephonyManager/getSubscriberId[], [4]]>, 5=<25 INVOKE,VIRTUAL,extra=[android.telephony.TelephonyManager/getSubscriberId[], [4]]>, 15=<25 INVOKE,VIRTUAL,extra=[android.telephony.TelephonyManager/getSubscriberId[], [4]]>, 15=<25 INVOKE,VIRTUAL,extra=[android.telephony.TelephonyManager/getSubscriberId[], [4]]>}
Interpreter - [MSG]: 

Interpreter - [MSG]: <34 INSTANCE,IGET,r0=r9,r1=r5,type=java.lang.Object,extra=fu.hao.pjapps.MainActivity.imsi> at fu.hao.pjapps.MainActivity/execTask71d2f241f[]
class fu.hao.trust.dvm.Interpreter$OP_INSTANCE_GET_FIELD - [BB]: obj instance number 1@fu.hao.pjapps.MainActivity
class fu.hao.trust.dvm.Interpreter$OP_INSTANCE_GET_FIELD - [BB]: fieldinfo fu.hao.pjapps.MainActivity.imsi
DalvikVM - [BB]: A[reg 5@execTask71d2f241f] [SensCtxVar for 460004753203051]
class fu.hao.trust.dvm.Interpreter$OP_INSTANCE_GET_FIELD - [DEBUG]: Get data: [SensCtxVar for 460004753203051]
DalvikVM - [BB]: fu.hao.trust.dvm.Interpreter$OP_INSTANCE_GET_FIELD -> jump set pc to 35
FullAnalysis - [BB]: Assigned: 15 [SensCtxVar for 460004753203051]
FullAnalysis - [BB]: Add instance number 1@fu.hao.pjapps.MainActivityas tainted due to field [SensCtxVar for 460004753203051]
FullAnalysis - [WARN]: <25 INVOKE,VIRTUAL,extra=[android.telephony.TelephonyManager/getSubscriberId[], [4]]>
FullAnalysis - [BB]: a[<25 INVOKE,VIRTUAL,extra=[android.telephony.TelephonyManager/getSubscriberId[], [4]]>]
ContextAnalysis - [MSG]: Add correlated tained var [reg 5@execTask71d2f241f]
PluginManager - [MSG]: InfluenceAnalysis Tainted Res: {}
PluginManager - [MSG]: ContextAnalysis Tainted Res: {460004753203051=<25 INVOKE,VIRTUAL,extra=[android.telephony.TelephonyManager/getSubscriberId[], [4]]>, [SensCtxVar for 359874043116909]=<19 INVOKE,VIRTUAL,extra=[android.telephony.TelephonyManager/getDeviceId[], [4]]>, [SensCtxVar for 460004753203051]=<25 INVOKE,VIRTUAL,extra=[android.telephony.TelephonyManager/getSubscriberId[], [4]]>, 359874043116909=<19 INVOKE,VIRTUAL,extra=[android.telephony.TelephonyManager/getDeviceId[], [4]]>, [reg 8@execTask71d2f241f]=<25 INVOKE,VIRTUAL,extra=[android.telephony.TelephonyManager/getSubscriberId[], [4]]>, [reg 5@execTask71d2f241f]=<25 INVOKE,VIRTUAL,extra=[android.telephony.TelephonyManager/getSubscriberId[], [4]]>, 5=<25 INVOKE,VIRTUAL,extra=[android.telephony.TelephonyManager/getSubscriberId[], [4]]>, 15=<25 INVOKE,VIRTUAL,extra=[android.telephony.TelephonyManager/getSubscriberId[], [4]]>, 15=<25 INVOKE,VIRTUAL,extra=[android.telephony.TelephonyManager/getSubscriberId[], [4]]>}
Interpreter - [MSG]: 

Interpreter - [MSG]: <35 MOV,CONST,dst=r6,type=void,extra=class patdroid.core.PrimitiveInfo?3> at fu.hao.pjapps.MainActivity/execTask71d2f241f[]
Interpreter - [DEBUG]: Mov const begin <35 MOV,CONST,dst=r6,type=void,extra=class patdroid.core.PrimitiveInfo?3>
DalvikVM - [BB]: A[reg 6@execTask71d2f241f] 3
Interpreter - [DEBUG]: data: 3 class patdroid.core.PrimitiveInfo
DalvikVM - [BB]: fu.hao.trust.dvm.Interpreter$OP_MOV_CONST -> jump set pc to 36
FullAnalysis - [BB]: Assigned: [Unknown var, type: java.lang.String] 3
Caller: runAnalysis@fu.hao.trust.analysis.TaintSumBranch - [BB]: Add conflict at var [reg 6@execTask71d2f241f], with value [Unknown var, type: java.lang.String]
Caller: runAnalysis@fu.hao.trust.analysis.TaintSumBranch - [BB]: Overwrite at var [reg 6@execTask71d2f241f], with value 3
FullAnalysis - [WARN]: <25 INVOKE,VIRTUAL,extra=[android.telephony.TelephonyManager/getSubscriberId[], [4]]>
FullAnalysis - [BB]: a[<25 INVOKE,VIRTUAL,extra=[android.telephony.TelephonyManager/getSubscriberId[], [4]]>]
ContextAnalysis - [MSG]: Add correlated tained var [reg 6@execTask71d2f241f]
PluginManager - [MSG]: InfluenceAnalysis Tainted Res: {}
PluginManager - [MSG]: ContextAnalysis Tainted Res: {460004753203051=<25 INVOKE,VIRTUAL,extra=[android.telephony.TelephonyManager/getSubscriberId[], [4]]>, [SensCtxVar for 359874043116909]=<19 INVOKE,VIRTUAL,extra=[android.telephony.TelephonyManager/getDeviceId[], [4]]>, [SensCtxVar for 460004753203051]=<25 INVOKE,VIRTUAL,extra=[android.telephony.TelephonyManager/getSubscriberId[], [4]]>, [reg 8@execTask71d2f241f]=<25 INVOKE,VIRTUAL,extra=[android.telephony.TelephonyManager/getSubscriberId[], [4]]>, 359874043116909=<19 INVOKE,VIRTUAL,extra=[android.telephony.TelephonyManager/getDeviceId[], [4]]>, [reg 6@execTask71d2f241f]=<25 INVOKE,VIRTUAL,extra=[android.telephony.TelephonyManager/getSubscriberId[], [4]]>, [reg 5@execTask71d2f241f]=<25 INVOKE,VIRTUAL,extra=[android.telephony.TelephonyManager/getSubscriberId[], [4]]>, 5=<25 INVOKE,VIRTUAL,extra=[android.telephony.TelephonyManager/getSubscriberId[], [4]]>, 15=<25 INVOKE,VIRTUAL,extra=[android.telephony.TelephonyManager/getSubscriberId[], [4]]>, 15=<25 INVOKE,VIRTUAL,extra=[android.telephony.TelephonyManager/getSubscriberId[], [4]]>}
Interpreter - [MSG]: 

Interpreter - [MSG]: <36 INVOKE,VIRTUAL,extra=[java.lang.String/substring[int, int], [5, 6, 8]]> at fu.hao.pjapps.MainActivity/execTask71d2f241f[]
DalvikVM - [BB]: A[Global RetReg] null
Interpreter - [MSG]: arg0 obj: [SensCtxVar for 460004753203051]
Interpreter - [DEBUG]: Reflction class: class java.lang.String
Interpreter - [BB]: arg1: 3
Interpreter - [DEBUG]: Expected para type: int
Interpreter - [DEBUG]: Real para int
Interpreter - [BB]: arg2: 5
Interpreter - [DEBUG]: Expected para type: int
Interpreter - [DEBUG]: Real para int
Interpreter - [DEBUG]: Caller obj: 460004753203051, from class: class java.lang.String
Interpreter - [DEBUG]: Return data: 00 ,class java.lang.String
Interpreter - [MSG]: Reflction invocation public java.lang.String java.lang.String.substring(int,int)
DalvikVM - [BB]: fu.hao.trust.dvm.Interpreter -> jump set pc to 37
FULL_OP_INVOKE - [BB]: targetcalls {}
class fu.hao.trust.analysis.FullAnalysis$FULL_OP_INVOKE - [BB]: <java.lang.String: java.lang.String substring(int,int)>
class fu.hao.trust.analysis.FullAnalysis$FULL_OP_INVOKE - [DEBUG]: not a taint call: <java.lang.String: java.lang.String substring(int,int)>
class fu.hao.trust.analysis.FullAnalysis$FULL_OP_INVOKE - [BB]: <java.lang.String: java.lang.String substring(int,int)>
class fu.hao.trust.analysis.FullAnalysis$FULL_OP_INVOKE - [DEBUG]: not a taint call: <java.lang.String: java.lang.String substring(int,int)>
class fu.hao.trust.analysis.FullAnalysis$FULL_OP_INVOKE - [WARN]: Found a tainted return val!
ContextAnalysis - [BB]: Ret value 00
InfluenceAnalysis - [BB]: Method public java.lang.String java.lang.String.substring(int,int)
InfluenceAnalysis - [MSG]: Not API Recording
FULL_OP_INVOKE - [BB]: Target calls {}
FullAnalysis - [WARN]: <25 INVOKE,VIRTUAL,extra=[android.telephony.TelephonyManager/getSubscriberId[], [4]]>
FullAnalysis - [BB]: a[<25 INVOKE,VIRTUAL,extra=[android.telephony.TelephonyManager/getSubscriberId[], [4]]>]
ContextAnalysis - [MSG]: Add correlated tained var [Global RetReg]
PluginManager - [MSG]: InfluenceAnalysis Tainted Res: {}
PluginManager - [MSG]: ContextAnalysis Tainted Res: {460004753203051=<25 INVOKE,VIRTUAL,extra=[android.telephony.TelephonyManager/getSubscriberId[], [4]]>, [SensCtxVar for 359874043116909]=<19 INVOKE,VIRTUAL,extra=[android.telephony.TelephonyManager/getDeviceId[], [4]]>, [SensCtxVar for 460004753203051]=<25 INVOKE,VIRTUAL,extra=[android.telephony.TelephonyManager/getSubscriberId[], [4]]>, 359874043116909=<19 INVOKE,VIRTUAL,extra=[android.telephony.TelephonyManager/getDeviceId[], [4]]>, [reg 8@execTask71d2f241f]=<25 INVOKE,VIRTUAL,extra=[android.telephony.TelephonyManager/getSubscriberId[], [4]]>, [Global RetReg]=<25 INVOKE,VIRTUAL,extra=[android.telephony.TelephonyManager/getSubscriberId[], [4]]>, [reg 5@execTask71d2f241f]=<25 INVOKE,VIRTUAL,extra=[android.telephony.TelephonyManager/getSubscriberId[], [4]]>, [reg 6@execTask71d2f241f]=<25 INVOKE,VIRTUAL,extra=[android.telephony.TelephonyManager/getSubscriberId[], [4]]>, 5=<25 INVOKE,VIRTUAL,extra=[android.telephony.TelephonyManager/getSubscriberId[], [4]]>, 00=<25 INVOKE,VIRTUAL,extra=[android.telephony.TelephonyManager/getSubscriberId[], [4]]>, 15=<25 INVOKE,VIRTUAL,extra=[android.telephony.TelephonyManager/getSubscriberId[], [4]]>, 15=<25 INVOKE,VIRTUAL,extra=[android.telephony.TelephonyManager/getSubscriberId[], [4]]>}
Interpreter - [MSG]: 

Interpreter - [MSG]: <37 MOV,RESULT,dst=r5,type=java.lang.Object> at fu.hao.pjapps.MainActivity/execTask71d2f241f[]
DalvikVM - [BB]: A[reg 5@execTask71d2f241f] 00
OP_MOV_RESULT - [BB]: Result data: 00
OP_MOV_RESULT - [DEBUG]: Result data: 00, type: java.lang.String, to [reg 5@execTask71d2f241f]
DalvikVM - [BB]: fu.hao.trust.dvm.Interpreter$OP_MOV_RESULT -> jump set pc to 38
TAINT_OP_MOV_RESULT - [BB]: <25 INVOKE,VIRTUAL,extra=[android.telephony.TelephonyManager/getSubscriberId[], [4]]>
TAINT_OP_MOV_RESULT - [BB]: Add reg 5 due to ret reg.
FullAnalysis - [WARN]: <25 INVOKE,VIRTUAL,extra=[android.telephony.TelephonyManager/getSubscriberId[], [4]]>
FullAnalysis - [BB]: a[<25 INVOKE,VIRTUAL,extra=[android.telephony.TelephonyManager/getSubscriberId[], [4]]>]
ContextAnalysis - [MSG]: Add correlated tained var [reg 5@execTask71d2f241f]
PluginManager - [MSG]: InfluenceAnalysis Tainted Res: {}
PluginManager - [MSG]: ContextAnalysis Tainted Res: {[reg 8@execTask71d2f241f]=<25 INVOKE,VIRTUAL,extra=[android.telephony.TelephonyManager/getSubscriberId[], [4]]>, 359874043116909=<19 INVOKE,VIRTUAL,extra=[android.telephony.TelephonyManager/getDeviceId[], [4]]>, [reg 6@execTask71d2f241f]=<25 INVOKE,VIRTUAL,extra=[android.telephony.TelephonyManager/getSubscriberId[], [4]]>, [reg 5@execTask71d2f241f]=<25 INVOKE,VIRTUAL,extra=[android.telephony.TelephonyManager/getSubscriberId[], [4]]>, 00=<25 INVOKE,VIRTUAL,extra=[android.telephony.TelephonyManager/getSubscriberId[], [4]]>, 15=<25 INVOKE,VIRTUAL,extra=[android.telephony.TelephonyManager/getSubscriberId[], [4]]>, 460004753203051=<25 INVOKE,VIRTUAL,extra=[android.telephony.TelephonyManager/getSubscriberId[], [4]]>, [SensCtxVar for 359874043116909]=<19 INVOKE,VIRTUAL,extra=[android.telephony.TelephonyManager/getDeviceId[], [4]]>, [SensCtxVar for 460004753203051]=<25 INVOKE,VIRTUAL,extra=[android.telephony.TelephonyManager/getSubscriberId[], [4]]>, 5=<25 INVOKE,VIRTUAL,extra=[android.telephony.TelephonyManager/getSubscriberId[], [4]]>, 15=<25 INVOKE,VIRTUAL,extra=[android.telephony.TelephonyManager/getSubscriberId[], [4]]>}
Interpreter - [MSG]: 

Interpreter - [MSG]: <38 INSTANCE,IPUT,r0=r9,r1=r5,type=java.lang.Object,extra=fu.hao.pjapps.MainActivity.mnc> at fu.hao.pjapps.MainActivity/execTask71d2f241f[]
class fu.hao.trust.dvm.Interpreter$OP_INSTANCE_PUT_FIELD - [BB]: field fu.hao.pjapps.MainActivity.mnc
class fu.hao.trust.dvm.Interpreter$OP_INSTANCE_PUT_FIELD - [BB]: Target obj instance number 1@fu.hao.pjapps.MainActivity
DVMObject - [DEBUG]: put field 00
class fu.hao.trust.dvm.Interpreter$OP_INSTANCE_PUT_FIELD - [MSG]: Put field 00 to the field of instance number 1@fu.hao.pjapps.MainActivity
DalvikVM - [BB]: fu.hao.trust.dvm.Interpreter$OP_INSTANCE_PUT_FIELD -> jump set pc to 39
TAINT_OP_INSTANCE_PUT_FIELD - [BB]: Add 00as tainted due to [reg 9@execTask71d2f241f]
PluginManager - [MSG]: InfluenceAnalysis Tainted Res: {}
PluginManager - [MSG]: ContextAnalysis Tainted Res: {460004753203051=<25 INVOKE,VIRTUAL,extra=[android.telephony.TelephonyManager/getSubscriberId[], [4]]>, [SensCtxVar for 359874043116909]=<19 INVOKE,VIRTUAL,extra=[android.telephony.TelephonyManager/getDeviceId[], [4]]>, [SensCtxVar for 460004753203051]=<25 INVOKE,VIRTUAL,extra=[android.telephony.TelephonyManager/getSubscriberId[], [4]]>, 359874043116909=<19 INVOKE,VIRTUAL,extra=[android.telephony.TelephonyManager/getDeviceId[], [4]]>, [reg 8@execTask71d2f241f]=<25 INVOKE,VIRTUAL,extra=[android.telephony.TelephonyManager/getSubscriberId[], [4]]>, [reg 5@execTask71d2f241f]=<25 INVOKE,VIRTUAL,extra=[android.telephony.TelephonyManager/getSubscriberId[], [4]]>, [reg 6@execTask71d2f241f]=<25 INVOKE,VIRTUAL,extra=[android.telephony.TelephonyManager/getSubscriberId[], [4]]>, 5=<25 INVOKE,VIRTUAL,extra=[android.telephony.TelephonyManager/getSubscriberId[], [4]]>, 00=<25 INVOKE,VIRTUAL,extra=[android.telephony.TelephonyManager/getSubscriberId[], [4]]>, 15=<25 INVOKE,VIRTUAL,extra=[android.telephony.TelephonyManager/getSubscriberId[], [4]]>, 15=<25 INVOKE,VIRTUAL,extra=[android.telephony.TelephonyManager/getSubscriberId[], [4]]>}
Interpreter - [MSG]: 

Interpreter - [MSG]: <39 MOV,CONST,dst=r5,type=java.lang.String,extra="01"> at fu.hao.pjapps.MainActivity/execTask71d2f241f[]
fu.hao.trust.data.Branch - [BB]: Begins value combination:[Branch: 29--[cond: <29 IF,EQZ,r0=r5,extra=index:39>][sumpoint: <39 MOV,CONST,dst=r5,type=java.lang.String,extra="01">]@execTask71d2f241f]
fu.hao.trust.data.Branch - [BB]: {[reg 6@execTask71d2f241f]=[Lfu.hao.trust.data.Branch$ConcreteVal;@1a445dcf, [reg 5@execTask71d2f241f]=[Lfu.hao.trust.data.Branch$ConcreteVal;@7e6ace81}
fu.hao.trust.data.Branch - [BB]: Value combination for var [reg 6@execTask71d2f241f]
fu.hao.trust.data.Branch - [BB]: Currt val [[Unknown var, type: java.lang.String]:class fu.hao.trust.solver.Unknown:void], with original value [[Unknown var, type: java.lang.String]:class fu.hao.trust.solver.Unknown:void]
fu.hao.trust.data.Branch - [ERROR]: Inconsistent type: [[Unknown var, type: java.lang.String]:class fu.hao.trust.solver.Unknown:void], [3:class patdroid.core.PrimitiveInfo:void]
