main - [DEBUG]: C:/Users/hao/workspace/TRUST/sootOutput/ApplicationLifecycle3.apk_dummy.csv
class fu.hao.trust.analysis.Taint - [DEBUG]: srcs: [<android.os.Bundle: java.lang.ClassLoader getClassLoader()>, <android.os.Bundle: byte getByte(java.lang.String)>, <android.os.Bundle: short[] getShortArray(java.lang.String)>, <android.content.ContentResolver: android.database.Cursor query(android.net.Uri,java.lang.String[],java.lang.String,java.lang.String[],java.lang.String)>, <android.database.Cursor: java.lang.String getString(int)>, <org.apache.http.util.EntityUtils: java.lang.String getContentCharSet(org.apache.http.HttpEntity)>, <android.os.Bundle: java.lang.CharSequence getCharSequence(java.lang.String,java.lang.CharSequence)>, <android.os.Bundle: java.lang.CharSequence[] getCharSequenceArray(java.lang.String)>, <android.os.Bundle: long[] getLongArray(java.lang.String)>, <android.os.Handler: android.os.Message obtainMessage(int,java.lang.Object)>, <android.media.AudioRecord: int read(short[],int,int)>, <android.os.Bundle: double getDouble(java.lang.String,double)>, <java.util.Locale: java.lang.String getCountry()>, <android.app.Activity: android.content.Intent getIntent()>, <android.os.Bundle: java.util.ArrayList getStringArrayList(java.lang.String key)>, <android.net.Uri: android.net.Uri parse(java.lang.String)>, <android.media.AudioRecord: int read(byte[],int,int)>, <android.content.pm.PackageManager: java.util.List queryContentProviders(java.lang.String,int,int)>, <android.os.Bundle: byte[] getByteArray(java.lang.String)>, <android.content.pm.PackageManager: java.util.List queryIntentActivities(android.content.Intent,int)>, <android.os.Bundle: java.util.ArrayList getParcelableArrayList(java.lang.String)>, <android.content.ContentResolver: android.database.Cursor query(android.net.Uri,java.lang.String[],java.lang.String,java.lang.String[],java.lang.String,android.os.CancellationSignal)>, <android.os.Handler: android.os.Message obtainMessage(int,int,int,java.lang.Object)>, <android.os.Bundle: int getInt(java.lang.String)>, <android.os.Bundle: float[] getFloatArray(java.lang.String)>, <android.os.Bundle: java.util.ArrayList getCharSequenceArrayList(java.lang.String)>, <android.os.Bundle: boolean getBoolean(java.lang.String,boolean)>, <android.os.Bundle: java.lang.String getString(java.lang.String)>, <java.util.Calendar: java.util.TimeZone getTimeZone()>, <android.os.Bundle: java.util.ArrayList getIntegerArrayList(java.lang.String)>, <android.location.Location: double getLongitude()>, <android.os.Bundle: char getChar(java.lang.String)>, <android.os.Bundle: int[] getIntArray(java.lang.String)>, <android.os.Bundle: float getFloat(java.lang.String,float)>, <org.apache.http.util.EntityUtils: java.lang.String toString(org.apache.http.HttpEntity)>, <org.apache.http.HttpResponse: org.apache.http.HttpEntity getEntity()>, <android.location.LocationManager: android.location.Location getLastKnownLocation(java.lang.String)>, <org.apache.http.util.EntityUtils: byte[] toByteArray(org.apache.http.HttpEntity)>, <android.content.pm.PackageManager: java.util.List queryIntentServices(android.content.Intent,int)>, <org.apache.http.util.EntityUtils: java.lang.String toString(org.apache.http.HttpEntity,java.lang.String)>, <java.net.URLConnection: java.io.InputStream getInputStream()>, <android.os.Bundle: double[] getDoubleArray(java.lang.String)>, <android.os.Bundle: char[] getCharArray(java.lang.String)>, <com.example.testflowdroid.SourceAndSink: java.lang.String source(com.example.testflowdroid.MyObject)>, <android.media.AudioRecord: int read(java.nio.ByteBuffer,int)>, <android.telephony.TelephonyManager: java.lang.String getSimSerialNumber()>, <android.os.Bundle: char getChar(java.lang.String,char)>, <android.telephony.TelephonyManager: java.lang.String getSubscriberId()>, <android.os.Bundle: java.io.Serializable getSerializable(java.lang.String)>, <android.app.PendingIntent: android.app.PendingIntent getService(android.content.Context,int,android.content.Intent,int)>, <android.os.Handler: android.os.Message obtainMessage(int,int,int)>, <android.os.Bundle: long getLong(java.lang.String)>, <android.os.Handler: android.os.Message obtainMessage(int)>, <android.os.Bundle: java.lang.Object get(java.lang.String)>, <android.location.Location: double getLatitude()>, <android.os.Bundle: boolean[] getBooleanArray(java.lang.String)>, <android.app.PendingIntent: android.app.PendingIntent getActivity(android.content.Context,int,android.content.Intent,int,android.os.Bundle)>, <android.telephony.TelephonyManager: java.lang.String getDeviceId()>, <android.content.pm.PackageManager: java.util.List getInstalledPackages(int)>, <java.net.URLConnection: java.io.OutputStream getOutputStream()>, <android.database.sqlite.SQLiteDatabase: android.database.Cursor query(android.net.Uri,java.lang.String[],java.lang.String,java.lang.String[],java.lang.String,android.os.CancellationSignal)>, <android.os.Bundle: int getInt(java.lang.String,int)>, <android.content.pm.PackageManager: java.util.List queryBroadcastReceivers(android.content.Intent,int)>, <android.os.Bundle: android.os.Bundle getBundle(java.lang.String)>, <android.os.Handler: android.os.Message obtainMessage()>, <android.telephony.TelephonyManager: java.lang.String getLine1Number()>, <android.os.Bundle: boolean getBoolean(java.lang.String)>, <android.os.Bundle: java.lang.Byte getByte(java.lang.String,byte)>, <android.os.Bundle: android.os.Parcelable[] getParcelableArray(java.lang.String)>, <android.app.PendingIntent: android.app.PendingIntent getBroadcast(android.content.Context,int,android.content.Intent,int)>, <android.os.Bundle: float getFloat(java.lang.String)>, <android.os.Bundle: java.lang.CharSequence getCharSequence(java.lang.String)>, <android.content.pm.PackageManager: java.util.List getInstalledApplications(int)>, <android.database.sqlite.SQLiteDatabase: android.database.Cursor query(android.net.Uri,java.lang.String[],java.lang.String,java.lang.String[],java.lang.String)>, <android.os.Bundle: short getShort(java.lang.String)>, <android.os.Bundle: short getShort(java.lang.String,short)>, <android.os.Bundle: double getDouble(java.lang.String)>, <java.net.URL: java.net.URLConnection openConnection()>, <android.os.Bundle: long getLong(java.lang.String,long)>, <android.os.Bundle: android.util.SparseArray getSparseParcelableArray(java.lang.String)>, <android.content.SharedPreferences: android.content.SharedPreferences getDefaultSharedPreferences(android.content.Context)>, <android.os.Bundle: android.os.Parcelable getParcelable(java.lang.String)>, <android.app.PendingIntent: android.app.PendingIntent getActivity(android.content.Context,int,android.content.Intent,int)>]
class fu.hao.trust.dvm.DalvikVM - [DEBUG]: apk java.util.zip.ZipFile@23d0f70a C:/Users/hao/workspace/DroidBenchProj/Lifecycle_ApplicationLifecycle3/app/ApplicationLifecycle3.apk
class fu.hao.trust.dvm.DalvikVM - [DEBUG]: class de.ecspride.ContentProvider
class fu.hao.trust.dvm.DalvikVM - [MSG]: RUN Method de.ecspride.ContentProvider/onCreate[]
class fu.hao.trust.dvm.DalvikVM - [DEBUG]: New method call: de.ecspride.ContentProvider/onCreate[]
class fu.hao.trust.dvm.DalvikVM - [DEBUG]: [0]<SPECIAL,ARGUMENT_SET,extra=[3]>
class fu.hao.trust.dvm.DalvikVM - [DEBUG]: [1]<HALT,VIRTUAL,extra=[null, [3]]>
class fu.hao.trust.dvm.DalvikVM - [DEBUG]: [2]<MOV,RESULT,dst=r1,type=java.lang.Object>
class fu.hao.trust.dvm.DalvikVM - [DEBUG]: [3]<MOV,CONST,dst=r2,type=java.lang.String,extra="phone">
class fu.hao.trust.dvm.DalvikVM - [DEBUG]: [4]<HALT,VIRTUAL,extra=[null, [1, 2]]>
class fu.hao.trust.dvm.DalvikVM - [DEBUG]: [5]<MOV,RESULT,dst=r0,type=java.lang.Object>
class fu.hao.trust.dvm.DalvikVM - [DEBUG]: [6]<ARITHMETIC,CHECK-AND-CAST,dst=r0,type=android.telephony.TelephonyManager>
class fu.hao.trust.dvm.DalvikVM - [DEBUG]: [7]<INVOKE,VIRTUAL,extra=[android.telephony.TelephonyManager/getDeviceId[], [0]]>
class fu.hao.trust.dvm.DalvikVM - [DEBUG]: [8]<MOV,RESULT,dst=r1,type=java.lang.Object>
class fu.hao.trust.dvm.DalvikVM - [DEBUG]: [9]<STATIC,SPUT,r0=r1,type=java.lang.Object,extra=(de.ecspride.ApplicationLifecyle3, imei)>
class fu.hao.trust.dvm.DalvikVM - [DEBUG]: [10]<MOV,CONST,dst=r1,type=void,extra=class patdroid.core.PrimitiveInfo?0>
class fu.hao.trust.dvm.DalvikVM - [DEBUG]: [11]<RETURN,VALUE,r0=r1,type=void>
class fu.hao.trust.dvm.Interpreter - [DEBUG]: new chain obj
class fu.hao.trust.dvm.DalvikVM - [DEBUG]: getClass de.ecspride.ContentProvider at fu.hao.trust.dvm.DalvikVM$Heap@636c7a8f
class fu.hao.trust.dvm.DalvikVM - [DEBUG]: new class representation for de.ecspride.ContentProvider at fu.hao.trust.dvm.DalvikVM$Heap@636c7a8f
class fu.hao.trust.dvm.DalvikVM - [DEBUG]: getClass android.content.ContentProvider at fu.hao.trust.dvm.DalvikVM$Heap@636c7a8f
class fu.hao.trust.dvm.DalvikVM - [DEBUG]: new class representation for android.content.ContentProvider at fu.hao.trust.dvm.DalvikVM$Heap@636c7a8f
class fu.hao.trust.dvm.DalvikVM - [DEBUG]: getClass android.content.ContentProvider at fu.hao.trust.dvm.DalvikVM$Heap@636c7a8f
class fu.hao.trust.dvm.DalvikVM - [DEBUG]: getClass de.ecspride.ContentProvider at fu.hao.trust.dvm.DalvikVM$Heap@636c7a8f
class fu.hao.trust.dvm.DVMObject - [DEBUG]: New instance of de.ecspride.ContentProvider
class fu.hao.trust.dvm.DalvikVM - [DEBUG]: getClass de.ecspride.ContentProvider at fu.hao.trust.dvm.DalvikVM$Heap@636c7a8f
class fu.hao.trust.dvm.DalvikVM - [DEBUG]: getClass de.ecspride.ContentProvider at fu.hao.trust.dvm.DalvikVM$Heap@636c7a8f
class fu.hao.trust.dvm.Interpreter - [MSG]: RUN BEGIN de.ecspride.ContentProvider/onCreate[]
class fu.hao.trust.dvm.Interpreter - [MSG]: RUN BEGIN
class fu.hao.trust.dvm.Interpreter - [DEBUG]: opcode: 3 7
class fu.hao.trust.dvm.Interpreter - [DEBUG]: 0 <SPECIAL,ARGUMENT_SET,extra=[3]> at de.ecspride.ContentProvider/onCreate[]
class fu.hao.trust.dvm.Interpreter - [DEBUG]: args: fu.hao.trust.dvm.DVMObject@203f97d7
class fu.hao.trust.dvm.Interpreter - [DEBUG]: tainted set: []
class fu.hao.trust.dvm.Interpreter - [DEBUG]: opcode: 15 13
class fu.hao.trust.dvm.Interpreter - [DEBUG]: 1 <HALT,VIRTUAL,extra=[null, [3]]> at de.ecspride.ContentProvider/onCreate[]
class fu.hao.trust.dvm.Interpreter - [DEBUG]: cannot resolve the invocation
class fu.hao.trust.analysis.Taint - [DEBUG]: not a taint op <HALT,VIRTUAL,extra=[null, [3]]>
class fu.hao.trust.dvm.Interpreter - [DEBUG]: tainted set: []
class fu.hao.trust.dvm.Interpreter - [DEBUG]: opcode: 1 21
class fu.hao.trust.dvm.Interpreter - [DEBUG]: 2 <MOV,RESULT,dst=r1,type=java.lang.Object> at de.ecspride.ContentProvider/onCreate[]
class fu.hao.trust.dvm.Interpreter - [DEBUG]: data null null reg 1
class fu.hao.trust.dvm.Interpreter - [DEBUG]: tainted set: []
class fu.hao.trust.dvm.Interpreter - [DEBUG]: opcode: 1 2
class fu.hao.trust.dvm.Interpreter - [DEBUG]: 3 <MOV,CONST,dst=r2,type=java.lang.String,extra="phone"> at de.ecspride.ContentProvider/onCreate[]
class fu.hao.trust.dvm.Interpreter - [DEBUG]: Mov const begin <MOV,CONST,dst=r2,type=java.lang.String,extra="phone">
class fu.hao.trust.dvm.Interpreter - [DEBUG]: data: phone class java.lang.String
class fu.hao.trust.dvm.Interpreter - [DEBUG]: tainted set: []
class fu.hao.trust.dvm.Interpreter - [DEBUG]: opcode: 15 13
class fu.hao.trust.dvm.Interpreter - [DEBUG]: 4 <HALT,VIRTUAL,extra=[null, [1, 2]]> at de.ecspride.ContentProvider/onCreate[]
class fu.hao.trust.dvm.Interpreter - [DEBUG]: cannot resolve the invocation
class fu.hao.trust.analysis.Taint - [DEBUG]: not a taint op <HALT,VIRTUAL,extra=[null, [1, 2]]>
class fu.hao.trust.dvm.Interpreter - [DEBUG]: tainted set: []
class fu.hao.trust.dvm.Interpreter - [DEBUG]: opcode: 1 21
class fu.hao.trust.dvm.Interpreter - [DEBUG]: 5 <MOV,RESULT,dst=r0,type=java.lang.Object> at de.ecspride.ContentProvider/onCreate[]
class fu.hao.trust.dvm.Interpreter - [DEBUG]: data null null reg 0
class fu.hao.trust.dvm.Interpreter - [DEBUG]: tainted set: []
class fu.hao.trust.dvm.Interpreter - [DEBUG]: opcode: 13 18
class fu.hao.trust.dvm.Interpreter - [DEBUG]: 6 <ARITHMETIC,CHECK-AND-CAST,dst=r0,type=android.telephony.TelephonyManager> at de.ecspride.ContentProvider/onCreate[]
class fu.hao.trust.analysis.Taint - [DEBUG]: not a taint op <ARITHMETIC,CHECK-AND-CAST,dst=r0,type=android.telephony.TelephonyManager>
class fu.hao.trust.dvm.Interpreter - [DEBUG]: tainted set: []
class fu.hao.trust.dvm.Interpreter - [DEBUG]: opcode: 12 13
class fu.hao.trust.dvm.Interpreter - [DEBUG]: 7 <INVOKE,VIRTUAL,extra=[android.telephony.TelephonyManager/getDeviceId[], [0]]> at de.ecspride.ContentProvider/onCreate[]
class fu.hao.trust.dvm.Interpreter - [DEBUG]: null
class fu.hao.trust.dvm.Interpreter - [DEBUG]: reflction class: class android.telephony.TelephonyManager
class fu.hao.trust.dvm.Interpreter - [DEBUG]: return data: 359874043116909 ,class java.lang.String
class fu.hao.trust.dvm.Interpreter - [MSG]: reflction invocation public java.lang.String android.telephony.TelephonyManager.getDeviceId()
class fu.hao.trust.analysis.Taint - [DEBUG]: <android.telephony.TelephonyManager: java.lang.String getDeviceId()>
class fu.hao.trust.dvm.Interpreter - [DEBUG]: tainted set: [reg -1, 359874043116909]
class fu.hao.trust.dvm.Interpreter - [DEBUG]: opcode: 1 21
class fu.hao.trust.dvm.Interpreter - [DEBUG]: 8 <MOV,RESULT,dst=r1,type=java.lang.Object> at de.ecspride.ContentProvider/onCreate[]
class fu.hao.trust.dvm.Interpreter - [DEBUG]: data 359874043116909 java.lang.String reg 1
class fu.hao.trust.dvm.Interpreter - [DEBUG]: tainted set: [reg -1, 359874043116909, reg 1]
class fu.hao.trust.dvm.Interpreter - [DEBUG]: opcode: 11 53
class fu.hao.trust.dvm.Interpreter - [DEBUG]: 9 <STATIC,SPUT,r0=r1,type=java.lang.Object,extra=(de.ecspride.ApplicationLifecyle3, imei)> at de.ecspride.ContentProvider/onCreate[]
class fu.hao.trust.dvm.DalvikVM - [DEBUG]: getClass de.ecspride.ApplicationLifecyle3 at fu.hao.trust.dvm.DalvikVM$Heap@636c7a8f
class fu.hao.trust.dvm.DalvikVM - [DEBUG]: new class representation for de.ecspride.ApplicationLifecyle3 at fu.hao.trust.dvm.DalvikVM$Heap@636c7a8f
class fu.hao.trust.dvm.DalvikVM - [DEBUG]: getClass android.app.Application at fu.hao.trust.dvm.DalvikVM$Heap@636c7a8f
class fu.hao.trust.dvm.DalvikVM - [DEBUG]: new class representation for android.app.Application at fu.hao.trust.dvm.DalvikVM$Heap@636c7a8f
class fu.hao.trust.dvm.DalvikVM - [DEBUG]: getClass android.app.Application at fu.hao.trust.dvm.DalvikVM$Heap@636c7a8f
class fu.hao.trust.dvm.DalvikVM - [DEBUG]: getClass de.ecspride.ApplicationLifecyle3 at fu.hao.trust.dvm.DalvikVM$Heap@636c7a8f
class fu.hao.trust.dvm.Interpreter - [DEBUG]: expect sput imei from de.ecspride.ApplicationLifecyle3
class fu.hao.trust.dvm.Interpreter - [DEBUG]: real sput 359874043116909 from fu.hao.trust.dvm.DVMClass@5ea6a4a0
class fu.hao.trust.dvm.DalvikVM - [DEBUG]: getClass de.ecspride.ApplicationLifecyle3 at fu.hao.trust.dvm.DalvikVM$Heap@636c7a8f
class fu.hao.trust.dvm.DalvikVM - [DEBUG]: getClass de.ecspride.ApplicationLifecyle3 at fu.hao.trust.dvm.DalvikVM$Heap@636c7a8f
class fu.hao.trust.dvm.Interpreter - [DEBUG]: tainted set: [reg -1, 359874043116909, reg 1]
class fu.hao.trust.dvm.Interpreter - [DEBUG]: opcode: 1 2
class fu.hao.trust.dvm.Interpreter - [DEBUG]: 10 <MOV,CONST,dst=r1,type=void,extra=class patdroid.core.PrimitiveInfo?0> at de.ecspride.ContentProvider/onCreate[]
class fu.hao.trust.dvm.Interpreter - [DEBUG]: Mov const begin <MOV,CONST,dst=r1,type=void,extra=class patdroid.core.PrimitiveInfo?0>
class fu.hao.trust.dvm.Interpreter - [DEBUG]: data: 0 class patdroid.core.PrimitiveInfo
class fu.hao.trust.dvm.Interpreter - [DEBUG]: tainted set: [reg -1, 359874043116909]
class fu.hao.trust.dvm.Interpreter - [DEBUG]: opcode: 2 4
class fu.hao.trust.dvm.Interpreter - [DEBUG]: 11 <RETURN,VALUE,r0=r1,type=void> at de.ecspride.ContentProvider/onCreate[]
class fu.hao.trust.dvm.Interpreter - [DEBUG]: return data: 0
class fu.hao.trust.analysis.Taint - [DEBUG]: not a taint op <RETURN,VALUE,r0=r1,type=void>
class fu.hao.trust.dvm.Interpreter - [DEBUG]: tainted set: [reg -1, 359874043116909]
class fu.hao.trust.dvm.Interpreter - [MSG]: RUN DONE! The last one is onCreate
class fu.hao.trust.dvm.DalvikVM - [DEBUG]: class de.ecspride.ContentProvider
class fu.hao.trust.dvm.DalvikVM - [MSG]: RUN Method de.ecspride.ContentProvider/onCreate[]
class fu.hao.trust.dvm.DalvikVM - [DEBUG]: New method call: de.ecspride.ContentProvider/onCreate[]
class fu.hao.trust.dvm.DalvikVM - [DEBUG]: [0]<SPECIAL,ARGUMENT_SET,extra=[3]>
class fu.hao.trust.dvm.DalvikVM - [DEBUG]: [1]<HALT,VIRTUAL,extra=[null, [3]]>
class fu.hao.trust.dvm.DalvikVM - [DEBUG]: [2]<MOV,RESULT,dst=r1,type=java.lang.Object>
class fu.hao.trust.dvm.DalvikVM - [DEBUG]: [3]<MOV,CONST,dst=r2,type=java.lang.String,extra="phone">
class fu.hao.trust.dvm.DalvikVM - [DEBUG]: [4]<HALT,VIRTUAL,extra=[null, [1, 2]]>
class fu.hao.trust.dvm.DalvikVM - [DEBUG]: [5]<MOV,RESULT,dst=r0,type=java.lang.Object>
class fu.hao.trust.dvm.DalvikVM - [DEBUG]: [6]<ARITHMETIC,CHECK-AND-CAST,dst=r0,type=android.telephony.TelephonyManager>
class fu.hao.trust.dvm.DalvikVM - [DEBUG]: [7]<INVOKE,VIRTUAL,extra=[android.telephony.TelephonyManager/getDeviceId[], [0]]>
class fu.hao.trust.dvm.DalvikVM - [DEBUG]: [8]<MOV,RESULT,dst=r1,type=java.lang.Object>
class fu.hao.trust.dvm.DalvikVM - [DEBUG]: [9]<STATIC,SPUT,r0=r1,type=java.lang.Object,extra=(de.ecspride.ApplicationLifecyle3, imei)>
class fu.hao.trust.dvm.DalvikVM - [DEBUG]: [10]<MOV,CONST,dst=r1,type=void,extra=class patdroid.core.PrimitiveInfo?0>
class fu.hao.trust.dvm.DalvikVM - [DEBUG]: [11]<RETURN,VALUE,r0=r1,type=void>
class fu.hao.trust.dvm.Interpreter - [MSG]: RUN BEGIN de.ecspride.ContentProvider/onCreate[]
class fu.hao.trust.dvm.Interpreter - [MSG]: RUN BEGIN
class fu.hao.trust.dvm.Interpreter - [DEBUG]: opcode: 3 7
class fu.hao.trust.dvm.Interpreter - [DEBUG]: 0 <SPECIAL,ARGUMENT_SET,extra=[3]> at de.ecspride.ContentProvider/onCreate[]
class fu.hao.trust.dvm.Interpreter - [DEBUG]: args: fu.hao.trust.dvm.DVMObject@203f97d7
class fu.hao.trust.dvm.Interpreter - [DEBUG]: tainted set: [359874043116909]
class fu.hao.trust.dvm.Interpreter - [DEBUG]: opcode: 15 13
class fu.hao.trust.dvm.Interpreter - [DEBUG]: 1 <HALT,VIRTUAL,extra=[null, [3]]> at de.ecspride.ContentProvider/onCreate[]
class fu.hao.trust.dvm.Interpreter - [DEBUG]: cannot resolve the invocation
class fu.hao.trust.analysis.Taint - [DEBUG]: not a taint op <HALT,VIRTUAL,extra=[null, [3]]>
class fu.hao.trust.dvm.Interpreter - [DEBUG]: tainted set: [359874043116909]
class fu.hao.trust.dvm.Interpreter - [DEBUG]: opcode: 1 21
class fu.hao.trust.dvm.Interpreter - [DEBUG]: 2 <MOV,RESULT,dst=r1,type=java.lang.Object> at de.ecspride.ContentProvider/onCreate[]
class fu.hao.trust.dvm.Interpreter - [DEBUG]: data null null reg 1
class fu.hao.trust.dvm.Interpreter - [DEBUG]: tainted set: [359874043116909]
class fu.hao.trust.dvm.Interpreter - [DEBUG]: opcode: 1 2
class fu.hao.trust.dvm.Interpreter - [DEBUG]: 3 <MOV,CONST,dst=r2,type=java.lang.String,extra="phone"> at de.ecspride.ContentProvider/onCreate[]
class fu.hao.trust.dvm.Interpreter - [DEBUG]: Mov const begin <MOV,CONST,dst=r2,type=java.lang.String,extra="phone">
class fu.hao.trust.dvm.Interpreter - [DEBUG]: data: phone class java.lang.String
class fu.hao.trust.dvm.Interpreter - [DEBUG]: tainted set: [359874043116909]
class fu.hao.trust.dvm.Interpreter - [DEBUG]: opcode: 15 13
class fu.hao.trust.dvm.Interpreter - [DEBUG]: 4 <HALT,VIRTUAL,extra=[null, [1, 2]]> at de.ecspride.ContentProvider/onCreate[]
class fu.hao.trust.dvm.Interpreter - [DEBUG]: cannot resolve the invocation
class fu.hao.trust.analysis.Taint - [DEBUG]: not a taint op <HALT,VIRTUAL,extra=[null, [1, 2]]>
class fu.hao.trust.dvm.Interpreter - [DEBUG]: tainted set: [359874043116909]
class fu.hao.trust.dvm.Interpreter - [DEBUG]: opcode: 1 21
class fu.hao.trust.dvm.Interpreter - [DEBUG]: 5 <MOV,RESULT,dst=r0,type=java.lang.Object> at de.ecspride.ContentProvider/onCreate[]
class fu.hao.trust.dvm.Interpreter - [DEBUG]: data null null reg 0
class fu.hao.trust.dvm.Interpreter - [DEBUG]: tainted set: [359874043116909]
class fu.hao.trust.dvm.Interpreter - [DEBUG]: opcode: 13 18
class fu.hao.trust.dvm.Interpreter - [DEBUG]: 6 <ARITHMETIC,CHECK-AND-CAST,dst=r0,type=android.telephony.TelephonyManager> at de.ecspride.ContentProvider/onCreate[]
class fu.hao.trust.analysis.Taint - [DEBUG]: not a taint op <ARITHMETIC,CHECK-AND-CAST,dst=r0,type=android.telephony.TelephonyManager>
class fu.hao.trust.dvm.Interpreter - [DEBUG]: tainted set: [359874043116909]
class fu.hao.trust.dvm.Interpreter - [DEBUG]: opcode: 12 13
class fu.hao.trust.dvm.Interpreter - [DEBUG]: 7 <INVOKE,VIRTUAL,extra=[android.telephony.TelephonyManager/getDeviceId[], [0]]> at de.ecspride.ContentProvider/onCreate[]
class fu.hao.trust.dvm.Interpreter - [DEBUG]: null
class fu.hao.trust.dvm.Interpreter - [DEBUG]: reflction class: class android.telephony.TelephonyManager
class fu.hao.trust.dvm.Interpreter - [DEBUG]: return data: 359874043116909 ,class java.lang.String
class fu.hao.trust.dvm.Interpreter - [MSG]: reflction invocation public java.lang.String android.telephony.TelephonyManager.getDeviceId()
class fu.hao.trust.analysis.Taint - [DEBUG]: <android.telephony.TelephonyManager: java.lang.String getDeviceId()>
class fu.hao.trust.dvm.Interpreter - [DEBUG]: tainted set: [359874043116909, reg -1]
class fu.hao.trust.dvm.Interpreter - [DEBUG]: opcode: 1 21
class fu.hao.trust.dvm.Interpreter - [DEBUG]: 8 <MOV,RESULT,dst=r1,type=java.lang.Object> at de.ecspride.ContentProvider/onCreate[]
class fu.hao.trust.dvm.Interpreter - [DEBUG]: data 359874043116909 java.lang.String reg 1
class fu.hao.trust.dvm.Interpreter - [DEBUG]: tainted set: [reg 1, 359874043116909, reg -1]
class fu.hao.trust.dvm.Interpreter - [DEBUG]: opcode: 11 53
class fu.hao.trust.dvm.Interpreter - [DEBUG]: 9 <STATIC,SPUT,r0=r1,type=java.lang.Object,extra=(de.ecspride.ApplicationLifecyle3, imei)> at de.ecspride.ContentProvider/onCreate[]
class fu.hao.trust.dvm.DalvikVM - [DEBUG]: getClass de.ecspride.ApplicationLifecyle3 at fu.hao.trust.dvm.DalvikVM$Heap@636c7a8f
class fu.hao.trust.dvm.DalvikVM - [DEBUG]: getClass de.ecspride.ApplicationLifecyle3 at fu.hao.trust.dvm.DalvikVM$Heap@636c7a8f
class fu.hao.trust.dvm.Interpreter - [DEBUG]: expect sput imei from de.ecspride.ApplicationLifecyle3
class fu.hao.trust.dvm.Interpreter - [DEBUG]: real sput 359874043116909 from fu.hao.trust.dvm.DVMClass@5ea6a4a0
class fu.hao.trust.dvm.DalvikVM - [DEBUG]: getClass de.ecspride.ApplicationLifecyle3 at fu.hao.trust.dvm.DalvikVM$Heap@636c7a8f
class fu.hao.trust.dvm.DalvikVM - [DEBUG]: getClass de.ecspride.ApplicationLifecyle3 at fu.hao.trust.dvm.DalvikVM$Heap@636c7a8f
class fu.hao.trust.dvm.Interpreter - [DEBUG]: tainted set: [reg 1, 359874043116909, reg -1]
class fu.hao.trust.dvm.Interpreter - [DEBUG]: opcode: 1 2
class fu.hao.trust.dvm.Interpreter - [DEBUG]: 10 <MOV,CONST,dst=r1,type=void,extra=class patdroid.core.PrimitiveInfo?0> at de.ecspride.ContentProvider/onCreate[]
class fu.hao.trust.dvm.Interpreter - [DEBUG]: Mov const begin <MOV,CONST,dst=r1,type=void,extra=class patdroid.core.PrimitiveInfo?0>
class fu.hao.trust.dvm.Interpreter - [DEBUG]: data: 0 class patdroid.core.PrimitiveInfo
class fu.hao.trust.dvm.Interpreter - [DEBUG]: tainted set: [359874043116909, reg -1]
class fu.hao.trust.dvm.Interpreter - [DEBUG]: opcode: 2 4
class fu.hao.trust.dvm.Interpreter - [DEBUG]: 11 <RETURN,VALUE,r0=r1,type=void> at de.ecspride.ContentProvider/onCreate[]
class fu.hao.trust.dvm.Interpreter - [DEBUG]: return data: 0
class fu.hao.trust.analysis.Taint - [DEBUG]: not a taint op <RETURN,VALUE,r0=r1,type=void>
class fu.hao.trust.dvm.Interpreter - [DEBUG]: tainted set: [359874043116909, reg -1]
class fu.hao.trust.dvm.Interpreter - [MSG]: RUN DONE! The last one is onCreate
class fu.hao.trust.dvm.DalvikVM - [DEBUG]: class de.ecspride.ApplicationLifecyle3
class fu.hao.trust.dvm.DalvikVM - [MSG]: RUN Method de.ecspride.ApplicationLifecyle3/onCreate[]
class fu.hao.trust.dvm.DalvikVM - [DEBUG]: New method call: de.ecspride.ApplicationLifecyle3/onCreate[]
class fu.hao.trust.dvm.DalvikVM - [DEBUG]: [0]<SPECIAL,ARGUMENT_SET,extra=[6]>
class fu.hao.trust.dvm.DalvikVM - [DEBUG]: [1]<MOV,CONST,dst=r2,type=void,extra=class patdroid.core.PrimitiveInfo?0>
class fu.hao.trust.dvm.DalvikVM - [DEBUG]: [2]<HALT,SUPER,extra=[null, [6]]>
class fu.hao.trust.dvm.DalvikVM - [DEBUG]: [3]<INVOKE,STATIC,extra=[android.telephony.SmsManager/getDefault[], []]>
class fu.hao.trust.dvm.DalvikVM - [DEBUG]: [4]<MOV,RESULT,dst=r0,type=java.lang.Object>
class fu.hao.trust.dvm.DalvikVM - [DEBUG]: [5]<MOV,CONST,dst=r1,type=java.lang.String,extra="+49 1234">
class fu.hao.trust.dvm.DalvikVM - [DEBUG]: [6]<STATIC,SGET,r0=r3,type=java.lang.Object,extra=(de.ecspride.ApplicationLifecyle3, imei)>
class fu.hao.trust.dvm.DalvikVM - [DEBUG]: [7]<MOV,REG,dst=r4,r0=r2,type=java.lang.Object>
class fu.hao.trust.dvm.DalvikVM - [DEBUG]: [8]<MOV,REG,dst=r5,r0=r2,type=java.lang.Object>
class fu.hao.trust.dvm.DalvikVM - [DEBUG]: [9]<INVOKE,VIRTUAL,extra=[android.telephony.SmsManager/sendTextMessage[java.lang.String, java.lang.String, java.lang.String, android.app.PendingIntent, android.app.PendingIntent], [0, 1, 2, 3, 4, 5]]>
class fu.hao.trust.dvm.DalvikVM - [DEBUG]: [10]<RETURN,VOID>
class fu.hao.trust.dvm.Interpreter - [MSG]: RUN BEGIN de.ecspride.ApplicationLifecyle3/onCreate[]
class fu.hao.trust.dvm.Interpreter - [MSG]: RUN BEGIN
class fu.hao.trust.dvm.Interpreter - [DEBUG]: opcode: 3 7
class fu.hao.trust.dvm.Interpreter - [DEBUG]: 0 <SPECIAL,ARGUMENT_SET,extra=[6]> at de.ecspride.ApplicationLifecyle3/onCreate[]
class fu.hao.trust.dvm.Interpreter - [DEBUG]: args: fu.hao.trust.dvm.DVMObject@203f97d7
class fu.hao.trust.dvm.Interpreter - [DEBUG]: tainted set: [359874043116909]
class fu.hao.trust.dvm.Interpreter - [DEBUG]: opcode: 1 2
class fu.hao.trust.dvm.Interpreter - [DEBUG]: 1 <MOV,CONST,dst=r2,type=void,extra=class patdroid.core.PrimitiveInfo?0> at de.ecspride.ApplicationLifecyle3/onCreate[]
class fu.hao.trust.dvm.Interpreter - [DEBUG]: Mov const begin <MOV,CONST,dst=r2,type=void,extra=class patdroid.core.PrimitiveInfo?0>
class fu.hao.trust.dvm.Interpreter - [DEBUG]: data: 0 class patdroid.core.PrimitiveInfo
class fu.hao.trust.dvm.Interpreter - [DEBUG]: tainted set: [359874043116909]
class fu.hao.trust.dvm.Interpreter - [DEBUG]: opcode: 15 12
class fu.hao.trust.dvm.Interpreter - [DEBUG]: 2 <HALT,SUPER,extra=[null, [6]]> at de.ecspride.ApplicationLifecyle3/onCreate[]
class fu.hao.trust.dvm.Interpreter - [DEBUG]: cannot resolve the invocation
class fu.hao.trust.analysis.Taint - [DEBUG]: not a taint op <HALT,SUPER,extra=[null, [6]]>
class fu.hao.trust.dvm.Interpreter - [DEBUG]: tainted set: [359874043116909]
class fu.hao.trust.dvm.Interpreter - [DEBUG]: opcode: 12 14
class fu.hao.trust.dvm.Interpreter - [DEBUG]: 3 <INVOKE,STATIC,extra=[android.telephony.SmsManager/getDefault[], []]> at de.ecspride.ApplicationLifecyle3/onCreate[]
class fu.hao.trust.dvm.Interpreter - [DEBUG]: reflction class android.telephony.SmsManager
class fu.hao.trust.dvm.Interpreter - [DEBUG]: return data: android.telephony.SmsManager@ebd3f80 class android.telephony.SmsManager
class fu.hao.trust.dvm.Interpreter - [MSG]: reflction invocation public static android.telephony.SmsManager android.telephony.SmsManager.getDefault()
class fu.hao.trust.analysis.Taint - [DEBUG]: <android.telephony.SmsManager: android.telephony.SmsManager getDefault()>
class fu.hao.trust.analysis.Taint - [DEBUG]: not a taint call: <android.telephony.SmsManager: android.telephony.SmsManager getDefault()>
class fu.hao.trust.dvm.Interpreter - [DEBUG]: tainted set: [359874043116909]
class fu.hao.trust.dvm.Interpreter - [DEBUG]: opcode: 1 21
class fu.hao.trust.dvm.Interpreter - [DEBUG]: 4 <MOV,RESULT,dst=r0,type=java.lang.Object> at de.ecspride.ApplicationLifecyle3/onCreate[]
class fu.hao.trust.dvm.Interpreter - [DEBUG]: data android.telephony.SmsManager@ebd3f80 android.telephony.SmsManager reg 0
class fu.hao.trust.dvm.Interpreter - [DEBUG]: tainted set: [359874043116909]
class fu.hao.trust.dvm.Interpreter - [DEBUG]: opcode: 1 2
class fu.hao.trust.dvm.Interpreter - [DEBUG]: 5 <MOV,CONST,dst=r1,type=java.lang.String,extra="+49 1234"> at de.ecspride.ApplicationLifecyle3/onCreate[]
class fu.hao.trust.dvm.Interpreter - [DEBUG]: Mov const begin <MOV,CONST,dst=r1,type=java.lang.String,extra="+49 1234">
class fu.hao.trust.dvm.Interpreter - [DEBUG]: data: +49 1234 class java.lang.String
class fu.hao.trust.dvm.Interpreter - [DEBUG]: tainted set: [359874043116909]
class fu.hao.trust.dvm.Interpreter - [DEBUG]: opcode: 11 52
class fu.hao.trust.dvm.Interpreter - [DEBUG]: 6 <STATIC,SGET,r0=r3,type=java.lang.Object,extra=(de.ecspride.ApplicationLifecyle3, imei)> at de.ecspride.ApplicationLifecyle3/onCreate[]
class fu.hao.trust.dvm.DalvikVM - [DEBUG]: getClass de.ecspride.ApplicationLifecyle3 at fu.hao.trust.dvm.DalvikVM$Heap@636c7a8f
class fu.hao.trust.dvm.DalvikVM - [DEBUG]: getClass de.ecspride.ApplicationLifecyle3 at fu.hao.trust.dvm.DalvikVM$Heap@636c7a8f
class fu.hao.trust.dvm.Interpreter - [DEBUG]: sget 359874043116909, from fu.hao.trust.dvm.DVMClass@5ea6a4a0
class fu.hao.trust.dvm.Interpreter - [DEBUG]: expect sget imei, a java.lang.String from de.ecspride.ApplicationLifecyle3
class fu.hao.trust.dvm.DalvikVM - [DEBUG]: getClass de.ecspride.ApplicationLifecyle3 at fu.hao.trust.dvm.DalvikVM$Heap@636c7a8f
class fu.hao.trust.dvm.DalvikVM - [DEBUG]: getClass de.ecspride.ApplicationLifecyle3 at fu.hao.trust.dvm.DalvikVM$Heap@636c7a8f
class fu.hao.trust.dvm.Interpreter - [DEBUG]: tainted set: [359874043116909, reg 3]
class fu.hao.trust.dvm.Interpreter - [DEBUG]: opcode: 1 1
class fu.hao.trust.dvm.Interpreter - [DEBUG]: 7 <MOV,REG,dst=r4,r0=r2,type=java.lang.Object> at de.ecspride.ApplicationLifecyle3/onCreate[]
class fu.hao.trust.dvm.Interpreter$OP_MOVE_REG - [DEBUG]: mov 0 to 0
class fu.hao.trust.dvm.Interpreter - [DEBUG]: tainted set: [359874043116909, reg 3]
class fu.hao.trust.dvm.Interpreter - [DEBUG]: opcode: 1 1
class fu.hao.trust.dvm.Interpreter - [DEBUG]: 8 <MOV,REG,dst=r5,r0=r2,type=java.lang.Object> at de.ecspride.ApplicationLifecyle3/onCreate[]
class fu.hao.trust.dvm.Interpreter$OP_MOVE_REG - [DEBUG]: mov 0 to 0
class fu.hao.trust.dvm.Interpreter - [DEBUG]: tainted set: [359874043116909, reg 3]
class fu.hao.trust.dvm.Interpreter - [DEBUG]: opcode: 12 13
class fu.hao.trust.dvm.Interpreter - [DEBUG]: 9 <INVOKE,VIRTUAL,extra=[android.telephony.SmsManager/sendTextMessage[java.lang.String, java.lang.String, java.lang.String, android.app.PendingIntent, android.app.PendingIntent], [0, 1, 2, 3, 4, 5]]> at de.ecspride.ApplicationLifecyle3/onCreate[]
class fu.hao.trust.dvm.Interpreter - [DEBUG]: android.telephony.SmsManager@ebd3f80
class fu.hao.trust.dvm.Interpreter - [DEBUG]: reflction class: class android.telephony.SmsManager
class fu.hao.trust.dvm.Interpreter - [DEBUG]: caller obj: android.telephony.SmsManager@ebd3f80, from class: class android.telephony.SmsManager
class fu.hao.trust.dvm.Interpreter - [MSG]: reflction invocation public void android.telephony.SmsManager.sendTextMessage(java.lang.String,java.lang.String,java.lang.String,android.app.PendingIntent,android.app.PendingIntent)
class fu.hao.trust.analysis.Taint - [DEBUG]: <android.telephony.SmsManager: void sendTextMessage(java.lang.String,java.lang.String,java.lang.String,android.app.PendingIntent,android.app.PendingIntent)>
class fu.hao.trust.analysis.Taint - [DEBUG]: Found a sink invocation. <android.telephony.SmsManager: void sendTextMessage(java.lang.String,java.lang.String,java.lang.String,android.app.PendingIntent,android.app.PendingIntent)>
class fu.hao.trust.dvm.Interpreter - [DEBUG]: tainted set: [359874043116909, reg 3]
class fu.hao.trust.dvm.Interpreter - [DEBUG]: opcode: 2 3
class fu.hao.trust.dvm.Interpreter - [DEBUG]: 10 <RETURN,VOID> at de.ecspride.ApplicationLifecyle3/onCreate[]
class fu.hao.trust.dvm.Interpreter$OP_RETURN_VOID - [DEBUG]: return void
class fu.hao.trust.analysis.Taint - [DEBUG]: not a taint op <RETURN,VOID>
class fu.hao.trust.dvm.Interpreter - [DEBUG]: tainted set: [359874043116909, reg 3]
class fu.hao.trust.dvm.Interpreter - [MSG]: RUN DONE! The last one is onCreate
class fu.hao.trust.analysis.Taint - [DEBUG]: srcs: [<android.os.Bundle: java.lang.ClassLoader getClassLoader()>, <android.os.Bundle: byte getByte(java.lang.String)>, <android.os.Bundle: short[] getShortArray(java.lang.String)>, <android.content.ContentResolver: android.database.Cursor query(android.net.Uri,java.lang.String[],java.lang.String,java.lang.String[],java.lang.String)>, <android.database.Cursor: java.lang.String getString(int)>, <org.apache.http.util.EntityUtils: java.lang.String getContentCharSet(org.apache.http.Hmain - [DEBUG]: ApplicationLifecycle3.apk
main - [DEBUG]: C:/Users/hao/workspace/TRUST/sootOutput/ApplicationLifecycle3.apk_dummy.csv
DalvikVM - [MSG]: apk java.util.zip.ZipFile@5ba667d0 C:/Users/hao/workspace/DroidBenchProj/Lifecycle_ApplicationLifecycle3/app/ApplicationLifecycle3.apk
DalvikVM - [BB]: class de.ecspride.ContentProvider
DalvikVM - [WARN]: Run chain de.ecspride.ContentProvider:onCreate at de.ecspride.ContentProvider
DalvikVM - [MSG]: RUN Method de.ecspride.ContentProvider/onCreate[]
DalvikVM - [BB]: New method call: de.ecspride.ContentProvider/onCreate[]
DalvikVM - [BB]: [0]<0 SPECIAL,ARGUMENT_SET,extra=[3]>
DalvikVM - [BB]: [1]<0 HALT,VIRTUAL,extra=[null, [3]]>
DalvikVM - [BB]: [2]<0 MOV,RESULT,dst=r1,type=java.lang.Object>
DalvikVM - [BB]: [3]<0 MOV,CONST,dst=r2,type=java.lang.String,extra="phone">
DalvikVM - [BB]: [4]<0 HALT,VIRTUAL,extra=[null, [1, 2]]>
DalvikVM - [BB]: [5]<0 MOV,RESULT,dst=r0,type=java.lang.Object>
DalvikVM - [BB]: [6]<0 ARITHMETIC,CHECK-AND-CAST,dst=r0,type=android.telephony.TelephonyManager>
DalvikVM - [BB]: [7]<0 INVOKE,VIRTUAL,extra=[android.telephony.TelephonyManager/getDeviceId[], [0]]>
DalvikVM - [BB]: [8]<0 MOV,RESULT,dst=r1,type=java.lang.Object>
DalvikVM - [BB]: [9]<0 STATIC,SPUT,r0=r1,type=java.lang.Object,extra=(de.ecspride.ApplicationLifecyle3, imei)>
DalvikVM - [BB]: [10]<0 MOV,CONST,dst=r1,type=void,extra=class patdroid.core.PrimitiveInfo?0>
DalvikVM - [BB]: [11]<0 RETURN,VALUE,r0=r1,type=void>
DalvikVM - [BB]: New Stack Frame: StackFrame de.ecspride.ContentProvider/onCreate[]
DalvikVM - [BB]: Stack: [StackFrame de.ecspride.ContentProvider/onCreate[]]
Interpreter - [MSG]: RUN BEGIN de.ecspride.ContentProvider/onCreate[]
Interpreter - [MSG]: RUN BEGIN
Interpreter - [MSG]: 

Interpreter - [MSG]: 0 <0 SPECIAL,ARGUMENT_SET,extra=[3]> at de.ecspride.ContentProvider/onCreate[]
Interpreter - [BB]: opcode: 3 7
Interpreter - [WARN]: null ctx!
Interpreter - [DEBUG]: args: instance number 1@de.ecspride.ActivityLifecycle1
DalvikVM - [BB]: fu.hao.trust.dvm.Interpreter$OP_SP_ARGUMENTS -> jump set pc to 1
PluginManager - [MSG]: Taint Tainted Res: {Taint={}}
Interpreter - [MSG]: 

Interpreter - [MSG]: 1 <0 HALT,VIRTUAL,extra=[null, [3]]> at de.ecspride.ContentProvider/onCreate[]
Interpreter - [BB]: opcode: 15 13
DalvikVM - [BB]: fu.hao.trust.dvm.Interpreter$OP_HALT -> jump set pc to 2
Interpreter - [MSG]: Cannot resolve the invocation
Taint - [BB]: Not a taint op <1 HALT,VIRTUAL,extra=[null, [3]]>
PluginManager - [MSG]: Taint Tainted Res: {Taint={}}
Interpreter - [MSG]: 

Interpreter - [MSG]: 2 <0 MOV,RESULT,dst=r1,type=java.lang.Object> at de.ecspride.ContentProvider/onCreate[]
Interpreter - [BB]: opcode: 1 21
OP_MOV_RESULT - [BB]: Result data: null
OP_MOV_RESULT - [DEBUG]: Result data: null, type: null, to [reg 1@StackFrame de.ecspride.ContentProvider/onCreate[]]
DalvikVM - [BB]: fu.hao.trust.dvm.Interpreter$OP_MOV_RESULT -> jump set pc to 3
PluginManager - [MSG]: Taint Tainted Res: {Taint={}}
Interpreter - [MSG]: 

Interpreter - [MSG]: 3 <0 MOV,CONST,dst=r2,type=java.lang.String,extra="phone"> at de.ecspride.ContentProvider/onCreate[]
Interpreter - [BB]: opcode: 1 2
Interpreter - [DEBUG]: Mov const begin <3 MOV,CONST,dst=r2,type=java.lang.String,extra="phone">
DalvikVM - [BB]: A[reg 2@StackFrame de.ecspride.ContentProvider/onCreate[]] phone
Interpreter - [DEBUG]: data: phone class java.lang.String
DalvikVM - [BB]: fu.hao.trust.dvm.Interpreter$OP_MOV_CONST -> jump set pc to 4
PluginManager - [MSG]: Taint Tainted Res: {Taint={}}
Interpreter - [MSG]: 

Interpreter - [MSG]: 4 <0 HALT,VIRTUAL,extra=[null, [1, 2]]> at de.ecspride.ContentProvider/onCreate[]
Interpreter - [BB]: opcode: 15 13
DalvikVM - [BB]: fu.hao.trust.dvm.Interpreter$OP_HALT -> jump set pc to 5
Interpreter - [MSG]: Cannot resolve the invocation
Taint - [BB]: Not a taint op <4 HALT,VIRTUAL,extra=[null, [1, 2]]>
PluginManager - [MSG]: Taint Tainted Res: {Taint={}}
Interpreter - [MSG]: 

Interpreter - [MSG]: 5 <0 MOV,RESULT,dst=r0,type=java.lang.Object> at de.ecspride.ContentProvider/onCreate[]
Interpreter - [BB]: opcode: 1 21
OP_MOV_RESULT - [BB]: Result data: null
OP_MOV_RESULT - [DEBUG]: Result data: null, type: null, to [reg 0@StackFrame de.ecspride.ContentProvider/onCreate[]]
DalvikVM - [BB]: fu.hao.trust.dvm.Interpreter$OP_MOV_RESULT -> jump set pc to 6
PluginManager - [MSG]: Taint Tainted Res: {Taint={}}
Interpreter - [MSG]: 

Interpreter - [MSG]: 6 <0 ARITHMETIC,CHECK-AND-CAST,dst=r0,type=android.telephony.TelephonyManager> at de.ecspride.ContentProvider/onCreate[]
Interpreter - [BB]: opcode: 13 18
DalvikVM - [BB]: fu.hao.trust.dvm.Interpreter$OP_ARITHETIC -> jump set pc to 7
Taint - [BB]: Not a taint op <6 ARITHMETIC,CHECK-AND-CAST,dst=r0,type=android.telephony.TelephonyManager>
PluginManager - [MSG]: Taint Tainted Res: {Taint={}}
Interpreter - [MSG]: 

Interpreter - [MSG]: 7 <0 INVOKE,VIRTUAL,extra=[android.telephony.TelephonyManager/getDeviceId[], [0]]> at de.ecspride.ContentProvider/onCreate[]
Interpreter - [BB]: opcode: 12 13
class fu.hao.trust.dvm.Interpreter - [MSG]: arg0 obj: null
class fu.hao.trust.dvm.Interpreter - [DEBUG]: Reflction class: class android.telephony.TelephonyManager
class fu.hao.trust.dvm.Interpreter - [DEBUG]: Return data: 359874043116909 ,class java.lang.String
class fu.hao.trust.dvm.Interpreter - [MSG]: Reflction invocation public java.lang.String android.telephony.TelephonyManager.getDeviceId()
DalvikVM - [BB]: fu.hao.trust.dvm.Interpreter -> jump set pc to 8
class fu.hao.trust.analysis.Taint$TAINT_OP_INVOKE - [BB]: <android.telephony.TelephonyManager: java.lang.String getDeviceId()>
class fu.hao.trust.analysis.Taint$TAINT_OP_INVOKE - [WARN]: Found a tainted return value!
PluginManager - [MSG]: Taint Tainted Res: {Taint={359874043116909=<7 INVOKE,VIRTUAL,extra=[android.telephony.TelephonyManager/getDeviceId[], [0]]>, [Global RetReg]=<7 INVOKE,VIRTUAL,extra=[android.telephony.TelephonyManager/getDeviceId[], [0]]>}}
Interpreter - [MSG]: 

Interpreter - [MSG]: 8 <0 MOV,RESULT,dst=r1,type=java.lang.Object> at de.ecspride.ContentProvider/onCreate[]
Interpreter - [BB]: opcode: 1 21
DalvikVM - [BB]: A[reg 1@StackFrame de.ecspride.ContentProvider/onCreate[]] 359874043116909
OP_MOV_RESULT - [BB]: Result data: 359874043116909
OP_MOV_RESULT - [DEBUG]: Result data: 359874043116909, type: java.lang.String, to [reg 1@StackFrame de.ecspride.ContentProvider/onCreate[]]
DalvikVM - [BB]: fu.hao.trust.dvm.Interpreter$OP_MOV_RESULT -> jump set pc to 9
TAINT_OP_MOV_RESULT - [BB]: set {359874043116909=<7 INVOKE,VIRTUAL,extra=[android.telephony.TelephonyManager/getDeviceId[], [0]]>, [Global RetReg]=<7 INVOKE,VIRTUAL,extra=[android.telephony.TelephonyManager/getDeviceId[], [0]]>}
TAINT_OP_MOV_RESULT - [BB]: Add reg 1 due to ret reg.
PluginManager - [MSG]: Taint Tainted Res: {Taint={359874043116909=<7 INVOKE,VIRTUAL,extra=[android.telephony.TelephonyManager/getDeviceId[], [0]]>, [reg 1@StackFrame de.ecspride.ContentProvider/onCreate[]]=<7 INVOKE,VIRTUAL,extra=[android.telephony.TelephonyManager/getDeviceId[], [0]]>}}
Interpreter - [MSG]: 

Interpreter - [MSG]: 9 <0 STATIC,SPUT,r0=r1,type=java.lang.Object,extra=(de.ecspride.ApplicationLifecyle3, imei)> at de.ecspride.ContentProvider/onCreate[]
Interpreter - [BB]: opcode: 11 53
VMHeap - [BB]: getClass de.ecspride.ApplicationLifecyle3 at fu.hao.trust.dvm.VMHeap@d5cbf25
VMHeap - [BB]: new class representation for de.ecspride.ApplicationLifecyle3 at fu.hao.trust.dvm.VMHeap@d5cbf25
VMHeap - [BB]: getClass android.app.Application at fu.hao.trust.dvm.VMHeap@d5cbf25
VMHeap - [BB]: new class representation for android.app.Application at fu.hao.trust.dvm.VMHeap@d5cbf25
VMHeap - [BB]: getClass android.app.Application at fu.hao.trust.dvm.VMHeap@d5cbf25
VMHeap - [BB]: getClass de.ecspride.ApplicationLifecyle3 at fu.hao.trust.dvm.VMHeap@d5cbf25
class fu.hao.trust.dvm.Interpreter$OP_STATIC_PUT_FIELD - [DEBUG]: expect sput imei from de.ecspride.ApplicationLifecyle3
class fu.hao.trust.dvm.Interpreter$OP_STATIC_PUT_FIELD - [DEBUG]: real sput 359874043116909 from fu.hao.trust.dvm.DVMClass@44091cfd
DalvikVM - [BB]: fu.hao.trust.dvm.Interpreter$OP_STATIC_PUT_FIELD -> jump set pc to 10
VMHeap - [BB]: getClass de.ecspride.ApplicationLifecyle3 at fu.hao.trust.dvm.VMHeap@d5cbf25
VMHeap - [BB]: getClass de.ecspride.ApplicationLifecyle3 at fu.hao.trust.dvm.VMHeap@d5cbf25
TAINT_OP_STATIC_PUT_FIELD - [BB]: SPut at [reg 1@StackFrame de.ecspride.ContentProvider/onCreate[]]
PluginManager - [MSG]: Taint Tainted Res: {Taint={359874043116909=<7 INVOKE,VIRTUAL,extra=[android.telephony.TelephonyManager/getDeviceId[], [0]]>, [reg 1@StackFrame de.ecspride.ContentProvider/onCreate[]]=<7 INVOKE,VIRTUAL,extra=[android.telephony.TelephonyManager/getDeviceId[], [0]]>}}
Interpreter - [MSG]: 

Interpreter - [MSG]: 10 <0 MOV,CONST,dst=r1,type=void,extra=class patdroid.core.PrimitiveInfo?0> at de.ecspride.ContentProvider/onCreate[]
Interpreter - [BB]: opcode: 1 2
Interpreter - [DEBUG]: Mov const begin <10 MOV,CONST,dst=r1,type=void,extra=class patdroid.core.PrimitiveInfo?0>
DalvikVM - [BB]: A[reg 1@StackFrame de.ecspride.ContentProvider/onCreate[]] 0
Interpreter - [DEBUG]: data: 0 class patdroid.core.PrimitiveInfo
DalvikVM - [BB]: fu.hao.trust.dvm.Interpreter$OP_MOV_CONST -> jump set pc to 11
PluginManager - [MSG]: Taint Tainted Res: {Taint={359874043116909=<7 INVOKE,VIRTUAL,extra=[android.telephony.TelephonyManager/getDeviceId[], [0]]>}}
Interpreter - [MSG]: 

Interpreter - [MSG]: 11 <0 RETURN,VALUE,r0=r1,type=void> at de.ecspride.ContentProvider/onCreate[]
Interpreter - [BB]: opcode: 2 4
DalvikVM - [BB]: A[Global RetReg] 0
Interpreter - [BB]: Return data: 0
DalvikVM - [BB]: stack [StackFrame de.ecspride.ContentProvider/onCreate[]]
DalvikVM - [BB]: stack []
Interpreter - [MSG]: RUN DONE! The last one is onCreate
DalvikVM - [BB]: class de.ecspride.ContentProvider
DalvikVM - [WARN]: Run chain de.ecspride.ContentProvider:onCreate at de.ecspride.ContentProvider
DalvikVM - [MSG]: RUN Method de.ecspride.ContentProvider/onCreate[]
DalvikVM - [BB]: New method call: de.ecspride.ContentProvider/onCreate[]
DalvikVM - [BB]: [0]<0 SPECIAL,ARGUMENT_SET,extra=[3]>
DalvikVM - [BB]: [1]<1 HALT,VIRTUAL,extra=[null, [3]]>
DalvikVM - [BB]: [2]<2 MOV,RESULT,dst=r1,type=java.lang.Object>
DalvikVM - [BB]: [3]<3 MOV,CONST,dst=r2,type=java.lang.String,extra="phone">
DalvikVM - [BB]: [4]<4 HALT,VIRTUAL,extra=[null, [1, 2]]>
DalvikVM - [BB]: [5]<5 MOV,RESULT,dst=r0,type=java.lang.Object>
DalvikVM - [BB]: [6]<6 ARITHMETIC,CHECK-AND-CAST,dst=r0,type=android.telephony.TelephonyManager>
DalvikVM - [BB]: [7]<7 INVOKE,VIRTUAL,extra=[android.telephony.TelephonyManager/getDeviceId[], [0]]>
DalvikVM - [BB]: [8]<8 MOV,RESULT,dst=r1,type=java.lang.Object>
DalvikVM - [BB]: [9]<9 STATIC,SPUT,r0=r1,type=java.lang.Object,extra=(de.ecspride.ApplicationLifecyle3, imei)>
DalvikVM - [BB]: [10]<10 MOV,CONST,dst=r1,type=void,extra=class patdroid.core.PrimitiveInfo?0>
DalvikVM - [BB]: [11]<11 RETURN,VALUE,r0=r1,type=void>
DalvikVM - [BB]: New Stack Frame: StackFrame de.ecspride.ContentProvider/onCreate[]
DalvikVM - [BB]: Stack: [StackFrame de.ecspride.ContentProvider/onCreate[]]
Interpreter - [MSG]: RUN BEGIN de.ecspride.ContentProvider/onCreate[]
Interpreter - [MSG]: RUN BEGIN
Interpreter - [MSG]: 

Interpreter - [MSG]: 0 <0 SPECIAL,ARGUMENT_SET,extra=[3]> at de.ecspride.ContentProvider/onCreate[]
Interpreter - [BB]: opcode: 3 7
Interpreter - [WARN]: null ctx!
Interpreter - [DEBUG]: args: instance number 1@de.ecspride.ActivityLifecycle1
DalvikVM - [BB]: fu.hao.trust.dvm.Interpreter$OP_SP_ARGUMENTS -> jump set pc to 1
TAINT_OP_SP_ARGUMENTS - [BB]: Copy 359874043116909 as tainted.
PluginManager - [MSG]: Taint Tainted Res: {Taint={359874043116909=<7 INVOKE,VIRTUAL,extra=[android.telephony.TelephonyManager/getDeviceId[], [0]]>}}
Interpreter - [MSG]: 

Interpreter - [MSG]: 1 <1 HALT,VIRTUAL,extra=[null, [3]]> at de.ecspride.ContentProvider/onCreate[]
Interpreter - [BB]: opcode: 15 13
DalvikVM - [BB]: A[Global RetReg] null
DalvikVM - [BB]: fu.hao.trust.dvm.Interpreter$OP_HALT -> jump set pc to 2
Interpreter - [MSG]: Cannot resolve the invocation
Taint - [BB]: Not a taint op <1 HALT,VIRTUAL,extra=[null, [3]]>
PluginManager - [MSG]: Taint Tainted Res: {Taint={359874043116909=<7 INVOKE,VIRTUAL,extra=[android.telephony.TelephonyManager/getDeviceId[], [0]]>}}
Interpreter - [MSG]: 

Interpreter - [MSG]: 2 <2 MOV,RESULT,dst=r1,type=java.lang.Object> at de.ecspride.ContentProvider/onCreate[]
Interpreter - [BB]: opcode: 1 21
OP_MOV_RESULT - [BB]: Result data: null
OP_MOV_RESULT - [DEBUG]: Result data: null, type: null, to [reg 1@StackFrame de.ecspride.ContentProvider/onCreate[]]
DalvikVM - [BB]: fu.hao.trust.dvm.Interpreter$OP_MOV_RESULT -> jump set pc to 3
PluginManager - [MSG]: Taint Tainted Res: {Taint={359874043116909=<7 INVOKE,VIRTUAL,extra=[android.telephony.TelephonyManager/getDeviceId[], [0]]>}}
Interpreter - [MSG]: 

Interpreter - [MSG]: 3 <3 MOV,CONST,dst=r2,type=java.lang.String,extra="phone"> at de.ecspride.ContentProvider/onCreate[]
Interpreter - [BB]: opcode: 1 2
Interpreter - [DEBUG]: Mov const begin <3 MOV,CONST,dst=r2,type=java.lang.String,extra="phone">
DalvikVM - [BB]: A[reg 2@StackFrame de.ecspride.ContentProvider/onCreate[]] phone
Interpreter - [DEBUG]: data: phone class java.lang.String
DalvikVM - [BB]: fu.hao.trust.dvm.Interpreter$OP_MOV_CONST -> jump set pc to 4
PluginManager - [MSG]: Taint Tainted Res: {Taint={359874043116909=<7 INVOKE,VIRTUAL,extra=[android.telephony.TelephonyManager/getDeviceId[], [0]]>}}
Interpreter - [MSG]: 

Interpreter - [MSG]: 4 <4 HALT,VIRTUAL,extra=[null, [1, 2]]> at de.ecspride.ContentProvider/onCreate[]
Interpreter - [BB]: opcode: 15 13
DalvikVM - [BB]: fu.hao.trust.dvm.Interpreter$OP_HALT -> jump set pc to 5
Interpreter - [MSG]: Cannot resolve the invocation
Taint - [BB]: Not a taint op <4 HALT,VIRTUAL,extra=[null, [1, 2]]>
PluginManager - [MSG]: Taint Tainted Res: {Taint={359874043116909=<7 INVOKE,VIRTUAL,extra=[android.telephony.TelephonyManager/getDeviceId[], [0]]>}}
Interpreter - [MSG]: 

Interpreter - [MSG]: 5 <5 MOV,RESULT,dst=r0,type=java.lang.Object> at de.ecspride.ContentProvider/onCreate[]
Interpreter - [BB]: opcode: 1 21
OP_MOV_RESULT - [BB]: Result data: null
OP_MOV_RESULT - [DEBUG]: Result data: null, type: null, to [reg 0@StackFrame de.ecspride.ContentProvider/onCreate[]]
DalvikVM - [BB]: fu.hao.trust.dvm.Interpreter$OP_MOV_RESULT -> jump set pc to 6
PluginManager - [MSG]: Taint Tainted Res: {Taint={359874043116909=<7 INVOKE,VIRTUAL,extra=[android.telephony.TelephonyManager/getDeviceId[], [0]]>}}
Interpreter - [MSG]: 

Interpreter - [MSG]: 6 <6 ARITHMETIC,CHECK-AND-CAST,dst=r0,type=android.telephony.TelephonyManager> at de.ecspride.ContentProvider/onCreate[]
Interpreter - [BB]: opcode: 13 18
DalvikVM - [BB]: fu.hao.trust.dvm.Interpreter$OP_ARITHETIC -> jump set pc to 7
Taint - [BB]: Not a taint op <6 ARITHMETIC,CHECK-AND-CAST,dst=r0,type=android.telephony.TelephonyManager>
PluginManager - [MSG]: Taint Tainted Res: {Taint={359874043116909=<7 INVOKE,VIRTUAL,extra=[android.telephony.TelephonyManager/getDeviceId[], [0]]>}}
Interpreter - [MSG]: 

Interpreter - [MSG]: 7 <7 INVOKE,VIRTUAL,extra=[android.telephony.TelephonyManager/getDeviceId[], [0]]> at de.ecspride.ContentProvider/onCreate[]
Interpreter - [BB]: opcode: 12 13
class fu.hao.trust.dvm.Interpreter - [MSG]: arg0 obj: null
class fu.hao.trust.dvm.Interpreter - [DEBUG]: Reflction class: class android.telephony.TelephonyManager
class fu.hao.trust.dvm.Interpreter - [DEBUG]: Return data: 359874043116909 ,class java.lang.String
class fu.hao.trust.dvm.Interpreter - [MSG]: Reflction invocation public java.lang.String android.telephony.TelephonyManager.getDeviceId()
DalvikVM - [BB]: fu.hao.trust.dvm.Interpreter -> jump set pc to 8
class fu.hao.trust.analysis.Taint$TAINT_OP_INVOKE - [BB]: <android.telephony.TelephonyManager: java.lang.String getDeviceId()>
class fu.hao.trust.analysis.Taint$TAINT_OP_INVOKE - [WARN]: Found a tainted return value!
PluginManager - [MSG]: Taint Tainted Res: {Taint={359874043116909=<7 INVOKE,VIRTUAL,extra=[android.telephony.TelephonyManager/getDeviceId[], [0]]>, [Global RetReg]=<7 INVOKE,VIRTUAL,extra=[android.telephony.TelephonyManager/getDeviceId[], [0]]>}}
Interpreter - [MSG]: 

Interpreter - [MSG]: 8 <8 MOV,RESULT,dst=r1,type=java.lang.Object> at de.ecspride.ContentProvider/onCreate[]
Interpreter - [BB]: opcode: 1 21
DalvikVM - [BB]: A[reg 1@StackFrame de.ecspride.ContentProvider/onCreate[]] 359874043116909
OP_MOV_RESULT - [BB]: Result data: 359874043116909
OP_MOV_RESULT - [DEBUG]: Result data: 359874043116909, type: java.lang.String, to [reg 1@StackFrame de.ecspride.ContentProvider/onCreate[]]
DalvikVM - [BB]: fu.hao.trust.dvm.Interpreter$OP_MOV_RESULT -> jump set pc to 9
TAINT_OP_MOV_RESULT - [BB]: set {359874043116909=<7 INVOKE,VIRTUAL,extra=[android.telephony.TelephonyManager/getDeviceId[], [0]]>, [Global RetReg]=<7 INVOKE,VIRTUAL,extra=[android.telephony.TelephonyManager/getDeviceId[], [0]]>}
TAINT_OP_MOV_RESULT - [BB]: Add reg 1 due to ret reg.
PluginManager - [MSG]: Taint Tainted Res: {Taint={359874043116909=<7 INVOKE,VIRTUAL,extra=[android.telephony.TelephonyManager/getDeviceId[], [0]]>, [reg 1@StackFrame de.ecspride.ContentProvider/onCreate[]]=<7 INVOKE,VIRTUAL,extra=[android.telephony.TelephonyManager/getDeviceId[], [0]]>}}
Interpreter - [MSG]: 

Interpreter - [MSG]: 9 <9 STATIC,SPUT,r0=r1,type=java.lang.Object,extra=(de.ecspride.ApplicationLifecyle3, imei)> at de.ecspride.ContentProvider/onCreate[]
Interpreter - [BB]: opcode: 11 53
VMHeap - [BB]: getClass de.ecspride.ApplicationLifecyle3 at fu.hao.trust.dvm.VMHeap@d5cbf25
VMHeap - [BB]: getClass de.ecspride.ApplicationLifecyle3 at fu.hao.trust.dvm.VMHeap@d5cbf25
class fu.hao.trust.dvm.Interpreter$OP_STATIC_PUT_FIELD - [DEBUG]: expect sput imei from de.ecspride.ApplicationLifecyle3
class fu.hao.trust.dvm.Interpreter$OP_STATIC_PUT_FIELD - [DEBUG]: real sput 359874043116909 from fu.hao.trust.dvm.DVMClass@44091cfd
DalvikVM - [BB]: fu.hao.trust.dvm.Interpreter$OP_STATIC_PUT_FIELD -> jump set pc to 10
VMHeap - [BB]: getClass de.ecspride.ApplicationLifecyle3 at fu.hao.trust.dvm.VMHeap@d5cbf25
VMHeap - [BB]: getClass de.ecspride.ApplicationLifecyle3 at fu.hao.trust.dvm.VMHeap@d5cbf25
TAINT_OP_STATIC_PUT_FIELD - [BB]: SPut at [reg 1@StackFrame de.ecspride.ContentProvider/onCreate[]]
PluginManager - [MSG]: Taint Tainted Res: {Taint={359874043116909=<7 INVOKE,VIRTUAL,extra=[android.telephony.TelephonyManager/getDeviceId[], [0]]>, [reg 1@StackFrame de.ecspride.ContentProvider/onCreate[]]=<7 INVOKE,VIRTUAL,extra=[android.telephony.TelephonyManager/getDeviceId[], [0]]>}}
Interpreter - [MSG]: 

Interpreter - [MSG]: 10 <10 MOV,CONST,dst=r1,type=void,extra=class patdroid.core.PrimitiveInfo?0> at de.ecspride.ContentProvider/onCreate[]
Interpreter - [BB]: opcode: 1 2
Interpreter - [DEBUG]: Mov const begin <10 MOV,CONST,dst=r1,type=void,extra=class patdroid.core.PrimitiveInfo?0>
DalvikVM - [BB]: A[reg 1@StackFrame de.ecspride.ContentProvider/onCreate[]] 0
Interpreter - [DEBUG]: data: 0 class patdroid.core.PrimitiveInfo
DalvikVM - [BB]: fu.hao.trust.dvm.Interpreter$OP_MOV_CONST -> jump set pc to 11
PluginManager - [MSG]: Taint Tainted Res: {Taint={359874043116909=<7 INVOKE,VIRTUAL,extra=[android.telephony.TelephonyManager/getDeviceId[], [0]]>}}
Interpreter - [MSG]: 

Interpreter - [MSG]: 11 <11 RETURN,VALUE,r0=r1,type=void> at de.ecspride.ContentProvider/onCreate[]
Interpreter - [BB]: opcode: 2 4
DalvikVM - [BB]: A[Global RetReg] 0
Interpreter - [BB]: Return data: 0
DalvikVM - [BB]: stack [StackFrame de.ecspride.ContentProvider/onCreate[]]
DalvikVM - [BB]: stack []
Interpreter - [MSG]: RUN DONE! The last one is onCreate
DalvikVM - [BB]: class de.ecspride.ApplicationLifecyle3
DalvikVM - [WARN]: Run chain de.ecspride.ApplicationLifecyle3:onCreate at de.ecspride.ApplicationLifecyle3
DalvikVM - [MSG]: RUN Method de.ecspride.ApplicationLifecyle3/onCreate[]
DalvikVM - [BB]: New method call: de.ecspride.ApplicationLifecyle3/onCreate[]
DalvikVM - [BB]: [0]<0 SPECIAL,ARGUMENT_SET,extra=[6]>
DalvikVM - [BB]: [1]<0 MOV,CONST,dst=r2,type=void,extra=class patdroid.core.PrimitiveInfo?0>
DalvikVM - [BB]: [2]<0 HALT,SUPER,extra=[null, [6]]>
DalvikVM - [BB]: [3]<0 INVOKE,STATIC,extra=[android.telephony.SmsManager/getDefault[], []]>
DalvikVM - [BB]: [4]<0 MOV,RESULT,dst=r0,type=java.lang.Object>
DalvikVM - [BB]: [5]<0 MOV,CONST,dst=r1,type=java.lang.String,extra="+49 1234">
DalvikVM - [BB]: [6]<0 STATIC,SGET,r0=r3,type=java.lang.Object,extra=(de.ecspride.ApplicationLifecyle3, imei)>
DalvikVM - [BB]: [7]<0 MOV,REG,dst=r4,r0=r2,type=java.lang.Object>
DalvikVM - [BB]: [8]<0 MOV,REG,dst=r5,r0=r2,type=java.lang.Object>
DalvikVM - [BB]: [9]<0 INVOKE,VIRTUAL,extra=[android.telephony.SmsManager/sendTextMessage[java.lang.String, java.lang.String, java.lang.String, android.app.PendingIntent, android.app.PendingIntent], [0, 1, 2, 3, 4, 5]]>
DalvikVM - [BB]: [10]<0 RETURN,VOID>
DalvikVM - [BB]: New Stack Frame: StackFrame de.ecspride.ApplicationLifecyle3/onCreate[]
DalvikVM - [BB]: Stack: [StackFrame de.ecspride.ApplicationLifecyle3/onCreate[]]
Interpreter - [MSG]: RUN BEGIN de.ecspride.ApplicationLifecyle3/onCreate[]
Interpreter - [MSG]: RUN BEGIN
Interpreter - [MSG]: 

Interpreter - [MSG]: 0 <0 SPECIAL,ARGUMENT_SET,extra=[6]> at de.ecspride.ApplicationLifecyle3/onCreate[]
Interpreter - [BB]: opcode: 3 7
Interpreter - [WARN]: null ctx!
Interpreter - [DEBUG]: args: instance number 1@de.ecspride.ActivityLifecycle1
DalvikVM - [BB]: fu.hao.trust.dvm.Interpreter$OP_SP_ARGUMENTS -> jump set pc to 1
TAINT_OP_SP_ARGUMENTS - [BB]: Copy 359874043116909 as tainted.
PluginManager - [MSG]: Taint Tainted Res: {Taint={359874043116909=<7 INVOKE,VIRTUAL,extra=[android.telephony.TelephonyManager/getDeviceId[], [0]]>}}
Interpreter - [MSG]: 

Interpreter - [MSG]: 1 <0 MOV,CONST,dst=r2,type=void,extra=class patdroid.core.PrimitiveInfo?0> at de.ecspride.ApplicationLifecyle3/onCreate[]
Interpreter - [BB]: opcode: 1 2
Interpreter - [DEBUG]: Mov const begin <1 MOV,CONST,dst=r2,type=void,extra=class patdroid.core.PrimitiveInfo?0>
DalvikVM - [BB]: A[reg 2@StackFrame de.ecspride.ApplicationLifecyle3/onCreate[]] 0
Interpreter - [DEBUG]: data: 0 class patdroid.core.PrimitiveInfo
DalvikVM - [BB]: fu.hao.trust.dvm.Interpreter$OP_MOV_CONST -> jump set pc to 2
PluginManager - [MSG]: Taint Tainted Res: {Taint={359874043116909=<7 INVOKE,VIRTUAL,extra=[android.telephony.TelephonyManager/getDeviceId[], [0]]>}}
Interpreter - [MSG]: 

Interpreter - [MSG]: 2 <0 HALT,SUPER,extra=[null, [6]]> at de.ecspride.ApplicationLifecyle3/onCreate[]
Interpreter - [BB]: opcode: 15 12
DalvikVM - [BB]: A[Global RetReg] null
DalvikVM - [BB]: fu.hao.trust.dvm.Interpreter$OP_HALT -> jump set pc to 3
Interpreter - [MSG]: Cannot resolve the invocation
Taint - [BB]: Not a taint op <2 HALT,SUPER,extra=[null, [6]]>
PluginManager - [MSG]: Taint Tainted Res: {Taint={359874043116909=<7 INVOKE,VIRTUAL,extra=[android.telephony.TelephonyManager/getDeviceId[], [0]]>}}
Interpreter - [MSG]: 

Interpreter - [MSG]: 3 <0 INVOKE,STATIC,extra=[android.telephony.SmsManager/getDefault[], []]> at de.ecspride.ApplicationLifecyle3/onCreate[]
Interpreter - [BB]: opcode: 12 14
Interpreter - [DEBUG]: reflction class android.telephony.SmsManager
Interpreter - [DEBUG]: return data: android.telephony.SmsManager@6d90851d class android.telephony.SmsManager
Interpreter - [MSG]: reflction invocation public static android.telephony.SmsManager android.telephony.SmsManager.getDefault()
DalvikVM - [BB]: fu.hao.trust.dvm.Interpreter$OP_INVOKE_STATIC -> jump set pc to 4
class fu.hao.trust.analysis.Taint$TAINT_OP_INVOKE - [BB]: <android.telephony.SmsManager: android.telephony.SmsManager getDefault()>
class fu.hao.trust.analysis.Taint$TAINT_OP_INVOKE - [DEBUG]: not a taint call: <android.telephony.SmsManager: android.telephony.SmsManager getDefault()>
PluginManager - [MSG]: Taint Tainted Res: {Taint={359874043116909=<7 INVOKE,VIRTUAL,extra=[android.telephony.TelephonyManager/getDeviceId[], [0]]>}}
Interpreter - [MSG]: 

Interpreter - [MSG]: 4 <0 MOV,RESULT,dst=r0,type=java.lang.Object> at de.ecspride.ApplicationLifecyle3/onCreate[]
Interpreter - [BB]: opcode: 1 21
DalvikVM - [BB]: A[reg 0@StackFrame de.ecspride.ApplicationLifecyle3/onCreate[]] android.telephony.SmsManager@6d90851d
OP_MOV_RESULT - [BB]: Result data: android.telephony.SmsManager@6d90851d
OP_MOV_RESULT - [DEBUG]: Result data: android.telephony.SmsManager@6d90851d, type: android.telephony.SmsManager, to [reg 0@StackFrame de.ecspride.ApplicationLifecyle3/onCreate[]]
DalvikVM - [BB]: fu.hao.trust.dvm.Interpreter$OP_MOV_RESULT -> jump set pc to 5
PluginManager - [MSG]: Taint Tainted Res: {Taint={359874043116909=<7 INVOKE,VIRTUAL,extra=[android.telephony.TelephonyManager/getDeviceId[], [0]]>}}
Interpreter - [MSG]: 

Interpreter - [MSG]: 5 <0 MOV,CONST,dst=r1,type=java.lang.String,extra="+49 1234"> at de.ecspride.ApplicationLifecyle3/onCreate[]
Interpreter - [BB]: opcode: 1 2
Interpreter - [DEBUG]: Mov const begin <5 MOV,CONST,dst=r1,type=java.lang.String,extra="+49 1234">
DalvikVM - [BB]: A[reg 1@StackFrame de.ecspride.ApplicationLifecyle3/onCreate[]] +49 1234
Interpreter - [DEBUG]: data: +49 1234 class java.lang.String
DalvikVM - [BB]: fu.hao.trust.dvm.Interpreter$OP_MOV_CONST -> jump set pc to 6
PluginManager - [MSG]: Taint Tainted Res: {Taint={359874043116909=<7 INVOKE,VIRTUAL,extra=[android.telephony.TelephonyManager/getDeviceId[], [0]]>}}
Interpreter - [MSG]: 

Interpreter - [MSG]: 6 <0 STATIC,SGET,r0=r3,type=java.lang.Object,extra=(de.ecspride.ApplicationLifecyle3, imei)> at de.ecspride.ApplicationLifecyle3/onCreate[]
Interpreter - [BB]: opcode: 11 52
VMHeap - [BB]: getClass de.ecspride.ApplicationLifecyle3 at fu.hao.trust.dvm.VMHeap@d5cbf25
VMHeap - [BB]: getClass de.ecspride.ApplicationLifecyle3 at fu.hao.trust.dvm.VMHeap@d5cbf25
OP_STATIC_GET_FIELD - [DEBUG]: Sget 359874043116909, from fu.hao.trust.dvm.DVMClass@44091cfd
OP_STATIC_GET_FIELD - [DEBUG]: Expect sget imei, a java.lang.String from de.ecspride.ApplicationLifecyle3
DalvikVM - [BB]: fu.hao.trust.dvm.Interpreter$OP_STATIC_GET_FIELD -> jump set pc to 7
VMHeap - [BB]: getClass de.ecspride.ApplicationLifecyle3 at fu.hao.trust.dvm.VMHeap@d5cbf25
VMHeap - [BB]: getClass de.ecspride.ApplicationLifecyle3 at fu.hao.trust.dvm.VMHeap@d5cbf25
PluginManager - [MSG]: Taint Tainted Res: {Taint={359874043116909=<7 INVOKE,VIRTUAL,extra=[android.telephony.TelephonyManager/getDeviceId[], [0]]>, [reg 3@StackFrame de.ecspride.ApplicationLifecyle3/onCreate[]]=<7 INVOKE,VIRTUAL,extra=[android.telephony.TelephonyManager/getDeviceId[], [0]]>}}
Interpreter - [MSG]: 

Interpreter - [MSG]: 7 <0 MOV,REG,dst=r4,r0=r2,type=java.lang.Object> at de.ecspride.ApplicationLifecyle3/onCreate[]
Interpreter - [BB]: opcode: 1 1
DalvikVM - [BB]: A[reg 4@StackFrame de.ecspride.ApplicationLifecyle3/onCreate[]] 0
class fu.hao.trust.dvm.Interpreter$OP_MOVE_REG - [DEBUG]: mov 0 to 0
DalvikVM - [BB]: fu.hao.trust.dvm.Interpreter$OP_MOVE_REG -> jump set pc to 8
PluginManager - [MSG]: Taint Tainted Res: {Taint={359874043116909=<7 INVOKE,VIRTUAL,extra=[android.telephony.TelephonyManager/getDeviceId[], [0]]>, [reg 3@StackFrame de.ecspride.ApplicationLifecyle3/onCreate[]]=<7 INVOKE,VIRTUAL,extra=[android.telephony.TelephonyManager/getDeviceId[], [0]]>}}
Interpreter - [MSG]: 

Interpreter - [MSG]: 8 <0 MOV,REG,dst=r5,r0=r2,type=java.lang.Object> at de.ecspride.ApplicationLifecyle3/onCreate[]
Interpreter - [BB]: opcode: 1 1
DalvikVM - [BB]: A[reg 5@StackFrame de.ecspride.ApplicationLifecyle3/onCreate[]] 0
class fu.hao.trust.dvm.Interpreter$OP_MOVE_REG - [DEBUG]: mov 0 to 0
DalvikVM - [BB]: fu.hao.trust.dvm.Interpreter$OP_MOVE_REG -> jump set pc to 9
PluginManager - [MSG]: Taint Tainted Res: {Taint={359874043116909=<7 INVOKE,VIRTUAL,extra=[android.telephony.TelephonyManager/getDeviceId[], [0]]>, [reg 3@StackFrame de.ecspride.ApplicationLifecyle3/onCreate[]]=<7 INVOKE,VIRTUAL,extra=[android.telephony.TelephonyManager/getDeviceId[], [0]]>}}
Interpreter - [MSG]: 

Interpreter - [MSG]: 9 <0 INVOKE,VIRTUAL,extra=[android.telephony.SmsManager/sendTextMessage[java.lang.String, java.lang.String, java.lang.String, android.app.PendingIntent, android.app.PendingIntent], [0, 1, 2, 3, 4, 5]]> at de.ecspride.ApplicationLifecyle3/onCreate[]
Interpreter - [BB]: opcode: 12 13
DalvikVM - [BB]: A[Global RetReg] null
class fu.hao.trust.dvm.Interpreter - [MSG]: arg0 obj: android.telephony.SmsManager@6d90851d
class fu.hao.trust.dvm.Interpreter - [DEBUG]: Reflction class: class android.telephony.SmsManager
Interpreter - [BB]: arg1: +49 1234
Interpreter - [BB]: arg2: 0
Interpreter - [WARN]: Mismatch type! arg 2, real para type: class patdroid.core.PrimitiveInfo, expected para type: class java.lang.String
Interpreter - [BB]: arg3: 359874043116909
Interpreter - [BB]: arg4: 0
Interpreter - [WARN]: Mismatch type! arg 4, real para type: class patdroid.core.PrimitiveInfo, expected para type: class android.app.PendingIntent
Interpreter - [BB]: arg5: 0
Interpreter - [WARN]: Mismatch type! arg 5, real para type: class patdroid.core.PrimitiveInfo, expected para type: class android.app.PendingIntent
class fu.hao.trust.dvm.Interpreter - [DEBUG]: Caller obj: android.telephony.SmsManager@6d90851d, from class: class android.telephony.SmsManager
class fu.hao.trust.dvm.Interpreter - [MSG]: Reflction invocation public void android.telephony.SmsManager.sendTextMessage(java.lang.String,java.lang.String,java.lang.String,android.app.PendingIntent,android.app.PendingIntent)
DalvikVM - [BB]: fu.hao.trust.dvm.Interpreter -> jump set pc to 10
class fu.hao.trust.analysis.Taint$TAINT_OP_INVOKE - [BB]: <android.telephony.SmsManager: void sendTextMessage(java.lang.String,java.lang.String,java.lang.String,android.app.PendingIntent,android.app.PendingIntent)>
class fu.hao.trust.analysis.Taint$TAINT_OP_INVOKE - [BB]: Found a sink invocation. <android.telephony.SmsManager: void sendTextMessage(java.lang.String,java.lang.String,java.lang.String,android.app.PendingIntent,android.app.PendingIntent)>
class fu.hao.trust.analysis.Taint$TAINT_OP_INVOKE - [WARN]: Found a taint sink <android.telephony.SmsManager: void sendTextMessage(java.lang.String,java.lang.String,java.lang.String,android.app.PendingIntent,android.app.PendingIntent)> leaking data [359874043116909] at reg 3!!!
PluginManager - [MSG]: Taint Tainted Res: {Taint={359874043116909=<7 INVOKE,VIRTUAL,extra=[android.telephony.TelephonyManager/getDeviceId[], [0]]>, [reg 3@StackFrame de.ecspride.ApplicationLifecyle3/onCreate[]]=<7 INVOKE,VIRTUAL,extra=[android.telephony.TelephonyManager/getDeviceId[], [0]]>}}
Interpreter - [MSG]: 

Interpreter - [MSG]: 10 <0 RETURN,VOID> at de.ecspride.ApplicationLifecyle3/onCreate[]
Interpreter - [BB]: opcode: 2 3
class fu.hao.trust.dvm.Interpreter$OP_RETURN_VOID - [DEBUG]: Return void
DalvikVM - [BB]: stack [StackFrame de.ecspride.ApplicationLifecyle3/onCreate[]]
DalvikVM - [BB]: stack []
Interpreter - [MSG]: RUN DONE! The last one is onCreate
DalvikVM - [MSG]: apk java.util.zip.ZipFile@65dea9ea C:/Users/hao/workspace/DroidBenchProj/Lifecycle_ApplicationLifecycle3/app/ApplicationLifecycle3.apk
DalvikVM - [BB]: class de.ecspride.ContentProvider
DalvikVM - [WARN]: Run chain de.ecspride.ContentProvider:onCreate at de.ecspride.ContentProvider
DalvikVM - [MSG]: RUN Method de.ecspride.ContentProvider/onCreate[]
DalvikVM - [BB]: New method call: de.ecspride.ContentProvider/onCreate[]
DalvikVM - [BB]: [0]<0 SPECIAL,ARGUMENT_SET,extra=[3]>
DalvikVM - [BB]: [1]<0 HALT,VIRTUAL,extra=[null, [3]]>
DalvikVM - [BB]: [2]<0 MOV,RESULT,dst=r1,type=java.lang.Object>
DalvikVM - [BB]: [3]<0 MOV,CONST,dst=r2,type=java.lang.String,extra="phone">
DalvikVM - [BB]: [4]<0 HALT,VIRTUAL,extra=[null, [1, 2]]>
DalvikVM - [BB]: [5]<0 MOV,RESULT,dst=r0,type=java.lang.Object>
DalvikVM - [BB]: [6]<0 ARITHMETIC,CHECK-AND-CAST,dst=r0,type=android.telephony.TelephonyManager>
DalvikVM - [BB]: [7]<0 INVOKE,VIRTUAL,extra=[android.telephony.TelephonyManager/getDeviceId[], [0]]>
DalvikVM - [BB]: [8]<0 MOV,RESULT,dst=r1,type=java.lang.Object>
DalvikVM - [BB]: [9]<0 STATIC,SPUT,r0=r1,type=java.lang.Object,extra=(de.ecspride.ApplicationLifecyle3, imei)>
DalvikVM - [BB]: [10]<0 MOV,CONST,dst=r1,type=void,extra=class patdroid.core.PrimitiveInfo?0>
DalvikVM - [BB]: [11]<0 RETURN,VALUE,r0=r1,type=void>
DalvikVM - [BB]: New Stack Frame: StackFrame de.ecspride.ContentProvider/onCreate[]
DalvikVM - [BB]: Stack: [StackFrame de.ecspride.ContentProvider/onCreate[]]
Interpreter - [MSG]: RUN BEGIN de.ecspride.ContentProvider/onCreate[]
Interpreter - [MSG]: RUN BEGIN
Interpreter - [MSG]: 

Interpreter - [MSG]: 0 <0 SPECIAL,ARGUMENT_SET,extra=[3]> at de.ecspride.ContentProvider/onCreate[]
Interpreter - [BB]: opcode: 3 7
Interpreter - [WARN]: null ctx!
Interpreter - [DEBUG]: args: instance number 1@de.ecspride.ActivityLifecycle1
DalvikVM - [BB]: fu.hao.trust.dvm.Interpreter$OP_SP_ARGUMENTS -> jump set pc to 1
TAINT_OP_SP_ARGUMENTS - [BB]: Copy 359874043116909 as tainted.
PluginManager - [MSG]: Taint Tainted Res: {Taint={359874043116909=<7 INVOKE,VIRTUAL,extra=[android.telephony.TelephonyManager/getDeviceId[], [0]]>, [reg 3@StackFrame de.ecspride.ApplicationLifecyle3/onCreate[]]=<7 INVOKE,VIRTUAL,extra=[android.telephony.TelephonyManager/getDeviceId[], [0]]>}}
Interpreter - [MSG]: 

Interpreter - [MSG]: 1 <0 HALT,VIRTUAL,extra=[null, [3]]> at de.ecspride.ContentProvider/onCreate[]
Interpreter - [BB]: opcode: 15 13
DalvikVM - [BB]: fu.hao.trust.dvm.Interpreter$OP_HALT -> jump set pc to 2
Interpreter - [MSG]: Cannot resolve the invocation
Taint - [BB]: Not a taint op <1 HALT,VIRTUAL,extra=[null, [3]]>
PluginManager - [MSG]: Taint Tainted Res: {Taint={359874043116909=<7 INVOKE,VIRTUAL,extra=[android.telephony.TelephonyManager/getDeviceId[], [0]]>, [reg 3@StackFrame de.ecspride.ApplicationLifecyle3/onCreate[]]=<7 INVOKE,VIRTUAL,extra=[android.telephony.TelephonyManager/getDeviceId[], [0]]>}}
Interpreter - [MSG]: 

Interpreter - [MSG]: 2 <0 MOV,RESULT,dst=r1,type=java.lang.Object> at de.ecspride.ContentProvider/onCreate[]
Interpreter - [BB]: opcode: 1 21
OP_MOV_RESULT - [BB]: Result data: null
OP_MOV_RESULT - [DEBUG]: Result data: null, type: null, to [reg 1@StackFrame de.ecspride.ContentProvider/onCreate[]]
DalvikVM - [BB]: fu.hao.trust.dvm.Interpreter$OP_MOV_RESULT -> jump set pc to 3
PluginManager - [MSG]: Taint Tainted Res: {Taint={359874043116909=<7 INVOKE,VIRTUAL,extra=[android.telephony.TelephonyManager/getDeviceId[], [0]]>, [reg 3@StackFrame de.ecspride.ApplicationLifecyle3/onCreate[]]=<7 INVOKE,VIRTUAL,extra=[android.telephony.TelephonyManager/getDeviceId[], [0]]>}}
Interpreter - [MSG]: 

Interpreter - [MSG]: 3 <0 MOV,CONST,dst=r2,type=java.lang.String,extra="phone"> at de.ecspride.ContentProvider/onCreate[]
Interpreter - [BB]: opcode: 1 2
Interpreter - [DEBUG]: Mov const begin <3 MOV,CONST,dst=r2,type=java.lang.String,extra="phone">
DalvikVM - [BB]: A[reg 2@StackFrame de.ecspride.ContentProvider/onCreate[]] phone
Interpreter - [DEBUG]: data: phone class java.lang.String
DalvikVM - [BB]: fu.hao.trust.dvm.Interpreter$OP_MOV_CONST -> jump set pc to 4
PluginManager - [MSG]: Taint Tainted Res: {Taint={359874043116909=<7 INVOKE,VIRTUAL,extra=[android.telephony.TelephonyManager/getDeviceId[], [0]]>, [reg 3@StackFrame de.ecspride.ApplicationLifecyle3/onCreate[]]=<7 INVOKE,VIRTUAL,extra=[android.telephony.TelephonyManager/getDeviceId[], [0]]>}}
Interpreter - [MSG]: 

Interpreter - [MSG]: 4 <0 HALT,VIRTUAL,extra=[null, [1, 2]]> at de.ecspride.ContentProvider/onCreate[]
Interpreter - [BB]: opcode: 15 13
DalvikVM - [BB]: fu.hao.trust.dvm.Interpreter$OP_HALT -> jump set pc to 5
Interpreter - [MSG]: Cannot resolve the invocation
Taint - [BB]: Not a taint op <4 HALT,VIRTUAL,extra=[null, [1, 2]]>
PluginManager - [MSG]: Taint Tainted Res: {Taint={359874043116909=<7 INVOKE,VIRTUAL,extra=[android.telephony.TelephonyManager/getDeviceId[], [0]]>, [reg 3@StackFrame de.ecspride.ApplicationLifecyle3/onCreate[]]=<7 INVOKE,VIRTUAL,extra=[android.telephony.TelephonyManager/getDeviceId[], [0]]>}}
Interpreter - [MSG]: 

Interpreter - [MSG]: 5 <0 MOV,RESULT,dst=r0,type=java.lang.Object> at de.ecspride.ContentProvider/onCreate[]
Interpreter - [BB]: opcode: 1 21
OP_MOV_RESULT - [BB]: Result data: null
OP_MOV_RESULT - [DEBUG]: Result data: null, type: null, to [reg 0@StackFrame de.ecspride.ContentProvider/onCreate[]]
DalvikVM - [BB]: fu.hao.trust.dvm.Interpreter$OP_MOV_RESULT -> jump set pc to 6
PluginManager - [MSG]: Taint Tainted Res: {Taint={359874043116909=<7 INVOKE,VIRTUAL,extra=[android.telephony.TelephonyManager/getDeviceId[], [0]]>, [reg 3@StackFrame de.ecspride.ApplicationLifecyle3/onCreate[]]=<7 INVOKE,VIRTUAL,extra=[android.telephony.TelephonyManager/getDeviceId[], [0]]>}}
Interpreter - [MSG]: 

Interpreter - [MSG]: 6 <0 ARITHMETIC,CHECK-AND-CAST,dst=r0,type=android.telephony.TelephonyManager> at de.ecspride.ContentProvider/onCreate[]
Interpreter - [BB]: opcode: 13 18
DalvikVM - [BB]: fu.hao.trust.dvm.Interpreter$OP_ARITHETIC -> jump set pc to 7
Taint - [BB]: Not a taint op <6 ARITHMETIC,CHECK-AND-CAST,dst=r0,type=android.telephony.TelephonyManager>
PluginManager - [MSG]: Taint Tainted Res: {Taint={359874043116909=<7 INVOKE,VIRTUAL,extra=[android.telephony.TelephonyManager/getDeviceId[], [0]]>, [reg 3@StackFrame de.ecspride.ApplicationLifecyle3/onCreate[]]=<7 INVOKE,VIRTUAL,extra=[android.telephony.TelephonyManager/getDeviceId[], [0]]>}}
Interpreter - [MSG]: 

Interpreter - [MSG]: 7 <0 INVOKE,VIRTUAL,extra=[android.telephony.TelephonyManager/getDeviceId[], [0]]> at de.ecspride.ContentProvider/onCreate[]
Interpreter - [BB]: opcode: 12 13
class fu.hao.trust.dvm.Interpreter - [MSG]: arg0 obj: null
class fu.hao.trust.dvm.Interpreter - [DEBUG]: Reflction class: class android.telephony.TelephonyManager
class fu.hao.trust.dvm.Interpreter - [DEBUG]: Return data: 359874043116909 ,class java.lang.String
class fu.hao.trust.dvm.Interpreter - [MSG]: Reflction invocation public java.lang.String android.telephony.TelephonyManager.getDeviceId()
DalvikVM - [BB]: fu.hao.trust.dvm.Interpreter -> jump set pc to 8
class fu.hao.trust.analysis.Taint$TAINT_OP_INVOKE - [BB]: <android.telephony.TelephonyManager: java.lang.String getDeviceId()>
class fu.hao.trust.analysis.Taint$TAINT_OP_INVOKE - [WARN]: Found a tainted return value!
PluginManager - [MSG]: Taint Tainted Res: {Taint={359874043116909=<7 INVOKE,VIRTUAL,extra=[android.telephony.TelephonyManager/getDeviceId[], [0]]>, [Global RetReg]=<7 INVOKE,VIRTUAL,extra=[android.telephony.TelephonyManager/getDeviceId[], [0]]>, [reg 3@StackFrame de.ecspride.ApplicationLifecyle3/onCreate[]]=<7 INVOKE,VIRTUAL,extra=[android.telephony.TelephonyManager/getDeviceId[], [0]]>}}
Interpreter - [MSG]: 

Interpreter - [MSG]: 8 <0 MOV,RESULT,dst=r1,type=java.lang.Object> at de.ecspride.ContentProvider/onCreate[]
Interpreter - [BB]: opcode: 1 21
DalvikVM - [BB]: A[reg 1@StackFrame de.ecspride.ContentProvider/onCreate[]] 359874043116909
OP_MOV_RESULT - [BB]: Result data: 359874043116909
OP_MOV_RESULT - [DEBUG]: Result data: 359874043116909, type: java.lang.String, to [reg 1@StackFrame de.ecspride.ContentProvider/onCreate[]]
DalvikVM - [BB]: fu.hao.trust.dvm.Interpreter$OP_MOV_RESULT -> jump set pc to 9
TAINT_OP_MOV_RESULT - [BB]: set {359874043116909=<7 INVOKE,VIRTUAL,extra=[android.telephony.TelephonyManager/getDeviceId[], [0]]>, [Global RetReg]=<7 INVOKE,VIRTUAL,extra=[android.telephony.TelephonyManager/getDeviceId[], [0]]>, [reg 3@StackFrame de.ecspride.ApplicationLifecyle3/onCreate[]]=<7 INVOKE,VIRTUAL,extra=[android.telephony.TelephonyManager/getDeviceId[], [0]]>}
TAINT_OP_MOV_RESULT - [BB]: Add reg 1 due to ret reg.
PluginManager - [MSG]: Taint Tainted Res: {Taint={[reg 1@StackFrame de.ecspride.ContentProvider/onCreate[]]=<7 INVOKE,VIRTUAL,extra=[android.telephony.TelephonyManager/getDeviceId[], [0]]>, 359874043116909=<7 INVOKE,VIRTUAL,extra=[android.telephony.TelephonyManager/getDeviceId[], [0]]>, [reg 3@StackFrame de.ecspride.ApplicationLifecyle3/onCreate[]]=<7 INVOKE,VIRTUAL,extra=[android.telephony.TelephonyManager/getDeviceId[], [0]]>}}
Interpreter - [MSG]: 

Interpreter - [MSG]: 9 <0 STATIC,SPUT,r0=r1,type=java.lang.Object,extra=(de.ecspride.ApplicationLifecyle3, imei)> at de.ecspride.ContentProvider/onCreate[]
Interpreter - [BB]: opcode: 11 53
VMHeap - [BB]: getClass de.ecspride.ApplicationLifecyle3 at fu.hao.trust.dvm.VMHeap@465fb2a5
VMHeap - [BB]: new class representation for de.ecspride.ApplicationLifecyle3 at fu.hao.trust.dvm.VMHeap@465fb2a5
VMHeap - [BB]: getClass android.app.Application at fu.hao.trust.dvm.VMHeap@465fb2a5
VMHeap - [BB]: new class representation for android.app.Application at fu.hao.trust.dvm.VMHeap@465fb2a5
VMHeap - [BB]: getClass android.app.Application at fu.hao.trust.dvm.VMHeap@465fb2a5
VMHeap - [BB]: getClass de.ecspride.ApplicationLifecyle3 at fu.hao.trust.dvm.VMHeap@465fb2a5
class fu.hao.trust.dvm.Interpreter$OP_STATIC_PUT_FIELD - [DEBUG]: expect sput imei from de.ecspride.ApplicationLifecyle3
class fu.hao.trust.dvm.Interpreter$OP_STATIC_PUT_FIELD - [DEBUG]: real sput 359874043116909 from fu.hao.trust.dvm.DVMClass@34c992bb
DalvikVM - [BB]: fu.hao.trust.dvm.Interpreter$OP_STATIC_PUT_FIELD -> jump set pc to 10
VMHeap - [BB]: getClass de.ecspride.ApplicationLifecyle3 at fu.hao.trust.dvm.VMHeap@465fb2a5
VMHeap - [BB]: getClass de.ecspride.ApplicationLifecyle3 at fu.hao.trust.dvm.VMHeap@465fb2a5
TAINT_OP_STATIC_PUT_FIELD - [BB]: SPut at [reg 1@StackFrame de.ecspride.ContentProvider/onCreate[]]
PluginManager - [MSG]: Taint Tainted Res: {Taint={[reg 1@StackFrame de.ecspride.ContentProvider/onCreate[]]=<7 INVOKE,VIRTUAL,extra=[android.telephony.TelephonyManager/getDeviceId[], [0]]>, 359874043116909=<7 INVOKE,VIRTUAL,extra=[android.telephony.TelephonyManager/getDeviceId[], [0]]>, [reg 3@StackFrame de.ecspride.ApplicationLifecyle3/onCreate[]]=<7 INVOKE,VIRTUAL,extra=[android.telephony.TelephonyManager/getDeviceId[], [0]]>}}
Interpreter - [MSG]: 

Interpreter - [MSG]: 10 <0 MOV,CONST,dst=r1,type=void,extra=class patdroid.core.PrimitiveInfo?0> at de.ecspride.ContentProvider/onCreate[]
Interpreter - [BB]: opcode: 1 2
Interpreter - [DEBUG]: Mov const begin <10 MOV,CONST,dst=r1,type=void,extra=class patdroid.core.PrimitiveInfo?0>
DalvikVM - [BB]: A[reg 1@StackFrame de.ecspride.ContentProvider/onCreate[]] 0
Interpreter - [DEBUG]: data: 0 class patdroid.core.PrimitiveInfo
DalvikVM - [BB]: fu.hao.trust.dvm.Interpreter$OP_MOV_CONST -> jump set pc to 11
PluginManager - [MSG]: Taint Tainted Res: {Taint={359874043116909=<7 INVOKE,VIRTUAL,extra=[android.telephony.TelephonyManager/getDeviceId[], [0]]>, [reg 3@StackFrame de.ecspride.ApplicationLifecyle3/onCreate[]]=<7 INVOKE,VIRTUAL,extra=[android.telephony.TelephonyManager/getDeviceId[], [0]]>}}
Interpreter - [MSG]: 

Interpreter - [MSG]: 11 <0 RETURN,VALUE,r0=r1,type=void> at de.ecspride.ContentProvider/onCreate[]
Interpreter - [BB]: opcode: 2 4
DalvikVM - [BB]: A[Global RetReg] 0
Interpreter - [BB]: Return data: 0
DalvikVM - [BB]: stack [StackFrame de.ecspride.ContentProvider/onCreate[]]
DalvikVM - [BB]: stack []
Interpreter - [MSG]: RUN DONE! The last one is onCreate
main - [DEBUG]: C:/Users/hao/workspace/TRUST/sootOutput/ApplicationLifecycle3.apk.csv
