main - [DEBUG]: C:/Users/hao/workspace/TRUST/sootOutput/BroadcastReceiverLifecycle1.apk_dummy.csv
class fu.hao.trust.analysis.Taint - [DEBUG]: srcs: [<android.os.Bundle: java.lang.ClassLoader getClassLoader()>, <android.os.Bundle: byte getByte(java.lang.String)>, <android.os.Bundle: short[] getShortArray(java.lang.String)>, <android.content.ContentResolver: android.database.Cursor query(android.net.Uri,java.lang.String[],java.lang.String,java.lang.String[],java.lang.String)>, <android.database.Cursor: java.lang.String getString(int)>, <org.apache.http.util.EntityUtils: java.lang.String getContentCharSet(org.apache.http.HttpEntity)>, <android.os.Bundle: java.lang.CharSequence getCharSequence(java.lang.String,java.lang.CharSequence)>, <android.os.Bundle: java.lang.CharSequence[] getCharSequenceArray(java.lang.String)>, <android.os.Bundle: long[] getLongArray(java.lang.String)>, <android.os.Handler: android.os.Message obtainMessage(int,java.lang.Object)>, <android.media.AudioRecord: int read(short[],int,int)>, <android.os.Bundle: double getDouble(java.lang.String,double)>, <java.util.Locale: java.lang.String getCountry()>, <android.app.Activity: android.content.Intent getIntent()>, <android.os.Bundle: java.util.ArrayList getStringArrayList(java.lang.String key)>, <android.net.Uri: android.net.Uri parse(java.lang.String)>, <android.media.AudioRecord: int read(byte[],int,int)>, <android.content.pm.PackageManager: java.util.List queryContentProviders(java.lang.String,int,int)>, <android.os.Bundle: byte[] getByteArray(java.lang.String)>, <android.content.pm.PackageManager: java.util.List queryIntentActivities(android.content.Intent,int)>, <android.os.Bundle: java.util.ArrayList getParcelableArrayList(java.lang.String)>, <android.content.ContentResolver: android.database.Cursor query(android.net.Uri,java.lang.String[],java.lang.String,java.lang.String[],java.lang.String,android.os.CancellationSignal)>, <android.os.Handler: android.os.Message obtainMessage(int,int,int,java.lang.Object)>, <android.os.Bundle: int getInt(java.lang.String)>, <android.os.Bundle: float[] getFloatArray(java.lang.String)>, <android.os.Bundle: java.util.ArrayList getCharSequenceArrayList(java.lang.String)>, <android.os.Bundle: boolean getBoolean(java.lang.String,boolean)>, <android.os.Bundle: java.lang.String getString(java.lang.String)>, <java.util.Calendar: java.util.TimeZone getTimeZone()>, <android.os.Bundle: java.util.ArrayList getIntegerArrayList(java.lang.String)>, <android.location.Location: double getLongitude()>, <android.os.Bundle: char getChar(java.lang.String)>, <android.os.Bundle: int[] getIntArray(java.lang.String)>, <android.os.Bundle: float getFloat(java.lang.String,float)>, <org.apache.http.util.EntityUtils: java.lang.String toString(org.apache.http.HttpEntity)>, <org.apache.http.HttpResponse: org.apache.http.HttpEntity getEntity()>, <android.location.LocationManager: android.location.Location getLastKnownLocation(java.lang.String)>, <org.apache.http.util.EntityUtils: byte[] toByteArray(org.apache.http.HttpEntity)>, <android.content.pm.PackageManager: java.util.List queryIntentServices(android.content.Intent,int)>, <org.apache.http.util.EntityUtils: java.lang.String toString(org.apache.http.HttpEntity,java.lang.String)>, <java.net.URLConnection: java.io.InputStream getInputStream()>, <android.os.Bundle: double[] getDoubleArray(java.lang.String)>, <android.os.Bundle: char[] getCharArray(java.lang.String)>, <com.example.testflowdroid.SourceAndSink: java.lang.String source(com.example.testflowdroid.MyObject)>, <android.media.AudioRecord: int read(java.nio.ByteBuffer,int)>, <android.telephony.TelephonyManager: java.lang.String getSimSerialNumber()>, <android.os.Bundle: char getChar(java.lang.String,char)>, <android.telephony.TelephonyManager: java.lang.String getSubscriberId()>, <android.os.Bundle: java.io.Serializable getSerializable(java.lang.String)>, <android.app.PendingIntent: android.app.PendingIntent getService(android.content.Context,int,android.content.Intent,int)>, <android.os.Handler: android.os.Message obtainMessage(int,int,int)>, <android.os.Bundle: long getLong(java.lang.String)>, <android.os.Handler: android.os.Message obtainMessage(int)>, <android.os.Bundle: java.lang.Object get(java.lang.String)>, <android.location.Location: double getLatitude()>, <android.os.Bundle: boolean[] getBooleanArray(java.lang.String)>, <android.app.PendingIntent: android.app.PendingIntent getActivity(android.content.Context,int,android.content.Intent,int,android.os.Bundle)>, <android.telephony.TelephonyManager: java.lang.String getDeviceId()>, <android.content.pm.PackageManager: java.util.List getInstalledPackages(int)>, <java.net.URLConnection: java.io.OutputStream getOutputStream()>, <android.database.sqlite.SQLiteDatabase: android.database.Cursor query(android.net.Uri,java.lang.String[],java.lang.String,java.lang.String[],java.lang.String,android.os.CancellationSignal)>, <android.os.Bundle: int getInt(java.lang.String,int)>, <android.content.pm.PackageManager: java.util.List queryBroadcastReceivers(android.content.Intent,int)>, <android.os.Bundle: android.os.Bundle getBundle(java.lang.String)>, <android.os.Handler: android.os.Message obtainMessage()>, <android.telephony.TelephonyManager: java.lang.String getLine1Number()>, <android.os.Bundle: boolean getBoolean(java.lang.String)>, <android.os.Bundle: java.lang.Byte getByte(java.lang.String,byte)>, <android.os.Bundle: android.os.Parcelable[] getParcelableArray(java.lang.String)>, <android.app.PendingIntent: android.app.PendingIntent getBroadcast(android.content.Context,int,android.content.Intent,int)>, <android.os.Bundle: float getFloat(java.lang.String)>, <android.os.Bundle: java.lang.CharSequence getCharSequence(java.lang.String)>, <android.content.pm.PackageManager: java.util.List getInstalledApplications(int)>, <android.database.sqlite.SQLiteDatabase: android.database.Cursor query(android.net.Uri,java.lang.String[],java.lang.String,java.lang.String[],java.lang.String)>, <android.os.Bundle: short getShort(java.lang.String)>, <android.os.Bundle: short getShort(java.lang.String,short)>, <android.os.Bundle: double getDouble(java.lang.String)>, <java.net.URL: java.net.URLConnection openConnection()>, <android.os.Bundle: long getLong(java.lang.String,long)>, <android.os.Bundle: android.util.SparseArray getSparseParcelableArray(java.lang.String)>, <android.content.SharedPreferences: android.content.SharedPreferences getDefaultSharedPreferences(android.content.Context)>, <android.os.Bundle: android.os.Parcelable getParcelable(java.lang.String)>, <android.app.PendingIntent: android.app.PendingIntent getActivity(android.content.Context,int,android.content.Intent,int)>]
class fu.hao.trust.dvm.DalvikVM - [DEBUG]: apk java.util.zip.ZipFile@71419cf7 C:/Users/hao/workspace/DroidBenchProj/Lifecycle_BroadcastReceiverLifecycle1/app/BroadcastReceiverLifecycle1.apk
class fu.hao.trust.dvm.DalvikVM - [DEBUG]: class de.ecspride.TestReceiver
class fu.hao.trust.dvm.DalvikVM - [MSG]: RUN Method de.ecspride.TestReceiver/onReceive[android.content.Context, android.content.Intent]
class fu.hao.trust.dvm.DalvikVM - [DEBUG]: New method call: de.ecspride.TestReceiver/onReceive[android.content.Context, android.content.Intent]
class fu.hao.trust.dvm.DalvikVM - [DEBUG]: [0]<SPECIAL,ARGUMENT_SET,extra=[7, 8, 9]>
class fu.hao.trust.dvm.DalvikVM - [DEBUG]: [1]<MOV,CONST,dst=r2,type=void,extra=class patdroid.core.PrimitiveInfo?0>
class fu.hao.trust.dvm.DalvikVM - [DEBUG]: [2]<MOV,CONST,dst=r1,type=java.lang.String,extra="phone">
class fu.hao.trust.dvm.DalvikVM - [DEBUG]: [3]<HALT,VIRTUAL,extra=[null, [8, 1]]>
class fu.hao.trust.dvm.DalvikVM - [DEBUG]: [4]<MOV,RESULT,dst=r1,type=java.lang.Object>
class fu.hao.trust.dvm.DalvikVM - [DEBUG]: [5]<ARITHMETIC,CHECK-AND-CAST,dst=r1,type=android.telephony.TelephonyManager>
class fu.hao.trust.dvm.DalvikVM - [DEBUG]: [6]<INVOKE,VIRTUAL,extra=[android.telephony.TelephonyManager/getDeviceId[], [1]]>
class fu.hao.trust.dvm.DalvikVM - [DEBUG]: [7]<MOV,RESULT,dst=r3,type=java.lang.Object>
class fu.hao.trust.dvm.DalvikVM - [DEBUG]: [8]<MOV,CONST,dst=r6,type=void,extra=class patdroid.core.PrimitiveInfo?5>
class fu.hao.trust.dvm.DalvikVM - [DEBUG]: [9]<MOV,CONST,dst=r1,type=void,extra=class patdroid.core.PrimitiveInfo?5>
class fu.hao.trust.dvm.DalvikVM - [DEBUG]: [10]<IF,NE,r0=r6,r1=r1,extra=index:17>
class fu.hao.trust.dvm.DalvikVM - [DEBUG]: [11]<INVOKE,STATIC,extra=[android.telephony.SmsManager/getDefault[], []]>
class fu.hao.trust.dvm.DalvikVM - [DEBUG]: [12]<MOV,RESULT,dst=r0,type=java.lang.Object>
class fu.hao.trust.dvm.DalvikVM - [DEBUG]: [13]<MOV,CONST,dst=r1,type=java.lang.String,extra="+49 1234">
class fu.hao.trust.dvm.DalvikVM - [DEBUG]: [14]<MOV,REG,dst=r4,r0=r2,type=java.lang.Object>
class fu.hao.trust.dvm.DalvikVM - [DEBUG]: [15]<MOV,REG,dst=r5,r0=r2,type=java.lang.Object>
class fu.hao.trust.dvm.DalvikVM - [DEBUG]: [16]<INVOKE,VIRTUAL,extra=[android.telephony.SmsManager/sendTextMessage[java.lang.String, java.lang.String, java.lang.String, android.app.PendingIntent, android.app.PendingIntent], [0, 1, 2, 3, 4, 5]]>
class fu.hao.trust.dvm.DalvikVM - [DEBUG]: [17]<RETURN,VOID>
class fu.hao.trust.dvm.Interpreter - [DEBUG]: new chain obj
class fu.hao.trust.dvm.DalvikVM - [DEBUG]: getClass de.ecspride.TestReceiver at fu.hao.trust.dvm.DalvikVM$Heap@321b1228
class fu.hao.trust.dvm.DalvikVM - [DEBUG]: new class representation for de.ecspride.TestReceiver at fu.hao.trust.dvm.DalvikVM$Heap@321b1228
class fu.hao.trust.dvm.DalvikVM - [DEBUG]: getClass android.content.BroadcastReceiver at fu.hao.trust.dvm.DalvikVM$Heap@321b1228
class fu.hao.trust.dvm.DalvikVM - [DEBUG]: new class representation for android.content.BroadcastReceiver at fu.hao.trust.dvm.DalvikVM$Heap@321b1228
class fu.hao.trust.dvm.DalvikVM - [DEBUG]: getClass android.content.BroadcastReceiver at fu.hao.trust.dvm.DalvikVM$Heap@321b1228
class fu.hao.trust.dvm.DalvikVM - [DEBUG]: getClass de.ecspride.TestReceiver at fu.hao.trust.dvm.DalvikVM$Heap@321b1228
class fu.hao.trust.dvm.DVMObject - [DEBUG]: New instance of de.ecspride.TestReceiver
class fu.hao.trust.dvm.DalvikVM - [DEBUG]: getClass de.ecspride.TestReceiver at fu.hao.trust.dvm.DalvikVM$Heap@321b1228
class fu.hao.trust.dvm.DalvikVM - [DEBUG]: getClass de.ecspride.TestReceiver at fu.hao.trust.dvm.DalvikVM$Heap@321b1228
class fu.hao.trust.dvm.Interpreter - [MSG]: RUN BEGIN de.ecspride.TestReceiver/onReceive[android.content.Context, android.content.Intent]
class fu.hao.trust.dvm.Interpreter - [MSG]: RUN BEGIN
class fu.hao.trust.dvm.Interpreter - [DEBUG]: opcode: 3 7
class fu.hao.trust.dvm.Interpreter - [DEBUG]: 0 <SPECIAL,ARGUMENT_SET,extra=[7, 8, 9]> at de.ecspride.TestReceiver/onReceive[android.content.Context, android.content.Intent]
class fu.hao.trust.dvm.Interpreter - [DEBUG]: args: fu.hao.trust.dvm.DVMObject@7a8dfdd4
class fu.hao.trust.dvm.DalvikVM - [DEBUG]: getClass android.content.Context at fu.hao.trust.dvm.DalvikVM$Heap@321b1228
class fu.hao.trust.dvm.DalvikVM - [DEBUG]: new class representation for android.content.Context at fu.hao.trust.dvm.DalvikVM$Heap@321b1228
class fu.hao.trust.dvm.DalvikVM - [DEBUG]: getClass java.lang.Object at fu.hao.trust.dvm.DalvikVM$Heap@321b1228
class fu.hao.trust.dvm.DalvikVM - [DEBUG]: new class representation for java.lang.Object at fu.hao.trust.dvm.DalvikVM$Heap@321b1228
class fu.hao.trust.dvm.DalvikVM - [DEBUG]: getClass java.lang.Object at fu.hao.trust.dvm.DalvikVM$Heap@321b1228
class fu.hao.trust.dvm.DalvikVM - [DEBUG]: getClass android.content.Context at fu.hao.trust.dvm.DalvikVM$Heap@321b1228
class fu.hao.trust.dvm.DVMObject - [DEBUG]: New instance of android.content.Context
class fu.hao.trust.dvm.DalvikVM - [DEBUG]: getClass android.content.Context at fu.hao.trust.dvm.DalvikVM$Heap@321b1228
class fu.hao.trust.dvm.DalvikVM - [DEBUG]: getClass android.content.Context at fu.hao.trust.dvm.DalvikVM$Heap@321b1228
class fu.hao.trust.dvm.Interpreter - [DEBUG]: args: fu.hao.trust.dvm.DVMObject@a84da22
class fu.hao.trust.dvm.DalvikVM - [DEBUG]: getClass android.content.Intent at fu.hao.trust.dvm.DalvikVM$Heap@321b1228
class fu.hao.trust.dvm.DalvikVM - [DEBUG]: new class representation for android.content.Intent at fu.hao.trust.dvm.DalvikVM$Heap@321b1228
class fu.hao.trust.dvm.DalvikVM - [DEBUG]: getClass android.content.Intent at fu.hao.trust.dvm.DalvikVM$Heap@321b1228
class fu.hao.trust.dvm.DVMObject - [DEBUG]: New instance of android.content.Intent
class fu.hao.trust.dvm.DalvikVM - [DEBUG]: getClass android.content.Intent at fu.hao.trust.dvm.DalvikVM$Heap@321b1228
class fu.hao.trust.dvm.DalvikVM - [DEBUG]: getClass android.content.Intent at fu.hao.trust.dvm.DalvikVM$Heap@321b1228
class fu.hao.trust.dvm.Interpreter - [DEBUG]: args: fu.hao.trust.dvm.DVMObject@180cf393
class fu.hao.trust.dvm.Interpreter - [DEBUG]: tainted set: []
class fu.hao.trust.dvm.Interpreter - [DEBUG]: opcode: 1 2
class fu.hao.trust.dvm.Interpreter - [DEBUG]: 1 <MOV,CONST,dst=r2,type=void,extra=class patdroid.core.PrimitiveInfo?0> at de.ecspride.TestReceiver/onReceive[android.content.Context, android.content.Intent]
class fu.hao.trust.dvm.Interpreter - [DEBUG]: Mov const begin <MOV,CONST,dst=r2,type=void,extra=class patdroid.core.PrimitiveInfo?0>
class fu.hao.trust.dvm.Interpreter - [DEBUG]: data: 0 class patdroid.core.PrimitiveInfo
class fu.hao.trust.dvm.Interpreter - [DEBUG]: tainted set: []
class fu.hao.trust.dvm.Interpreter - [DEBUG]: opcode: 1 2
class fu.hao.trust.dvm.Interpreter - [DEBUG]: 2 <MOV,CONST,dst=r1,type=java.lang.String,extra="phone"> at de.ecspride.TestReceiver/onReceive[android.content.Context, android.content.Intent]
class fu.hao.trust.dvm.Interpreter - [DEBUG]: Mov const begin <MOV,CONST,dst=r1,type=java.lang.String,extra="phone">
class fu.hao.trust.dvm.Interpreter - [DEBUG]: data: phone class java.lang.String
class fu.hao.trust.dvm.Interpreter - [DEBUG]: tainted set: []
class fu.hao.trust.dvm.Interpreter - [DEBUG]: opcode: 15 13
class fu.hao.trust.dvm.Interpreter - [DEBUG]: 3 <HALT,VIRTUAL,extra=[null, [8, 1]]> at de.ecspride.TestReceiver/onReceive[android.content.Context, android.content.Intent]
class fu.hao.trust.dvm.Interpreter - [DEBUG]: cannot resolve the invocation
class fu.hao.trust.analysis.Taint - [DEBUG]: not a taint op <HALT,VIRTUAL,extra=[null, [8, 1]]>
class fu.hao.trust.dvm.Interpreter - [DEBUG]: tainted set: []
class fu.hao.trust.dvm.Interpreter - [DEBUG]: opcode: 1 21
class fu.hao.trust.dvm.Interpreter - [DEBUG]: 4 <MOV,RESULT,dst=r1,type=java.lang.Object> at de.ecspride.TestReceiver/onReceive[android.content.Context, android.content.Intent]
class fu.hao.trust.dvm.Interpreter - [DEBUG]: data null null reg 1
class fu.hao.trust.dvm.Interpreter - [DEBUG]: tainted set: []
class fu.hao.trust.dvm.Interpreter - [DEBUG]: opcode: 13 18
class fu.hao.trust.dvm.Interpreter - [DEBUG]: 5 <ARITHMETIC,CHECK-AND-CAST,dst=r1,type=android.telephony.TelephonyManager> at de.ecspride.TestReceiver/onReceive[android.content.Context, android.content.Intent]
class fu.hao.trust.analysis.Taint - [DEBUG]: not a taint op <ARITHMETIC,CHECK-AND-CAST,dst=r1,type=android.telephony.TelephonyManager>
class fu.hao.trust.dvm.Interpreter - [DEBUG]: tainted set: []
class fu.hao.trust.dvm.Interpreter - [DEBUG]: opcode: 12 13
class fu.hao.trust.dvm.Interpreter - [DEBUG]: 6 <INVOKE,VIRTUAL,extra=[android.telephony.TelephonyManager/getDeviceId[], [1]]> at de.ecspride.TestReceiver/onReceive[android.content.Context, android.content.Intent]
class fu.hao.trust.dvm.Interpreter - [DEBUG]: null
class fu.hao.trust.dvm.Interpreter - [DEBUG]: reflction class: class android.telephony.TelephonyManager
class fu.hao.trust.dvm.Interpreter - [DEBUG]: return data: 359874043116909 ,class java.lang.String
class fu.hao.trust.dvm.Interpreter - [MSG]: reflction invocation public java.lang.String android.telephony.TelephonyManager.getDeviceId()
class fu.hao.trust.analysis.Taint - [DEBUG]: <android.telephony.TelephonyManager: java.lang.String getDeviceId()>
class fu.hao.trust.dvm.Interpreter - [DEBUG]: tainted set: [reg -1, 359874043116909]
class fu.hao.trust.dvm.Interpreter - [DEBUG]: opcode: 1 21
class fu.hao.trust.dvm.Interpreter - [DEBUG]: 7 <MOV,RESULT,dst=r3,type=java.lang.Object> at de.ecspride.TestReceiver/onReceive[android.content.Context, android.content.Intent]
class fu.hao.trust.dvm.Interpreter - [DEBUG]: data 359874043116909 java.lang.String reg 3
class fu.hao.trust.dvm.Interpreter - [DEBUG]: tainted set: [reg 3, reg -1, 359874043116909]
class fu.hao.trust.dvm.Interpreter - [DEBUG]: opcode: 1 2
class fu.hao.trust.dvm.Interpreter - [DEBUG]: 8 <MOV,CONST,dst=r6,type=void,extra=class patdroid.core.PrimitiveInfo?5> at de.ecspride.TestReceiver/onReceive[android.content.Context, android.content.Intent]
class fu.hao.trust.dvm.Interpreter - [DEBUG]: Mov const begin <MOV,CONST,dst=r6,type=void,extra=class patdroid.core.PrimitiveInfo?5>
class fu.hao.trust.dvm.Interpreter - [DEBUG]: data: 5 class patdroid.core.PrimitiveInfo
class fu.hao.trust.dvm.Interpreter - [DEBUG]: tainted set: [reg 3, reg -1, 359874043116909]
class fu.hao.trust.dvm.Interpreter - [DEBUG]: opcode: 1 2
class fu.hao.trust.dvm.Interpreter - [DEBUG]: 9 <MOV,CONST,dst=r1,type=void,extra=class patdroid.core.PrimitiveInfo?5> at de.ecspride.TestReceiver/onReceive[android.content.Context, android.content.Intent]
class fu.hao.trust.dvm.Interpreter - [DEBUG]: Mov const begin <MOV,CONST,dst=r1,type=void,extra=class patdroid.core.PrimitiveInfo?5>
class fu.hao.trust.dvm.Interpreter - [DEBUG]: data: 5 class patdroid.core.PrimitiveInfo
class fu.hao.trust.dvm.Interpreter - [DEBUG]: tainted set: [reg 3, reg -1, 359874043116909]
class fu.hao.trust.dvm.Interpreter - [DEBUG]: opcode: 8 25
class fu.hao.trust.dvm.Interpreter - [DEBUG]: 10 <IF,NE,r0=r6,r1=r1,extra=index:17> at de.ecspride.TestReceiver/onReceive[android.content.Context, android.content.Intent]
class fu.hao.trust.dvm.Interpreter - [DEBUG]: ops: 5 5
class fu.hao.trust.dvm.Interpreter - [DEBUG]: equ: <IF,NE,r0=r6,r1=r1,extra=index:17> 5 5
class fu.hao.trust.dvm.Interpreter - [DEBUG]: tainted set: [reg 3, reg -1, 359874043116909]
class fu.hao.trust.dvm.Interpreter - [DEBUG]: opcode: 12 14
class fu.hao.trust.dvm.Interpreter - [DEBUG]: 11 <INVOKE,STATIC,extra=[android.telephony.SmsManager/getDefault[], []]> at de.ecspride.TestReceiver/onReceive[android.content.Context, android.content.Intent]
class fu.hao.trust.dvm.Interpreter - [DEBUG]: reflction class android.telephony.SmsManager
class fu.hao.trust.dvm.Interpreter - [DEBUG]: return data: android.telephony.SmsManager@73d9024f class android.telephony.SmsManager
class fu.hao.trust.dvm.Interpreter - [MSG]: reflction invocation public static android.telephony.SmsManager android.telephony.SmsManager.getDefault()
class fu.hao.trust.analysis.Taint - [DEBUG]: <android.telephony.SmsManager: android.telephony.SmsManager getDefault()>
class fu.hao.trust.analysis.Taint - [DEBUG]: not a taint call: <android.telephony.SmsManager: android.telephony.SmsManager getDefault()>
class fu.hao.trust.dvm.Interpreter - [DEBUG]: tainted set: [reg 3, 359874043116909]
class fu.hao.trust.dvm.Interpreter - [DEBUG]: opcode: 1 21
class fu.hao.trust.dvm.Interpreter - [DEBUG]: 12 <MOV,RESULT,dst=r0,type=java.lang.Object> at de.ecspride.TestReceiver/onReceive[android.content.Context, android.content.Intent]
class fu.hao.trust.dvm.Interpreter - [DEBUG]: data android.telephony.SmsManager@73d9024f android.telephony.SmsManager reg 0
class fu.hao.trust.dvm.Interpreter - [DEBUG]: tainted set: [reg 3, 359874043116909]
class fu.hao.trust.dvm.Interpreter - [DEBUG]: opcode: 1 2
class fu.hao.trust.dvm.Interpreter - [DEBUG]: 13 <MOV,CONST,dst=r1,type=java.lang.String,extra="+49 1234"> at de.ecspride.TestReceiver/onReceive[android.content.Context, android.content.Intent]
class fu.hao.trust.dvm.Interpreter - [DEBUG]: Mov const begin <MOV,CONST,dst=r1,type=java.lang.String,extra="+49 1234">
class fu.hao.trust.dvm.Interpreter - [DEBUG]: data: +49 1234 class java.lang.String
class fu.hao.trust.dvm.Interpreter - [DEBUG]: tainted set: [reg 3, 359874043116909]
class fu.hao.trust.dvm.Interpreter - [DEBUG]: opcode: 1 1
class fu.hao.trust.dvm.Interpreter - [DEBUG]: 14 <MOV,REG,dst=r4,r0=r2,type=java.lang.Object> at de.ecspride.TestReceiver/onReceive[android.content.Context, android.content.Intent]
class fu.hao.trust.dvm.Interpreter$OP_MOVE_REG - [DEBUG]: mov 0 to 0
class fu.hao.trust.dvm.Interpreter - [DEBUG]: tainted set: [reg 3, 359874043116909]
class fu.hao.trust.dvm.Interpreter - [DEBUG]: opcode: 1 1
class fu.hao.trust.dvm.Interpreter - [DEBUG]: 15 <MOV,REG,dst=r5,r0=r2,type=java.lang.Object> at de.ecspride.TestReceiver/onReceive[android.content.Context, android.content.Intent]
class fu.hao.trust.dvm.Interpreter$OP_MOVE_REG - [DEBUG]: mov 0 to 0
class fu.hao.trust.dvm.Interpreter - [DEBUG]: tainted set: [reg 3, 359874043116909]
class fu.hao.trust.dvm.Interpreter - [DEBUG]: opcode: 12 13
class fu.hao.trust.dvm.Interpreter - [DEBUG]: 16 <INVOKE,VIRTUAL,extra=[android.telephony.SmsManager/sendTextMessage[java.lang.String, java.lang.String, java.lang.String, android.app.PendingIntent, android.app.PendingIntent], [0, 1, 2, 3, 4, 5]]> at de.ecspride.TestReceiver/onReceive[android.content.Context, android.content.Intent]
class fu.hao.trust.dvm.Interpreter - [DEBUG]: android.telephony.SmsManager@73d9024f
class fu.hao.trust.dvm.Interpreter - [DEBUG]: reflction class: class android.telephony.SmsManager
class fu.hao.trust.dvm.Interpreter - [DEBUG]: caller obj: android.telephony.SmsManager@73d9024f, from class: class android.telephony.SmsManager
class fu.hao.trust.dvm.Interpreter - [MSG]: reflction invocation public void android.telephony.SmsManager.sendTextMessage(java.lang.String,java.lang.String,java.lang.String,android.app.PendingIntent,android.app.PendingIntent)
class fu.hao.trust.analysis.Taint - [DEBUG]: <android.telephony.SmsManager: void sendTextMessage(java.lang.String,java.lang.String,java.lang.String,android.app.PendingIntent,android.app.PendingIntent)>
class fu.hao.trust.analysis.Taint - [DEBUG]: Found a sink invocation. <android.telephony.SmsManager: void sendTextMessage(java.lang.String,java.lang.String,java.lang.String,android.app.PendingIntent,android.app.PendingIntent)>
class fu.hao.trust.dvm.Interpreter - [DEBUG]: tainted set: [reg 3, 359874043116909]
class fu.hao.trust.dvm.Interpreter - [DEBUG]: opcode: 2 3
class fu.hao.trust.dvm.Interpreter - [DEBUG]: 17 <RETURN,VOID> at de.ecspride.TestReceiver/onReceive[android.content.Context, android.content.Intent]
class fu.hao.trust.dvm.Interpreter$OP_RETURN_VOID - [DEBUG]: return void
class fu.hao.trust.analysis.Taint - [DEBUG]: not a taint op <RETURN,VOID>
class fu.hao.trust.dvm.Interpreter - [DEBUG]: tainted set: [reg 3, 359874043116909]
class fu.hao.trust.dvm.Interpreter - [MSG]: RUN DONE! The last one is onReceive
main - [DEBUG]: C:/Users/hao/workspace/TRUST/sootOutput/BroadcastReceiverLifecycle1.apk.csv
main - [DEBUG]: de.ecspride.TestReceiver
class fu.hao.trust.analysis.Taint - [DEBUG]: srcs: [<android.os.Bundle: java.lang.ClassLoader getClassLoader()>, <android.os.Bundle: byte getByte(java.lang.String)>, <android.os.Bundle: short[] getShortArray(java.lang.String)>, <android.content.ContentResolver: android.database.Cursor query(android.net.Uri,java.lang.String[],java.lang.String,java.lang.String[],java.lang.String)>, <android.database.Cursor: java.lang.String getString(int)>, <org.apache.http.util.EntityUtils: java.lang.String getContentCharSet(org.apache.http.HttpEntity)>, <android.os.Bundle: java.lang.CharSequence getCharSequence(java.lang.String,java.lang.CharSequence)>, <android.os.Bundle: java.lang.CharSequence[] getCharSequenceArray(java.lang.String)>, <android.os.Bundle: long[] getLongArray(java.lang.String)>, <android.os.Handler: android.os.Message obtainMessage(int,java.lang.Object)>, <android.media.AudioRecord: int read(short[],int,int)>, <android.os.Bundle: double getDouble(java.lang.String,double)>, <java.util.Locale: java.lang.String getCountry()>, <android.app.Activity: android.content.Intent getIntent()>, <android.os.Bundle: java.util.ArrayList getStringArrayList(java.lang.String key)>, <android.net.Uri: android.net.Uri parse(java.lang.String)>, <android.media.AudioRecord: int read(byte[],int,int)>, <android.content.pm.PackageManager: java.util.List queryContentProviders(java.lang.String,int,int)>, <android.os.Bundle: byte[] getByteArray(java.lang.String)>, <android.content.pm.PackageManager: java.util.List queryIntentActivities(android.content.Intent,int)>, <android.os.Bundle: java.util.ArrayList getParcelableArrayList(java.lang.String)>, <android.content.ContentResolver: android.database.Cursor query(android.net.Uri,java.lang.String[],java.lang.String,java.lang.String[],java.lang.String,android.os.CancellationSignal)>, <android.os.Handler: android.os.Message obtainMessage(int,int,int,java.lang.Object)>, <android.os.Bundle: int getInt(java.lang.String)>, <android.os.Bundle: float[] getFloatArray(java.lang.String)>, <android.os.Bundle: java.util.ArrayList getCharSequenceArrayList(java.lang.String)>, <android.os.Bundle: boolean getBoolean(java.lang.String,boolean)>, <android.os.Bundle: java.lang.String getString(java.lang.String)>, <java.util.Calendar: java.util.TimeZone getTimeZone()>, <android.os.Bundle: java.util.ArrayList getIntegerArrayList(java.lang.String)>, <android.location.Location: double getLongitude()>, <android.os.Bundle: char getChar(java.lang.String)>, <android.os.Bundle: int[] getIntArray(java.lang.String)>, <android.os.Bundle: float getFloat(java.lang.String,float)>, <org.apache.http.util.EntityUtils: java.lang.String toString(org.apache.http.HttpEntity)>, <org.apache.http.HttpResponse: org.apache.http.HttpEntity getEntity()>, <android.location.LocationManager: android.location.Location getLastKnownLocation(java.lang.String)>, <org.apache.http.util.EntityUtils: byte[] toByteArray(org.apache.http.HttpEntity)>, <android.content.pm.PackageManager: java.util.List queryIntentServices(android.content.Intent,int)>, <org.apache.http.util.EntityUtils: java.lang.String toString(org.apache.http.HttpEntity,java.lang.String)>, <java.net.URLConnection: java.io.InputStream getInputStream()>, <android.os.Bundle: double[] getDoubleArray(java.lang.String)>, <android.os.Bundle: char[] getCharArray(java.lang.String)>, <com.example.testflowdroid.SourceAndSink: java.lang.String source(com.example.testflowdroid.MyObject)>, <android.media.AudioRecord: int read(java.nio.ByteBuffer,int)>, <android.telephony.TelephonyManager: java.lang.String getSimSerialNumber()>, <android.os.Bundle: char getChar(java.lang.String,char)>, <android.telephony.TelephonyManager: java.lang.String getSubscriberId()>, <android.os.Bundle: java.io.Serializable getSerializable(java.lang.String)>, <android.app.PendingIntent: android.app.PendingIntent getService(android.content.Context,int,android.content.Intent,int)>, <android.os.Handler: android.os.Message obtainMessage(int,int,int)>, <android.os.Bundle: long getLong(java.lang.String)>, <android.os.Handler: android.os.Message obtainMessage(int)>, <android.os.Bundle: java.lang.Object get(java.lang.String)>, <android.location.Location: double getLatitude()>, <android.os.Bundle: boolean[] getBooleanArray(java.lang.String)>, <android.app.PendingIntent: android.app.PendingIntent getActivity(android.content.Context,int,android.content.Intent,int,android.os.Bundle)>, <android.telephony.TelephonyManager: java.lang.String getDeviceId()>, <android.content.pm.PackageManager: java.util.List getInstalledPackages(int)>, <java.net.URLConnection: java.io.OutputStream getOutputStream()>, <android.database.sqlite.SQLiteDatabase: android.database.Cursor query(android.net.Uri,java.lang.String[],java.lang.String,java.lang.String[],java.lang.String,android.os.CancellationSignal)>, <android.os.Bundle: int getInt(java.lang.String,int)>, <android.content.pm.PackageManager: java.util.List queryBroadcastReceivers(android.content.Intent,int)>, <android.os.Bundle: android.os.Bundle getBundle(java.lang.String)>, <android.os.Handler: android.os.Message obtainMessage()>, <android.telephony.TelephonyManager: java.lang.String getLine1Number()>, <android.os.Bundle: boolean getBoolean(java.lang.String)>, <android.os.Bundle: java.lang.Byte getByte(java.lang.String,byte)>, <android.os.Bundle: android.os.Parcelable[] getParcelableArray(java.lang.String)>, <android.app.PendingIntent: android.app.PendingIntent getBroadcast(android.content.Context,int,android.content.Intent,int)>, <android.os.Bundle: float getFloat(java.lang.String)>, <android.os.Bundle: java.lang.CharSequence getCharSequence(java.lang.String)>, <android.content.pm.PackageManager: java.util.List getInstalledApplications(int)>, <android.database.sqlite.SQLiteDatabase: android.database.Cursor query(android.net.Uri,java.lang.String[],java.lang.String,java.lang.String[],java.lang.String)>, <android.os.Bundle: short getShort(java.lang.String)>, <android.os.Bundle: short getShort(java.lang.String,short)>, <android.os.Bundle: double getDouble(java.lang.String)>, <java.net.URL: java.net.URLConnection openConnection()>, <android.os.Bundle: long getLong(java.lang.String,long)>, <android.os.Bundle: android.util.SparseArray getSparseParcelableArray(java.lang.String)>, <android.content.SharedPreferences: android.content.SharedPreferences getDefaultSharedPreferences(android.content.Context)>, <android.os.Bundle: android.os.Parcelable getParcelable(java.lang.String)>, <android.app.PendingIntent: android.app.PendingIntent getActivity(android.content.Context,int,android.content.Intent,int)>]
class fu.hao.trust.dvm.DalvikVM - [MSG]: Begin run onReceive at C:/Users/hao/workspace/DroidBenchProj/Lifecycle_BroadcastReceiverLifecycle1/app/BroadcastReceiverLifecycle1.apk
class fu.hao.trust.dvm.DalvikVM - [MSG]: RUN Method de.ecspride.TestReceiver/onReceive[android.content.Context, android.content.Intent]
class fu.hao.trust.dvm.DalvikVM - [DEBUG]: New method call: de.ecspride.TestReceiver/onReceive[android.content.Context, android.content.Intent]
class fu.hao.trust.dvm.DalvikVM - [DEBUG]: [0]<SPECIAL,ARGUMENT_SET,extra=[7, 8, 9]>
class fu.hao.trust.dvm.DalvikVM - [DEBUG]: [1]<MOV,CONST,dst=r2,type=void,extra=class patdroid.core.PrimitiveInfo?0>
class fu.hao.trust.dvm.DalvikVM - [DEBUG]: [2]<MOV,CONST,dst=r1,type=java.lang.String,extra="phone">
class fu.hao.trust.dvm.DalvikVM - [DEBUG]: [3]<HALT,VIRTUAL,extra=[null, [8, 1]]>
class fu.hao.trust.dvm.DalvikVM - [DEBUG]: [4]<MOV,RESULT,dst=r1,type=java.lang.Object>
class fu.hao.trust.dvm.DalvikVM - [DEBUG]: [5]<ARITHMETIC,CHECK-AND-CAST,dst=r1,type=android.telephony.TelephonyManager>
class fu.hao.trust.dvm.DalvikVM - [DEBUG]: [6]<INVOKE,VIRTUAL,extra=[android.telephony.TelephonyManager/getDeviceId[], [1]]>
class fu.hao.trust.dvm.DalvikVM - [DEBUG]: [7]<MOV,RESULT,dst=r3,type=java.lang.Object>
class fu.hao.trust.dvm.DalvikVM - [DEBUG]: [8]<MOV,CONST,dst=r6,type=void,extra=class patdroid.core.PrimitiveInfo?5>
class fu.hao.trust.dvm.DalvikVM - [DEBUG]: [9]<MOV,CONST,dst=r1,type=void,extra=class patdroid.core.PrimitiveInfo?5>
class fu.hao.trust.dvm.DalvikVM - [DEBUG]: [10]<IF,NE,r0=r6,r1=r1,extra=index:17>
class fu.hao.trust.dvm.DalvikVM - [DEBUG]: [11]<INVOKE,STATIC,extra=[android.telephony.SmsManager/getDefault[], []]>
class fu.hao.trust.dvm.DalvikVM - [DEBUG]: [12]<MOV,RESULT,dst=r0,type=java.lang.Object>
class fu.hao.trust.dvm.DalvikVM - [DEBUG]: [13]<MOV,CONST,dst=r1,type=java.lang.String,extra="+49 1234">
class fu.hao.trust.dvm.DalvikVM - [DEBUG]: [14]<MOV,REG,dst=r4,r0=r2,type=java.lang.Object>
class fu.hao.trust.dvm.DalvikVM - [DEBUG]: [15]<MOV,REG,dst=r5,r0=r2,type=java.lang.Object>
class fu.hao.trust.dvm.DalvikVM - [DEBUG]: [16]<INVOKE,VIRTUAL,extra=[android.telephony.SmsManager/sendTextMessage[java.lang.String, java.lang.String, java.lang.String, android.app.PendingIntent, android.app.PendingIntent], [0, 1, 2, 3, 4, 5]]>
class fu.hao.trust.dvm.DalvikVM - [DEBUG]: [17]<RETURN,VOID>
class fu.hao.trust.dvm.Interpreter - [MSG]: RUN BEGIN de.ecspride.TestReceiver/onReceive[android.content.Context, android.content.Intent]
class fu.hao.trust.dvm.Interpreter - [MSG]: RUN BEGIN
class fu.hao.trust.dvm.Interpreter - [DEBUG]: opcode: 3 7
class fu.hao.trust.dvm.Interpreter - [DEBUG]: 0 <SPECIAL,ARGUMENT_SET,extra=[7, 8, 9]> at de.ecspride.TestReceiver/onReceive[android.content.Context, android.content.Intent]
class fu.hao.trust.dvm.Interpreter - [DEBUG]: args: fu.hao.trust.dvm.DVMObject@7a8dfdd4
class fu.hao.trust.dvm.DalvikVM - [DEBUG]: getClass android.content.Context at fu.hao.trust.dvm.DalvikVM$Heap@592ed60d
class fu.hao.trust.dvm.DalvikVM - [DEBUG]: new class representation for android.content.Context at fu.hao.trust.dvm.DalvikVM$Heap@592ed60d
class fu.hao.trust.dvm.DalvikVM - main - [DEBUG]: BroadcastReceiverLifecycle1.apk
main - [DEBUG]: C:/Users/hao/workspace/TRUST/sootOutput/BroadcastReceiverLifecycle1.apk_dummy.csv
DalvikVM - [MSG]: apk java.util.zip.ZipFile@5424dbf6 C:/Users/hao/workspace/DroidBenchProj/Lifecycle_BroadcastReceiverLifecycle1/app/BroadcastReceiverLifecycle1.apk
DalvikVM - [BB]: class de.ecspride.TestReceiver
DalvikVM - [WARN]: Run chain de.ecspride.TestReceiver:onReceive at de.ecspride.TestReceiver
DalvikVM - [MSG]: RUN Method de.ecspride.TestReceiver/onReceive[android.content.Context, android.content.Intent]
DalvikVM - [BB]: New method call: de.ecspride.TestReceiver/onReceive[android.content.Context, android.content.Intent]
DalvikVM - [BB]: [0]<0 SPECIAL,ARGUMENT_SET,extra=[7, 8, 9]>
DalvikVM - [BB]: [1]<0 MOV,CONST,dst=r2,type=void,extra=class patdroid.core.PrimitiveInfo?0>
DalvikVM - [BB]: [2]<0 MOV,CONST,dst=r1,type=java.lang.String,extra="phone">
DalvikVM - [BB]: [3]<0 HALT,VIRTUAL,extra=[null, [8, 1]]>
DalvikVM - [BB]: [4]<0 MOV,RESULT,dst=r1,type=java.lang.Object>
DalvikVM - [BB]: [5]<0 ARITHMETIC,CHECK-AND-CAST,dst=r1,type=android.telephony.TelephonyManager>
DalvikVM - [BB]: [6]<0 INVOKE,VIRTUAL,extra=[android.telephony.TelephonyManager/getDeviceId[], [1]]>
DalvikVM - [BB]: [7]<0 MOV,RESULT,dst=r3,type=java.lang.Object>
DalvikVM - [BB]: [8]<0 MOV,CONST,dst=r6,type=void,extra=class patdroid.core.PrimitiveInfo?5>
DalvikVM - [BB]: [9]<0 MOV,CONST,dst=r1,type=void,extra=class patdroid.core.PrimitiveInfo?5>
DalvikVM - [BB]: [10]<0 IF,NE,r0=r6,r1=r1,extra=index:17>
DalvikVM - [BB]: [11]<0 INVOKE,STATIC,extra=[android.telephony.SmsManager/getDefault[], []]>
DalvikVM - [BB]: [12]<0 MOV,RESULT,dst=r0,type=java.lang.Object>
DalvikVM - [BB]: [13]<0 MOV,CONST,dst=r1,type=java.lang.String,extra="+49 1234">
DalvikVM - [BB]: [14]<0 MOV,REG,dst=r4,r0=r2,type=java.lang.Object>
DalvikVM - [BB]: [15]<0 MOV,REG,dst=r5,r0=r2,type=java.lang.Object>
DalvikVM - [BB]: [16]<0 INVOKE,VIRTUAL,extra=[android.telephony.SmsManager/sendTextMessage[java.lang.String, java.lang.String, java.lang.String, android.app.PendingIntent, android.app.PendingIntent], [0, 1, 2, 3, 4, 5]]>
DalvikVM - [BB]: [17]<0 RETURN,VOID>
DalvikVM - [BB]: New Stack Frame: StackFrame de.ecspride.TestReceiver/onReceive[android.content.Context, android.content.Intent]
DalvikVM - [BB]: Stack: [StackFrame de.ecspride.TestReceiver/onReceive[android.content.Context, android.content.Intent]]
Interpreter - [MSG]: RUN BEGIN de.ecspride.TestReceiver/onReceive[android.content.Context, android.content.Intent]
Interpreter - [MSG]: RUN BEGIN
Interpreter - [MSG]: 

Interpreter - [MSG]: 0 <0 SPECIAL,ARGUMENT_SET,extra=[7, 8, 9]> at de.ecspride.TestReceiver/onReceive[android.content.Context, android.content.Intent]
Interpreter - [BB]: opcode: 3 7
Interpreter - [WARN]: null ctx!
Interpreter - [DEBUG]: args: instance number 1@de.ecspride.ActivityLifecycle1
VMHeap - [BB]: getClass android.content.Context at fu.hao.trust.dvm.VMHeap@424be5da
VMHeap - [BB]: new class representation for android.content.Context at fu.hao.trust.dvm.VMHeap@424be5da
VMHeap - [BB]: getClass java.lang.Object at fu.hao.trust.dvm.VMHeap@424be5da
VMHeap - [BB]: new class representation for java.lang.Object at fu.hao.trust.dvm.VMHeap@424be5da
VMHeap - [BB]: getClass java.lang.Object at fu.hao.trust.dvm.VMHeap@424be5da
VMHeap - [BB]: getClass android.content.Context at fu.hao.trust.dvm.VMHeap@424be5da
class fu.hao.trust.dvm.DVMObject - [BB]: New instance of android.content.Context
VMHeap - [BB]: getClass android.content.Context at fu.hao.trust.dvm.VMHeap@424be5da
VMHeap - [BB]: getClass android.content.Context at fu.hao.trust.dvm.VMHeap@424be5da
Interpreter - [DEBUG]: args: instance number 1@android.content.Context
VMHeap - [BB]: getClass android.content.Intent at fu.hao.trust.dvm.VMHeap@424be5da
VMHeap - [BB]: new class representation for android.content.Intent at fu.hao.trust.dvm.VMHeap@424be5da
VMHeap - [BB]: getClass android.content.Intent at fu.hao.trust.dvm.VMHeap@424be5da
class fu.hao.trust.dvm.DVMObject - [BB]: New instance of android.content.Intent
VMHeap - [BB]: getClass android.content.Intent at fu.hao.trust.dvm.VMHeap@424be5da
VMHeap - [BB]: getClass android.content.Intent at fu.hao.trust.dvm.VMHeap@424be5da
Interpreter - [DEBUG]: args: instance number 1@android.content.Intent
DalvikVM - [BB]: fu.hao.trust.dvm.Interpreter$OP_SP_ARGUMENTS -> jump set pc to 1
PluginManager - [MSG]: Taint Tainted Res: {Taint={}}
Interpreter - [MSG]: 

Interpreter - [MSG]: 1 <0 MOV,CONST,dst=r2,type=void,extra=class patdroid.core.PrimitiveInfo?0> at de.ecspride.TestReceiver/onReceive[android.content.Context, android.content.Intent]
Interpreter - [BB]: opcode: 1 2
Interpreter - [DEBUG]: Mov const begin <1 MOV,CONST,dst=r2,type=void,extra=class patdroid.core.PrimitiveInfo?0>
DalvikVM - [BB]: A[reg 2@StackFrame de.ecspride.TestReceiver/onReceive[android.content.Context, android.content.Intent]] 0
Interpreter - [DEBUG]: data: 0 class patdroid.core.PrimitiveInfo
DalvikVM - [BB]: fu.hao.trust.dvm.Interpreter$OP_MOV_CONST -> jump set pc to 2
PluginManager - [MSG]: Taint Tainted Res: {Taint={}}
Interpreter - [MSG]: 

Interpreter - [MSG]: 2 <0 MOV,CONST,dst=r1,type=java.lang.String,extra="phone"> at de.ecspride.TestReceiver/onReceive[android.content.Context, android.content.Intent]
Interpreter - [BB]: opcode: 1 2
Interpreter - [DEBUG]: Mov const begin <2 MOV,CONST,dst=r1,type=java.lang.String,extra="phone">
DalvikVM - [BB]: A[reg 1@StackFrame de.ecspride.TestReceiver/onReceive[android.content.Context, android.content.Intent]] phone
Interpreter - [DEBUG]: data: phone class java.lang.String
DalvikVM - [BB]: fu.hao.trust.dvm.Interpreter$OP_MOV_CONST -> jump set pc to 3
PluginManager - [MSG]: Taint Tainted Res: {Taint={}}
Interpreter - [MSG]: 

Interpreter - [MSG]: 3 <0 HALT,VIRTUAL,extra=[null, [8, 1]]> at de.ecspride.TestReceiver/onReceive[android.content.Context, android.content.Intent]
Interpreter - [BB]: opcode: 15 13
DalvikVM - [BB]: fu.hao.trust.dvm.Interpreter$OP_HALT -> jump set pc to 4
Interpreter - [MSG]: Cannot resolve the invocation
Taint - [BB]: Not a taint op <3 HALT,VIRTUAL,extra=[null, [8, 1]]>
PluginManager - [MSG]: Taint Tainted Res: {Taint={}}
Interpreter - [MSG]: 

Interpreter - [MSG]: 4 <0 MOV,RESULT,dst=r1,type=java.lang.Object> at de.ecspride.TestReceiver/onReceive[android.content.Context, android.content.Intent]
Interpreter - [BB]: opcode: 1 21
DalvikVM - [BB]: A[reg 1@StackFrame de.ecspride.TestReceiver/onReceive[android.content.Context, android.content.Intent]] null
OP_MOV_RESULT - [BB]: Result data: null
OP_MOV_RESULT - [DEBUG]: Result data: null, type: null, to [reg 1@StackFrame de.ecspride.TestReceiver/onReceive[android.content.Context, android.content.Intent]]
DalvikVM - [BB]: fu.hao.trust.dvm.Interpreter$OP_MOV_RESULT -> jump set pc to 5
PluginManager - [MSG]: Taint Tainted Res: {Taint={}}
Interpreter - [MSG]: 

Interpreter - [MSG]: 5 <0 ARITHMETIC,CHECK-AND-CAST,dst=r1,type=android.telephony.TelephonyManager> at de.ecspride.TestReceiver/onReceive[android.content.Context, android.content.Intent]
Interpreter - [BB]: opcode: 13 18
DalvikVM - [BB]: fu.hao.trust.dvm.Interpreter$OP_ARITHETIC -> jump set pc to 6
Taint - [BB]: Not a taint op <5 ARITHMETIC,CHECK-AND-CAST,dst=r1,type=android.telephony.TelephonyManager>
PluginManager - [MSG]: Taint Tainted Res: {Taint={}}
Interpreter - [MSG]: 

Interpreter - [MSG]: 6 <0 INVOKE,VIRTUAL,extra=[android.telephony.TelephonyManager/getDeviceId[], [1]]> at de.ecspride.TestReceiver/onReceive[android.content.Context, android.content.Intent]
Interpreter - [BB]: opcode: 12 13
class fu.hao.trust.dvm.Interpreter - [MSG]: arg0 obj: null
class fu.hao.trust.dvm.Interpreter - [DEBUG]: Reflction class: class android.telephony.TelephonyManager
class fu.hao.trust.dvm.Interpreter - [DEBUG]: Return data: 359874043116909 ,class java.lang.String
class fu.hao.trust.dvm.Interpreter - [MSG]: Reflction invocation public java.lang.String android.telephony.TelephonyManager.getDeviceId()
DalvikVM - [BB]: fu.hao.trust.dvm.Interpreter -> jump set pc to 7
class fu.hao.trust.analysis.Taint$TAINT_OP_INVOKE - [BB]: <android.telephony.TelephonyManager: java.lang.String getDeviceId()>
class fu.hao.trust.analysis.Taint$TAINT_OP_INVOKE - [WARN]: Found a tainted return value!
PluginManager - [MSG]: Taint Tainted Res: {Taint={359874043116909=<6 INVOKE,VIRTUAL,extra=[android.telephony.TelephonyManager/getDeviceId[], [1]]>, [Global RetReg]=<6 INVOKE,VIRTUAL,extra=[android.telephony.TelephonyManager/getDeviceId[], [1]]>}}
Interpreter - [MSG]: 

Interpreter - [MSG]: 7 <0 MOV,RESULT,dst=r3,type=java.lang.Object> at de.ecspride.TestReceiver/onReceive[android.content.Context, android.content.Intent]
Interpreter - [BB]: opcode: 1 21
DalvikVM - [BB]: A[reg 3@StackFrame de.ecspride.TestReceiver/onReceive[android.content.Context, android.content.Intent]] 359874043116909
OP_MOV_RESULT - [BB]: Result data: 359874043116909
OP_MOV_RESULT - [DEBUG]: Result data: 359874043116909, type: java.lang.String, to [reg 3@StackFrame de.ecspride.TestReceiver/onReceive[android.content.Context, android.content.Intent]]
DalvikVM - [BB]: fu.hao.trust.dvm.Interpreter$OP_MOV_RESULT -> jump set pc to 8
TAINT_OP_MOV_RESULT - [BB]: set {359874043116909=<6 INVOKE,VIRTUAL,extra=[android.telephony.TelephonyManager/getDeviceId[], [1]]>, [Global RetReg]=<6 INVOKE,VIRTUAL,extra=[android.telephony.TelephonyManager/getDeviceId[], [1]]>}
TAINT_OP_MOV_RESULT - [BB]: Add reg 3 due to ret reg.
PluginManager - [MSG]: Taint Tainted Res: {Taint={[reg 3@StackFrame de.ecspride.TestReceiver/onReceive[android.content.Context, android.content.Intent]]=<6 INVOKE,VIRTUAL,extra=[android.telephony.TelephonyManager/getDeviceId[], [1]]>, 359874043116909=<6 INVOKE,VIRTUAL,extra=[android.telephony.TelephonyManager/getDeviceId[], [1]]>}}
Interpreter - [MSG]: 

Interpreter - [MSG]: 8 <0 MOV,CONST,dst=r6,type=void,extra=class patdroid.core.PrimitiveInfo?5> at de.ecspride.TestReceiver/onReceive[android.content.Context, android.content.Intent]
Interpreter - [BB]: opcode: 1 2
Interpreter - [DEBUG]: Mov const begin <8 MOV,CONST,dst=r6,type=void,extra=class patdroid.core.PrimitiveInfo?5>
DalvikVM - [BB]: A[reg 6@StackFrame de.ecspride.TestReceiver/onReceive[android.content.Context, android.content.Intent]] 5
Interpreter - [DEBUG]: data: 5 class patdroid.core.PrimitiveInfo
DalvikVM - [BB]: fu.hao.trust.dvm.Interpreter$OP_MOV_CONST -> jump set pc to 9
PluginManager - [MSG]: Taint Tainted Res: {Taint={359874043116909=<6 INVOKE,VIRTUAL,extra=[android.telephony.TelephonyManager/getDeviceId[], [1]]>, [reg 3@StackFrame de.ecspride.TestReceiver/onReceive[android.content.Context, android.content.Intent]]=<6 INVOKE,VIRTUAL,extra=[android.telephony.TelephonyManager/getDeviceId[], [1]]>}}
Interpreter - [MSG]: 

Interpreter - [MSG]: 9 <0 MOV,CONST,dst=r1,type=void,extra=class patdroid.core.PrimitiveInfo?5> at de.ecspride.TestReceiver/onReceive[android.content.Context, android.content.Intent]
Interpreter - [BB]: opcode: 1 2
Interpreter - [DEBUG]: Mov const begin <9 MOV,CONST,dst=r1,type=void,extra=class patdroid.core.PrimitiveInfo?5>
DalvikVM - [BB]: A[reg 1@StackFrame de.ecspride.TestReceiver/onReceive[android.content.Context, android.content.Intent]] 5
Interpreter - [DEBUG]: data: 5 class patdroid.core.PrimitiveInfo
DalvikVM - [BB]: fu.hao.trust.dvm.Interpreter$OP_MOV_CONST -> jump set pc to 10
PluginManager - [MSG]: Taint Tainted Res: {Taint={[reg 3@StackFrame de.ecspride.TestReceiver/onReceive[android.content.Context, android.content.Intent]]=<6 INVOKE,VIRTUAL,extra=[android.telephony.TelephonyManager/getDeviceId[], [1]]>, 359874043116909=<6 INVOKE,VIRTUAL,extra=[android.telephony.TelephonyManager/getDeviceId[], [1]]>}}
Interpreter - [MSG]: 

Interpreter - [MSG]: 10 <0 IF,NE,r0=r6,r1=r1,extra=index:17> at de.ecspride.TestReceiver/onReceive[android.content.Context, android.content.Intent]
Interpreter - [BB]: opcode: 8 25
OP_CMP - [DEBUG]: r0 data 5
Interpreter - [DEBUG]: ops: 5 5
DalvikVM - [BB]: fu.hao.trust.dvm.Interpreter$OP_IF_NE -> jump set pc to 11
OP_IF_NE - [DEBUG]: equ: <10 IF,NE,r0=r6,r1=r1,extra=index:17> 5 5
PluginManager - [MSG]: Taint Tainted Res: {Taint={359874043116909=<6 INVOKE,VIRTUAL,extra=[android.telephony.TelephonyManager/getDeviceId[], [1]]>, [reg 3@StackFrame de.ecspride.TestReceiver/onReceive[android.content.Context, android.content.Intent]]=<6 INVOKE,VIRTUAL,extra=[android.telephony.TelephonyManager/getDeviceId[], [1]]>}}
Interpreter - [MSG]: 

Interpreter - [MSG]: 11 <0 INVOKE,STATIC,extra=[android.telephony.SmsManager/getDefault[], []]> at de.ecspride.TestReceiver/onReceive[android.content.Context, android.content.Intent]
Interpreter - [BB]: opcode: 12 14
DalvikVM - [BB]: A[Global RetReg] null
Interpreter - [DEBUG]: reflction class android.telephony.SmsManager
Interpreter - [DEBUG]: return data: android.telephony.SmsManager@25e94ba9 class android.telephony.SmsManager
Interpreter - [MSG]: reflction invocation public static android.telephony.SmsManager android.telephony.SmsManager.getDefault()
DalvikVM - [BB]: fu.hao.trust.dvm.Interpreter$OP_INVOKE_STATIC -> jump set pc to 12
class fu.hao.trust.analysis.Taint$TAINT_OP_INVOKE - [BB]: <android.telephony.SmsManager: android.telephony.SmsManager getDefault()>
class fu.hao.trust.analysis.Taint$TAINT_OP_INVOKE - [DEBUG]: not a taint call: <android.telephony.SmsManager: android.telephony.SmsManager getDefault()>
PluginManager - [MSG]: Taint Tainted Res: {Taint={[reg 3@StackFrame de.ecspride.TestReceiver/onReceive[android.content.Context, android.content.Intent]]=<6 INVOKE,VIRTUAL,extra=[android.telephony.TelephonyManager/getDeviceId[], [1]]>, 359874043116909=<6 INVOKE,VIRTUAL,extra=[android.telephony.TelephonyManager/getDeviceId[], [1]]>}}
Interpreter - [MSG]: 

Interpreter - [MSG]: 12 <0 MOV,RESULT,dst=r0,type=java.lang.Object> at de.ecspride.TestReceiver/onReceive[android.content.Context, android.content.Intent]
Interpreter - [BB]: opcode: 1 21
DalvikVM - [BB]: A[reg 0@StackFrame de.ecspride.TestReceiver/onReceive[android.content.Context, android.content.Intent]] android.telephony.SmsManager@25e94ba9
OP_MOV_RESULT - [BB]: Result data: android.telephony.SmsManager@25e94ba9
OP_MOV_RESULT - [DEBUG]: Result data: android.telephony.SmsManager@25e94ba9, type: android.telephony.SmsManager, to [reg 0@StackFrame de.ecspride.TestReceiver/onReceive[android.content.Context, android.content.Intent]]
DalvikVM - [BB]: fu.hao.trust.dvm.Interpreter$OP_MOV_RESULT -> jump set pc to 13
PluginManager - [MSG]: Taint Tainted Res: {Taint={359874043116909=<6 INVOKE,VIRTUAL,extra=[android.telephony.TelephonyManager/getDeviceId[], [1]]>, [reg 3@StackFrame de.ecspride.TestReceiver/onReceive[android.content.Context, android.content.Intent]]=<6 INVOKE,VIRTUAL,extra=[android.telephony.TelephonyManager/getDeviceId[], [1]]>}}
Interpreter - [MSG]: 

Interpreter - [MSG]: 13 <0 MOV,CONST,dst=r1,type=java.lang.String,extra="+49 1234"> at de.ecspride.TestReceiver/onReceive[android.content.Context, android.content.Intent]
Interpreter - [BB]: opcode: 1 2
Interpreter - [DEBUG]: Mov const begin <13 MOV,CONST,dst=r1,type=java.lang.String,extra="+49 1234">
DalvikVM - [BB]: A[reg 1@StackFrame de.ecspride.TestReceiver/onReceive[android.content.Context, android.content.Intent]] +49 1234
Interpreter - [DEBUG]: data: +49 1234 class java.lang.String
DalvikVM - [BB]: fu.hao.trust.dvm.Interpreter$OP_MOV_CONST -> jump set pc to 14
PluginManager - [MSG]: Taint Tainted Res: {Taint={[reg 3@StackFrame de.ecspride.TestReceiver/onReceive[android.content.Context, android.content.Intent]]=<6 INVOKE,VIRTUAL,extra=[android.telephony.TelephonyManager/getDeviceId[], [1]]>, 359874043116909=<6 INVOKE,VIRTUAL,extra=[android.telephony.TelephonyManager/getDeviceId[], [1]]>}}
Interpreter - [MSG]: 

Interpreter - [MSG]: 14 <0 MOV,REG,dst=r4,r0=r2,type=java.lang.Object> at de.ecspride.TestReceiver/onReceive[android.content.Context, android.content.Intent]
Interpreter - [BB]: opcode: 1 1
DalvikVM - [BB]: A[reg 4@StackFrame de.ecspride.TestReceiver/onReceive[android.content.Context, android.content.Intent]] 0
class fu.hao.trust.dvm.Interpreter$OP_MOVE_REG - [DEBUG]: mov 0 to 0
DalvikVM - [BB]: fu.hao.trust.dvm.Interpreter$OP_MOVE_REG -> jump set pc to 15
PluginManager - [MSG]: Taint Tainted Res: {Taint={359874043116909=<6 INVOKE,VIRTUAL,extra=[android.telephony.TelephonyManager/getDeviceId[], [1]]>, [reg 3@StackFrame de.ecspride.TestReceiver/onReceive[android.content.Context, android.content.Intent]]=<6 INVOKE,VIRTUAL,extra=[android.telephony.TelephonyManager/getDeviceId[], [1]]>}}
Interpreter - [MSG]: 

Interpreter - [MSG]: 15 <0 MOV,REG,dst=r5,r0=r2,type=java.lang.Object> at de.ecspride.TestReceiver/onReceive[android.content.Context, android.content.Intent]
Interpreter - [BB]: opcode: 1 1
DalvikVM - [BB]: A[reg 5@StackFrame de.ecspride.TestReceiver/onReceive[android.content.Context, android.content.Intent]] 0
class fu.hao.trust.dvm.Interpreter$OP_MOVE_REG - [DEBUG]: mov 0 to 0
DalvikVM - [BB]: fu.hao.trust.dvm.Interpreter$OP_MOVE_REG -> jump set pc to 16
PluginManager - [MSG]: Taint Tainted Res: {Taint={[reg 3@StackFrame de.ecspride.TestReceiver/onReceive[android.content.Context, android.content.Intent]]=<6 INVOKE,VIRTUAL,extra=[android.telephony.TelephonyManager/getDeviceId[], [1]]>, 359874043116909=<6 INVOKE,VIRTUAL,extra=[android.telephony.TelephonyManager/getDeviceId[], [1]]>}}
Interpreter - [MSG]: 

Interpreter - [MSG]: 16 <0 INVOKE,VIRTUAL,extra=[android.telephony.SmsManager/sendTextMessage[java.lang.String, java.lang.String, java.lang.String, android.app.PendingIntent, android.app.PendingIntent], [0, 1, 2, 3, 4, 5]]> at de.ecspride.TestReceiver/onReceive[android.content.Context, android.content.Intent]
Interpreter - [BB]: opcode: 12 13
DalvikVM - [BB]: A[Global RetReg] null
class fu.hao.trust.dvm.Interpreter - [MSG]: arg0 obj: android.telephony.SmsManager@25e94ba9
class fu.hao.trust.dvm.Interpreter - [DEBUG]: Reflction class: class android.telephony.SmsManager
Interpreter - [BB]: arg1: +49 1234
Interpreter - [BB]: arg2: 0
Interpreter - [WARN]: Mismatch type! arg 2, real para type: class patdroid.core.PrimitiveInfo, expected para type: class java.lang.String
Interpreter - [BB]: arg3: 359874043116909
Interpreter - [BB]: arg4: 0
Interpreter - [WARN]: Mismatch type! arg 4, real para type: class patdroid.core.PrimitiveInfo, expected para type: class android.app.PendingIntent
Interpreter - [BB]: arg5: 0
Interpreter - [WARN]: Mismatch type! arg 5, real para type: class patdroid.core.PrimitiveInfo, expected para type: class android.app.PendingIntent
class fu.hao.trust.dvm.Interpreter - [DEBUG]: Caller obj: android.telephony.SmsManager@25e94ba9, from class: class android.telephony.SmsManager
class fu.hao.trust.dvm.Interpreter - [MSG]: Reflction invocation public void android.telephony.SmsManager.sendTextMessage(java.lang.String,java.lang.String,java.lang.String,android.app.PendingIntent,android.app.PendingIntent)
DalvikVM - [BB]: fu.hao.trust.dvm.Interpreter -> jump set pc to 17
class fu.hao.trust.analysis.Taint$TAINT_OP_INVOKE - [BB]: <android.telephony.SmsManager: void sendTextMessage(java.lang.String,java.lang.String,java.lang.String,android.app.PendingIntent,android.app.PendingIntent)>
class fu.hao.trust.analysis.Taint$TAINT_OP_INVOKE - [BB]: Found a sink invocation. <android.telephony.SmsManager: void sendTextMessage(java.lang.String,java.lang.String,java.lang.String,android.app.PendingIntent,android.app.PendingIntent)>
class fu.hao.trust.analysis.Taint$TAINT_OP_INVOKE - [WARN]: Found a taint sink <android.telephony.SmsManager: void sendTextMessage(java.lang.String,java.lang.String,java.lang.String,android.app.PendingIntent,android.app.PendingIntent)> leaking data [359874043116909] at reg 3!!!
PluginManager - [MSG]: Taint Tainted Res: {Taint={359874043116909=<6 INVOKE,VIRTUAL,extra=[android.telephony.TelephonyManager/getDeviceId[], [1]]>, [reg 3@StackFrame de.ecspride.TestReceiver/onReceive[android.content.Context, android.content.Intent]]=<6 INVOKE,VIRTUAL,extra=[android.telephony.TelephonyManager/getDeviceId[], [1]]>}}
Interpreter - [MSG]: 

Interpreter - [MSG]: 17 <0 RETURN,VOID> at de.ecspride.TestReceiver/onReceive[android.content.Context, android.content.Intent]
Interpreter - [BB]: opcode: 2 3
class fu.hao.trust.dvm.Interpreter$OP_RETURN_VOID - [DEBUG]: Return void
DalvikVM - [BB]: stack [StackFrame de.ecspride.TestReceiver/onReceive[android.content.Context, android.content.Intent]]
DalvikVM - [BB]: stack []
Interpreter - [MSG]: RUN DONE! The last one is onReceive
main - [DEBUG]: C:/Users/hao/workspace/TRUST/sootOutput/BroadcastReceiverLifecycle1.apk.csv
main - [DEBUG]: de.ecspride.TestReceiver
DalvikVM - [MSG]: Begin run onReceive at C:/Users/hao/workspace/DroidBenchProj/Lifecycle_BroadcastReceiverLifecycle1/app/BroadcastReceiverLifecycle1.apk
DalvikVM - [MSG]: RUN Method de.ecspride.TestReceiver/onReceive[android.content.Context, android.content.Intent]
DalvikVM - [BB]: New method call: de.ecspride.TestReceiver/onReceive[android.content.Context, android.content.Intent]
DalvikVM - [BB]: [0]<0 SPECIAL,ARGUMENT_SET,extra=[7, 8, 9]>
DalvikVM - [BB]: [1]<0 MOV,CONST,dst=r2,type=void,extra=class patdroid.core.PrimitiveInfo?0>
DalvikVM - [BB]: [2]<0 MOV,CONST,dst=r1,type=java.lang.String,extra="phone">
DalvikVM - [BB]: [3]<0 HALT,VIRTUAL,extra=[null, [8, 1]]>
DalvikVM - [BB]: [4]<0 MOV,RESULT,dst=r1,type=java.lang.Object>
DalvikVM - [BB]: [5]<0 ARITHMETIC,CHECK-AND-CAST,dst=r1,type=android.telephony.TelephonyManager>
DalvikVM - [BB]: [6]<0 INVOKE,VIRTUAL,extra=[android.telephony.TelephonyManager/getDeviceId[], [1]]>
DalvikVM - [BB]: [7]<0 MOV,RESULT,dst=r3,type=java.lang.Object>
DalvikVM - [BB]: [8]<0 MOV,CONST,dst=r6,type=void,extra=class patdroid.core.PrimitiveInfo?5>
DalvikVM - [BB]: [9]<0 MOV,CONST,dst=r1,type=void,extra=class patdroid.core.PrimitiveInfo?5>
DalvikVM - [BB]: [10]<0 IF,NE,r0=r6,r1=r1,extra=index:17>
DalvikVM - [BB]: [11]<0 INVOKE,STATIC,extra=[android.telephony.SmsManager/getDefault[], []]>
DalvikVM - [BB]: [12]<0 MOV,RESULT,dst=r0,type=java.lang.Object>
DalvikVM - [BB]: [13]<0 MOV,CONST,dst=r1,type=java.lang.String,extra="+49 1234">
DalvikVM - [BB]: [14]<0 MOV,REG,dst=r4,r0=r2,type=java.lang.Object>
DalvikVM - [BB]: [15]<0 MOV,REG,dst=r5,r0=r2,type=java.lang.Object>
DalvikVM - [BB]: [16]<0 INVOKE,VIRTUAL,extra=[android.telephony.SmsManager/sendTextMessage[java.lang.String, java.lang.String, java.lang.String, android.app.PendingIntent, android.app.PendingIntent], [0, 1, 2, 3, 4, 5]]>
DalvikVM - [BB]: [17]<0 RETURN,VOID>
DalvikVM - [BB]: New Stack Frame: StackFrame de.ecspride.TestReceiver/onReceive[android.content.Context, android.content.Intent]
DalvikVM - [BB]: Stack: [StackFrame de.ecspride.TestReceiver/onReceive[android.content.Context, android.content.Intent]]
Interpreter - [MSG]: RUN BEGIN de.ecspride.TestReceiver/onReceive[android.content.Context, android.content.Intent]
Interpreter - [MSG]: RUN BEGIN
Interpreter - [MSG]: 

Interpreter - [MSG]: 0 <0 SPECIAL,ARGUMENT_SET,extra=[7, 8, 9]> at de.ecspride.TestReceiver/onReceive[android.content.Context, android.content.Intent]
Interpreter - [BB]: opcode: 3 7
Interpreter - [WARN]: null ctx!
Interpreter - [DEBUG]: args: instance number 1@de.ecspride.ActivityLifecycle1
VMHeap - [BB]: getClass android.content.Context at fu.hao.trust.dvm.VMHeap@7154abc4
VMHeap - [BB]: new class representation for android.content.Context at fu.hao.trust.dvm.VMHeap@7154abc4
VMHeap - [BB]: getClass java.lang.Object at fu.hao.trust.dvm.VMHeap@7154abc4
VMHeap - [BB]: new class representation for java.lang.Object at fu.hao.trust.dvm.VMHeap@7154abc4
VMHeap - [BB]: getClass java.lang.Object at fu.hao.trust.dvm.VMHeap@7154abc4
VMHeap - [BB]: getClass android.content.Context at fu.hao.trust.dvm.VMHeap@7154abc4
class fu.hao.trust.dvm.DVMObject - [BB]: New instance of android.content.Context
VMHeap - [BB]: getClass android.content.Context at fu.hao.trust.dvm.VMHeap@7154abc4
VMHeap - [BB]: getClass android.content.Context at fu.hao.trust.dvm.VMHeap@7154abc4
Interpreter - [DEBUG]: args: instance number 1@android.content.Context
VMHeap - [BB]: getClass android.content.Intent at fu.hao.trust.dvm.VMHeap@7154abc4
VMHeap - [BB]: new class representation for android.content.Intent at fu.hao.trust.dvm.VMHeap@7154abc4
VMHeap - [BB]: getClass android.content.Intent at fu.hao.trust.dvm.VMHeap@7154abc4
class fu.hao.trust.dvm.DVMObject - [BB]: New instance of android.content.Intent
VMHeap - [BB]: getClass android.content.Intent at fu.hao.trust.dvm.VMHeap@7154abc4
VMHeap - [BB]: getClass android.content.Intent at fu.hao.trust.dvm.VMHeap@7154abc4
Interpreter - [DEBUG]: args: instance number 1@android.content.Intent
DalvikVM - [BB]: fu.hao.trust.dvm.Interpreter$OP_SP_ARGUMENTS -> jump set pc to 1
TAINT_OP_SP_ARGUMENTS - [BB]: Copy 359874043116909 as tainted.
PluginManager - [MSG]: Taint Tainted Res: {Taint={[reg 3@StackFrame de.ecspride.TestReceiver/onReceive[android.content.Context, android.content.Intent]]=<6 INVOKE,VIRTUAL,extra=[android.telephony.TelephonyManager/getDeviceId[], [1]]>, 359874043116909=<6 INVOKE,VIRTUAL,extra=[android.telephony.TelephonyManager/getDeviceId[], [1]]>}}
Interpreter - [MSG]: 

Interpreter - [MSG]: 1 <0 MOV,CONST,dst=r2,type=void,extra=class patdroid.core.PrimitiveInfo?0> at de.ecspride.TestReceiver/onReceive[android.content.Context, android.content.Intent]
Interpreter - [BB]: opcode: 1 2
Interpreter - [DEBUG]: Mov const begin <1 MOV,CONST,dst=r2,type=void,extra=class patdroid.core.PrimitiveInfo?0>
DalvikVM - [BB]: A[reg 2@StackFrame de.ecspride.TestReceiver/onReceive[android.content.Context, android.content.Intent]] 0
Interpreter - [DEBUG]: data: 0 class patdroid.core.PrimitiveInfo
DalvikVM - [BB]: fu.hao.trust.dvm.Interpreter$OP_MOV_CONST -> jump set pc to 2
PluginManager - [MSG]: Taint Tainted Res: {Taint={359874043116909=<6 INVOKE,VIRTUAL,extra=[android.telephony.TelephonyManager/getDeviceId[], [1]]>, [reg 3@StackFrame de.ecspride.TestReceiver/onReceive[android.content.Context, android.content.Intent]]=<6 INVOKE,VIRTUAL,extra=[android.telephony.TelephonyManager/getDeviceId[], [1]]>}}
Interpreter - [MSG]: 

Interpreter - [MSG]: 2 <0 MOV,CONST,dst=r1,type=java.lang.String,extra="phone"> at de.ecspride.TestReceiver/onReceive[android.content.Context, android.content.Intent]
Interpreter - [BB]: opcode: 1 2
Interpreter - [DEBUG]: Mov const begin <2 MOV,CONST,dst=r1,type=java.lang.String,extra="phone">
DalvikVM - [BB]: A[reg 1@StackFrame de.ecspride.TestReceiver/onReceive[android.content.Context, android.content.Intent]] phone
Interpreter - [DEBUG]: data: phone class java.lang.String
DalvikVM - [BB]: fu.hao.trust.dvm.Interpreter$OP_MOV_CONST -> jump set pc to 3
PluginManager - [MSG]: Taint Tainted Res: {Taint={[reg 3@StackFrame de.ecspride.TestReceiver/onReceive[android.content.Context, android.content.Intent]]=<6 INVOKE,VIRTUAL,extra=[android.telephony.TelephonyManager/getDeviceId[], [1]]>, 359874043116909=<6 INVOKE,VIRTUAL,extra=[android.telephony.TelephonyManager/getDeviceId[], [1]]>}}
Interpreter - [MSG]: 

Interpreter - [MSG]: 3 <0 HALT,VIRTUAL,extra=[null, [8, 1]]> at de.ecspride.TestReceiver/onReceive[android.content.Context, android.content.Intent]
Interpreter - [BB]: opcode: 15 13
DalvikVM - [BB]: fu.hao.trust.dvm.Interpreter$OP_HALT -> jump set pc to 4
Interpreter - [MSG]: Cannot resolve the invocation
Taint - [BB]: Not a taint op <3 HALT,VIRTUAL,extra=[null, [8, 1]]>
PluginManager - [MSG]: Taint Tainted Res: {Taint={[reg 3@StackFrame de.ecspride.TestReceiver/onReceive[android.content.Context, android.content.Intent]]=<6 INVOKE,VIRTUAL,extra=[android.telephony.TelephonyManager/getDeviceId[], [1]]>, 359874043116909=<6 INVOKE,VIRTUAL,extra=[android.telephony.TelephonyManager/getDeviceId[], [1]]>}}
Interpreter - [MSG]: 

Interpreter - [MSG]: 4 <0 MOV,RESULT,dst=r1,type=java.lang.Object> at de.ecspride.TestReceiver/onReceive[android.content.Context, android.content.Intent]
Interpreter - [BB]: opcode: 1 21
DalvikVM - [BB]: A[reg 1@StackFrame de.ecspride.TestReceiver/onReceive[android.content.Context, android.content.Intent]] null
OP_MOV_RESULT - [BB]: Result data: null
OP_MOV_RESULT - [DEBUG]: Result data: null, type: null, to [reg 1@StackFrame de.ecspride.TestReceiver/onReceive[android.content.Context, android.content.Intent]]
DalvikVM - [BB]: fu.hao.trust.dvm.Interpreter$OP_MOV_RESULT -> jump set pc to 5
PluginManager - [MSG]: Taint Tainted Res: {Taint={359874043116909=<6 INVOKE,VIRTUAL,extra=[android.telephony.TelephonyManager/getDeviceId[], [1]]>, [reg 3@StackFrame de.ecspride.TestReceiver/onReceive[android.content.Context, android.content.Intent]]=<6 INVOKE,VIRTUAL,extra=[android.telephony.TelephonyManager/getDeviceId[], [1]]>}}
Interpreter - [MSG]: 

Interpreter - [MSG]: 5 <0 ARITHMETIC,CHECK-AND-CAST,dst=r1,type=android.telephony.TelephonyManager> at de.ecspride.TestReceiver/onReceive[android.content.Context, android.content.Intent]
Interpreter - [BB]: opcode: 13 18
DalvikVM - [BB]: fu.hao.trust.dvm.Interpreter$OP_ARITHETIC -> jump set pc to 6
Taint - [BB]: Not a taint op <5 ARITHMETIC,CHECK-AND-CAST,dst=r1,type=android.telephony.TelephonyManager>
PluginManager - [MSG]: Taint Tainted Res: {Taint={359874043116909=<6 INVOKE,VIRTUAL,extra=[android.telephony.TelephonyManager/getDeviceId[], [1]]>, [reg 3@StackFrame de.ecspride.TestReceiver/onReceive[android.content.Context, android.content.Intent]]=<6 INVOKE,VIRTUAL,extra=[android.telephony.TelephonyManager/getDeviceId[], [1]]>}}
Interpreter - [MSG]: 

Interpreter - [MSG]: 6 <0 INVOKE,VIRTUAL,extra=[android.telephony.TelephonyManager/getDeviceId[], [1]]> at de.ecspride.TestReceiver/onReceive[android.content.Context, android.content.Intent]
Interpreter - [BB]: opcode: 12 13
class fu.hao.trust.dvm.Interpreter - [MSG]: arg0 obj: null
class fu.hao.trust.dvm.Interpreter - [DEBUG]: Reflction class: class android.telephony.TelephonyManager
class fu.hao.trust.dvm.Interpreter - [DEBUG]: Return data: 359874043116909 ,class java.lang.String
class fu.hao.trust.dvm.Interpreter - [MSG]: Reflction invocation public java.lang.String android.telephony.TelephonyManager.getDeviceId()
DalvikVM - [BB]: fu.hao.trust.dvm.Interpreter -> jump set pc to 7
class fu.hao.trust.analysis.Taint$TAINT_OP_INVOKE - [BB]: <android.telephony.TelephonyManager: java.lang.String getDeviceId()>
class fu.hao.trust.analysis.Taint$TAINT_OP_INVOKE - [WARN]: Found a tainted return value!
PluginManager - [MSG]: Taint Tainted Res: {Taint={[Global RetReg]=<6 INVOKE,VIRTUAL,extra=[android.telephony.TelephonyManager/getDeviceId[], [1]]>, [reg 3@StackFrame de.ecspride.TestReceiver/onReceive[android.content.Context, android.content.Intent]]=<6 INVOKE,VIRTUAL,extra=[android.telephony.TelephonyManager/getDeviceId[], [1]]>, 359874043116909=<6 INVOKE,VIRTUAL,extra=[android.telephony.TelephonyManager/getDeviceId[], [1]]>}}
Interpreter - [MSG]: 

Interpreter - [MSG]: 7 <0 MOV,RESULT,dst=r3,type=java.lang.Object> at de.ecspride.TestReceiver/onReceive[android.content.Context, android.content.Intent]
Interpreter - [BB]: opcode: 1 21
DalvikVM - [BB]: A[reg 3@StackFrame de.ecspride.TestReceiver/onReceive[android.content.Context, android.content.Intent]] 359874043116909
OP_MOV_RESULT - [BB]: Result data: 359874043116909
OP_MOV_RESULT - [DEBUG]: Result data: 359874043116909, type: java.lang.String, to [reg 3@StackFrame de.ecspride.TestReceiver/onReceive[android.content.Context, android.content.Intent]]
DalvikVM - [BB]: fu.hao.trust.dvm.Interpreter$OP_MOV_RESULT -> jump set pc to 8
TAINT_OP_MOV_RESULT - [BB]: set {[Global RetReg]=<6 INVOKE,VIRTUAL,extra=[android.telephony.TelephonyManager/getDeviceId[], [1]]>, [reg 3@StackFrame de.ecspride.TestReceiver/onReceive[android.content.Context, android.content.Intent]]=<6 INVOKE,VIRTUAL,extra=[android.telephony.TelephonyManager/getDeviceId[], [1]]>, 359874043116909=<6 INVOKE,VIRTUAL,extra=[android.telephony.TelephonyManager/getDeviceId[], [1]]>}
TAINT_OP_MOV_RESULT - [BB]: Add reg 3 due to ret reg.
PluginManager - [MSG]: Taint Tainted Res: {Taint={359874043116909=<6 INVOKE,VIRTUAL,extra=[android.telephony.TelephonyManager/getDeviceId[], [1]]>, [reg 3@StackFrame de.ecspride.TestReceiver/onReceive[android.content.Context, android.content.Intent]]=<6 INVOKE,VIRTUAL,extra=[android.telephony.TelephonyManager/getDeviceId[], [1]]>, [reg 3@StackFrame de.ecspride.TestReceiver/onReceive[android.content.Context, android.content.Intent]]=<6 INVOKE,VIRTUAL,extra=[android.telephony.TelephonyManager/getDeviceId[], [1]]>}}
Interpreter - [MSG]: 

Interpreter - [MSG]: 8 <0 MOV,CONST,dst=r6,type=void,extra=class patdroid.core.PrimitiveInfo?5> at de.ecspride.TestReceiver/onReceive[android.content.Context, android.content.Intent]
Interpreter - [BB]: opcode: 1 2
Interpreter - [DEBUG]: Mov const begin <8 MOV,CONST,dst=r6,type=void,extra=class patdroid.core.PrimitiveInfo?5>
DalvikVM - [BB]: A[reg 6@StackFrame de.ecspride.TestReceiver/onReceive[android.content.Context, android.content.Intent]] 5
Interpreter - [DEBUG]: data: 5 class patdroid.core.PrimitiveInfo
DalvikVM - [BB]: fu.hao.trust.dvm.Interpreter$OP_MOV_CONST -> jump set pc to 9
PluginManager - [MSG]: Taint Tainted Res: {Taint={[reg 3@StackFrame de.ecspride.TestReceiver/onReceive[android.content.Context, android.content.Intent]]=<6 INVOKE,VIRTUAL,extra=[android.telephony.TelephonyManager/getDeviceId[], [1]]>, 359874043116909=<6 INVOKE,VIRTUAL,extra=[android.telephony.TelephonyManager/getDeviceId[], [1]]>, [reg 3@StackFrame de.ecspride.TestReceiver/onReceive[android.content.Context, android.content.Intent]]=<6 INVOKE,VIRTUAL,extra=[android.telephony.TelephonyManager/getDeviceId[], [1]]>}}
Interpreter - [MSG]: 

Interpreter - [MSG]: 9 <0 MOV,CONST,dst=r1,type=void,extra=class patdroid.core.PrimitiveInfo?5> at de.ecspride.TestReceiver/onReceive[android.content.Context, android.content.Intent]
Interpreter - [BB]: opcode: 1 2
Interpreter - [DEBUG]: Mov const begin <9 MOV,CONST,dst=r1,type=void,extra=class patdroid.core.PrimitiveInfo?5>
DalvikVM - [BB]: A[reg 1@StackFrame de.ecspride.TestReceiver/onReceive[android.content.Context, android.content.Intent]] 5
Interpreter - [DEBUG]: data: 5 class patdroid.core.PrimitiveInfo
DalvikVM - [BB]: fu.hao.trust.dvm.Interpreter$OP_MOV_CONST -> jump set pc to 10
PluginManager - [MSG]: Taint Tainted Res: {Taint={359874043116909=<6 INVOKE,VIRTUAL,extra=[android.telephony.TelephonyManager/getDeviceId[], [1]]>, [reg 3@StackFrame de.ecspride.TestReceiver/onReceive[android.content.Context, android.content.Intent]]=<6 INVOKE,VIRTUAL,extra=[android.telephony.TelephonyManager/getDeviceId[], [1]]>, [reg 3@StackFrame de.ecspride.TestReceiver/onReceive[android.content.Context, android.content.Intent]]=<6 INVOKE,VIRTUAL,extra=[android.telephony.TelephonyManager/getDeviceId[], [1]]>}}
Interpreter - [MSG]: 

Interpreter - [MSG]: 10 <0 IF,NE,r0=r6,r1=r1,extra=index:17> at de.ecspride.TestReceiver/onReceive[android.content.Context, android.content.Intent]
Interpreter - [BB]: opcode: 8 25
OP_CMP - [DEBUG]: r0 data 5
Interpreter - [DEBUG]: ops: 5 5
DalvikVM - [BB]: fu.hao.trust.dvm.Interpreter$OP_IF_NE -> jump set pc to 11
OP_IF_NE - [DEBUG]: equ: <10 IF,NE,r0=r6,r1=r1,extra=index:17> 5 5
PluginManager - [MSG]: Taint Tainted Res: {Taint={[reg 3@StackFrame de.ecspride.TestReceiver/onReceive[android.content.Context, android.content.Intent]]=<6 INVOKE,VIRTUAL,extra=[android.telephony.TelephonyManager/getDeviceId[], [1]]>, 359874043116909=<6 INVOKE,VIRTUAL,extra=[android.telephony.TelephonyManager/getDeviceId[], [1]]>, [reg 3@StackFrame de.ecspride.TestReceiver/onReceive[android.content.Context, android.content.Intent]]=<6 INVOKE,VIRTUAL,extra=[android.telephony.TelephonyManager/getDeviceId[], [1]]>}}
Interpreter - [MSG]: 

Interpreter - [MSG]: 11 <0 INVOKE,STATIC,extra=[android.telephony.SmsManager/getDefault[], []]> at de.ecspride.TestReceiver/onReceive[android.content.Context, android.content.Intent]
Interpreter - [BB]: opcode: 12 14
DalvikVM - [BB]: A[Global RetReg] null
Interpreter - [DEBUG]: reflction class android.telephony.SmsManager
Interpreter - [DEBUG]: return data: android.telephony.SmsManager@374ffe34 class android.telephony.SmsManager
Interpreter - [MSG]: reflction invocation public static android.telephony.SmsManager android.telephony.SmsManager.getDefault()
DalvikVM - [BB]: fu.hao.trust.dvm.Interpreter$OP_INVOKE_STATIC -> jump set pc to 12
class fu.hao.trust.analysis.Taint$TAINT_OP_INVOKE - [BB]: <android.telephony.SmsManager: android.telephony.SmsManager getDefault()>
class fu.hao.trust.analysis.Taint$TAINT_OP_INVOKE - [DEBUG]: not a taint call: <android.telephony.SmsManager: android.telephony.SmsManager getDefault()>
PluginManager - [MSG]: Taint Tainted Res: {Taint={359874043116909=<6 INVOKE,VIRTUAL,extra=[android.telephony.TelephonyManager/getDeviceId[], [1]]>, [reg 3@StackFrame de.ecspride.TestReceiver/onReceive[android.content.Context, android.content.Intent]]=<6 INVOKE,VIRTUAL,extra=[android.telephony.TelephonyManager/getDeviceId[], [1]]>, [reg 3@StackFrame de.ecspride.TestReceiver/onReceive[android.content.Context, android.content.Intent]]=<6 INVOKE,VIRTUAL,extra=[android.telephony.TelephonyManager/getDeviceId[], [1]]>}}
Interpreter - [MSG]: 

Interpreter - [MSG]: 12 <0 MOV,RESULT,dst=r0,type=java.lang.Object> at de.ecspride.TestReceiver/onReceive[android.content.Context, android.content.Intent]
Interpreter - [BB]: opcode: 1 21
DalvikVM - [BB]: A[reg 0@StackFrame de.ecspride.TestReceiver/onReceive[android.content.Context, android.content.Intent]] android.telephony.SmsManager@374ffe34
OP_MOV_RESULT - [BB]: Result data: android.telephony.SmsManager@374ffe34
OP_MOV_RESULT - [DEBUG]: Result data: android.telephony.SmsManager@374ffe34, type: android.telephony.SmsManager, to [reg 0@StackFrame de.ecspride.TestReceiver/onReceive[android.content.Context, android.content.Intent]]
DalvikVM - [BB]: fu.hao.trust.dvm.Interpreter$OP_MOV_RESULT -> jump set pc to 13
PluginManager - [MSG]: Taint Tainted Res: {Taint={[reg 3@StackFrame de.ecspride.TestReceiver/onReceive[android.content.Context, android.content.Intent]]=<6 INVOKE,VIRTUAL,extra=[android.telephony.TelephonyManager/getDeviceId[], [1]]>, 359874043116909=<6 INVOKE,VIRTUAL,extra=[android.telephony.TelephonyManager/getDeviceId[], [1]]>, [reg 3@StackFrame de.ecspride.TestReceiver/onReceive[android.content.Context, android.content.Intent]]=<6 INVOKE,VIRTUAL,extra=[android.telephony.TelephonyManager/getDeviceId[], [1]]>}}
Interpreter - [MSG]: 

Interpreter - [MSG]: 13 <0 MOV,CONST,dst=r1,type=java.lang.String,extra="+49 1234"> at de.ecspride.TestReceiver/onReceive[android.content.Context, android.content.Intent]
Interpreter - [BB]: opcode: 1 2
Interpreter - [DEBUG]: Mov const begin <13 MOV,CONST,dst=r1,type=java.lang.String,extra="+49 1234">
DalvikVM - [BB]: A[reg 1@StackFrame de.ecspride.TestReceiver/onReceive[android.content.Context, android.content.Intent]] +49 1234
Interpreter - [DEBUG]: data: +49 1234 class java.lang.String
DalvikVM - [BB]: fu.hao.trust.dvm.Interpreter$OP_MOV_CONST -> jump set pc to 14
PluginManager - [MSG]: Taint Tainted Res: {Taint={359874043116909=<6 INVOKE,VIRTUAL,extra=[android.telephony.TelephonyManager/getDeviceId[], [1]]>, [reg 3@StackFrame de.ecspride.TestReceiver/onReceive[android.content.Context, android.content.Intent]]=<6 INVOKE,VIRTUAL,extra=[android.telephony.TelephonyManager/getDeviceId[], [1]]>, [reg 3@StackFrame de.ecspride.TestReceiver/onReceive[android.content.Context, android.content.Intent]]=<6 INVOKE,VIRTUAL,extra=[android.telephony.TelephonyManager/getDeviceId[], [1]]>}}
Interpreter - [MSG]: 

Interpreter - [MSG]: 14 <0 MOV,REG,dst=r4,r0=r2,type=java.lang.Object> at de.ecspride.TestReceiver/onReceive[android.content.Context, android.content.Intent]
Interpreter - [BB]: opcode: 1 1
DalvikVM - [BB]: A[reg 4@StackFrame de.ecspride.TestReceiver/onReceive[android.content.Context, android.content.Intent]] 0
class fu.hao.trust.dvm.Interpreter$OP_MOVE_REG - [DEBUG]: mov 0 to 0
DalvikVM - [BB]: fu.hao.trust.dvm.Interpreter$OP_MOVE_REG -> jump set pc to 15
PluginManager - [MSG]: Taint Tainted Res: {Taint={[reg 3@StackFrame de.ecspride.TestReceiver/onReceive[android.content.Context, android.content.Intent]]=<6 INVOKE,VIRTUAL,extra=[android.telephony.TelephonyManager/getDeviceId[], [1]]>, 359874043116909=<6 INVOKE,VIRTUAL,extra=[android.telephony.TelephonyManager/getDeviceId[], [1]]>, [reg 3@StackFrame de.ecspride.TestReceiver/onReceive[android.content.Context, android.content.Intent]]=<6 INVOKE,VIRTUAL,extra=[android.telephony.TelephonyManager/getDeviceId[], [1]]>}}
Interpreter - [MSG]: 

Interpreter - [MSG]: 15 <0 MOV,REG,dst=r5,r0=r2,type=java.lang.Object> at de.ecspride.TestReceiver/onReceive[android.content.Context, android.content.Intent]
Interpreter - [BB]: opcode: 1 1
DalvikVM - [BB]: A[reg 5@StackFrame de.ecspride.TestReceiver/onReceive[android.content.Context, android.content.Intent]] 0
class fu.hao.trust.dvm.Interpreter$OP_MOVE_REG - [DEBUG]: mov 0 to 0
DalvikVM - [BB]: fu.hao.trust.dvm.Interpreter$OP_MOVE_REG -> jump set pc to 16
PluginManager - [MSG]: Taint Tainted Res: {Taint={359874043116909=<6 INVOKE,VIRTUAL,extra=[android.telephony.TelephonyManager/getDeviceId[], [1]]>, [reg 3@StackFrame de.ecspride.TestReceiver/onReceive[android.content.Context, android.content.Intent]]=<6 INVOKE,VIRTUAL,extra=[android.telephony.TelephonyManager/getDeviceId[], [1]]>, [reg 3@StackFrame de.ecspride.TestReceiver/onReceive[android.content.Context, android.content.Intent]]=<6 INVOKE,VIRTUAL,extra=[android.telephony.TelephonyManager/getDeviceId[], [1]]>}}
Interpreter - [MSG]: 

Interpreter - [MSG]: 16 <0 INVOKE,VIRTUAL,extra=[android.telephony.SmsManager/sendTextMessage[java.lang.String, java.lang.String, java.lang.String, android.app.PendingIntent, android.app.PendingIntent], [0, 1, 2, 3, 4, 5]]> at de.ecspride.TestReceiver/onReceive[android.content.Context, android.content.Intent]
Interpreter - [BB]: opcode: 12 13
DalvikVM - [BB]: A[Global RetReg] null
class fu.hao.trust.dvm.Interpreter - [MSG]: arg0 obj: android.telephony.SmsManager@374ffe34
class fu.hao.trust.dvm.Interpreter - [DEBUG]: Reflction class: class android.telephony.SmsManager
Interpreter - [BB]: arg1: +49 1234
Interpreter - [BB]: arg2: 0
Interpreter - [WARN]: Mismatch type! arg 2, real para type: class patdroid.core.PrimitiveInfo, expected para type: class java.lang.String
Interpreter - [BB]: arg3: 359874043116909
Interpreter - [BB]: arg4: 0
Interpreter - [WARN]: Mismatch type! arg 4, real para type: class patdroid.core.PrimitiveInfo, expected para type: class android.app.PendingIntent
Interpreter - [BB]: arg5: 0
Interpreter - [WARN]: Mismatch type! arg 5, real para type: class patdroid.core.PrimitiveInfo, expected para type: class android.app.PendingIntent
class fu.hao.trust.dvm.Interpreter - [DEBUG]: Caller obj: android.telephony.SmsManager@374ffe34, from class: class android.telephony.SmsManager
class fu.hao.trust.dvm.Interpreter - [MSG]: Reflction invocation public void android.telephony.SmsManager.sendTextMessage(java.lang.String,java.lang.String,java.lang.String,android.app.PendingIntent,android.app.PendingIntent)
DalvikVM - [BB]: fu.hao.trust.dvm.Interpreter -> jump set pc to 17
class fu.hao.trust.analysis.Taint$TAINT_OP_INVOKE - [BB]: <android.telephony.SmsManager: void sendTextMessage(java.lang.String,java.lang.String,java.lang.String,android.app.PendingIntent,android.app.PendingIntent)>
class fu.hao.trust.analysis.Taint$TAINT_OP_INVOKE - [BB]: Found a sink invocation. <android.telephony.SmsManager: void sendTextMessage(java.lang.String,java.lang.String,java.lang.String,android.app.PendingIntent,android.app.PendingIntent)>
class fu.hao.trust.analysis.Taint$TAINT_OP_INVOKE - [WARN]: Found a taint sink <android.telephony.SmsManager: void sendTextMessage(java.lang.String,java.lang.String,java.lang.String,android.app.PendingIntent,android.app.PendingIntent)> leaking data [359874043116909] at reg 3!!!
PluginManager - [MSG]: Taint Tainted Res: {Taint={[reg 3@StackFrame de.ecspride.TestReceiver/onReceive[android.content.Context, android.content.Intent]]=<6 INVOKE,VIRTUAL,extra=[android.telephony.TelephonyManager/getDeviceId[], [1]]>, 359874043116909=<6 INVOKE,VIRTUAL,extra=[android.telephony.TelephonyManager/getDeviceId[], [1]]>, [reg 3@StackFrame de.ecspride.TestReceiver/onReceive[android.content.Context, android.content.Intent]]=<6 INVOKE,VIRTUAL,extra=[android.telephony.TelephonyManager/getDeviceId[], [1]]>}}
Interpreter - [MSG]: 

Interpreter - [MSG]: 17 <0 RETURN,VOID> at de.ecspride.TestReceiver/onReceive[android.content.Context, android.content.Intent]
Interpreter - [BB]: opcode: 2 3
class fu.hao.trust.dvm.Interpreter$OP_RETURN_VOID - [DEBUG]: Return void
DalvikVM - [BB]: stack [StackFrame de.ecspride.TestReceiver/onReceive[android.content.Context, android.content.Intent]]
DalvikVM - [BB]: stack []
Interpreter - [MSG]: RUN DONE! The last one is onReceive
