main - [DEBUG]: C:/Users/hao/workspace/TRUST/sootOutput/Callbacks_Button3.apk_dummy.csv
class fu.hao.trust.analysis.Taint - [DEBUG]: srcs: [<android.os.Bundle: java.lang.ClassLoader getClassLoader()>, <android.os.Bundle: byte getByte(java.lang.String)>, <android.os.Bundle: short[] getShortArray(java.lang.String)>, <android.content.ContentResolver: android.database.Cursor query(android.net.Uri,java.lang.String[],java.lang.String,java.lang.String[],java.lang.String)>, <android.database.Cursor: java.lang.String getString(int)>, <org.apache.http.util.EntityUtils: java.lang.String getContentCharSet(org.apache.http.HttpEntity)>, <android.os.Bundle: java.lang.CharSequence getCharSequence(java.lang.String,java.lang.CharSequence)>, <android.os.Bundle: java.lang.CharSequence[] getCharSequenceArray(java.lang.String)>, <android.os.Bundle: long[] getLongArray(java.lang.String)>, <android.os.Handler: android.os.Message obtainMessage(int,java.lang.Object)>, <android.media.AudioRecord: int read(short[],int,int)>, <android.os.Bundle: double getDouble(java.lang.String,double)>, <java.util.Locale: java.lang.String getCountry()>, <android.app.Activity: android.content.Intent getIntent()>, <android.os.Bundle: java.util.ArrayList getStringArrayList(java.lang.String key)>, <android.net.Uri: android.net.Uri parse(java.lang.String)>, <android.media.AudioRecord: int read(byte[],int,int)>, <android.content.pm.PackageManager: java.util.List queryContentProviders(java.lang.String,int,int)>, <android.os.Bundle: byte[] getByteArray(java.lang.String)>, <android.content.pm.PackageManager: java.util.List queryIntentActivities(android.content.Intent,int)>, <android.os.Bundle: java.util.ArrayList getParcelableArrayList(java.lang.String)>, <android.content.ContentResolver: android.database.Cursor query(android.net.Uri,java.lang.String[],java.lang.String,java.lang.String[],java.lang.String,android.os.CancellationSignal)>, <android.os.Handler: android.os.Message obtainMessage(int,int,int,java.lang.Object)>, <android.os.Bundle: int getInt(java.lang.String)>, <android.os.Bundle: float[] getFloatArray(java.lang.String)>, <android.os.Bundle: java.util.ArrayList getCharSequenceArrayList(java.lang.String)>, <android.os.Bundle: boolean getBoolean(java.lang.String,boolean)>, <android.os.Bundle: java.lang.String getString(java.lang.String)>, <java.util.Calendar: java.util.TimeZone getTimeZone()>, <android.os.Bundle: java.util.ArrayList getIntegerArrayList(java.lang.String)>, <android.location.Location: double getLongitude()>, <android.os.Bundle: char getChar(java.lang.String)>, <android.os.Bundle: int[] getIntArray(java.lang.String)>, <android.os.Bundle: float getFloat(java.lang.String,float)>, <org.apache.http.util.EntityUtils: java.lang.String toString(org.apache.http.HttpEntity)>, <org.apache.http.HttpResponse: org.apache.http.HttpEntity getEntity()>, <android.location.LocationManager: android.location.Location getLastKnownLocation(java.lang.String)>, <org.apache.http.util.EntityUtils: byte[] toByteArray(org.apache.http.HttpEntity)>, <android.content.pm.PackageManager: java.util.List queryIntentServices(android.content.Intent,int)>, <org.apache.http.util.EntityUtils: java.lang.String toString(org.apache.http.HttpEntity,java.lang.String)>, <java.net.URLConnection: java.io.InputStream getInputStream()>, <android.os.Bundle: double[] getDoubleArray(java.lang.String)>, <android.os.Bundle: char[] getCharArray(java.lang.String)>, <com.example.testflowdroid.SourceAndSink: java.lang.String source(com.example.testflowdroid.MyObject)>, <android.media.AudioRecord: int read(java.nio.ByteBuffer,int)>, <android.telephony.TelephonyManager: java.lang.String getSimSerialNumber()>, <android.os.Bundle: char getChar(java.lang.String,char)>, <android.telephony.TelephonyManager: java.lang.String getSubscriberId()>, <android.os.Bundle: java.io.Serializable getSerializable(java.lang.String)>, <android.app.PendingIntent: android.app.PendingIntent getService(android.content.Context,int,android.content.Intent,int)>, <android.os.Handler: android.os.Message obtainMessage(int,int,int)>, <android.os.Bundle: long getLong(java.lang.String)>, <android.os.Handler: android.os.Message obtainMessage(int)>, <android.os.Bundle: java.lang.Object get(java.lang.String)>, <android.location.Location: double getLatitude()>, <android.os.Bundle: boolean[] getBooleanArray(java.lang.String)>, <android.app.PendingIntent: android.app.PendingIntent getActivity(android.content.Context,int,android.content.Intent,int,android.os.Bundle)>, <android.telephony.TelephonyManager: java.lang.String getDeviceId()>, <android.content.pm.PackageManager: java.util.List getInstalledPackages(int)>, <java.net.URLConnection: java.io.OutputStream getOutputStream()>, <android.database.sqlite.SQLiteDatabase: android.database.Cursor query(android.net.Uri,java.lang.String[],java.lang.String,java.lang.String[],java.lang.String,android.os.CancellationSignal)>, <android.os.Bundle: int getInt(java.lang.String,int)>, <android.content.pm.PackageManager: java.util.List queryBroadcastReceivers(android.content.Intent,int)>, <android.os.Bundle: android.os.Bundle getBundle(java.lang.String)>, <android.os.Handler: android.os.Message obtainMessage()>, <android.telephony.TelephonyManager: java.lang.String getLine1Number()>, <android.os.Bundle: boolean getBoolean(java.lang.String)>, <android.os.Bundle: java.lang.Byte getByte(java.lang.String,byte)>, <android.os.Bundle: android.os.Parcelable[] getParcelableArray(java.lang.String)>, <android.app.PendingIntent: android.app.PendingIntent getBroadcast(android.content.Context,int,android.content.Intent,int)>, <android.os.Bundle: float getFloat(java.lang.String)>, <android.os.Bundle: java.lang.CharSequence getCharSequence(java.lang.String)>, <android.content.pm.PackageManager: java.util.List getInstalledApplications(int)>, <android.database.sqlite.SQLiteDatabase: android.database.Cursor query(android.net.Uri,java.lang.String[],java.lang.String,java.lang.String[],java.lang.String)>, <android.os.Bundle: short getShort(java.lang.String)>, <android.os.Bundle: short getShort(java.lang.String,short)>, <android.os.Bundle: double getDouble(java.lang.String)>, <java.net.URL: java.net.URLConnection openConnection()>, <android.os.Bundle: long getLong(java.lang.String,long)>, <android.os.Bundle: android.util.SparseArray getSparseParcelableArray(java.lang.String)>, <android.content.SharedPreferences: android.content.SharedPreferences getDefaultSharedPreferences(android.content.Context)>, <android.os.Bundle: android.os.Parcelable getParcelable(java.lang.String)>, <android.app.PendingIntent: android.app.PendingIntent getActivity(android.content.Context,int,android.content.Intent,int)>]
class fu.hao.trust.dvm.DalvikVM - [DEBUG]: apk java.util.zip.ZipFile@958ef1f C:/Users/hao/workspace/DroidBenchProj/Callbacks_Button3/app/Callbacks_Button3.apk
class fu.hao.trust.dvm.DalvikVM - [DEBUG]: class de.ecspride.Button1Listener
class fu.hao.trust.dvm.DalvikVM - [MSG]: RUN Method de.ecspride.Button1Listener/onClick[android.view.View]
class fu.hao.trust.dvm.DalvikVM - [DEBUG]: New method call: de.ecspride.Button1Listener/onClick[android.view.View]
class fu.hao.trust.dvm.DalvikVM - [DEBUG]: [0]<SPECIAL,ARGUMENT_SET,extra=[4, 5]>
class fu.hao.trust.dvm.DalvikVM - [DEBUG]: [1]<INSTANCE,IGET,r0=r4,r1=r2,type=java.lang.Object,extra=de.ecspride.Button1Listener.act>
class fu.hao.trust.dvm.DalvikVM - [DEBUG]: [2]<MOV,CONST,dst=r3,type=java.lang.String,extra="phone">
class fu.hao.trust.dvm.DalvikVM - [DEBUG]: [3]<INVOKE,VIRTUAL,extra=[android.app.Activity/getSystemService[java.lang.String], [2, 3]]>
class fu.hao.trust.dvm.DalvikVM - [DEBUG]: [4]<MOV,RESULT,dst=r1,type=java.lang.Object>
class fu.hao.trust.dvm.DalvikVM - [DEBUG]: [5]<ARITHMETIC,CHECK-AND-CAST,dst=r1,type=android.telephony.TelephonyManager>
class fu.hao.trust.dvm.DalvikVM - [DEBUG]: [6]<INSTANCE,IGET,r0=r4,r1=r2,type=java.lang.Object,extra=de.ecspride.Button1Listener.act>
class fu.hao.trust.dvm.DalvikVM - [DEBUG]: [7]<INVOKE,VIRTUAL,extra=[android.telephony.TelephonyManager/getDeviceId[], [1]]>
class fu.hao.trust.dvm.DalvikVM - [DEBUG]: [8]<MOV,RESULT,dst=r3,type=java.lang.Object>
class fu.hao.trust.dvm.DalvikVM - [DEBUG]: [9]<INSTANCE,IPUT,r0=r2,r1=r3,type=java.lang.Object,extra=de.ecspride.MainActivity.imei>
class fu.hao.trust.dvm.DalvikVM - [DEBUG]: [10]<INSTANCE,IGET,r0=r4,r1=r2,type=java.lang.Object,extra=de.ecspride.Button1Listener.act>
class fu.hao.trust.dvm.DalvikVM - [DEBUG]: [11]<MOV,CONST,dst=r3,type=void,extra=class patdroid.core.PrimitiveInfo?2131230722>
class fu.hao.trust.dvm.DalvikVM - [DEBUG]: [12]<HALT,VIRTUAL,extra=[null, [2, 3]]>
class fu.hao.trust.dvm.DalvikVM - [DEBUG]: [13]<MOV,RESULT,dst=r0,type=java.lang.Object>
class fu.hao.trust.dvm.DalvikVM - [DEBUG]: [14]<ARITHMETIC,CHECK-AND-CAST,dst=r0,type=android.widget.Button>
class fu.hao.trust.dvm.DalvikVM - [DEBUG]: [15]<NEW,INSTANCE,dst=r2,type=de.ecspride.Button2Listener>
class fu.hao.trust.dvm.DalvikVM - [DEBUG]: [16]<INSTANCE,IGET,r0=r4,r1=r3,type=java.lang.Object,extra=de.ecspride.Button1Listener.act>
class fu.hao.trust.dvm.DalvikVM - [DEBUG]: [17]<INVOKE,DIRECT,extra=[de.ecspride.Button2Listener/<init>[de.ecspride.MainActivity], [2, 3]]>
class fu.hao.trust.dvm.DalvikVM - [DEBUG]: [18]<HALT,VIRTUAL,extra=[null, [0, 2]]>
class fu.hao.trust.dvm.DalvikVM - [DEBUG]: [19]<MOV,CONST,dst=r2,type=java.lang.String,extra="TAG">
class fu.hao.trust.dvm.DalvikVM - [DEBUG]: [20]<MOV,CONST,dst=r3,type=java.lang.String,extra="button1">
class fu.hao.trust.dvm.DalvikVM - [DEBUG]: [21]<HALT,STATIC,extra=[null, [2, 3]]>
class fu.hao.trust.dvm.DalvikVM - [DEBUG]: [22]<RETURN,VOID>
class fu.hao.trust.dvm.Interpreter - [DEBUG]: new chain obj
class fu.hao.trust.dvm.DalvikVM - [DEBUG]: getClass de.ecspride.Button1Listener at fu.hao.trust.dvm.DalvikVM$Heap@2797e57c
class fu.hao.trust.dvm.DalvikVM - [DEBUG]: new class representation for de.ecspride.Button1Listener at fu.hao.trust.dvm.DalvikVM$Heap@2797e57c
class fu.hao.trust.dvm.DalvikVM - [DEBUG]: getClass java.lang.Object at fu.hao.trust.dvm.DalvikVM$Heap@2797e57c
class fu.hao.trust.dvm.DalvikVM - [DEBUG]: new class representation for java.lang.Object at fu.hao.trust.dvm.DalvikVM$Heap@2797e57c
class fu.hao.trust.dvm.DalvikVM - [DEBUG]: getClass java.lang.Object at fu.hao.trust.dvm.DalvikVM$Heap@2797e57c
class fu.hao.trust.dvm.DalvikVM - [DEBUG]: getClass de.ecspride.Button1Listener at fu.hao.trust.dvm.DalvikVM$Heap@2797e57c
class fu.hao.trust.dvm.DVMObject - [DEBUG]: New instance of de.ecspride.Button1Listener
class fu.hao.trust.dvm.DalvikVM - [DEBUG]: getClass de.ecspride.Button1Listener at fu.hao.trust.dvm.DalvikVM$Heap@2797e57c
class fu.hao.trust.dvm.DalvikVM - [DEBUG]: getClass de.ecspride.Button1Listener at fu.hao.trust.dvm.DalvikVM$Heap@2797e57c
class fu.hao.trust.dvm.Interpreter - [MSG]: RUN BEGIN de.ecspride.Button1Listener/onClick[android.view.View]
class fu.hao.trust.dvm.Interpreter - [MSG]: RUN BEGIN
class fu.hao.trust.dvm.Interpreter - [DEBUG]: opcode: 3 7
class fu.hao.trust.dvm.Interpreter - [DEBUG]: 0 <SPECIAL,ARGUMENT_SET,extra=[4, 5]> at de.ecspride.Button1Listener/onClick[android.view.View]
class fu.hao.trust.dvm.Interpreter - [DEBUG]: args: fu.hao.trust.dvm.DVMObject@8824ae2
class fu.hao.trust.dvm.DalvikVM - [DEBUG]: getClass android.view.View at fu.hao.trust.dvm.DalvikVM$Heap@2797e57c
class fu.hao.trust.dvm.DalvikVM - [DEBUG]: new class representation for android.view.View at fu.hao.trust.dvm.DalvikVM$Heap@2797e57c
class fu.hao.trust.dvm.DalvikVM - [DEBUG]: getClass android.view.View at fu.hao.trust.dvm.DalvikVM$Heap@2797e57c
class fu.hao.trust.dvm.DVMObject - [DEBUG]: New instance of android.view.View
class fu.hao.trust.dvm.DalvikVM - [DEBUG]: getClass android.view.View at fu.hao.trust.dvm.DalvikVM$Heap@2797e57c
class fu.hao.trust.dvm.DalvikVM - [DEBUG]: getClass android.view.View at fu.hao.trust.dvm.DalvikVM$Heap@2797e57c
class fu.hao.trust.dvm.Interpreter - [DEBUG]: args: fu.hao.trust.dvm.DVMObject@41aa39de
class fu.hao.trust.dvm.Interpreter - [DEBUG]: tainted set: []
class fu.hao.trust.dvm.Interpreter - [DEBUG]: opcode: 9 54
class fu.hao.trust.dvm.Interpreter - [DEBUG]: 1 <INSTANCE,IGET,r0=r4,r1=r2,type=java.lang.Object,extra=de.ecspride.Button1Listener.act> at de.ecspride.Button1Listener/onClick[android.view.View]
class fu.hao.trust.dvm.Interpreter - [DEBUG]: obj fu.hao.trust.dvm.DVMObject@8824ae2
class fu.hao.trust.dvm.DVMObject - [DEBUG]: put field Unknown var, type: de.ecspride.MainActivity
class fu.hao.trust.dvm.Interpreter - [DEBUG]: Get data: Unknown var, type: de.ecspride.MainActivity
class fu.hao.trust.dvm.Interpreter - [DEBUG]: tainted set: []
class fu.hao.trust.dvm.Interpreter - [DEBUG]: opcode: 1 2
class fu.hao.trust.dvm.Interpreter - [DEBUG]: 2 <MOV,CONST,dst=r3,type=java.lang.String,extra="phone"> at de.ecspride.Button1Listener/onClick[android.view.View]
class fu.hao.trust.dvm.Interpreter - [DEBUG]: Mov const begin <MOV,CONST,dst=r3,type=java.lang.String,extra="phone">
class fu.hao.trust.dvm.Interpreter - [DEBUG]: data: phone class java.lang.String
class fu.hao.trust.dvm.Interpreter - [DEBUG]: tainted set: []
class fu.hao.trust.dvm.Interpreter - [DEBUG]: opcode: 12 13
class fu.hao.trust.dvm.Interpreter - [DEBUG]: 3 <INVOKE,VIRTUAL,extra=[android.app.Activity/getSystemService[java.lang.String], [2, 3]]> at de.ecspride.Button1Listener/onClick[android.view.View]
class fu.hao.trust.dvm.Interpreter - [DEBUG]: Unknown var, type: de.ecspride.MainActivity
class fu.hao.trust.dvm.Interpreter - [DEBUG]: reflction class: class android.app.Activity
class fu.hao.trust.dvm.Interpreter - [DEBUG]: caller obj: Unknown var, type: de.ecspride.MainActivity, from class: class fu.hao.trust.solver.Unknown
class fu.hao.trust.dvm.Interpreter - [DEBUG]: tainted set: []
class fu.hao.trust.dvm.Interpreter - [DEBUG]: opcode: 1 21
class fu.hao.trust.dvm.Interpreter - [DEBUG]: 4 <MOV,RESULT,dst=r1,type=java.lang.Object> at de.ecspride.Button1Listener/onClick[android.view.View]
class fu.hao.trust.dvm.Interpreter - [DEBUG]: data null null reg 1
class fu.hao.trust.dvm.Interpreter - [DEBUG]: tainted set: []
class fu.hao.trust.dvm.Interpreter - [DEBUG]: opcode: 13 18
class fu.hao.trust.dvm.Interpreter - [DEBUG]: 5 <ARITHMETIC,CHECK-AND-CAST,dst=r1,type=android.telephony.TelephonyManager> at de.ecspride.Button1Listener/onClick[android.view.View]
class fu.hao.trust.analysis.Taint - [DEBUG]: not a taint op <ARITHMETIC,CHECK-AND-CAST,dst=r1,type=android.telephony.TelephonyManager>
class fu.hao.trust.dvm.Interpreter - [DEBUG]: tainted set: []
class fu.hao.trust.dvm.Interpreter - [DEBUG]: opcode: 9 54
class fu.hao.trust.dvm.Interpreter - [DEBUG]: 6 <INSTANCE,IGET,r0=r4,r1=r2,type=java.lang.Object,extra=de.ecspride.Button1Listener.act> at de.ecspride.Button1Listener/onClick[android.view.View]
class fu.hao.trust.dvm.Interpreter - [DEBUG]: obj fu.hao.trust.dvm.DVMObject@8824ae2
class fu.hao.trust.dvm.Interpreter - [DEBUG]: Get data: Unknown var, type: de.ecspride.MainActivity
class fu.hao.trust.dvm.Interpreter - [DEBUG]: tainted set: []
class fu.hao.trust.dvm.Interpreter - [DEBUG]: opcode: 12 13
class fu.hao.trust.dvm.Interpreter - [DEBUG]: 7 <INVOKE,VIRTUAL,extra=[android.telephony.TelephonyManager/getDeviceId[], [1]]> at de.ecspride.Button1Listener/onClick[android.view.View]
class fu.hao.trust.dvm.Interpreter - [DEBUG]: null
class fu.hao.trust.dvm.Interpreter - [DEBUG]: reflction class: class android.telephony.TelephonyManager
class fu.hao.trust.dvm.Interpreter - [DEBUG]: return data: 359874043116909 ,class java.lang.String
class fu.hao.trust.dvm.Interpreter - [MSG]: reflction invocation public java.lang.String android.telephony.TelephonyManager.getDeviceId()
class fu.hao.trust.analysis.Taint - [DEBUG]: <android.telephony.TelephonyManager: java.lang.String getDeviceId()>
class fu.hao.trust.dvm.Interpreter - [DEBUG]: tainted set: [reg -1, 359874043116909]
class fu.hao.trust.dvm.Interpreter - [DEBUG]: opcode: 1 21
class fu.hao.trust.dvm.Interpreter - [DEBUG]: 8 <MOV,RESULT,dst=r3,type=java.lang.Object> at de.ecspride.Button1Listener/onClick[android.view.View]
class fu.hao.trust.dvm.Interpreter - [DEBUG]: data 359874043116909 java.lang.String reg 3
class fu.hao.trust.dvm.Interpreter - [DEBUG]: tainted set: [reg 3, reg -1, 359874043116909]
class fu.hao.trust.dvm.Interpreter - [DEBUG]: opcode: 9 55
class fu.hao.trust.dvm.Interpreter - [DEBUG]: 9 <INSTANCE,IPUT,r0=r2,r1=r3,type=java.lang.Object,extra=de.ecspride.MainActivity.imei> at de.ecspride.Button1Listener/onClick[android.view.View]
class fu.hao.trust.dvm.Interpreter - [DEBUG]: field de.ecspride.MainActivity.imei
class fu.hao.trust.analysis.Taint - [DEBUG]: add 359874043116909
class fu.hao.trust.dvm.Interpreter - [DEBUG]: tainted set: [reg -1, reg 3, 359874043116909]
class fu.hao.trust.dvm.Interpreter - [DEBUG]: opcode: 9 54
class fu.hao.trust.dvm.Interpreter - [DEBUG]: 10 <INSTANCE,IGET,r0=r4,r1=r2,type=java.lang.Object,extra=de.ecspride.Button1Listener.act> at de.ecspride.Button1Listener/onClick[android.view.View]
class fu.hao.trust.dvm.Interpreter - [DEBUG]: obj fu.hao.trust.dvm.DVMObject@8824ae2
class fu.hao.trust.dvm.Interpreter - [DEBUG]: Get data: Unknown var, type: de.ecspride.MainActivity
class fu.hao.trust.dvm.Interpreter - [DEBUG]: tainted set: [reg 3, reg -1, 359874043116909]
class fu.hao.trust.dvm.Interpreter - [DEBUG]: opcode: 1 2
class fu.hao.trust.dvm.Interpreter - [DEBUG]: 11 <MOV,CONST,dst=r3,type=void,extra=class patdroid.core.PrimitiveInfo?2131230722> at de.ecspride.Button1Listener/onClick[android.view.View]
class fu.hao.trust.dvm.Interpreter - [DEBUG]: Mov const begin <MOV,CONST,dst=r3,type=void,extra=class patdroid.core.PrimitiveInfo?2131230722>
class fu.hao.trust.dvm.Interpreter - [DEBUG]: data: 2131230722 class patdroid.core.PrimitiveInfo
class fu.hao.trust.dvm.Interpreter - [DEBUG]: tainted set: [reg -1, 359874043116909]
class fu.hao.trust.dvm.Interpreter - [DEBUG]: opcode: 15 13
class fu.hao.trust.dvm.Interpreter - [DEBUG]: 12 <HALT,VIRTUAL,extra=[null, [2, 3]]> at de.ecspride.Button1Listener/onClick[android.view.View]
class fu.hao.trust.dvm.Interpreter - [DEBUG]: cannot resolve the invocation
class fu.hao.trust.analysis.Taint - [DEBUG]: not a taint op <HALT,VIRTUAL,extra=[null, [2, 3]]>
class fu.hao.trust.dvm.Interpreter - [DEBUG]: tainted set: [reg -1, 359874043116909]
class fu.hao.trust.dvm.Interpreter - [DEBUG]: opcode: 1 21
class fu.hao.trust.dvm.Interpreter - [DEBUG]: 13 <MOV,RESULT,dst=r0,type=java.lang.Object> at de.ecspride.Button1Listener/onClick[android.view.View]
class fu.hao.trust.dvm.Interpreter - [DEBUG]: data 359874043116909 java.lang.String reg 0
class fu.hao.trust.dvm.Interpreter - [DEBUG]: tainted set: [reg -1, 359874043116909, reg 0]
class fu.hao.trust.dvm.Interpreter - [DEBUG]: opcode: 13 18
class fu.hao.trust.dvm.Interpreter - [DEBUG]: 14 <ARITHMETIC,CHECK-AND-CAST,dst=r0,type=android.widget.Button> at de.ecspride.Button1Listener/onClick[android.view.View]
class fu.hao.trust.analysis.Taint - [DEBUG]: not a taint op <ARITHMETIC,CHECK-AND-CAST,dst=r0,type=android.widget.Button>
class fu.hao.trust.dvm.Interpreter - [DEBUG]: tainted set: [reg -1, 359874043116909, reg 0]
class fu.hao.trust.dvm.Interpreter - [DEBUG]: opcode: 4 8
class fu.hao.trust.dvm.Interpreter - [DEBUG]: 15 <NEW,INSTANCE,dst=r2,type=de.ecspride.Button2Listener> at de.ecspride.Button1Listener/onClick[android.view.View]
class fu.hao.trust.dvm.Interpreter - [DEBUG]: reg 2
class fu.hao.trust.dvm.DalvikVM - [DEBUG]: getClass de.ecspride.Button2Listener at fu.hao.trust.dvm.DalvikVM$Heap@2797e57c
class fu.hao.trust.dvm.DalvikVM - [DEBUG]: new class representation for de.ecspride.Button2Listener at fu.hao.trust.dvm.DalvikVM$Heap@2797e57c
class fu.hao.trust.dvm.DalvikVM - [DEBUG]: getClass java.lang.Object at fu.hao.trust.dvm.DalvikVM$Heap@2797e57c
class fu.hao.trust.dvm.DalvikVM - [DEBUG]: getClass java.lang.Object at fu.hao.trust.dvm.DalvikVM$Heap@2797e57c
class fu.hao.trust.dvm.DalvikVM - [DEBUG]: getClass de.ecspride.Button2Listener at fu.hao.trust.dvm.DalvikVM$Heap@2797e57c
class fu.hao.trust.dvm.DVMObject - [DEBUG]: New instance of de.ecspride.Button2Listener
class fu.hao.trust.dvm.DalvikVM - [DEBUG]: getClass de.ecspride.Button2Listener at fu.hao.trust.dvm.DalvikVM$Heap@2797e57c
class fu.hao.trust.dvm.DalvikVM - [DEBUG]: getClass de.ecspride.Button2Listener at fu.hao.trust.dvm.DalvikVM$Heap@2797e57c
class fu.hao.trust.dvm.Interpreter - [DEBUG]: begin new object of de.ecspride.Button2Listenercreated.
class fu.hao.trust.dvm.Interpreter - [DEBUG]: new object of de.ecspride.Button2Listenercreated.
class fu.hao.trust.dvm.Interpreter - [DEBUG]: tainted set: [reg -1, 359874043116909, reg 0]
class fu.hao.trust.dvm.Interpreter - [DEBUG]: opcode: 9 54
class fu.hao.trust.dvm.Interpreter - [DEBUG]: 16 <INSTANCE,IGET,r0=r4,r1=r3,type=java.lang.Object,extra=de.ecspride.Button1Listener.act> at de.ecspride.Button1Listener/onClick[android.view.View]
class fu.hao.trust.dvm.Interpreter - [DEBUG]: obj fu.hao.trust.dvm.DVMObject@8824ae2
class fu.hao.trust.dvm.Interpreter - [DEBUG]: Get data: Unknown var, type: de.ecspride.MainActivity
class fu.hao.trust.dvm.Interpreter - [DEBUG]: tainted set: [reg -1, 359874043116909, reg 0]
class fu.hao.trust.dvm.Interpreter - [DEBUG]: opcode: 12 11
class fu.hao.trust.dvm.Interpreter - [DEBUG]: 17 <INVOKE,DIRECT,extra=[de.ecspride.Button2Listener/<init>[de.ecspride.MainActivity], [2, 3]]> at de.ecspride.Button1Listener/onClick[android.view.View]
class fu.hao.trust.dvm.Interpreter - [DEBUG]: fu.hao.trust.dvm.DVMObject@1fc2ab6c
class fu.hao.trust.dvm.Interpreter - [DEBUG]: not a reflction invocation de.ecspride.Button2Listener/<init>[de.ecspride.MainActivity]
class fu.hao.trust.dvm.DalvikVM - [DEBUG]: New method call: de.ecspride.Button2Listener/<init>[de.ecspride.MainActivity]
class fu.hao.trust.dvm.DalvikVM - [DEBUG]: [0]<SPECIAL,ARGUMENT_SET,extra=[0, 1]>
class fu.hao.trust.dvm.DalvikVM - [DEBUG]: [1]<INVOKE,DIRECT,extra=[java.lang.Object/<init>[], [0]]>
class fu.hao.trust.dvm.DalvikVM - [DEBUG]: [2]<INSTANCE,IPUT,r0=r0,r1=r1,type=java.lang.Object,extra=de.ecspride.Button2Listener.act>
class fu.hao.trust.dvm.DalvikVM - [DEBUG]: [3]<RETURN,VOID>
class fu.hao.trust.dvm.Interpreter - [DEBUG]: tainted set: [reg -1, 359874043116909, reg 0]
class fu.hao.trust.dvm.Interpreter - [DEBUG]: opcode: 3 7
class fu.hao.trust.dvm.Interpreter - [DEBUG]: 0 <SPECIAL,ARGUMENT_SET,extra=[0, 1]> at de.ecspride.Button2Listener/<init>[de.ecspride.MainActivity]
class fu.hao.trust.dvm.Interpreter - [DEBUG]: params: fu.hao.trust.dvm.DVMObject@1fc2ab6c
class fu.hao.trust.dvm.Interpreter - [DEBUG]: params: Unknown var, type: de.ecspride.MainActivity
class fu.hao.trust.dvm.Interpreter - [DEBUG]: tainted set: [359874043116909]
class fu.hao.trust.dvm.Interpreter - [DEBUG]: opcode: 12 11
class fu.hao.trust.dvm.Interpreter - [DEBUG]: 1 <INVOKE,DIRECT,extra=[java.lang.Object/<init>[], [0]]> at de.ecspride.Button2Listener/<init>[de.ecspride.MainActivity]
class fu.hao.trust.dvm.Interpreter - [DEBUG]: fu.hao.trust.dvm.DVMObject@1fc2ab6c
class fu.hao.trust.dvm.Interpreter - [DEBUG]: tainted set: [359874043116909]
class fu.hao.trust.dvm.Interpreter - [DEBUG]: opcode: 9 55
class fu.hao.trust.dvm.Interpreter - [DEBUG]: 2 <INSTANCE,IPUT,r0=r0,r1=r1,type=java.lang.Object,extra=de.ecspride.Button2Listener.act> at de.ecspride.Button2Listener/<init>[de.ecspride.MainActivity]
class fu.hao.trust.dvm.Interpreter - [DEBUG]: field de.ecspride.Button2Listener.act
class fu.hao.trust.dvm.DVMObject - [DEBUG]: put field Unknown var, type: de.ecspride.MainActivity
class fu.hao.trust.dvm.Interpreter - [DEBUG]: put field Unknown var, type: de.ecspride.MainActivity at fu.hao.trust.dvm.DVMObject@1fc2ab6c
class fu.hao.trust.dvm.Interpreter - [DEBUG]: tainted set: [359874043116909]
class fu.hao.trust.dvm.Interpreter - [DEBUG]: opcode: 2 3
class fu.hao.trust.dvm.Interpreter - [DEBUG]: 3 <RETURN,VOID> at de.ecspride.Button2Listener/<init>[de.ecspride.MainActivity]
class fu.hao.trust.dvm.Interpreter$OP_RETURN_VOID - [DEBUG]: return void
class fu.hao.trust.dvm.DalvikVM - [DEBUG]: pc 17 17
class fu.hao.trust.analysis.Taint - [DEBUG]: not a taint op <RETURN,VOID>
class fu.hao.trust.dvm.Interpreter - [DEBUG]: tainted set: [359874043116909]
class fu.hao.trust.dvm.Interpreter - [DEBUG]: opcode: 15 13
class fu.hao.trust.dvm.Interpreter - [DEBUG]: 18 <HALT,VIRTUAL,extra=[null, [0, 2]]> at de.ecspride.Button1Listener/onClick[android.view.View]
class fu.hao.trust.dvm.Interpreter - [DEBUG]: cannot resolve the invocation
class fu.hao.trust.analysis.Taint - [DEBUG]: not a taint op <HALT,VIRTUAL,extra=[null, [0, 2]]>
class fu.hao.trust.dvm.Interpreter - [DEBUG]: tainted set: [359874043116909]
class fu.hao.trust.dvm.Interpreter - [DEBUG]: opcode: 1 2
class fu.hao.trust.dvm.Interpreter - [DEBUG]: 19 <MOV,CONST,dst=r2,type=java.lang.String,extra="TAG"> at de.ecspride.Button1Listener/onClick[android.view.View]
class fu.hao.trust.dvm.Interpreter - [DEBUG]: Mov const begin <MOV,CONST,dst=r2,type=java.lang.String,extra="TAG">
class fu.hao.trust.dvm.Interpreter - [DEBUG]: data: TAG class java.lang.String
class fu.hao.trust.dvm.Interpreter - [DEBUG]: tainted set: [359874043116909]
class fu.hao.trust.dvm.Interpreter - [DEBUG]: opcode: 1 2
class fu.hao.trust.dvm.Interpreter - [DEBUG]: 20 <MOV,CONST,dst=r3,type=java.lang.String,extra="button1"> at de.ecspride.Button1Listener/onClick[android.view.View]
class fu.hao.trust.dvm.Interpreter - [DEBUG]: Mov const begin <MOV,CONST,dst=r3,type=java.lang.String,extra="button1">
class fu.hao.trust.dvm.Interpreter - [DEBUG]: data: button1 class java.lang.String
class fu.hao.trust.dvm.Interpreter - [DEBUG]: tainted set: [359874043116909]
class fu.hao.trust.dvm.Interpreter - [DEBUG]: opcode: 15 14
class fu.hao.trust.dvm.Interpreter - [DEBUG]: 21 <HALT,STATIC,extra=[null, [2, 3]]> at de.ecspride.Button1Listener/onClick[android.view.View]
class fu.hao.trust.dvm.Interpreter - [DEBUG]: cannot resolve the invocation
class fu.hao.trust.analysis.Taint - [DEBUG]: not a taint op <HALT,STATIC,extra=[null, [2, 3]]>
class fu.hao.trust.dvm.Interpreter - [DEBUG]: tainted set: [359874043116909]
class fu.hao.trust.dvm.Interpreter - [DEBUG]: opcode: 2 3
class fu.hao.trust.dvm.Interpreter - [DEBUG]: 22 <RETURN,VOID> at de.ecspride.Button1Listener/onClick[android.view.View]
class fu.hao.trust.dvm.Interpreter$OP_RETURN_VOID - [DEBUG]: return void
class fu.hao.trust.analysis.Taint - [DEBUG]: not a taint op <RETURN,VOID>
class fu.hao.trust.dvm.Interpreter - [DEBUG]: tainted set: [359874043116909]
class fu.hao.trust.dvm.Interpreter - [MSG]: RUN DONE! The last one is onClick
class fu.hao.trust.dvm.DalvikVM - [DEBUG]: class de.ecspride.Button2Listener
class fu.hao.trust.dvm.DalvikVM - [MSG]: RUN Method de.ecspride.Button2Listener/onClick[android.view.View]
class fu.hao.trust.dvm.DalvikVM - [DEBUG]: New method call: de.ecspride.Button2Listener/onClick[android.view.View]
class fu.hao.trust.dvm.DalvikVM - [DEBUG]: [0]<SPECIAL,ARGUMENT_SET,extra=[6, 7]>
class fu.hao.trust.dvm.DalvikVM - [DEBUG]: [1]<MOV,CONST,dst=r2,type=void,extra=class patdroid.core.PrimitiveInfo?0>
class fu.hao.trust.dvm.DalvikVM - [DEBUG]: [2]<MOV,CONST,dst=r1,type=java.lang.String,extra="TAG">
class fu.hao.trust.dvm.DalvikVM - [DEBUG]: [3]<NEW,INSTANCE,dst=r3,type=java.lang.StringBuilder>
class fu.hao.trust.dvm.DalvikVM - [DEBUG]: [4]<INVOKE,DIRECT,extra=[java.lang.StringBuilder/<init>[], [3]]>
class fu.hao.trust.dvm.DalvikVM - [DEBUG]: [5]<MOV,CONST,dst=r4,type=java.lang.String,extra="Button2 - IMEI: ">
class fu.hao.trust.dvm.DalvikVM - [DEBUG]: [6]<INVOKE,VIRTUAL,extra=[java.lang.StringBuilder/append[java.lang.String], [3, 4]]>
class fu.hao.trust.dvm.DalvikVM - [DEBUG]: [7]<MOV,RESULT,dst=r3,type=java.lang.Object>
class fu.hao.trust.dvm.DalvikVM - [DEBUG]: [8]<INSTANCE,IGET,r0=r6,r1=r4,type=java.lang.Object,extra=de.ecspride.Button2Listener.act>
class fu.hao.trust.dvm.DalvikVM - [DEBUG]: [9]<INSTANCE,IGET,r0=r4,r1=r4,type=java.lang.Object,extra=de.ecspride.MainActivity.imei>
class fu.hao.trust.dvm.DalvikVM - [DEBUG]: [10]<INVOKE,VIRTUAL,extra=[java.lang.StringBuilder/append[java.lang.String], [3, 4]]>
class fu.hao.trust.dvm.DalvikVM - [DEBUG]: [11]<MOV,RESULT,dst=r3,type=java.lang.Object>
class fu.hao.trust.dvm.DalvikVM - [DEBUG]: [12]<INVOKE,VIRTUAL,extra=[java.lang.StringBuilder/toString[], [3]]>
class fu.hao.trust.dvm.DalvikVM - [DEBUG]: [13]<MOV,RESULT,dst=r3,type=java.lang.Object>
class fu.hao.trust.dvm.DalvikVM - [DEBUG]: [14]<HALT,STATIC,extra=[null, [1, 3]]>
class fu.hao.trust.dvm.DalvikVM - [DEBUG]: [15]<INVOKE,STATIC,extra=[android.telephony.SmsManager/getDefault[], []]>
class fu.hao.trust.dvm.DalvikVM - [DEBUG]: [16]<MOV,RESULT,dst=r0,type=java.lang.Object>
class fu.hao.trust.dvm.DalvikVM - [DEBUG]: [17]<MOV,CONST,dst=r1,type=java.lang.String,extra="+49">
class fu.hao.trust.dvm.DalvikVM - [DEBUG]: [18]<INSTANCE,IGET,r0=r6,r1=r3,type=java.lang.Object,extra=de.ecspride.Button2Listener.act>
class fu.hao.trust.dvm.DalvikVM - [DEBUG]: [19]<INSTANCE,IGET,r0=r3,r1=r3,type=java.lang.Object,extra=de.ecspride.MainActivity.imei>
class fu.hao.trust.dvm.DalvikVM - [DEBUG]: [20]<MOV,REG,dst=r4,r0=r2,type=java.lang.Object>
class fu.hao.trust.dvm.DalvikVM - [DEBUG]: [21]<MOV,REG,dst=r5,r0=r2,type=java.lang.Object>
class fu.hao.trust.dvm.DalvikVM - [DEBUG]: [22]<INVOKE,VIRTUAL,extra=[android.telephony.SmsManager/sendTextMessage[java.lang.String, java.lang.String, java.lang.String, android.app.PendingIntent, android.app.PendingIntent], [0, 1, 2, 3, 4, 5]]>
class fu.hao.trust.dvm.DalvikVM - [DEBUG]: [23]<RETURN,VOID>
class fu.hao.trust.dvm.Interpreter - [MSG]: RUN BEGIN de.ecspride.Button2Listener/onClick[android.view.View]
class fu.hao.trust.dvm.Interpreter - [MSG]: RUN BEGIN
class fu.hao.trust.dvm.Interpreter - [DEBUG]: opcode: 3 7
class fu.hao.trust.dvm.Interpreter - [DEBUG]: 0 <SPECIAL,ARGUMENT_SET,extra=[6, 7]> at de.ecspride.Button2Listener/onClick[android.view.View]
class fu.hao.trust.dvm.Interpreter - [DEBUG]: params: TAG
class fu.hao.trust.dvm.Interpreter - [DEBUG]: params: button1
class fu.hao.trust.dvm.Interpreter - [DEBUG]: tainted set: [359874043116909]
class fu.hao.trust.dvm.Interpreter - [DEBUG]: opcode: 1 2
class fu.hao.trust.dvm.Interpreter - [DEBUG]: 1 <MOV,CONST,dst=r2,type=void,extra=class patdroid.core.PrimitiveInfo?0> at de.ecspride.Button2Listener/onClick[android.view.View]
class fu.hao.trust.dvm.Interpreter - [DEBUG]: Mov const begin <MOV,CONST,dst=r2,type=void,extra=class patdroid.core.PrimitiveInfo?0>
class fu.hao.trust.dvm.Interpreter - [DEBUG]: data: 0 class patdroid.core.PrimitiveInfo
class fu.hao.trust.dvm.Interpreter - [DEBUG]: tainted set: [359874043116909]
class fu.hao.trust.dvm.Interpreter - [DEBUG]: opcode: 1 2
class fu.hao.trust.dvm.Interpreter - [DEBUG]: 2 <MOV,CONST,dst=r1,type=java.lang.String,extra="TAG"> at de.ecspride.Button2Listener/onClick[android.view.View]
class fu.hao.trust.dvm.Interpreter - [DEBUG]: Mov const begin <MOV,CONST,dst=r1,type=java.lang.String,extra="TAG">
class fu.hao.trust.dvm.Interpreter - [DEBUG]: data: TAG class java.lang.String
class fu.hao.trust.dvm.Interpreter - [DEBUG]: tainted set: [359874043116909]
class fu.hao.trust.dvm.Interpreter - [DEBUG]: opcode: 4 8
class fu.hao.trust.dvm.Interpreter - [DEBUG]: 3 <NEW,INSTANCE,dst=r3,type=java.lang.StringBuilder> at de.ecspride.Button2Listener/onClick[android.view.View]
class fu.hao.trust.dvm.Interpreter - [DEBUG]: reg 3
class fu.hao.trust.dvm.Interpreter - [DEBUG]: tainted set: [359874043116909]
class fu.hao.trust.dvm.Interpreter - [DEBUG]: opcode: 12 11
class fu.hao.trust.dvm.Interpreter - [DEBUG]: 4 <INVOKE,DIRECT,extra=[java.lang.StringBuilder/<init>[], [3]]> at de.ecspride.Button2Listener/onClick[android.view.View]
class fu.hao.trust.dvm.Interpreter - [DEBUG]: null
class fu.hao.trust.dvm.Interpreter - [DEBUG]: Init instance: 
class fu.hao.trust.dvm.Interpreter - [DEBUG]: tainted set: [359874043116909]
class fu.hao.trust.dvm.Interpreter - [DEBUG]: opcode: 1 2
class fu.hao.trust.dvm.Interpreter - [DEBUG]: 5 <MOV,CONST,dst=r4,type=java.lang.String,extra="Button2 - IMEI: "> at de.ecspride.Button2Listener/onClick[android.view.View]
class fu.hao.trust.dvm.Interpreter - [DEBUG]: Mov const begin <MOV,CONST,dst=r4,type=java.lang.String,extra="Button2 - IMEI: ">
class fu.hao.trust.dvm.Interpreter - [DEBUG]: data: Button2 - IMEI:  class java.lang.String
class fu.hao.trust.dvm.Interpreter - [DEBUG]: tainted set: [359874043116909]
class fu.hao.trust.dvm.Interpreter - [DEBUG]: opcode: 12 13
class fu.hao.trust.dvm.Interpreter - [DEBUG]: 6 <INVOKE,VIRTUAL,extra=[java.lang.StringBuilder/append[java.lang.String], [3, 4]]> at de.ecspride.Button2Listener/onClick[android.view.View]
class fu.hao.trust.dvm.Interpreter - [DEBUG]: 
class fu.hao.trust.dvm.Interp