main - [DEBUG]: Callbacks_Button1.apk
main - [DEBUG]: C:/Users/hao/workspace/TRUST/sootOutput/Callbacks_Button1.apk_dummy.csv
DalvikVM - [MSG]: apk java.util.zip.ZipFile@590864d2 C:/Users/hao/workspace/DroidBenchProj/Callbacks_Button1/app/Callbacks_Button1.apk
DalvikVM - [BB]: class de.ecspride.Button1
DalvikVM - [WARN]: Run chain de.ecspride.Button1:onCreate at de.ecspride.Button1
DalvikVM - [MSG]: RUN Method de.ecspride.Button1/onCreate[android.os.Bundle]
DalvikVM - [BB]: New method call: de.ecspride.Button1/onCreate[android.os.Bundle]
DalvikVM - [BB]: [0]<0 SPECIAL,ARGUMENT_SET,extra=[2, 3]>
DalvikVM - [BB]: [1]<0 HALT,SUPER,extra=[null, [2, 3]]>
DalvikVM - [BB]: [2]<0 MOV,CONST,dst=r1,type=void,extra=class patdroid.core.PrimitiveInfo?2130903040>
DalvikVM - [BB]: [3]<0 INVOKE,VIRTUAL,extra=[android.app.Activity/setContentView[int], [2, 1]]>
DalvikVM - [BB]: [4]<0 MOV,CONST,dst=r1,type=java.lang.String,extra="phone">
DalvikVM - [BB]: [5]<0 INVOKE,VIRTUAL,extra=[android.app.Activity/getSystemService[java.lang.String], [2, 1]]>
DalvikVM - [BB]: [6]<0 MOV,RESULT,dst=r0,type=java.lang.Object>
DalvikVM - [BB]: [7]<0 ARITHMETIC,CHECK-AND-CAST,dst=r0,type=android.telephony.TelephonyManager>
DalvikVM - [BB]: [8]<0 INVOKE,VIRTUAL,extra=[android.telephony.TelephonyManager/getDeviceId[], [0]]>
DalvikVM - [BB]: [9]<0 MOV,RESULT,dst=r1,type=java.lang.Object>
DalvikVM - [BB]: [10]<0 STATIC,SPUT,r0=r1,type=java.lang.Object,extra=(de.ecspride.Button1, imei)>
DalvikVM - [BB]: [11]<0 RETURN,VOID>
DalvikVM - [BB]: New Stack Frame: StackFrame de.ecspride.Button1/onCreate[android.os.Bundle]
DalvikVM - [BB]: Stack: [StackFrame de.ecspride.Button1/onCreate[android.os.Bundle]]
Interpreter - [MSG]: New chain obj
Caller@4: <init>@fu.hao.trust.dvm.DVMObject - [BB]: getClass de.ecspride.Button1 at fu.hao.trust.dvm.VMHeap@6d667cff
Caller: getClass@fu.hao.trust.dvm.VMHeap - [BB]: new class representation for de.ecspride.Button1 at fu.hao.trust.dvm.VMHeap@6d667cff
DalvikVM - [BB]: New method call: de.ecspride.Button1/<clinit>[]
DalvikVM - [BB]: [0]<0 SPECIAL,ARGUMENT_SET,extra=[]>
DalvikVM - [BB]: [1]<0 MOV,CONST,dst=r0,type=void,extra=class patdroid.core.PrimitiveInfo?0>
DalvikVM - [BB]: [2]<0 STATIC,SPUT,r0=r0,type=java.lang.Object,extra=(de.ecspride.Button1, imei)>
DalvikVM - [BB]: [3]<0 RETURN,VOID>
DalvikVM - [BB]: New Stack Frame: StackFrame de.ecspride.Button1/<clinit>[], pc [I@1924a3cc stored. 
DalvikVM - [BB]: Stack: [StackFrame de.ecspride.Button1/onCreate[android.os.Bundle], StackFrame de.ecspride.Button1/<clinit>[]]
Interpreter - [MSG]: 

Interpreter - [MSG]: <-1 SPECIAL,ARGUMENT_SET,extra=[]> at de.ecspride.Button1/<clinit>[]
Interpreter - [WARN]: NULL CallingCtx!
Interpreter - [BB]: Start param from 0
DalvikVM - [BB]: fu.hao.trust.dvm.Interpreter$OP_SP_ARGUMENTS -> jump set pc to 0
PluginManager - [MSG]: Taint Tainted Res: {}
Interpreter - [MSG]: 

Interpreter - [MSG]: <0 MOV,CONST,dst=r0,type=void,extra=class patdroid.core.PrimitiveInfo?0> at de.ecspride.Button1/<clinit>[]
Interpreter - [DEBUG]: Mov const begin <0 MOV,CONST,dst=r0,type=void,extra=class patdroid.core.PrimitiveInfo?0>
Interpreter - [DEBUG]: data: 0 class patdroid.core.PrimitiveInfo
DalvikVM - [BB]: fu.hao.trust.dvm.Interpreter$OP_MOV_CONST -> jump set pc to 1
PluginManager - [MSG]: Taint Tainted Res: {}
Interpreter - [MSG]: 

Interpreter - [MSG]: <1 STATIC,SPUT,r0=r0,type=java.lang.Object,extra=(de.ecspride.Button1, imei)> at de.ecspride.Button1/<clinit>[]
Caller@4: func@fu.hao.trust.dvm.Interpreter$OP_STATIC_PUT_FIELD - [BB]: getClass de.ecspride.Button1 at fu.hao.trust.dvm.VMHeap@6d667cff
Caller: func@fu.hao.trust.dvm.Interpreter$OP_STATIC_PUT_FIELD - [BB]: Get DVMClass for type de.ecspride.Button1
Caller@4: func@fu.hao.trust.dvm.Interpreter$OP_STATIC_PUT_FIELD - [BB]: getClass de.ecspride.Button1 at fu.hao.trust.dvm.VMHeap@6d667cff
class fu.hao.trust.dvm.Interpreter$OP_STATIC_PUT_FIELD - [WARN]: Type inconsistent! void java.lang.String
class fu.hao.trust.dvm.Interpreter$OP_STATIC_PUT_FIELD - [DEBUG]: expect sput imei from de.ecspride.Button1
class fu.hao.trust.dvm.Interpreter$OP_STATIC_PUT_FIELD - [DEBUG]: real sput 0 from fu.hao.trust.dvm.DVMClass@7407beda
DalvikVM - [BB]: fu.hao.trust.dvm.Interpreter$OP_STATIC_PUT_FIELD -> jump set pc to 2
Caller@4: flow@fu.hao.trust.analysis.Taint$TAINT_OP_STATIC_PUT_FIELD - [BB]: getClass de.ecspride.Button1 at fu.hao.trust.dvm.VMHeap@6d667cff
Caller: flow@fu.hao.trust.analysis.Taint$TAINT_OP_STATIC_PUT_FIELD - [BB]: Get DVMClass for type de.ecspride.Button1
Caller@4: flow@fu.hao.trust.analysis.Taint$TAINT_OP_STATIC_PUT_FIELD - [BB]: getClass de.ecspride.Button1 at fu.hao.trust.dvm.VMHeap@6d667cff
PluginManager - [MSG]: Taint Tainted Res: {}
Interpreter - [MSG]: 

Interpreter - [MSG]: <2 RETURN,VOID> at de.ecspride.Button1/<clinit>[]
class fu.hao.trust.dvm.Interpreter$OP_RETURN_VOID - [DEBUG]: Return void
DalvikVM - [BB]: fu.hao.trust.dvm.Interpreter$OP_RETURN_VOID -> jump set pc to 0
Caller@4: <init>@fu.hao.trust.dvm.DVMClass - [BB]: getClass android.app.Activity at fu.hao.trust.dvm.VMHeap@6d667cff
Caller: getClass@fu.hao.trust.dvm.VMHeap - [BB]: new class representation for android.app.Activity at fu.hao.trust.dvm.VMHeap@6d667cff
Caller@4: <init>@fu.hao.trust.dvm.DVMClass - [BB]: getClass java.lang.Object at fu.hao.trust.dvm.VMHeap@6d667cff
Caller: getClass@fu.hao.trust.dvm.VMHeap - [BB]: new class representation for java.lang.Object at fu.hao.trust.dvm.VMHeap@6d667cff
Caller: <init>@fu.hao.trust.dvm.DVMClass - [BB]: Get DVMClass for type java.lang.Object
Caller@4: <init>@fu.hao.trust.dvm.DVMClass - [BB]: getClass java.lang.Object at fu.hao.trust.dvm.VMHeap@6d667cff
Caller: <init>@fu.hao.trust.dvm.DVMClass - [BB]: Get DVMClass for type android.app.Activity
Caller@4: <init>@fu.hao.trust.dvm.DVMClass - [BB]: getClass android.app.Activity at fu.hao.trust.dvm.VMHeap@6d667cff
Caller: <init>@fu.hao.trust.dvm.DVMObject - [BB]: Get DVMClass for type de.ecspride.Button1
Caller@4: <init>@fu.hao.trust.dvm.DVMObject - [BB]: getClass de.ecspride.Button1 at fu.hao.trust.dvm.VMHeap@6d667cff
DVMObject - [BB]: New instance of de.ecspride.Button1
Caller@4: <init>@fu.hao.trust.dvm.DVMObject - [BB]: getClass de.ecspride.Button1 at fu.hao.trust.dvm.VMHeap@6d667cff
Caller: <init>@fu.hao.trust.dvm.DVMObject - [BB]: Get DVMClass for type de.ecspride.Button1
Caller@4: <init>@fu.hao.trust.dvm.DVMObject - [BB]: getClass de.ecspride.Button1 at fu.hao.trust.dvm.VMHeap@6d667cff
Interpreter - [MSG]: RUN BEGIN de.ecspride.Button1/onCreate[android.os.Bundle]
Interpreter - [MSG]: RUN BEGIN
Interpreter - [MSG]: 

Interpreter - [MSG]: <0 SPECIAL,ARGUMENT_SET,extra=[2, 3]> at de.ecspride.Button1/onCreate[android.os.Bundle]
Interpreter - [WARN]: NULL CallingCtx!
Interpreter - [DEBUG]: args: instance number 1@de.ecspride.Button1
Interpreter - [BB]: Start param from 1
Caller@4: <init>@fu.hao.trust.dvm.DVMObject - [BB]: getClass android.os.Bundle at fu.hao.trust.dvm.VMHeap@6d667cff
Caller: getClass@fu.hao.trust.dvm.VMHeap - [BB]: new class representation for android.os.Bundle at fu.hao.trust.dvm.VMHeap@6d667cff
Caller: <init>@fu.hao.trust.dvm.DVMObject - [BB]: Get DVMClass for type android.os.Bundle
Caller@4: <init>@fu.hao.trust.dvm.DVMObject - [BB]: getClass android.os.Bundle at fu.hao.trust.dvm.VMHeap@6d667cff
DVMObject - [BB]: New instance of android.os.Bundle
Caller@4: <init>@fu.hao.trust.dvm.DVMObject - [BB]: getClass android.os.Bundle at fu.hao.trust.dvm.VMHeap@6d667cff
Caller: <init>@fu.hao.trust.dvm.DVMObject - [BB]: Get DVMClass for type android.os.Bundle
Caller@4: <init>@fu.hao.trust.dvm.DVMObject - [BB]: getClass android.os.Bundle at fu.hao.trust.dvm.VMHeap@6d667cff
Interpreter - [DEBUG]: args: instance number 1@android.os.Bundle
DalvikVM - [BB]: fu.hao.trust.dvm.Interpreter$OP_SP_ARGUMENTS -> jump set pc to 1
PluginManager - [MSG]: Taint Tainted Res: {}
Interpreter - [MSG]: 

Interpreter - [MSG]: <1 HALT,SUPER,extra=[null, [2, 3]]> at de.ecspride.Button1/onCreate[android.os.Bundle]
DalvikVM - [BB]: fu.hao.trust.dvm.Interpreter$OP_HALT -> jump set pc to 2
Interpreter - [MSG]: Cannot resolve the invocation
Taint - [BB]: Not a taint op <1 HALT,SUPER,extra=[null, [2, 3]]>
PluginManager - [MSG]: Taint Tainted Res: {}
Interpreter - [MSG]: 

Interpreter - [MSG]: <2 MOV,CONST,dst=r1,type=void,extra=class patdroid.core.PrimitiveInfo?2130903040> at de.ecspride.Button1/onCreate[android.os.Bundle]
Interpreter - [DEBUG]: Mov const begin <2 MOV,CONST,dst=r1,type=void,extra=class patdroid.core.PrimitiveInfo?2130903040>
Interpreter - [DEBUG]: data: 2130903040 class patdroid.core.PrimitiveInfo
DalvikVM - [BB]: fu.hao.trust.dvm.Interpreter$OP_MOV_CONST -> jump set pc to 3
PluginManager - [MSG]: Taint Tainted Res: {}
Interpreter - [MSG]: 

Interpreter - [MSG]: <3 INVOKE,VIRTUAL,extra=[android.app.Activity/setContentView[int], [2, 1]]> at de.ecspride.Button1/onCreate[android.os.Bundle]
Interpreter - [MSG]: arg0 obj: instance number 1@de.ecspride.Button1
Interpreter - [DEBUG]: Reflction class: class android.app.Activity
Interpreter - [BB]: arg1@reg1: 2130903040
Interpreter - [DEBUG]: Expected para type: int
Interpreter - [DEBUG]: Real para int
Interpreter - [DEBUG]: Caller obj: android.app.Activity@a41f08, from class: class android.app.Activity
Interpreter - [MSG]: Reflction invocation public void android.app.Activity.setContentView(int)
DalvikVM - [BB]: fu.hao.trust.dvm.Interpreter -> jump set pc to 4
class fu.hao.trust.analysis.Taint$TAINT_OP_INVOKE - [BB]: <android.app.Activity: void setContentView(int)>
class fu.hao.trust.analysis.Taint$TAINT_OP_INVOKE - [DEBUG]: not a taint call: <android.app.Activity: void setContentView(int)>
PluginManager - [MSG]: Taint Tainted Res: {}
Interpreter - [MSG]: 

Interpreter - [MSG]: <4 MOV,CONST,dst=r1,type=java.lang.String,extra="phone"> at de.ecspride.Button1/onCreate[android.os.Bundle]
Interpreter - [DEBUG]: Mov const begin <4 MOV,CONST,dst=r1,type=java.lang.String,extra="phone">
Interpreter - [DEBUG]: data: phone class java.lang.String
DalvikVM - [BB]: fu.hao.trust.dvm.Interpreter$OP_MOV_CONST -> jump set pc to 5
PluginManager - [MSG]: Taint Tainted Res: {}
Interpreter - [MSG]: 

Interpreter - [MSG]: <5 INVOKE,VIRTUAL,extra=[android.app.Activity/getSystemService[java.lang.String], [2, 1]]> at de.ecspride.Button1/onCreate[android.os.Bundle]
Interpreter - [MSG]: arg0 obj: instance number 1@de.ecspride.Button1
Interpreter - [DEBUG]: Reflction class: class android.app.Activity
Interpreter - [BB]: arg1@reg1: phone
Interpreter - [DEBUG]: Caller obj: android.app.Activity@3665ea4b, from class: class android.app.Activity
Interpreter - [DEBUG]: Return data: android.telephony.TelephonyManager@5cf8fdd3 ,class android.telephony.TelephonyManager
Interpreter - [MSG]: Reflction invocation public java.lang.Object android.app.Activity.getSystemService(java.lang.String)
DalvikVM - [BB]: fu.hao.trust.dvm.Interpreter -> jump set pc to 6
class fu.hao.trust.analysis.Taint$TAINT_OP_INVOKE - [BB]: <android.app.Activity: java.lang.Object getSystemService(java.lang.String)>
class fu.hao.trust.analysis.Taint$TAINT_OP_INVOKE - [DEBUG]: not a taint call: <android.app.Activity: java.lang.Object getSystemService(java.lang.String)>
PluginManager - [MSG]: Taint Tainted Res: {}
Interpreter - [MSG]: 

Interpreter - [MSG]: <6 MOV,RESULT,dst=r0,type=java.lang.Object> at de.ecspride.Button1/onCreate[android.os.Bundle]
OP_MOV_RESULT - [BB]: Result data: android.telephony.TelephonyManager@5cf8fdd3
OP_MOV_RESULT - [DEBUG]: Result data: android.telephony.TelephonyManager@5cf8fdd3, type: java.lang.Object, to [reg 0@onCreate]
DalvikVM - [BB]: fu.hao.trust.dvm.Interpreter$OP_MOV_RESULT -> jump set pc to 7
PluginManager - [MSG]: Taint Tainted Res: {}
Interpreter - [MSG]: 

Interpreter - [MSG]: <7 ARITHMETIC,CHECK-AND-CAST,dst=r0,type=android.telephony.TelephonyManager> at de.ecspride.Button1/onCreate[android.os.Bundle]
DalvikVM - [BB]: fu.hao.trust.dvm.Interpreter$OP_ARITHETIC -> jump set pc to 8
Taint - [BB]: Not a taint op <7 ARITHMETIC,CHECK-AND-CAST,dst=r0,type=android.telephony.TelephonyManager>
PluginManager - [MSG]: Taint Tainted Res: {}
Interpreter - [MSG]: 

Interpreter - [MSG]: <8 INVOKE,VIRTUAL,extra=[android.telephony.TelephonyManager/getDeviceId[], [0]]> at de.ecspride.Button1/onCreate[android.os.Bundle]
Interpreter - [MSG]: arg0 obj: android.telephony.TelephonyManager@5cf8fdd3
Interpreter - [DEBUG]: Reflction class: class android.telephony.TelephonyManager
Interpreter - [DEBUG]: Return data: 359874043116909 ,class java.lang.String
Interpreter - [MSG]: Reflction invocation public java.lang.String android.telephony.TelephonyManager.getDeviceId()
DalvikVM - [BB]: fu.hao.trust.dvm.Interpreter -> jump set pc to 9
class fu.hao.trust.analysis.Taint$TAINT_OP_INVOKE - [BB]: <android.telephony.TelephonyManager: java.lang.String getDeviceId()>
class fu.hao.trust.analysis.Taint$TAINT_OP_INVOKE - [WARN]: Found a tainted return value!
PluginManager - [MSG]: Taint Tainted Res: {359874043116909=<8 INVOKE,VIRTUAL,extra=[android.telephony.TelephonyManager/getDeviceId[], [0]]>, [Global RetReg]=<8 INVOKE,VIRTUAL,extra=[android.telephony.TelephonyManager/getDeviceId[], [0]]>}
Interpreter - [MSG]: 

Interpreter - [MSG]: <9 MOV,RESULT,dst=r1,type=java.lang.Object> at de.ecspride.Button1/onCreate[android.os.Bundle]
OP_MOV_RESULT - [BB]: Result data: 359874043116909
OP_MOV_RESULT - [DEBUG]: Result data: 359874043116909, type: java.lang.String, to [reg 1@onCreate]
DalvikVM - [BB]: fu.hao.trust.dvm.Interpreter$OP_MOV_RESULT -> jump set pc to 10
TAINT_OP_MOV_RESULT - [BB]: <8 INVOKE,VIRTUAL,extra=[android.telephony.TelephonyManager/getDeviceId[], [0]]>
TAINT_OP_MOV_RESULT - [BB]: Add reg 1 due to ret reg.
PluginManager - [MSG]: Taint Tainted Res: {[reg 1@onCreate]=<8 INVOKE,VIRTUAL,extra=[android.telephony.TelephonyManager/getDeviceId[], [0]]>, 359874043116909=<8 INVOKE,VIRTUAL,extra=[android.telephony.TelephonyManager/getDeviceId[], [0]]>}
Interpreter - [MSG]: 

Interpreter - [MSG]: <10 STATIC,SPUT,r0=r1,type=java.lang.Object,extra=(de.ecspride.Button1, imei)> at de.ecspride.Button1/onCreate[android.os.Bundle]
Caller@4: func@fu.hao.trust.dvm.Interpreter$OP_STATIC_PUT_FIELD - [BB]: getClass de.ecspride.Button1 at fu.hao.trust.dvm.VMHeap@6d667cff
Caller: func@fu.hao.trust.dvm.Interpreter$OP_STATIC_PUT_FIELD - [BB]: Get DVMClass for type de.ecspride.Button1
Caller@4: func@fu.hao.trust.dvm.Interpreter$OP_STATIC_PUT_FIELD - [BB]: getClass de.ecspride.Button1 at fu.hao.trust.dvm.VMHeap@6d667cff
class fu.hao.trust.dvm.Interpreter$OP_STATIC_PUT_FIELD - [DEBUG]: expect sput imei from de.ecspride.Button1
class fu.hao.trust.dvm.Interpreter$OP_STATIC_PUT_FIELD - [DEBUG]: real sput 359874043116909 from fu.hao.trust.dvm.DVMClass@7407beda
DalvikVM - [BB]: fu.hao.trust.dvm.Interpreter$OP_STATIC_PUT_FIELD -> jump set pc to 11
Caller@4: flow@fu.hao.trust.analysis.Taint$TAINT_OP_STATIC_PUT_FIELD - [BB]: getClass de.ecspride.Button1 at fu.hao.trust.dvm.VMHeap@6d667cff
Caller: flow@fu.hao.trust.analysis.Taint$TAINT_OP_STATIC_PUT_FIELD - [BB]: Get DVMClass for type de.ecspride.Button1
Caller@4: flow@fu.hao.trust.analysis.Taint$TAINT_OP_STATIC_PUT_FIELD - [BB]: getClass de.ecspride.Button1 at fu.hao.trust.dvm.VMHeap@6d667cff
TAINT_OP_STATIC_PUT_FIELD - [BB]: SPut at [reg 1@onCreate]
PluginManager - [MSG]: Taint Tainted Res: {[reg 1@onCreate]=<8 INVOKE,VIRTUAL,extra=[android.telephony.TelephonyManager/getDeviceId[], [0]]>, 359874043116909=<8 INVOKE,VIRTUAL,extra=[android.telephony.TelephonyManager/getDeviceId[], [0]]>}
Interpreter - [MSG]: 

Interpreter - [MSG]: <11 RETURN,VOID> at de.ecspride.Button1/onCreate[android.os.Bundle]
class fu.hao.trust.dvm.Interpreter$OP_RETURN_VOID - [DEBUG]: Return void
Interpreter - [MSG]: RUN DONE! The last one is onCreate
DalvikVM - [BB]: class de.ecspride.Button1
DalvikVM - [WARN]: Run chain de.ecspride.Button1:sendMessage at de.ecspride.Button1
DalvikVM - [MSG]: RUN Method de.ecspride.Button1/sendMessage[android.view.View]
DalvikVM - [BB]: New method call: de.ecspride.Button1/sendMessage[android.view.View]
DalvikVM - [BB]: [0]<0 SPECIAL,ARGUMENT_SET,extra=[6, 7]>
DalvikVM - [BB]: [1]<0 MOV,CONST,dst=r2,type=void,extra=class patdroid.core.PrimitiveInfo?0>
DalvikVM - [BB]: [2]<0 STATIC,SGET,r0=r1,type=java.lang.Object,extra=(de.ecspride.Button1, imei)>
DalvikVM - [BB]: [3]<0 MOV,CONST,dst=r3,type=void,extra=class patdroid.core.PrimitiveInfo?1>
DalvikVM - [BB]: [4]<0 HALT,STATIC,extra=[null, [6, 1, 3]]>
DalvikVM - [BB]: [5]<0 MOV,RESULT,dst=r1,type=java.lang.Object>
DalvikVM - [BB]: [6]<0 HALT,VIRTUAL,extra=[null, [1]]>
DalvikVM - [BB]: [7]<0 INVOKE,STATIC,extra=[android.telephony.SmsManager/getDefault[], []]>
DalvikVM - [BB]: [8]<0 MOV,RESULT,dst=r0,type=java.lang.Object>
DalvikVM - [BB]: [9]<0 MOV,CONST,dst=r1,type=java.lang.String,extra="+49">
DalvikVM - [BB]: [10]<0 STATIC,SGET,r0=r3,type=java.lang.Object,extra=(de.ecspride.Button1, imei)>
DalvikVM - [BB]: [11]<0 MOV,REG,dst=r4,r0=r2,type=java.lang.Object>
DalvikVM - [BB]: [12]<0 MOV,REG,dst=r5,r0=r2,type=java.lang.Object>
DalvikVM - [BB]: [13]<0 INVOKE,VIRTUAL,extra=[android.telephony.SmsManager/sendTextMessage[java.lang.String, java.lang.String, java.lang.String, android.app.PendingIntent, android.app.PendingIntent], [0, 1, 2, 3, 4, 5]]>
DalvikVM - [BB]: [14]<0 RETURN,VOID>
DalvikVM - [BB]: New Stack Frame: StackFrame de.ecspride.Button1/sendMessage[android.view.View]
DalvikVM - [BB]: Stack: [StackFrame de.ecspride.Button1/sendMessage[android.view.View]]
Interpreter - [MSG]: RUN BEGIN de.ecspride.Button1/sendMessage[android.view.View]
Interpreter - [MSG]: RUN BEGIN
DalvikVM - [BB]: fu.hao.trust.dvm.Interpreter -> run set pc to 0
Interpreter - [MSG]: 

Interpreter - [MSG]: <0 SPECIAL,ARGUMENT_SET,extra=[6, 7]> at de.ecspride.Button1/sendMessage[android.view.View]
Interpreter - [WARN]: NULL CallingCtx!
Interpreter - [DEBUG]: args: instance number 1@de.ecspride.Button1
Interpreter - [BB]: Start param from 1
Caller@4: <init>@fu.hao.trust.dvm.DVMObject - [BB]: getClass android.view.View at fu.hao.trust.dvm.VMHeap@6d667cff
Caller: getClass@fu.hao.trust.dvm.VMHeap - [BB]: new class representation for android.view.View at fu.hao.trust.dvm.VMHeap@6d667cff
Caller: <init>@fu.hao.trust.dvm.DVMObject - [BB]: Get DVMClass for type android.view.View
Caller@4: <init>@fu.hao.trust.dvm.DVMObject - [BB]: getClass android.view.View at fu.hao.trust.dvm.VMHeap@6d667cff
DVMObject - [BB]: New instance of android.view.View
Caller@4: <init>@fu.hao.trust.dvm.DVMObject - [BB]: getClass android.view.View at fu.hao.trust.dvm.VMHeap@6d667cff
Caller: <init>@fu.hao.trust.dvm.DVMObject - [BB]: Get DVMClass for type android.view.View
Caller@4: <init>@fu.hao.trust.dvm.DVMObject - [BB]: getClass android.view.View at fu.hao.trust.dvm.VMHeap@6d667cff
Interpreter - [DEBUG]: args: instance number 1@android.view.View
DalvikVM - [BB]: fu.hao.trust.dvm.Interpreter$OP_SP_ARGUMENTS -> jump set pc to 1
TAINT_OP_SP_ARGUMENTS - [BB]: Copy 359874043116909 as tainted.
PluginManager - [MSG]: Taint Tainted Res: {359874043116909=<8 INVOKE,VIRTUAL,extra=[android.telephony.TelephonyManager/getDeviceId[], [0]]>}
Interpreter - [MSG]: 

Interpreter - [MSG]: <1 MOV,CONST,dst=r2,type=void,extra=class patdroid.core.PrimitiveInfo?0> at de.ecspride.Button1/sendMessage[android.view.View]
Interpreter - [DEBUG]: Mov const begin <1 MOV,CONST,dst=r2,type=void,extra=class patdroid.core.PrimitiveInfo?0>
Interpreter - [DEBUG]: data: 0 class patdroid.core.PrimitiveInfo
DalvikVM - [BB]: fu.hao.trust.dvm.Interpreter$OP_MOV_CONST -> jump set pc to 2
PluginManager - [MSG]: Taint Tainted Res: {359874043116909=<8 INVOKE,VIRTUAL,extra=[android.telephony.TelephonyManager/getDeviceId[], [0]]>}
Interpreter - [MSG]: 

Interpreter - [MSG]: <2 STATIC,SGET,r0=r1,type=java.lang.Object,extra=(de.ecspride.Button1, imei)> at de.ecspride.Button1/sendMessage[android.view.View]
Caller@4: func@fu.hao.trust.dvm.Interpreter$OP_STATIC_GET_FIELD - [BB]: getClass de.ecspride.Button1 at fu.hao.trust.dvm.VMHeap@6d667cff
Caller: func@fu.hao.trust.dvm.Interpreter$OP_STATIC_GET_FIELD - [BB]: Get DVMClass for type de.ecspride.Button1
Caller@4: func@fu.hao.trust.dvm.Interpreter$OP_STATIC_GET_FIELD - [BB]: getClass de.ecspride.Button1 at fu.hao.trust.dvm.VMHeap@6d667cff
OP_STATIC_GET_FIELD - [DEBUG]: Sget 359874043116909, from fu.hao.trust.dvm.DVMClass@7407beda
OP_STATIC_GET_FIELD - [DEBUG]: Expect sget imei, a java.lang.String from de.ecspride.Button1
DalvikVM - [BB]: fu.hao.trust.dvm.Interpreter$OP_STATIC_GET_FIELD -> jump set pc to 3
Caller@4: flow@fu.hao.trust.analysis.Taint$TAINT_OP_STATIC_GET_FIELD - [BB]: getClass de.ecspride.Button1 at fu.hao.trust.dvm.VMHeap@6d667cff
Caller: flow@fu.hao.trust.analysis.Taint$TAINT_OP_STATIC_GET_FIELD - [BB]: Get DVMClass for type de.ecspride.Button1
Caller@4: flow@fu.hao.trust.analysis.Taint$TAINT_OP_STATIC_GET_FIELD - [BB]: getClass de.ecspride.Button1 at fu.hao.trust.dvm.VMHeap@6d667cff
PluginManager - [MSG]: Taint Tainted Res: {359874043116909=<8 INVOKE,VIRTUAL,extra=[android.telephony.TelephonyManager/getDeviceId[], [0]]>, [reg 1@sendMessage]=<8 INVOKE,VIRTUAL,extra=[android.telephony.TelephonyManager/getDeviceId[], [0]]>}
Interpreter - [MSG]: 

Interpreter - [MSG]: <3 MOV,CONST,dst=r3,type=void,extra=class patdroid.core.PrimitiveInfo?1> at de.ecspride.Button1/sendMessage[android.view.View]
Interpreter - [DEBUG]: Mov const begin <3 MOV,CONST,dst=r3,type=void,extra=class patdroid.core.PrimitiveInfo?1>
Interpreter - [DEBUG]: data: 1 class patdroid.core.PrimitiveInfo
DalvikVM - [BB]: fu.hao.trust.dvm.Interpreter$OP_MOV_CONST -> jump set pc to 4
PluginManager - [MSG]: Taint Tainted Res: {359874043116909=<8 INVOKE,VIRTUAL,extra=[android.telephony.TelephonyManager/getDeviceId[], [0]]>, [reg 1@sendMessage]=<8 INVOKE,VIRTUAL,extra=[android.telephony.TelephonyManager/getDeviceId[], [0]]>}
Interpreter - [MSG]: 

Interpreter - [MSG]: <4 HALT,STATIC,extra=[null, [6, 1, 3]]> at de.ecspride.Button1/sendMessage[android.view.View]
DalvikVM - [BB]: fu.hao.trust.dvm.Interpreter$OP_HALT -> jump set pc to 5
Interpreter - [MSG]: Cannot resolve the invocation
Taint - [BB]: Not a taint op <4 HALT,STATIC,extra=[null, [6, 1, 3]]>
PluginManager - [MSG]: Taint Tainted Res: {359874043116909=<8 INVOKE,VIRTUAL,extra=[android.telephony.TelephonyManager/getDeviceId[], [0]]>, [reg 1@sendMessage]=<8 INVOKE,VIRTUAL,extra=[android.telephony.TelephonyManager/getDeviceId[], [0]]>}
Interpreter - [MSG]: 

Interpreter - [MSG]: <5 MOV,RESULT,dst=r1,type=java.lang.Object> at de.ecspride.Button1/sendMessage[android.view.View]
Unknown - [BB]: Unknown created!
OP_MOV_RESULT - [BB]: Result data: [Unknown var, type: java.lang.Object]
OP_MOV_RESULT - [DEBUG]: Result data: [Unknown var, type: java.lang.Object], type: java.lang.Object, to [reg 1@sendMessage]
DalvikVM - [BB]: fu.hao.trust.dvm.Interpreter$OP_MOV_RESULT -> jump set pc to 6
TAINT_OP_MOV_RESULT - [BB]: Rm reg 1
PluginManager - [MSG]: Taint Tainted Res: {359874043116909=<8 INVOKE,VIRTUAL,extra=[android.telephony.TelephonyManager/getDeviceId[], [0]]>}
Interpreter - [MSG]: 

Interpreter - [MSG]: <6 HALT,VIRTUAL,extra=[null, [1]]> at de.ecspride.Button1/sendMessage[android.view.View]
DalvikVM - [BB]: fu.hao.trust.dvm.Interpreter$OP_HALT -> jump set pc to 7
Interpreter - [MSG]: Cannot resolve the invocation
Taint - [BB]: Not a taint op <6 HALT,VIRTUAL,extra=[null, [1]]>
PluginManager - [MSG]: Taint Tainted Res: {359874043116909=<8 INVOKE,VIRTUAL,extra=[android.telephony.TelephonyManager/getDeviceId[], [0]]>}
Interpreter - [MSG]: 

Interpreter - [MSG]: <7 INVOKE,STATIC,extra=[android.telephony.SmsManager/getDefault[], []]> at de.ecspride.Button1/sendMessage[android.view.View]
Interpreter - [DEBUG]: reflction class android.telephony.SmsManager
Interpreter - [MSG]: reflction invocation public static android.telephony.SmsManager android.telephony.SmsManager.getDefault()
DalvikVM - [BB]: fu.hao.trust.dvm.Interpreter$OP_INVOKE_STATIC -> jump set pc to 8
class fu.hao.trust.analysis.Taint$TAINT_OP_INVOKE - [BB]: <android.telephony.SmsManager: android.telephony.SmsManager getDefault()>
class fu.hao.trust.analysis.Taint$TAINT_OP_INVOKE - [DEBUG]: not a taint call: <android.telephony.SmsManager: android.telephony.SmsManager getDefault()>
PluginManager - [MSG]: Taint Tainted Res: {359874043116909=<8 INVOKE,VIRTUAL,extra=[android.telephony.TelephonyManager/getDeviceId[], [0]]>}
Interpreter - [MSG]: 

Interpreter - [MSG]: <8 MOV,RESULT,dst=r0,type=java.lang.Object> at de.ecspride.Button1/sendMessage[android.view.View]
OP_MOV_RESULT - [BB]: Result data: android.telephony.SmsManager@b4b6df0
OP_MOV_RESULT - [DEBUG]: Result data: android.telephony.SmsManager@b4b6df0, type: android.telephony.SmsManager, to [reg 0@sendMessage]
DalvikVM - [BB]: fu.hao.trust.dvm.Interpreter$OP_MOV_RESULT -> jump set pc to 9
PluginManager - [MSG]: Taint Tainted Res: {359874043116909=<8 INVOKE,VIRTUAL,extra=[android.telephony.TelephonyManager/getDeviceId[], [0]]>}
Interpreter - [MSG]: 

Interpreter - [MSG]: <9 MOV,CONST,dst=r1,type=java.lang.String,extra="+49"> at de.ecspride.Button1/sendMessage[android.view.View]
Interpreter - [DEBUG]: Mov const begin <9 MOV,CONST,dst=r1,type=java.lang.String,extra="+49">
Interpreter - [DEBUG]: data: +49 class java.lang.String
DalvikVM - [BB]: fu.hao.trust.dvm.Interpreter$OP_MOV_CONST -> jump set pc to 10
PluginManager - [MSG]: Taint Tainted Res: {359874043116909=<8 INVOKE,VIRTUAL,extra=[android.telephony.TelephonyManager/getDeviceId[], [0]]>}
Interpreter - [MSG]: 

Interpreter - [MSG]: <10 STATIC,SGET,r0=r3,type=java.lang.Object,extra=(de.ecspride.Button1, imei)> at de.ecspride.Button1/sendMessage[android.view.View]
Caller@4: func@fu.hao.trust.dvm.Interpreter$OP_STATIC_GET_FIELD - [BB]: getClass de.ecspride.Button1 at fu.hao.trust.dvm.VMHeap@6d667cff
Caller: func@fu.hao.trust.dvm.Interpreter$OP_STATIC_GET_FIELD - [BB]: Get DVMClass for type de.ecspride.Button1
Caller@4: func@fu.hao.trust.dvm.Interpreter$OP_STATIC_GET_FIELD - [BB]: getClass de.ecspride.Button1 at fu.hao.trust.dvm.VMHeap@6d667cff
OP_STATIC_GET_FIELD - [DEBUG]: Sget 359874043116909, from fu.hao.trust.dvm.DVMClass@7407beda
OP_STATIC_GET_FIELD - [DEBUG]: Expect sget imei, a java.lang.String from de.ecspride.Button1
DalvikVM - [BB]: fu.hao.trust.dvm.Interpreter$OP_STATIC_GET_FIELD -> jump set pc to 11
Caller@4: flow@fu.hao.trust.analysis.Taint$TAINT_OP_STATIC_GET_FIELD - [BB]: getClass de.ecspride.Button1 at fu.hao.trust.dvm.VMHeap@6d667cff
Caller: flow@fu.hao.trust.analysis.Taint$TAINT_OP_STATIC_GET_FIELD - [BB]: Get DVMClass for type de.ecspride.Button1
Caller@4: flow@fu.hao.trust.analysis.Taint$TAINT_OP_STATIC_GET_FIELD - [BB]: getClass de.ecspride.Button1 at fu.hao.trust.dvm.VMHeap@6d667cff
PluginManager - [MSG]: Taint Tainted Res: {[reg 3@sendMessage]=<8 INVOKE,VIRTUAL,extra=[android.telephony.TelephonyManager/getDeviceId[], [0]]>, 359874043116909=<8 INVOKE,VIRTUAL,extra=[android.telephony.TelephonyManager/getDeviceId[], [0]]>}
Interpreter - [MSG]: 

Interpreter - [MSG]: <11 MOV,REG,dst=r4,r0=r2,type=java.lang.Object> at de.ecspride.Button1/sendMessage[android.view.View]
class fu.hao.trust.dvm.Interpreter$OP_MOVE_REG - [DEBUG]: mov 0 to 0
DalvikVM - [BB]: fu.hao.trust.dvm.Interpreter$OP_MOVE_REG -> jump set pc to 12
PluginManager - [MSG]: Taint Tainted Res: {[reg 3@sendMessage]=<8 INVOKE,VIRTUAL,extra=[android.telephony.TelephonyManager/getDeviceId[], [0]]>, 359874043116909=<8 INVOKE,VIRTUAL,extra=[android.telephony.TelephonyManager/getDeviceId[], [0]]>}
Interpreter - [MSG]: 

Interpreter - [MSG]: <12 MOV,REG,dst=r5,r0=r2,type=java.lang.Object> at de.ecspride.Button1/sendMessage[android.view.View]
class fu.hao.trust.dvm.Interpreter$OP_MOVE_REG - [DEBUG]: mov 0 to 0
DalvikVM - [BB]: fu.hao.trust.dvm.Interpreter$OP_MOVE_REG -> jump set pc to 13
PluginManager - [MSG]: Taint Tainted Res: {[reg 3@sendMessage]=<8 INVOKE,VIRTUAL,extra=[android.telephony.TelephonyManager/getDeviceId[], [0]]>, 359874043116909=<8 INVOKE,VIRTUAL,extra=[android.telephony.TelephonyManager/getDeviceId[], [0]]>}
Interpreter - [MSG]: 

Interpreter - [MSG]: <13 INVOKE,VIRTUAL,extra=[android.telephony.SmsManager/sendTextMessage[java.lang.String, java.lang.String, java.lang.String, android.app.PendingIntent, android.app.PendingIntent], [0, 1, 2, 3, 4, 5]]> at de.ecspride.Button1/sendMessage[android.view.View]
Interpreter - [MSG]: arg0 obj: android.telephony.SmsManager@b4b6df0
Interpreter - [DEBUG]: Reflction class: class android.telephony.SmsManager
Interpreter - [BB]: arg1@reg1: +49
Interpreter - [BB]: arg2@reg2: 0
Interpreter - [WARN]: Mismatch type! arg 2, real para type: class patdroid.core.PrimitiveInfo, expected para type: class java.lang.String
Interpreter - [BB]: arg3@reg3: 359874043116909
Interpreter - [BB]: arg4@reg4: 0
Interpreter - [WARN]: Mismatch type! arg 4, real para type: class patdroid.core.PrimitiveInfo, expected para type: class android.app.PendingIntent
Interpreter - [BB]: arg5@reg5: 0
Interpreter - [WARN]: Mismatch type! arg 5, real para type: class patdroid.core.PrimitiveInfo, expected para type: class android.app.PendingIntent
Interpreter - [DEBUG]: Caller obj: android.telephony.SmsManager@b4b6df0, from class: class android.telephony.SmsManager
Interpreter - [MSG]: Reflction invocation public void android.telephony.SmsManager.sendTextMessage(java.lang.String,java.lang.String,java.lang.String,android.app.PendingIntent,android.app.PendingIntent)
DalvikVM - [BB]: fu.hao.trust.dvm.Interpreter -> jump set pc to 14
class fu.hao.trust.analysis.Taint$TAINT_OP_INVOKE - [BB]: <android.telephony.SmsManager: void sendTextMessage(java.lang.String,java.lang.String,java.lang.String,android.app.PendingIntent,android.app.PendingIntent)>
class fu.hao.trust.analysis.Taint$TAINT_OP_INVOKE - [BB]: Found a sink invocation. <android.telephony.SmsManager: void sendTextMessage(java.lang.String,java.lang.String,java.lang.String,android.app.PendingIntent,android.app.PendingIntent)>
class fu.hao.trust.analysis.Taint$TAINT_OP_INVOKE - [WARN]: Found a taint sink <android.telephony.SmsManager: void sendTextMessage(java.lang.String,java.lang.String,java.lang.String,android.app.PendingIntent,android.app.PendingIntent)> leaking data [359874043116909] at reg 3!!!
PluginManager - [MSG]: Taint Tainted Res: {[reg 3@sendMessage]=<8 INVOKE,VIRTUAL,extra=[android.telephony.TelephonyManager/getDeviceId[], [0]]>, 359874043116909=<8 INVOKE,VIRTUAL,extra=[android.telephony.TelephonyManager/getDeviceId[], [0]]>}
Interpreter - [MSG]: 

Interpreter - [MSG]: <14 RETURN,VOID> at de.ecspride.Button1/sendMessage[android.view.View]
class fu.hao.trust.dvm.Interpreter$OP_RETURN_VOID - [DEBUG]: Return void
Interpreter - [MSG]: RUN DONE! The last one is sendMessage
main - [DEBUG]: C:/Users/hao/workspace/TRUST/sootOutput/Callbacks_Button1.apk.csv
main - [MSG]: Analysis has run for 2.76869171 seconds

