main - [DEBUG]: C:/Users/hao/workspace/TRUST/sootOutput/GeneralJava_Exceptions1.apk_dummy.csv
class fu.hao.trust.analysis.Taint - [DEBUG]: srcs: [<android.os.Bundle: java.lang.ClassLoader getClassLoader()>, <android.os.Bundle: byte getByte(java.lang.String)>, <android.os.Bundle: short[] getShortArray(java.lang.String)>, <android.content.ContentResolver: android.database.Cursor query(android.net.Uri,java.lang.String[],java.lang.String,java.lang.String[],java.lang.String)>, <android.database.Cursor: java.lang.String getString(int)>, <org.apache.http.util.EntityUtils: java.lang.String getContentCharSet(org.apache.http.HttpEntity)>, <android.os.Bundle: java.lang.CharSequence getCharSequence(java.lang.String,java.lang.CharSequence)>, <android.os.Bundle: java.lang.CharSequence[] getCharSequenceArray(java.lang.String)>, <android.os.Bundle: long[] getLongArray(java.lang.String)>, <android.os.Handler: android.os.Message obtainMessage(int,java.lang.Object)>, <android.media.AudioRecord: int read(short[],int,int)>, <android.os.Bundle: double getDouble(java.lang.String,double)>, <java.util.Locale: java.lang.String getCountry()>, <android.app.Activity: android.content.Intent getIntent()>, <android.os.Bundle: java.util.ArrayList getStringArrayList(java.lang.String key)>, <android.net.Uri: android.net.Uri parse(java.lang.String)>, <android.media.AudioRecord: int read(byte[],int,int)>, <android.content.pm.PackageManager: java.util.List queryContentProviders(java.lang.String,int,int)>, <android.os.Bundle: byte[] getByteArray(java.lang.String)>, <android.content.pm.PackageManager: java.util.List queryIntentActivities(android.content.Intent,int)>, <android.os.Bundle: java.util.ArrayList getParcelableArrayList(java.lang.String)>, <android.content.ContentResolver: android.database.Cursor query(android.net.Uri,java.lang.String[],java.lang.String,java.lang.String[],java.lang.String,android.os.CancellationSignal)>, <android.os.Handler: android.os.Message obtainMessage(int,int,int,java.lang.Object)>, <android.os.Bundle: int getInt(java.lang.String)>, <android.os.Bundle: float[] getFloatArray(java.lang.String)>, <android.os.Bundle: java.util.ArrayList getCharSequenceArrayList(java.lang.String)>, <android.os.Bundle: boolean getBoolean(java.lang.String,boolean)>, <android.os.Bundle: java.lang.String getString(java.lang.String)>, <java.util.Calendar: java.util.TimeZone getTimeZone()>, <android.os.Bundle: java.util.ArrayList getIntegerArrayList(java.lang.String)>, <android.location.Location: double getLongitude()>, <android.os.Bundle: char getChar(java.lang.String)>, <android.os.Bundle: int[] getIntArray(java.lang.String)>, <android.os.Bundle: float getFloat(java.lang.String,float)>, <org.apache.http.util.EntityUtils: java.lang.String toString(org.apache.http.HttpEntity)>, <org.apache.http.HttpResponse: org.apache.http.HttpEntity getEntity()>, <android.location.LocationManager: android.location.Location getLastKnownLocation(java.lang.String)>, <org.apache.http.util.EntityUtils: byte[] toByteArray(org.apache.http.HttpEntity)>, <android.content.pm.PackageManager: java.util.List queryIntentServices(android.content.Intent,int)>, <org.apache.http.util.EntityUtils: java.lang.String toString(org.apache.http.HttpEntity,java.lang.String)>, <java.net.URLConnection: java.io.InputStream getInputStream()>, <android.os.Bundle: double[] getDoubleArray(java.lang.String)>, <android.os.Bundle: char[] getCharArray(java.lang.String)>, <com.example.testflowdroid.SourceAndSink: java.lang.String source(com.example.testflowdroid.MyObject)>, <android.media.AudioRecord: int read(java.nio.ByteBuffer,int)>, <android.telephony.TelephonyManager: java.lang.String getSimSerialNumber()>, <android.os.Bundle: char getChar(java.lang.String,char)>, <android.telephony.TelephonyManager: java.lang.String getSubscriberId()>, <android.os.Bundle: java.io.Serializable getSerializable(java.lang.String)>, <android.app.PendingIntent: android.app.PendingIntent getService(android.content.Context,int,android.content.Intent,int)>, <android.os.Handler: android.os.Message obtainMessage(int,int,int)>, <android.os.Bundle: long getLong(java.lang.String)>, <android.os.Handler: android.os.Message obtainMessage(int)>, <android.os.Bundle: java.lang.Object get(java.lang.String)>, <android.location.Location: double getLatitude()>, <android.os.Bundle: boolean[] getBooleanArray(java.lang.String)>, <android.app.PendingIntent: android.app.PendingIntent getActivity(android.content.Context,int,android.content.Intent,int,android.os.Bundle)>, <android.telephony.TelephonyManager: java.lang.String getDeviceId()>, <android.content.pm.PackageManager: java.util.List getInstalledPackages(int)>, <java.net.URLConnection: java.io.OutputStream getOutputStream()>, <android.database.sqlite.SQLiteDatabase: android.database.Cursor query(android.net.Uri,java.lang.String[],java.lang.String,java.lang.String[],java.lang.String,android.os.CancellationSignal)>, <android.os.Bundle: int getInt(java.lang.String,int)>, <android.content.pm.PackageManager: java.util.List queryBroadcastReceivers(android.content.Intent,int)>, <android.os.Bundle: android.os.Bundle getBundle(java.lang.String)>, <android.os.Handler: android.os.Message obtainMessage()>, <android.telephony.TelephonyManager: java.lang.String getLine1Number()>, <android.os.Bundle: boolean getBoolean(java.lang.String)>, <android.os.Bundle: java.lang.Byte getByte(java.lang.String,byte)>, <android.os.Bundle: android.os.Parcelable[] getParcelableArray(java.lang.String)>, <android.app.PendingIntent: android.app.PendingIntent getBroadcast(android.content.Context,int,android.content.Intent,int)>, <android.os.Bundle: float getFloat(java.lang.String)>, <android.os.Bundle: java.lang.CharSequence getCharSequence(java.lang.String)>, <android.content.pm.PackageManager: java.util.List getInstalledApplications(int)>, <android.database.sqlite.SQLiteDatabase: android.database.Cursor query(android.net.Uri,java.lang.String[],java.lang.String,java.lang.String[],java.lang.String)>, <android.os.Bundle: short getShort(java.lang.String)>, <android.os.Bundle: short getShort(java.lang.String,short)>, <android.os.Bundle: double getDouble(java.lang.String)>, <java.net.URL: java.net.URLConnection openConnection()>, <android.os.Bundle: long getLong(java.lang.String,long)>, <android.os.Bundle: android.util.SparseArray getSparseParcelableArray(java.lang.String)>, <android.content.SharedPreferences: android.content.SharedPreferences getDefaultSharedPreferences(android.content.Context)>, <android.os.Bundle: android.os.Parcelable getParcelable(java.lang.String)>, <android.app.PendingIntent: android.app.PendingIntent getActivity(android.content.Context,int,android.content.Intent,int)>]
class fu.hao.trust.dvm.DalvikVM - [DEBUG]: apk java.util.zip.ZipFile@71419cf7 C:/Users/hao/workspace/DroidBenchProj/GeneralJava_Exceptions1/app/GeneralJava_Exceptions1.apk
class fu.hao.trust.dvm.DalvikVM - [DEBUG]: class de.ecspride.Exceptions1
class fu.hao.trust.dvm.DalvikVM - [MSG]: RUN Method de.ecspride.Exceptions1/onCreate[android.os.Bundle]
class fu.hao.trust.dvm.DalvikVM - [DEBUG]: New method call: de.ecspride.Exceptions1/onCreate[android.os.Bundle]
class fu.hao.trust.dvm.DalvikVM - [DEBUG]: [0]<SPECIAL,ARGUMENT_SET,extra=[8, 9]>
class fu.hao.trust.dvm.DalvikVM - [DEBUG]: [1]<MOV,CONST,dst=r2,type=void,extra=class patdroid.core.PrimitiveInfo?0>
class fu.hao.trust.dvm.DalvikVM - [DEBUG]: [2]<HALT,SUPER,extra=[null, [8, 9]]>
class fu.hao.trust.dvm.DalvikVM - [DEBUG]: [3]<MOV,CONST,dst=r1,type=void,extra=class patdroid.core.PrimitiveInfo?2130903040>
class fu.hao.trust.dvm.DalvikVM - [DEBUG]: [4]<INVOKE,VIRTUAL,extra=[android.app.Activity/setContentView[int], [8, 1]]>
class fu.hao.trust.dvm.DalvikVM - [DEBUG]: [5]<MOV,CONST,dst=r3,type=java.lang.String,extra="">
class fu.hao.trust.dvm.DalvikVM - [DEBUG]: [6]<MOV,CONST,dst=r1,type=java.lang.String,extra="phone">
class fu.hao.trust.dvm.DalvikVM - [DEBUG]: [7]<INVOKE,VIRTUAL,extra=[android.app.Activity/getSystemService[java.lang.String], [8, 1]]>
class fu.hao.trust.dvm.DalvikVM - [DEBUG]: [8]<MOV,RESULT,dst=r7,type=java.lang.Object>
class fu.hao.trust.dvm.DalvikVM - [DEBUG]: [9]<ARITHMETIC,CHECK-AND-CAST,dst=r7,type=android.telephony.TelephonyManager>
class fu.hao.trust.dvm.DalvikVM - [DEBUG]: [10]<INVOKE,VIRTUAL,extra=[android.telephony.TelephonyManager/getDeviceId[], [7]]>
class fu.hao.trust.dvm.DalvikVM - [DEBUG]: [11]<MOV,RESULT,dst=r3,type=java.lang.Object>
class fu.hao.trust.dvm.DalvikVM - [DEBUG]: [12]<NEW,INSTANCE,dst=r1,type=java.lang.RuntimeException>
class fu.hao.trust.dvm.DalvikVM - [DEBUG]: [13]<INVOKE,DIRECT,extra=[java.lang.RuntimeException/<init>[], [1]]>
class fu.hao.trust.dvm.DalvikVM - [DEBUG]: [14]<EXCEPTION,THROW,r0=r1,type=java.lang.Object>
class fu.hao.trust.dvm.DalvikVM - [DEBUG]: [15]<MOV,EXCETPION,dst=r6,type=java.lang.Object>
class fu.hao.trust.dvm.DalvikVM - [DEBUG]: [16]<INVOKE,STATIC,extra=[android.telephony.SmsManager/getDefault[], []]>
class fu.hao.trust.dvm.DalvikVM - [DEBUG]: [17]<MOV,RESULT,dst=r0,type=java.lang.Object>
class fu.hao.trust.dvm.DalvikVM - [DEBUG]: [18]<MOV,CONST,dst=r1,type=java.lang.String,extra="+49 1234">
class fu.hao.trust.dvm.DalvikVM - [DEBUG]: [19]<MOV,REG,dst=r4,r0=r2,type=java.lang.Object>
class fu.hao.trust.dvm.DalvikVM - [DEBUG]: [20]<MOV,REG,dst=r5,r0=r2,type=java.lang.Object>
class fu.hao.trust.dvm.DalvikVM - [DEBUG]: [21]<INVOKE,VIRTUAL,extra=[android.telephony.SmsManager/sendTextMessage[java.lang.String, java.lang.String, java.lang.String, android.app.PendingIntent, android.app.PendingIntent], [0, 1, 2, 3, 4, 5]]>
class fu.hao.trust.dvm.DalvikVM - [DEBUG]: [22]<RETURN,VOID>
class fu.hao.trust.dvm.Interpreter - [DEBUG]: new chain obj
class fu.hao.trust.dvm.DalvikVM - [DEBUG]: getClass de.ecspride.Exceptions1 at fu.hao.trust.dvm.DalvikVM$Heap@13a828
class fu.hao.trust.dvm.DalvikVM - [DEBUG]: new class representation for de.ecspride.Exceptions1 at fu.hao.trust.dvm.DalvikVM$Heap@13a828
class fu.hao.trust.dvm.DalvikVM - [DEBUG]: getClass android.app.Activity at fu.hao.trust.dvm.DalvikVM$Heap@13a828
class fu.hao.trust.dvm.DalvikVM - [DEBUG]: new class representation for android.app.Activity at fu.hao.trust.dvm.DalvikVM$Heap@13a828
class fu.hao.trust.dvm.DalvikVM - [DEBUG]: getClass java.lang.Object at fu.hao.trust.dvm.DalvikVM$Heap@13a828
class fu.hao.trust.dvm.DalvikVM - [DEBUG]: new class representation for java.lang.Object at fu.hao.trust.dvm.DalvikVM$Heap@13a828
class fu.hao.trust.dvm.DalvikVM - [DEBUG]: getClass java.lang.Object at fu.hao.trust.dvm.DalvikVM$Heap@13a828
class fu.hao.trust.dvm.DalvikVM - [DEBUG]: getClass android.app.Activity at fu.hao.trust.dvm.DalvikVM$Heap@13a828
class fu.hao.trust.dvm.DalvikVM - [DEBUG]: getClass de.ecspride.Exceptions1 at fu.hao.trust.dvm.DalvikVM$Heap@13a828
class fu.hao.trust.dvm.DVMObject - [DEBUG]: New instance of de.ecspride.Exceptions1
class fu.hao.trust.dvm.DalvikVM - [DEBUG]: getClass de.ecspride.Exceptions1 at fu.hao.trust.dvm.DalvikVM$Heap@13a828
class fu.hao.trust.dvm.DalvikVM - [DEBUG]: getClass de.ecspride.Exceptions1 at fu.hao.trust.dvm.DalvikVM$Heap@13a828
class fu.hao.trust.dvm.Interpreter - [MSG]: RUN BEGIN de.ecspride.Exceptions1/onCreate[android.os.Bundle]
class fu.hao.trust.dvm.Interpreter - [MSG]: RUN BEGIN
class fu.hao.trust.dvm.Interpreter - [DEBUG]: opcode: 3 7
class fu.hao.trust.dvm.Interpreter - [DEBUG]: 0 <SPECIAL,ARGUMENT_SET,extra=[8, 9]> at de.ecspride.Exceptions1/onCreate[android.os.Bundle]
class fu.hao.trust.dvm.Interpreter - [DEBUG]: args: fu.hao.trust.dvm.DVMObject@636c7a8f
class fu.hao.trust.dvm.DalvikVM - [DEBUG]: getClass android.os.Bundle at fu.hao.trust.dvm.DalvikVM$Heap@13a828
class fu.hao.trust.dvm.DalvikVM - [DEBUG]: new class representation for android.os.Bundle at fu.hao.trust.dvm.DalvikVM$Heap@13a828
class fu.hao.trust.dvm.DalvikVM - [DEBUG]: getClass android.os.Bundle at fu.hao.trust.dvm.DalvikVM$Heap@13a828
class fu.hao.trust.dvm.DVMObject - [DEBUG]: New instance of android.os.Bundle
class fu.hao.trust.dvm.DalvikVM - [DEBUG]: getClass android.os.Bundle at fu.hao.trust.dvm.DalvikVM$Heap@13a828
class fu.hao.trust.dvm.DalvikVM - [DEBUG]: getClass android.os.Bundle at fu.hao.trust.dvm.DalvikVM$Heap@13a828
class fu.hao.trust.dvm.Interpreter - [DEBUG]: args: fu.hao.trust.dvm.DVMObject@1d81bd16
class fu.hao.trust.dvm.Interpreter - [DEBUG]: tainted set: []
class fu.hao.trust.dvm.Interpreter - [DEBUG]: opcode: 1 2
class fu.hao.trust.dvm.Interpreter - [DEBUG]: 1 <MOV,CONST,dst=r2,type=void,extra=class patdroid.core.PrimitiveInfo?0> at de.ecspride.Exceptions1/onCreate[android.os.Bundle]
class fu.hao.trust.dvm.Interpreter - [DEBUG]: Mov const begin <MOV,CONST,dst=r2,type=void,extra=class patdroid.core.PrimitiveInfo?0>
class fu.hao.trust.dvm.Interpreter - [DEBUG]: data: 0 class patdroid.core.PrimitiveInfo
class fu.hao.trust.dvm.Interpreter - [DEBUG]: tainted set: []
class fu.hao.trust.dvm.Interpreter - [DEBUG]: opcode: 15 12
class fu.hao.trust.dvm.Interpreter - [DEBUG]: 2 <HALT,SUPER,extra=[null, [8, 9]]> at de.ecspride.Exceptions1/onCreate[android.os.Bundle]
class fu.hao.trust.dvm.Interpreter - [DEBUG]: cannot resolve the invocation
class fu.hao.trust.analysis.Taint - [DEBUG]: not a taint op <HALT,SUPER,extra=[null, [8, 9]]>
class fu.hao.trust.dvm.Interpreter - [DEBUG]: tainted set: []
class fu.hao.trust.dvm.Interpreter - [DEBUG]: opcode: 1 2
class fu.hao.trust.dvm.Interpreter - [DEBUG]: 3 <MOV,CONST,dst=r1,type=void,extra=class patdroid.core.PrimitiveInfo?2130903040> at de.ecspride.Exceptions1/onCreate[android.os.Bundle]
class fu.hao.trust.dvm.Interpreter - [DEBUG]: Mov const begin <MOV,CONST,dst=r1,type=void,extra=class patdroid.core.PrimitiveInfo?2130903040>
class fu.hao.trust.dvm.Interpreter - [DEBUG]: data: 2130903040 class patdroid.core.PrimitiveInfo
class fu.hao.trust.dvm.Interpreter - [DEBUG]: tainted set: []
class fu.hao.trust.dvm.Interpreter - [DEBUG]: opcode: 12 13
class fu.hao.trust.dvm.Interpreter - [DEBUG]: 4 <INVOKE,VIRTUAL,extra=[android.app.Activity/setContentView[int], [8, 1]]> at de.ecspride.Exceptions1/onCreate[android.os.Bundle]
class fu.hao.trust.dvm.Interpreter - [DEBUG]: fu.hao.trust.dvm.DVMObject@636c7a8f
class fu.hao.trust.dvm.Interpreter - [DEBUG]: reflction class: class android.app.Activity
class fu.hao.trust.dvm.Interpreter - [DEBUG]: expected para type: int
class fu.hao.trust.dvm.Interpreter - [DEBUG]: real para int
class fu.hao.trust.dvm.Interpreter - [DEBUG]: caller obj: android.app.Activity@30a4fe7c, from class: class android.app.Activity
class fu.hao.trust.dvm.Interpreter - [MSG]: reflction invocation public void android.app.Activity.setContentView(int)
class fu.hao.trust.analysis.Taint - [DEBUG]: <android.app.Activity: void setContentView(int)>
class fu.hao.trust.analysis.Taint - [DEBUG]: not a taint call: <android.app.Activity: void setContentView(int)>
class fu.hao.trust.dvm.Interpreter - [DEBUG]: tainted set: []
class fu.hao.trust.dvm.Interpreter - [DEBUG]: opcode: 1 2
class fu.hao.trust.dvm.Interpreter - [DEBUG]: 5 <MOV,CONST,dst=r3,type=java.lang.String,extra=""> at de.ecspride.Exceptions1/onCreate[android.os.Bundle]
class fu.hao.trust.dvm.Interpreter - [DEBUG]: Mov const begin <MOV,CONST,dst=r3,type=java.lang.String,extra="">
class fu.hao.trust.dvm.Interpreter - [DEBUG]: data:  class java.lang.String
class fu.hao.trust.dvm.Interpreter - [DEBUG]: tainted set: []
class fu.hao.trust.dvm.Interpreter - [DEBUG]: opcode: 1 2
class fu.hao.trust.dvm.Interpreter - [DEBUG]: 6 <MOV,CONST,dst=r1,type=java.lang.String,extra="phone"> at de.ecspride.Exceptions1/onCreate[android.os.Bundle]
class fu.hao.trust.dvm.Interpreter - [DEBUG]: Mov const begin <MOV,CONST,dst=r1,type=java.lang.String,extra="phone">
class fu.hao.trust.dvm.Interpreter - [DEBUG]: data: phone class java.lang.String
class fu.hao.trust.dvm.Interpreter - [DEBUG]: tainted set: []
class fu.hao.trust.dvm.Interpreter - [DEBUG]: opcode: 12 13
class fu.hao.trust.dvm.Interpreter - [DEBUG]: 7 <INVOKE,VIRTUAL,extra=[android.app.Activity/getSystemService[java.lang.String], [8, 1]]> at de.ecspride.Exceptions1/onCreate[android.os.Bundle]
class fu.hao.trust.dvm.Interpreter - [DEBUG]: fu.hao.trust.dvm.DVMObject@636c7a8f
class fu.hao.trust.dvm.Interpreter - [DEBUG]: reflction class: class android.app.Activity
class fu.hao.trust.dvm.Interpreter - [DEBUG]: caller obj: android.app.Activity@655a6b10, from class: class android.app.Activity
class fu.hao.trust.dvm.Interpreter - [DEBUG]: return data: android.telephony.TelephonyManager@132b1b6c ,class android.telephony.TelephonyManager
class fu.hao.trust.dvm.Interpreter - [MSG]: reflction invocation public java.lang.Object android.app.Activity.getSystemService(java.lang.String)
class fu.hao.trust.analysis.Taint - [DEBUG]: <android.app.Activity: java.lang.Object getSystemService(java.lang.String)>
class fu.hao.trust.analysis.Taint - [DEBUG]: not a taint call: <android.app.Activity: java.lang.Object getSystemService(java.lang.String)>
class fu.hao.trust.dvm.Interpreter - [DEBUG]: tainted set: []
class fu.hao.trust.dvm.Interpreter - [DEBUG]: opcode: 1 21
class fu.hao.trust.dvm.Interpreter - [DEBUG]: 8 <MOV,RESULT,dst=r7,type=java.lang.Object> at de.ecspride.Exceptions1/onCreate[android.os.Bundle]
class fu.hao.trust.dvm.Interpreter - [DEBUG]: data android.telephony.TelephonyManager@132b1b6c android.telephony.TelephonyManager reg 7
class fu.hao.trust.dvm.Interpreter - [DEBUG]: tainted set: []
class fu.hao.trust.dvm.Interpreter - [DEBUG]: opcode: 13 18
class fu.hao.trust.dvm.Interpreter - [DEBUG]: 9 <ARITHMETIC,CHECK-AND-CAST,dst=r7,type=android.telephony.TelephonyManager> at de.ecspride.Exceptions1/onCreate[android.os.Bundle]
class fu.hao.trust.analysis.Taint - [DEBUG]: not a taint op <ARITHMETIC,CHECK-AND-CAST,dst=r7,type=android.telephony.TelephonyManager>
class fu.hao.trust.dvm.Interpreter - [DEBUG]: tainted set: []
class fu.hao.trust.dvm.Interpreter - [DEBUG]: opcode: 12 13
class fu.hao.trust.dvm.Interpreter - [DEBUG]: 10 <INVOKE,VIRTUAL,extra=[android.telephony.TelephonyManager/getDeviceId[], [7]]> at de.ecspride.Exceptions1/onCreate[android.os.Bundle]
class fu.hao.trust.dvm.Interpreter - [DEBUG]: android.telephony.TelephonyManager@132b1b6c
class fu.hao.trust.dvm.Interpreter - [DEBUG]: reflction class: class android.telephony.TelephonyManager
class fu.hao.trust.dvm.Interpreter - [DEBUG]: return data: 359874043116909 ,class java.lang.String
class fu.hao.trust.dvm.Interpreter - [MSG]: reflction invocation public java.lang.String android.telephony.TelephonyManager.getDeviceId()
class fu.hao.trust.analysis.Taint - [DEBUG]: <android.telephony.TelephonyManager: java.lang.String getDeviceId()>
class fu.hao.trust.dvm.Interpreter - [DEBUG]: tainted set: [reg -1, 359874043116909]
class fu.hao.trust.dvm.Interpreter - [DEBUG]: opcode: 1 21
class fu.hao.trust.dvm.Interpreter - [DEBUG]: 11 <MOV,RESULT,dst=r3,type=java.lang.Object> at de.ecspride.Exceptions1/onCreate[android.os.Bundle]
class fu.hao.trust.dvm.Interpreter - [DEBUG]: data 359874043116909 java.lang.String reg 3
class fu.hao.trust.dvm.Interpreter - [DEBUG]: tainted set: [reg -1, 359874043116909, reg 3]
class fu.hao.trust.dvm.Interpreter - [DEBUG]: opcode: 4 8
class fu.hao.trust.dvm.Interpreter - [DEBUG]: 12 <NEW,INSTANCE,dst=r1,type=java.lang.RuntimeException> at de.ecspride.Exceptions1/onCreate[android.os.Bundle]
class fu.hao.trust.dvm.Interpreter - [DEBUG]: reg 1
class fu.hao.trust.dvm.Interpreter - [DEBUG]: tainted set: [reg -1, 359874043116909, reg 3]
class fu.hao.trust.dvm.Interpreter - [DEBUG]: opcode: 12 11
class fu.hao.trust.dvm.Interpreter - [DEBUG]: 13 <INVOKE,DIRECT,extra=[java.lang.RuntimeException/<init>[], [1]]> at de.ecspride.Exceptions1/onCreate[android.os.Bundle]
class fu.hao.trust.dvm.Interpreter - [DEBUG]: null
class fu.hao.trust.dvm.Interpreter - [DEBUG]: Init instance: java.lang.RuntimeException
class fu.hao.trust.dvm.Interpreter - [DEBUG]: tainted set: [reg -1, 359874043116909, reg 3]
class fu.hao.trust.dvm.Interpreter - [DEBUG]: opcode: 5 57
class fu.hao.trust.dvm.Interpreter - [DEBUG]: 14 <EXCEPTION,THROW,r0=r1,type=java.lang.Object> at de.ecspride.Exceptions1/onCreate[android.os.Bundle]
class fu.hao.trust.analysis.Taint - [DEBUG]: not a taint op <EXCEPTION,THROW,r0=r1,type=java.lang.Object>
class fu.hao.trust.dvm.Interpreter - [DEBUG]: tainted set: [reg -1, 359874043116909, reg 3]
class fu.hao.trust.dvm.Interpreter - [DEBUG]: opcode: 1 22
class fu.hao.trust.dvm.Interpreter - [DEBUG]: 15 <MOV,EXCETPION,dst=r6,type=java.lang.Object> at de.ecspride.Exceptions1/onCreate[android.os.Bundle]
class fu.hao.trust.analysis.Taint - [DEBUG]: not a taint op <MOV,EXCETPION,dst=r6,type=java.lang.Object>
class fu.hao.trust.dvm.Interpreter - [DEBUG]: tainted set: [reg -1, 359874043116909, reg 3]
class fu.hao.trust.dvm.Interpreter - [DEBUG]: opcode: 12 14
class fu.hao.trust.dvm.Interpreter - [DEBUG]: 16 <INVOKE,STATIC,extra=[android.telephony.SmsManager/getDefault[], []]> at de.ecspride.Exceptions1/onCreate[android.os.Bundle]
class fu.hao.trust.dvm.Interpreter - [DEBUG]: reflction class android.telephony.SmsManager
class fu.hao.trust.dvm.Interpreter - [DEBUG]: return data: android.telephony.SmsManager@e8234ec class android.telephony.SmsManager
class fu.hao.trust.dvm.Interpreter - [MSG]: reflction invocation public static android.telephony.SmsManager android.telephony.SmsManager.getDefault()
class fu.hao.trust.analysis.Taint - [DEBUG]: <android.telephony.SmsManager: android.telephony.SmsManager getDefault()>
class fu.hao.trust.analysis.Taint - [DEBUG]: not a taint call: <android.telephony.SmsManager: android.telephony.SmsManager getDefault()>
class fu.hao.trust.dvm.Interpreter - [DEBUG]: tainted set: [359874043116909, reg 3]
class fu.hao.trust.dvm.Interpreter - [DEBUG]: opcode: 1 21
class fu.hao.trust.dvm.Interpreter - [DEBUG]: 17 <MOV,RESULT,dst=r0,type=java.lang.Object> at de.ecspride.Exceptions1/onCreate[android.os.Bundle]
class fu.hao.trust.dvm.Interpreter - [DEBUG]: data android.telephony.SmsManager@e8234ec android.telephony.SmsManager reg 0
class fu.hao.trust.dvm.Interpreter - [DEBUG]: tainted set: [359874043116909, reg 3]
class fu.hao.trust.dvm.Interpreter - [DEBUG]: opcode: 1 2
class fu.hao.trust.dvm.Interpreter - [DEBUG]: 18 <MOV,CONST,dst=r1,type=java.lang.String,extra="+49 1234"> at de.ecspride.Exceptions1/onCreate[android.os.Bundle]
class fu.hao.trust.dvm.Interpreter - [DEBUG]: Mov const begin <MOV,CONST,dst=r1,type=java.lang.String,extra="+49 1234">
class fu.hao.trust.dvm.Interpreter - [DEBUG]: data: +49 1234 class java.lang.String
class fu.hao.trust.dvm.Interpreter - [DEBUG]: tainted set: [359874043116909, reg 3]
class fu.hao.trust.dvm.Interpreter - [DEBUG]: opcode: 1 1
class fu.hao.trust.dvm.Interpreter - [DEBUG]: 19 <MOV,REG,dst=r4,r0=r2,type=java.lang.Object> at de.ecspride.Exceptions1/onCreate[android.os.Bundle]
class fu.hao.trust.dvm.Interpreter$OP_MOVE_REG - [DEBUG]: mov 0 to 0
class fu.hao.trust.dvm.Interpreter - [DEBUG]: tainted set: [359874043116909, reg 3]
class fu.hao.trust.dvm.Interpreter - [DEBUG]: opcode: 1 1
class fu.hao.trust.dvm.Interpreter - [DEBUG]: 20 <MOV,REG,dst=r5,r0=r2,type=java.lang.Object> at de.ecspride.Exceptions1/onCreate[android.os.Bundle]
class fu.hao.trust.dvm.Interpreter$OP_MOVE_REG - [DEBUG]: mov 0 to 0
class fu.hao.trust.dvm.Interpreter - [DEBUG]: tainted set: [359874043116909, reg 3]
class fu.hao.trust.dvm.Interpreter - [DEBUG]: opcode: 12 13
class fu.hao.trust.dvm.Interpreter - [DEBUG]: 21 <INVOKE,VIRTUAL,extra=[android.telephony.SmsManager/sendTextMessage[java.lang.String, java.lang.String, java.lang.String, android.app.PendingIntent, android.app.PendingIntent], [0, 1, 2, 3, 4, 5]]> at de.ecspride.Exceptions1/onCreate[android.os.Bundle]
class fu.hao.trust.dvm.Interpreter - [DEBUG]: android.telephony.SmsManager@e8234ec
class fu.hao.trust.dvm.Interpreter - [DEBUG]: reflction class: class android.telephony.SmsManager
class fu.hao.trust.dvm.Interpreter - [DEBUG]: caller obj: android.telephony.SmsManager@e8234ec, from class: class android.telephony.SmsManager
class fu.hao.trust.dvm.Interpreter - [MSG]: reflction invocation public void android.telephony.SmsManager.sendTextMessage(java.lang.String,java.lang.String,java.lang.String,android.app.PendingIntent,android.app.PendingIntent)
class fu.hao.trust.analysis.Taint - [DEBUG]: <android.telephony.SmsManager: void sendTextMessage(java.lang.String,java.lang.String,java.lang.String,android.app.PendingIntent,android.app.PendingIntent)>
class fu.hao.trust.analysis.Taint - [DEBUG]: Found a sink invocation. <android.telephony.SmsManager: void sendTextMessage(java.lang.String,java.lang.String,java.lang.String,android.app.PendingIntent,android.app.PendingIntent)>
class fu.hao.trust.dvm.Interpreter - [DEBUG]: tainted set: [359874043116909, reg 3]
class fu.hao.trust.dvm.Interpreter - [DEBUG]: opcode: 2 3
class fu.hao.trust.dvm.Interpreter - [DEBUG]: 22 <RETURN,VOID> at de.ecspride.Exceptions1/onCreate[android.os.Bundle]
class fu.hao.trust.dvm.Interpreter$OP_RETURN_VOID - [DEBUG]: return void
class fu.hao.trust.analysis.Taint - [DEBUG]: not a taint op <RETURN,VOID>
class fu.hao.trust.dvm.Interpreter - [DEBUG]: tainted set: [359874043116909, reg 3]
class fu.hao.trust.dvm.Interpreter - [MSG]: RUN DONE! The last one is onCreate
main - [DEBUG]: C:/Users/hao/workspace/TRUST/sootOutput/GeneralJava_Exceptions1.apk.csv
main - [DEBUG]: de.ecspride.Exceptions1
class fu.hao.trust.analysis.Taint - [DEBUG]: srcs: [<android.os.Bundle: java.lang.ClassLoader getClassLoader()>, <android.os.Bundle: byte getByte(java.lang.String)>, <android.os.Bundle: short[] getShortArray(java.lang.String)>, <android.content.ContentResolver: android.database.Cursor query(android.net.Uri,java.lang.String[],java.lang.String,java.lang.String[],java.lang.String)>, <android.database.Cursor: java.lang.String getString(int)>, <org.apache.http.util.EntityUtils: java.lang.String getContentCharSet(org.apache.http.HttpEntity)>, <android.os.Bundle: java.lang.CharSequence getCharSequence(java.lang.String,java.lang.CharSequence)>, <android.os.Bundle: java.lang.CharSequence[] getCharSequenceArray(java.lang.String)>, <android.os.Bundle: long[] getLongArray(java.lang.String)>, <android.os.Handler: android.os.Message obtainMessage(int,java.lang.Object)>, <android.media.AudioRecord: int read(short[],int,int)>, <android.os.Bundle: double getDouble(java.lang.String,double)>, <java.util.Locale: java.lang.String getCountry()>, <android.app.Activity: android.content.Intent getIntent()>, <android.os.Bundle: java.util.ArrayList getStringArrayList(java.lang.String key)>, <android.net.Uri: android.net.Uri parse(java.lang.String)>, <android.media.AudioRecord: int read(byte[],int,int)>, <android.content.pm.PackageManager: java.util.List queryContentProviders(java.lang.String,int,int)>, <android.os.Bundle: byte[] getByteArray(java.lang.String)>, <android.content.pm.PackageManager: java.util.List queryIntentActivities(android.content.Intent,int)>, <android.os.Bundle: java.util.ArrayList getParcelableArrayList(java.lang.String)>, <android.content.ContentResolver: android.database.Cursor query(android.net.Uri,java.lang.String[],java.lang.String,java.lang.String[],java.lang.String,android.os.CancellationSignal)>, <android.os.Handler: android.os.Message obtainMessage(int,int,int,java.lang.Object)>, <android.os.Bundle: int getInt(java.lang.String)>, <android.os.Bundle: float[] getFloatArray(java.lang.String)>, <android.os.Bundle: java.util.ArrayList getCharSequenceArrayList(java.lang.String)>, <android.os.Bundle: boolean getBoolean(java.lang.String,boolean)>, <android.os.Bundle: java.lang.String getString(java.lang.String)>, <java.util.Calendar: java.util.TimeZone getTimeZone()>, <android.os.Bundle: java.util.ArrayList getIntegerArrayList(java.lang.String)>, <android.location.Location: double getLongitude()>, <android.os.Bundle: char getChar(java.lang.String)>, <android.os.Bundle: int[] getIntArray(java.lang.String)>, <android.os.Bundle: float getFloat(java.lang.String,float)>, <org.apache.http.util.EntityUtils: java.lang.String toString(org.apache.http.HttpEntity)>, <org.apache.http.HttpResponse: org.apache.http.HttpEntity getEntity()>, <android.location.LocationManager: android.location.Location getLastKnownLocation(java.lang.String)>, <org.apache.http.util.EntityUtils: byte[] toByteArray(org.apache.http.HttpEntity)>, <android.content.pm.PackageManager: java.util.List queryIntentServices(android.content.Intent,int)>, <org.apache.http.util.EntityUtils: java.lang.String toString(org.apache.http.HttpEntity,java.lang.String)>, <java.net.URLConnection: java.io.InputStream getInputStream()>, <android.os.Bundle: double[] getDoubleArray(java.lang.String)>, <android.os.Bundle: char[] getCharArray(java.lang.String)>, <com.example.testflowdroid.SourceAndSink: java.lang.String source(com.example.testflowdroid.MyObject)>, <android.media.AudioRecord: int read(java.nio.ByteBuffer,int)>, <android.telephony.TelephonyManager: java.lang.String getSimSerialNumber()>, <android.os.Bundle: char getChar(java.lang.String,char)>, <android.telephony.TelephonyManager: java.lang.String getSubscriberId()>, <android.os.Bundle: java.io.Serializable getSerializable(java.lang.String)>, <android.app.PendingIntent: android.app.PendingIntent getService(android.content.Context,int,android.content.Intent,int)>, <android.os.Handler: android.os.Message obtainMessage(int,int,int)>, <android.os.Bundle: long getLong(java.lang.String)>, <android.os.Handler: android.os.Message obtainMessage(int)>, <android.os.Bundle: java.lang.Object get(java.lang.String)>, <android.location.Location: double getLatitude()>, <android.os.Bundle: boolean[] getBooleanArray(java.lang.String)>, <android.app.PendingIntent: android.app.PendingIntent getActivity(android.content.Context,int,android.content.Intent,int,android.os.Bundle)>, <android.telephony.TelephonyManager: java.lang.String getDeviceId()>, <android.content.pm.PackageManager: java.util.List getInstalledPackages(int)>, <java.net.URLConnection: java.io.OutputStream getOutputStream()>, <android.database.sqlite.SQLiteDatabase: android.database.Cursor query(android.net.Uri,java.lang.String[],java.lang.String,java.lang.String[],java.lang.String,android.os.CancellationSignal)>, <android.os.Bundle: int getInt(java.lang.String,int)>, <android.content.pm.PackageManager: java.util.List queryBroadcastReceivers(android.content.Intent,int)>, <android.os.Bundle: android.os.Bundle getBundle(java.lang.String)>, <android.os.Handler: android.os.Message obtainMessage()>, <android.telephony.TelephonyManager: java.lang.String getLine1Number()>, <android.os.Bundle: boolean getBoolean(java.lang.String)>, <android.os.Bundle: java.lang.Byte getByte(java.lang.String,byte)>, <android.os.Bundle: android.os.Parcelable[] getParcelableArray(java.lang.String)>, <android.app.PendingIntent: android.app.PendingIntent getBroadcast(android.content.Context,int,android.content.Intent,int)>, <android.os.Bundle: float getFloat(java.lang.String)>, <android.os.Bundle: java.lang.CharSequence getCharSequence(java.lang.String)>, <android.content.pm.PackageManager: java.util.List getInstalledApplications(int)>, <android.database.sqlite.SQLiteDatabase: android.database.Cursor query(android.net.Uri,java.lang.String[],java.lang.String,java.lang.String[],java.lang.String)>, <android.os.Bundle: short getShort(java.lang.String)>, <android.os.Bundle: short getShort(java.lang.String,short)>, <android.os.Bundle: double getDouble(java.lang.String)>, <java.net.URL: java.net.URLConnection openConnection()>, <android.os.Bundle: long getLong(java.lang.String,long)>, <android.os.Bundle: android.util.SparseArray getSparseParcelableArray(java.lang.String)>, <android.content.SharedPreferences: android.content.SharedPreferences getDefaultSharedPreferences(android.content.Context)>, <android.os.Bundle: android.os.Parcelable getParcelable(java.lang.String)>, <android.app.PendingIntent: android.app.PendingIntent getActivity(android.content.Context,int,android.content.Intent,int)>]
class fu.hao.trust.dvm.DalvikVM - [MSG]: Begin run onCreate at C:/Users/hao/workspace/DroidBenchProj/GeneralJava_Exceptions1/app/GeneralJava_Exceptions1.apk
class fu.hao.trust.dvm.DalvikVM - [MSG]: RUN Method de.ecspride.Exceptions1/onCreate[android.os.Bundle]
class fu.hao.trust.dvm.DalvikVM - [DEBUG]: New method call: de.ecspride.Exceptions1/onCreate[android.os.Bundle]
class fu.hao.trust.dvm.DalvikVM - [DEBUG]: [0]<SPECIAL,ARGUMENT_SET,extra=[8, 9]>
class fu.hao.trust.dvm.DalvikVM - [DEBUG]: [1]<MOV,CONST,dst=r2,type=void,extra=class patdroid.core.PrimitiveInfo?0>
class fu.hao.trust.dvm.DalvikVM - [DEBUG]: [2]<HALT,SUPER,extra=[null, [8, 9]]>
class fu.hao.trust.dvm.DalvikVM - [DEBUG]: [3]<MOV,CONST,dst=r1,type=void,extra=class patdroid.core.PrimitiveInfo?2130903040>
class fu.hao.trustmain - [DEBUG]: GeneralJava_Exceptions1.apk
main - [DEBUG]: C:/Users/hao/workspace/TRUST/sootOutput/GeneralJava_Exceptions1.apk_dummy.csv
DalvikVM - [MSG]: apk java.util.zip.ZipFile@f610891 C:/Users/hao/workspace/DroidBenchProj/GeneralJava_Exceptions1/app/GeneralJava_Exceptions1.apk
DalvikVM - [BB]: class de.ecspride.Exceptions1
DalvikVM - [WARN]: Run chain de.ecspride.Exceptions1:onCreate at de.ecspride.Exceptions1
DalvikVM - [MSG]: RUN Method de.ecspride.Exceptions1/onCreate[android.os.Bundle]
DalvikVM - [BB]: New method call: de.ecspride.Exceptions1/onCreate[android.os.Bundle]
DalvikVM - [BB]: [0]<0 SPECIAL,ARGUMENT_SET,extra=[8, 9]>
DalvikVM - [BB]: [1]<0 MOV,CONST,dst=r2,type=void,extra=class patdroid.core.PrimitiveInfo?0>
DalvikVM - [BB]: [2]<0 HALT,SUPER,extra=[null, [8, 9]]>
DalvikVM - [BB]: [3]<0 MOV,CONST,dst=r1,type=void,extra=class patdroid.core.PrimitiveInfo?2130903040>
DalvikVM - [BB]: [4]<0 INVOKE,VIRTUAL,extra=[android.app.Activity/setContentView[int], [8, 1]]>
DalvikVM - [BB]: [5]<0 MOV,CONST,dst=r3,type=java.lang.String,extra="">
DalvikVM - [BB]: [6]<0 MOV,CONST,dst=r1,type=java.lang.String,extra="phone">
DalvikVM - [BB]: [7]<0 INVOKE,VIRTUAL,extra=[android.app.Activity/getSystemService[java.lang.String], [8, 1]]>
DalvikVM - [BB]: [8]<0 MOV,RESULT,dst=r7,type=java.lang.Object>
DalvikVM - [BB]: [9]<0 ARITHMETIC,CHECK-AND-CAST,dst=r7,type=android.telephony.TelephonyManager>
DalvikVM - [BB]: [10]<0 INVOKE,VIRTUAL,extra=[android.telephony.TelephonyManager/getDeviceId[], [7]]>
DalvikVM - [BB]: [11]<0 MOV,RESULT,dst=r3,type=java.lang.Object>
DalvikVM - [BB]: [12]<0 NEW,INSTANCE,dst=r1,type=java.lang.RuntimeException>
DalvikVM - [BB]: [13]<0 INVOKE,DIRECT,extra=[java.lang.RuntimeException/<init>[], [1]]>
DalvikVM - [BB]: [14]<0 EXCEPTION,THROW,r0=r1,type=java.lang.Object>
DalvikVM - [BB]: [15]<0 MOV,EXCETPION,dst=r6,type=java.lang.Object>
DalvikVM - [BB]: [16]<0 INVOKE,STATIC,extra=[android.telephony.SmsManager/getDefault[], []]>
DalvikVM - [BB]: [17]<0 MOV,RESULT,dst=r0,type=java.lang.Object>
DalvikVM - [BB]: [18]<0 MOV,CONST,dst=r1,type=java.lang.String,extra="+49 1234">
DalvikVM - [BB]: [19]<0 MOV,REG,dst=r4,r0=r2,type=java.lang.Object>
DalvikVM - [BB]: [20]<0 MOV,REG,dst=r5,r0=r2,type=java.lang.Object>
DalvikVM - [BB]: [21]<0 INVOKE,VIRTUAL,extra=[android.telephony.SmsManager/sendTextMessage[java.lang.String, java.lang.String, java.lang.String, android.app.PendingIntent, android.app.PendingIntent], [0, 1, 2, 3, 4, 5]]>
DalvikVM - [BB]: [22]<0 RETURN,VOID>
DalvikVM - [BB]: New Stack Frame: StackFrame de.ecspride.Exceptions1/onCreate[android.os.Bundle]
DalvikVM - [BB]: Stack: [StackFrame de.ecspride.Exceptions1/onCreate[android.os.Bundle]]
Interpreter - [MSG]: RUN BEGIN de.ecspride.Exceptions1/onCreate[android.os.Bundle]
Interpreter - [MSG]: RUN BEGIN
Interpreter - [MSG]: 

Interpreter - [MSG]: 0 <0 SPECIAL,ARGUMENT_SET,extra=[8, 9]> at de.ecspride.Exceptions1/onCreate[android.os.Bundle]
Interpreter - [BB]: opcode: 3 7
Interpreter - [WARN]: null ctx!
Interpreter - [DEBUG]: args: instance number 1@de.ecspride.ActivityLifecycle1
VMHeap - [BB]: getClass android.os.Bundle at fu.hao.trust.dvm.VMHeap@390d4698
VMHeap - [BB]: new class representation for android.os.Bundle at fu.hao.trust.dvm.VMHeap@390d4698
VMHeap - [BB]: getClass android.os.Bundle at fu.hao.trust.dvm.VMHeap@390d4698
class fu.hao.trust.dvm.DVMObject - [BB]: New instance of android.os.Bundle
VMHeap - [BB]: getClass android.os.Bundle at fu.hao.trust.dvm.VMHeap@390d4698
VMHeap - [BB]: getClass android.os.Bundle at fu.hao.trust.dvm.VMHeap@390d4698
Interpreter - [DEBUG]: args: instance number 1@android.os.Bundle
DalvikVM - [BB]: fu.hao.trust.dvm.Interpreter$OP_SP_ARGUMENTS -> jump set pc to 1
PluginManager - [MSG]: Taint Tainted Res: {Taint={}}
Interpreter - [MSG]: 

Interpreter - [MSG]: 1 <0 MOV,CONST,dst=r2,type=void,extra=class patdroid.core.PrimitiveInfo?0> at de.ecspride.Exceptions1/onCreate[android.os.Bundle]
Interpreter - [BB]: opcode: 1 2
Interpreter - [DEBUG]: Mov const begin <1 MOV,CONST,dst=r2,type=void,extra=class patdroid.core.PrimitiveInfo?0>
DalvikVM - [BB]: A[reg 2@StackFrame de.ecspride.Exceptions1/onCreate[android.os.Bundle]] 0
Interpreter - [DEBUG]: data: 0 class patdroid.core.PrimitiveInfo
DalvikVM - [BB]: fu.hao.trust.dvm.Interpreter$OP_MOV_CONST -> jump set pc to 2
PluginManager - [MSG]: Taint Tainted Res: {Taint={}}
Interpreter - [MSG]: 

Interpreter - [MSG]: 2 <0 HALT,SUPER,extra=[null, [8, 9]]> at de.ecspride.Exceptions1/onCreate[android.os.Bundle]
Interpreter - [BB]: opcode: 15 12
DalvikVM - [BB]: fu.hao.trust.dvm.Interpreter$OP_HALT -> jump set pc to 3
Interpreter - [MSG]: Cannot resolve the invocation
Taint - [BB]: Not a taint op <2 HALT,SUPER,extra=[null, [8, 9]]>
PluginManager - [MSG]: Taint Tainted Res: {Taint={}}
Interpreter - [MSG]: 

Interpreter - [MSG]: 3 <0 MOV,CONST,dst=r1,type=void,extra=class patdroid.core.PrimitiveInfo?2130903040> at de.ecspride.Exceptions1/onCreate[android.os.Bundle]
Interpreter - [BB]: opcode: 1 2
Interpreter - [DEBUG]: Mov const begin <3 MOV,CONST,dst=r1,type=void,extra=class patdroid.core.PrimitiveInfo?2130903040>
DalvikVM - [BB]: A[reg 1@StackFrame de.ecspride.Exceptions1/onCreate[android.os.Bundle]] 2130903040
Interpreter - [DEBUG]: data: 2130903040 class patdroid.core.PrimitiveInfo
DalvikVM - [BB]: fu.hao.trust.dvm.Interpreter$OP_MOV_CONST -> jump set pc to 4
PluginManager - [MSG]: Taint Tainted Res: {Taint={}}
Interpreter - [MSG]: 

Interpreter - [MSG]: 4 <0 INVOKE,VIRTUAL,extra=[android.app.Activity/setContentView[int], [8, 1]]> at de.ecspride.Exceptions1/onCreate[android.os.Bundle]
Interpreter - [BB]: opcode: 12 13
class fu.hao.trust.dvm.Interpreter - [MSG]: arg0 obj: instance number 1@de.ecspride.ActivityLifecycle1
class fu.hao.trust.dvm.Interpreter - [DEBUG]: Reflction class: class android.app.Activity
Interpreter - [BB]: arg1: 2130903040
Interpreter - [DEBUG]: Expected para type: int
Interpreter - [DEBUG]: Real para int
class fu.hao.trust.dvm.Interpreter - [DEBUG]: Caller obj: android.app.Activity@420f0a62, from class: class android.app.Activity
class fu.hao.trust.dvm.Interpreter - [MSG]: Reflction invocation public void android.app.Activity.setContentView(int)
DalvikVM - [BB]: fu.hao.trust.dvm.Interpreter -> jump set pc to 5
class fu.hao.trust.analysis.Taint$TAINT_OP_INVOKE - [BB]: <android.app.Activity: void setContentView(int)>
class fu.hao.trust.analysis.Taint$TAINT_OP_INVOKE - [DEBUG]: not a taint call: <android.app.Activity: void setContentView(int)>
PluginManager - [MSG]: Taint Tainted Res: {Taint={}}
Interpreter - [MSG]: 

Interpreter - [MSG]: 5 <0 MOV,CONST,dst=r3,type=java.lang.String,extra=""> at de.ecspride.Exceptions1/onCreate[android.os.Bundle]
Interpreter - [BB]: opcode: 1 2
Interpreter - [DEBUG]: Mov const begin <5 MOV,CONST,dst=r3,type=java.lang.String,extra="">
DalvikVM - [BB]: A[reg 3@StackFrame de.ecspride.Exceptions1/onCreate[android.os.Bundle]] 
Interpreter - [DEBUG]: data:  class java.lang.String
DalvikVM - [BB]: fu.hao.trust.dvm.Interpreter$OP_MOV_CONST -> jump set pc to 6
PluginManager - [MSG]: Taint Tainted Res: {Taint={}}
Interpreter - [MSG]: 

Interpreter - [MSG]: 6 <0 MOV,CONST,dst=r1,type=java.lang.String,extra="phone"> at de.ecspride.Exceptions1/onCreate[android.os.Bundle]
Interpreter - [BB]: opcode: 1 2
Interpreter - [DEBUG]: Mov const begin <6 MOV,CONST,dst=r1,type=java.lang.String,extra="phone">
DalvikVM - [BB]: A[reg 1@StackFrame de.ecspride.Exceptions1/onCreate[android.os.Bundle]] phone
Interpreter - [DEBUG]: data: phone class java.lang.String
DalvikVM - [BB]: fu.hao.trust.dvm.Interpreter$OP_MOV_CONST -> jump set pc to 7
PluginManager - [MSG]: Taint Tainted Res: {Taint={}}
Interpreter - [MSG]: 

Interpreter - [MSG]: 7 <0 INVOKE,VIRTUAL,extra=[android.app.Activity/getSystemService[java.lang.String], [8, 1]]> at de.ecspride.Exceptions1/onCreate[android.os.Bundle]
Interpreter - [BB]: opcode: 12 13
class fu.hao.trust.dvm.Interpreter - [MSG]: arg0 obj: instance number 1@de.ecspride.ActivityLifecycle1
class fu.hao.trust.dvm.Interpreter - [DEBUG]: Reflction class: class android.app.Activity
Interpreter - [BB]: arg1: phone
class fu.hao.trust.dvm.Interpreter - [DEBUG]: Caller obj: android.app.Activity@6972c9cf, from class: class android.app.Activity
class fu.hao.trust.dvm.Interpreter - [DEBUG]: Return data: android.telephony.TelephonyManager@6f1f6b1e ,class android.telephony.TelephonyManager
class fu.hao.trust.dvm.Interpreter - [MSG]: Reflction invocation public java.lang.Object android.app.Activity.getSystemService(java.lang.String)
DalvikVM - [BB]: fu.hao.trust.dvm.Interpreter -> jump set pc to 8
class fu.hao.trust.analysis.Taint$TAINT_OP_INVOKE - [BB]: <android.app.Activity: java.lang.Object getSystemService(java.lang.String)>
class fu.hao.trust.analysis.Taint$TAINT_OP_INVOKE - [DEBUG]: not a taint call: <android.app.Activity: java.lang.Object getSystemService(java.lang.String)>
PluginManager - [MSG]: Taint Tainted Res: {Taint={}}
Interpreter - [MSG]: 

Interpreter - [MSG]: 8 <0 MOV,RESULT,dst=r7,type=java.lang.Object> at de.ecspride.Exceptions1/onCreate[android.os.Bundle]
Interpreter - [BB]: opcode: 1 21
DalvikVM - [BB]: A[reg 7@StackFrame de.ecspride.Exceptions1/onCreate[android.os.Bundle]] android.telephony.TelephonyManager@6f1f6b1e
OP_MOV_RESULT - [BB]: Result data: android.telephony.TelephonyManager@6f1f6b1e
OP_MOV_RESULT - [DEBUG]: Result data: android.telephony.TelephonyManager@6f1f6b1e, type: java.lang.Object, to [reg 7@StackFrame de.ecspride.Exceptions1/onCreate[android.os.Bundle]]
DalvikVM - [BB]: fu.hao.trust.dvm.Interpreter$OP_MOV_RESULT -> jump set pc to 9
PluginManager - [MSG]: Taint Tainted Res: {Taint={}}
Interpreter - [MSG]: 

Interpreter - [MSG]: 9 <0 ARITHMETIC,CHECK-AND-CAST,dst=r7,type=android.telephony.TelephonyManager> at de.ecspride.Exceptions1/onCreate[android.os.Bundle]
Interpreter - [BB]: opcode: 13 18
DalvikVM - [BB]: fu.hao.trust.dvm.Interpreter$OP_ARITHETIC -> jump set pc to 10
Taint - [BB]: Not a taint op <9 ARITHMETIC,CHECK-AND-CAST,dst=r7,type=android.telephony.TelephonyManager>
PluginManager - [MSG]: Taint Tainted Res: {Taint={}}
Interpreter - [MSG]: 

Interpreter - [MSG]: 10 <0 INVOKE,VIRTUAL,extra=[android.telephony.TelephonyManager/getDeviceId[], [7]]> at de.ecspride.Exceptions1/onCreate[android.os.Bundle]
Interpreter - [BB]: opcode: 12 13
DalvikVM - [BB]: A[Global RetReg] null
class fu.hao.trust.dvm.Interpreter - [MSG]: arg0 obj: android.telephony.TelephonyManager@6f1f6b1e
class fu.hao.trust.dvm.Interpreter - [DEBUG]: Reflction class: class android.telephony.TelephonyManager
class fu.hao.trust.dvm.Interpreter - [DEBUG]: Return data: 359874043116909 ,class java.lang.String
class fu.hao.trust.dvm.Interpreter - [MSG]: Reflction invocation public java.lang.String android.telephony.TelephonyManager.getDeviceId()
DalvikVM - [BB]: fu.hao.trust.dvm.Interpreter -> jump set pc to 11
class fu.hao.trust.analysis.Taint$TAINT_OP_INVOKE - [BB]: <android.telephony.TelephonyManager: java.lang.String getDeviceId()>
class fu.hao.trust.analysis.Taint$TAINT_OP_INVOKE - [WARN]: Found a tainted return value!
PluginManager - [MSG]: Taint Tainted Res: {Taint={359874043116909=<10 INVOKE,VIRTUAL,extra=[android.telephony.TelephonyManager/getDeviceId[], [7]]>, [Global RetReg]=<10 INVOKE,VIRTUAL,extra=[android.telephony.TelephonyManager/getDeviceId[], [7]]>}}
Interpreter - [MSG]: 

Interpreter - [MSG]: 11 <0 MOV,RESULT,dst=r3,type=java.lang.Object> at de.ecspride.Exceptions1/onCreate[android.os.Bundle]
Interpreter - [BB]: opcode: 1 21
DalvikVM - [BB]: A[reg 3@StackFrame de.ecspride.Exceptions1/onCreate[android.os.Bundle]] 359874043116909
OP_MOV_RESULT - [BB]: Result data: 359874043116909
OP_MOV_RESULT - [DEBUG]: Result data: 359874043116909, type: java.lang.String, to [reg 3@StackFrame de.ecspride.Exceptions1/onCreate[android.os.Bundle]]
DalvikVM - [BB]: fu.hao.trust.dvm.Interpreter$OP_MOV_RESULT -> jump set pc to 12
TAINT_OP_MOV_RESULT - [BB]: set {359874043116909=<10 INVOKE,VIRTUAL,extra=[android.telephony.TelephonyManager/getDeviceId[], [7]]>, [Global RetReg]=<10 INVOKE,VIRTUAL,extra=[android.telephony.TelephonyManager/getDeviceId[], [7]]>}
TAINT_OP_MOV_RESULT - [BB]: Add reg 3 due to ret reg.
PluginManager - [MSG]: Taint Tainted Res: {Taint={[reg 3@StackFrame de.ecspride.Exceptions1/onCreate[android.os.Bundle]]=<10 INVOKE,VIRTUAL,extra=[android.telephony.TelephonyManager/getDeviceId[], [7]]>, 359874043116909=<10 INVOKE,VIRTUAL,extra=[android.telephony.TelephonyManager/getDeviceId[], [7]]>}}
Interpreter - [MSG]: 

Interpreter - [MSG]: 12 <0 NEW,INSTANCE,dst=r1,type=java.lang.RuntimeException> at de.ecspride.Exceptions1/onCreate[android.os.Bundle]
Interpreter - [BB]: opcode: 4 8
OP_NEW_INSTANCE - [DEBUG]: [reg 1@StackFrame de.ecspride.Exceptions1/onCreate[android.os.Bundle]]
DalvikVM - [BB]: A[reg 1@StackFrame de.ecspride.Exceptions1/onCreate[android.os.Bundle]] null
DalvikVM - [BB]: fu.hao.trust.dvm.Interpreter$OP_NEW_INSTANCE -> jump set pc to 13
class fu.hao.trust.analysis.Taint$TAINT_OP_NEW_INSTANCE - [BB]: Rdst [reg 1@StackFrame de.ecspride.Exceptions1/onCreate[android.os.Bundle]]
PluginManager - [MSG]: Taint Tainted Res: {Taint={[reg 3@StackFrame de.ecspride.Exceptions1/onCreate[android.os.Bundle]]=<10 INVOKE,VIRTUAL,extra=[android.telephony.TelephonyManager/getDeviceId[], [7]]>, 359874043116909=<10 INVOKE,VIRTUAL,extra=[android.telephony.TelephonyManager/getDeviceId[], [7]]>}}
Interpreter - [MSG]: 

Interpreter - [MSG]: 13 <0 INVOKE,DIRECT,extra=[java.lang.RuntimeException/<init>[], [1]]> at de.ecspride.Exceptions1/onCreate[android.os.Bundle]
Interpreter - [BB]: opcode: 12 11
DalvikVM - [BB]: A[Global RetReg] null
class fu.hao.trust.dvm.Interpreter - [MSG]: arg0 obj: null
DalvikVM - [BB]: A[reg 1@StackFrame de.ecspride.Exceptions1/onCreate[android.os.Bundle]] java.lang.RuntimeException
class fu.hao.trust.dvm.Interpreter - [DEBUG]: Init instance: java.lang.RuntimeException
DalvikVM - [BB]: fu.hao.trust.dvm.Interpreter -> jump set pc to 14
PluginManager - [MSG]: Taint Tainted Res: {Taint={[reg 3@StackFrame de.ecspride.Exceptions1/onCreate[android.os.Bundle]]=<10 INVOKE,VIRTUAL,extra=[android.telephony.TelephonyManager/getDeviceId[], [7]]>, 359874043116909=<10 INVOKE,VIRTUAL,extra=[android.telephony.TelephonyManager/getDeviceId[], [7]]>}}
Interpreter - [MSG]: 

Interpreter - [MSG]: 14 <0 EXCEPTION,THROW,r0=r1,type=java.lang.Object> at de.ecspride.Exceptions1/onCreate[android.os.Bundle]
Interpreter - [BB]: opcode: 5 57
DalvikVM - [BB]: fu.hao.trust.dvm.Interpreter$OP_EXCEPTION_THROW -> jump set pc to 15
PluginManager - [MSG]: Taint Tainted Res: {Taint={[reg 3@StackFrame de.ecspride.Exceptions1/onCreate[android.os.Bundle]]=<10 INVOKE,VIRTUAL,extra=[android.telephony.TelephonyManager/getDeviceId[], [7]]>, 359874043116909=<10 INVOKE,VIRTUAL,extra=[android.telephony.TelephonyManager/getDeviceId[], [7]]>}}
Interpreter - [MSG]: 

Interpreter - [MSG]: 15 <0 MOV,EXCETPION,dst=r6,type=java.lang.Object> at de.ecspride.Exceptions1/onCreate[android.os.Bundle]
Interpreter - [BB]: opcode: 1 22
DalvikVM - [BB]: A[reg 6@StackFrame de.ecspride.Exceptions1/onCreate[android.os.Bundle]] java.lang.RuntimeException
DalvikVM - [BB]: fu.hao.trust.dvm.Interpreter$OP_MOV_EXCEPTION -> jump set pc to 16
PluginManager - [MSG]: Taint Tainted Res: {Taint={[reg 3@StackFrame de.ecspride.Exceptions1/onCreate[android.os.Bundle]]=<10 INVOKE,VIRTUAL,extra=[android.telephony.TelephonyManager/getDeviceId[], [7]]>, 359874043116909=<10 INVOKE,VIRTUAL,extra=[android.telephony.TelephonyManager/getDeviceId[], [7]]>}}
Interpreter - [MSG]: 

Interpreter - [MSG]: 16 <0 INVOKE,STATIC,extra=[android.telephony.SmsManager/getDefault[], []]> at de.ecspride.Exceptions1/onCreate[android.os.Bundle]
Interpreter - [BB]: opcode: 12 14
DalvikVM - [BB]: A[Global RetReg] null
Interpreter - [DEBUG]: reflction class android.telephony.SmsManager
Interpreter - [DEBUG]: return data: android.telephony.SmsManager@6f5a6472 class android.telephony.SmsManager
Interpreter - [MSG]: reflction invocation public static android.telephony.SmsManager android.telephony.SmsManager.getDefault()
DalvikVM - [BB]: fu.hao.trust.dvm.Interpreter$OP_INVOKE_STATIC -> jump set pc to 17
class fu.hao.trust.analysis.Taint$TAINT_OP_INVOKE - [BB]: <android.telephony.SmsManager: android.telephony.SmsManager getDefault()>
class fu.hao.trust.analysis.Taint$TAINT_OP_INVOKE - [DEBUG]: not a taint call: <android.telephony.SmsManager: android.telephony.SmsManager getDefault()>
PluginManager - [MSG]: Taint Tainted Res: {Taint={[reg 3@StackFrame de.ecspride.Exceptions1/onCreate[android.os.Bundle]]=<10 INVOKE,VIRTUAL,extra=[android.telephony.TelephonyManager/getDeviceId[], [7]]>, 359874043116909=<10 INVOKE,VIRTUAL,extra=[android.telephony.TelephonyManager/getDeviceId[], [7]]>}}
Interpreter - [MSG]: 

Interpreter - [MSG]: 17 <0 MOV,RESULT,dst=r0,type=java.lang.Object> at de.ecspride.Exceptions1/onCreate[android.os.Bundle]
Interpreter - [BB]: opcode: 1 21
DalvikVM - [BB]: A[reg 0@StackFrame de.ecspride.Exceptions1/onCreate[android.os.Bundle]] android.telephony.SmsManager@6f5a6472
OP_MOV_RESULT - [BB]: Result data: android.telephony.SmsManager@6f5a6472
OP_MOV_RESULT - [DEBUG]: Result data: android.telephony.SmsManager@6f5a6472, type: android.telephony.SmsManager, to [reg 0@StackFrame de.ecspride.Exceptions1/onCreate[android.os.Bundle]]
DalvikVM - [BB]: fu.hao.trust.dvm.Interpreter$OP_MOV_RESULT -> jump set pc to 18
PluginManager - [MSG]: Taint Tainted Res: {Taint={[reg 3@StackFrame de.ecspride.Exceptions1/onCreate[android.os.Bundle]]=<10 INVOKE,VIRTUAL,extra=[android.telephony.TelephonyManager/getDeviceId[], [7]]>, 359874043116909=<10 INVOKE,VIRTUAL,extra=[android.telephony.TelephonyManager/getDeviceId[], [7]]>}}
Interpreter - [MSG]: 

Interpreter - [MSG]: 18 <0 MOV,CONST,dst=r1,type=java.lang.String,extra="+49 1234"> at de.ecspride.Exceptions1/onCreate[android.os.Bundle]
Interpreter - [BB]: opcode: 1 2
Interpreter - [DEBUG]: Mov const begin <18 MOV,CONST,dst=r1,type=java.lang.String,extra="+49 1234">
DalvikVM - [BB]: A[reg 1@StackFrame de.ecspride.Exceptions1/onCreate[android.os.Bundle]] +49 1234
Interpreter - [DEBUG]: data: +49 1234 class java.lang.String
DalvikVM - [BB]: fu.hao.trust.dvm.Interpreter$OP_MOV_CONST -> jump set pc to 19
PluginManager - [MSG]: Taint Tainted Res: {Taint={[reg 3@StackFrame de.ecspride.Exceptions1/onCreate[android.os.Bundle]]=<10 INVOKE,VIRTUAL,extra=[android.telephony.TelephonyManager/getDeviceId[], [7]]>, 359874043116909=<10 INVOKE,VIRTUAL,extra=[android.telephony.TelephonyManager/getDeviceId[], [7]]>}}
Interpreter - [MSG]: 

Interpreter - [MSG]: 19 <0 MOV,REG,dst=r4,r0=r2,type=java.lang.Object> at de.ecspride.Exceptions1/onCreate[android.os.Bundle]
Interpreter - [BB]: opcode: 1 1
DalvikVM - [BB]: A[reg 4@StackFrame de.ecspride.Exceptions1/onCreate[android.os.Bundle]] 0
class fu.hao.trust.dvm.Interpreter$OP_MOVE_REG - [DEBUG]: mov 0 to 0
DalvikVM - [BB]: fu.hao.trust.dvm.Interpreter$OP_MOVE_REG -> jump set pc to 20
PluginManager - [MSG]: Taint Tainted Res: {Taint={[reg 3@StackFrame de.ecspride.Exceptions1/onCreate[android.os.Bundle]]=<10 INVOKE,VIRTUAL,extra=[android.telephony.TelephonyManager/getDeviceId[], [7]]>, 359874043116909=<10 INVOKE,VIRTUAL,extra=[android.telephony.TelephonyManager/getDeviceId[], [7]]>}}
Interpreter - [MSG]: 

Interpreter - [MSG]: 20 <0 MOV,REG,dst=r5,r0=r2,type=java.lang.Object> at de.ecspride.Exceptions1/onCreate[android.os.Bundle]
Interpreter - [BB]: opcode: 1 1
DalvikVM - [BB]: A[reg 5@StackFrame de.ecspride.Exceptions1/onCreate[android.os.Bundle]] 0
class fu.hao.trust.dvm.Interpreter$OP_MOVE_REG - [DEBUG]: mov 0 to 0
DalvikVM - [BB]: fu.hao.trust.dvm.Interpreter$OP_MOVE_REG -> jump set pc to 21
PluginManager - [MSG]: Taint Tainted Res: {Taint={[reg 3@StackFrame de.ecspride.Exceptions1/onCreate[android.os.Bundle]]=<10 INVOKE,VIRTUAL,extra=[android.telephony.TelephonyManager/getDeviceId[], [7]]>, 359874043116909=<10 INVOKE,VIRTUAL,extra=[android.telephony.TelephonyManager/getDeviceId[], [7]]>}}
Interpreter - [MSG]: 

Interpreter - [MSG]: 21 <0 INVOKE,VIRTUAL,extra=[android.telephony.SmsManager/sendTextMessage[java.lang.String, java.lang.String, java.lang.String, android.app.PendingIntent, android.app.PendingIntent], [0, 1, 2, 3, 4, 5]]> at de.ecspride.Exceptions1/onCreate[android.os.Bundle]
Interpreter - [BB]: opcode: 12 13
DalvikVM - [BB]: A[Global RetReg] null
class fu.hao.trust.dvm.Interpreter - [MSG]: arg0 obj: android.telephony.SmsManager@6f5a6472
class fu.hao.trust.dvm.Interpreter - [DEBUG]: Reflction class: class android.telephony.SmsManager
Interpreter - [BB]: arg1: +49 1234
Interpreter - [BB]: arg2: 0
Interpreter - [WARN]: Mismatch type! arg 2, real para type: class patdroid.core.PrimitiveInfo, expected para type: class java.lang.String
Interpreter - [BB]: arg3: 359874043116909
Interpreter - [BB]: arg4: 0
Interpreter - [WARN]: Mismatch type! arg 4, real para type: class patdroid.core.PrimitiveInfo, expected para type: class android.app.PendingIntent
Interpreter - [BB]: arg5: 0
Interpreter - [WARN]: Mismatch type! arg 5, real para type: class patdroid.core.PrimitiveInfo, expected para type: class android.app.PendingIntent
class fu.hao.trust.dvm.Interpreter - [DEBUG]: Caller obj: android.telephony.SmsManager@6f5a6472, from class: class android.telephony.SmsManager
class fu.hao.trust.dvm.Interpreter - [MSG]: Reflction invocation public void android.telephony.SmsManager.sendTextMessage(java.lang.String,java.lang.String,java.lang.String,android.app.PendingIntent,android.app.PendingIntent)
DalvikVM - [BB]: fu.hao.trust.dvm.Interpreter -> jump set pc to 22
class fu.hao.trust.analysis.Taint$TAINT_OP_INVOKE - [BB]: <android.telephony.SmsManager: void sendTextMessage(java.lang.String,java.lang.String,java.lang.String,android.app.PendingIntent,android.app.PendingIntent)>
class fu.hao.trust.analysis.Taint$TAINT_OP_INVOKE - [BB]: Found a sink invocation. <android.telephony.SmsManager: void sendTextMessage(java.lang.String,java.lang.String,java.lang.String,android.app.PendingIntent,android.app.PendingIntent)>
class fu.hao.trust.analysis.Taint$TAINT_OP_INVOKE - [WARN]: Found a taint sink <android.telephony.SmsManager: void sendTextMessage(java.lang.String,java.lang.String,java.lang.String,android.app.PendingIntent,android.app.PendingIntent)> leaking data [359874043116909] at reg 3!!!
PluginManager - [MSG]: Taint Tainted Res: {Taint={[reg 3@StackFrame de.ecspride.Exceptions1/onCreate[android.os.Bundle]]=<10 INVOKE,VIRTUAL,extra=[android.telephony.TelephonyManager/getDeviceId[], [7]]>, 359874043116909=<10 INVOKE,VIRTUAL,extra=[android.telephony.TelephonyManager/getDeviceId[], [7]]>}}
Interpreter - [MSG]: 

Interpreter - [MSG]: 22 <0 RETURN,VOID> at de.ecspride.Exceptions1/onCreate[android.os.Bundle]
Interpreter - [BB]: opcode: 2 3
class fu.hao.trust.dvm.Interpreter$OP_RETURN_VOID - [DEBUG]: Return void
DalvikVM - [BB]: stack [StackFrame de.ecspride.Exceptions1/onCreate[android.os.Bundle]]
DalvikVM - [BB]: stack []
Interpreter - [MSG]: RUN DONE! The last one is onCreate
main - [DEBUG]: C:/Users/hao/workspace/TRUST/sootOutput/GeneralJava_Exceptions1.apk.csv
main - [DEBUG]: de.ecspride.Exceptions1
DalvikVM - [MSG]: Begin run onCreate at C:/Users/hao/workspace/DroidBenchProj/GeneralJava_Exceptions1/app/GeneralJava_Exceptions1.apk
DalvikVM - [MSG]: RUN Method de.ecspride.Exceptions1/onCreate[android.os.Bundle]
DalvikVM - [BB]: New method call: de.ecspride.Exceptions1/onCreate[android.os.Bundle]
DalvikVM - [BB]: [0]<0 SPECIAL,ARGUMENT_SET,extra=[8, 9]>
DalvikVM - [BB]: [1]<0 MOV,CONST,dst=r2,type=void,extra=class patdroid.core.PrimitiveInfo?0>
DalvikVM - [BB]: [2]<0 HALT,SUPER,extra=[null, [8, 9]]>
DalvikVM - [BB]: [3]<0 MOV,CONST,dst=r1,type=void,extra=class patdroid.core.PrimitiveInfo?2130903040>
DalvikVM - [BB]: [4]<0 INVOKE,VIRTUAL,extra=[android.app.Activity/setContentView[int], [8, 1]]>
DalvikVM - [BB]: [5]<0 MOV,CONST,dst=r3,type=java.lang.String,extra="">
DalvikVM - [BB]: [6]<0 MOV,CONST,dst=r1,type=java.lang.String,extra="phone">
DalvikVM - [BB]: [7]<0 INVOKE,VIRTUAL,extra=[android.app.Activity/getSystemService[java.lang.String], [8, 1]]>
DalvikVM - [BB]: [8]<0 MOV,RESULT,dst=r7,type=java.lang.Object>
DalvikVM - [BB]: [9]<0 ARITHMETIC,CHECK-AND-CAST,dst=r7,type=android.telephony.TelephonyManager>
DalvikVM - [BB]: [10]<0 INVOKE,VIRTUAL,extra=[android.telephony.TelephonyManager/getDeviceId[], [7]]>
DalvikVM - [BB]: [11]<0 MOV,RESULT,dst=r3,type=java.lang.Object>
DalvikVM - [BB]: [12]<0 NEW,INSTANCE,dst=r1,type=java.lang.RuntimeException>
DalvikVM - [BB]: [13]<0 INVOKE,DIRECT,extra=[java.lang.RuntimeException/<init>[], [1]]>
DalvikVM - [BB]: [14]<0 EXCEPTION,THROW,r0=r1,type=java.lang.Object>
DalvikVM - [BB]: [15]<0 MOV,EXCETPION,dst=r6,type=java.lang.Object>
DalvikVM - [BB]: [16]<0 INVOKE,STATIC,extra=[android.telephony.SmsManager/getDefault[], []]>
DalvikVM - [BB]: [17]<0 MOV,RESULT,dst=r0,type=java.lang.Object>
DalvikVM - [BB]: [18]<0 MOV,CONST,dst=r1,type=java.lang.String,extra="+49 1234">
DalvikVM - [BB]: [19]<0 MOV,REG,dst=r4,r0=r2,type=java.lang.Object>
DalvikVM - [BB]: [20]<0 MOV,REG,dst=r5,r0=r2,type=java.lang.Object>
DalvikVM - [BB]: [21]<0 INVOKE,VIRTUAL,extra=[android.telephony.SmsManager/sendTextMessage[java.lang.String, java.lang.String, java.lang.String, android.app.PendingIntent, android.app.PendingIntent], [0, 1, 2, 3, 4, 5]]>
DalvikVM - [BB]: [22]<0 RETURN,VOID>
DalvikVM - [BB]: New Stack Frame: StackFrame de.ecspride.Exceptions1/onCreate[android.os.Bundle]
DalvikVM - [BB]: Stack: [StackFrame de.ecspride.Exceptions1/onCreate[android.os.Bundle]]
Interpreter - [MSG]: RUN BEGIN de.ecspride.Exceptions1/onCreate[android.os.Bundle]
Interpreter - [MSG]: RUN BEGIN
Interpreter - [MSG]: 

Interpreter - [MSG]: 0 <0 SPECIAL,ARGUMENT_SET,extra=[8, 9]> at de.ecspride.Exceptions1/onCreate[android.os.Bundle]
Interpreter - [BB]: opcode: 3 7
Interpreter - [WARN]: null ctx!
Interpreter - [DEBUG]: args: instance number 1@de.ecspride.ActivityLifecycle1
VMHeap - [BB]: getClass android.os.Bundle at fu.hao.trust.dvm.VMHeap@29d70c37
VMHeap - [BB]: new class representation for android.os.Bundle at fu.hao.trust.dvm.VMHeap@29d70c37
VMHeap - [BB]: getClass android.os.Bundle at fu.hao.trust.dvm.VMHeap@29d70c37
class fu.hao.trust.dvm.DVMObject - [BB]: New instance of android.os.Bundle
VMHeap - [BB]: getClass android.os.Bundle at fu.hao.trust.dvm.VMHeap@29d70c37
VMHeap - [BB]: getClass android.os.Bundle at fu.hao.trust.dvm.VMHeap@29d70c37
Interpreter - [DEBUG]: args: instance number 1@android.os.Bundle
DalvikVM - [BB]: fu.hao.trust.dvm.Interpreter$OP_SP_ARGUMENTS -> jump set pc to 1
TAINT_OP_SP_ARGUMENTS - [BB]: Copy 359874043116909 as tainted.
PluginManager - [MSG]: Taint Tainted Res: {Taint={[reg 3@StackFrame de.ecspride.Exceptions1/onCreate[android.os.Bundle]]=<10 INVOKE,VIRTUAL,extra=[android.telephony.TelephonyManager/getDeviceId[], [7]]>, 359874043116909=<10 INVOKE,VIRTUAL,extra=[android.telephony.TelephonyManager/getDeviceId[], [7]]>}}
Interpreter - [MSG]: 

Interpreter - [MSG]: 1 <0 MOV,CONST,dst=r2,type=void,extra=class patdroid.core.PrimitiveInfo?0> at de.ecspride.Exceptions1/onCreate[android.os.Bundle]
Interpreter - [BB]: opcode: 1 2
Interpreter - [DEBUG]: Mov const begin <1 MOV,CONST,dst=r2,type=void,extra=class patdroid.core.PrimitiveInfo?0>
DalvikVM - [BB]: A[reg 2@StackFrame de.ecspride.Exceptions1/onCreate[android.os.Bundle]] 0
Interpreter - [DEBUG]: data: 0 class patdroid.core.PrimitiveInfo
DalvikVM - [BB]: fu.hao.trust.dvm.Interpreter$OP_MOV_CONST -> jump set pc to 2
PluginManager - [MSG]: Taint Tainted Res: {Taint={[reg 3@StackFrame de.ecspride.Exceptions1/onCreate[android.os.Bundle]]=<10 INVOKE,VIRTUAL,extra=[android.telephony.TelephonyManager/getDeviceId[], [7]]>, 359874043116909=<10 INVOKE,VIRTUAL,extra=[android.telephony.TelephonyManager/getDeviceId[], [7]]>}}
Interpreter - [MSG]: 

Interpreter - [MSG]: 2 <0 HALT,SUPER,extra=[null, [8, 9]]> at de.ecspride.Exceptions1/onCreate[android.os.Bundle]
Interpreter - [BB]: opcode: 15 12
DalvikVM - [BB]: fu.hao.trust.dvm.Interpreter$OP_HALT -> jump set pc to 3
Interpreter - [MSG]: Cannot resolve the invocation
Taint - [BB]: Not a taint op <2 HALT,SUPER,extra=[null, [8, 9]]>
PluginManager - [MSG]: Taint Tainted Res: {Taint={[reg 3@StackFrame de.ecspride.Exceptions1/onCreate[android.os.Bundle]]=<10 INVOKE,VIRTUAL,extra=[android.telephony.TelephonyManager/getDeviceId[], [7]]>, 359874043116909=<10 INVOKE,VIRTUAL,extra=[android.telephony.TelephonyManager/getDeviceId[], [7]]>}}
Interpreter - [MSG]: 

Interpreter - [MSG]: 3 <0 MOV,CONST,dst=r1,type=void,extra=class patdroid.core.PrimitiveInfo?2130903040> at de.ecspride.Exceptions1/onCreate[android.os.Bundle]
Interpreter - [BB]: opcode: 1 2
Interpreter - [DEBUG]: Mov const begin <3 MOV,CONST,dst=r1,type=void,extra=class patdroid.core.PrimitiveInfo?2130903040>
DalvikVM - [BB]: A[reg 1@StackFrame de.ecspride.Exceptions1/onCreate[android.os.Bundle]] 2130903040
Interpreter - [DEBUG]: data: 2130903040 class patdroid.core.PrimitiveInfo
DalvikVM - [BB]: fu.hao.trust.dvm.Interpreter$OP_MOV_CONST -> jump set pc to 4
PluginManager - [MSG]: Taint Tainted Res: {Taint={[reg 3@StackFrame de.ecspride.Exceptions1/onCreate[android.os.Bundle]]=<10 INVOKE,VIRTUAL,extra=[android.telephony.TelephonyManager/getDeviceId[], [7]]>, 359874043116909=<10 INVOKE,VIRTUAL,extra=[android.telephony.TelephonyManager/getDeviceId[], [7]]>}}
Interpreter - [MSG]: 

Interpreter - [MSG]: 4 <0 INVOKE,VIRTUAL,extra=[android.app.Activity/setContentView[int], [8, 1]]> at de.ecspride.Exceptions1/onCreate[android.os.Bundle]
Interpreter - [BB]: opcode: 12 13
class fu.hao.trust.dvm.Interpreter - [MSG]: arg0 obj: instance number 1@de.ecspride.ActivityLifecycle1
class fu.hao.trust.dvm.Interpreter - [DEBUG]: Reflction class: class android.app.Activity
Interpreter - [BB]: arg1: 2130903040
Interpreter - [DEBUG]: Expected para type: int
Interpreter - [DEBUG]: Real para int
class fu.hao.trust.dvm.Interpreter - [DEBUG]: Caller obj: android.app.Activity@1dee34a0, from class: class android.app.Activity
class fu.hao.trust.dvm.Interpreter - [MSG]: Reflction invocation public void android.app.Activity.setContentView(int)
DalvikVM - [BB]: fu.hao.trust.dvm.Interpreter -> jump set pc to 5
class fu.hao.trust.analysis.Taint$TAINT_OP_INVOKE - [BB]: <android.app.Activity: void setContentView(int)>
class fu.hao.trust.analysis.Taint$TAINT_OP_INVOKE - [DEBUG]: not a taint call: <android.app.Activity: void setContentView(int)>
PluginManager - [MSG]: Taint Tainted Res: {Taint={[reg 3@StackFrame de.ecspride.Exceptions1/onCreate[android.os.Bundle]]=<10 INVOKE,VIRTUAL,extra=[android.telephony.TelephonyManager/getDeviceId[], [7]]>, 359874043116909=<10 INVOKE,VIRTUAL,extra=[android.telephony.TelephonyManager/getDeviceId[], [7]]>}}
Interpreter - [MSG]: 

Interpreter - [MSG]: 5 <0 MOV,CONST,dst=r3,type=java.lang.String,extra=""> at de.ecspride.Exceptions1/onCreate[android.os.Bundle]
Interpreter - [BB]: opcode: 1 2
Interpreter - [DEBUG]: Mov const begin <5 MOV,CONST,dst=r3,type=java.lang.String,extra="">
DalvikVM - [BB]: A[reg 3@StackFrame de.ecspride.Exceptions1/onCreate[android.os.Bundle]] 
Interpreter - [DEBUG]: data:  class java.lang.String
DalvikVM - [BB]: fu.hao.trust.dvm.Interpreter$OP_MOV_CONST -> jump set pc to 6
PluginManager - [MSG]: Taint Tainted Res: {Taint={[reg 3@StackFrame de.ecspride.Exceptions1/onCreate[android.os.Bundle]]=<10 INVOKE,VIRTUAL,extra=[android.telephony.TelephonyManager/getDeviceId[], [7]]>, 359874043116909=<10 INVOKE,VIRTUAL,extra=[android.telephony.TelephonyManager/getDeviceId[], [7]]>}}
Interpreter - [MSG]: 

Interpreter - [MSG]: 6 <0 MOV,CONST,dst=r1,type=java.lang.String,extra="phone"> at de.ecspride.Exceptions1/onCreate[android.os.Bundle]
Interpreter - [BB]: opcode: 1 2
Interpreter - [DEBUG]: Mov const begin <6 MOV,CONST,dst=r1,type=java.lang.String,extra="phone">
DalvikVM - [BB]: A[reg 1@StackFrame de.ecspride.Exceptions1/onCreate[android.os.Bundle]] phone
Interpreter - [DEBUG]: data: phone class java.lang.String
DalvikVM - [BB]: fu.hao.trust.dvm.Interpreter$OP_MOV_CONST -> jump set pc to 7
PluginManager - [MSG]: Taint Tainted Res: {Taint={[reg 3@StackFrame de.ecspride.Exceptions1/onCreate[android.os.Bundle]]=<10 INVOKE,VIRTUAL,extra=[android.telephony.TelephonyManager/getDeviceId[], [7]]>, 359874043116909=<10 INVOKE,VIRTUAL,extra=[android.telephony.TelephonyManager/getDeviceId[], [7]]>}}
Interpreter - [MSG]: 

Interpreter - [MSG]: 7 <0 INVOKE,VIRTUAL,extra=[android.app.Activity/getSystemService[java.lang.String], [8, 1]]> at de.ecspride.Exceptions1/onCreate[android.os.Bundle]
Interpreter - [BB]: opcode: 12 13
class fu.hao.trust.dvm.Interpreter - [MSG]: arg0 obj: instance number 1@de.ecspride.ActivityLifecycle1
class fu.hao.trust.dvm.Interpreter - [DEBUG]: Reflction class: class android.app.Activity
Interpreter - [BB]: arg1: phone
class fu.hao.trust.dvm.Interpreter - [DEBUG]: Caller obj: android.app.Activity@166667c7, from class: class android.app.Activity
class fu.hao.trust.dvm.Interpreter - [DEBUG]: Return data: android.telephony.TelephonyManager@1d27454e ,class android.telephony.TelephonyManager
class fu.hao.trust.dvm.Interpreter - [MSG]: Reflction invocation public java.lang.Object android.app.Activity.getSystemService(java.lang.String)
DalvikVM - [BB]: fu.hao.trust.dvm.Interpreter -> jump set pc to 8
class fu.hao.trust.analysis.Taint$TAINT_OP_INVOKE - [BB]: <android.app.Activity: java.lang.Object getSystemService(java.lang.String)>
class fu.hao.trust.analysis.Taint$TAINT_OP_INVOKE - [DEBUG]: not a taint call: <android.app.Activity: java.lang.Object getSystemService(java.lang.String)>
PluginManager - [MSG]: Taint Tainted Res: {Taint={[reg 3@StackFrame de.ecspride.Exceptions1/onCreate[android.os.Bundle]]=<10 INVOKE,VIRTUAL,extra=[android.telephony.TelephonyManager/getDeviceId[], [7]]>, 359874043116909=<10 INVOKE,VIRTUAL,extra=[android.telephony.TelephonyManager/getDeviceId[], [7]]>}}
Interpreter - [MSG]: 

Interpreter - [MSG]: 8 <0 MOV,RESULT,dst=r7,type=java.lang.Object> at de.ecspride.Exceptions1/onCreate[android.os.Bundle]
Interpreter - [BB]: opcode: 1 21
DalvikVM - [BB]: A[reg 7@StackFrame de.ecspride.Exceptions1/onCreate[android.os.Bundle]] android.telephony.TelephonyManager@1d27454e
OP_MOV_RESULT - [BB]: Result data: android.telephony.TelephonyManager@1d27454e
OP_MOV_RESULT - [DEBUG]: Result data: android.telephony.TelephonyManager@1d27454e, type: java.lang.Object, to [reg 7@StackFrame de.ecspride.Exceptions1/onCreate[android.os.Bundle]]
DalvikVM - [BB]: fu.hao.trust.dvm.Interpreter$OP_MOV_RESULT -> jump set pc to 9
PluginManager - [MSG]: Taint Tainted Res: {Taint={[reg 3@StackFrame de.ecspride.Exceptions1/onCreate[android.os.Bundle]]=<10 INVOKE,VIRTUAL,extra=[android.telephony.TelephonyManager/getDeviceId[], [7]]>, 359874043116909=<10 INVOKE,VIRTUAL,extra=[android.telephony.TelephonyManager/getDeviceId[], [7]]>}}
Interpreter - [MSG]: 

Interpreter - [MSG]: 9 <0 ARITHMETIC,CHECK-AND-CAST,dst=r7,type=android.telephony.TelephonyManager> at de.ecspride.Exceptions1/onCreate[android.os.Bundle]
Interpreter - [BB]: opcode: 13 18
DalvikVM - [BB]: fu.hao.trust.dvm.Interpreter$OP_ARITHETIC -> jump set pc to 10
Taint - [BB]: Not a taint op <9 ARITHMETIC,CHECK-AND-CAST,dst=r7,type=android.telephony.TelephonyManager>
PluginManager - [MSG]: Taint Tainted Res: {Taint={[reg 3@StackFrame de.ecspride.Exceptions1/onCreate[android.os.Bundle]]=<10 INVOKE,VIRTUAL,extra=[android.telephony.TelephonyManager/getDeviceId[], [7]]>, 359874043116909=<10 INVOKE,VIRTUAL,extra=[android.telephony.TelephonyManager/getDeviceId[], [7]]>}}
Interpreter - [MSG]: 

Interpreter - [MSG]: 10 <0 INVOKE,VIRTUAL,extra=[android.telephony.TelephonyManager/getDeviceId[], [7]]> at de.ecspride.Exceptions1/onCreate[android.os.Bundle]
Interpreter - [BB]: opcode: 12 13
DalvikVM - [BB]: A[Global RetReg] null
class fu.hao.trust.dvm.Interpreter - [MSG]: arg0 obj: android.telephony.TelephonyManager@1d27454e
class fu.hao.trust.dvm.Interpreter - [DEBUG]: Reflction class: class android.telephony.TelephonyManager
class fu.hao.trust.dvm.Interpreter - [DEBUG]: Return data: 359874043116909 ,class java.lang.String
class fu.hao.trust.dvm.Interpreter - [MSG]: Reflction invocation public java.lang.String android.telephony.TelephonyManager.getDeviceId()
DalvikVM - [BB]: fu.hao.trust.dvm.Interpreter -> jump set pc to 11
class fu.hao.trust.analysis.Taint$TAINT_OP_INVOKE - [BB]: <android.telephony.TelephonyManager: java.lang.String getDeviceId()>
class fu.hao.trust.analysis.Taint$TAINT_OP_INVOKE - [WARN]: Found a tainted return value!
PluginManager - [MSG]: Taint Tainted Res: {Taint={[reg 3@StackFrame de.ecspride.Exceptions1/onCreate[android.os.Bundle]]=<10 INVOKE,VIRTUAL,extra=[android.telephony.TelephonyManager/getDeviceId[], [7]]>, 359874043116909=<10 INVOKE,VIRTUAL,extra=[android.telephony.TelephonyManager/getDeviceId[], [7]]>, [Global RetReg]=<10 INVOKE,VIRTUAL,extra=[android.telephony.TelephonyManager/getDeviceId[], [7]]>}}
Interpreter - [MSG]: 

Interpreter - [MSG]: 11 <0 MOV,RESULT,dst=r3,type=java.lang.Object> at de.ecspride.Exceptions1/onCreate[android.os.Bundle]
Interpreter - [BB]: opcode: 1 21
DalvikVM - [BB]: A[reg 3@StackFrame de.ecspride.Exceptions1/onCreate[android.os.Bundle]] 359874043116909
OP_MOV_RESULT - [BB]: Result data: 359874043116909
OP_MOV_RESULT - [DEBUG]: Result data: 359874043116909, type: java.lang.String, to [reg 3@StackFrame de.ecspride.Exceptions1/onCreate[android.os.Bundle]]
DalvikVM - [BB]: fu.hao.trust.dvm.Interpreter$OP_MOV_RESULT -> jump set pc to 12
TAINT_OP_MOV_RESULT - [BB]: set {[reg 3@StackFrame de.ecspride.Exceptions1/onCreate[android.os.Bundle]]=<10 INVOKE,VIRTUAL,extra=[android.telephony.TelephonyManager/getDeviceId[], [7]]>, 359874043116909=<10 INVOKE,VIRTUAL,extra=[android.telephony.TelephonyManager/getDeviceId[], [7]]>, [Global RetReg]=<10 INVOKE,VIRTUAL,extra=[android.telephony.TelephonyManager/getDeviceId[], [7]]>}
TAINT_OP_MOV_RESULT - [BB]: Add reg 3 due to ret reg.
PluginManager - [MSG]: Taint Tainted Res: {Taint={[reg 3@StackFrame de.ecspride.Exceptions1/onCreate[android.os.Bundle]]=<10 INVOKE,VIRTUAL,extra=[android.telephony.TelephonyManager/getDeviceId[], [7]]>, 359874043116909=<10 INVOKE,VIRTUAL,extra=[android.telephony.TelephonyManager/getDeviceId[], [7]]>, [reg 3@StackFrame de.ecspride.Exceptions1/onCreate[android.os.Bundle]]=<10 INVOKE,VIRTUAL,extra=[android.telephony.TelephonyManager/getDeviceId[], [7]]>}}
Interpreter - [MSG]: 

Interpreter - [MSG]: 12 <0 NEW,INSTANCE,dst=r1,type=java.lang.RuntimeException> at de.ecspride.Exceptions1/onCreate[android.os.Bundle]
Interpreter - [BB]: opcode: 4 8
OP_NEW_INSTANCE - [DEBUG]: [reg 1@StackFrame de.ecspride.Exceptions1/onCreate[android.os.Bundle]]
DalvikVM - [BB]: A[reg 1@StackFrame de.ecspride.Exceptions1/onCreate[android.os.Bundle]] null
DalvikVM - [BB]: fu.hao.trust.dvm.Interpreter$OP_NEW_INSTANCE -> jump set pc to 13
class fu.hao.trust.analysis.Taint$TAINT_OP_NEW_INSTANCE - [BB]: Rdst [reg 1@StackFrame de.ecspride.Exceptions1/onCreate[android.os.Bundle]]
PluginManager - [MSG]: Taint Tainted Res: {Taint={[reg 3@StackFrame de.ecspride.Exceptions1/onCreate[android.os.Bundle]]=<10 INVOKE,VIRTUAL,extra=[android.telephony.TelephonyManager/getDeviceId[], [7]]>, 359874043116909=<10 INVOKE,VIRTUAL,extra=[android.telephony.TelephonyManager/getDeviceId[], [7]]>, [reg 3@StackFrame de.ecspride.Exceptions1/onCreate[android.os.Bundle]]=<10 INVOKE,VIRTUAL,extra=[android.telephony.TelephonyManager/getDeviceId[], [7]]>}}
Interpreter - [MSG]: 

Interpreter - [MSG]: 13 <0 INVOKE,DIRECT,extra=[java.lang.RuntimeException/<init>[], [1]]> at de.ecspride.Exceptions1/onCreate[android.os.Bundle]
Interpreter - [BB]: opcode: 12 11
DalvikVM - [BB]: A[Global RetReg] null
class fu.hao.trust.dvm.Interpreter - [MSG]: arg0 obj: null
DalvikVM - [BB]: A[reg 1@StackFrame de.ecspride.Exceptions1/onCreate[android.os.Bundle]] java.lang.RuntimeException
class fu.hao.trust.dvm.Interpreter - [DEBUG]: Init instance: java.lang.RuntimeException
DalvikVM - [BB]: fu.hao.trust.dvm.Interpreter -> jump set pc to 14
PluginManager - [MSG]: Taint Tainted Res: {Taint={[reg 3@StackFrame de.ecspride.Exceptions1/onCreate[android.os.Bundle]]=<10 INVOKE,VIRTUAL,extra=[android.telephony.TelephonyManager/getDeviceId[], [7]]>, 359874043116909=<10 INVOKE,VIRTUAL,extra=[android.telephony.TelephonyManager/getDeviceId[], [7]]>, [reg 3@StackFrame de.ecspride.Exceptions1/onCreate[android.os.Bundle]]=<10 INVOKE,VIRTUAL,extra=[android.telephony.TelephonyManager/getDeviceId[], [7]]>}}
Interpreter - [MSG]: 

Interpreter - [MSG]: 14 <0 EXCEPTION,THROW,r0=r1,type=java.lang.Object> at de.ecspride.Exceptions1/onCreate[android.os.Bundle]
Interpreter - [BB]: opcode: 5 57
DalvikVM - [BB]: fu.hao.trust.dvm.Interpreter$OP_EXCEPTION_THROW -> jump set pc to 15
PluginManager - [MSG]: Taint Tainted Res: {Taint={[reg 3@StackFrame de.ecspride.Exceptions1/onCreate[android.os.Bundle]]=<10 INVOKE,VIRTUAL,extra=[android.telephony.TelephonyManager/getDeviceId[], [7]]>, 359874043116909=<10 INVOKE,VIRTUAL,extra=[android.telephony.TelephonyManager/getDeviceId[], [7]]>, [reg 3@StackFrame de.ecspride.Exceptions1/onCreate[android.os.Bundle]]=<10 INVOKE,VIRTUAL,extra=[android.telephony.TelephonyManager/getDeviceId[], [7]]>}}
Interpreter - [MSG]: 

Interpreter - [MSG]: 15 <0 MOV,EXCETPION,dst=r6,type=java.lang.Object> at de.ecspride.Exceptions1/onCreate[android.os.Bundle]
Interpreter - [BB]: opcode: 1 22
DalvikVM - [BB]: A[reg 6@StackFrame de.ecspride.Exceptions1/onCreate[android.os.Bundle]] java.lang.RuntimeException
DalvikVM - [BB]: fu.hao.trust.dvm.Interpreter$OP_MOV_EXCEPTION -> jump set pc to 16
PluginManager - [MSG]: Taint Tainted Res: {Taint={[reg 3@StackFrame de.ecspride.Exceptions1/onCreate[android.os.Bundle]]=<10 INVOKE,VIRTUAL,extra=[android.telephony.TelephonyManager/getDeviceId[], [7]]>, 359874043116909=<10 INVOKE,VIRTUAL,extra=[android.telephony.TelephonyManager/getDeviceId[], [7]]>, [reg 3@StackFrame de.ecspride.Exceptions1/onCreate[android.os.Bundle]]=<10 INVOKE,VIRTUAL,extra=[android.telephony.TelephonyManager/getDeviceId[], [7]]>}}
Interpreter - [MSG]: 

Interpreter - [MSG]: 16 <0 INVOKE,STATIC,extra=[android.telephony.SmsManager/getDefault[], []]> at de.ecspride.Exceptions1/onCreate[android.os.Bundle]
Interpreter - [BB]: opcode: 12 14
DalvikVM - [BB]: A[Global RetReg] null
Interpreter - [DEBUG]: reflction class android.telephony.SmsManager
Interpreter - [DEBUG]: return data: android.telephony.SmsManager@2ab59e2c class android.telephony.SmsManager
Interpreter - [MSG]: reflction invocation public static android.telephony.SmsManager android.telephony.SmsManager.getDefault()
DalvikVM - [BB]: fu.hao.trust.dvm.Interpreter$OP_INVOKE_STATIC -> jump set pc to 17
class fu.hao.trust.analysis.Taint$TAINT_OP_INVOKE - [BB]: <android.telephony.SmsManager: android.telephony.SmsManager getDefault()>
class fu.hao.trust.analysis.Taint$TAINT_OP_INVOKE - [DEBUG]: not a taint call: <android.telephony.SmsManager: android.telephony.SmsManager getDefault()>
PluginManager - [MSG]: Taint Tainted Res: {Taint={[reg 3@StackFrame de.ecspride.Exceptions1/onCreate[android.os.Bundle]]=<10 INVOKE,VIRTUAL,extra=[android.telephony.TelephonyManager/getDeviceId[], [7]]>, 359874043116909=<10 INVOKE,VIRTUAL,extra=[android.telephony.TelephonyManager/getDeviceId[], [7]]>, [reg 3@StackFrame de.ecspride.Exceptions1/onCreate[android.os.Bundle]]=<10 INVOKE,VIRTUAL,extra=[android.telephony.TelephonyManager/getDeviceId[], [7]]>}}
Interpreter - [MSG]: 

Interpreter - [MSG]: 17 <0 MOV,RESULT,dst=r0,type=java.lang.Object> at de.ecspride.Exceptions1/onCreate[android.os.Bundle]
Interpreter - [BB]: opcode: 1 21
DalvikVM - [BB]: A[reg 0@StackFrame de.ecspride.Exceptions1/onCreate[android.os.Bundle]] android.telephony.SmsManager@2ab59e2c
OP_MOV_RESULT - [BB]: Result data: android.telephony.SmsManager@2ab59e2c
OP_MOV_RESULT - [DEBUG]: Result data: android.telephony.SmsManager@2ab59e2c, type: android.telephony.SmsManager, to [reg 0@StackFrame de.ecspride.Exceptions1/onCreate[android.os.Bundle]]
DalvikVM - [BB]: fu.hao.trust.dvm.Interpreter$OP_MOV_RESULT -> jump set pc to 18
PluginManager - [MSG]: Taint Tainted Res: {Taint={[reg 3@StackFrame de.ecspride.Exceptions1/onCreate[android.os.Bundle]]=<10 INVOKE,VIRTUAL,extra=[android.telephony.TelephonyManager/getDeviceId[], [7]]>, 359874043116909=<10 INVOKE,VIRTUAL,extra=[android.telephony.TelephonyManager/getDeviceId[], [7]]>, [reg 3@StackFrame de.ecspride.Exceptions1/onCreate[android.os.Bundle]]=<10 INVOKE,VIRTUAL,extra=[android.telephony.TelephonyManager/getDeviceId[], [7]]>}}
Interpreter - [MSG]: 

Interpreter - [MSG]: 18 <0 MOV,CONST,dst=r1,type=java.lang.String,extra="+49 1234"> at de.ecspride.Exceptions1/onCreate[android.os.Bundle]
Interpreter - [BB]: opcode: 1 2
Interpreter - [DEBUG]: Mov const begin <18 MOV,CONST,dst=r1,type=java.lang.String,extra="+49 1234">
DalvikVM - [BB]: A[reg 1@StackFrame de.ecspride.Exceptions1/onCreate[android.os.Bundle]] +49 1234
Interpreter - [DEBUG]: data: +49 1234 class java.lang.String
DalvikVM - [BB]: fu.hao.trust.dvm.Interpreter$OP_MOV_CONST -> jump set pc to 19
PluginManager - [MSG]: Taint Tainted Res: {Taint={[reg 3@StackFrame de.ecspride.Exceptions1/onCreate[android.os.Bundle]]=<10 INVOKE,VIRTUAL,extra=[android.telephony.TelephonyManager/getDeviceId[], [7]]>, 359874043116909=<10 INVOKE,VIRTUAL,extra=[android.telephony.TelephonyManager/getDeviceId[], [7]]>, [reg 3@StackFrame de.ecspride.Exceptions1/onCreate[android.os.Bundle]]=<10 INVOKE,VIRTUAL,extra=[android.telephony.TelephonyManager/getDeviceId[], [7]]>}}
Interpreter - [MSG]: 

Interpreter - [MSG]: 19 <0 MOV,REG,dst=r4,r0=r2,type=java.lang.Object> at de.ecspride.Exceptions1/onCreate[android.os.Bundle]
Interpreter - [BB]: opcode: 1 1
DalvikVM - [BB]: A[reg 4@StackFrame de.ecspride.Exceptions1/onCreate[android.os.Bundle]] 0
class fu.hao.trust.dvm.Interpreter$OP_MOVE_REG - [DEBUG]: mov 0 to 0
DalvikVM - [BB]: fu.hao.trust.dvm.Interpreter$OP_MOVE_REG -> jump set pc to 20
PluginManager - [MSG]: Taint Tainted Res: {Taint={[reg 3@StackFrame de.ecspride.Exceptions1/onCreate[android.os.Bundle]]=<10 INVOKE,VIRTUAL,extra=[android.telephony.TelephonyManager/getDeviceId[], [7]]>, 359874043116909=<10 INVOKE,VIRTUAL,extra=[android.telephony.TelephonyManager/getDeviceId[], [7]]>, [reg 3@StackFrame de.ecspride.Exceptions1/onCreate[android.os.Bundle]]=<10 INVOKE,VIRTUAL,extra=[android.telephony.TelephonyManager/getDeviceId[], [7]]>}}
Interpreter - [MSG]: 

Interpreter - [MSG]: 20 <0 MOV,REG,dst=r5,r0=r2,type=java.lang.Object> at de.ecspride.Exceptions1/onCreate[android.os.Bundle]
Interpreter - [BB]: opcode: 1 1
DalvikVM - [BB]: A[reg 5@StackFrame de.ecspride.Exceptions1/onCreate[android.os.Bundle]] 0
class fu.hao.trust.dvm.Interpreter$OP_MOVE_REG - [DEBUG]: mov 0 to 0
DalvikVM - [BB]: fu.hao.trust.dvm.Interpreter$OP_MOVE_REG -> jump set pc to 21
PluginManager - [MSG]: Taint Tainted Res: {Taint={[reg 3@StackFrame de.ecspride.Exceptions1/onCreate[android.os.Bundle]]=<10 INVOKE,VIRTUAL,extra=[android.telephony.TelephonyManager/getDeviceId[], [7]]>, 359874043116909=<10 INVOKE,VIRTUAL,extra=[android.telephony.TelephonyManager/getDeviceId[], [7]]>, [reg 3@StackFrame de.ecspride.Exceptions1/onCreate[android.os.Bundle]]=<10 INVOKE,VIRTUAL,extra=[android.telephony.TelephonyManager/getDeviceId[], [7]]>}}
Interpreter - [MSG]: 

Interpreter - [MSG]: 21 <0 INVOKE,VIRTUAL,extra=[android.telephony.SmsManager/sendTextMessage[java.lang.String, java.lang.String, java.lang.String, android.app.PendingIntent, android.app.PendingIntent], [0, 1, 2, 3, 4, 5]]> at de.ecspride.Exceptions1/onCreate[android.os.Bundle]
Interpreter - [BB]: opcode: 12 13
DalvikVM - [BB]: A[Global RetReg] null
class fu.hao.trust.dvm.Interpreter - [MSG]: arg0 obj: android.telephony.SmsManager@2ab59e2c
class fu.hao.trust.dvm.Interpreter - [DEBUG]: Reflction class: class android.telephony.SmsManager
Interpreter - [BB]: arg1: +49 1234
Interpreter - [BB]: arg2: 0
Interpreter - [WARN]: Mismatch type! arg 2, real para type: class patdroid.core.PrimitiveInfo, expected para type: class java.lang.String
Interpreter - [BB]: arg3: 359874043116909
Interpreter - [BB]: arg4: 0
Interpreter - [WARN]: Mismatch type! arg 4, real para type: class patdroid.core.PrimitiveInfo, expected para type: class android.app.PendingIntent
Interpreter - [BB]: arg5: 0
Interpreter - [WARN]: Mismatch type! arg 5, real para type: class patdroid.core.PrimitiveInfo, expected para type: class android.app.PendingIntent
class fu.hao.trust.dvm.Interpreter - [DEBUG]: Caller obj: android.telephony.SmsManager@2ab59e2c, from class: class android.telephony.SmsManager
class fu.hao.trust.dvm.Interpreter - [MSG]: Reflction invocation public void android.telephony.SmsManager.sendTextMessage(java.lang.String,java.lang.String,java.lang.String,android.app.PendingIntent,android.app.PendingIntent)
DalvikVM - [BB]: fu.hao.trust.dvm.Interpreter -> jump set pc to 22
class fu.hao.trust.analysis.Taint$TAINT_OP_INVOKE - [BB]: <android.telephony.SmsManager: void sendTextMessage(java.lang.String,java.lang.String,java.lang.String,android.app.PendingIntent,android.app.PendingIntent)>
class fu.hao.trust.analysis.Taint$TAINT_OP_INVOKE - [BB]: Found a sink invocation. <android.telephony.SmsManager: void sendTextMessage(java.lang.String,java.lang.String,java.lang.String,android.app.PendingIntent,android.app.PendingIntent)>
class fu.hao.trust.analysis.Taint$TAINT_OP_INVOKE - [WARN]: Found a taint sink <android.telephony.SmsManager: void sendTextMessage(java.lang.String,java.lang.String,java.lang.String,android.app.PendingIntent,android.app.PendingIntent)> leaking data [359874043116909] at reg 3!!!
PluginManager - [MSG]: Taint Tainted Res: {Taint={[reg 3@StackFrame de.ecspride.Exceptions1/onCreate[android.os.Bundle]]=<10 INVOKE,VIRTUAL,extra=[android.telephony.TelephonyManager/getDeviceId[], [7]]>, 359874043116909=<10 INVOKE,VIRTUAL,extra=[android.telephony.TelephonyManager/getDeviceId[], [7]]>, [reg 3@StackFrame de.ecspride.Exceptions1/onCreate[android.os.Bundle]]=<10 INVOKE,VIRTUAL,extra=[android.telephony.TelephonyManager/getDeviceId[], [7]]>}}
Interpreter - [MSG]: 

Interpreter - [MSG]: 22 <0 RETURN,VOID> at de.ecspride.Exceptions1/onCreate[android.os.Bundle]
Interpreter - [BB]: opcode: 2 3
class fu.hao.trust.dvm.Interpreter$OP_RETURN_VOID - [DEBUG]: Return void
DalvikVM - [BB]: stack [StackFrame de.ecspride.Exceptions1/onCreate[android.os.Bundle]]
DalvikVM - [BB]: stack []
Interpreter - [MSG]: RUN DONE! The last one is onCreate
