ResolveIntent - [MSG]: C:\Users\hao\workspace\DroidBenchProj\ServiceLifecycle2\app\ServiceLifecycle2.apk
DalvikVM - [MSG]: Begin run onCreate at C:\Users\hao\workspace\DroidBenchProj\ServiceLifecycle2\app\ServiceLifecycle2.apk
DalvikVM - [MSG]: RUN Method edu.mit.service_lifecycle.MainActivity/onCreate[android.os.Bundle]
Executor - [DEBUG]: Read manifest csv: ./output/manifests/ServiceLifecycle2.apk_manifest.csv
Executor - [WARN]: .\output\manifests\ServiceLifecycle2.apk_manifest.csv (The system cannot find the file specified)
DalvikVM - [BB]: New method call: edu.mit.service_lifecycle.MainActivity/onCreate[android.os.Bundle]
DalvikVM - [BB]: [0]<0 SPECIAL,ARGUMENT_SET,extra=[3, 4]>
DalvikVM - [BB]: [1]<0 HALT,SUPER,extra=[null, [3, 4]]>
DalvikVM - [BB]: [2]<1 MOV,CONST,dst=r2,type=void,extra=class patdroid.core.PrimitiveInfo?2130903040>
DalvikVM - [BB]: [3]<0 INVOKE,VIRTUAL,extra=[android.app.Activity/setContentView[int], [3, 2]]>
DalvikVM - [BB]: [4]<0 NEW,INSTANCE,dst=r0,type=android.content.Intent>
DalvikVM - [BB]: [5]<4 MOV,CONST,dst=r2,type=java.lang.Class,extra=class patdroid.core.ClassInfo?edu.mit.service_lifecycle.MyService>
DalvikVM - [BB]: [6]<0 INVOKE,DIRECT,extra=[android.content.Intent/<init>[android.content.Context, java.lang.Class], [0, 3, 2]]>
DalvikVM - [BB]: [7]<0 INVOKE,VIRTUAL,extra=[android.content.ContextWrapper/startService[android.content.Intent], [3, 0]]>
DalvikVM - [BB]: [8]<0 NEW,INSTANCE,dst=r1,type=android.content.Intent>
DalvikVM - [BB]: [9]<8 MOV,CONST,dst=r2,type=java.lang.Class,extra=class patdroid.core.ClassInfo?edu.mit.service_lifecycle.MyService>
DalvikVM - [BB]: [10]<0 INVOKE,DIRECT,extra=[android.content.Intent/<init>[android.content.Context, java.lang.Class], [1, 3, 2]]>
DalvikVM - [BB]: [11]<0 INVOKE,VIRTUAL,extra=[android.content.ContextWrapper/startService[android.content.Intent], [3, 1]]>
DalvikVM - [BB]: [12]<0 RETURN,VOID>
newStackFrame - [BB]: New Stack Frame: StackFrame edu.mit.service_lifecycle.MainActivity/onCreate[android.os.Bundle]
newStackFrame - [BB]: Stack: [StackFrame edu.mit.service_lifecycle.MainActivity/onCreate[android.os.Bundle]]
Executor - [MSG]: New chain obj with type edu.mit.service_lifecycle.MainActivity
Activity - [BB]: New instance of edu.mit.service_lifecycle.MainActivity
Caller@4: <init>@fu.hao.trust.dvm.DVMObject - [BB]: getClass edu.mit.service_lifecycle.MainActivity at fu.hao.trust.dvm.VMHeap@346cd0f9
Caller: getClass@fu.hao.trust.dvm.VMHeap - [BB]: new class representation for edu.mit.service_lifecycle.MainActivity at fu.hao.trust.dvm.VMHeap@346cd0f9
Caller@4: <init>@fu.hao.trust.dvm.DVMClass - [BB]: getClass android.app.Activity at fu.hao.trust.dvm.VMHeap@346cd0f9
Caller: getClass@fu.hao.trust.dvm.VMHeap - [BB]: new class representation for android.app.Activity at fu.hao.trust.dvm.VMHeap@346cd0f9
Caller@4: <init>@fu.hao.trust.dvm.DVMClass - [BB]: getClass android.content.ContextWrapper at fu.hao.trust.dvm.VMHeap@346cd0f9
Caller: getClass@fu.hao.trust.dvm.VMHeap - [BB]: new class representation for android.content.ContextWrapper at fu.hao.trust.dvm.VMHeap@346cd0f9
Caller@4: <init>@fu.hao.trust.dvm.DVMClass - [BB]: getClass android.content.Context at fu.hao.trust.dvm.VMHeap@346cd0f9
Caller: getClass@fu.hao.trust.dvm.VMHeap - [BB]: new class representation for android.content.Context at fu.hao.trust.dvm.VMHeap@346cd0f9
Caller@4: <init>@fu.hao.trust.dvm.DVMClass - [BB]: getClass fu.hao.trust.dvm.DVMObject at fu.hao.trust.dvm.VMHeap@346cd0f9
Caller: getClass@fu.hao.trust.dvm.VMHeap - [BB]: new class representation for fu.hao.trust.dvm.DVMObject at fu.hao.trust.dvm.VMHeap@346cd0f9
Caller: <init>@fu.hao.trust.dvm.DVMClass - [BB]: Get DVMClass for type fu.hao.trust.dvm.DVMObject
Caller@4: <init>@fu.hao.trust.dvm.DVMClass - [BB]: getClass fu.hao.trust.dvm.DVMObject at fu.hao.trust.dvm.VMHeap@346cd0f9
Caller: <init>@fu.hao.trust.dvm.DVMClass - [BB]: Get DVMClass for type android.content.Context
Caller@4: <init>@fu.hao.trust.dvm.DVMClass - [BB]: getClass android.content.Context at fu.hao.trust.dvm.VMHeap@346cd0f9
Caller: <init>@fu.hao.trust.dvm.DVMClass - [BB]: Get DVMClass for type android.content.ContextWrapper
Caller@4: <init>@fu.hao.trust.dvm.DVMClass - [BB]: getClass android.content.ContextWrapper at fu.hao.trust.dvm.VMHeap@346cd0f9
Caller: <init>@fu.hao.trust.dvm.DVMClass - [BB]: Get DVMClass for type android.app.Activity
Caller@4: <init>@fu.hao.trust.dvm.DVMClass - [BB]: getClass android.app.Activity at fu.hao.trust.dvm.VMHeap@346cd0f9
Caller: <init>@fu.hao.trust.dvm.DVMObject - [BB]: Get DVMClass for type edu.mit.service_lifecycle.MainActivity
Caller@4: <init>@fu.hao.trust.dvm.DVMObject - [BB]: getClass edu.mit.service_lifecycle.MainActivity at fu.hao.trust.dvm.VMHeap@346cd0f9
Activity - [BB]: New Activity Created with type edu.mit.service_lifecycle.MainActivity
Executor - [MSG]: RUN BEGIN edu.mit.service_lifecycle.MainActivity/onCreate[android.os.Bundle]
DalvikVM - [BB]: fu.hao.trust.dvm.Executor -> run set pc to 0
Executor - [MSG]: 

Executor - [MSG]: <0 SPECIAL,ARGUMENT_SET,extra=[3, 4]> at edu.mit.service_lifecycle.MainActivity/onCreate[android.os.Bundle]
Executor - [WARN]: NULL CallingCtx!
Executor - [DEBUG]: args: Activity:instance number 1@edu.mit.service_lifecycle.MainActivity
Executor - [BB]: Start param from 1
DVMObject - [BB]: New instance of android.os.Bundle
Caller@4: <init>@fu.hao.trust.dvm.DVMObject - [BB]: getClass android.os.Bundle at fu.hao.trust.dvm.VMHeap@346cd0f9
Caller: getClass@fu.hao.trust.dvm.VMHeap - [BB]: new class representation for android.os.Bundle at fu.hao.trust.dvm.VMHeap@346cd0f9
Caller: <init>@fu.hao.trust.dvm.DVMObject - [BB]: Get DVMClass for type android.os.Bundle
Caller@4: <init>@fu.hao.trust.dvm.DVMObject - [BB]: getClass android.os.Bundle at fu.hao.trust.dvm.VMHeap@346cd0f9
Executor - [DEBUG]: args: instance number 1@android.os.Bundle
DalvikVM - [BB]: fu.hao.trust.dvm.Executor$OP_SP_ARGUMENTS -> jump set pc to 1
Executor - [MSG]: 

Executor - [MSG]: <1 HALT,SUPER,extra=[null, [3, 4]]> at edu.mit.service_lifecycle.MainActivity/onCreate[android.os.Bundle]
DalvikVM - [BB]: fu.hao.trust.dvm.Executor$OP_HALT -> jump set pc to 2
Executor - [MSG]: Cannot resolve the invocation
Executor - [MSG]: 

Executor - [MSG]: <2 MOV,CONST,dst=r2,type=void,extra=class patdroid.core.PrimitiveInfo?2130903040> at edu.mit.service_lifecycle.MainActivity/onCreate[android.os.Bundle]
Executor - [DEBUG]: Mov const begin <2 MOV,CONST,dst=r2,type=void,extra=class patdroid.core.PrimitiveInfo?2130903040>
Executor - [DEBUG]: data: 2130903040 class patdroid.core.PrimitiveInfo
DalvikVM - [BB]: fu.hao.trust.dvm.Executor$OP_MOV_CONST -> jump set pc to 3
Executor - [MSG]: 

Executor - [MSG]: <3 INVOKE,VIRTUAL,extra=[android.app.Activity/setContentView[int], [3, 2]]> at edu.mit.service_lifecycle.MainActivity/onCreate[android.os.Bundle]
Executor - [MSG]: arg0 obj: Activity:instance number 1@edu.mit.service_lifecycle.MainActivity
Executor - [DEBUG]: Reflction class: class android.app.Activity
Executor - [BB]: Normal args? true
Executor - [BB]: arg1@reg2: 2130903040
Executor - [DEBUG]: Expected para type: int
Executor - [DEBUG]: Real para int, value: 2130903040
Executor - [BB]: Nargs? true
Executor - [DEBUG]: Caller obj: Activity:instance number 1@edu.mit.service_lifecycle.MainActivity, from class: class android.app.Activity
Executor - [MSG]: Reflction invocation public void android.app.Activity.setContentView(int)
DalvikVM - [BB]: Set reflective call: public void android.app.Activity.setContentView(int)
DalvikVM - [BB]: fu.hao.trust.dvm.Executor -> jump set pc to 4
Executor - [MSG]: 

Executor - [MSG]: <4 NEW,INSTANCE,dst=r0,type=android.content.Intent> at edu.mit.service_lifecycle.MainActivity/onCreate[android.os.Bundle]
OP_NEW_INSTANCE - [DEBUG]: [reg 0@MainActivity/onCreate]
OP_NEW_INSTANCE - [BB]: Reflecable instance.
DalvikVM - [BB]: fu.hao.trust.dvm.Executor$OP_NEW_INSTANCE -> jump set pc to 5
Executor - [MSG]: 

Executor - [MSG]: <5 MOV,CONST,dst=r2,type=java.lang.Class,extra=class patdroid.core.ClassInfo?edu.mit.service_lifecycle.MyService> at edu.mit.service_lifecycle.MainActivity/onCreate[android.os.Bundle]
Executor - [DEBUG]: Mov const begin <5 MOV,CONST,dst=r2,type=java.lang.Class,extra=class patdroid.core.ClassInfo?edu.mit.service_lifecycle.MyService>
DalvikVM - [BB]: ar2 <2130903040, void>, <edu.mit.service_lifecycle.MyService, java.lang.Class>
Executor - [DEBUG]: data: edu.mit.service_lifecycle.MyService class patdroid.core.ClassInfo
DalvikVM - [BB]: fu.hao.trust.dvm.Executor$OP_MOV_CONST -> jump set pc to 6
Executor - [MSG]: 

Executor - [MSG]: <6 INVOKE,DIRECT,extra=[android.content.Intent/<init>[android.content.Context, java.lang.Class], [0, 3, 2]]> at edu.mit.service_lifecycle.MainActivity/onCreate[android.os.Bundle]
Executor - [MSG]: arg0 obj: null
Executor - [BB]: android.content.Intent/<init>[android.content.Context, java.lang.Class] is a constructor!
Executor - [BB]: arg1@reg3: Activity:instance number 1@edu.mit.service_lifecycle.MainActivity
Executor - [BB]: arg2@reg2: edu.mit.service_lifecycle.MyService
Executor - [WARN]: Mismatch type! arg 2, real para type: class patdroid.core.ClassInfo, expected para type: class java.lang.Class
Intent - [BB]: New intent with target cls edu.mit.service_lifecycle.MyService
DalvikVM - [BB]: ar0 <null, android.content.Intent>, <[intent:, edu.mit.service_lifecycle.MyService, null], android.content.Intent>
Executor - [DEBUG]: Init instance: [intent:, edu.mit.service_lifecycle.MyService, null] class android.content.Intent
DalvikVM - [BB]: fu.hao.trust.dvm.Executor -> jump set pc to 7
Executor - [MSG]: 

Executor - [MSG]: <7 INVOKE,VIRTUAL,extra=[android.content.ContextWrapper/startService[android.content.Intent], [3, 0]]> at edu.mit.service_lifecycle.MainActivity/onCreate[android.os.Bundle]
Executor - [MSG]: arg0 obj: Activity:instance number 1@edu.mit.service_lifecycle.MainActivity
Executor - [DEBUG]: Reflction class: class android.content.ContextWrapper
Executor - [BB]: Normal args? true
Executor - [BB]: arg1@reg0: [intent:, edu.mit.service_lifecycle.MyService, null]
Executor - [BB]: Nargs? true
Executor - [DEBUG]: Caller obj: Activity:instance number 1@edu.mit.service_lifecycle.MainActivity, from class: class android.app.Activity
Executor - [MSG]: Reflction invocation public android.content.ComponentName android.content.ContextWrapper.startService(android.content.Intent)
DalvikVM - [BB]: Set reflective call: public android.content.ComponentName android.content.ContextWrapper.startService(android.content.Intent)
DalvikVM - [BB]: fu.hao.trust.dvm.Executor -> jump set pc to 8
Executor - [MSG]: 

Executor - [MSG]: <8 NEW,INSTANCE,dst=r1,type=android.content.Intent> at edu.mit.service_lifecycle.MainActivity/onCreate[android.os.Bundle]
OP_NEW_INSTANCE - [DEBUG]: [reg 1@MainActivity/onCreate]
OP_NEW_INSTANCE - [BB]: Reflecable instance.
DalvikVM - [BB]: fu.hao.trust.dvm.Executor$OP_NEW_INSTANCE -> jump set pc to 9
Executor - [MSG]: 

Executor - [MSG]: <9 MOV,CONST,dst=r2,type=java.lang.Class,extra=class patdroid.core.ClassInfo?edu.mit.service_lifecycle.MyService> at edu.mit.service_lifecycle.MainActivity/onCreate[android.os.Bundle]
Executor - [DEBUG]: Mov const begin <9 MOV,CONST,dst=r2,type=java.lang.Class,extra=class patdroid.core.ClassInfo?edu.mit.service_lifecycle.MyService>
DalvikVM - [BB]: ar2 <edu.mit.service_lifecycle.MyService, java.lang.Class>, <edu.mit.service_lifecycle.MyService, java.lang.Class>
Executor - [DEBUG]: data: edu.mit.service_lifecycle.MyService class patdroid.core.ClassInfo
DalvikVM - [BB]: fu.hao.trust.dvm.Executor$OP_MOV_CONST -> jump set pc to 10
Executor - [MSG]: 

Executor - [MSG]: <10 INVOKE,DIRECT,extra=[android.content.Intent/<init>[android.content.Context, java.lang.Class], [1, 3, 2]]> at edu.mit.service_lifecycle.MainActivity/onCreate[android.os.Bundle]
Executor - [MSG]: arg0 obj: null
Executor - [BB]: android.content.Intent/<init>[android.content.Context, java.lang.Class] is a constructor!
Executor - [BB]: arg1@reg3: Activity:instance number 1@edu.mit.service_lifecycle.MainActivity
Executor - [BB]: arg2@reg2: edu.mit.service_lifecycle.MyService
Executor - [WARN]: Mismatch type! arg 2, real para type: class patdroid.core.ClassInfo, expected para type: class java.lang.Class
Intent - [BB]: New intent with target cls edu.mit.service_lifecycle.MyService
DalvikVM - [BB]: ar1 <null, android.content.Intent>, <[intent:, edu.mit.service_lifecycle.MyService, null], android.content.Intent>
Executor - [DEBUG]: Init instance: [intent:, edu.mit.service_lifecycle.MyService, null] class android.content.Intent
DalvikVM - [BB]: fu.hao.trust.dvm.Executor -> jump set pc to 11
Executor - [MSG]: 

Executor - [MSG]: <11 INVOKE,VIRTUAL,extra=[android.content.ContextWrapper/startService[android.content.Intent], [3, 1]]> at edu.mit.service_lifecycle.MainActivity/onCreate[android.os.Bundle]
Executor - [MSG]: arg0 obj: Activity:instance number 1@edu.mit.service_lifecycle.MainActivity
Executor - [DEBUG]: Reflction class: class android.content.ContextWrapper
Executor - [BB]: Normal args? true
Executor - [BB]: arg1@reg1: [intent:, edu.mit.service_lifecycle.MyService, null]
Executor - [BB]: Nargs? true
Executor - [DEBUG]: Caller obj: Activity:instance number 1@edu.mit.service_lifecycle.MainActivity, from class: class android.app.Activity
Executor - [MSG]: Reflction invocation public android.content.ComponentName android.content.ContextWrapper.startService(android.content.Intent)
DalvikVM - [BB]: Set reflective call: public android.content.ComponentName android.content.ContextWrapper.startService(android.content.Intent)
DalvikVM - [BB]: fu.hao.trust.dvm.Executor -> jump set pc to 12
Executor - [MSG]: 

Executor - [MSG]: <12 RETURN,VOID> at edu.mit.service_lifecycle.MainActivity/onCreate[android.os.Bundle]
class fu.hao.trust.dvm.Executor$OP_RETURN_VOID - [DEBUG]: Return void
DalvikVM - [BB]: Back to the last stack frame.null
Executor - [MSG]: RUN DONE! The last one is onCreate
DalvikVM - [MSG]: FINISHED!

DalvikVM - [MSG]: Begin run onCreate at C:\Users\hao\workspace\DroidBenchProj\ServiceLifecycle2\app\ServiceLifecycle2.apk
DalvikVM - [MSG]: RUN Method edu.mit.service_lifecycle.MainActivity/onCreate[android.os.Bundle]
Executor - [DEBUG]: Read manifest csv: ./output/manifests/ServiceLifecycle2.apk_manifest.csv
Executor - [WARN]: .\output\manifests\ServiceLifecycle2.apk_manifest.csv (The system cannot find the file specified)
DalvikVM - [BB]: New method call: edu.mit.service_lifecycle.MainActivity/onCreate[android.os.Bundle]
DalvikVM - [BB]: [0]<0 SPECIAL,ARGUMENT_SET,extra=[3, 4]>
DalvikVM - [BB]: [1]<0 HALT,SUPER,extra=[null, [3, 4]]>
DalvikVM - [BB]: [2]<1 MOV,CONST,dst=r2,type=void,extra=class patdroid.core.PrimitiveInfo?2130903040>
DalvikVM - [BB]: [3]<0 INVOKE,VIRTUAL,extra=[android.app.Activity/setContentView[int], [3, 2]]>
DalvikVM - [BB]: [4]<0 NEW,INSTANCE,dst=r0,type=android.content.Intent>
DalvikVM - [BB]: [5]<4 MOV,CONST,dst=r2,type=java.lang.Class,extra=class patdroid.core.ClassInfo?edu.mit.service_lifecycle.MyService>
DalvikVM - [BB]: [6]<0 INVOKE,DIRECT,extra=[android.content.Intent/<init>[android.content.Context, java.lang.Class], [0, 3, 2]]>
DalvikVM - [BB]: [7]<0 INVOKE,VIRTUAL,extra=[android.content.ContextWrapper/startService[android.content.Intent], [3, 0]]>
DalvikVM - [BB]: [8]<0 NEW,INSTANCE,dst=r1,type=android.content.Intent>
DalvikVM - [BB]: [9]<8 MOV,CONST,dst=r2,type=java.lang.Class,extra=class patdroid.core.ClassInfo?edu.mit.service_lifecycle.MyService>
DalvikVM - [BB]: [10]<0 INVOKE,DIRECT,extra=[android.content.Intent/<init>[android.content.Context, java.lang.Class], [1, 3, 2]]>
DalvikVM - [BB]: [11]<0 INVOKE,VIRTUAL,extra=[android.content.ContextWrapper/startService[android.content.Intent], [3, 1]]>
DalvikVM - [BB]: [12]<0 RETURN,VOID>
newStackFrame - [BB]: New Stack Frame: StackFrame edu.mit.service_lifecycle.MainActivity/onCreate[android.os.Bundle]
newStackFrame - [BB]: Stack: [StackFrame edu.mit.service_lifecycle.MainActivity/onCreate[android.os.Bundle]]
Executor - [MSG]: New chain obj with type edu.mit.service_lifecycle.MainActivity
Activity - [BB]: New instance of edu.mit.service_lifecycle.MainActivity
Caller@4: <init>@fu.hao.trust.dvm.DVMObject - [BB]: getClass edu.mit.service_lifecycle.MainActivity at fu.hao.trust.dvm.VMHeap@5a35dfb4
Caller: getClass@fu.hao.trust.dvm.VMHeap - [BB]: new class representation for edu.mit.service_lifecycle.MainActivity at fu.hao.trust.dvm.VMHeap@5a35dfb4
Caller@4: <init>@fu.hao.trust.dvm.DVMClass - [BB]: getClass android.app.Activity at fu.hao.trust.dvm.VMHeap@5a35dfb4
Caller: getClass@fu.hao.trust.dvm.VMHeap - [BB]: new class representation for android.app.Activity at fu.hao.trust.dvm.VMHeap@5a35dfb4
Caller@4: <init>@fu.hao.trust.dvm.DVMClass - [BB]: getClass android.content.ContextWrapper at fu.hao.trust.dvm.VMHeap@5a35dfb4
Caller: getClass@fu.hao.trust.dvm.VMHeap - [BB]: new class representation for android.content.ContextWrapper at fu.hao.trust.dvm.VMHeap@5a35dfb4
Caller@4: <init>@fu.hao.trust.dvm.DVMClass - [BB]: getClass android.content.Context at fu.hao.trust.dvm.VMHeap@5a35dfb4
Caller: getClass@fu.hao.trust.dvm.VMHeap - [BB]: new class representation for android.content.Context at fu.hao.trust.dvm.VMHeap@5a35dfb4
Caller@4: <init>@fu.hao.trust.dvm.DVMClass - [BB]: getClass fu.hao.trust.dvm.DVMObject at fu.hao.trust.dvm.VMHeap@5a35dfb4
Caller: getClass@fu.hao.trust.dvm.VMHeap - [BB]: new class representation for fu.hao.trust.dvm.DVMObject at fu.hao.trust.dvm.VMHeap@5a35dfb4
Caller: <init>@fu.hao.trust.dvm.DVMClass - [BB]: Get DVMClass for type fu.hao.trust.dvm.DVMObject
Caller@4: <init>@fu.hao.trust.dvm.DVMClass - [BB]: getClass fu.hao.trust.dvm.DVMObject at fu.hao.trust.dvm.VMHeap@5a35dfb4
Caller: <init>@fu.hao.trust.dvm.DVMClass - [BB]: Get DVMClass for type android.content.Context
Caller@4: <init>@fu.hao.trust.dvm.DVMClass - [BB]: getClass android.content.Context at fu.hao.trust.dvm.VMHeap@5a35dfb4
Caller: <init>@fu.hao.trust.dvm.DVMClass - [BB]: Get DVMClass for type android.content.ContextWrapper
Caller@4: <init>@fu.hao.trust.dvm.DVMClass - [BB]: getClass android.content.ContextWrapper at fu.hao.trust.dvm.VMHeap@5a35dfb4
Caller: <init>@fu.hao.trust.dvm.DVMClass - [BB]: Get DVMClass for type android.app.Activity
Caller@4: <init>@fu.hao.trust.dvm.DVMClass - [BB]: getClass android.app.Activity at fu.hao.trust.dvm.VMHeap@5a35dfb4
Caller: <init>@fu.hao.trust.dvm.DVMObject - [BB]: Get DVMClass for type edu.mit.service_lifecycle.MainActivity
Caller@4: <init>@fu.hao.trust.dvm.DVMObject - [BB]: getClass edu.mit.service_lifecycle.MainActivity at fu.hao.trust.dvm.VMHeap@5a35dfb4
Activity - [BB]: New Activity Created with type edu.mit.service_lifecycle.MainActivity
Executor - [MSG]: RUN BEGIN edu.mit.service_lifecycle.MainActivity/onCreate[android.os.Bundle]
DalvikVM - [BB]: fu.hao.trust.dvm.Executor -> run set pc to 0
Executor - [MSG]: 

Executor - [MSG]: <0 SPECIAL,ARGUMENT_SET,extra=[3, 4]> at edu.mit.service_lifecycle.MainActivity/onCreate[android.os.Bundle]
Executor - [WARN]: NULL CallingCtx!
Executor - [DEBUG]: args: Activity:instance number 1@edu.mit.service_lifecycle.MainActivity
Executor - [BB]: Start param from 1
DVMObject - [BB]: New instance of android.os.Bundle
Caller@4: <init>@fu.hao.trust.dvm.DVMObject - [BB]: getClass android.os.Bundle at fu.hao.trust.dvm.VMHeap@5a35dfb4
Caller: getClass@fu.hao.trust.dvm.VMHeap - [BB]: new class representation for android.os.Bundle at fu.hao.trust.dvm.VMHeap@5a35dfb4
Caller: <init>@fu.hao.trust.dvm.DVMObject - [BB]: Get DVMClass for type android.os.Bundle
Caller@4: <init>@fu.hao.trust.dvm.DVMObject - [BB]: getClass android.os.Bundle at fu.hao.trust.dvm.VMHeap@5a35dfb4
Executor - [DEBUG]: args: instance number 1@android.os.Bundle
DalvikVM - [BB]: fu.hao.trust.dvm.Executor$OP_SP_ARGUMENTS -> jump set pc to 1
Executor - [MSG]: 

Executor - [MSG]: <1 HALT,SUPER,extra=[null, [3, 4]]> at edu.mit.service_lifecycle.MainActivity/onCreate[android.os.Bundle]
DalvikVM - [BB]: fu.hao.trust.dvm.Executor$OP_HALT -> jump set pc to 2
Executor - [MSG]: Cannot resolve the invocation
Executor - [MSG]: 

Executor - [MSG]: <2 MOV,CONST,dst=r2,type=void,extra=class patdroid.core.PrimitiveInfo?2130903040> at edu.mit.service_lifecycle.MainActivity/onCreate[android.os.Bundle]
Executor - [DEBUG]: Mov const begin <2 MOV,CONST,dst=r2,type=void,extra=class patdroid.core.PrimitiveInfo?2130903040>
Executor - [DEBUG]: data: 2130903040 class patdroid.core.PrimitiveInfo
DalvikVM - [BB]: fu.hao.trust.dvm.Executor$OP_MOV_CONST -> jump set pc to 3
Executor - [MSG]: 

Executor - [MSG]: <3 INVOKE,VIRTUAL,extra=[android.app.Activity/setContentView[int], [3, 2]]> at edu.mit.service_lifecycle.MainActivity/onCreate[android.os.Bundle]
Executor - [MSG]: arg0 obj: Activity:instance number 1@edu.mit.service_lifecycle.MainActivity
Executor - [DEBUG]: Reflction class: class android.app.Activity
Executor - [BB]: Normal args? true
Executor - [BB]: arg1@reg2: 2130903040
Executor - [DEBUG]: Expected para type: int
Executor - [DEBUG]: Real para int, value: 2130903040
Executor - [BB]: Nargs? true
Executor - [DEBUG]: Caller obj: Activity:instance number 1@edu.mit.service_lifecycle.MainActivity, from class: class android.app.Activity
Executor - [MSG]: Reflction invocation public void android.app.Activity.setContentView(int)
DalvikVM - [BB]: Set reflective call: public void android.app.Activity.setContentView(int)
DalvikVM - [BB]: fu.hao.trust.dvm.Executor -> jump set pc to 4
Executor - [MSG]: 

Executor - [MSG]: <4 NEW,INSTANCE,dst=r0,type=android.content.Intent> at edu.mit.service_lifecycle.MainActivity/onCreate[android.os.Bundle]
OP_NEW_INSTANCE - [DEBUG]: [reg 0@MainActivity/onCreate]
OP_NEW_INSTANCE - [BB]: Reflecable instance.
DalvikVM - [BB]: fu.hao.trust.dvm.Executor$OP_NEW_INSTANCE -> jump set pc to 5
Executor - [MSG]: 

Executor - [MSG]: <5 MOV,CONST,dst=r2,type=java.lang.Class,extra=class patdroid.core.ClassInfo?edu.mit.service_lifecycle.MyService> at edu.mit.service_lifecycle.MainActivity/onCreate[android.os.Bundle]
Executor - [DEBUG]: Mov const begin <5 MOV,CONST,dst=r2,type=java.lang.Class,extra=class patdroid.core.ClassInfo?edu.mit.service_lifecycle.MyService>
DalvikVM - [BB]: ar2 <2130903040, void>, <edu.mit.service_lifecycle.MyService, java.lang.Class>
Executor - [DEBUG]: data: edu.mit.service_lifecycle.MyService class patdroid.core.ClassInfo
DalvikVM - [BB]: fu.hao.trust.dvm.Executor$OP_MOV_CONST -> jump set pc to 6
Executor - [MSG]: 

Executor - [MSG]: <6 INVOKE,DIRECT,extra=[android.content.Intent/<init>[android.content.Context, java.lang.Class], [0, 3, 2]]> at edu.mit.service_lifecycle.MainActivity/onCreate[android.os.Bundle]
Executor - [MSG]: arg0 obj: null
Executor - [BB]: android.content.Intent/<init>[android.content.Context, java.lang.Class] is a constructor!
Executor - [BB]: arg1@reg3: Activity:instance number 1@edu.mit.service_lifecycle.MainActivity
Executor - [BB]: arg2@reg2: edu.mit.service_lifecycle.MyService
Executor - [WARN]: Mismatch type! arg 2, real para type: class patdroid.core.ClassInfo, expected para type: class java.lang.Class
Intent - [BB]: New intent with target cls edu.mit.service_lifecycle.MyService
DalvikVM - [BB]: ar0 <null, android.content.Intent>, <[intent:, edu.mit.service_lifecycle.MyService, null], android.content.Intent>
Executor - [DEBUG]: Init instance: [intent:, edu.mit.service_lifecycle.MyService, null] class android.content.Intent
DalvikVM - [BB]: fu.hao.trust.dvm.Executor -> jump set pc to 7
Executor - [MSG]: 

Executor - [MSG]: <7 INVOKE,VIRTUAL,extra=[android.content.ContextWrapper/startService[android.content.Intent], [3, 0]]> at edu.mit.service_lifecycle.MainActivity/onCreate[android.os.Bundle]
Executor - [MSG]: arg0 obj: Activity:instance number 1@edu.mit.service_lifecycle.MainActivity
Executor - [DEBUG]: Reflction class: class android.content.ContextWrapper
Executor - [BB]: Normal args? true
Executor - [BB]: arg1@reg0: [intent:, edu.mit.service_lifecycle.MyService, null]
Executor - [BB]: Nargs? true
Executor - [DEBUG]: Caller obj: Activity:instance number 1@edu.mit.service_lifecycle.MainActivity, from class: class android.app.Activity
Executor - [MSG]: Reflction invocation public android.content.ComponentName android.content.ContextWrapper.startService(android.content.Intent)
DalvikVM - [BB]: Set reflective call: public android.content.ComponentName android.content.ContextWrapper.startService(android.content.Intent)
DalvikVM - [BB]: fu.hao.trust.dvm.Executor -> jump set pc to 8
Executor - [MSG]: 

Executor - [MSG]: <8 NEW,INSTANCE,dst=r1,type=android.content.Intent> at edu.mit.service_lifecycle.MainActivity/onCreate[android.os.Bundle]
OP_NEW_INSTANCE - [DEBUG]: [reg 1@MainActivity/onCreate]
OP_NEW_INSTANCE - [BB]: Reflecable instance.
DalvikVM - [BB]: fu.hao.trust.dvm.Executor$OP_NEW_INSTANCE -> jump set pc to 9
Executor - [MSG]: 

Executor - [MSG]: <9 MOV,CONST,dst=r2,type=java.lang.Class,extra=class patdroid.core.ClassInfo?edu.mit.service_lifecycle.MyService> at edu.mit.service_lifecycle.MainActivity/onCreate[android.os.Bundle]
Executor - [DEBUG]: Mov const begin <9 MOV,CONST,dst=r2,type=java.lang.Class,extra=class patdroid.core.ClassInfo?edu.mit.service_lifecycle.MyService>
DalvikVM - [BB]: ar2 <edu.mit.service_lifecycle.MyService, java.lang.Class>, <edu.mit.service_lifecycle.MyService, java.lang.Class>
Executor - [DEBUG]: data: edu.mit.service_lifecycle.MyService class patdroid.core.ClassInfo
DalvikVM - [BB]: fu.hao.trust.dvm.Executor$OP_MOV_CONST -> jump set pc to 10
Executor - [MSG]: 

Executor - [MSG]: <10 INVOKE,DIRECT,extra=[android.content.Intent/<init>[android.content.Context, java.lang.Class], [1, 3, 2]]> at edu.mit.service_lifecycle.MainActivity/onCreate[android.os.Bundle]
Executor - [MSG]: arg0 obj: null
Executor - [BB]: android.content.Intent/<init>[android.content.Context, java.lang.Class] is a constructor!
Executor - [BB]: arg1@reg3: Activity:instance number 1@edu.mit.service_lifecycle.MainActivity
Executor - [BB]: arg2@reg2: edu.mit.service_lifecycle.MyService
Executor - [WARN]: Mismatch type! arg 2, real para type: class patdroid.core.ClassInfo, expected para type: class java.lang.Class
Intent - [BB]: New intent with target cls edu.mit.service_lifecycle.MyService
DalvikVM - [BB]: ar1 <null, android.content.Intent>, <[intent:, edu.mit.service_lifecycle.MyService, null], android.content.Intent>
Executor - [DEBUG]: Init instance: [intent:, edu.mit.service_lifecycle.MyService, null] class android.content.Intent
DalvikVM - [BB]: fu.hao.trust.dvm.Executor -> jump set pc to 11
Executor - [MSG]: 

Executor - [MSG]: <11 INVOKE,VIRTUAL,extra=[android.content.ContextWrapper/startService[android.content.Intent], [3, 1]]> at edu.mit.service_lifecycle.MainActivity/onCreate[android.os.Bundle]
Executor - [MSG]: arg0 obj: Activity:instance number 1@edu.mit.service_lifecycle.MainActivity
Executor - [DEBUG]: Reflction class: class android.content.ContextWrapper
Executor - [BB]: Normal args? true
Executor - [BB]: arg1@reg1: [intent:, edu.mit.service_lifecycle.MyService, null]
Executor - [BB]: Nargs? true
Executor - [DEBUG]: Caller obj: Activity:instance number 1@edu.mit.service_lifecycle.MainActivity, from class: class android.app.Activity
Executor - [MSG]: Reflction invocation public android.content.ComponentName android.content.ContextWrapper.startService(android.content.Intent)
DalvikVM - [BB]: Set reflective call: public android.content.ComponentName android.content.ContextWrapper.startService(android.content.Intent)
DalvikVM - [BB]: fu.hao.trust.dvm.Executor -> jump set pc to 12
Executor - [MSG]: 

Executor - [MSG]: <12 RETURN,VOID> at edu.mit.service_lifecycle.MainActivity/onCreate[android.os.Bundle]
class fu.hao.trust.dvm.Executor$OP_RETURN_VOID - [DEBUG]: Return void
DalvikVM - [BB]: Back to the last stack frame.null
Executor - [MSG]: RUN DONE! The last one is onCreate
DalvikVM - [MSG]: FINISHED!

ResolveIntent - [MSG]: ./output/intents/ServiceLifecycle2.apk_intents.csv
ResolveIntent - [BB]: virtualinvoke $r0.<edu.mit.service_lifecycle.MainActivity: android.content.ComponentName startService(android.content.Intent)>($r2)
ResolveIntent - [BB]: edu.mit.service_lifecycle.MainActivity: onCreate
ResolveIntent - [BB]: 
ResolveIntent - [BB]: edu.mit.service_lifecycle.MyService
ResolveIntent - [BB]: virtualinvoke $r0.<edu.mit.service_lifecycle.MainActivity: android.content.ComponentName startService(android.content.Intent)>($r2)
ResolveIntent - [BB]: edu.mit.service_lifecycle.MainActivity: onCreate
ResolveIntent - [BB]: 
ResolveIntent - [BB]: edu.mit.service_lifecycle.MyService
