DalvikVM - [MSG]: Begin run onLowMemory at C:\Users\hao\workspace\DroidBenchProj\Lifecycle_ServiceLifecycle1\app\ServiceLifecycle1.apk
DalvikVM - [MSG]: RUN Method de.ecspride.MainService/onLowMemory[]
Executor - [DEBUG]: Read manifest csv: ./output/manifests/ServiceLifecycle1.apk_manifest.csv
Executor - [WARN]: .\output\manifests\ServiceLifecycle1.apk_manifest.csv (The system cannot find the file specified)
DalvikVM - [BB]: New method call: de.ecspride.MainService/onStartCommand[android.content.Intent, int, int]
DalvikVM - [BB]: [0]<0 SPECIAL,ARGUMENT_SET,extra=[2, 3, 4, 5]>
DalvikVM - [BB]: [1]<0 MOV,CONST,dst=r1,type=java.lang.String,extra="phone">
DalvikVM - [BB]: [2]<0 HALT,VIRTUAL,extra=[null, [2, 1]]>
DalvikVM - [BB]: [3]<0 MOV,RESULT,dst=r0,type=java.lang.Object>
DalvikVM - [BB]: [4]<0 ARITHMETIC,CHECK-AND-CAST,dst=r0,type=android.telephony.TelephonyManager>
DalvikVM - [BB]: [5]<0 INVOKE,VIRTUAL,extra=[android.telephony.TelephonyManager/getSimSerialNumber[], [0]]>
DalvikVM - [BB]: [6]<0 MOV,RESULT,dst=r1,type=java.lang.Object>
DalvikVM - [BB]: [7]<0 INSTANCE,IPUT,r0=r2,r1=r1,type=java.lang.Object,extra=de.ecspride.MainService.secret>
DalvikVM - [BB]: [8]<7 MOV,CONST,dst=r1,type=void,extra=class patdroid.core.PrimitiveInfo?0>
DalvikVM - [BB]: [9]<0 RETURN,VALUE,r0=r1,type=void>
newStackFrame - [BB]: New Stack Frame: StackFrame de.ecspride.MainService/onStartCommand[android.content.Intent, int, int]
newStackFrame - [BB]: Stack: [StackFrame de.ecspride.MainService/onStartCommand[android.content.Intent, int, int]]
Executor - [MSG]: New chain obj with type de.ecspride.MainService
DVMObject - [BB]: New instance of de.ecspride.MainService
Caller@4: <init>@fu.hao.trust.dvm.DVMObject - [BB]: getClass de.ecspride.MainService at fu.hao.trust.dvm.VMHeap@eebafe
Caller: getClass@fu.hao.trust.dvm.VMHeap - [BB]: new class representation for de.ecspride.MainService at fu.hao.trust.dvm.VMHeap@eebafe
Caller@4: <init>@fu.hao.trust.dvm.DVMClass - [BB]: getClass android.app.Service at fu.hao.trust.dvm.VMHeap@eebafe
Caller: getClass@fu.hao.trust.dvm.VMHeap - [BB]: new class representation for android.app.Service at fu.hao.trust.dvm.VMHeap@eebafe
Caller: <init>@fu.hao.trust.dvm.DVMClass - [BB]: Get DVMClass for type android.app.Service
Caller@4: <init>@fu.hao.trust.dvm.DVMClass - [BB]: getClass android.app.Service at fu.hao.trust.dvm.VMHeap@eebafe
Caller: <init>@fu.hao.trust.dvm.DVMObject - [BB]: Get DVMClass for type de.ecspride.MainService
Caller@4: <init>@fu.hao.trust.dvm.DVMObject - [BB]: getClass de.ecspride.MainService at fu.hao.trust.dvm.VMHeap@eebafe
Executor - [MSG]: RUN BEGIN de.ecspride.MainService/onStartCommand[android.content.Intent, int, int]
DalvikVM - [BB]: fu.hao.trust.dvm.Executor -> run set pc to 0
Executor - [MSG]: 

Executor - [MSG]: <0 SPECIAL,ARGUMENT_SET,extra=[2, 3, 4, 5]> at de.ecspride.MainService/onStartCommand[android.content.Intent, int, int]
Executor - [WARN]: NULL CallingCtx!
Executor - [DEBUG]: args: instance number 1@de.ecspride.MainService
Executor - [BB]: Start param from 1
DVMObject - [BB]: New instance of android.content.Intent
Caller@4: <init>@fu.hao.trust.dvm.DVMObject - [BB]: getClass android.content.Intent at fu.hao.trust.dvm.VMHeap@eebafe
Caller: getClass@fu.hao.trust.dvm.VMHeap - [BB]: new class representation for android.content.Intent at fu.hao.trust.dvm.VMHeap@eebafe
Caller: <init>@fu.hao.trust.dvm.DVMObject - [BB]: Get DVMClass for type android.content.Intent
Caller@4: <init>@fu.hao.trust.dvm.DVMObject - [BB]: getClass android.content.Intent at fu.hao.trust.dvm.VMHeap@eebafe
Executor - [DEBUG]: args: instance number 1@android.content.Intent
Unknown - [BB]: Unknown created!
Executor - [DEBUG]: args: [Unknown var:null, type: int]
Unknown - [BB]: Unknown created!
Executor - [DEBUG]: args: [Unknown var:null, type: int]
DalvikVM - [BB]: fu.hao.trust.dvm.Executor$OP_SP_ARGUMENTS -> jump set pc to 1
PluginManager - [MSG]: TaintSumBranch Tainted Res: {}
Executor - [MSG]: 

Executor - [MSG]: <1 MOV,CONST,dst=r1,type=java.lang.String,extra="phone"> at de.ecspride.MainService/onStartCommand[android.content.Intent, int, int]
Executor - [DEBUG]: Mov const begin <1 MOV,CONST,dst=r1,type=java.lang.String,extra="phone">
Executor - [DEBUG]: data: phone class java.lang.String
DalvikVM - [BB]: fu.hao.trust.dvm.Executor$OP_MOV_CONST -> jump set pc to 2
PluginManager - [MSG]: TaintSumBranch Tainted Res: {}
Executor - [MSG]: 

Executor - [MSG]: <2 HALT,VIRTUAL,extra=[null, [2, 1]]> at de.ecspride.MainService/onStartCommand[android.content.Intent, int, int]
DalvikVM - [BB]: fu.hao.trust.dvm.Executor$OP_HALT -> jump set pc to 3
Executor - [MSG]: Cannot resolve the invocation
TaintSumBranch - [BB]: Not a taint op <2 HALT,VIRTUAL,extra=[null, [2, 1]]>
PluginManager - [MSG]: TaintSumBranch Tainted Res: {}
Executor - [MSG]: 

Executor - [MSG]: <3 MOV,RESULT,dst=r0,type=java.lang.Object> at de.ecspride.MainService/onStartCommand[android.content.Intent, int, int]
Unknown - [BB]: Unknown created!
OP_MOV_RESULT - [BB]: Result data: [Unknown var:null, type: java.lang.Object]
OP_MOV_RESULT - [DEBUG]: Result data: [Unknown var:null, type: java.lang.Object], type: java.lang.Object, to [reg 0@MainService/onStartCommand]
DalvikVM - [BB]: fu.hao.trust.dvm.Executor$OP_MOV_RESULT -> jump set pc to 4
PluginManager - [MSG]: TaintSumBranch Tainted Res: {}
Executor - [MSG]: 

Executor - [MSG]: <4 ARITHMETIC,CHECK-AND-CAST,dst=r0,type=android.telephony.TelephonyManager> at de.ecspride.MainService/onStartCommand[android.content.Intent, int, int]
DalvikVM - [BB]: fu.hao.trust.dvm.Executor$OP_ARITHETIC -> jump set pc to 5
TaintSumBranch - [BB]: Not a taint op <4 ARITHMETIC,CHECK-AND-CAST,dst=r0,type=android.telephony.TelephonyManager>
PluginManager - [MSG]: TaintSumBranch Tainted Res: {}
Executor - [MSG]: 

Executor - [MSG]: <5 INVOKE,VIRTUAL,extra=[android.telephony.TelephonyManager/getSimSerialNumber[], [0]]> at de.ecspride.MainService/onStartCommand[android.content.Intent, int, int]
Executor - [MSG]: arg0 obj: [Unknown var:null, type: java.lang.Object]
Executor - [DEBUG]: Reflction class: class android.telephony.TelephonyManager
Executor - [DEBUG]: Return data: 89014103211501404960 ,class java.lang.String
Executor - [MSG]: Reflction invocation public java.lang.String android.telephony.TelephonyManager.getSimSerialNumber()
DalvikVM - [BB]: Set reflective call: public java.lang.String android.telephony.TelephonyManager.getSimSerialNumber()
DalvikVM - [BB]: fu.hao.trust.dvm.Executor -> jump set pc to 6
TaintSumBranch - [BB]: <android.telephony.TelephonyManager: java.lang.String getSimSerialNumber()>
TaintSumBranch - [WARN]: Found a tainted return value!
PluginManager - [MSG]: TaintSumBranch Tainted Res: {[Global RetReg]=<5 INVOKE,VIRTUAL,extra=[android.telephony.TelephonyManager/getSimSerialNumber[], [0]]>, 89014103211501404960=<5 INVOKE,VIRTUAL,extra=[android.telephony.TelephonyManager/getSimSerialNumber[], [0]]>}
Executor - [MSG]: 

Executor - [MSG]: <6 MOV,RESULT,dst=r1,type=java.lang.Object> at de.ecspride.MainService/onStartCommand[android.content.Intent, int, int]
DalvikVM - [BB]: ar1 <phone, java.lang.String>, <89014103211501404960, java.lang.String>
OP_MOV_RESULT - [BB]: Result data: 89014103211501404960
OP_MOV_RESULT - [DEBUG]: Result data: 89014103211501404960, type: java.lang.String, to [reg 1@MainService/onStartCommand]
DalvikVM - [BB]: fu.hao.trust.dvm.Executor$OP_MOV_RESULT -> jump set pc to 7
TaintSumBranch - [BB]: <5 INVOKE,VIRTUAL,extra=[android.telephony.TelephonyManager/getSimSerialNumber[], [0]]>
TaintSumBranch - [BB]: Add reg 1 due to ret reg.
PluginManager - [MSG]: TaintSumBranch Tainted Res: {[reg 1@MainService/onStartCommand]=<5 INVOKE,VIRTUAL,extra=[android.telephony.TelephonyManager/getSimSerialNumber[], [0]]>, 89014103211501404960=<5 INVOKE,VIRTUAL,extra=[android.telephony.TelephonyManager/getSimSerialNumber[], [0]]>}
Executor - [MSG]: 

Executor - [MSG]: <7 INSTANCE,IPUT,r0=r2,r1=r1,type=java.lang.Object,extra=de.ecspride.MainService.secret> at de.ecspride.MainService/onStartCommand[android.content.Intent, int, int]
class fu.hao.trust.dvm.Executor$OP_INSTANCE_PUT_FIELD - [BB]: field de.ecspride.MainService.secret
class fu.hao.trust.dvm.Executor$OP_INSTANCE_PUT_FIELD - [BB]: Target obj instance number 1@de.ecspride.MainService
DVMObject - [DEBUG]: put field 89014103211501404960
class fu.hao.trust.dvm.Executor$OP_INSTANCE_PUT_FIELD - [MSG]: Put data 89014103211501404960 to the field of instance number 1@de.ecspride.MainService
DalvikVM - [BB]: fu.hao.trust.dvm.Executor$OP_INSTANCE_PUT_FIELD -> jump set pc to 8
TaintSumBranch - [BB]: Add 89014103211501404960as tainted due to [reg 1@MainService/onStartCommand]
PluginManager - [MSG]: TaintSumBranch Tainted Res: {89014103211501404960=<5 INVOKE,VIRTUAL,extra=[android.telephony.TelephonyManager/getSimSerialNumber[], [0]]>, [reg 1@MainService/onStartCommand]=<5 INVOKE,VIRTUAL,extra=[android.telephony.TelephonyManager/getSimSerialNumber[], [0]]>}
Executor - [MSG]: 

Executor - [MSG]: <8 MOV,CONST,dst=r1,type=void,extra=class patdroid.core.PrimitiveInfo?0> at de.ecspride.MainService/onStartCommand[android.content.Intent, int, int]
Executor - [DEBUG]: Mov const begin <8 MOV,CONST,dst=r1,type=void,extra=class patdroid.core.PrimitiveInfo?0>
DalvikVM - [BB]: ar1 <89014103211501404960, java.lang.String>, <0, void>
Executor - [DEBUG]: data: 0 class patdroid.core.PrimitiveInfo
DalvikVM - [BB]: fu.hao.trust.dvm.Executor$OP_MOV_CONST -> jump set pc to 9
PluginManager - [MSG]: TaintSumBranch Tainted Res: {89014103211501404960=<5 INVOKE,VIRTUAL,extra=[android.telephony.TelephonyManager/getSimSerialNumber[], [0]]>}
Executor - [MSG]: 

Executor - [MSG]: <9 RETURN,VALUE,r0=r1,type=void> at de.ecspride.MainService/onStartCommand[android.content.Intent, int, int]
DalvikVM - [BB]: ar-1 <89014103211501404960, java.lang.String>, <0, void>
Executor - [BB]: Return data: 0
DalvikVM - [BB]: Back to the last stack frame.null
Executor - [MSG]: RUN DONE! The last one is onStartCommand
DalvikVM - [BB]: New method call: de.ecspride.MainService/onLowMemory[]
DalvikVM - [BB]: [0]<0 SPECIAL,ARGUMENT_SET,extra=[6]>
DalvikVM - [BB]: [1]<0 MOV,CONST,dst=r2,type=void,extra=class patdroid.core.PrimitiveInfo?0>
DalvikVM - [BB]: [2]<0 INVOKE,STATIC,extra=[android.telephony.SmsManager/getDefault[], []]>
DalvikVM - [BB]: [3]<0 MOV,RESULT,dst=r0,type=java.lang.Object>
DalvikVM - [BB]: [4]<3 MOV,CONST,dst=r1,type=java.lang.String,extra="+49 1234">
DalvikVM - [BB]: [5]<0 INSTANCE,IGET,r0=r6,r1=r3,type=java.lang.Object,extra=de.ecspride.MainService.secret>
DalvikVM - [BB]: [6]<0 MOV,REG,dst=r4,r0=r2,type=java.lang.Object>
DalvikVM - [BB]: [7]<0 MOV,REG,dst=r5,r0=r2,type=java.lang.Object>
DalvikVM - [BB]: [8]<0 INVOKE,VIRTUAL,extra=[android.telephony.SmsManager/sendTextMessage[java.lang.String, java.lang.String, java.lang.String, android.app.PendingIntent, android.app.PendingIntent], [0, 1, 2, 3, 4, 5]]>
DalvikVM - [BB]: [9]<0 RETURN,VOID>
newStackFrame - [BB]: New Stack Frame: StackFrame de.ecspride.MainService/onLowMemory[]
newStackFrame - [BB]: Stack: [StackFrame de.ecspride.MainService/onLowMemory[]]
Executor - [MSG]: RUN BEGIN de.ecspride.MainService/onLowMemory[]
DalvikVM - [BB]: fu.hao.trust.dvm.Executor -> run set pc to 0
Executor - [MSG]: 

Executor - [MSG]: <0 SPECIAL,ARGUMENT_SET,extra=[6]> at de.ecspride.MainService/onLowMemory[]
Executor - [WARN]: NULL CallingCtx!
Executor - [DEBUG]: args: instance number 1@de.ecspride.MainService
Executor - [BB]: Start param from 1
DalvikVM - [BB]: fu.hao.trust.dvm.Executor$OP_SP_ARGUMENTS -> jump set pc to 1
TaintSumBranch - [BB]: Copy 89014103211501404960 as tainted.
PluginManager - [MSG]: TaintSumBranch Tainted Res: {89014103211501404960=<5 INVOKE,VIRTUAL,extra=[android.telephony.TelephonyManager/getSimSerialNumber[], [0]]>}
Executor - [MSG]: 

Executor - [MSG]: <1 MOV,CONST,dst=r2,type=void,extra=class patdroid.core.PrimitiveInfo?0> at de.ecspride.MainService/onLowMemory[]
Executor - [DEBUG]: Mov const begin <1 MOV,CONST,dst=r2,type=void,extra=class patdroid.core.PrimitiveInfo?0>
Executor - [DEBUG]: data: 0 class patdroid.core.PrimitiveInfo
DalvikVM - [BB]: fu.hao.trust.dvm.Executor$OP_MOV_CONST -> jump set pc to 2
PluginManager - [MSG]: TaintSumBranch Tainted Res: {89014103211501404960=<5 INVOKE,VIRTUAL,extra=[android.telephony.TelephonyManager/getSimSerialNumber[], [0]]>}
Executor - [MSG]: 

Executor - [MSG]: <2 INVOKE,STATIC,extra=[android.telephony.SmsManager/getDefault[], []]> at de.ecspride.MainService/onLowMemory[]
Executor - [DEBUG]: Reflction class android.telephony.SmsManager
Executor - [MSG]: reflction invocation public static android.telephony.SmsManager android.telephony.SmsManager.getDefault()
DalvikVM - [BB]: Set reflective call: public static android.telephony.SmsManager android.telephony.SmsManager.getDefault()
DalvikVM - [BB]: fu.hao.trust.dvm.Executor$OP_INVOKE_STATIC -> jump set pc to 3
TaintSumBranch - [BB]: <android.telephony.SmsManager: android.telephony.SmsManager getDefault()>
TaintSumBranch - [DEBUG]: Not a taint call: <android.telephony.SmsManager: android.telephony.SmsManager getDefault()>
PluginManager - [MSG]: TaintSumBranch Tainted Res: {89014103211501404960=<5 INVOKE,VIRTUAL,extra=[android.telephony.TelephonyManager/getSimSerialNumber[], [0]]>}
Executor - [MSG]: 

Executor - [MSG]: <3 MOV,RESULT,dst=r0,type=java.lang.Object> at de.ecspride.MainService/onLowMemory[]
OP_MOV_RESULT - [BB]: Result data: android.telephony.SmsManager@1740f55
OP_MOV_RESULT - [DEBUG]: Result data: android.telephony.SmsManager@1740f55, type: android.telephony.SmsManager, to [reg 0@MainService/onLowMemory]
DalvikVM - [BB]: fu.hao.trust.dvm.Executor$OP_MOV_RESULT -> jump set pc to 4
PluginManager - [MSG]: TaintSumBranch Tainted Res: {89014103211501404960=<5 INVOKE,VIRTUAL,extra=[android.telephony.TelephonyManager/getSimSerialNumber[], [0]]>}
Executor - [MSG]: 

Executor - [MSG]: <4 MOV,CONST,dst=r1,type=java.lang.String,extra="+49 1234"> at de.ecspride.MainService/onLowMemory[]
Executor - [DEBUG]: Mov const begin <4 MOV,CONST,dst=r1,type=java.lang.String,extra="+49 1234">
Executor - [DEBUG]: data: +49 1234 class java.lang.String
DalvikVM - [BB]: fu.hao.trust.dvm.Executor$OP_MOV_CONST -> jump set pc to 5
PluginManager - [MSG]: TaintSumBranch Tainted Res: {89014103211501404960=<5 INVOKE,VIRTUAL,extra=[android.telephony.TelephonyManager/getSimSerialNumber[], [0]]>}
Executor - [MSG]: 

Executor - [MSG]: <5 INSTANCE,IGET,r0=r6,r1=r3,type=java.lang.Object,extra=de.ecspride.MainService.secret> at de.ecspride.MainService/onLowMemory[]
class fu.hao.trust.dvm.Executor$OP_INSTANCE_GET_FIELD - [BB]: obj instance number 1@de.ecspride.MainService
class fu.hao.trust.dvm.Executor$OP_INSTANCE_GET_FIELD - [BB]: fieldinfo de.ecspride.MainService.secret
class fu.hao.trust.dvm.Executor$OP_INSTANCE_GET_FIELD - [DEBUG]: Get data: 89014103211501404960
DalvikVM - [BB]: fu.hao.trust.dvm.Executor$OP_INSTANCE_GET_FIELD -> jump set pc to 6
TaintSumBranch - [BB]: Add [reg 3@MainService/onLowMemory] as tainted due to field 89014103211501404960
PluginManager - [MSG]: TaintSumBranch Tainted Res: {[reg 3@MainService/onLowMemory]=<5 INVOKE,VIRTUAL,extra=[android.telephony.TelephonyManager/getSimSerialNumber[], [0]]>, 89014103211501404960=<5 INVOKE,VIRTUAL,extra=[android.telephony.TelephonyManager/getSimSerialNumber[], [0]]>}
Executor - [MSG]: 

Executor - [MSG]: <6 MOV,REG,dst=r4,r0=r2,type=java.lang.Object> at de.ecspride.MainService/onLowMemory[]
class fu.hao.trust.dvm.Executor$OP_MOVE_REG - [DEBUG]: mov 0 to 0
DalvikVM - [BB]: fu.hao.trust.dvm.Executor$OP_MOVE_REG -> jump set pc to 7
PluginManager - [MSG]: TaintSumBranch Tainted Res: {[reg 3@MainService/onLowMemory]=<5 INVOKE,VIRTUAL,extra=[android.telephony.TelephonyManager/getSimSerialNumber[], [0]]>, 89014103211501404960=<5 INVOKE,VIRTUAL,extra=[android.telephony.TelephonyManager/getSimSerialNumber[], [0]]>}
Executor - [MSG]: 

Executor - [MSG]: <7 MOV,REG,dst=r5,r0=r2,type=java.lang.Object> at de.ecspride.MainService/onLowMemory[]
class fu.hao.trust.dvm.Executor$OP_MOVE_REG - [DEBUG]: mov 0 to 0
DalvikVM - [BB]: fu.hao.trust.dvm.Executor$OP_MOVE_REG -> jump set pc to 8
PluginManager - [MSG]: TaintSumBranch Tainted Res: {[reg 3@MainService/onLowMemory]=<5 INVOKE,VIRTUAL,extra=[android.telephony.TelephonyManager/getSimSerialNumber[], [0]]>, 89014103211501404960=<5 INVOKE,VIRTUAL,extra=[android.telephony.TelephonyManager/getSimSerialNumber[], [0]]>}
Executor - [MSG]: 

Executor - [MSG]: <8 INVOKE,VIRTUAL,extra=[android.telephony.SmsManager/sendTextMessage[java.lang.String, java.lang.String, java.lang.String, android.app.PendingIntent, android.app.PendingIntent], [0, 1, 2, 3, 4, 5]]> at de.ecspride.MainService/onLowMemory[]
Executor - [MSG]: arg0 obj: android.telephony.SmsManager@1740f55
Executor - [DEBUG]: Reflction class: class android.telephony.SmsManager
Executor - [BB]: Normal args? true
Executor - [BB]: arg1@reg1: +49 1234
Executor - [BB]: arg2@reg2: 0
Executor - [WARN]: Mismatch type! arg 2, real para type: class patdroid.core.PrimitiveInfo, expected para type: class java.lang.String
Executor - [BB]: arg3@reg3: 89014103211501404960
Executor - [BB]: arg4@reg4: 0
Executor - [WARN]: Mismatch type! arg 4, real para type: class patdroid.core.PrimitiveInfo, expected para type: class android.app.PendingIntent
Executor - [BB]: arg5@reg5: 0
Executor - [WARN]: Mismatch type! arg 5, real para type: class patdroid.core.PrimitiveInfo, expected para type: class android.app.PendingIntent
Executor - [BB]: Nargs? true
Executor - [DEBUG]: Caller obj: android.telephony.SmsManager@1740f55, from class: class android.telephony.SmsManager
Executor - [MSG]: Reflction invocation public void android.telephony.SmsManager.sendTextMessage(java.lang.String,java.lang.String,java.lang.String,android.app.PendingIntent,android.app.PendingIntent)
DalvikVM - [BB]: Set reflective call: public void android.telephony.SmsManager.sendTextMessage(java.lang.String,java.lang.String,java.lang.String,android.app.PendingIntent,android.app.PendingIntent)
DalvikVM - [BB]: fu.hao.trust.dvm.Executor -> jump set pc to 9
TaintSumBranch - [BB]: <android.telephony.SmsManager: void sendTextMessage(java.lang.String,java.lang.String,java.lang.String,android.app.PendingIntent,android.app.PendingIntent)>
TaintSumBranch - [BB]: Found a sink invocation. <android.telephony.SmsManager: void sendTextMessage(java.lang.String,java.lang.String,java.lang.String,android.app.PendingIntent,android.app.PendingIntent)>
TaintSumBranch - [WARN]: Found a taint sink <android.telephony.SmsManager: void sendTextMessage(java.lang.String,java.lang.String,java.lang.String,android.app.PendingIntent,android.app.PendingIntent)> leaking data [89014103211501404960] at reg 3!!!
PluginManager - [MSG]: TaintSumBranch Tainted Res: {[reg 3@MainService/onLowMemory]=<5 INVOKE,VIRTUAL,extra=[android.telephony.TelephonyManager/getSimSerialNumber[], [0]]>, 89014103211501404960=<5 INVOKE,VIRTUAL,extra=[android.telephony.TelephonyManager/getSimSerialNumber[], [0]]>}
Executor - [MSG]: 

Executor - [MSG]: <9 RETURN,VOID> at de.ecspride.MainService/onLowMemory[]
class fu.hao.trust.dvm.Executor$OP_RETURN_VOID - [DEBUG]: Return void
DalvikVM - [BB]: Back to the last stack frame.null
Executor - [MSG]: RUN DONE! The last one is onLowMemory
DalvikVM - [MSG]: FINISHED!

main - [MSG]: Analysis has run for 5.437649993 seconds

