main - [MSG]: Src Chain: []
main - [DEBUG]: Src Entry event: (edu.mit.string_formatter.MainActivity, onCreate)
DalvikVM - [MSG]: Begin run onCreate at C:\Users\hao\workspace\DroidBenchProj\StringFormatter1\app\StringFormatter1.apk
DalvikVM - [MSG]: RUN Method edu.mit.string_formatter.MainActivity/onCreate[android.os.Bundle]
Executor - [DEBUG]: Read manifest csv: output/StringFormatter1.apk\StringFormatter1.apk_manifest.csv
Executor - [WARN]: output\StringFormatter1.apk\StringFormatter1.apk_manifest.csv (The system cannot find the file specified)
DalvikVM - [BB]: New method call: edu.mit.string_formatter.MainActivity/onCreate[android.os.Bundle]
DalvikVM - [BB]: [0]<0 SPECIAL,ARGUMENT_SET,extra=[10, 11]>
DalvikVM - [BB]: [1]<0 MOV,CONST,dst=r2,type=void,extra=class patdroid.core.PrimitiveInfo?0>
DalvikVM - [BB]: [2]<0 HALT,SUPER,extra=[null, [10, 11]]>
DalvikVM - [BB]: [3]<2 MOV,CONST,dst=r1,type=void,extra=class patdroid.core.PrimitiveInfo?2130903040>
DalvikVM - [BB]: [4]<0 INVOKE,VIRTUAL,extra=[android.app.Activity/setContentView[int], [10, 1]]>
DalvikVM - [BB]: [5]<4 MOV,CONST,dst=r1,type=java.lang.String,extra="phone">
DalvikVM - [BB]: [6]<0 INVOKE,VIRTUAL,extra=[android.content.Context/getSystemService[java.lang.String], [10, 1]]>
DalvikVM - [BB]: [7]<0 MOV,RESULT,dst=r9,type=java.lang.Object>
DalvikVM - [BB]: [8]<0 ARITHMETIC,CHECK-AND-CAST,dst=r9,type=android.telephony.TelephonyManager>
DalvikVM - [BB]: [9]<0 INVOKE,VIRTUAL,extra=[android.telephony.TelephonyManager/getDeviceId[], [9]]>
DalvikVM - [BB]: [10]<0 MOV,RESULT,dst=r8,type=java.lang.Object>
DalvikVM - [BB]: [11]<0 NEW,INSTANCE,dst=r6,type=java.lang.StringBuffer>
DalvikVM - [BB]: [12]<0 INVOKE,DIRECT,extra=[java.lang.StringBuffer/<init>[], [6]]>
DalvikVM - [BB]: [13]<0 NEW,INSTANCE,dst=r7,type=java.util.Formatter>
DalvikVM - [BB]: [14]<0 INVOKE,DIRECT,extra=[java.util.Formatter/<init>[java.lang.Appendable], [7, 6]]>
DalvikVM - [BB]: [15]<14 MOV,CONST,dst=r1,type=java.lang.String,extra="%s">
DalvikVM - [BB]: [16]<15 MOV,CONST,dst=r3,type=void,extra=class patdroid.core.PrimitiveInfo?1>
DalvikVM - [BB]: [17]<0 NEW,ARRAY,dst=r3,r0=r3,type=[Ljava.lang.Object;>
DalvikVM - [BB]: [18]<17 MOV,CONST,dst=r4,type=void,extra=class patdroid.core.PrimitiveInfo?0>
DalvikVM - [BB]: [19]<0 ARRAY,APUT,dst=r8,r0=r3,r1=r4,type=java.lang.Object>
DalvikVM - [BB]: [20]<0 INVOKE,VIRTUAL,extra=[java.util.Formatter/format[java.lang.String, [Ljava.lang.Object;], [7, 1, 3]]>
DalvikVM - [BB]: [21]<0 INVOKE,VIRTUAL,extra=[java.util.Formatter/close[], [7]]>
DalvikVM - [BB]: [22]<21 MOV,CONST,dst=r1,type=java.lang.String,extra="DroidBench">
DalvikVM - [BB]: [23]<0 INVOKE,VIRTUAL,extra=[java.lang.StringBuffer/toString[], [6]]>
DalvikVM - [BB]: [24]<0 MOV,RESULT,dst=r3,type=java.lang.Object>
DalvikVM - [BB]: [25]<0 INVOKE,STATIC,extra=[android.util.Log/i[java.lang.String, java.lang.String], [1, 3]]>
DalvikVM - [BB]: [26]<0 INVOKE,STATIC,extra=[android.telephony.SmsManager/getDefault[], []]>
DalvikVM - [BB]: [27]<0 MOV,RESULT,dst=r0,type=java.lang.Object>
DalvikVM - [BB]: [28]<27 MOV,CONST,dst=r1,type=java.lang.String,extra="+49 1234">
DalvikVM - [BB]: [29]<0 INVOKE,VIRTUAL,extra=[java.lang.StringBuffer/toString[], [6]]>
DalvikVM - [BB]: [30]<0 MOV,RESULT,dst=r3,type=java.lang.Object>
DalvikVM - [BB]: [31]<0 MOV,REG,dst=r4,r0=r2,type=java.lang.Object>
DalvikVM - [BB]: [32]<0 MOV,REG,dst=r5,r0=r2,type=java.lang.Object>
DalvikVM - [BB]: [33]<0 INVOKE,VIRTUAL,extra=[android.telephony.SmsManager/sendTextMessage[java.lang.String, java.lang.String, java.lang.String, android.app.PendingIntent, android.app.PendingIntent], [0, 1, 2, 3, 4, 5]]>
DalvikVM - [BB]: [34]<0 RETURN,VOID>
newStackFrame - [BB]: New Stack Frame: StackFrame edu.mit.string_formatter.MainActivity/onCreate[android.os.Bundle]
newStackFrame - [BB]: Add frame StackFrame edu.mit.string_formatter.MainActivity/onCreate[android.os.Bundle]
newStackFrame - [BB]: Stack: [StackFrame edu.mit.string_formatter.MainActivity/onCreate[android.os.Bundle]]
Executor - [MSG]: New chain obj with type edu.mit.string_formatter.MainActivity
Activity - [BB]: New instance of edu.mit.string_formatter.MainActivity
Caller@4: <init>@fu.hao.trust.dvm.DVMObject - [BB]: getClass edu.mit.string_formatter.MainActivity at fu.hao.trust.dvm.VMHeap@2b3fc0bb
Caller: getClass@fu.hao.trust.dvm.VMHeap - [BB]: new class representation for edu.mit.string_formatter.MainActivity at fu.hao.trust.dvm.VMHeap@2b3fc0bb
Caller@4: <init>@fu.hao.trust.dvm.DVMClass - [BB]: getClass android.app.Activity at fu.hao.trust.dvm.VMHeap@2b3fc0bb
Caller: getClass@fu.hao.trust.dvm.VMHeap - [BB]: new class representation for android.app.Activity at fu.hao.trust.dvm.VMHeap@2b3fc0bb
Caller@4: <init>@fu.hao.trust.dvm.DVMClass - [BB]: getClass android.content.ContextWrapper at fu.hao.trust.dvm.VMHeap@2b3fc0bb
Caller: getClass@fu.hao.trust.dvm.VMHeap - [BB]: new class representation for android.content.ContextWrapper at fu.hao.trust.dvm.VMHeap@2b3fc0bb
Caller@4: <init>@fu.hao.trust.dvm.DVMClass - [BB]: getClass android.content.Context at fu.hao.trust.dvm.VMHeap@2b3fc0bb
Caller: getClass@fu.hao.trust.dvm.VMHeap - [BB]: new class representation for android.content.Context at fu.hao.trust.dvm.VMHeap@2b3fc0bb
Caller@4: <init>@fu.hao.trust.dvm.DVMClass - [BB]: getClass fu.hao.trust.dvm.DVMObject at fu.hao.trust.dvm.VMHeap@2b3fc0bb
Caller: getClass@fu.hao.trust.dvm.VMHeap - [BB]: new class representation for fu.hao.trust.dvm.DVMObject at fu.hao.trust.dvm.VMHeap@2b3fc0bb
Caller: <init>@fu.hao.trust.dvm.DVMClass - [BB]: Get DVMClass for type fu.hao.trust.dvm.DVMObject
Caller@4: <init>@fu.hao.trust.dvm.DVMClass - [BB]: getClass fu.hao.trust.dvm.DVMObject at fu.hao.trust.dvm.VMHeap@2b3fc0bb
Caller: <init>@fu.hao.trust.dvm.DVMClass - [BB]: Get DVMClass for type android.content.Context
Caller@4: <init>@fu.hao.trust.dvm.DVMClass - [BB]: getClass android.content.Context at fu.hao.trust.dvm.VMHeap@2b3fc0bb
Caller: <init>@fu.hao.trust.dvm.DVMClass - [BB]: Get DVMClass for type android.content.ContextWrapper
Caller@4: <init>@fu.hao.trust.dvm.DVMClass - [BB]: getClass android.content.ContextWrapper at fu.hao.trust.dvm.VMHeap@2b3fc0bb
Caller: <init>@fu.hao.trust.dvm.DVMClass - [BB]: Get DVMClass for type android.app.Activity
Caller@4: <init>@fu.hao.trust.dvm.DVMClass - [BB]: getClass android.app.Activity at fu.hao.trust.dvm.VMHeap@2b3fc0bb
Caller: <init>@fu.hao.trust.dvm.DVMObject - [BB]: Get DVMClass for type edu.mit.string_formatter.MainActivity
Caller@4: <init>@fu.hao.trust.dvm.DVMObject - [BB]: getClass edu.mit.string_formatter.MainActivity at fu.hao.trust.dvm.VMHeap@2b3fc0bb
Activity - [MSG]: Not empty constructor
DalvikVM - [BB]: New method call: edu.mit.string_formatter.MainActivity/<init>[]
DalvikVM - [BB]: [0]<0 SPECIAL,ARGUMENT_SET,extra=[0]>
DalvikVM - [BB]: [1]<0 INVOKE,DIRECT,extra=[java.lang.Object/<init>[], [0]]>
DalvikVM - [BB]: [2]<0 RETURN,VOID>
DalvikVM - [WARN]: ar -2, (Activity:instance number 1@edu.mit.string_formatter.MainActivity, edu.mit.string_formatter.MainActivity)
newStackFrame - [BB]: New Stack Frame: StackFrame edu.mit.string_formatter.MainActivity/<init>[], pc -1 stored. 
newStackFrame - [BB]: Stack: [StackFrame edu.mit.string_formatter.MainActivity/onCreate[android.os.Bundle]]
DalvikVM - [MSG]: Begin run instrumented methods!
DalvikVM - [BB]: Add frames [StackFrame edu.mit.string_formatter.MainActivity/<init>[]]
DalvikVM - [BB]: fu.hao.trust.dvm.DalvikVM -> runInstrumentedMethods set pc to 0
Executor - [MSG]: 

Executor - [MSG]: <0 SPECIAL,ARGUMENT_SET,extra=[0]> at edu.mit.string_formatter.MainActivity/<init>[]
DalvikVM - [WARN]: ar 0, (Activity:instance number 1@edu.mit.string_formatter.MainActivity, edu.mit.string_formatter.MainActivity)
Executor - [DEBUG]: params: Activity:instance number 1@edu.mit.string_formatter.MainActivity
DalvikVM - [BB]: fu.hao.trust.dvm.Executor$OP_SP_ARGUMENTS -> jump set pc to 1
PluginManager - [MSG]: TaintSumBranch Tainted Res: {}
Executor - [MSG]: 

Executor - [MSG]: <1 INVOKE,DIRECT,extra=[java.lang.Object/<init>[], [0]]> at edu.mit.string_formatter.MainActivity/<init>[]
Executor - [MSG]: arg0 obj: Activity:instance number 1@edu.mit.string_formatter.MainActivity
Executor - [MSG]: Replace the clazz.
Executor - [BB]: java.lang.Object/<init>[] is a constructor!
Executor - [WARN]: Reflection error: edu.mit.string_formatter.MainActivity
DalvikVM - [BB]: fu.hao.trust.dvm.Executor -> jump set pc to 2
TaintSumBranch - [BB]: <java.lang.Object: void <init>()>
TaintSumBranch - [DEBUG]: Not a taint call: <java.lang.Object: void <init>()>
PluginManager - [MSG]: TaintSumBranch Tainted Res: {}
Executor - [MSG]: 

Executor - [MSG]: <2 RETURN,VOID> at edu.mit.string_formatter.MainActivity/<init>[]
class fu.hao.trust.dvm.Executor$OP_RETURN_VOID - [DEBUG]: Return void
DalvikVM - [BB]: stack [StackFrame edu.mit.string_formatter.MainActivity/onCreate[android.os.Bundle]]
DalvikVM - [BB]: Back to the last stack frame.StackFrame edu.mit.string_formatter.MainActivity/onCreate[android.os.Bundle]
DalvikVM - [MSG]: Finish running instrumented methods! Back to StackFrame edu.mit.string_formatter.MainActivity/onCreate[android.os.Bundle]
Activity - [MSG]: New Activity Created with type edu.mit.string_formatter.MainActivity
DalvikVM - [BB]: New method call: edu.mit.string_formatter.MainActivity/onCreate[android.os.Bundle]
DalvikVM - [BB]: [0]<0 SPECIAL,ARGUMENT_SET,extra=[10, 11]>
DalvikVM - [BB]: [1]<0 MOV,CONST,dst=r2,type=void,extra=class patdroid.core.PrimitiveInfo?0>
DalvikVM - [BB]: [2]<0 HALT,SUPER,extra=[null, [10, 11]]>
DalvikVM - [BB]: [3]<2 MOV,CONST,dst=r1,type=void,extra=class patdroid.core.PrimitiveInfo?2130903040>
DalvikVM - [BB]: [4]<0 INVOKE,VIRTUAL,extra=[android.app.Activity/setContentView[int], [10, 1]]>
DalvikVM - [BB]: [5]<4 MOV,CONST,dst=r1,type=java.lang.String,extra="phone">
DalvikVM - [BB]: [6]<0 INVOKE,VIRTUAL,extra=[android.content.Context/getSystemService[java.lang.String], [10, 1]]>
DalvikVM - [BB]: [7]<0 MOV,RESULT,dst=r9,type=java.lang.Object>
DalvikVM - [BB]: [8]<0 ARITHMETIC,CHECK-AND-CAST,dst=r9,type=android.telephony.TelephonyManager>
DalvikVM - [BB]: [9]<0 INVOKE,VIRTUAL,extra=[android.telephony.TelephonyManager/getDeviceId[], [9]]>
DalvikVM - [BB]: [10]<0 MOV,RESULT,dst=r8,type=java.lang.Object>
DalvikVM - [BB]: [11]<0 NEW,INSTANCE,dst=r6,type=java.lang.StringBuffer>
DalvikVM - [BB]: [12]<0 INVOKE,DIRECT,extra=[java.lang.StringBuffer/<init>[], [6]]>
DalvikVM - [BB]: [13]<0 NEW,INSTANCE,dst=r7,type=java.util.Formatter>
DalvikVM - [BB]: [14]<0 INVOKE,DIRECT,extra=[java.util.Formatter/<init>[java.lang.Appendable], [7, 6]]>
DalvikVM - [BB]: [15]<14 MOV,CONST,dst=r1,type=java.lang.String,extra="%s">
DalvikVM - [BB]: [16]<15 MOV,CONST,dst=r3,type=void,extra=class patdroid.core.PrimitiveInfo?1>
DalvikVM - [BB]: [17]<0 NEW,ARRAY,dst=r3,r0=r3,type=[Ljava.lang.Object;>
DalvikVM - [BB]: [18]<17 MOV,CONST,dst=r4,type=void,extra=class patdroid.core.PrimitiveInfo?0>
DalvikVM - [BB]: [19]<0 ARRAY,APUT,dst=r8,r0=r3,r1=r4,type=java.lang.Object>
DalvikVM - [BB]: [20]<0 INVOKE,VIRTUAL,extra=[java.util.Formatter/format[java.lang.String, [Ljava.lang.Object;], [7, 1, 3]]>
DalvikVM - [BB]: [21]<0 INVOKE,VIRTUAL,extra=[java.util.Formatter/close[], [7]]>
DalvikVM - [BB]: [22]<21 MOV,CONST,dst=r1,type=java.lang.String,extra="DroidBench">
DalvikVM - [BB]: [23]<0 INVOKE,VIRTUAL,extra=[java.lang.StringBuffer/toString[], [6]]>
DalvikVM - [BB]: [24]<0 MOV,RESULT,dst=r3,type=java.lang.Object>
DalvikVM - [BB]: [25]<0 INVOKE,STATIC,extra=[android.util.Log/i[java.lang.String, java.lang.String], [1, 3]]>
DalvikVM - [BB]: [26]<0 INVOKE,STATIC,extra=[android.telephony.SmsManager/getDefault[], []]>
DalvikVM - [BB]: [27]<0 MOV,RESULT,dst=r0,type=java.lang.Object>
DalvikVM - [BB]: [28]<27 MOV,CONST,dst=r1,type=java.lang.String,extra="+49 1234">
DalvikVM - [BB]: [29]<0 INVOKE,VIRTUAL,extra=[java.lang.StringBuffer/toString[], [6]]>
DalvikVM - [BB]: [30]<0 MOV,RESULT,dst=r3,type=java.lang.Object>
DalvikVM - [BB]: [31]<0 MOV,REG,dst=r4,r0=r2,type=java.lang.Object>
DalvikVM - [BB]: [32]<0 MOV,REG,dst=r5,r0=r2,type=java.lang.Object>
DalvikVM - [BB]: [33]<0 INVOKE,VIRTUAL,extra=[android.telephony.SmsManager/sendTextMessage[java.lang.String, java.lang.String, java.lang.String, android.app.PendingIntent, android.app.PendingIntent], [0, 1, 2, 3, 4, 5]]>
DalvikVM - [BB]: [34]<0 RETURN,VOID>
DalvikVM - [WARN]: ar -2, (Activity:instance number 1@edu.mit.string_formatter.MainActivity, edu.mit.string_formatter.MainActivity)
DalvikVM - [WARN]: ar -2, (null, android.os.Bundle)
newStackFrame - [BB]: New Stack Frame: StackFrame edu.mit.string_formatter.MainActivity/onCreate[android.os.Bundle]
newStackFrame - [BB]: Stack: []
Activity - [BB]: Intent null
DalvikVM - [MSG]: Begin run instrumented methods!
DalvikVM - [BB]: Add frames [StackFrame edu.mit.string_formatter.MainActivity/onCreate[android.os.Bundle]]
DalvikVM - [BB]: fu.hao.trust.dvm.DalvikVM -> runInstrumentedMethods set pc to 0
Executor - [MSG]: 

Executor - [MSG]: <0 SPECIAL,ARGUMENT_SET,extra=[10, 11]> at edu.mit.string_formatter.MainActivity/onCreate[android.os.Bundle]
DalvikVM - [WARN]: ar 10, (Activity:instance number 1@edu.mit.string_formatter.MainActivity, edu.mit.string_formatter.MainActivity)
Executor - [DEBUG]: params: Activity:instance number 1@edu.mit.string_formatter.MainActivity
DalvikVM - [WARN]: ar 11, (null, android.os.Bundle)
Executor - [DEBUG]: params: null
DalvikVM - [BB]: fu.hao.trust.dvm.Executor$OP_SP_ARGUMENTS -> jump set pc to 1
PluginManager - [MSG]: TaintSumBranch Tainted Res: {}
Executor - [MSG]: 

Executor - [MSG]: <1 MOV,CONST,dst=r2,type=void,extra=class patdroid.core.PrimitiveInfo?0> at edu.mit.string_formatter.MainActivity/onCreate[android.os.Bundle]
Executor - [DEBUG]: Mov const begin <1 MOV,CONST,dst=r2,type=void,extra=class patdroid.core.PrimitiveInfo?0>
DalvikVM - [WARN]: ar 2, (0, void)
Executor - [DEBUG]: data: 0 class patdroid.core.PrimitiveInfo
DalvikVM - [BB]: fu.hao.trust.dvm.Executor$OP_MOV_CONST -> jump set pc to 2
PluginManager - [MSG]: TaintSumBranch Tainted Res: {}
Executor - [MSG]: 

Executor - [MSG]: <2 HALT,SUPER,extra=[null, [10, 11]]> at edu.mit.string_formatter.MainActivity/onCreate[android.os.Bundle]
DalvikVM - [BB]: fu.hao.trust.dvm.Executor$OP_HALT -> jump set pc to 3
Executor - [MSG]: Cannot resolve the invocation
TaintSumBranch - [BB]: Not a taint op <2 HALT,SUPER,extra=[null, [10, 11]]>
PluginManager - [MSG]: TaintSumBranch Tainted Res: {}
Executor - [MSG]: 

Executor - [MSG]: <3 MOV,CONST,dst=r1,type=void,extra=class patdroid.core.PrimitiveInfo?2130903040> at edu.mit.string_formatter.MainActivity/onCreate[android.os.Bundle]
Executor - [DEBUG]: Mov const begin <3 MOV,CONST,dst=r1,type=void,extra=class patdroid.core.PrimitiveInfo?2130903040>
DalvikVM - [WARN]: ar 1, (2130903040, void)
Executor - [DEBUG]: data: 2130903040 class patdroid.core.PrimitiveInfo
DalvikVM - [BB]: fu.hao.trust.dvm.Executor$OP_MOV_CONST -> jump set pc to 4
PluginManager - [MSG]: TaintSumBranch Tainted Res: {}
Executor - [MSG]: 

Executor - [MSG]: <4 INVOKE,VIRTUAL,extra=[android.app.Activity/setContentView[int], [10, 1]]> at edu.mit.string_formatter.MainActivity/onCreate[android.os.Bundle]
Executor - [MSG]: arg0 obj: Activity:instance number 1@edu.mit.string_formatter.MainActivity
Executor - [DEBUG]: Reflction class: class android.app.Activity
Executor - [BB]: Normal args? true
Executor - [BB]: arg1@reg1: 2130903040
Executor - [DEBUG]: Expected para type: int
Executor - [DEBUG]: Real para int, value: 2130903040
Executor - [BB]: Nargs? true
Executor - [DEBUG]: Caller obj: Activity:instance number 1@edu.mit.string_formatter.MainActivity, from class: class android.app.Activity
DalvikVM - [WARN]: ar -1, (null, void)
Executor - [MSG]: Reflction invocation public void android.app.Activity.setContentView(int)
DalvikVM - [BB]: Set reflective call: public void android.app.Activity.setContentView(int)
DalvikVM - [BB]: fu.hao.trust.dvm.Executor -> jump set pc to 5
TaintSumBranch - [BB]: <android.app.Activity: void setContentView(int)>
TaintSumBranch - [DEBUG]: Not a taint call: <android.app.Activity: void setContentView(int)>
PluginManager - [MSG]: TaintSumBranch Tainted Res: {}
Executor - [MSG]: 

Executor - [MSG]: <5 MOV,CONST,dst=r1,type=java.lang.String,extra="phone"> at edu.mit.string_formatter.MainActivity/onCreate[android.os.Bundle]
Executor - [DEBUG]: Mov const begin <5 MOV,CONST,dst=r1,type=java.lang.String,extra="phone">
DalvikVM - [WARN]: ar 1 (2130903040, void), (phone, java.lang.String)
Executor - [DEBUG]: data: phone class java.lang.String
DalvikVM - [BB]: fu.hao.trust.dvm.Executor$OP_MOV_CONST -> jump set pc to 6
PluginManager - [MSG]: TaintSumBranch Tainted Res: {}
Executor - [MSG]: 

Executor - [MSG]: <6 INVOKE,VIRTUAL,extra=[android.content.Context/getSystemService[java.lang.String], [10, 1]]> at edu.mit.string_formatter.MainActivity/onCreate[android.os.Bundle]
Executor - [MSG]: arg0 obj: Activity:instance number 1@edu.mit.string_formatter.MainActivity
Executor - [DEBUG]: Reflction class: class android.content.Context
Executor - [BB]: Normal args? true
Executor - [BB]: arg1@reg1: phone
Executor - [BB]: Nargs? true
Executor - [DEBUG]: Caller obj: Activity:instance number 1@edu.mit.string_formatter.MainActivity, from class: class android.app.Activity
DalvikVM - [WARN]: ar -1, (android.telephony.TelephonyManager@206b4c9c, java.lang.Object)
Executor - [DEBUG]: Return data: android.telephony.TelephonyManager@206b4c9c ,class android.telephony.TelephonyManager
Executor - [MSG]: Reflction invocation public java.lang.Object android.content.Context.getSystemService(java.lang.String)
DalvikVM - [BB]: Set reflective call: public java.lang.Object android.content.Context.getSystemService(java.lang.String)
DalvikVM - [BB]: fu.hao.trust.dvm.Executor -> jump set pc to 7
TaintSumBranch - [BB]: <android.content.Context: java.lang.Object getSystemService(java.lang.String)>
TaintSumBranch - [DEBUG]: Not a taint call: <android.content.Context: java.lang.Object getSystemService(java.lang.String)>
PluginManager - [MSG]: TaintSumBranch Tainted Res: {}
Executor - [MSG]: 

Executor - [MSG]: <7 MOV,RESULT,dst=r9,type=java.lang.Object> at edu.mit.string_formatter.MainActivity/onCreate[android.os.Bundle]
DalvikVM - [WARN]: ar 9, (android.telephony.TelephonyManager@206b4c9c, java.lang.Object)
OP_MOV_RESULT - [BB]: Result data: android.telephony.TelephonyManager@206b4c9c
OP_MOV_RESULT - [DEBUG]: Result data: android.telephony.TelephonyManager@206b4c9c, type: java.lang.Object, to [reg 9@MainActivity/onCreate]
DalvikVM - [BB]: fu.hao.trust.dvm.Executor$OP_MOV_RESULT -> jump set pc to 8
PluginManager - [MSG]: TaintSumBranch Tainted Res: {}
Executor - [MSG]: 

Executor - [MSG]: <8 ARITHMETIC,CHECK-AND-CAST,dst=r9,type=android.telephony.TelephonyManager> at edu.mit.string_formatter.MainActivity/onCreate[android.os.Bundle]
DalvikVM - [BB]: fu.hao.trust.dvm.Executor$OP_ARITHETIC -> jump set pc to 9
PluginManager - [MSG]: TaintSumBranch Tainted Res: {}
Executor - [MSG]: 

Executor - [MSG]: <9 INVOKE,VIRTUAL,extra=[android.telephony.TelephonyManager/getDeviceId[], [9]]> at edu.mit.string_formatter.MainActivity/onCreate[android.os.Bundle]
Executor - [MSG]: arg0 obj: android.telephony.TelephonyManager@206b4c9c
Executor - [DEBUG]: Reflction class: class android.telephony.TelephonyManager
DalvikVM - [WARN]: ar -1, (359874043116909, java.lang.String)
Executor - [DEBUG]: Return data: 359874043116909 ,class java.lang.String
Executor - [MSG]: Reflction invocation public java.lang.String android.telephony.TelephonyManager.getDeviceId()
DalvikVM - [BB]: Set reflective call: public java.lang.String android.telephony.TelephonyManager.getDeviceId()
DalvikVM - [BB]: fu.hao.trust.dvm.Executor -> jump set pc to 10
TaintSumBranch - [BB]: <android.telephony.TelephonyManager: java.lang.String getDeviceId()>
TaintSumBranch - [WARN]: Found a tainted return value!
PluginManager - [MSG]: TaintSumBranch Tainted Res: {[Global RetReg]=<9 INVOKE,VIRTUAL,extra=[android.telephony.TelephonyManager/getDeviceId[], [9]]>, 359874043116909=<9 INVOKE,VIRTUAL,extra=[android.telephony.TelephonyManager/getDeviceId[], [9]]>}
Executor - [MSG]: 

Executor - [MSG]: <10 MOV,RESULT,dst=r8,type=java.lang.Object> at edu.mit.string_formatter.MainActivity/onCreate[android.os.Bundle]
DalvikVM - [WARN]: ar 8, (359874043116909, java.lang.String)
OP_MOV_RESULT - [BB]: Result data: 359874043116909
OP_MOV_RESULT - [DEBUG]: Result data: 359874043116909, type: java.lang.String, to [reg 8@MainActivity/onCreate]
DalvikVM - [BB]: fu.hao.trust.dvm.Executor$OP_MOV_RESULT -> jump set pc to 11
TaintSumBranch - [BB]: <9 INVOKE,VIRTUAL,extra=[android.telephony.TelephonyManager/getDeviceId[], [9]]>
TaintSumBranch - [BB]: Add reg 8 due to ret reg.
PluginManager - [MSG]: TaintSumBranch Tainted Res: {359874043116909=<9 INVOKE,VIRTUAL,extra=[android.telephony.TelephonyManager/getDeviceId[], [9]]>, [reg 8@MainActivity/onCreate]=<9 INVOKE,VIRTUAL,extra=[android.telephony.TelephonyManager/getDeviceId[], [9]]>}
Executor - [MSG]: 

Executor - [MSG]: <11 NEW,INSTANCE,dst=r6,type=java.lang.StringBuffer> at edu.mit.string_formatter.MainActivity/onCreate[android.os.Bundle]
OP_NEW_INSTANCE - [DEBUG]: [reg 6@MainActivity/onCreate]
DalvikVM - [WARN]: ar 6, (null, java.lang.StringBuffer)
OP_NEW_INSTANCE - [BB]: Reflecable instance.
DalvikVM - [BB]: fu.hao.trust.dvm.Executor$OP_NEW_INSTANCE -> jump set pc to 12
TaintSumBranch - [BB]: Rdst [reg 6@MainActivity/onCreate]
PluginManager - [MSG]: TaintSumBranch Tainted Res: {359874043116909=<9 INVOKE,VIRTUAL,extra=[android.telephony.TelephonyManager/getDeviceId[], [9]]>, [reg 8@MainActivity/onCreate]=<9 INVOKE,VIRTUAL,extra=[android.telephony.TelephonyManager/getDeviceId[], [9]]>}
Executor - [MSG]: 

Executor - [MSG]: <12 INVOKE,DIRECT,extra=[java.lang.StringBuffer/<init>[], [6]]> at edu.mit.string_formatter.MainActivity/onCreate[android.os.Bundle]
Executor - [MSG]: arg0 obj: null
Executor - [BB]: java.lang.StringBuffer/<init>[] is a constructor!
DalvikVM - [WARN]: ar 6 (null, java.lang.StringBuffer), (, void)
Executor - [DEBUG]: Reflected init instance: , class java.lang.StringBuffer
DalvikVM - [BB]: fu.hao.trust.dvm.Executor -> jump set pc to 13
TaintSumBranch - [BB]: <java.lang.StringBuffer: void <init>()>
TaintSumBranch - [DEBUG]: Not a taint call: <java.lang.StringBuffer: void <init>()>
PluginManager - [MSG]: TaintSumBranch Tainted Res: {359874043116909=<9 INVOKE,VIRTUAL,extra=[android.telephony.TelephonyManager/getDeviceId[], [9]]>, [reg 8@MainActivity/onCreate]=<9 INVOKE,VIRTUAL,extra=[android.telephony.TelephonyManager/getDeviceId[], [9]]>}
Executor - [MSG]: 

Executor - [MSG]: <13 NEW,INSTANCE,dst=r7,type=java.util.Formatter> at edu.mit.string_formatter.MainActivity/onCreate[android.os.Bundle]
OP_NEW_INSTANCE - [DEBUG]: [reg 7@MainActivity/onCreate]
DalvikVM - [WARN]: ar 7, (null, java.util.Formatter)
OP_NEW_INSTANCE - [BB]: Reflecable instance.
DalvikVM - [BB]: fu.hao.trust.dvm.Executor$OP_NEW_INSTANCE -> jump set pc to 14
TaintSumBranch - [BB]: Rdst [reg 7@MainActivity/onCreate]
PluginManager - [MSG]: TaintSumBranch Tainted Res: {359874043116909=<9 INVOKE,VIRTUAL,extra=[android.telephony.TelephonyManager/getDeviceId[], [9]]>, [reg 8@MainActivity/onCreate]=<9 INVOKE,VIRTUAL,extra=[android.telephony.TelephonyManager/getDeviceId[], [9]]>}
Executor - [MSG]: 

Executor - [MSG]: <14 INVOKE,DIRECT,extra=[java.util.Formatter/<init>[java.lang.Appendable], [7, 6]]> at edu.mit.string_formatter.MainActivity/onCreate[android.os.Bundle]
Executor - [MSG]: arg0 obj: null
Executor - [BB]: java.util.Formatter/<init>[java.lang.Appendable] is a constructor!
Executor - [BB]: arg1@reg6: 
DalvikVM - [WARN]: ar 7 (null, java.util.Formatter), (, java.util.Formatter)
Executor - [DEBUG]: Init instance:  class java.util.Formatter
DalvikVM - [BB]: fu.hao.trust.dvm.Executor -> jump set pc to 15
TaintSumBranch - [BB]: <java.util.Formatter: void <init>(java.lang.Appendable)>
TaintSumBranch - [DEBUG]: Not a taint call: <java.util.Formatter: void <init>(java.lang.Appendable)>
PluginManager - [MSG]: TaintSumBranch Tainted Res: {359874043116909=<9 INVOKE,VIRTUAL,extra=[android.telephony.TelephonyManager/getDeviceId[], [9]]>, [reg 8@MainActivity/onCreate]=<9 INVOKE,VIRTUAL,extra=[android.telephony.TelephonyManager/getDeviceId[], [9]]>}
Executor - [MSG]: 

Executor - [MSG]: <15 MOV,CONST,dst=r1,type=java.lang.String,extra="%s"> at edu.mit.string_formatter.MainActivity/onCreate[android.os.Bundle]
Executor - [DEBUG]: Mov const begin <15 MOV,CONST,dst=r1,type=java.lang.String,extra="%s">
DalvikVM - [WARN]: ar 1 (phone, java.lang.String), (%s, java.lang.String)
Executor - [DEBUG]: data: %s class java.lang.String
DalvikVM - [BB]: fu.hao.trust.dvm.Executor$OP_MOV_CONST -> jump set pc to 16
PluginManager - [MSG]: TaintSumBranch Tainted Res: {359874043116909=<9 INVOKE,VIRTUAL,extra=[android.telephony.TelephonyManager/getDeviceId[], [9]]>, [reg 8@MainActivity/onCreate]=<9 INVOKE,VIRTUAL,extra=[android.telephony.TelephonyManager/getDeviceId[], [9]]>}
Executor - [MSG]: 

Executor - [MSG]: <16 MOV,CONST,dst=r3,type=void,extra=class patdroid.core.PrimitiveInfo?1> at edu.mit.string_formatter.MainActivity/onCreate[android.os.Bundle]
Executor - [DEBUG]: Mov const begin <16 MOV,CONST,dst=r3,type=void,extra=class patdroid.core.PrimitiveInfo?1>
DalvikVM - [WARN]: ar 3, (1, void)
Executor - [DEBUG]: data: 1 class patdroid.core.PrimitiveInfo
DalvikVM - [BB]: fu.hao.trust.dvm.Executor$OP_MOV_CONST -> jump set pc to 17
PluginManager - [MSG]: TaintSumBranch Tainted Res: {359874043116909=<9 INVOKE,VIRTUAL,extra=[android.telephony.TelephonyManager/getDeviceId[], [9]]>, [reg 8@MainActivity/onCreate]=<9 INVOKE,VIRTUAL,extra=[android.telephony.TelephonyManager/getDeviceId[], [9]]>}
Executor - [MSG]: 

Executor - [MSG]: <17 NEW,ARRAY,dst=r3,r0=r3,type=[Ljava.lang.Object;> at edu.mit.string_formatter.MainActivity/onCreate[android.os.Bundle]
DalvikVM - [WARN]: ar 3 (1, void), ([Ljava.lang.Object;@7308e90a, [Ljava.lang.Object;)
OP_NEW_ARRAY - [DEBUG]: A new array of [Ljava.lang.Object; in size 1 created.
DalvikVM - [BB]: fu.hao.trust.dvm.Executor$OP_NEW_ARRAY -> jump set pc to 18
TaintSumBranch - [BB]: Not a taint op <17 NEW,ARRAY,dst=r3,r0=r3,type=[Ljava.lang.Object;>
PluginManager - [MSG]: TaintSumBranch Tainted Res: {359874043116909=<9 INVOKE,VIRTUAL,extra=[android.telephony.TelephonyManager/getDeviceId[], [9]]>, [reg 8@MainActivity/onCreate]=<9 INVOKE,VIRTUAL,extra=[android.telephony.TelephonyManager/getDeviceId[], [9]]>}
Executor - [MSG]: 

Executor - [MSG]: <18 MOV,CONST,dst=r4,type=void,extra=class patdroid.core.PrimitiveInfo?0> at edu.mit.string_formatter.MainActivity/onCreate[android.os.Bundle]
Executor - [DEBUG]: Mov const begin <18 MOV,CONST,dst=r4,type=void,extra=class patdroid.core.PrimitiveInfo?0>
DalvikVM - [WARN]: ar 4, (0, void)
Executor - [DEBUG]: data: 0 class patdroid.core.PrimitiveInfo
DalvikVM - [BB]: fu.hao.trust.dvm.Executor$OP_MOV_CONST -> jump set pc to 19
PluginManager - [MSG]: TaintSumBranch Tainted Res: {359874043116909=<9 INVOKE,VIRTUAL,extra=[android.telephony.TelephonyManager/getDeviceId[], [9]]>, [reg 8@MainActivity/onCreate]=<9 INVOKE,VIRTUAL,extra=[android.telephony.TelephonyManager/getDeviceId[], [9]]>}
Executor - [MSG]: 

Executor - [MSG]: <19 ARRAY,APUT,dst=r8,r0=r3,r1=r4,type=java.lang.Object> at edu.mit.string_formatter.MainActivity/onCreate[android.os.Bundle]
DalvikVM - [BB]: fu.hao.trust.dvm.Executor$OP_ARRAY_PUT -> jump set pc to 20
Executor - [BB]: index: 0, length: 1
Executor - [DEBUG]: data: 359874043116909 array: [Ljava.lang.Object;@7308e90a
PluginManager - [MSG]: TaintSumBranch Tainted Res: {359874043116909=<9 INVOKE,VIRTUAL,extra=[android.telephony.TelephonyManager/getDeviceId[], [9]]>, [reg 8@MainActivity/onCreate]=<9 INVOKE,VIRTUAL,extra=[android.telephony.TelephonyManager/getDeviceId[], [9]]>}
Executor - [MSG]: 

Executor - [MSG]: <20 INVOKE,VIRTUAL,extra=[java.util.Formatter/format[java.lang.String, [Ljava.lang.Object;], [7, 1, 3]]> at edu.mit.string_formatter.MainActivity/onCreate[android.os.Bundle]
Executor - [MSG]: arg0 obj: 
Executor - [DEBUG]: Reflction class: class java.util.Formatter
Executor - [BB]: Normal args? true
Executor - [BB]: arg1@reg1: %s
Executor - [BB]: arg2@reg3: [Ljava.lang.Object;@7308e90a
DalvikVM - [WARN]: ar 3 ([Ljava.lang.Object;@7308e90a, [Ljava.lang.Object;), ([Ljava.lang.Object;@7308e90a, [Ljava.lang.Object;)
Executor - [BB]: Nargs? true
Executor - [DEBUG]: Caller obj: , from class: class java.util.Formatter
DalvikVM - [WARN]: ar -1, (359874043116909, java.util.Formatter)
Executor - [DEBUG]: Return data: 359874043116909 ,class java.util.Formatter
Executor - [MSG]: Reflction invocation public java.util.Formatter java.util.Formatter.format(java.lang.String,java.lang.Object[])
DalvikVM - [BB]: Set reflective call: public java.util.Formatter java.util.Formatter.format(java.lang.String,java.lang.Object[])
DalvikVM - [BB]: fu.hao.trust.dvm.Executor -> jump set pc to 21
TaintSumBranch - [BB]: <java.util.Formatter: java.util.Formatter format(java.lang.String,[Ljava.lang.Object;)>
TaintSumBranch - [WARN]: Found a tainted return val!
TaintSumBranch - [DEBUG]: Not a taint call: <java.util.Formatter: java.util.Formatter format(java.lang.String,[Ljava.lang.Object;)>
PluginManager - [MSG]: TaintSumBranch Tainted Res: {[Global RetReg]=<9 INVOKE,VIRTUAL,extra=[android.telephony.TelephonyManager/getDeviceId[], [9]]>, 359874043116909=<9 INVOKE,VIRTUAL,extra=[android.telephony.TelephonyManager/getDeviceId[], [9]]>, [reg 8@MainActivity/onCreate]=<9 INVOKE,VIRTUAL,extra=[android.telephony.TelephonyManager/getDeviceId[], [9]]>, 359874043116909=<9 INVOKE,VIRTUAL,extra=[android.telephony.TelephonyManager/getDeviceId[], [9]]>}
Executor - [MSG]: 

Executor - [MSG]: <21 INVOKE,VIRTUAL,extra=[java.util.Formatter/close[], [7]]> at edu.mit.string_formatter.MainActivity/onCreate[android.os.Bundle]
Executor - [MSG]: arg0 obj: 359874043116909
Executor - [DEBUG]: Reflction class: class java.util.Formatter
DalvikVM - [WARN]: ar -1, (null, void)
Executor - [MSG]: Reflction invocation public void java.util.Formatter.close()
DalvikVM - [BB]: Set reflective call: public void java.util.Formatter.close()
DalvikVM - [BB]: fu.hao.trust.dvm.Executor -> jump set pc to 22
TaintSumBranch - [BB]: <java.util.Formatter: void close()>
TaintSumBranch - [WARN]: Found a tainted return val!
TaintSumBranch - [DEBUG]: Not a taint call: <java.util.Formatter: void close()>
TaintSumBranch - [WARN]: Found a tainted return val!
TaintSumBranch - [WARN]: java.util.FormatterClosedException
java.util.Formatter.ensureOpen(Unknown Source)
java.util.Formatter.toString(Unknown Source)
java.lang.String.valueOf(Unknown Source)
java.lang.StringBuilder.append(Unknown Source)
java.util.AbstractMap.toString(Unknown Source)
java.lang.String.valueOf(Unknown Source)
java.lang.StringBuilder.append(Unknown Source)
fu.hao.trust.analysis.PluginManager.printResults(PluginManager.java:67)
fu.hao.trust.dvm.Executor.exec(Executor.java:3201)
fu.hao.trust.dvm.Executor.runInstrumentedMethods(Executor.java:2798)
fu.hao.trust.dvm.DalvikVM.runInstrumentedMethods(DalvikVM.java:950)
android.app.Activity.init(Activity.java:75)
android.app.Activity.<init>(Activity.java:45)
fu.hao.trust.dvm.DalvikVM.newVMObject(DalvikVM.java:1282)
fu.hao.trust.dvm.Executor.runMethod(Executor.java:2774)
fu.hao.trust.dvm.DalvikVM.runMethod(DalvikVM.java:977)
fu.hao.trust.dvm.DalvikVM.runMethod(DalvikVM.java:904)
fu.hao.trust.dvm.Main.runMethod(Main.java:297)
fu.hao.trust.dvm.Main.main(Main.java:178)
fu.hao.trust.test.Test.testMain(Test.java:39)
fu.hao.trust.test.Test.main(Test.java:24)

Executor - [MSG]: 

Executor - [MSG]: <22 MOV,CONST,dst=r1,type=java.lang.String,extra="DroidBench"> at edu.mit.string_formatter.MainActivity/onCreate[android.os.Bundle]
Executor - [DEBUG]: Mov const begin <22 MOV,CONST,dst=r1,type=java.lang.String,extra="DroidBench">
DalvikVM - [WARN]: ar 1 (%s, java.lang.String), (DroidBench, java.lang.String)
Executor - [DEBUG]: data: DroidBench class java.lang.String
DalvikVM - [BB]: fu.hao.trust.dvm.Executor$OP_MOV_CONST -> jump set pc to 23
TaintSumBranch - [WARN]: java.util.FormatterClosedException
java.util.Formatter.ensureOpen(Unknown Source)
java.util.Formatter.toString(Unknown Source)
java.lang.String.valueOf(Unknown Source)
java.lang.StringBuilder.append(Unknown Source)
java.util.AbstractMap.toString(Unknown Source)
java.lang.String.valueOf(Unknown Source)
java.lang.StringBuilder.append(Unknown Source)
fu.hao.trust.analysis.PluginManager.printResults(PluginManager.java:67)
fu.hao.trust.dvm.Executor.exec(Executor.java:3201)
fu.hao.trust.dvm.Executor.runInstrumentedMethods(Executor.java:2798)
fu.hao.trust.dvm.DalvikVM.runInstrumentedMethods(DalvikVM.java:950)
android.app.Activity.init(Activity.java:75)
android.app.Activity.<init>(Activity.java:45)
fu.hao.trust.dvm.DalvikVM.newVMObject(DalvikVM.java:1282)
fu.hao.trust.dvm.Executor.runMethod(Executor.java:2774)
fu.hao.trust.dvm.DalvikVM.runMethod(DalvikVM.java:977)
fu.hao.trust.dvm.DalvikVM.runMethod(DalvikVM.java:904)
fu.hao.trust.dvm.Main.runMethod(Main.java:297)
fu.hao.trust.dvm.Main.main(Main.java:178)
fu.hao.trust.test.Test.testMain(Test.java:39)
fu.hao.trust.test.Test.main(Test.java:24)

Executor - [MSG]: 

Executor - [MSG]: <23 INVOKE,VIRTUAL,extra=[java.lang.StringBuffer/toString[], [6]]> at edu.mit.string_formatter.MainActivity/onCreate[android.os.Bundle]
Executor - [MSG]: arg0 obj: 359874043116909
Executor - [DEBUG]: Reflction class: class java.lang.StringBuffer
DalvikVM - [WARN]: ar -1, (359874043116909, java.lang.String)
Executor - [DEBUG]: Return data: 359874043116909 ,class java.lang.String
Executor - [MSG]: Reflction invocation public synchronized java.lang.String java.lang.StringBuffer.toString()
DalvikVM - [BB]: Set reflective call: public synchronized java.lang.String java.lang.StringBuffer.toString()
DalvikVM - [BB]: fu.hao.trust.dvm.Executor -> jump set pc to 24
TaintSumBranch - [BB]: <java.lang.StringBuffer: java.lang.String toString()>
TaintSumBranch - [DEBUG]: Not a taint call: <java.lang.StringBuffer: java.lang.String toString()>
TaintSumBranch - [WARN]: java.util.FormatterClosedException
java.util.Formatter.ensureOpen(Unknown Source)
java.util.Formatter.toString(Unknown Source)
java.lang.String.valueOf(Unknown Source)
java.lang.StringBuilder.append(Unknown Source)
java.util.AbstractMap.toString(Unknown Source)
java.lang.String.valueOf(Unknown Source)
java.lang.StringBuilder.append(Unknown Source)
fu.hao.trust.analysis.PluginManager.printResults(PluginManager.java:67)
fu.hao.trust.dvm.Executor.exec(Executor.java:3201)
fu.hao.trust.dvm.Executor.runInstrumentedMethods(Executor.java:2798)
fu.hao.trust.dvm.DalvikVM.runInstrumentedMethods(DalvikVM.java:950)
android.app.Activity.init(Activity.java:75)
android.app.Activity.<init>(Activity.java:45)
fu.hao.trust.dvm.DalvikVM.newVMObject(DalvikVM.java:1282)
fu.hao.trust.dvm.Executor.runMethod(Executor.java:2774)
fu.hao.trust.dvm.DalvikVM.runMethod(DalvikVM.java:977)
fu.hao.trust.dvm.DalvikVM.runMethod(DalvikVM.java:904)
fu.hao.trust.dvm.Main.runMethod(Main.java:297)
fu.hao.trust.dvm.Main.main(Main.java:178)
fu.hao.trust.test.Test.testMain(Test.java:39)
fu.hao.trust.test.Test.main(Test.java:24)

Executor - [MSG]: 

Executor - [MSG]: <24 MOV,RESULT,dst=r3,type=java.lang.Object> at edu.mit.string_formatter.MainActivity/onCreate[android.os.Bundle]
DalvikVM - [WARN]: ar 3 ([Ljava.lang.Object;@7308e90a, [Ljava.lang.Object;), (359874043116909, java.lang.String)
OP_MOV_RESULT - [BB]: Result data: 359874043116909
OP_MOV_RESULT - [DEBUG]: Result data: 359874043116909, type: java.lang.String, to [reg 3@MainActivity/onCreate]
DalvikVM - [BB]: fu.hao.trust.dvm.Executor$OP_MOV_RESULT -> jump set pc to 25
TaintSumBranch - [BB]: Add reg 3 due to ret data.
TaintSumBranch - [WARN]: java.util.FormatterClosedException
java.util.Formatter.ensureOpen(Unknown Source)
java.util.Formatter.toString(Unknown Source)
java.lang.String.valueOf(Unknown Source)
java.lang.StringBuilder.append(Unknown Source)
java.util.AbstractMap.toString(Unknown Source)
java.lang.String.valueOf(Unknown Source)
java.lang.StringBuilder.append(Unknown Source)
fu.hao.trust.analysis.PluginManager.printResults(PluginManager.java:67)
fu.hao.trust.dvm.Executor.exec(Executor.java:3201)
fu.hao.trust.dvm.Executor.runInstrumentedMethods(Executor.java:2798)
fu.hao.trust.dvm.DalvikVM.runInstrumentedMethods(DalvikVM.java:950)
android.app.Activity.init(Activity.java:75)
android.app.Activity.<init>(Activity.java:45)
fu.hao.trust.dvm.DalvikVM.newVMObject(DalvikVM.java:1282)
fu.hao.trust.dvm.Executor.runMethod(Executor.java:2774)
fu.hao.trust.dvm.DalvikVM.runMethod(DalvikVM.java:977)
fu.hao.trust.dvm.DalvikVM.runMethod(DalvikVM.java:904)
fu.hao.trust.dvm.Main.runMethod(Main.java:297)
fu.hao.trust.dvm.Main.main(Main.java:178)
fu.hao.trust.test.Test.testMain(Test.java:39)
fu.hao.trust.test.Test.main(Test.java:24)

Executor - [MSG]: 

Executor - [MSG]: <25 INVOKE,STATIC,extra=[android.util.Log/i[java.lang.String, java.lang.String], [1, 3]]> at edu.mit.string_formatter.MainActivity/onCreate[android.os.Bundle]
Executor - [DEBUG]: Reflction class android.util.Log
Executor - [BB]: arg0@reg1: DroidBench
Executor - [BB]: arg1@reg3: 359874043116909
Executor - [BB]: param: DroidBench
Executor - [BB]: param: 359874043116909
DalvikVM - [WARN]: ar -1, (1, int)
Executor - [MSG]: reflction invocation public static int android.util.Log.i(java.lang.String,java.lang.String)
DalvikVM - [BB]: Set reflective call: public static int android.util.Log.i(java.lang.String,java.lang.String)
DalvikVM - [BB]: fu.hao.trust.dvm.Executor$OP_INVOKE_STATIC -> jump set pc to 26
TaintSumBranch - [BB]: <android.util.Log: int i(java.lang.String,java.lang.String)>
TaintSumBranch - [WARN]: Found a tainted return val!
Results - [MSG]: New recorded tainted field: i
TaintSumBranch - [DEBUG]: Not a taint call: <android.util.Log: int i(java.lang.String,java.lang.String)>
TaintSumBranch - [WARN]: Found a tainted return val!
TaintSumBranch - [WARN]: java.util.FormatterClosedException
java.util.Formatter.ensureOpen(Unknown Source)
java.util.Formatter.toString(Unknown Source)
java.lang.String.valueOf(Unknown Source)
java.lang.StringBuilder.append(Unknown Source)
java.util.AbstractMap.toString(Unknown Source)
java.lang.String.valueOf(Unknown Source)
java.lang.StringBuilder.append(Unknown Source)
fu.hao.trust.analysis.PluginManager.printResults(PluginManager.java:67)
fu.hao.trust.dvm.Executor.exec(Executor.java:3201)
fu.hao.trust.dvm.Executor.runInstrumentedMethods(Executor.java:2798)
fu.hao.trust.dvm.DalvikVM.runInstrumentedMethods(DalvikVM.java:950)
android.app.Activity.init(Activity.java:75)
android.app.Activity.<init>(Activity.java:45)
fu.hao.trust.dvm.DalvikVM.newVMObject(DalvikVM.java:1282)
fu.hao.trust.dvm.Executor.runMethod(Executor.java:2774)
fu.hao.trust.dvm.DalvikVM.runMethod(DalvikVM.java:977)
fu.hao.trust.dvm.DalvikVM.runMethod(DalvikVM.java:904)
fu.hao.trust.dvm.Main.runMethod(Main.java:297)
fu.hao.trust.dvm.Main.main(Main.java:178)
fu.hao.trust.test.Test.testMain(Test.java:39)
fu.hao.trust.test.Test.main(Test.java:24)

Executor - [MSG]: 

Executor - [MSG]: <26 INVOKE,STATIC,extra=[android.telephony.SmsManager/getDefault[], []]> at edu.mit.string_formatter.MainActivity/onCreate[android.os.Bundle]
Executor - [DEBUG]: Reflction class android.telephony.SmsManager
DalvikVM - [WARN]: ar -1, (android.telephony.SmsManager@532eb0b3, android.telephony.SmsManager)
Executor - [MSG]: reflction invocation public static android.telephony.SmsManager android.telephony.SmsManager.getDefault()
DalvikVM - [BB]: Set reflective call: public static android.telephony.SmsManager android.telephony.SmsManager.getDefault()
DalvikVM - [BB]: fu.hao.trust.dvm.Executor$OP_INVOKE_STATIC -> jump set pc to 27
TaintSumBranch - [BB]: <android.telephony.SmsManager: android.telephony.SmsManager getDefault()>
TaintSumBranch - [DEBUG]: Not a taint call: <android.telephony.SmsManager: android.telephony.SmsManager getDefault()>
TaintSumBranch - [WARN]: java.util.FormatterClosedException
java.util.Formatter.ensureOpen(Unknown Source)
java.util.Formatter.toString(Unknown Source)
java.lang.String.valueOf(Unknown Source)
java.lang.StringBuilder.append(Unknown Source)
java.util.AbstractMap.toString(Unknown Source)
java.lang.String.valueOf(Unknown Source)
java.lang.StringBuilder.append(Unknown Source)
fu.hao.trust.analysis.PluginManager.printResults(PluginManager.java:67)
fu.hao.trust.dvm.Executor.exec(Executor.java:3201)
fu.hao.trust.dvm.Executor.runInstrumentedMethods(Executor.java:2798)
fu.hao.trust.dvm.DalvikVM.runInstrumentedMethods(DalvikVM.java:950)
android.app.Activity.init(Activity.java:75)
android.app.Activity.<init>(Activity.java:45)
fu.hao.trust.dvm.DalvikVM.newVMObject(DalvikVM.java:1282)
fu.hao.trust.dvm.Executor.runMethod(Executor.java:2774)
fu.hao.trust.dvm.DalvikVM.runMethod(DalvikVM.java:977)
fu.hao.trust.dvm.DalvikVM.runMethod(DalvikVM.java:904)
fu.hao.trust.dvm.Main.runMethod(Main.java:297)
fu.hao.trust.dvm.Main.main(Main.java:178)
fu.hao.trust.test.Test.testMain(Test.java:39)
fu.hao.trust.test.Test.main(Test.java:24)

Executor - [MSG]: 

Executor - [MSG]: <27 MOV,RESULT,dst=r0,type=java.lang.Object> at edu.mit.string_formatter.MainActivity/onCreate[android.os.Bundle]
DalvikVM - [WARN]: ar 0, (android.telephony.SmsManager@532eb0b3, android.telephony.SmsManager)
OP_MOV_RESULT - [BB]: Result data: android.telephony.SmsManager@532eb0b3
OP_MOV_RESULT - [DEBUG]: Result data: android.telephony.SmsManager@532eb0b3, type: android.telephony.SmsManager, to [reg 0@MainActivity/onCreate]
DalvikVM - [BB]: fu.hao.trust.dvm.Executor$OP_MOV_RESULT -> jump set pc to 28
TaintSumBranch - [WARN]: java.util.FormatterClosedException
java.util.Formatter.ensureOpen(Unknown Source)
java.util.Formatter.toString(Unknown Source)
java.lang.String.valueOf(Unknown Source)
java.lang.StringBuilder.append(Unknown Source)
java.util.AbstractMap.toString(Unknown Source)
java.lang.String.valueOf(Unknown Source)
java.lang.StringBuilder.append(Unknown Source)
fu.hao.trust.analysis.PluginManager.printResults(PluginManager.java:67)
fu.hao.trust.dvm.Executor.exec(Executor.java:3201)
fu.hao.trust.dvm.Executor.runInstrumentedMethods(Executor.java:2798)
fu.hao.trust.dvm.DalvikVM.runInstrumentedMethods(DalvikVM.java:950)
android.app.Activity.init(Activity.java:75)
android.app.Activity.<init>(Activity.java:45)
fu.hao.trust.dvm.DalvikVM.newVMObject(DalvikVM.java:1282)
fu.hao.trust.dvm.Executor.runMethod(Executor.java:2774)
fu.hao.trust.dvm.DalvikVM.runMethod(DalvikVM.java:977)
fu.hao.trust.dvm.DalvikVM.runMethod(DalvikVM.java:904)
fu.hao.trust.dvm.Main.runMethod(Main.java:297)
fu.hao.trust.dvm.Main.main(Main.java:178)
fu.hao.trust.test.Test.testMain(Test.java:39)
fu.hao.trust.test.Test.main(Test.java:24)

Executor - [MSG]: 

Executor - [MSG]: <28 MOV,CONST,dst=r1,type=java.lang.String,extra="+49 1234"> at edu.mit.string_formatter.MainActivity/onCreate[android.os.Bundle]
Executor - [DEBUG]: Mov const begin <28 MOV,CONST,dst=r1,type=java.lang.String,extra="+49 1234">
DalvikVM - [WARN]: ar 1 (DroidBench, java.lang.String), (+49 1234, java.lang.String)
Executor - [DEBUG]: data: +49 1234 class java.lang.String
DalvikVM - [BB]: fu.hao.trust.dvm.Executor$OP_MOV_CONST -> jump set pc to 29
TaintSumBranch - [WARN]: java.util.FormatterClosedException
java.util.Formatter.ensureOpen(Unknown Source)
java.util.Formatter.toString(Unknown Source)
java.lang.String.valueOf(Unknown Source)
java.lang.StringBuilder.append(Unknown Source)
java.util.AbstractMap.toString(Unknown Source)
java.lang.String.valueOf(Unknown Source)
java.lang.StringBuilder.append(Unknown Source)
fu.hao.trust.analysis.PluginManager.printResults(PluginManager.java:67)
fu.hao.trust.dvm.Executor.exec(Executor.java:3201)
fu.hao.trust.dvm.Executor.runInstrumentedMethods(Executor.java:2798)
fu.hao.trust.dvm.DalvikVM.runInstrumentedMethods(DalvikVM.java:950)
android.app.Activity.init(Activity.java:75)
android.app.Activity.<init>(Activity.java:45)
fu.hao.trust.dvm.DalvikVM.newVMObject(DalvikVM.java:1282)
fu.hao.trust.dvm.Executor.runMethod(Executor.java:2774)
fu.hao.trust.dvm.DalvikVM.runMethod(DalvikVM.java:977)
fu.hao.trust.dvm.DalvikVM.runMethod(DalvikVM.java:904)
fu.hao.trust.dvm.Main.runMethod(Main.java:297)
fu.hao.trust.dvm.Main.main(Main.java:178)
fu.hao.trust.test.Test.testMain(Test.java:39)
fu.hao.trust.test.Test.main(Test.java:24)

Executor - [MSG]: 

Executor - [MSG]: <29 INVOKE,VIRTUAL,extra=[java.lang.StringBuffer/toString[], [6]]> at edu.mit.string_formatter.MainActivity/onCreate[android.os.Bundle]
Executor - [MSG]: arg0 obj: 359874043116909
Executor - [DEBUG]: Reflction class: class java.lang.StringBuffer
DalvikVM - [WARN]: ar -1, (359874043116909, java.lang.String)
Executor - [DEBUG]: Return data: 359874043116909 ,class java.lang.String
Executor - [MSG]: Reflction invocation public synchronized java.lang.String java.lang.StringBuffer.toString()
DalvikVM - [BB]: Set reflective call: public synchronized java.lang.String java.lang.StringBuffer.toString()
DalvikVM - [BB]: fu.hao.trust.dvm.Executor -> jump set pc to 30
TaintSumBranch - [BB]: <java.lang.StringBuffer: java.lang.String toString()>
TaintSumBranch - [DEBUG]: Not a taint call: <java.lang.StringBuffer: java.lang.String toString()>
TaintSumBranch - [WARN]: java.util.FormatterClosedException
java.util.Formatter.ensureOpen(Unknown Source)
java.util.Formatter.toString(Unknown Source)
java.lang.String.valueOf(Unknown Source)
java.lang.StringBuilder.append(Unknown Source)
java.util.AbstractMap.toString(Unknown Source)
java.lang.String.valueOf(Unknown Source)
java.lang.StringBuilder.append(Unknown Source)
fu.hao.trust.analysis.PluginManager.printResults(PluginManager.java:67)
fu.hao.trust.dvm.Executor.exec(Executor.java:3201)
fu.hao.trust.dvm.Executor.runInstrumentedMethods(Executor.java:2798)
fu.hao.trust.dvm.DalvikVM.runInstrumentedMethods(DalvikVM.java:950)
android.app.Activity.init(Activity.java:75)
android.app.Activity.<init>(Activity.java:45)
fu.hao.trust.dvm.DalvikVM.newVMObject(DalvikVM.java:1282)
fu.hao.trust.dvm.Executor.runMethod(Executor.java:2774)
fu.hao.trust.dvm.DalvikVM.runMethod(DalvikVM.java:977)
fu.hao.trust.dvm.DalvikVM.runMethod(DalvikVM.java:904)
fu.hao.trust.dvm.Main.runMethod(Main.java:297)
fu.hao.trust.dvm.Main.main(Main.java:178)
fu.hao.trust.test.Test.testMain(Test.java:39)
fu.hao.trust.test.Test.main(Test.java:24)

Executor - [MSG]: 

Executor - [MSG]: <30 MOV,RESULT,dst=r3,type=java.lang.Object> at edu.mit.string_formatter.MainActivity/onCreate[android.os.Bundle]
DalvikVM - [WARN]: ar 3 (359874043116909, java.lang.String), (359874043116909, java.lang.String)
OP_MOV_RESULT - [BB]: Result data: 359874043116909
OP_MOV_RESULT - [DEBUG]: Result data: 359874043116909, type: java.lang.String, to [reg 3@MainActivity/onCreate]
DalvikVM - [BB]: fu.hao.trust.dvm.Executor$OP_MOV_RESULT -> jump set pc to 31
TaintSumBranch - [BB]: Add reg 3 due to ret data.
TaintSumBranch - [WARN]: java.util.FormatterClosedException
java.util.Formatter.ensureOpen(Unknown Source)
java.util.Formatter.toString(Unknown Source)
java.lang.String.valueOf(Unknown Source)
java.lang.StringBuilder.append(Unknown Source)
java.util.AbstractMap.toString(Unknown Source)
java.lang.String.valueOf(Unknown Source)
java.lang.StringBuilder.append(Unknown Source)
fu.hao.trust.analysis.PluginManager.printResults(PluginManager.java:67)
fu.hao.trust.dvm.Executor.exec(Executor.java:3201)
fu.hao.trust.dvm.Executor.runInstrumentedMethods(Executor.java:2798)
fu.hao.trust.dvm.DalvikVM.runInstrumentedMethods(DalvikVM.java:950)
android.app.Activity.init(Activity.java:75)
android.app.Activity.<init>(Activity.java:45)
fu.hao.trust.dvm.DalvikVM.newVMObject(DalvikVM.java:1282)
fu.hao.trust.dvm.Executor.runMethod(Executor.java:2774)
fu.hao.trust.dvm.DalvikVM.runMethod(DalvikVM.java:977)
fu.hao.trust.dvm.DalvikVM.runMethod(DalvikVM.java:904)
fu.hao.trust.dvm.Main.runMethod(Main.java:297)
fu.hao.trust.dvm.Main.main(Main.java:178)
fu.hao.trust.test.Test.testMain(Test.java:39)
fu.hao.trust.test.Test.main(Test.java:24)

Executor - [MSG]: 

Executor - [MSG]: <31 MOV,REG,dst=r4,r0=r2,type=java.lang.Object> at edu.mit.string_formatter.MainActivity/onCreate[android.os.Bundle]
DalvikVM - [WARN]: ar 4 (0, void), (0, void)
class fu.hao.trust.dvm.Executor$OP_MOVE_REG - [DEBUG]: mov 0 to 0
DalvikVM - [BB]: fu.hao.trust.dvm.Executor$OP_MOVE_REG -> jump set pc to 32
TaintSumBranch - [WARN]: java.util.FormatterClosedException
java.util.Formatter.ensureOpen(Unknown Source)
java.util.Formatter.toString(Unknown Source)
java.lang.String.valueOf(Unknown Source)
java.lang.StringBuilder.append(Unknown Source)
java.util.AbstractMap.toString(Unknown Source)
java.lang.String.valueOf(Unknown Source)
java.lang.StringBuilder.append(Unknown Source)
fu.hao.trust.analysis.PluginManager.printResults(PluginManager.java:67)
fu.hao.trust.dvm.Executor.exec(Executor.java:3201)
fu.hao.trust.dvm.Executor.runInstrumentedMethods(Executor.java:2798)
fu.hao.trust.dvm.DalvikVM.runInstrumentedMethods(DalvikVM.java:950)
android.app.Activity.init(Activity.java:75)
android.app.Activity.<init>(Activity.java:45)
fu.hao.trust.dvm.DalvikVM.newVMObject(DalvikVM.java:1282)
fu.hao.trust.dvm.Executor.runMethod(Executor.java:2774)
fu.hao.trust.dvm.DalvikVM.runMethod(DalvikVM.java:977)
fu.hao.trust.dvm.DalvikVM.runMethod(DalvikVM.java:904)
fu.hao.trust.dvm.Main.runMethod(Main.java:297)
fu.hao.trust.dvm.Main.main(Main.java:178)
fu.hao.trust.test.Test.testMain(Test.java:39)
fu.hao.trust.test.Test.main(Test.java:24)

Executor - [MSG]: 

Executor - [MSG]: <32 MOV,REG,dst=r5,r0=r2,type=java.lang.Object> at edu.mit.string_formatter.MainActivity/onCreate[android.os.Bundle]
DalvikVM - [WARN]: ar 5, (0, void)
class fu.hao.trust.dvm.Executor$OP_MOVE_REG - [DEBUG]: mov 0 to 0
DalvikVM - [BB]: fu.hao.trust.dvm.Executor$OP_MOVE_REG -> jump set pc to 33
TaintSumBranch - [WARN]: java.util.FormatterClosedException
java.util.Formatter.ensureOpen(Unknown Source)
java.util.Formatter.toString(Unknown Source)
java.lang.String.valueOf(Unknown Source)
java.lang.StringBuilder.append(Unknown Source)
java.util.AbstractMap.toString(Unknown Source)
java.lang.String.valueOf(Unknown Source)
java.lang.StringBuilder.append(Unknown Source)
fu.hao.trust.analysis.PluginManager.printResults(PluginManager.java:67)
fu.hao.trust.dvm.Executor.exec(Executor.java:3201)
fu.hao.trust.dvm.Executor.runInstrumentedMethods(Executor.java:2798)
fu.hao.trust.dvm.DalvikVM.runInstrumentedMethods(DalvikVM.java:950)
android.app.Activity.init(Activity.java:75)
android.app.Activity.<init>(Activity.java:45)
fu.hao.trust.dvm.DalvikVM.newVMObject(DalvikVM.java:1282)
fu.hao.trust.dvm.Executor.runMethod(Executor.java:2774)
fu.hao.trust.dvm.DalvikVM.runMethod(DalvikVM.java:977)
fu.hao.trust.dvm.DalvikVM.runMethod(DalvikVM.java:904)
fu.hao.trust.dvm.Main.runMethod(Main.java:297)
fu.hao.trust.dvm.Main.main(Main.java:178)
fu.hao.trust.test.Test.testMain(Test.java:39)
fu.hao.trust.test.Test.main(Test.java:24)

Executor - [MSG]: 

Executor - [MSG]: <33 INVOKE,VIRTUAL,extra=[android.telephony.SmsManager/sendTextMessage[java.lang.String, java.lang.String, java.lang.String, android.app.PendingIntent, android.app.PendingIntent], [0, 1, 2, 3, 4, 5]]> at edu.mit.string_formatter.MainActivity/onCreate[android.os.Bundle]
Executor - [MSG]: arg0 obj: android.telephony.SmsManager@532eb0b3
Executor - [DEBUG]: Reflction class: class android.telephony.SmsManager
Executor - [BB]: Normal args? true
Executor - [BB]: arg1@reg1: +49 1234
Executor - [BB]: arg2@reg2: 0
Executor - [WARN]: Mismatch type! arg 2, real para type: class patdroid.core.PrimitiveInfo, expected para type: class java.lang.String
Executor - [BB]: arg3@reg3: 359874043116909
Executor - [BB]: arg4@reg4: 0
Executor - [WARN]: Mismatch type! arg 4, real para type: class patdroid.core.PrimitiveInfo, expected para type: class android.app.PendingIntent
Executor - [BB]: arg5@reg5: 0
Executor - [WARN]: Mismatch type! arg 5, real para type: class patdroid.core.PrimitiveInfo, expected para type: class android.app.PendingIntent
Executor - [BB]: Nargs? true
Executor - [DEBUG]: Caller obj: android.telephony.SmsManager@532eb0b3, from class: class android.telephony.SmsManager
DalvikVM - [WARN]: ar -1, (null, void)
Executor - [MSG]: Reflction invocation public void android.telephony.SmsManager.sendTextMessage(java.lang.String,java.lang.String,java.lang.String,android.app.PendingIntent,android.app.PendingIntent)
DalvikVM - [BB]: Set reflective call: public void android.telephony.SmsManager.sendTextMessage(java.lang.String,java.lang.String,java.lang.String,android.app.PendingIntent,android.app.PendingIntent)
DalvikVM - [BB]: fu.hao.trust.dvm.Executor -> jump set pc to 34
TaintSumBranch - [BB]: <android.telephony.SmsManager: void sendTextMessage(java.lang.String,java.lang.String,java.lang.String,android.app.PendingIntent,android.app.PendingIntent)>
TaintSumBranch - [WARN]: Found a tainted return val!
Results - [MSG]: New recorded tainted field: sendTextMessage
TaintSumBranch - [BB]: Found a sink invocation. <android.telephony.SmsManager: void sendTextMessage(java.lang.String,java.lang.String,java.lang.String,android.app.PendingIntent,android.app.PendingIntent)>
TaintSumBranch - [WARN]: Found a tainted sink <android.telephony.SmsManager: void sendTextMessage(java.lang.String,java.lang.String,java.lang.String,android.app.PendingIntent,android.app.PendingIntent)> leaking data [359874043116909] at reg 3!!!
TaintSumBranch - [WARN]: java.util.FormatterClosedException
java.util.Formatter.ensureOpen(Unknown Source)
java.util.Formatter.toString(Unknown Source)
java.lang.String.valueOf(Unknown Source)
java.lang.StringBuilder.append(Unknown Source)
java.util.AbstractMap.toString(Unknown Source)
java.lang.String.valueOf(Unknown Source)
java.lang.StringBuilder.append(Unknown Source)
fu.hao.trust.analysis.PluginManager.printResults(PluginManager.java:67)
fu.hao.trust.dvm.Executor.exec(Executor.java:3201)
fu.hao.trust.dvm.Executor.runInstrumentedMethods(Executor.java:2798)
fu.hao.trust.dvm.DalvikVM.runInstrumentedMethods(DalvikVM.java:950)
android.app.Activity.init(Activity.java:75)
android.app.Activity.<init>(Activity.java:45)
fu.hao.trust.dvm.DalvikVM.newVMObject(DalvikVM.java:1282)
fu.hao.trust.dvm.Executor.runMethod(Executor.java:2774)
fu.hao.trust.dvm.DalvikVM.runMethod(DalvikVM.java:977)
fu.hao.trust.dvm.DalvikVM.runMethod(DalvikVM.java:904)
fu.hao.trust.dvm.Main.runMethod(Main.java:297)
fu.hao.trust.dvm.Main.main(Main.java:178)
fu.hao.trust.test.Test.testMain(Test.java:39)
fu.hao.trust.test.Test.main(Test.java:24)

Executor - [MSG]: 

Executor - [MSG]: <34 RETURN,VOID> at edu.mit.string_formatter.MainActivity/onCreate[android.os.Bundle]
class fu.hao.trust.dvm.Executor$OP_RETURN_VOID - [DEBUG]: Return void
DalvikVM - [BB]: stack []
DalvikVM - [BB]: Back to the last stack frame.null
DalvikVM - [MSG]: Finish running instrumented methods! Back to null
Executor - [MSG]: RUN BEGIN edu.mit.string_formatter.MainActivity/onCreate[android.os.Bundle]
Executor - [MSG]: RUN DONE! The last one is null
DalvikVM - [MSG]: FINISHED!

main - [MSG]: Analysis has run for 1.196003584 seconds

