DalvikVM - [MSG]: Begin run onCreate at C:\Users\hao\workspace\DroidBenchProj\ServiceLifecycle2\app\ServiceLifecycle2.apk
DalvikVM - [MSG]: RUN Method edu.mit.service_lifecycle.MainActivity/onCreate[android.os.Bundle]
Executor - [DEBUG]: Read manifest csv: output/ServiceLifecycle2.apk\ServiceLifecycle2.apk_manifest.csv
Executor - [WARN]: output\ServiceLifecycle2.apk\ServiceLifecycle2.apk_manifest.csv (The system cannot find the file specified)
DalvikVM - [BB]: New method call: edu.mit.service_lifecycle.MainActivity/onCreate[android.os.Bundle]
DalvikVM - [BB]: [0]<0 SPECIAL,ARGUMENT_SET,extra=[3, 4]>
DalvikVM - [BB]: [1]<0 HALT,SUPER,extra=[null, [3, 4]]>
DalvikVM - [BB]: [2]<1 MOV,CONST,dst=r2,type=void,extra=class patdroid.core.PrimitiveInfo?2130903040>
DalvikVM - [BB]: [3]<0 INVOKE,VIRTUAL,extra=[android.app.Activity/setContentView[int], [3, 2]]>
DalvikVM - [BB]: [4]<0 NEW,INSTANCE,dst=r0,type=android.content.Intent>
DalvikVM - [BB]: [5]<4 MOV,CONST,dst=r2,type=java.lang.Class,extra=class patdroid.core.ClassInfo?edu.mit.service_lifecycle.MyService>
DalvikVM - [BB]: [6]<0 INVOKE,DIRECT,extra=[android.content.Intent/<init>[android.content.Context, java.lang.Class], [0, 3, 2]]>
DalvikVM - [BB]: [7]<0 INVOKE,VIRTUAL,extra=[android.content.ContextWrapper/startService[android.content.Intent], [3, 0]]>
DalvikVM - [BB]: [8]<0 NEW,INSTANCE,dst=r1,type=android.content.Intent>
DalvikVM - [BB]: [9]<8 MOV,CONST,dst=r2,type=java.lang.Class,extra=class patdroid.core.ClassInfo?edu.mit.service_lifecycle.MyService>
DalvikVM - [BB]: [10]<0 INVOKE,DIRECT,extra=[android.content.Intent/<init>[android.content.Context, java.lang.Class], [1, 3, 2]]>
DalvikVM - [BB]: [11]<0 INVOKE,VIRTUAL,extra=[android.content.ContextWrapper/startService[android.content.Intent], [3, 1]]>
DalvikVM - [BB]: [12]<0 RETURN,VOID>
newStackFrame - [BB]: New Stack Frame: StackFrame edu.mit.service_lifecycle.MainActivity/onCreate[android.os.Bundle]
newStackFrame - [BB]: Add frame StackFrame edu.mit.service_lifecycle.MainActivity/onCreate[android.os.Bundle]
newStackFrame - [BB]: Stack: [StackFrame edu.mit.service_lifecycle.MainActivity/onCreate[android.os.Bundle]]
Executor - [MSG]: New chain obj with type edu.mit.service_lifecycle.MainActivity
DalvikVM - [BB]: Superclass: edu.mit.service_lifecycle.MainActivity
Activity - [BB]: New instance of edu.mit.service_lifecycle.MainActivity
Caller@4: <init>@fu.hao.trust.dvm.DVMObject - [BB]: getClass edu.mit.service_lifecycle.MainActivity at fu.hao.trust.dvm.VMHeap@3dbea611
Caller: getClass@fu.hao.trust.dvm.VMHeap - [BB]: new class representation for edu.mit.service_lifecycle.MainActivity at fu.hao.trust.dvm.VMHeap@3dbea611
Caller@4: <init>@fu.hao.trust.dvm.DVMClass - [BB]: getClass android.app.Activity at fu.hao.trust.dvm.VMHeap@3dbea611
Caller: getClass@fu.hao.trust.dvm.VMHeap - [BB]: new class representation for android.app.Activity at fu.hao.trust.dvm.VMHeap@3dbea611
Caller@4: <init>@fu.hao.trust.dvm.DVMClass - [BB]: getClass android.content.ContextWrapper at fu.hao.trust.dvm.VMHeap@3dbea611
Caller: getClass@fu.hao.trust.dvm.VMHeap - [BB]: new class representation for android.content.ContextWrapper at fu.hao.trust.dvm.VMHeap@3dbea611
Caller@4: <init>@fu.hao.trust.dvm.DVMClass - [BB]: getClass android.content.Context at fu.hao.trust.dvm.VMHeap@3dbea611
Caller: getClass@fu.hao.trust.dvm.VMHeap - [BB]: new class representation for android.content.Context at fu.hao.trust.dvm.VMHeap@3dbea611
Caller@4: <init>@fu.hao.trust.dvm.DVMClass - [BB]: getClass fu.hao.trust.dvm.DVMObject at fu.hao.trust.dvm.VMHeap@3dbea611
Caller: getClass@fu.hao.trust.dvm.VMHeap - [BB]: new class representation for fu.hao.trust.dvm.DVMObject at fu.hao.trust.dvm.VMHeap@3dbea611
Caller: <init>@fu.hao.trust.dvm.DVMClass - [BB]: Get DVMClass for type fu.hao.trust.dvm.DVMObject
Caller@4: <init>@fu.hao.trust.dvm.DVMClass - [BB]: getClass fu.hao.trust.dvm.DVMObject at fu.hao.trust.dvm.VMHeap@3dbea611
Caller: <init>@fu.hao.trust.dvm.DVMClass - [BB]: Get DVMClass for type android.content.Context
Caller@4: <init>@fu.hao.trust.dvm.DVMClass - [BB]: getClass android.content.Context at fu.hao.trust.dvm.VMHeap@3dbea611
Caller: <init>@fu.hao.trust.dvm.DVMClass - [BB]: Get DVMClass for type android.content.ContextWrapper
Caller@4: <init>@fu.hao.trust.dvm.DVMClass - [BB]: getClass android.content.ContextWrapper at fu.hao.trust.dvm.VMHeap@3dbea611
Caller: <init>@fu.hao.trust.dvm.DVMClass - [BB]: Get DVMClass for type android.app.Activity
Caller@4: <init>@fu.hao.trust.dvm.DVMClass - [BB]: getClass android.app.Activity at fu.hao.trust.dvm.VMHeap@3dbea611
Caller: <init>@fu.hao.trust.dvm.DVMObject - [BB]: Get DVMClass for type edu.mit.service_lifecycle.MainActivity
Caller@4: <init>@fu.hao.trust.dvm.DVMObject - [BB]: getClass edu.mit.service_lifecycle.MainActivity at fu.hao.trust.dvm.VMHeap@3dbea611
Activity - [BB]: Not empty constructor
DalvikVM - [BB]: New method call: edu.mit.service_lifecycle.MainActivity/<init>[]
DalvikVM - [BB]: [0]<0 SPECIAL,ARGUMENT_SET,extra=[0]>
DalvikVM - [BB]: [1]<0 INVOKE,DIRECT,extra=[java.lang.Object/<init>[], [0]]>
DalvikVM - [BB]: [2]<0 RETURN,VOID>
newStackFrame - [BB]: New Stack Frame: StackFrame edu.mit.service_lifecycle.MainActivity/<init>[], pc -1 stored. 
newStackFrame - [BB]: Stack: [StackFrame edu.mit.service_lifecycle.MainActivity/onCreate[android.os.Bundle]]
DalvikVM - [MSG]: Begin run instrumented methods!
DalvikVM - [MSG]: <0 SPECIAL,ARGUMENT_SET,extra=[3, 4]>
DalvikVM - [BB]: Add frames [StackFrame edu.mit.service_lifecycle.MainActivity/<init>[]]
DalvikVM - [BB]: fu.hao.trust.dvm.DalvikVM -> runInstrumentedMethods set pc to 0
Executor - [MSG]: 

Executor - [MSG]: <0 SPECIAL,ARGUMENT_SET,extra=[0]> at edu.mit.service_lifecycle.MainActivity/<init>[]
Executor - [DEBUG]: params: Activity:instance number 1@edu.mit.service_lifecycle.MainActivity
DalvikVM - [BB]: fu.hao.trust.dvm.Executor$OP_SP_ARGUMENTS -> jump set pc to 1
PluginManager - [MSG]: TaintSumBranch Tainted Res: {}
Executor - [MSG]: 

Executor - [MSG]: <1 INVOKE,DIRECT,extra=[java.lang.Object/<init>[], [0]]> at edu.mit.service_lifecycle.MainActivity/<init>[]
Executor - [MSG]: arg0 obj: Activity:instance number 1@edu.mit.service_lifecycle.MainActivity
Executor - [BB]: java.lang.Object/<init>[] is a constructor!
Executor - [WARN]: Reflection error: edu.mit.service_lifecycle.MainActivity
DalvikVM - [BB]: fu.hao.trust.dvm.Executor -> jump set pc to 2
TaintSumBranch - [BB]: <java.lang.Object: void <init>()>
TaintSumBranch - [DEBUG]: Not a taint call: <java.lang.Object: void <init>()>
PluginManager - [MSG]: TaintSumBranch Tainted Res: {}
Executor - [MSG]: 

Executor - [MSG]: <2 RETURN,VOID> at edu.mit.service_lifecycle.MainActivity/<init>[]
class fu.hao.trust.dvm.Executor$OP_RETURN_VOID - [DEBUG]: Return void
DalvikVM - [BB]: stack [StackFrame edu.mit.service_lifecycle.MainActivity/onCreate[android.os.Bundle]]
DalvikVM - [BB]: Back to the last stack frame.StackFrame edu.mit.service_lifecycle.MainActivity/onCreate[android.os.Bundle]
DalvikVM - [MSG]: Finish running instrumented methods! Back to StackFrame edu.mit.service_lifecycle.MainActivity/onCreate[android.os.Bundle]
Activity - [BB]: New Activity Created with type edu.mit.service_lifecycle.MainActivity
Executor - [MSG]: RUN BEGIN edu.mit.service_lifecycle.MainActivity/onCreate[android.os.Bundle]
DalvikVM - [BB]: fu.hao.trust.dvm.Executor -> execute set pc to 0
Executor - [MSG]: 

Executor - [MSG]: <0 SPECIAL,ARGUMENT_SET,extra=[3, 4]> at edu.mit.service_lifecycle.MainActivity/onCreate[android.os.Bundle]
Executor - [WARN]: NULL CallingCtx!
Executor - [DEBUG]: args: Activity:instance number 1@edu.mit.service_lifecycle.MainActivity
Executor - [BB]: Start param from 1
Executor - [DEBUG]: args: null
DalvikVM - [BB]: fu.hao.trust.dvm.Executor$OP_SP_ARGUMENTS -> jump set pc to 1
PluginManager - [MSG]: TaintSumBranch Tainted Res: {}
Executor - [MSG]: 

Executor - [MSG]: <1 HALT,SUPER,extra=[null, [3, 4]]> at edu.mit.service_lifecycle.MainActivity/onCreate[android.os.Bundle]
DalvikVM - [BB]: fu.hao.trust.dvm.Executor$OP_HALT -> jump set pc to 2
Executor - [MSG]: Cannot resolve the invocation
TaintSumBranch - [BB]: Not a taint op <1 HALT,SUPER,extra=[null, [3, 4]]>
PluginManager - [MSG]: TaintSumBranch Tainted Res: {}
Executor - [MSG]: 

Executor - [MSG]: <2 MOV,CONST,dst=r2,type=void,extra=class patdroid.core.PrimitiveInfo?2130903040> at edu.mit.service_lifecycle.MainActivity/onCreate[android.os.Bundle]
Executor - [DEBUG]: Mov const begin <2 MOV,CONST,dst=r2,type=void,extra=class patdroid.core.PrimitiveInfo?2130903040>
Executor - [DEBUG]: data: 2130903040 class patdroid.core.PrimitiveInfo
DalvikVM - [BB]: fu.hao.trust.dvm.Executor$OP_MOV_CONST -> jump set pc to 3
PluginManager - [MSG]: TaintSumBranch Tainted Res: {}
Executor - [MSG]: 

Executor - [MSG]: <3 INVOKE,VIRTUAL,extra=[android.app.Activity/setContentView[int], [3, 2]]> at edu.mit.service_lifecycle.MainActivity/onCreate[android.os.Bundle]
Executor - [MSG]: arg0 obj: Activity:instance number 1@edu.mit.service_lifecycle.MainActivity
Executor - [DEBUG]: Reflction class: class android.app.Activity
Executor - [BB]: Normal args? true
Executor - [BB]: arg1@reg2: 2130903040
Executor - [DEBUG]: Expected para type: int
Executor - [DEBUG]: Real para int, value: 2130903040
Executor - [BB]: Nargs? true
Executor - [DEBUG]: Caller obj: Activity:instance number 1@edu.mit.service_lifecycle.MainActivity, from class: class android.app.Activity
Executor - [MSG]: Reflction invocation public void android.app.Activity.setContentView(int)
DalvikVM - [BB]: Set reflective call: public void android.app.Activity.setContentView(int)
DalvikVM - [BB]: fu.hao.trust.dvm.Executor -> jump set pc to 4
TaintSumBranch - [BB]: <android.app.Activity: void setContentView(int)>
TaintSumBranch - [DEBUG]: Not a taint call: <android.app.Activity: void setContentView(int)>
PluginManager - [MSG]: TaintSumBranch Tainted Res: {}
Executor - [MSG]: 

Executor - [MSG]: <4 NEW,INSTANCE,dst=r0,type=android.content.Intent> at edu.mit.service_lifecycle.MainActivity/onCreate[android.os.Bundle]
OP_NEW_INSTANCE - [DEBUG]: [reg 0@MainActivity/onCreate]
OP_NEW_INSTANCE - [BB]: Reflecable instance.
DalvikVM - [BB]: fu.hao.trust.dvm.Executor$OP_NEW_INSTANCE -> jump set pc to 5
TaintSumBranch - [BB]: Rdst [reg 0@MainActivity/onCreate]
PluginManager - [MSG]: TaintSumBranch Tainted Res: {}
Executor - [MSG]: 

Executor - [MSG]: <5 MOV,CONST,dst=r2,type=java.lang.Class,extra=class patdroid.core.ClassInfo?edu.mit.service_lifecycle.MyService> at edu.mit.service_lifecycle.MainActivity/onCreate[android.os.Bundle]
Executor - [DEBUG]: Mov const begin <5 MOV,CONST,dst=r2,type=java.lang.Class,extra=class patdroid.core.ClassInfo?edu.mit.service_lifecycle.MyService>
DalvikVM - [BB]: ar2 (2130903040, void), (edu.mit.service_lifecycle.MyService, java.lang.Class)
Executor - [DEBUG]: data: edu.mit.service_lifecycle.MyService class patdroid.core.ClassInfo
DalvikVM - [BB]: fu.hao.trust.dvm.Executor$OP_MOV_CONST -> jump set pc to 6
PluginManager - [MSG]: TaintSumBranch Tainted Res: {}
Executor - [MSG]: 

Executor - [MSG]: <6 INVOKE,DIRECT,extra=[android.content.Intent/<init>[android.content.Context, java.lang.Class], [0, 3, 2]]> at edu.mit.service_lifecycle.MainActivity/onCreate[android.os.Bundle]
Executor - [MSG]: arg0 obj: null
Executor - [BB]: android.content.Intent/<init>[android.content.Context, java.lang.Class] is a constructor!
Executor - [BB]: arg1@reg3: Activity:instance number 1@edu.mit.service_lifecycle.MainActivity
Executor - [BB]: arg2@reg2: edu.mit.service_lifecycle.MyService
Executor - [WARN]: Mismatch type! arg 2, real para type: class patdroid.core.ClassInfo, expected para type: class java.lang.Class
Intent - [BB]: New intent with target cls edu.mit.service_lifecycle.MyService
DalvikVM - [BB]: ar0 (null, android.content.Intent), ([intent:, edu.mit.service_lifecycle.MyService, null], android.content.Intent)
Executor - [DEBUG]: Init instance: [intent:, edu.mit.service_lifecycle.MyService, null] class android.content.Intent
DalvikVM - [BB]: fu.hao.trust.dvm.Executor -> jump set pc to 7
TaintSumBranch - [BB]: <android.content.Intent: void <init>(android.content.Context,java.lang.Class)>
TaintSumBranch - [DEBUG]: Not a taint call: <android.content.Intent: void <init>(android.content.Context,java.lang.Class)>
PluginManager - [MSG]: TaintSumBranch Tainted Res: {}
Executor - [MSG]: 

Executor - [MSG]: <7 INVOKE,VIRTUAL,extra=[android.content.ContextWrapper/startService[android.content.Intent], [3, 0]]> at edu.mit.service_lifecycle.MainActivity/onCreate[android.os.Bundle]
Executor - [MSG]: arg0 obj: Activity:instance number 1@edu.mit.service_lifecycle.MainActivity
Executor - [DEBUG]: Reflction class: class android.content.ContextWrapper
Executor - [BB]: Normal args? true
Executor - [BB]: arg1@reg0: [intent:, edu.mit.service_lifecycle.MyService, null]
Executor - [BB]: Nargs? true
Executor - [DEBUG]: Caller obj: Activity:instance number 1@edu.mit.service_lifecycle.MainActivity, from class: class android.app.Activity
Service - [BB]: New instance of edu.mit.service_lifecycle.MyService
Caller@4: <init>@fu.hao.trust.dvm.DVMObject - [BB]: getClass edu.mit.service_lifecycle.MyService at fu.hao.trust.dvm.VMHeap@3dbea611
Caller: getClass@fu.hao.trust.dvm.VMHeap - [BB]: new class representation for edu.mit.service_lifecycle.MyService at fu.hao.trust.dvm.VMHeap@3dbea611
Caller@4: <init>@fu.hao.trust.dvm.DVMClass - [BB]: getClass android.app.Service at fu.hao.trust.dvm.VMHeap@3dbea611
Caller: getClass@fu.hao.trust.dvm.VMHeap - [BB]: new class representation for android.app.Service at fu.hao.trust.dvm.VMHeap@3dbea611
Caller@4: <init>@fu.hao.trust.dvm.DVMClass - [BB]: getClass android.content.ContextWrapper at fu.hao.trust.dvm.VMHeap@3dbea611
Caller: <init>@fu.hao.trust.dvm.DVMClass - [BB]: Get DVMClass for type android.content.ContextWrapper
Caller@4: <init>@fu.hao.trust.dvm.DVMClass - [BB]: getClass android.content.ContextWrapper at fu.hao.trust.dvm.VMHeap@3dbea611
Caller: <init>@fu.hao.trust.dvm.DVMClass - [BB]: Get DVMClass for type android.app.Service
Caller@4: <init>@fu.hao.trust.dvm.DVMClass - [BB]: getClass android.app.Service at fu.hao.trust.dvm.VMHeap@3dbea611
Caller: <init>@fu.hao.trust.dvm.DVMObject - [BB]: Get DVMClass for type edu.mit.service_lifecycle.MyService
Caller@4: <init>@fu.hao.trust.dvm.DVMObject - [BB]: getClass edu.mit.service_lifecycle.MyService at fu.hao.trust.dvm.VMHeap@3dbea611
Service - [BB]: Not empty constructor
DalvikVM - [BB]: New method call: edu.mit.service_lifecycle.MyService/<init>[]
DalvikVM - [BB]: [0]<0 SPECIAL,ARGUMENT_SET,extra=[1]>
DalvikVM - [BB]: [1]<0 INVOKE,DIRECT,extra=[java.lang.Object/<init>[], [1]]>
DalvikVM - [BB]: [2]<1 MOV,CONST,dst=r0,type=java.lang.String,extra="">
DalvikVM - [BB]: [3]<0 INSTANCE,IPUT,r0=r1,r1=r0,type=java.lang.Object,extra=edu.mit.service_lifecycle.MyService.value>
DalvikVM - [BB]: [4]<0 RETURN,VOID>
newStackFrame - [BB]: New Stack Frame: StackFrame edu.mit.service_lifecycle.MyService/<init>[], pc 7 stored. 
newStackFrame - [BB]: Stack: [StackFrame edu.mit.service_lifecycle.MainActivity/onCreate[android.os.Bundle]]
DalvikVM - [MSG]: Begin run instrumented methods!
DalvikVM - [MSG]: <7 INVOKE,VIRTUAL,extra=[android.content.ContextWrapper/startService[android.content.Intent], [3, 0]]>
DalvikVM - [BB]: Add frames [StackFrame edu.mit.service_lifecycle.MyService/<init>[]]
DalvikVM - [BB]: fu.hao.trust.dvm.DalvikVM -> runInstrumentedMethods set pc to 0
Executor - [MSG]: 

Executor - [MSG]: <0 SPECIAL,ARGUMENT_SET,extra=[1]> at edu.mit.service_lifecycle.MyService/<init>[]
Executor - [DEBUG]: params: instance number 1@edu.mit.service_lifecycle.MyService
DalvikVM - [BB]: fu.hao.trust.dvm.Executor$OP_SP_ARGUMENTS -> jump set pc to 1
PluginManager - [MSG]: TaintSumBranch Tainted Res: {}
Executor - [MSG]: 

Executor - [MSG]: <1 INVOKE,DIRECT,extra=[java.lang.Object/<init>[], [1]]> at edu.mit.service_lifecycle.MyService/<init>[]
Executor - [MSG]: arg0 obj: instance number 1@edu.mit.service_lifecycle.MyService
Executor - [BB]: java.lang.Object/<init>[] is a constructor!
Executor - [WARN]: Reflection error: edu.mit.service_lifecycle.MyService
DalvikVM - [BB]: fu.hao.trust.dvm.Executor -> jump set pc to 2
TaintSumBranch - [BB]: <java.lang.Object: void <init>()>
TaintSumBranch - [DEBUG]: Not a taint call: <java.lang.Object: void <init>()>
PluginManager - [MSG]: TaintSumBranch Tainted Res: {}
Executor - [MSG]: 

Executor - [MSG]: <2 MOV,CONST,dst=r0,type=java.lang.String,extra=""> at edu.mit.service_lifecycle.MyService/<init>[]
Executor - [DEBUG]: Mov const begin <2 MOV,CONST,dst=r0,type=java.lang.String,extra="">
Executor - [DEBUG]: data:  class java.lang.String
DalvikVM - [BB]: fu.hao.trust.dvm.Executor$OP_MOV_CONST -> jump set pc to 3
PluginManager - [MSG]: TaintSumBranch Tainted Res: {}
Executor - [MSG]: 

Executor - [MSG]: <3 INSTANCE,IPUT,r0=r1,r1=r0,type=java.lang.Object,extra=edu.mit.service_lifecycle.MyService.value> at edu.mit.service_lifecycle.MyService/<init>[]
class fu.hao.trust.dvm.Executor$OP_INSTANCE_PUT_FIELD - [BB]: field edu.mit.service_lifecycle.MyService.value
class fu.hao.trust.dvm.Executor$OP_INSTANCE_PUT_FIELD - [BB]: Target obj instance number 1@edu.mit.service_lifecycle.MyService
Service - [DEBUG]: put field 
class fu.hao.trust.dvm.Executor$OP_INSTANCE_PUT_FIELD - [MSG]: Put data  to the field of instance number 1@edu.mit.service_lifecycle.MyService
DalvikVM - [BB]: fu.hao.trust.dvm.Executor$OP_INSTANCE_PUT_FIELD -> jump set pc to 4
PluginManager - [MSG]: TaintSumBranch Tainted Res: {}
Executor - [MSG]: 

Executor - [MSG]: <4 RETURN,VOID> at edu.mit.service_lifecycle.MyService/<init>[]
class fu.hao.trust.dvm.Executor$OP_RETURN_VOID - [DEBUG]: Return void
DalvikVM - [BB]: stack [StackFrame edu.mit.service_lifecycle.MainActivity/onCreate[android.os.Bundle]]
DalvikVM - [BB]: Back to the last stack frame.StackFrame edu.mit.service_lifecycle.MainActivity/onCreate[android.os.Bundle]
PluginManager - [MSG]: TaintSumBranch Tainted Res: {}
DalvikVM - [MSG]: Finish running instrumented methods! Back to StackFrame edu.mit.service_lifecycle.MainActivity/onCreate[android.os.Bundle]
Service - [BB]: New Service Created with type edu.mit.service_lifecycle.MyService
DalvikVM - [BB]: New method call: edu.mit.service_lifecycle.MyService/onStartCommand[android.content.Intent, int, int]
DalvikVM - [BB]: [0]<0 SPECIAL,ARGUMENT_SET,extra=[7, 8, 9, 10]>
DalvikVM - [BB]: [1]<0 MOV,CONST,dst=r2,type=void,extra=class patdroid.core.PrimitiveInfo?0>
DalvikVM - [BB]: [2]<1 MOV,CONST,dst=r1,type=java.lang.String,extra="DroidBench">
DalvikVM - [BB]: [3]<0 INSTANCE,IGET,r0=r7,r1=r3,type=java.lang.Object,extra=edu.mit.service_lifecycle.MyService.value>
DalvikVM - [BB]: [4]<0 INVOKE,STATIC,extra=[android.util.Log/i[java.lang.String, java.lang.String], [1, 3]]>
DalvikVM - [BB]: [5]<0 INVOKE,STATIC,extra=[android.telephony.SmsManager/getDefault[], []]>
DalvikVM - [BB]: [6]<0 MOV,RESULT,dst=r0,type=java.lang.Object>
DalvikVM - [BB]: [7]<6 MOV,CONST,dst=r1,type=java.lang.String,extra="+49 1234">
DalvikVM - [BB]: [8]<0 INSTANCE,IGET,r0=r7,r1=r3,type=java.lang.Object,extra=edu.mit.service_lifecycle.MyService.value>
DalvikVM - [BB]: [9]<0 MOV,REG,dst=r4,r0=r2,type=java.lang.Object>
DalvikVM - [BB]: [10]<0 MOV,REG,dst=r5,r0=r2,type=java.lang.Object>
DalvikVM - [BB]: [11]<0 INVOKE,VIRTUAL,extra=[android.telephony.SmsManager/sendTextMessage[java.lang.String, java.lang.String, java.lang.String, android.app.PendingIntent, android.app.PendingIntent], [0, 1, 2, 3, 4, 5]]>
DalvikVM - [BB]: [12]<11 MOV,CONST,dst=r1,type=java.lang.String,extra="phone">
DalvikVM - [BB]: [13]<0 INVOKE,VIRTUAL,extra=[android.content.Context/getSystemService[java.lang.String], [7, 1]]>
DalvikVM - [BB]: [14]<0 MOV,RESULT,dst=r6,type=java.lang.Object>
DalvikVM - [BB]: [15]<0 ARITHMETIC,CHECK-AND-CAST,dst=r6,type=android.telephony.TelephonyManager>
DalvikVM - [BB]: [16]<0 INVOKE,VIRTUAL,extra=[android.telephony.TelephonyManager/getDeviceId[], [6]]>
DalvikVM - [BB]: [17]<0 MOV,RESULT,dst=r1,type=java.lang.Object>
DalvikVM - [BB]: [18]<0 INSTANCE,IPUT,r0=r7,r1=r1,type=java.lang.Object,extra=edu.mit.service_lifecycle.MyService.value>
DalvikVM - [BB]: [19]<18 MOV,CONST,dst=r1,type=void,extra=class patdroid.core.PrimitiveInfo?2>
DalvikVM - [BB]: [20]<0 RETURN,VALUE,r0=r1,type=void>
newStackFrame - [BB]: New Stack Frame: StackFrame edu.mit.service_lifecycle.MyService/onStartCommand[android.content.Intent, int, int], pc 7 stored. 
newStackFrame - [BB]: Stack: [StackFrame edu.mit.service_lifecycle.MainActivity/onCreate[android.os.Bundle]]
android.app.Activity - [BB]: Intent [intent:, edu.mit.service_lifecycle.MyService, null]
DalvikVM - [MSG]: Begin run instrumented methods!
DalvikVM - [MSG]: <4 NEW,INSTANCE,dst=r0,type=android.content.Intent>
DalvikVM - [BB]: Add frames [StackFrame edu.mit.service_lifecycle.MyService/onStartCommand[android.content.Intent, int, int]]
DalvikVM - [BB]: fu.hao.trust.dvm.DalvikVM -> runInstrumentedMethods set pc to 0
Executor - [MSG]: 

Executor - [MSG]: <0 SPECIAL,ARGUMENT_SET,extra=[7, 8, 9, 10]> at edu.mit.service_lifecycle.MyService/onStartCommand[android.content.Intent, int, int]
Executor - [DEBUG]: params: instance number 1@edu.mit.service_lifecycle.MyService
Executor - [DEBUG]: params: [intent:, edu.mit.service_lifecycle.MyService, null]
Executor - [DEBUG]: params: 0
Executor - [DEBUG]: params: 0
DalvikVM - [BB]: fu.hao.trust.dvm.Executor$OP_SP_ARGUMENTS -> jump set pc to 1
PluginManager - [MSG]: TaintSumBranch Tainted Res: {}
Executor - [MSG]: 

Executor - [MSG]: <1 MOV,CONST,dst=r2,type=void,extra=class patdroid.core.PrimitiveInfo?0> at edu.mit.service_lifecycle.MyService/onStartCommand[android.content.Intent, int, int]
Executor - [DEBUG]: Mov const begin <1 MOV,CONST,dst=r2,type=void,extra=class patdroid.core.PrimitiveInfo?0>
Executor - [DEBUG]: data: 0 class patdroid.core.PrimitiveInfo
DalvikVM - [BB]: fu.hao.trust.dvm.Executor$OP_MOV_CONST -> jump set pc to 2
PluginManager - [MSG]: TaintSumBranch Tainted Res: {}
Executor - [MSG]: 

Executor - [MSG]: <2 MOV,CONST,dst=r1,type=java.lang.String,extra="DroidBench"> at edu.mit.service_lifecycle.MyService/onStartCommand[android.content.Intent, int, int]
Executor - [DEBUG]: Mov const begin <2 MOV,CONST,dst=r1,type=java.lang.String,extra="DroidBench">
Executor - [DEBUG]: data: DroidBench class java.lang.String
DalvikVM - [BB]: fu.hao.trust.dvm.Executor$OP_MOV_CONST -> jump set pc to 3
PluginManager - [MSG]: TaintSumBranch Tainted Res: {}
Executor - [MSG]: 

Executor - [MSG]: <3 INSTANCE,IGET,r0=r7,r1=r3,type=java.lang.Object,extra=edu.mit.service_lifecycle.MyService.value> at edu.mit.service_lifecycle.MyService/onStartCommand[android.content.Intent, int, int]
class fu.hao.trust.dvm.Executor$OP_INSTANCE_GET_FIELD - [BB]: obj instance number 1@edu.mit.service_lifecycle.MyService
class fu.hao.trust.dvm.Executor$OP_INSTANCE_GET_FIELD - [BB]: fieldinfo edu.mit.service_lifecycle.MyService.value
class fu.hao.trust.dvm.Executor$OP_INSTANCE_GET_FIELD - [DEBUG]: Get data: 
DalvikVM - [BB]: fu.hao.trust.dvm.Executor$OP_INSTANCE_GET_FIELD -> jump set pc to 4
PluginManager - [MSG]: TaintSumBranch Tainted Res: {}
Executor - [MSG]: 

Executor - [MSG]: <4 INVOKE,STATIC,extra=[android.util.Log/i[java.lang.String, java.lang.String], [1, 3]]> at edu.mit.service_lifecycle.MyService/onStartCommand[android.content.Intent, int, int]
Executor - [DEBUG]: Reflction class android.util.Log
Executor - [BB]: arg0@reg1: DroidBench
Executor - [BB]: arg1@reg3: 
Executor - [BB]: param: DroidBench
Executor - [BB]: param: 
Executor - [MSG]: reflction invocation public static int android.util.Log.i(java.lang.String,java.lang.String)
DalvikVM - [BB]: Set reflective call: public static int android.util.Log.i(java.lang.String,java.lang.String)
DalvikVM - [BB]: fu.hao.trust.dvm.Executor$OP_INVOKE_STATIC -> jump set pc to 5
TaintSumBranch - [BB]: <android.util.Log: int i(java.lang.String,java.lang.String)>
TaintSumBranch - [DEBUG]: Not a taint call: <android.util.Log: int i(java.lang.String,java.lang.String)>
PluginManager - [MSG]: TaintSumBranch Tainted Res: {}
Executor - [MSG]: 

Executor - [MSG]: <5 INVOKE,STATIC,extra=[android.telephony.SmsManager/getDefault[], []]> at edu.mit.service_lifecycle.MyService/onStartCommand[android.content.Intent, int, int]
Executor - [DEBUG]: Reflction class android.telephony.SmsManager
Executor - [MSG]: reflction invocation public static android.telephony.SmsManager android.telephony.SmsManager.getDefault()
DalvikVM - [BB]: Set reflective call: public static android.telephony.SmsManager android.telephony.SmsManager.getDefault()
DalvikVM - [BB]: fu.hao.trust.dvm.Executor$OP_INVOKE_STATIC -> jump set pc to 6
TaintSumBranch - [BB]: <android.telephony.SmsManager: android.telephony.SmsManager getDefault()>
TaintSumBranch - [DEBUG]: Not a taint call: <android.telephony.SmsManager: android.telephony.SmsManager getDefault()>
PluginManager - [MSG]: TaintSumBranch Tainted Res: {}
Executor - [MSG]: 

Executor - [MSG]: <6 MOV,RESULT,dst=r0,type=java.lang.Object> at edu.mit.service_lifecycle.MyService/onStartCommand[android.content.Intent, int, int]
OP_MOV_RESULT - [BB]: Result data: android.telephony.SmsManager@13d13c39
OP_MOV_RESULT - [DEBUG]: Result data: android.telephony.SmsManager@13d13c39, type: android.telephony.SmsManager, to [reg 0@MyService/onStartCommand]
DalvikVM - [BB]: fu.hao.trust.dvm.Executor$OP_MOV_RESULT -> jump set pc to 7
PluginManager - [MSG]: TaintSumBranch Tainted Res: {}
Executor - [MSG]: 

Executor - [MSG]: <7 MOV,CONST,dst=r1,type=java.lang.String,extra="+49 1234"> at edu.mit.service_lifecycle.MyService/onStartCommand[android.content.Intent, int, int]
Executor - [DEBUG]: Mov const begin <7 MOV,CONST,dst=r1,type=java.lang.String,extra="+49 1234">
DalvikVM - [BB]: ar1 (DroidBench, java.lang.String), (+49 1234, java.lang.String)
Executor - [DEBUG]: data: +49 1234 class java.lang.String
DalvikVM - [BB]: fu.hao.trust.dvm.Executor$OP_MOV_CONST -> jump set pc to 8
PluginManager - [MSG]: TaintSumBranch Tainted Res: {}
Executor - [MSG]: 

Executor - [MSG]: <8 INSTANCE,IGET,r0=r7,r1=r3,type=java.lang.Object,extra=edu.mit.service_lifecycle.MyService.value> at edu.mit.service_lifecycle.MyService/onStartCommand[android.content.Intent, int, int]
class fu.hao.trust.dvm.Executor$OP_INSTANCE_GET_FIELD - [BB]: obj instance number 1@edu.mit.service_lifecycle.MyService
class fu.hao.trust.dvm.Executor$OP_INSTANCE_GET_FIELD - [BB]: fieldinfo edu.mit.service_lifecycle.MyService.value
DalvikVM - [BB]: ar3 (, java.lang.String), (, java.lang.String)
class fu.hao.trust.dvm.Executor$OP_INSTANCE_GET_FIELD - [DEBUG]: Get data: 
DalvikVM - [BB]: fu.hao.trust.dvm.Executor$OP_INSTANCE_GET_FIELD -> jump set pc to 9
PluginManager - [MSG]: TaintSumBranch Tainted Res: {}
Executor - [MSG]: 

Executor - [MSG]: <9 MOV,REG,dst=r4,r0=r2,type=java.lang.Object> at edu.mit.service_lifecycle.MyService/onStartCommand[android.content.Intent, int, int]
class fu.hao.trust.dvm.Executor$OP_MOVE_REG - [DEBUG]: mov 0 to 0
DalvikVM - [BB]: fu.hao.trust.dvm.Executor$OP_MOVE_REG -> jump set pc to 10
PluginManager - [MSG]: TaintSumBranch Tainted Res: {}
Executor - [MSG]: 

Executor - [MSG]: <10 MOV,REG,dst=r5,r0=r2,type=java.lang.Object> at edu.mit.service_lifecycle.MyService/onStartCommand[android.content.Intent, int, int]
class fu.hao.trust.dvm.Executor$OP_MOVE_REG - [DEBUG]: mov 0 to 0
DalvikVM - [BB]: fu.hao.trust.dvm.Executor$OP_MOVE_REG -> jump set pc to 11
PluginManager - [MSG]: TaintSumBranch Tainted Res: {}
Executor - [MSG]: 

Executor - [MSG]: <11 INVOKE,VIRTUAL,extra=[android.telephony.SmsManager/sendTextMessage[java.lang.String, java.lang.String, java.lang.String, android.app.PendingIntent, android.app.PendingIntent], [0, 1, 2, 3, 4, 5]]> at edu.mit.service_lifecycle.MyService/onStartCommand[android.content.Intent, int, int]
Executor - [MSG]: arg0 obj: android.telephony.SmsManager@13d13c39
Executor - [DEBUG]: Reflction class: class android.telephony.SmsManager
Executor - [BB]: Normal args? true
Executor - [BB]: arg1@reg1: +49 1234
Executor - [BB]: arg2@reg2: 0
Executor - [WARN]: Mismatch type! arg 2, real para type: class patdroid.core.PrimitiveInfo, expected para type: class java.lang.String
Executor - [BB]: arg3@reg3: 
Executor - [BB]: arg4@reg4: 0
Executor - [WARN]: Mismatch type! arg 4, real para type: class patdroid.core.PrimitiveInfo, expected para type: class android.app.PendingIntent
Executor - [BB]: arg5@reg5: 0
Executor - [WARN]: Mismatch type! arg 5, real para type: class patdroid.core.PrimitiveInfo, expected para type: class android.app.PendingIntent
Executor - [BB]: Nargs? true
Executor - [DEBUG]: Caller obj: android.telephony.SmsManager@13d13c39, from class: class android.telephony.SmsManager
Executor - [MSG]: Reflction invocation public void android.telephony.SmsManager.sendTextMessage(java.lang.String,java.lang.String,java.lang.String,android.app.PendingIntent,android.app.PendingIntent)
DalvikVM - [BB]: Set reflective call: public void android.telephony.SmsManager.sendTextMessage(java.lang.String,java.lang.String,java.lang.String,android.app.PendingIntent,android.app.PendingIntent)
DalvikVM - [BB]: fu.hao.trust.dvm.Executor -> jump set pc to 12
TaintSumBranch - [BB]: <android.telephony.SmsManager: void sendTextMessage(java.lang.String,java.lang.String,java.lang.String,android.app.PendingIntent,android.app.PendingIntent)>
TaintSumBranch - [BB]: Found a sink invocation. <android.telephony.SmsManager: void sendTextMessage(java.lang.String,java.lang.String,java.lang.String,android.app.PendingIntent,android.app.PendingIntent)>
PluginManager - [MSG]: TaintSumBranch Tainted Res: {}
Executor - [MSG]: 

Executor - [MSG]: <12 MOV,CONST,dst=r1,type=java.lang.String,extra="phone"> at edu.mit.service_lifecycle.MyService/onStartCommand[android.content.Intent, int, int]
Executor - [DEBUG]: Mov const begin <12 MOV,CONST,dst=r1,type=java.lang.String,extra="phone">
DalvikVM - [BB]: ar1 (+49 1234, java.lang.String), (phone, java.lang.String)
Executor - [DEBUG]: data: phone class java.lang.String
DalvikVM - [BB]: fu.hao.trust.dvm.Executor$OP_MOV_CONST -> jump set pc to 13
PluginManager - [MSG]: TaintSumBranch Tainted Res: {}
Executor - [MSG]: 

Executor - [MSG]: <13 INVOKE,VIRTUAL,extra=[android.content.Context/getSystemService[java.lang.String], [7, 1]]> at edu.mit.service_lifecycle.MyService/onStartCommand[android.content.Intent, int, int]
Executor - [MSG]: arg0 obj: instance number 1@edu.mit.service_lifecycle.MyService
Executor - [DEBUG]: Reflction class: class android.content.Context
Executor - [BB]: Normal args? true
Executor - [BB]: arg1@reg1: phone
Executor - [BB]: Nargs? true
Executor - [DEBUG]: Caller obj: instance number 1@edu.mit.service_lifecycle.MyService, from class: class android.app.Service
Executor - [DEBUG]: Return data: android.telephony.TelephonyManager@dc8cc59 ,class android.telephony.TelephonyManager
Executor - [MSG]: Reflction invocation public java.lang.Object android.content.Context.getSystemService(java.lang.String)
DalvikVM - [BB]: Set reflective call: public java.lang.Object android.content.Context.getSystemService(java.lang.String)
DalvikVM - [BB]: fu.hao.trust.dvm.Executor -> jump set pc to 14
TaintSumBranch - [BB]: <android.content.Context: java.lang.Object getSystemService(java.lang.String)>
TaintSumBranch - [DEBUG]: Not a taint call: <android.content.Context: java.lang.Object getSystemService(java.lang.String)>
PluginManager - [MSG]: TaintSumBranch Tainted Res: {}
Executor - [MSG]: 

Executor - [MSG]: <14 MOV,RESULT,dst=r6,type=java.lang.Object> at edu.mit.service_lifecycle.MyService/onStartCommand[android.content.Intent, int, int]
OP_MOV_RESULT - [BB]: Result data: android.telephony.TelephonyManager@dc8cc59
OP_MOV_RESULT - [DEBUG]: Result data: android.telephony.TelephonyManager@dc8cc59, type: java.lang.Object, to [reg 6@MyService/onStartCommand]
DalvikVM - [BB]: fu.hao.trust.dvm.Executor$OP_MOV_RESULT -> jump set pc to 15
PluginManager - [MSG]: TaintSumBranch Tainted Res: {}
Executor - [MSG]: 

Executor - [MSG]: <15 ARITHMETIC,CHECK-AND-CAST,dst=r6,type=android.telephony.TelephonyManager> at edu.mit.service_lifecycle.MyService/onStartCommand[android.content.Intent, int, int]
DalvikVM - [BB]: fu.hao.trust.dvm.Executor$OP_ARITHETIC -> jump set pc to 16
TaintSumBranch - [BB]: Not a taint op <15 ARITHMETIC,CHECK-AND-CAST,dst=r6,type=android.telephony.TelephonyManager>
PluginManager - [MSG]: TaintSumBranch Tainted Res: {}
Executor - [MSG]: 

Executor - [MSG]: <16 INVOKE,VIRTUAL,extra=[android.telephony.TelephonyManager/getDeviceId[], [6]]> at edu.mit.service_lifecycle.MyService/onStartCommand[android.content.Intent, int, int]
Executor - [MSG]: arg0 obj: android.telephony.TelephonyManager@dc8cc59
Executor - [DEBUG]: Reflction class: class android.telephony.TelephonyManager
Executor - [DEBUG]: Return data: 359874043116909 ,class java.lang.String
Executor - [MSG]: Reflction invocation public java.lang.String android.telephony.TelephonyManager.getDeviceId()
DalvikVM - [BB]: Set reflective call: public java.lang.String android.telephony.TelephonyManager.getDeviceId()
DalvikVM - [BB]: fu.hao.trust.dvm.Executor -> jump set pc to 17
TaintSumBranch - [BB]: <android.telephony.TelephonyManager: java.lang.String getDeviceId()>
TaintSumBranch - [WARN]: Found a tainted return value!
PluginManager - [MSG]: TaintSumBranch Tainted Res: {359874043116909=<16 INVOKE,VIRTUAL,extra=[android.telephony.TelephonyManager/getDeviceId[], [6]]>, [Global RetReg]=<16 INVOKE,VIRTUAL,extra=[android.telephony.TelephonyManager/getDeviceId[], [6]]>}
Executor - [MSG]: 

Executor - [MSG]: <17 MOV,RESULT,dst=r1,type=java.lang.Object> at edu.mit.service_lifecycle.MyService/onStartCommand[android.content.Intent, int, int]
DalvikVM - [BB]: ar1 (phone, java.lang.String), (359874043116909, java.lang.String)
OP_MOV_RESULT - [BB]: Result data: 359874043116909
OP_MOV_RESULT - [DEBUG]: Result data: 359874043116909, type: java.lang.String, to [reg 1@MyService/onStartCommand]
DalvikVM - [BB]: fu.hao.trust.dvm.Executor$OP_MOV_RESULT -> jump set pc to 18
TaintSumBranch - [BB]: <16 INVOKE,VIRTUAL,extra=[android.telephony.TelephonyManager/getDeviceId[], [6]]>
TaintSumBranch - [BB]: Add reg 1 due to ret reg.
PluginManager - [MSG]: TaintSumBranch Tainted Res: {359874043116909=<16 INVOKE,VIRTUAL,extra=[android.telephony.TelephonyManager/getDeviceId[], [6]]>, [reg 1@MyService/onStartCommand]=<16 INVOKE,VIRTUAL,extra=[android.telephony.TelephonyManager/getDeviceId[], [6]]>}
Executor - [MSG]: 

Executor - [MSG]: <18 INSTANCE,IPUT,r0=r7,r1=r1,type=java.lang.Object,extra=edu.mit.service_lifecycle.MyService.value> at edu.mit.service_lifecycle.MyService/onStartCommand[android.content.Intent, int, int]
class fu.hao.trust.dvm.Executor$OP_INSTANCE_PUT_FIELD - [BB]: field edu.mit.service_lifecycle.MyService.value
class fu.hao.trust.dvm.Executor$OP_INSTANCE_PUT_FIELD - [BB]: Target obj instance number 1@edu.mit.service_lifecycle.MyService
Service - [DEBUG]: put field 359874043116909
class fu.hao.trust.dvm.Executor$OP_INSTANCE_PUT_FIELD - [MSG]: Put data 359874043116909 to the field of instance number 1@edu.mit.service_lifecycle.MyService
DalvikVM - [BB]: fu.hao.trust.dvm.Executor$OP_INSTANCE_PUT_FIELD -> jump set pc to 19
TaintSumBranch - [BB]: Add 359874043116909as tainted due to [reg 1@MyService/onStartCommand]
PluginManager - [MSG]: TaintSumBranch Tainted Res: {359874043116909=<16 INVOKE,VIRTUAL,extra=[android.telephony.TelephonyManager/getDeviceId[], [6]]>, [reg 1@MyService/onStartCommand]=<16 INVOKE,VIRTUAL,extra=[android.telephony.TelephonyManager/getDeviceId[], [6]]>}
Executor - [MSG]: 

Executor - [MSG]: <19 MOV,CONST,dst=r1,type=void,extra=class patdroid.core.PrimitiveInfo?2> at edu.mit.service_lifecycle.MyService/onStartCommand[android.content.Intent, int, int]
Executor - [DEBUG]: Mov const begin <19 MOV,CONST,dst=r1,type=void,extra=class patdroid.core.PrimitiveInfo?2>
DalvikVM - [BB]: ar1 (359874043116909, java.lang.String), (2, void)
Executor - [DEBUG]: data: 2 class patdroid.core.PrimitiveInfo
DalvikVM - [BB]: fu.hao.trust.dvm.Executor$OP_MOV_CONST -> jump set pc to 20
PluginManager - [MSG]: TaintSumBranch Tainted Res: {359874043116909=<16 INVOKE,VIRTUAL,extra=[android.telephony.TelephonyManager/getDeviceId[], [6]]>}
Executor - [MSG]: 

Executor - [MSG]: <20 RETURN,VALUE,r0=r1,type=void> at edu.mit.service_lifecycle.MyService/onStartCommand[android.content.Intent, int, int]
DalvikVM - [BB]: ar-1 (359874043116909, java.lang.String), (2, void)
Executor - [BB]: Return data: 2
DalvikVM - [BB]: stack [StackFrame edu.mit.service_lifecycle.MainActivity/onCreate[android.os.Bundle]]
DalvikVM - [BB]: Back to the last stack frame.StackFrame edu.mit.service_lifecycle.MainActivity/onCreate[android.os.Bundle]
PluginManager - [MSG]: TaintSumBranch Tainted Res: {359874043116909=<16 INVOKE,VIRTUAL,extra=[android.telephony.TelephonyManager/getDeviceId[], [6]]>}
DalvikVM - [MSG]: Finish running instrumented methods! Back to StackFrame edu.mit.service_lifecycle.MainActivity/onCreate[android.os.Bundle]
DalvikVM - [BB]: ar-1 (2, void), (null, android.content.ComponentName)
Executor - [MSG]: Reflction invocation public android.content.ComponentName android.content.ContextWrapper.startService(android.content.Intent)
DalvikVM - [BB]: Set reflective call: public android.content.ComponentName android.content.ContextWrapper.startService(android.content.Intent)
DalvikVM - [BB]: fu.hao.trust.dvm.Executor -> jump set pc to 8
TaintSumBranch - [BB]: <android.content.ContextWrapper: android.content.ComponentName startService(android.content.Intent)>
TaintSumBranch - [DEBUG]: Not a taint call: <android.content.ContextWrapper: android.content.ComponentName startService(android.content.Intent)>
PluginManager - [MSG]: TaintSumBranch Tainted Res: {359874043116909=<16 INVOKE,VIRTUAL,extra=[android.telephony.TelephonyManager/getDeviceId[], [6]]>}
Executor - [MSG]: 

Executor - [MSG]: <8 NEW,INSTANCE,dst=r1,type=android.content.Intent> at edu.mit.service_lifecycle.MainActivity/onCreate[android.os.Bundle]
OP_NEW_INSTANCE - [DEBUG]: [reg 1@MainActivity/onCreate]
OP_NEW_INSTANCE - [BB]: Reflecable instance.
DalvikVM - [BB]: fu.hao.trust.dvm.Executor$OP_NEW_INSTANCE -> jump set pc to 9
TaintSumBranch - [BB]: Rdst [reg 1@MainActivity/onCreate]
PluginManager - [MSG]: TaintSumBranch Tainted Res: {359874043116909=<16 INVOKE,VIRTUAL,extra=[android.telephony.TelephonyManager/getDeviceId[], [6]]>}
Executor - [MSG]: 

Executor - [MSG]: <9 MOV,CONST,dst=r2,type=java.lang.Class,extra=class patdroid.core.ClassInfo?edu.mit.service_lifecycle.MyService> at edu.mit.service_lifecycle.MainActivity/onCreate[android.os.Bundle]
Executor - [DEBUG]: Mov const begin <9 MOV,CONST,dst=r2,type=java.lang.Class,extra=class patdroid.core.ClassInfo?edu.mit.service_lifecycle.MyService>
DalvikVM - [BB]: ar2 (edu.mit.service_lifecycle.MyService, java.lang.Class), (edu.mit.service_lifecycle.MyService, java.lang.Class)
Executor - [DEBUG]: data: edu.mit.service_lifecycle.MyService class patdroid.core.ClassInfo
DalvikVM - [BB]: fu.hao.trust.dvm.Executor$OP_MOV_CONST -> jump set pc to 10
PluginManager - [MSG]: TaintSumBranch Tainted Res: {359874043116909=<16 INVOKE,VIRTUAL,extra=[android.telephony.TelephonyManager/getDeviceId[], [6]]>}
Executor - [MSG]: 

Executor - [MSG]: <10 INVOKE,DIRECT,extra=[android.content.Intent/<init>[android.content.Context, java.lang.Class], [1, 3, 2]]> at edu.mit.service_lifecycle.MainActivity/onCreate[android.os.Bundle]
Executor - [MSG]: arg0 obj: null
Executor - [BB]: android.content.Intent/<init>[android.content.Context, java.lang.Class] is a constructor!
Executor - [BB]: arg1@reg3: Activity:instance number 1@edu.mit.service_lifecycle.MainActivity
Executor - [BB]: arg2@reg2: edu.mit.service_lifecycle.MyService
Executor - [WARN]: Mismatch type! arg 2, real para type: class patdroid.core.ClassInfo, expected para type: class java.lang.Class
Intent - [BB]: New intent with target cls edu.mit.service_lifecycle.MyService
DalvikVM - [BB]: ar1 (null, android.content.Intent), ([intent:, edu.mit.service_lifecycle.MyService, null], android.content.Intent)
Executor - [DEBUG]: Init instance: [intent:, edu.mit.service_lifecycle.MyService, null] class android.content.Intent
DalvikVM - [BB]: fu.hao.trust.dvm.Executor -> jump set pc to 11
TaintSumBranch - [BB]: <android.content.Intent: void <init>(android.content.Context,java.lang.Class)>
TaintSumBranch - [DEBUG]: Not a taint call: <android.content.Intent: void <init>(android.content.Context,java.lang.Class)>
PluginManager - [MSG]: TaintSumBranch Tainted Res: {359874043116909=<16 INVOKE,VIRTUAL,extra=[android.telephony.TelephonyManager/getDeviceId[], [6]]>}
Executor - [MSG]: 

Executor - [MSG]: <11 INVOKE,VIRTUAL,extra=[android.content.ContextWrapper/startService[android.content.Intent], [3, 1]]> at edu.mit.service_lifecycle.MainActivity/onCreate[android.os.Bundle]
Executor - [MSG]: arg0 obj: Activity:instance number 1@edu.mit.service_lifecycle.MainActivity
Executor - [DEBUG]: Reflction class: class android.content.ContextWrapper
Executor - [BB]: Normal args? true
Executor - [BB]: arg1@reg1: [intent:, edu.mit.service_lifecycle.MyService, null]
Executor - [BB]: Nargs? true
Executor - [DEBUG]: Caller obj: Activity:instance number 1@edu.mit.service_lifecycle.MainActivity, from class: class android.app.Activity
DalvikVM - [BB]: New method call: edu.mit.service_lifecycle.MyService/onStartCommand[android.content.Intent, int, int]
DalvikVM - [BB]: [0]<0 SPECIAL,ARGUMENT_SET,extra=[7, 8, 9, 10]>
DalvikVM - [BB]: [1]<1 MOV,CONST,dst=r2,type=void,extra=class patdroid.core.PrimitiveInfo?0>
DalvikVM - [BB]: [2]<2 MOV,CONST,dst=r1,type=java.lang.String,extra="DroidBench">
DalvikVM - [BB]: [3]<3 INSTANCE,IGET,r0=r7,r1=r3,type=java.lang.Object,extra=edu.mit.service_lifecycle.MyService.value>
DalvikVM - [BB]: [4]<4 INVOKE,STATIC,extra=[android.util.Log/i[java.lang.String, java.lang.String], [1, 3]]>
DalvikVM - [BB]: [5]<5 INVOKE,STATIC,extra=[android.telephony.SmsManager/getDefault[], []]>
DalvikVM - [BB]: [6]<6 MOV,RESULT,dst=r0,type=java.lang.Object>
DalvikVM - [BB]: [7]<7 MOV,CONST,dst=r1,type=java.lang.String,extra="+49 1234">
DalvikVM - [BB]: [8]<8 INSTANCE,IGET,r0=r7,r1=r3,type=java.lang.Object,extra=edu.mit.service_lifecycle.MyService.value>
DalvikVM - [BB]: [9]<9 MOV,REG,dst=r4,r0=r2,type=java.lang.Object>
DalvikVM - [BB]: [10]<10 MOV,REG,dst=r5,r0=r2,type=java.lang.Object>
DalvikVM - [BB]: [11]<11 INVOKE,VIRTUAL,extra=[android.telephony.SmsManager/sendTextMessage[java.lang.String, java.lang.String, java.lang.String, android.app.PendingIntent, android.app.PendingIntent], [0, 1, 2, 3, 4, 5]]>
DalvikVM - [BB]: [12]<12 MOV,CONST,dst=r1,type=java.lang.String,extra="phone">
DalvikVM - [BB]: [13]<13 INVOKE,VIRTUAL,extra=[android.content.Context/getSystemService[java.lang.String], [7, 1]]>
DalvikVM - [BB]: [14]<14 MOV,RESULT,dst=r6,type=java.lang.Object>
DalvikVM - [BB]: [15]<15 ARITHMETIC,CHECK-AND-CAST,dst=r6,type=android.telephony.TelephonyManager>
DalvikVM - [BB]: [16]<16 INVOKE,VIRTUAL,extra=[android.telephony.TelephonyManager/getDeviceId[], [6]]>
DalvikVM - [BB]: [17]<17 MOV,RESULT,dst=r1,type=java.lang.Object>
DalvikVM - [BB]: [18]<18 INSTANCE,IPUT,r0=r7,r1=r1,type=java.lang.Object,extra=edu.mit.service_lifecycle.MyService.value>
DalvikVM - [BB]: [19]<19 MOV,CONST,dst=r1,type=void,extra=class patdroid.core.PrimitiveInfo?2>
DalvikVM - [BB]: [20]<20 RETURN,VALUE,r0=r1,type=void>
newStackFrame - [BB]: New Stack Frame: StackFrame edu.mit.service_lifecycle.MyService/onStartCommand[android.content.Intent, int, int], pc 11 stored. 
newStackFrame - [BB]: Stack: [StackFrame edu.mit.service_lifecycle.MainActivity/onCreate[android.os.Bundle]]
android.app.Activity - [BB]: Intent [intent:, edu.mit.service_lifecycle.MyService, null]
DalvikVM - [MSG]: Begin run instrumented methods!
DalvikVM - [MSG]: <11 INVOKE,VIRTUAL,extra=[android.content.ContextWrapper/startService[android.content.Intent], [3, 1]]>
DalvikVM - [BB]: Add frames [StackFrame edu.mit.service_lifecycle.MyService/onStartCommand[android.content.Intent, int, int]]
DalvikVM - [BB]: fu.hao.trust.dvm.DalvikVM -> runInstrumentedMethods set pc to 0
Executor - [MSG]: 

Executor - [MSG]: <0 SPECIAL,ARGUMENT_SET,extra=[7, 8, 9, 10]> at edu.mit.service_lifecycle.MyService/onStartCommand[android.content.Intent, int, int]
Executor - [DEBUG]: params: instance number 1@edu.mit.service_lifecycle.MyService
Executor - [DEBUG]: params: [intent:, edu.mit.service_lifecycle.MyService, null]
Executor - [DEBUG]: params: 0
Executor - [DEBUG]: params: 0
DalvikVM - [BB]: fu.hao.trust.dvm.Executor$OP_SP_ARGUMENTS -> jump set pc to 1
TaintSumBranch - [BB]: Copy 359874043116909 as tainted.
PluginManager - [MSG]: TaintSumBranch Tainted Res: {359874043116909=<16 INVOKE,VIRTUAL,extra=[android.telephony.TelephonyManager/getDeviceId[], [6]]>}
Executor - [MSG]: 

Executor - [MSG]: <1 MOV,CONST,dst=r2,type=void,extra=class patdroid.core.PrimitiveInfo?0> at edu.mit.service_lifecycle.MyService/onStartCommand[android.content.Intent, int, int]
Executor - [DEBUG]: Mov const begin <1 MOV,CONST,dst=r2,type=void,extra=class patdroid.core.PrimitiveInfo?0>
Executor - [DEBUG]: data: 0 class patdroid.core.PrimitiveInfo
DalvikVM - [BB]: fu.hao.trust.dvm.Executor$OP_MOV_CONST -> jump set pc to 2
PluginManager - [MSG]: TaintSumBranch Tainted Res: {359874043116909=<16 INVOKE,VIRTUAL,extra=[android.telephony.TelephonyManager/getDeviceId[], [6]]>}
Executor - [MSG]: 

Executor - [MSG]: <2 MOV,CONST,dst=r1,type=java.lang.String,extra="DroidBench"> at edu.mit.service_lifecycle.MyService/onStartCommand[android.content.Intent, int, int]
Executor - [DEBUG]: Mov const begin <2 MOV,CONST,dst=r1,type=java.lang.String,extra="DroidBench">
Executor - [DEBUG]: data: DroidBench class java.lang.String
DalvikVM - [BB]: fu.hao.trust.dvm.Executor$OP_MOV_CONST -> jump set pc to 3
PluginManager - [MSG]: TaintSumBranch Tainted Res: {359874043116909=<16 INVOKE,VIRTUAL,extra=[android.telephony.TelephonyManager/getDeviceId[], [6]]>}
Executor - [MSG]: 

Executor - [MSG]: <3 INSTANCE,IGET,r0=r7,r1=r3,type=java.lang.Object,extra=edu.mit.service_lifecycle.MyService.value> at edu.mit.service_lifecycle.MyService/onStartCommand[android.content.Intent, int, int]
class fu.hao.trust.dvm.Executor$OP_INSTANCE_GET_FIELD - [BB]: obj instance number 1@edu.mit.service_lifecycle.MyService
class fu.hao.trust.dvm.Executor$OP_INSTANCE_GET_FIELD - [BB]: fieldinfo edu.mit.service_lifecycle.MyService.value
class fu.hao.trust.dvm.Executor$OP_INSTANCE_GET_FIELD - [DEBUG]: Get data: 359874043116909
DalvikVM - [BB]: fu.hao.trust.dvm.Executor$OP_INSTANCE_GET_FIELD -> jump set pc to 4
TaintSumBranch - [BB]: Add [reg 3@MyService/onStartCommand] as tainted due to field 359874043116909
PluginManager - [MSG]: TaintSumBranch Tainted Res: {[reg 3@MyService/onStartCommand]=<16 INVOKE,VIRTUAL,extra=[android.telephony.TelephonyManager/getDeviceId[], [6]]>, 359874043116909=<16 INVOKE,VIRTUAL,extra=[android.telephony.TelephonyManager/getDeviceId[], [6]]>}
Executor - [MSG]: 

Executor - [MSG]: <4 INVOKE,STATIC,extra=[android.util.Log/i[java.lang.String, java.lang.String], [1, 3]]> at edu.mit.service_lifecycle.MyService/onStartCommand[android.content.Intent, int, int]
Executor - [DEBUG]: Reflction class android.util.Log
Executor - [BB]: arg0@reg1: DroidBench
Executor - [BB]: arg1@reg3: 359874043116909
Executor - [BB]: param: DroidBench
Executor - [BB]: param: 359874043116909
Executor - [MSG]: reflction invocation public static int android.util.Log.i(java.lang.String,java.lang.String)
DalvikVM - [BB]: Set reflective call: public static int android.util.Log.i(java.lang.String,java.lang.String)
DalvikVM - [BB]: fu.hao.trust.dvm.Executor$OP_INVOKE_STATIC -> jump set pc to 5
TaintSumBranch - [BB]: <android.util.Log: int i(java.lang.String,java.lang.String)>
TaintSumBranch - [DEBUG]: Not a taint call: <android.util.Log: int i(java.lang.String,java.lang.String)>
TaintSumBranch - [WARN]: Found a tainted return val!
PluginManager - [MSG]: TaintSumBranch Tainted Res: {[reg 3@MyService/onStartCommand]=<16 INVOKE,VIRTUAL,extra=[android.telephony.TelephonyManager/getDeviceId[], [6]]>, 359874043116909=<16 INVOKE,VIRTUAL,extra=[android.telephony.TelephonyManager/getDeviceId[], [6]]>, [Global RetReg]=<16 INVOKE,VIRTUAL,extra=[android.telephony.TelephonyManager/getDeviceId[], [6]]>}
Executor - [MSG]: 

Executor - [MSG]: <5 INVOKE,STATIC,extra=[android.telephony.SmsManager/getDefault[], []]> at edu.mit.service_lifecycle.MyService/onStartCommand[android.content.Intent, int, int]
Executor - [DEBUG]: Reflction class android.telephony.SmsManager
Executor - [MSG]: reflction invocation public static android.telephony.SmsManager android.telephony.SmsManager.getDefault()
DalvikVM - [BB]: Set reflective call: public static android.telephony.SmsManager android.telephony.SmsManager.getDefault()
DalvikVM - [BB]: fu.hao.trust.dvm.Executor$OP_INVOKE_STATIC -> jump set pc to 6
TaintSumBranch - [BB]: <android.telephony.SmsManager: android.telephony.SmsManager getDefault()>
TaintSumBranch - [DEBUG]: Not a taint call: <android.telephony.SmsManager: android.telephony.SmsManager getDefault()>
PluginManager - [MSG]: TaintSumBranch Tainted Res: {[reg 3@MyService/onStartCommand]=<16 INVOKE,VIRTUAL,extra=[android.telephony.TelephonyManager/getDeviceId[], [6]]>, 359874043116909=<16 INVOKE,VIRTUAL,extra=[android.telephony.TelephonyManager/getDeviceId[], [6]]>}
Executor - [MSG]: 

Executor - [MSG]: <6 MOV,RESULT,dst=r0,type=java.lang.Object> at edu.mit.service_lifecycle.MyService/onStartCommand[android.content.Intent, int, int]
OP_MOV_RESULT - [BB]: Result data: android.telephony.SmsManager@5bc51ef0
OP_MOV_RESULT - [DEBUG]: Result data: android.telephony.SmsManager@5bc51ef0, type: android.telephony.SmsManager, to [reg 0@MyService/onStartCommand]
DalvikVM - [BB]: fu.hao.trust.dvm.Executor$OP_MOV_RESULT -> jump set pc to 7
PluginManager - [MSG]: TaintSumBranch Tainted Res: {[reg 3@MyService/onStartCommand]=<16 INVOKE,VIRTUAL,extra=[android.telephony.TelephonyManager/getDeviceId[], [6]]>, 359874043116909=<16 INVOKE,VIRTUAL,extra=[android.telephony.TelephonyManager/getDeviceId[], [6]]>}
Executor - [MSG]: 

Executor - [MSG]: <7 MOV,CONST,dst=r1,type=java.lang.String,extra="+49 1234"> at edu.mit.service_lifecycle.MyService/onStartCommand[android.content.Intent, int, int]
Executor - [DEBUG]: Mov const begin <7 MOV,CONST,dst=r1,type=java.lang.String,extra="+49 1234">
DalvikVM - [BB]: ar1 (DroidBench, java.lang.String), (+49 1234, java.lang.String)
Executor - [DEBUG]: data: +49 1234 class java.lang.String
DalvikVM - [BB]: fu.hao.trust.dvm.Executor$OP_MOV_CONST -> jump set pc to 8
PluginManager - [MSG]: TaintSumBranch Tainted Res: {[reg 3@MyService/onStartCommand]=<16 INVOKE,VIRTUAL,extra=[android.telephony.TelephonyManager/getDeviceId[], [6]]>, 359874043116909=<16 INVOKE,VIRTUAL,extra=[android.telephony.TelephonyManager/getDeviceId[], [6]]>}
Executor - [MSG]: 

Executor - [MSG]: <8 INSTANCE,IGET,r0=r7,r1=r3,type=java.lang.Object,extra=edu.mit.service_lifecycle.MyService.value> at edu.mit.service_lifecycle.MyService/onStartCommand[android.content.Intent, int, int]
class fu.hao.trust.dvm.Executor$OP_INSTANCE_GET_FIELD - [BB]: obj instance number 1@edu.mit.service_lifecycle.MyService
class fu.hao.trust.dvm.Executor$OP_INSTANCE_GET_FIELD - [BB]: fieldinfo edu.mit.service_lifecycle.MyService.value
DalvikVM - [BB]: ar3 (359874043116909, java.lang.String), (359874043116909, java.lang.String)
class fu.hao.trust.dvm.Executor$OP_INSTANCE_GET_FIELD - [DEBUG]: Get data: 359874043116909
DalvikVM - [BB]: fu.hao.trust.dvm.Executor$OP_INSTANCE_GET_FIELD -> jump set pc to 9
TaintSumBranch - [BB]: Add [reg 3@MyService/onStartCommand] as tainted due to field 359874043116909
PluginManager - [MSG]: TaintSumBranch Tainted Res: {[reg 3@MyService/onStartCommand]=<16 INVOKE,VIRTUAL,extra=[android.telephony.TelephonyManager/getDeviceId[], [6]]>, 359874043116909=<16 INVOKE,VIRTUAL,extra=[android.telephony.TelephonyManager/getDeviceId[], [6]]>}
Executor - [MSG]: 

Executor - [MSG]: <9 MOV,REG,dst=r4,r0=r2,type=java.lang.Object> at edu.mit.service_lifecycle.MyService/onStartCommand[android.content.Intent, int, int]
class fu.hao.trust.dvm.Executor$OP_MOVE_REG - [DEBUG]: mov 0 to 0
DalvikVM - [BB]: fu.hao.trust.dvm.Executor$OP_MOVE_REG -> jump set pc to 10
PluginManager - [MSG]: TaintSumBranch Tainted Res: {[reg 3@MyService/onStartCommand]=<16 INVOKE,VIRTUAL,extra=[android.telephony.TelephonyManager/getDeviceId[], [6]]>, 359874043116909=<16 INVOKE,VIRTUAL,extra=[android.telephony.TelephonyManager/getDeviceId[], [6]]>}
Executor - [MSG]: 

Executor - [MSG]: <10 MOV,REG,dst=r5,r0=r2,type=java.lang.Object> at edu.mit.service_lifecycle.MyService/onStartCommand[android.content.Intent, int, int]
class fu.hao.trust.dvm.Executor$OP_MOVE_REG - [DEBUG]: mov 0 to 0
DalvikVM - [BB]: fu.hao.trust.dvm.Executor$OP_MOVE_REG -> jump set pc to 11
PluginManager - [MSG]: TaintSumBranch Tainted Res: {[reg 3@MyService/onStartCommand]=<16 INVOKE,VIRTUAL,extra=[android.telephony.TelephonyManager/getDeviceId[], [6]]>, 359874043116909=<16 INVOKE,VIRTUAL,extra=[android.telephony.TelephonyManager/getDeviceId[], [6]]>}
Executor - [MSG]: 

Executor - [MSG]: <11 INVOKE,VIRTUAL,extra=[android.telephony.SmsManager/sendTextMessage[java.lang.String, java.lang.String, java.lang.String, android.app.PendingIntent, android.app.PendingIntent], [0, 1, 2, 3, 4, 5]]> at edu.mit.service_lifecycle.MyService/onStartCommand[android.content.Intent, int, int]
Executor - [MSG]: arg0 obj: android.telephony.SmsManager@5bc51ef0
Executor - [DEBUG]: Reflction class: class android.telephony.SmsManager
Executor - [BB]: Normal args? true
Executor - [BB]: arg1@reg1: +49 1234
Executor - [BB]: arg2@reg2: 0
Executor - [WARN]: Mismatch type! arg 2, real para type: class patdroid.core.PrimitiveInfo, expected para type: class java.lang.String
Executor - [BB]: arg3@reg3: 359874043116909
Executor - [BB]: arg4@reg4: 0
Executor - [WARN]: Mismatch type! arg 4, real para type: class patdroid.core.PrimitiveInfo, expected para type: class android.app.PendingIntent
Executor - [BB]: arg5@reg5: 0
Executor - [WARN]: Mismatch type! arg 5, real para type: class patdroid.core.PrimitiveInfo, expected para type: class android.app.PendingIntent
Executor - [BB]: Nargs? true
Executor - [DEBUG]: Caller obj: android.telephony.SmsManager@5bc51ef0, from class: class android.telephony.SmsManager
Executor - [MSG]: Reflction invocation public void android.telephony.SmsManager.sendTextMessage(java.lang.String,java.lang.String,java.lang.String,android.app.PendingIntent,android.app.PendingIntent)
DalvikVM - [BB]: Set reflective call: public void android.telephony.SmsManager.sendTextMessage(java.lang.String,java.lang.String,java.lang.String,android.app.PendingIntent,android.app.PendingIntent)
DalvikVM - [BB]: fu.hao.trust.dvm.Executor -> jump set pc to 12
TaintSumBranch - [BB]: <android.telephony.SmsManager: void sendTextMessage(java.lang.String,java.lang.String,java.lang.String,android.app.PendingIntent,android.app.PendingIntent)>
TaintSumBranch - [BB]: Found a sink invocation. <android.telephony.SmsManager: void sendTextMessage(java.lang.String,java.lang.String,java.lang.String,android.app.PendingIntent,android.app.PendingIntent)>
TaintSumBranch - [WARN]: Found a taint sink <android.telephony.SmsManager: void sendTextMessage(java.lang.String,java.lang.String,java.lang.String,android.app.PendingIntent,android.app.PendingIntent)> leaking data [359874043116909] at reg 3!!!
PluginManager - [MSG]: TaintSumBranch Tainted Res: {[reg 3@MyService/onStartCommand]=<16 INVOKE,VIRTUAL,extra=[android.telephony.TelephonyManager/getDeviceId[], [6]]>, 359874043116909=<16 INVOKE,VIRTUAL,extra=[android.telephony.TelephonyManager/getDeviceId[], [6]]>}
Executor - [MSG]: 

Executor - [MSG]: <12 MOV,CONST,dst=r1,type=java.lang.String,extra="phone"> at edu.mit.service_lifecycle.MyService/onStartCommand[android.content.Intent, int, int]
Executor - [DEBUG]: Mov const begin <12 MOV,CONST,dst=r1,type=java.lang.String,extra="phone">
DalvikVM - [BB]: ar1 (+49 1234, java.lang.String), (phone, java.lang.String)
Executor - [DEBUG]: data: phone class java.lang.String
DalvikVM - [BB]: fu.hao.trust.dvm.Executor$OP_MOV_CONST -> jump set pc to 13
PluginManager - [MSG]: TaintSumBranch Tainted Res: {[reg 3@MyService/onStartCommand]=<16 INVOKE,VIRTUAL,extra=[android.telephony.TelephonyManager/getDeviceId[], [6]]>, 359874043116909=<16 INVOKE,VIRTUAL,extra=[android.telephony.TelephonyManager/getDeviceId[], [6]]>}
Executor - [MSG]: 

Executor - [MSG]: <13 INVOKE,VIRTUAL,extra=[android.content.Context/getSystemService[java.lang.String], [7, 1]]> at edu.mit.service_lifecycle.MyService/onStartCommand[android.content.Intent, int, int]
Executor - [MSG]: arg0 obj: instance number 1@edu.mit.service_lifecycle.MyService
Executor - [DEBUG]: Reflction class: class android.content.Context
Executor - [BB]: Normal args? true
Executor - [BB]: arg1@reg1: phone
Executor - [BB]: Nargs? true
Executor - [DEBUG]: Caller obj: instance number 1@edu.mit.service_lifecycle.MyService, from class: class android.app.Service
Executor - [DEBUG]: Return data: android.telephony.TelephonyManager@359172db ,class android.telephony.TelephonyManager
Executor - [MSG]: Reflction invocation public java.lang.Object android.content.Context.getSystemService(java.lang.String)
DalvikVM - [BB]: Set reflective call: public java.lang.Object android.content.Context.getSystemService(java.lang.String)
DalvikVM - [BB]: fu.hao.trust.dvm.Executor -> jump set pc to 14
TaintSumBranch - [BB]: <android.content.Context: java.lang.Object getSystemService(java.lang.String)>
TaintSumBranch - [DEBUG]: Not a taint call: <android.content.Context: java.lang.Object getSystemService(java.lang.String)>
PluginManager - [MSG]: TaintSumBranch Tainted Res: {[reg 3@MyService/onStartCommand]=<16 INVOKE,VIRTUAL,extra=[android.telephony.TelephonyManager/getDeviceId[], [6]]>, 359874043116909=<16 INVOKE,VIRTUAL,extra=[android.telephony.TelephonyManager/getDeviceId[], [6]]>}
Executor - [MSG]: 

Executor - [MSG]: <14 MOV,RESULT,dst=r6,type=java.lang.Object> at edu.mit.service_lifecycle.MyService/onStartCommand[android.content.Intent, int, int]
OP_MOV_RESULT - [BB]: Result data: android.telephony.TelephonyManager@359172db
OP_MOV_RESULT - [DEBUG]: Result data: android.telephony.TelephonyManager@359172db, type: java.lang.Object, to [reg 6@MyService/onStartCommand]
DalvikVM - [BB]: fu.hao.trust.dvm.Executor$OP_MOV_RESULT -> jump set pc to 15
PluginManager - [MSG]: TaintSumBranch Tainted Res: {[reg 3@MyService/onStartCommand]=<16 INVOKE,VIRTUAL,extra=[android.telephony.TelephonyManager/getDeviceId[], [6]]>, 359874043116909=<16 INVOKE,VIRTUAL,extra=[android.telephony.TelephonyManager/getDeviceId[], [6]]>}
Executor - [MSG]: 

Executor - [MSG]: <15 ARITHMETIC,CHECK-AND-CAST,dst=r6,type=android.telephony.TelephonyManager> at edu.mit.service_lifecycle.MyService/onStartCommand[android.content.Intent, int, int]
DalvikVM - [BB]: fu.hao.trust.dvm.Executor$OP_ARITHETIC -> jump set pc to 16
TaintSumBranch - [BB]: Not a taint op <15 ARITHMETIC,CHECK-AND-CAST,dst=r6,type=android.telephony.TelephonyManager>
PluginManager - [MSG]: TaintSumBranch Tainted Res: {[reg 3@MyService/onStartCommand]=<16 INVOKE,VIRTUAL,extra=[android.telephony.TelephonyManager/getDeviceId[], [6]]>, 359874043116909=<16 INVOKE,VIRTUAL,extra=[android.telephony.TelephonyManager/getDeviceId[], [6]]>}
Executor - [MSG]: 

Executor - [MSG]: <16 INVOKE,VIRTUAL,extra=[android.telephony.TelephonyManager/getDeviceId[], [6]]> at edu.mit.service_lifecycle.MyService/onStartCommand[android.content.Intent, int, int]
Executor - [MSG]: arg0 obj: android.telephony.TelephonyManager@359172db
Executor - [DEBUG]: Reflction class: class android.telephony.TelephonyManager
Executor - [DEBUG]: Return data: 359874043116909 ,class java.lang.String
Executor - [MSG]: Reflction invocation public java.lang.String android.telephony.TelephonyManager.getDeviceId()
DalvikVM - [BB]: Set reflective call: public java.lang.String android.telephony.TelephonyManager.getDeviceId()
DalvikVM - [BB]: fu.hao.trust.dvm.Executor -> jump set pc to 17
TaintSumBranch - [BB]: <android.telephony.TelephonyManager: java.lang.String getDeviceId()>
TaintSumBranch - [WARN]: Found a tainted return value!
PluginManager - [MSG]: TaintSumBranch Tainted Res: {[reg 3@MyService/onStartCommand]=<16 INVOKE,VIRTUAL,extra=[android.telephony.TelephonyManager/getDeviceId[], [6]]>, 359874043116909=<16 INVOKE,VIRTUAL,extra=[android.telephony.TelephonyManager/getDeviceId[], [6]]>, [Global RetReg]=<16 INVOKE,VIRTUAL,extra=[android.telephony.TelephonyManager/getDeviceId[], [6]]>}
Executor - [MSG]: 

Executor - [MSG]: <17 MOV,RESULT,dst=r1,type=java.lang.Object> at edu.mit.service_lifecycle.MyService/onStartCommand[android.content.Intent, int, int]
DalvikVM - [BB]: ar1 (phone, java.lang.String), (359874043116909, java.lang.String)
OP_MOV_RESULT - [BB]: Result data: 359874043116909
OP_MOV_RESULT - [DEBUG]: Result data: 359874043116909, type: java.lang.String, to [reg 1@MyService/onStartCommand]
DalvikVM - [BB]: fu.hao.trust.dvm.Executor$OP_MOV_RESULT -> jump set pc to 18
TaintSumBranch - [BB]: <16 INVOKE,VIRTUAL,extra=[android.telephony.TelephonyManager/getDeviceId[], [6]]>
TaintSumBranch - [BB]: Add reg 1 due to ret reg.
PluginManager - [MSG]: TaintSumBranch Tainted Res: {[reg 3@MyService/onStartCommand]=<16 INVOKE,VIRTUAL,extra=[android.telephony.TelephonyManager/getDeviceId[], [6]]>, [reg 1@MyService/onStartCommand]=<16 INVOKE,VIRTUAL,extra=[android.telephony.TelephonyManager/getDeviceId[], [6]]>, 359874043116909=<16 INVOKE,VIRTUAL,extra=[android.telephony.TelephonyManager/getDeviceId[], [6]]>}
Executor - [MSG]: 

Executor - [MSG]: <18 INSTANCE,IPUT,r0=r7,r1=r1,type=java.lang.Object,extra=edu.mit.service_lifecycle.MyService.value> at edu.mit.service_lifecycle.MyService/onStartCommand[android.content.Intent, int, int]
class fu.hao.trust.dvm.Executor$OP_INSTANCE_PUT_FIELD - [BB]: field edu.mit.service_lifecycle.MyService.value
class fu.hao.trust.dvm.Executor$OP_INSTANCE_PUT_FIELD - [BB]: Target obj instance number 1@edu.mit.service_lifecycle.MyService
Service - [DEBUG]: put field 359874043116909
class fu.hao.trust.dvm.Executor$OP_INSTANCE_PUT_FIELD - [MSG]: Put data 359874043116909 to the field of instance number 1@edu.mit.service_lifecycle.MyService
DalvikVM - [BB]: fu.hao.trust.dvm.Executor$OP_INSTANCE_PUT_FIELD -> jump set pc to 19
TaintSumBranch - [BB]: Add 359874043116909as tainted due to [reg 1@MyService/onStartCommand]
PluginManager - [MSG]: TaintSumBranch Tainted Res: {[reg 3@MyService/onStartCommand]=<16 INVOKE,VIRTUAL,extra=[android.telephony.TelephonyManager/getDeviceId[], [6]]>, 359874043116909=<16 INVOKE,VIRTUAL,extra=[android.telephony.TelephonyManager/getDeviceId[], [6]]>, [reg 1@MyService/onStartCommand]=<16 INVOKE,VIRTUAL,extra=[android.telephony.TelephonyManager/getDeviceId[], [6]]>}
Executor - [MSG]: 

Executor - [MSG]: <19 MOV,CONST,dst=r1,type=void,extra=class patdroid.core.PrimitiveInfo?2> at edu.mit.service_lifecycle.MyService/onStartCommand[android.content.Intent, int, int]
Executor - [DEBUG]: Mov const begin <19 MOV,CONST,dst=r1,type=void,extra=class patdroid.core.PrimitiveInfo?2>
DalvikVM - [BB]: ar1 (359874043116909, java.lang.String), (2, void)
Executor - [DEBUG]: data: 2 class patdroid.core.PrimitiveInfo
DalvikVM - [BB]: fu.hao.trust.dvm.Executor$OP_MOV_CONST -> jump set pc to 20
PluginManager - [MSG]: TaintSumBranch Tainted Res: {[reg 3@MyService/onStartCommand]=<16 INVOKE,VIRTUAL,extra=[android.telephony.TelephonyManager/getDeviceId[], [6]]>, 359874043116909=<16 INVOKE,VIRTUAL,extra=[android.telephony.TelephonyManager/getDeviceId[], [6]]>}
Executor - [MSG]: 

Executor - [MSG]: <20 RETURN,VALUE,r0=r1,type=void> at edu.mit.service_lifecycle.MyService/onStartCommand[android.content.Intent, int, int]
DalvikVM - [BB]: ar-1 (359874043116909, java.lang.String), (2, void)
Executor - [BB]: Return data: 2
DalvikVM - [BB]: stack [StackFrame edu.mit.service_lifecycle.MainActivity/onCreate[android.os.Bundle]]
DalvikVM - [BB]: Back to the last stack frame.StackFrame edu.mit.service_lifecycle.MainActivity/onCreate[android.os.Bundle]
PluginManager - [MSG]: TaintSumBranch Tainted Res: {359874043116909=<16 INVOKE,VIRTUAL,extra=[android.telephony.TelephonyManager/getDeviceId[], [6]]>}
DalvikVM - [MSG]: Finish running instrumented methods! Back to StackFrame edu.mit.service_lifecycle.MainActivity/onCreate[android.os.Bundle]
DalvikVM - [BB]: ar-1 (2, void), (null, android.content.ComponentName)
Executor - [MSG]: Reflction invocation public android.content.ComponentName android.content.ContextWrapper.startService(android.content.Intent)
DalvikVM - [BB]: Set reflective call: public android.content.ComponentName android.content.ContextWrapper.startService(android.content.Intent)
DalvikVM - [BB]: fu.hao.trust.dvm.Executor -> jump set pc to 12
TaintSumBranch - [BB]: <android.content.ContextWrapper: android.content.ComponentName startService(android.content.Intent)>
TaintSumBranch - [DEBUG]: Not a taint call: <android.content.ContextWrapper: android.content.ComponentName startService(android.content.Intent)>
PluginManager - [MSG]: TaintSumBranch Tainted Res: {359874043116909=<16 INVOKE,VIRTUAL,extra=[android.telephony.TelephonyManager/getDeviceId[], [6]]>}
Executor - [MSG]: 

Executor - [MSG]: <12 RETURN,VOID> at edu.mit.service_lifecycle.MainActivity/onCreate[android.os.Bundle]
class fu.hao.trust.dvm.Executor$OP_RETURN_VOID - [DEBUG]: Return void
DalvikVM - [BB]: stack []
DalvikVM - [BB]: Back to the last stack frame.null
Executor - [MSG]: RUN DONE! The last one is onCreate
DalvikVM - [MSG]: FINISHED!

main - [MSG]: Analysis has run for 2.122240189 seconds

