main - [DEBUG]: Entry event: (de.ecspride.MainActivity, onCreate)
DalvikVM - [MSG]: Begin run onCreate at C:\Users\hao\workspace\DroidBenchProj\Button3\app\Button3.apk
DalvikVM - [MSG]: RUN Method de.ecspride.MainActivity/onCreate[android.os.Bundle]
Executor - [DEBUG]: Read manifest csv: output/Button3.apk\Button3.apk_manifest.csv
DalvikVM - [BB]: New method call: de.ecspride.MainActivity/onCreate[android.os.Bundle]
DalvikVM - [BB]: [0]<0 SPECIAL,ARGUMENT_SET,extra=[2, 3]>
DalvikVM - [BB]: [1]<0 HALT,SUPER,extra=[null, [2, 3]]>
DalvikVM - [BB]: [2]<1 MOV,CONST,dst=r1,type=void,extra=class patdroid.core.PrimitiveInfo?2130903040>
DalvikVM - [BB]: [3]<0 INVOKE,VIRTUAL,extra=[android.app.Activity/setContentView[int], [2, 1]]>
DalvikVM - [BB]: [4]<3 MOV,CONST,dst=r1,type=void,extra=class patdroid.core.PrimitiveInfo?2131230721>
DalvikVM - [BB]: [5]<0 INVOKE,VIRTUAL,extra=[android.app.Activity/findViewById[int], [2, 1]]>
DalvikVM - [BB]: [6]<0 MOV,RESULT,dst=r0,type=java.lang.Object>
DalvikVM - [BB]: [7]<0 ARITHMETIC,CHECK-AND-CAST,dst=r0,type=android.widget.Button>
DalvikVM - [BB]: [8]<0 NEW,INSTANCE,dst=r1,type=de.ecspride.Button1Listener>
DalvikVM - [BB]: [9]<0 INVOKE,DIRECT,extra=[de.ecspride.Button1Listener/<init>[de.ecspride.MainActivity], [1, 2]]>
DalvikVM - [BB]: [10]<0 HALT,VIRTUAL,extra=[null, [0, 1]]>
DalvikVM - [BB]: [11]<0 RETURN,VOID>
newStackFrame - [BB]: New Stack Frame: StackFrame de.ecspride.MainActivity/onCreate[android.os.Bundle]
newStackFrame - [BB]: Add frame StackFrame de.ecspride.MainActivity/onCreate[android.os.Bundle]
newStackFrame - [BB]: Stack: [StackFrame de.ecspride.MainActivity/onCreate[android.os.Bundle]]
Executor - [MSG]: New chain obj with type de.ecspride.MainActivity
DalvikVM - [BB]: Superclass: de.ecspride.MainActivity
Activity - [BB]: New instance of de.ecspride.MainActivity
Caller@4: <init>@fu.hao.trust.dvm.DVMObject - [BB]: getClass de.ecspride.MainActivity at fu.hao.trust.dvm.VMHeap@1cfeaf9c
Caller: getClass@fu.hao.trust.dvm.VMHeap - [BB]: new class representation for de.ecspride.MainActivity at fu.hao.trust.dvm.VMHeap@1cfeaf9c
Caller@4: <init>@fu.hao.trust.dvm.DVMClass - [BB]: getClass android.app.Activity at fu.hao.trust.dvm.VMHeap@1cfeaf9c
Caller: getClass@fu.hao.trust.dvm.VMHeap - [BB]: new class representation for android.app.Activity at fu.hao.trust.dvm.VMHeap@1cfeaf9c
Caller@4: <init>@fu.hao.trust.dvm.DVMClass - [BB]: getClass android.content.ContextWrapper at fu.hao.trust.dvm.VMHeap@1cfeaf9c
Caller: getClass@fu.hao.trust.dvm.VMHeap - [BB]: new class representation for android.content.ContextWrapper at fu.hao.trust.dvm.VMHeap@1cfeaf9c
Caller@4: <init>@fu.hao.trust.dvm.DVMClass - [BB]: getClass android.content.Context at fu.hao.trust.dvm.VMHeap@1cfeaf9c
Caller: getClass@fu.hao.trust.dvm.VMHeap - [BB]: new class representation for android.content.Context at fu.hao.trust.dvm.VMHeap@1cfeaf9c
Caller@4: <init>@fu.hao.trust.dvm.DVMClass - [BB]: getClass fu.hao.trust.dvm.DVMObject at fu.hao.trust.dvm.VMHeap@1cfeaf9c
Caller: getClass@fu.hao.trust.dvm.VMHeap - [BB]: new class representation for fu.hao.trust.dvm.DVMObject at fu.hao.trust.dvm.VMHeap@1cfeaf9c
Caller: <init>@fu.hao.trust.dvm.DVMClass - [BB]: Get DVMClass for type fu.hao.trust.dvm.DVMObject
Caller@4: <init>@fu.hao.trust.dvm.DVMClass - [BB]: getClass fu.hao.trust.dvm.DVMObject at fu.hao.trust.dvm.VMHeap@1cfeaf9c
Caller: <init>@fu.hao.trust.dvm.DVMClass - [BB]: Get DVMClass for type android.content.Context
Caller@4: <init>@fu.hao.trust.dvm.DVMClass - [BB]: getClass android.content.Context at fu.hao.trust.dvm.VMHeap@1cfeaf9c
Caller: <init>@fu.hao.trust.dvm.DVMClass - [BB]: Get DVMClass for type android.content.ContextWrapper
Caller@4: <init>@fu.hao.trust.dvm.DVMClass - [BB]: getClass android.content.ContextWrapper at fu.hao.trust.dvm.VMHeap@1cfeaf9c
Caller: <init>@fu.hao.trust.dvm.DVMClass - [BB]: Get DVMClass for type android.app.Activity
Caller@4: <init>@fu.hao.trust.dvm.DVMClass - [BB]: getClass android.app.Activity at fu.hao.trust.dvm.VMHeap@1cfeaf9c
Caller: <init>@fu.hao.trust.dvm.DVMObject - [BB]: Get DVMClass for type de.ecspride.MainActivity
Caller@4: <init>@fu.hao.trust.dvm.DVMObject - [BB]: getClass de.ecspride.MainActivity at fu.hao.trust.dvm.VMHeap@1cfeaf9c
Activity - [BB]: Not empty constructor
DalvikVM - [BB]: New method call: de.ecspride.MainActivity/<init>[]
DalvikVM - [BB]: [0]<0 SPECIAL,ARGUMENT_SET,extra=[1]>
DalvikVM - [BB]: [1]<0 INVOKE,DIRECT,extra=[java.lang.Object/<init>[], [1]]>
DalvikVM - [BB]: [2]<1 MOV,CONST,dst=r0,type=java.lang.String,extra="">
DalvikVM - [BB]: [3]<0 INSTANCE,IPUT,r0=r1,r1=r0,type=java.lang.Object,extra=de.ecspride.MainActivity.imei>
DalvikVM - [BB]: [4]<0 RETURN,VOID>
newStackFrame - [BB]: New Stack Frame: StackFrame de.ecspride.MainActivity/<init>[], pc -1 stored. 
newStackFrame - [BB]: Stack: [StackFrame de.ecspride.MainActivity/onCreate[android.os.Bundle]]
DalvikVM - [MSG]: Begin run instrumented methods!
DalvikVM - [MSG]: <0 SPECIAL,ARGUMENT_SET,extra=[2, 3]>
DalvikVM - [BB]: Add frames [StackFrame de.ecspride.MainActivity/<init>[]]
DalvikVM - [BB]: fu.hao.trust.dvm.DalvikVM -> runInstrumentedMethods set pc to 0
Executor - [MSG]: 

Executor - [MSG]: <0 SPECIAL,ARGUMENT_SET,extra=[1]> at de.ecspride.MainActivity/<init>[]
Executor - [DEBUG]: params: Activity:instance number 1@de.ecspride.MainActivity
DalvikVM - [BB]: fu.hao.trust.dvm.Executor$OP_SP_ARGUMENTS -> jump set pc to 1
PluginManager - [MSG]: TaintSumBranch Tainted Res: {}
Executor - [MSG]: 

Executor - [MSG]: <1 INVOKE,DIRECT,extra=[java.lang.Object/<init>[], [1]]> at de.ecspride.MainActivity/<init>[]
Executor - [MSG]: arg0 obj: Activity:instance number 1@de.ecspride.MainActivity
Executor - [BB]: java.lang.Object/<init>[] is a constructor!
Executor - [WARN]: Reflection error: de.ecspride.MainActivity
DalvikVM - [BB]: fu.hao.trust.dvm.Executor -> jump set pc to 2
TaintSumBranch - [BB]: <java.lang.Object: void <init>()>
TaintSumBranch - [DEBUG]: Not a taint call: <java.lang.Object: void <init>()>
PluginManager - [MSG]: TaintSumBranch Tainted Res: {}
Executor - [MSG]: 

Executor - [MSG]: <2 MOV,CONST,dst=r0,type=java.lang.String,extra=""> at de.ecspride.MainActivity/<init>[]
Executor - [DEBUG]: Mov const begin <2 MOV,CONST,dst=r0,type=java.lang.String,extra="">
Executor - [DEBUG]: data:  class java.lang.String
DalvikVM - [BB]: fu.hao.trust.dvm.Executor$OP_MOV_CONST -> jump set pc to 3
PluginManager - [MSG]: TaintSumBranch Tainted Res: {}
Executor - [MSG]: 

Executor - [MSG]: <3 INSTANCE,IPUT,r0=r1,r1=r0,type=java.lang.Object,extra=de.ecspride.MainActivity.imei> at de.ecspride.MainActivity/<init>[]
class fu.hao.trust.dvm.Executor$OP_INSTANCE_PUT_FIELD - [BB]: field de.ecspride.MainActivity.imei
class fu.hao.trust.dvm.Executor$OP_INSTANCE_PUT_FIELD - [BB]: Target obj Activity:instance number 1@de.ecspride.MainActivity
Activity - [DEBUG]: put field 
class fu.hao.trust.dvm.Executor$OP_INSTANCE_PUT_FIELD - [MSG]: Put data  to the field of Activity:instance number 1@de.ecspride.MainActivity
DalvikVM - [BB]: fu.hao.trust.dvm.Executor$OP_INSTANCE_PUT_FIELD -> jump set pc to 4
PluginManager - [MSG]: TaintSumBranch Tainted Res: {}
Executor - [MSG]: 

Executor - [MSG]: <4 RETURN,VOID> at de.ecspride.MainActivity/<init>[]
class fu.hao.trust.dvm.Executor$OP_RETURN_VOID - [DEBUG]: Return void
DalvikVM - [BB]: stack [StackFrame de.ecspride.MainActivity/onCreate[android.os.Bundle]]
DalvikVM - [BB]: Back to the last stack frame.StackFrame de.ecspride.MainActivity/onCreate[android.os.Bundle]
DalvikVM - [MSG]: Finish running instrumented methods! Back to StackFrame de.ecspride.MainActivity/onCreate[android.os.Bundle]
Activity - [BB]: New Activity Created with type de.ecspride.MainActivity
Executor - [MSG]: RUN BEGIN de.ecspride.MainActivity/onCreate[android.os.Bundle]
DalvikVM - [BB]: fu.hao.trust.dvm.Executor -> execute set pc to 0
Executor - [MSG]: 

Executor - [MSG]: <0 SPECIAL,ARGUMENT_SET,extra=[2, 3]> at de.ecspride.MainActivity/onCreate[android.os.Bundle]
Executor - [WARN]: NULL CallingCtx!
Executor - [DEBUG]: args: Activity:instance number 1@de.ecspride.MainActivity
Executor - [BB]: Start param from 1
Executor - [DEBUG]: args: null
DalvikVM - [BB]: fu.hao.trust.dvm.Executor$OP_SP_ARGUMENTS -> jump set pc to 1
PluginManager - [MSG]: TaintSumBranch Tainted Res: {}
Executor - [MSG]: 

Executor - [MSG]: <1 HALT,SUPER,extra=[null, [2, 3]]> at de.ecspride.MainActivity/onCreate[android.os.Bundle]
DalvikVM - [BB]: fu.hao.trust.dvm.Executor$OP_HALT -> jump set pc to 2
Executor - [MSG]: Cannot resolve the invocation
TaintSumBranch - [BB]: Not a taint op <1 HALT,SUPER,extra=[null, [2, 3]]>
PluginManager - [MSG]: TaintSumBranch Tainted Res: {}
Executor - [MSG]: 

Executor - [MSG]: <2 MOV,CONST,dst=r1,type=void,extra=class patdroid.core.PrimitiveInfo?2130903040> at de.ecspride.MainActivity/onCreate[android.os.Bundle]
Executor - [DEBUG]: Mov const begin <2 MOV,CONST,dst=r1,type=void,extra=class patdroid.core.PrimitiveInfo?2130903040>
Executor - [DEBUG]: data: 2130903040 class patdroid.core.PrimitiveInfo
DalvikVM - [BB]: fu.hao.trust.dvm.Executor$OP_MOV_CONST -> jump set pc to 3
PluginManager - [MSG]: TaintSumBranch Tainted Res: {}
Executor - [MSG]: 

Executor - [MSG]: <3 INVOKE,VIRTUAL,extra=[android.app.Activity/setContentView[int], [2, 1]]> at de.ecspride.MainActivity/onCreate[android.os.Bundle]
Executor - [MSG]: arg0 obj: Activity:instance number 1@de.ecspride.MainActivity
Executor - [DEBUG]: Reflction class: class android.app.Activity
Executor - [BB]: Normal args? true
Executor - [BB]: arg1@reg1: 2130903040
Executor - [DEBUG]: Expected para type: int
Executor - [DEBUG]: Real para int, value: 2130903040
Executor - [BB]: Nargs? true
Executor - [DEBUG]: Caller obj: Activity:instance number 1@de.ecspride.MainActivity, from class: class android.app.Activity
Executor - [MSG]: Reflction invocation public void android.app.Activity.setContentView(int)
DalvikVM - [BB]: Set reflective call: public void android.app.Activity.setContentView(int)
DalvikVM - [BB]: fu.hao.trust.dvm.Executor -> jump set pc to 4
TaintSumBranch - [BB]: <android.app.Activity: void setContentView(int)>
TaintSumBranch - [DEBUG]: Not a taint call: <android.app.Activity: void setContentView(int)>
PluginManager - [MSG]: TaintSumBranch Tainted Res: {}
Executor - [MSG]: 

Executor - [MSG]: <4 MOV,CONST,dst=r1,type=void,extra=class patdroid.core.PrimitiveInfo?2131230721> at de.ecspride.MainActivity/onCreate[android.os.Bundle]
Executor - [DEBUG]: Mov const begin <4 MOV,CONST,dst=r1,type=void,extra=class patdroid.core.PrimitiveInfo?2131230721>
DalvikVM - [BB]: ar1 (2130903040, void), (2131230721, void)
Executor - [DEBUG]: data: 2131230721 class patdroid.core.PrimitiveInfo
DalvikVM - [BB]: fu.hao.trust.dvm.Executor$OP_MOV_CONST -> jump set pc to 5
PluginManager - [MSG]: TaintSumBranch Tainted Res: {}
Executor - [MSG]: 

Executor - [MSG]: <5 INVOKE,VIRTUAL,extra=[android.app.Activity/findViewById[int], [2, 1]]> at de.ecspride.MainActivity/onCreate[android.os.Bundle]
Executor - [MSG]: arg0 obj: Activity:instance number 1@de.ecspride.MainActivity
Executor - [DEBUG]: Reflction class: class android.app.Activity
Executor - [BB]: Normal args? true
Executor - [BB]: arg1@reg1: 2131230721
Executor - [DEBUG]: Expected para type: int
Executor - [DEBUG]: Real para int, value: 2131230721
Executor - [BB]: Nargs? true
Executor - [DEBUG]: Caller obj: Activity:instance number 1@de.ecspride.MainActivity, from class: class android.app.Activity
GenInstance - [BB]: Gen view instance with android.widget.Button, id 2131230721
View - [BB]: New instance of android.widget.Button
Caller@4: <init>@fu.hao.trust.dvm.DVMObject - [BB]: getClass android.widget.Button at fu.hao.trust.dvm.VMHeap@1cfeaf9c
Caller: getClass@fu.hao.trust.dvm.VMHeap - [BB]: new class representation for android.widget.Button at fu.hao.trust.dvm.VMHeap@1cfeaf9c
Caller: <init>@fu.hao.trust.dvm.DVMObject - [BB]: Get DVMClass for type android.widget.Button
Caller@4: <init>@fu.hao.trust.dvm.DVMObject - [BB]: getClass android.widget.Button at fu.hao.trust.dvm.VMHeap@1cfeaf9c
View - [BB]: Try to call default constructor of android.widget.Button
Executor - [DEBUG]: Return data: instance number 1@android.widget.Button ,class android.view.View
Executor - [MSG]: Reflction invocation public android.view.View android.app.Activity.findViewById(int)
DalvikVM - [BB]: Set reflective call: public android.view.View android.app.Activity.findViewById(int)
DalvikVM - [BB]: fu.hao.trust.dvm.Executor -> jump set pc to 6
TaintSumBranch - [BB]: <android.app.Activity: android.view.View findViewById(int)>
TaintSumBranch - [DEBUG]: Not a taint call: <android.app.Activity: android.view.View findViewById(int)>
PluginManager - [MSG]: TaintSumBranch Tainted Res: {}
Executor - [MSG]: 

Executor - [MSG]: <6 MOV,RESULT,dst=r0,type=java.lang.Object> at de.ecspride.MainActivity/onCreate[android.os.Bundle]
OP_MOV_RESULT - [BB]: Result data: instance number 1@android.widget.Button
OP_MOV_RESULT - [DEBUG]: Result data: instance number 1@android.widget.Button, type: android.view.View, to [reg 0@MainActivity/onCreate]
DalvikVM - [BB]: fu.hao.trust.dvm.Executor$OP_MOV_RESULT -> jump set pc to 7
PluginManager - [MSG]: TaintSumBranch Tainted Res: {}
Executor - [MSG]: 

Executor - [MSG]: <7 ARITHMETIC,CHECK-AND-CAST,dst=r0,type=android.widget.Button> at de.ecspride.MainActivity/onCreate[android.os.Bundle]
DalvikVM - [BB]: fu.hao.trust.dvm.Executor$OP_ARITHETIC -> jump set pc to 8
OP_A_CHECKCAST - [WARN]: Not consistent type when cast! android.widget.Button, android.view.View
TaintSumBranch - [BB]: Not a taint op <7 ARITHMETIC,CHECK-AND-CAST,dst=r0,type=android.widget.Button>
PluginManager - [MSG]: TaintSumBranch Tainted Res: {}
Executor - [MSG]: 

Executor - [MSG]: <8 NEW,INSTANCE,dst=r1,type=de.ecspride.Button1Listener> at de.ecspride.MainActivity/onCreate[android.os.Bundle]
OP_NEW_INSTANCE - [DEBUG]: [reg 1@MainActivity/onCreate]
DalvikVM - [BB]: Superclass: de.ecspride.Button1Listener
DalvikVM - [BB]: Superclass: java.lang.Object
DVMObject - [BB]: New instance of de.ecspride.Button1Listener
Caller@4: <init>@fu.hao.trust.dvm.DVMObject - [BB]: getClass de.ecspride.Button1Listener at fu.hao.trust.dvm.VMHeap@1cfeaf9c
Caller: getClass@fu.hao.trust.dvm.VMHeap - [BB]: new class representation for de.ecspride.Button1Listener at fu.hao.trust.dvm.VMHeap@1cfeaf9c
Caller: <init>@fu.hao.trust.dvm.DVMObject - [BB]: Get DVMClass for type de.ecspride.Button1Listener
Caller@4: <init>@fu.hao.trust.dvm.DVMObject - [BB]: getClass de.ecspride.Button1Listener at fu.hao.trust.dvm.VMHeap@1cfeaf9c
DalvikVM - [BB]: ar1 (2131230721, void), (instance number 1@de.ecspride.Button1Listener, de.ecspride.Button1Listener)
OP_NEW_INSTANCE - [DEBUG]: New object of de.ecspride.Button1Listenercreated:instance number 1@de.ecspride.Button1Listener
DalvikVM - [BB]: fu.hao.trust.dvm.Executor$OP_NEW_INSTANCE -> jump set pc to 9
TaintSumBranch - [BB]: Rdst [reg 1@MainActivity/onCreate]
PluginManager - [MSG]: TaintSumBranch Tainted Res: {}
Executor - [MSG]: 

Executor - [MSG]: <9 INVOKE,DIRECT,extra=[de.ecspride.Button1Listener/<init>[de.ecspride.MainActivity], [1, 2]]> at de.ecspride.MainActivity/onCreate[android.os.Bundle]
Executor - [MSG]: arg0 obj: instance number 1@de.ecspride.Button1Listener
Executor - [WARN]: Reflection error: de.ecspride.Button1Listener
DalvikVM - [BB]: fu.hao.trust.dvm.Executor -> jump set pc to 10
DalvikVM - [BB]: New method call: de.ecspride.Button1Listener/<init>[de.ecspride.MainActivity]
DalvikVM - [BB]: [0]<0 SPECIAL,ARGUMENT_SET,extra=[0, 1]>
DalvikVM - [BB]: [1]<0 INVOKE,DIRECT,extra=[java.lang.Object/<init>[], [0]]>
DalvikVM - [BB]: [2]<0 INSTANCE,IPUT,r0=r0,r1=r1,type=java.lang.Object,extra=de.ecspride.Button1Listener.act>
DalvikVM - [BB]: [3]<0 RETURN,VOID>
newStackFrame - [BB]: New Stack Frame: StackFrame de.ecspride.Button1Listener/<init>[de.ecspride.MainActivity], pc 10 stored. 
newStackFrame - [BB]: Add frame StackFrame de.ecspride.Button1Listener/<init>[de.ecspride.MainActivity]
newStackFrame - [BB]: Stack: [StackFrame de.ecspride.MainActivity/onCreate[android.os.Bundle], StackFrame de.ecspride.Button1Listener/<init>[de.ecspride.MainActivity]]
TaintSumBranch - [BB]: <de.ecspride.Button1Listener: void <init>(de.ecspride.MainActivity)>
TaintSumBranch - [DEBUG]: Not a taint call: <de.ecspride.Button1Listener: void <init>(de.ecspride.MainActivity)>
PluginManager - [MSG]: TaintSumBranch Tainted Res: {}
DalvikVM - [BB]: fu.hao.trust.dvm.Executor -> execute set pc to 0
Executor - [MSG]: 

Executor - [MSG]: <0 SPECIAL,ARGUMENT_SET,extra=[0, 1]> at de.ecspride.Button1Listener/<init>[de.ecspride.MainActivity]
Executor - [DEBUG]: params: instance number 1@de.ecspride.Button1Listener
Executor - [DEBUG]: params: Activity:instance number 1@de.ecspride.MainActivity
DalvikVM - [BB]: fu.hao.trust.dvm.Executor$OP_SP_ARGUMENTS -> jump set pc to 1
PluginManager - [MSG]: TaintSumBranch Tainted Res: {}
Executor - [MSG]: 

Executor - [MSG]: <1 INVOKE,DIRECT,extra=[java.lang.Object/<init>[], [0]]> at de.ecspride.Button1Listener/<init>[de.ecspride.MainActivity]
Executor - [MSG]: arg0 obj: instance number 1@de.ecspride.Button1Listener
Executor - [BB]: java.lang.Object/<init>[] is a constructor!
Executor - [WARN]: Reflection error: de.ecspride.Button1Listener
DalvikVM - [BB]: fu.hao.trust.dvm.Executor -> jump set pc to 2
TaintSumBranch - [BB]: <java.lang.Object: void <init>()>
TaintSumBranch - [DEBUG]: Not a taint call: <java.lang.Object: void <init>()>
PluginManager - [MSG]: TaintSumBranch Tainted Res: {}
Executor - [MSG]: 

Executor - [MSG]: <2 INSTANCE,IPUT,r0=r0,r1=r1,type=java.lang.Object,extra=de.ecspride.Button1Listener.act> at de.ecspride.Button1Listener/<init>[de.ecspride.MainActivity]
class fu.hao.trust.dvm.Executor$OP_INSTANCE_PUT_FIELD - [BB]: field de.ecspride.Button1Listener.act
class fu.hao.trust.dvm.Executor$OP_INSTANCE_PUT_FIELD - [BB]: Target obj instance number 1@de.ecspride.Button1Listener
DVMObject - [DEBUG]: put field Activity:instance number 1@de.ecspride.MainActivity
class fu.hao.trust.dvm.Executor$OP_INSTANCE_PUT_FIELD - [MSG]: Put data Activity:instance number 1@de.ecspride.MainActivity to the field of instance number 1@de.ecspride.Button1Listener
DalvikVM - [BB]: fu.hao.trust.dvm.Executor$OP_INSTANCE_PUT_FIELD -> jump set pc to 3
PluginManager - [MSG]: TaintSumBranch Tainted Res: {}
Executor - [MSG]: 

Executor - [MSG]: <3 RETURN,VOID> at de.ecspride.Button1Listener/<init>[de.ecspride.MainActivity]
class fu.hao.trust.dvm.Executor$OP_RETURN_VOID - [DEBUG]: Return void
DalvikVM - [BB]: stack [StackFrame de.ecspride.MainActivity/onCreate[android.os.Bundle]]
DalvikVM - [BB]: Back to the last stack frame.StackFrame de.ecspride.MainActivity/onCreate[android.os.Bundle]
PluginManager - [MSG]: TaintSumBranch Tainted Res: {}
Executor - [MSG]: 

Executor - [MSG]: <10 HALT,VIRTUAL,extra=[null, [0, 1]]> at de.ecspride.MainActivity/onCreate[android.os.Bundle]
DalvikVM - [BB]: fu.hao.trust.dvm.Executor$OP_HALT -> jump set pc to 11
Executor - [MSG]: Cannot resolve the invocation
TaintSumBranch - [BB]: Not a taint op <10 HALT,VIRTUAL,extra=[null, [0, 1]]>
PluginManager - [MSG]: TaintSumBranch Tainted Res: {}
Executor - [MSG]: 

Executor - [MSG]: <11 RETURN,VOID> at de.ecspride.MainActivity/onCreate[android.os.Bundle]
class fu.hao.trust.dvm.Executor$OP_RETURN_VOID - [DEBUG]: Return void
DalvikVM - [BB]: stack []
DalvikVM - [BB]: Back to the last stack frame.null
Executor - [MSG]: RUN DONE! The last one is null
DalvikVM - [MSG]: FINISHED!

main - [MSG]: output/Button3.apk\Button3.apk_SrcTaintedFields.csv
main - [MSG]: Analysis has run for 2.331986585 seconds

main - [DEBUG]: Entry event: (de.ecspride.Button2Listener, onClick)
DalvikVM - [MSG]: Begin run onClick at C:\Users\hao\workspace\DroidBenchProj\Button3\app\Button3.apk
DalvikVM - [MSG]: RUN Method de.ecspride.Button2Listener/onClick[android.view.View]
Executor - [DEBUG]: Read manifest csv: output/Button3.apk\Button3.apk_manifest.csv
DalvikVM - [BB]: New method call: de.ecspride.Button2Listener/onClick[android.view.View]
DalvikVM - [BB]: [0]<0 SPECIAL,ARGUMENT_SET,extra=[6, 7]>
DalvikVM - [BB]: [1]<0 MOV,CONST,dst=r2,type=void,extra=class patdroid.core.PrimitiveInfo?0>
DalvikVM - [BB]: [2]<1 MOV,CONST,dst=r1,type=java.lang.String,extra="TAG">
DalvikVM - [BB]: [3]<0 NEW,INSTANCE,dst=r3,type=java.lang.StringBuilder>
DalvikVM - [BB]: [4]<0 INVOKE,DIRECT,extra=[java.lang.StringBuilder/<init>[], [3]]>
DalvikVM - [BB]: [5]<4 MOV,CONST,dst=r4,type=java.lang.String,extra="Button2 - IMEI: ">
DalvikVM - [BB]: [6]<0 INVOKE,VIRTUAL,extra=[java.lang.StringBuilder/append[java.lang.String], [3, 4]]>
DalvikVM - [BB]: [7]<0 MOV,RESULT,dst=r3,type=java.lang.Object>
DalvikVM - [BB]: [8]<0 INSTANCE,IGET,r0=r6,r1=r4,type=java.lang.Object,extra=de.ecspride.Button2Listener.act>
DalvikVM - [BB]: [9]<0 INSTANCE,IGET,r0=r4,r1=r4,type=java.lang.Object,extra=de.ecspride.MainActivity.imei>
DalvikVM - [BB]: [10]<0 INVOKE,VIRTUAL,extra=[java.lang.StringBuilder/append[java.lang.String], [3, 4]]>
DalvikVM - [BB]: [11]<0 MOV,RESULT,dst=r3,type=java.lang.Object>
DalvikVM - [BB]: [12]<0 INVOKE,VIRTUAL,extra=[java.lang.StringBuilder/toString[], [3]]>
DalvikVM - [BB]: [13]<0 MOV,RESULT,dst=r3,type=java.lang.Object>
DalvikVM - [BB]: [14]<0 INVOKE,STATIC,extra=[android.util.Log/i[java.lang.String, java.lang.String], [1, 3]]>
DalvikVM - [BB]: [15]<0 INVOKE,STATIC,extra=[android.telephony.SmsManager/getDefault[], []]>
DalvikVM - [BB]: [16]<0 MOV,RESULT,dst=r0,type=java.lang.Object>
DalvikVM - [BB]: [17]<16 MOV,CONST,dst=r1,type=java.lang.String,extra="+49">
DalvikVM - [BB]: [18]<0 INSTANCE,IGET,r0=r6,r1=r3,type=java.lang.Object,extra=de.ecspride.Button2Listener.act>
DalvikVM - [BB]: [19]<0 INSTANCE,IGET,r0=r3,r1=r3,type=java.lang.Object,extra=de.ecspride.MainActivity.imei>
DalvikVM - [BB]: [20]<0 MOV,REG,dst=r4,r0=r2,type=java.lang.Object>
DalvikVM - [BB]: [21]<0 MOV,REG,dst=r5,r0=r2,type=java.lang.Object>
DalvikVM - [BB]: [22]<0 INVOKE,VIRTUAL,extra=[android.telephony.SmsManager/sendTextMessage[java.lang.String, java.lang.String, java.lang.String, android.app.PendingIntent, android.app.PendingIntent], [0, 1, 2, 3, 4, 5]]>
DalvikVM - [BB]: [23]<0 RETURN,VOID>
newStackFrame - [BB]: New Stack Frame: StackFrame de.ecspride.Button2Listener/onClick[android.view.View]
newStackFrame - [BB]: Add frame StackFrame de.ecspride.Button2Listener/onClick[android.view.View]
newStackFrame - [BB]: Stack: [StackFrame de.ecspride.Button2Listener/onClick[android.view.View]]
Executor - [MSG]: New chain obj with type de.ecspride.Button2Listener
DalvikVM - [BB]: Superclass: de.ecspride.Button2Listener
DalvikVM - [BB]: Superclass: java.lang.Object
DVMObject - [BB]: New instance of de.ecspride.Button2Listener
Caller@4: <init>@fu.hao.trust.dvm.DVMObject - [BB]: getClass de.ecspride.Button2Listener at fu.hao.trust.dvm.VMHeap@23451c74
Caller: getClass@fu.hao.trust.dvm.VMHeap - [BB]: new class representation for de.ecspride.Button2Listener at fu.hao.trust.dvm.VMHeap@23451c74
Caller: <init>@fu.hao.trust.dvm.DVMObject - [BB]: Get DVMClass for type de.ecspride.Button2Listener
Caller@4: <init>@fu.hao.trust.dvm.DVMObject - [BB]: getClass de.ecspride.Button2Listener at fu.hao.trust.dvm.VMHeap@23451c74
Executor - [MSG]: RUN BEGIN de.ecspride.Button2Listener/onClick[android.view.View]
DalvikVM - [BB]: fu.hao.trust.dvm.Executor -> execute set pc to 0
Executor - [MSG]: 

Executor - [MSG]: <0 SPECIAL,ARGUMENT_SET,extra=[6, 7]> at de.ecspride.Button2Listener/onClick[android.view.View]
Executor - [WARN]: NULL CallingCtx!
Executor - [DEBUG]: args: instance number 1@de.ecspride.Button2Listener
Executor - [BB]: Start param from 1
GenInstance - [BB]: Gen view instance with android.view.View, id -1
View - [BB]: New instance of android.view.View
Caller@4: <init>@fu.hao.trust.dvm.DVMObject - [BB]: getClass android.view.View at fu.hao.trust.dvm.VMHeap@23451c74
Caller: getClass@fu.hao.trust.dvm.VMHeap - [BB]: new class representation for android.view.View at fu.hao.trust.dvm.VMHeap@23451c74
Caller@4: <init>@fu.hao.trust.dvm.DVMClass - [BB]: getClass fu.hao.trust.dvm.DVMObject at fu.hao.trust.dvm.VMHeap@23451c74
Caller: getClass@fu.hao.trust.dvm.VMHeap - [BB]: new class representation for fu.hao.trust.dvm.DVMObject at fu.hao.trust.dvm.VMHeap@23451c74
Caller: <init>@fu.hao.trust.dvm.DVMClass - [BB]: Get DVMClass for type fu.hao.trust.dvm.DVMObject
Caller@4: <init>@fu.hao.trust.dvm.DVMClass - [BB]: getClass fu.hao.trust.dvm.DVMObject at fu.hao.trust.dvm.VMHeap@23451c74
Caller: <init>@fu.hao.trust.dvm.DVMObject - [BB]: Get DVMClass for type android.view.View
Caller@4: <init>@fu.hao.trust.dvm.DVMObject - [BB]: getClass android.view.View at fu.hao.trust.dvm.VMHeap@23451c74
Executor - [DEBUG]: args: instance number 1@android.view.View
DalvikVM - [BB]: fu.hao.trust.dvm.Executor$OP_SP_ARGUMENTS -> jump set pc to 1
PluginManager - [MSG]: TaintSumBranch Tainted Res: {}
Executor - [MSG]: 

Executor - [MSG]: <1 MOV,CONST,dst=r2,type=void,extra=class patdroid.core.PrimitiveInfo?0> at de.ecspride.Button2Listener/onClick[android.view.View]
Executor - [DEBUG]: Mov const begin <1 MOV,CONST,dst=r2,type=void,extra=class patdroid.core.PrimitiveInfo?0>
Executor - [DEBUG]: data: 0 class patdroid.core.PrimitiveInfo
DalvikVM - [BB]: fu.hao.trust.dvm.Executor$OP_MOV_CONST -> jump set pc to 2
PluginManager - [MSG]: TaintSumBranch Tainted Res: {}
Executor - [MSG]: 

Executor - [MSG]: <2 MOV,CONST,dst=r1,type=java.lang.String,extra="TAG"> at de.ecspride.Button2Listener/onClick[android.view.View]
Executor - [DEBUG]: Mov const begin <2 MOV,CONST,dst=r1,type=java.lang.String,extra="TAG">
Executor - [DEBUG]: data: TAG class java.lang.String
DalvikVM - [BB]: fu.hao.trust.dvm.Executor$OP_MOV_CONST -> jump set pc to 3
PluginManager - [MSG]: TaintSumBranch Tainted Res: {}
Executor - [MSG]: 

Executor - [MSG]: <3 NEW,INSTANCE,dst=r3,type=java.lang.StringBuilder> at de.ecspride.Button2Listener/onClick[android.view.View]
OP_NEW_INSTANCE - [DEBUG]: [reg 3@Button2Listener/onClick]
OP_NEW_INSTANCE - [BB]: Reflecable instance.
DalvikVM - [BB]: fu.hao.trust.dvm.Executor$OP_NEW_INSTANCE -> jump set pc to 4
TaintSumBranch - [BB]: Rdst [reg 3@Button2Listener/onClick]
PluginManager - [MSG]: TaintSumBranch Tainted Res: {}
Executor - [MSG]: 

Executor - [MSG]: <4 INVOKE,DIRECT,extra=[java.lang.StringBuilder/<init>[], [3]]> at de.ecspride.Button2Listener/onClick[android.view.View]
Executor - [MSG]: arg0 obj: null
Executor - [BB]: java.lang.StringBuilder/<init>[] is a constructor!
DalvikVM - [BB]: ar3 (null, java.lang.StringBuilder), (, void)
Executor - [DEBUG]: Reflected init instance: , class java.lang.StringBuilder
DalvikVM - [BB]: fu.hao.trust.dvm.Executor -> jump set pc to 5
TaintSumBranch - [BB]: <java.lang.StringBuilder: void <init>()>
TaintSumBranch - [DEBUG]: Not a taint call: <java.lang.StringBuilder: void <init>()>
PluginManager - [MSG]: TaintSumBranch Tainted Res: {}
Executor - [MSG]: 

Executor - [MSG]: <5 MOV,CONST,dst=r4,type=java.lang.String,extra="Button2 - IMEI: "> at de.ecspride.Button2Listener/onClick[android.view.View]
Executor - [DEBUG]: Mov const begin <5 MOV,CONST,dst=r4,type=java.lang.String,extra="Button2 - IMEI: ">
Executor - [DEBUG]: data: Button2 - IMEI:  class java.lang.String
DalvikVM - [BB]: fu.hao.trust.dvm.Executor$OP_MOV_CONST -> jump set pc to 6
PluginManager - [MSG]: TaintSumBranch Tainted Res: {}
Executor - [MSG]: 

Executor - [MSG]: <6 INVOKE,VIRTUAL,extra=[java.lang.StringBuilder/append[java.lang.String], [3, 4]]> at de.ecspride.Button2Listener/onClick[android.view.View]
Executor - [MSG]: arg0 obj: 
Executor - [DEBUG]: Reflction class: class java.lang.StringBuilder
Executor - [BB]: Normal args? true
Executor - [BB]: arg1@reg4: Button2 - IMEI: 
Executor - [BB]: Nargs? true
Executor - [DEBUG]: Caller obj: , from class: class java.lang.StringBuilder
Executor - [DEBUG]: Return data: Button2 - IMEI:  ,class java.lang.StringBuilder
Executor - [MSG]: Reflction invocation public java.lang.StringBuilder java.lang.StringBuilder.append(java.lang.String)
DalvikVM - [BB]: Set reflective call: public java.lang.StringBuilder java.lang.StringBuilder.append(java.lang.String)
Unknown - [BB]: Unknown created!
DalvikVM - [BB]: ar-1 (Button2 - IMEI: , java.lang.StringBuilder), ([Unknown var:Button2 - IMEI: , type: java.lang.StringBuilder], java.lang.StringBuilder)
DalvikVM - [BB]: fu.hao.trust.dvm.Executor -> jump set pc to 7
TaintSumBranch - [BB]: <java.lang.StringBuilder: java.lang.StringBuilder append(java.lang.String)>
TaintSumBranch - [DEBUG]: Not a taint call: <java.lang.StringBuilder: java.lang.StringBuilder append(java.lang.String)>
PluginManager - [MSG]: TaintSumBranch Tainted Res: {}
Executor - [MSG]: 

Executor - [MSG]: <7 MOV,RESULT,dst=r3,type=java.lang.Object> at de.ecspride.Button2Listener/onClick[android.view.View]
DalvikVM - [BB]: ar3 (Button2 - IMEI: , void), ([Unknown var:Button2 - IMEI: , type: java.lang.StringBuilder], java.lang.StringBuilder)
OP_MOV_RESULT - [BB]: Result data: [Unknown var:Button2 - IMEI: , type: java.lang.StringBuilder]
OP_MOV_RESULT - [DEBUG]: Result data: [Unknown var:Button2 - IMEI: , type: java.lang.StringBuilder], type: java.lang.StringBuilder, to [reg 3@Button2Listener/onClick]
DalvikVM - [BB]: fu.hao.trust.dvm.Executor$OP_MOV_RESULT -> jump set pc to 8
PluginManager - [MSG]: TaintSumBranch Tainted Res: {}
Executor - [MSG]: 

Executor - [MSG]: <8 INSTANCE,IGET,r0=r6,r1=r4,type=java.lang.Object,extra=de.ecspride.Button2Listener.act> at de.ecspride.Button2Listener/onClick[android.view.View]
class fu.hao.trust.dvm.Executor$OP_INSTANCE_GET_FIELD - [BB]: obj instance number 1@de.ecspride.Button2Listener
class fu.hao.trust.dvm.Executor$OP_INSTANCE_GET_FIELD - [BB]: fieldinfo de.ecspride.Button2Listener.act
DalvikVM - [BB]: Superclass: de.ecspride.MainActivity
Activity - [BB]: New instance of de.ecspride.MainActivity
Caller@4: <init>@fu.hao.trust.dvm.DVMObject - [BB]: getClass de.ecspride.MainActivity at fu.hao.trust.dvm.VMHeap@23451c74
Caller: getClass@fu.hao.trust.dvm.VMHeap - [BB]: new class representation for de.ecspride.MainActivity at fu.hao.trust.dvm.VMHeap@23451c74
Caller@4: <init>@fu.hao.trust.dvm.DVMClass - [BB]: getClass android.app.Activity at fu.hao.trust.dvm.VMHeap@23451c74
Caller: getClass@fu.hao.trust.dvm.VMHeap - [BB]: new class representation for android.app.Activity at fu.hao.trust.dvm.VMHeap@23451c74
Caller@4: <init>@fu.hao.trust.dvm.DVMClass - [BB]: getClass android.content.ContextWrapper at fu.hao.trust.dvm.VMHeap@23451c74
Caller: getClass@fu.hao.trust.dvm.VMHeap - [BB]: new class representation for android.content.ContextWrapper at fu.hao.trust.dvm.VMHeap@23451c74
Caller@4: <init>@fu.hao.trust.dvm.DVMClass - [BB]: getClass android.content.Context at fu.hao.trust.dvm.VMHeap@23451c74
Caller: getClass@fu.hao.trust.dvm.VMHeap - [BB]: new class representation for android.content.Context at fu.hao.trust.dvm.VMHeap@23451c74
Caller@4: <init>@fu.hao.trust.dvm.DVMClass - [BB]: getClass fu.hao.trust.dvm.DVMObject at fu.hao.trust.dvm.VMHeap@23451c74
Caller: <init>@fu.hao.trust.dvm.DVMClass - [BB]: Get DVMClass for type fu.hao.trust.dvm.DVMObject
Caller@4: <init>@fu.hao.trust.dvm.DVMClass - [BB]: getClass fu.hao.trust.dvm.DVMObject at fu.hao.trust.dvm.VMHeap@23451c74
Caller: <init>@fu.hao.trust.dvm.DVMClass - [BB]: Get DVMClass for type android.content.Context
Caller@4: <init>@fu.hao.trust.dvm.DVMClass - [BB]: getClass android.content.Context at fu.hao.trust.dvm.VMHeap@23451c74
Caller: <init>@fu.hao.trust.dvm.DVMClass - [BB]: Get DVMClass for type android.content.ContextWrapper
Caller@4: <init>@fu.hao.trust.dvm.DVMClass - [BB]: getClass android.content.ContextWrapper at fu.hao.trust.dvm.VMHeap@23451c74
Caller: <init>@fu.hao.trust.dvm.DVMClass - [BB]: Get DVMClass for type android.app.Activity
Caller@4: <init>@fu.hao.trust.dvm.DVMClass - [BB]: getClass android.app.Activity at fu.hao.trust.dvm.VMHeap@23451c74
Caller: <init>@fu.hao.trust.dvm.DVMObject - [BB]: Get DVMClass for type de.ecspride.MainActivity
Caller@4: <init>@fu.hao.trust.dvm.DVMObject - [BB]: getClass de.ecspride.MainActivity at fu.hao.trust.dvm.VMHeap@23451c74
Activity - [BB]: Not empty constructor
DalvikVM - [BB]: New method call: de.ecspride.MainActivity/<init>[]
DalvikVM - [BB]: [0]<0 SPECIAL,ARGUMENT_SET,extra=[1]>
DalvikVM - [BB]: [1]<0 INVOKE,DIRECT,extra=[java.lang.Object/<init>[], [1]]>
DalvikVM - [BB]: [2]<1 MOV,CONST,dst=r0,type=java.lang.String,extra="">
DalvikVM - [BB]: [3]<0 INSTANCE,IPUT,r0=r1,r1=r0,type=java.lang.Object,extra=de.ecspride.MainActivity.imei>
DalvikVM - [BB]: [4]<0 RETURN,VOID>
newStackFrame - [BB]: New Stack Frame: StackFrame de.ecspride.MainActivity/<init>[], pc 8 stored. 
newStackFrame - [BB]: Stack: [StackFrame de.ecspride.Button2Listener/onClick[android.view.View]]
DalvikVM - [MSG]: Begin run instrumented methods!
DalvikVM - [MSG]: <8 INSTANCE,IGET,r0=r6,r1=r4,type=java.lang.Object,extra=de.ecspride.Button2Listener.act>
DalvikVM - [BB]: Add frames [StackFrame de.ecspride.MainActivity/<init>[]]
DalvikVM - [BB]: fu.hao.trust.dvm.DalvikVM -> runInstrumentedMethods set pc to 0
Executor - [MSG]: 

Executor - [MSG]: <0 SPECIAL,ARGUMENT_SET,extra=[1]> at de.ecspride.MainActivity/<init>[]
Executor - [DEBUG]: params: Activity:instance number 1@de.ecspride.MainActivity
DalvikVM - [BB]: fu.hao.trust.dvm.Executor$OP_SP_ARGUMENTS -> jump set pc to 1
PluginManager - [MSG]: TaintSumBranch Tainted Res: {}
Executor - [MSG]: 

Executor - [MSG]: <1 INVOKE,DIRECT,extra=[java.lang.Object/<init>[], [1]]> at de.ecspride.MainActivity/<init>[]
Executor - [MSG]: arg0 obj: Activity:instance number 1@de.ecspride.MainActivity
Executor - [BB]: java.lang.Object/<init>[] is a constructor!
Executor - [WARN]: Reflection error: de.ecspride.MainActivity
DalvikVM - [BB]: fu.hao.trust.dvm.Executor -> jump set pc to 2
TaintSumBranch - [BB]: <java.lang.Object: void <init>()>
TaintSumBranch - [DEBUG]: Not a taint call: <java.lang.Object: void <init>()>
PluginManager - [MSG]: TaintSumBranch Tainted Res: {}
Executor - [MSG]: 

Executor - [MSG]: <2 MOV,CONST,dst=r0,type=java.lang.String,extra=""> at de.ecspride.MainActivity/<init>[]
Executor - [DEBUG]: Mov const begin <2 MOV,CONST,dst=r0,type=java.lang.String,extra="">
Executor - [DEBUG]: data:  class java.lang.String
DalvikVM - [BB]: fu.hao.trust.dvm.Executor$OP_MOV_CONST -> jump set pc to 3
PluginManager - [MSG]: TaintSumBranch Tainted Res: {}
Executor - [MSG]: 

Executor - [MSG]: <3 INSTANCE,IPUT,r0=r1,r1=r0,type=java.lang.Object,extra=de.ecspride.MainActivity.imei> at de.ecspride.MainActivity/<init>[]
class fu.hao.trust.dvm.Executor$OP_INSTANCE_PUT_FIELD - [BB]: field de.ecspride.MainActivity.imei
class fu.hao.trust.dvm.Executor$OP_INSTANCE_PUT_FIELD - [BB]: Target obj Activity:instance number 1@de.ecspride.MainActivity
Activity - [DEBUG]: put field 
class fu.hao.trust.dvm.Executor$OP_INSTANCE_PUT_FIELD - [MSG]: Put data  to the field of Activity:instance number 1@de.ecspride.MainActivity
DalvikVM - [BB]: fu.hao.trust.dvm.Executor$OP_INSTANCE_PUT_FIELD -> jump set pc to 4
PluginManager - [MSG]: TaintSumBranch Tainted Res: {}
Executor - [MSG]: 

Executor - [MSG]: <4 RETURN,VOID> at de.ecspride.MainActivity/<init>[]
class fu.hao.trust.dvm.Executor$OP_RETURN_VOID - [DEBUG]: Return void
DalvikVM - [BB]: stack [StackFrame de.ecspride.Button2Listener/onClick[android.view.View]]
DalvikVM - [BB]: Back to the last stack frame.StackFrame de.ecspride.Button2Listener/onClick[android.view.View]
PluginManager - [MSG]: TaintSumBranch Tainted Res: {}
DalvikVM - [MSG]: Finish running instrumented methods! Back to StackFrame de.ecspride.Button2Listener/onClick[android.view.View]
Activity - [BB]: New Activity Created with type de.ecspride.MainActivity
DalvikVM - [BB]: New method call: de.ecspride.MainActivity/onCreate[android.os.Bundle]
DalvikVM - [BB]: [0]<0 SPECIAL,ARGUMENT_SET,extra=[2, 3]>
DalvikVM - [BB]: [1]<0 HALT,SUPER,extra=[null, [2, 3]]>
DalvikVM - [BB]: [2]<1 MOV,CONST,dst=r1,type=void,extra=class patdroid.core.PrimitiveInfo?2130903040>
DalvikVM - [BB]: [3]<0 INVOKE,VIRTUAL,extra=[android.app.Activity/setContentView[int], [2, 1]]>
DalvikVM - [BB]: [4]<3 MOV,CONST,dst=r1,type=void,extra=class patdroid.core.PrimitiveInfo?2131230721>
DalvikVM - [BB]: [5]<0 INVOKE,VIRTUAL,extra=[android.app.Activity/findViewById[int], [2, 1]]>
DalvikVM - [BB]: [6]<0 MOV,RESULT,dst=r0,type=java.lang.Object>
DalvikVM - [BB]: [7]<0 ARITHMETIC,CHECK-AND-CAST,dst=r0,type=android.widget.Button>
DalvikVM - [BB]: [8]<0 NEW,INSTANCE,dst=r1,type=de.ecspride.Button1Listener>
DalvikVM - [BB]: [9]<0 INVOKE,DIRECT,extra=[de.ecspride.Button1Listener/<init>[de.ecspride.MainActivity], [1, 2]]>
DalvikVM - [BB]: [10]<0 HALT,VIRTUAL,extra=[null, [0, 1]]>
DalvikVM - [BB]: [11]<0 RETURN,VOID>
newStackFrame - [BB]: New Stack Frame: StackFrame de.ecspride.MainActivity/onCreate[android.os.Bundle], pc 8 stored. 
newStackFrame - [BB]: Stack: [StackFrame de.ecspride.Button2Listener/onClick[android.view.View]]
Activity - [BB]: Intent null
DalvikVM - [MSG]: Begin run instrumented methods!
DalvikVM - [MSG]: <4 INVOKE,DIRECT,extra=[java.lang.StringBuilder/<init>[], [3]]>
DalvikVM - [BB]: Add frames [StackFrame de.ecspride.MainActivity/onCreate[android.os.Bundle]]
DalvikVM - [BB]: fu.hao.trust.dvm.DalvikVM -> runInstrumentedMethods set pc to 0
Executor - [MSG]: 

Executor - [MSG]: <0 SPECIAL,ARGUMENT_SET,extra=[2, 3]> at de.ecspride.MainActivity/onCreate[android.os.Bundle]
Executor - [DEBUG]: params: Activity:instance number 1@de.ecspride.MainActivity
Executor - [DEBUG]: params: Empty!
DalvikVM - [BB]: fu.hao.trust.dvm.Executor$OP_SP_ARGUMENTS -> jump set pc to 1
PluginManager - [MSG]: TaintSumBranch Tainted Res: {}
Executor - [MSG]: 

Executor - [MSG]: <1 HALT,SUPER,extra=[null, [2, 3]]> at de.ecspride.MainActivity/onCreate[android.os.Bundle]
DalvikVM - [BB]: fu.hao.trust.dvm.Executor$OP_HALT -> jump set pc to 2
Executor - [MSG]: Cannot resolve the invocation
TaintSumBranch - [BB]: Not a taint op <1 HALT,SUPER,extra=[null, [2, 3]]>
PluginManager - [MSG]: TaintSumBranch Tainted Res: {}
Executor - [MSG]: 

Executor - [MSG]: <2 MOV,CONST,dst=r1,type=void,extra=class patdroid.core.PrimitiveInfo?2130903040> at de.ecspride.MainActivity/onCreate[android.os.Bundle]
Executor - [DEBUG]: Mov const begin <2 MOV,CONST,dst=r1,type=void,extra=class patdroid.core.PrimitiveInfo?2130903040>
Executor - [DEBUG]: data: 2130903040 class patdroid.core.PrimitiveInfo
DalvikVM - [BB]: fu.hao.trust.dvm.Executor$OP_MOV_CONST -> jump set pc to 3
PluginManager - [MSG]: TaintSumBranch Tainted Res: {}
Executor - [MSG]: 

Executor - [MSG]: <3 INVOKE,VIRTUAL,extra=[android.app.Activity/setContentView[int], [2, 1]]> at de.ecspride.MainActivity/onCreate[android.os.Bundle]
Executor - [MSG]: arg0 obj: Activity:instance number 1@de.ecspride.MainActivity
Executor - [DEBUG]: Reflction class: class android.app.Activity
Executor - [BB]: Normal args? true
Executor - [BB]: arg1@reg1: 2130903040
Executor - [DEBUG]: Expected para type: int
Executor - [DEBUG]: Real para int, value: 2130903040
Executor - [BB]: Nargs? true
Executor - [DEBUG]: Caller obj: Activity:instance number 1@de.ecspride.MainActivity, from class: class android.app.Activity
Executor - [MSG]: Reflction invocation public void android.app.Activity.setContentView(int)
DalvikVM - [BB]: Set reflective call: public void android.app.Activity.setContentView(int)
DalvikVM - [BB]: fu.hao.trust.dvm.Executor -> jump set pc to 4
TaintSumBranch - [BB]: <android.app.Activity: void setContentView(int)>
TaintSumBranch - [DEBUG]: Not a taint call: <android.app.Activity: void setContentView(int)>
PluginManager - [MSG]: TaintSumBranch Tainted Res: {}
Executor - [MSG]: 

Executor - [MSG]: <4 MOV,CONST,dst=r1,type=void,extra=class patdroid.core.PrimitiveInfo?2131230721> at de.ecspride.MainActivity/onCreate[android.os.Bundle]
Executor - [DEBUG]: Mov const begin <4 MOV,CONST,dst=r1,type=void,extra=class patdroid.core.PrimitiveInfo?2131230721>
DalvikVM - [BB]: ar1 (2130903040, void), (2131230721, void)
Executor - [DEBUG]: data: 2131230721 class patdroid.core.PrimitiveInfo
DalvikVM - [BB]: fu.hao.trust.dvm.Executor$OP_MOV_CONST -> jump set pc to 5
PluginManager - [MSG]: TaintSumBranch Tainted Res: {}
Executor - [MSG]: 

Executor - [MSG]: <5 INVOKE,VIRTUAL,extra=[android.app.Activity/findViewById[int], [2, 1]]> at de.ecspride.MainActivity/onCreate[android.os.Bundle]
Executor - [MSG]: arg0 obj: Activity:instance number 1@de.ecspride.MainActivity
Executor - [DEBUG]: Reflction class: class android.app.Activity
Executor - [BB]: Normal args? true
Executor - [BB]: arg1@reg1: 2131230721
Executor - [DEBUG]: Expected para type: int
Executor - [DEBUG]: Real para int, value: 2131230721
Executor - [BB]: Nargs? true
Executor - [DEBUG]: Caller obj: Activity:instance number 1@de.ecspride.MainActivity, from class: class android.app.Activity
GenInstance - [BB]: Gen view instance with android.widget.Button, id 2131230721
View - [BB]: New instance of android.widget.Button
Caller@4: <init>@fu.hao.trust.dvm.DVMObject - [BB]: getClass android.widget.Button at fu.hao.trust.dvm.VMHeap@23451c74
Caller: getClass@fu.hao.trust.dvm.VMHeap - [BB]: new class representation for android.widget.Button at fu.hao.trust.dvm.VMHeap@23451c74
Caller: <init>@fu.hao.trust.dvm.DVMObject - [BB]: Get DVMClass for type android.widget.Button
Caller@4: <init>@fu.hao.trust.dvm.DVMObject - [BB]: getClass android.widget.Button at fu.hao.trust.dvm.VMHeap@23451c74
View - [BB]: Try to call default constructor of android.widget.Button
Executor - [DEBUG]: Return data: instance number 1@android.widget.Button ,class android.view.View
Executor - [MSG]: Reflction invocation public android.view.View android.app.Activity.findViewById(int)
DalvikVM - [BB]: Set reflective call: public android.view.View android.app.Activity.findViewById(int)
DalvikVM - [BB]: fu.hao.trust.dvm.Executor -> jump set pc to 6
TaintSumBranch - [BB]: <android.app.Activity: android.view.View findViewById(int)>
TaintSumBranch - [DEBUG]: Not a taint call: <android.app.Activity: android.view.View findViewById(int)>
PluginManager - [MSG]: TaintSumBranch Tainted Res: {}
Executor - [MSG]: 

Executor - [MSG]: <6 MOV,RESULT,dst=r0,type=java.lang.Object> at de.ecspride.MainActivity/onCreate[android.os.Bundle]
OP_MOV_RESULT - [BB]: Result data: instance number 1@android.widget.Button
OP_MOV_RESULT - [DEBUG]: Result data: instance number 1@android.widget.Button, type: android.view.View, to [reg 0@MainActivity/onCreate]
DalvikVM - [BB]: fu.hao.trust.dvm.Executor$OP_MOV_RESULT -> jump set pc to 7
PluginManager - [MSG]: TaintSumBranch Tainted Res: {}
Executor - [MSG]: 

Executor - [MSG]: <7 ARITHMETIC,CHECK-AND-CAST,dst=r0,type=android.widget.Button> at de.ecspride.MainActivity/onCreate[android.os.Bundle]
DalvikVM - [BB]: fu.hao.trust.dvm.Executor$OP_ARITHETIC -> jump set pc to 8
OP_A_CHECKCAST - [WARN]: Not consistent type when cast! android.widget.Button, android.view.View
TaintSumBranch - [BB]: Not a taint op <7 ARITHMETIC,CHECK-AND-CAST,dst=r0,type=android.widget.Button>
PluginManager - [MSG]: TaintSumBranch Tainted Res: {}
Executor - [MSG]: 

Executor - [MSG]: <8 NEW,INSTANCE,dst=r1,type=de.ecspride.Button1Listener> at de.ecspride.MainActivity/onCreate[android.os.Bundle]
OP_NEW_INSTANCE - [DEBUG]: [reg 1@MainActivity/onCreate]
DalvikVM - [BB]: Superclass: de.ecspride.Button1Listener
DalvikVM - [BB]: Superclass: java.lang.Object
DVMObject - [BB]: New instance of de.ecspride.Button1Listener
Caller@4: <init>@fu.hao.trust.dvm.DVMObject - [BB]: getClass de.ecspride.Button1Listener at fu.hao.trust.dvm.VMHeap@23451c74
Caller: getClass@fu.hao.trust.dvm.VMHeap - [BB]: new class representation for de.ecspride.Button1Listener at fu.hao.trust.dvm.VMHeap@23451c74
Caller: <init>@fu.hao.trust.dvm.DVMObject - [BB]: Get DVMClass for type de.ecspride.Button1Listener
Caller@4: <init>@fu.hao.trust.dvm.DVMObject - [BB]: getClass de.ecspride.Button1Listener at fu.hao.trust.dvm.VMHeap@23451c74
DalvikVM - [BB]: ar1 (2131230721, void), (instance number 1@de.ecspride.Button1Listener, de.ecspride.Button1Listener)
OP_NEW_INSTANCE - [DEBUG]: New object of de.ecspride.Button1Listenercreated:instance number 1@de.ecspride.Button1Listener
DalvikVM - [BB]: fu.hao.trust.dvm.Executor$OP_NEW_INSTANCE -> jump set pc to 9
TaintSumBranch - [BB]: Rdst [reg 1@MainActivity/onCreate]
PluginManager - [MSG]: TaintSumBranch Tainted Res: {}
Executor - [MSG]: 

Executor - [MSG]: <9 INVOKE,DIRECT,extra=[de.ecspride.Button1Listener/<init>[de.ecspride.MainActivity], [1, 2]]> at de.ecspride.MainActivity/onCreate[android.os.Bundle]
Executor - [MSG]: arg0 obj: instance number 1@de.ecspride.Button1Listener
Executor - [WARN]: Reflection error: de.ecspride.Button1Listener
DalvikVM - [BB]: fu.hao.trust.dvm.Executor -> jump set pc to 10
DalvikVM - [BB]: New method call: de.ecspride.Button1Listener/<init>[de.ecspride.MainActivity]
DalvikVM - [BB]: [0]<0 SPECIAL,ARGUMENT_SET,extra=[0, 1]>
DalvikVM - [BB]: [1]<0 INVOKE,DIRECT,extra=[java.lang.Object/<init>[], [0]]>
DalvikVM - [BB]: [2]<0 INSTANCE,IPUT,r0=r0,r1=r1,type=java.lang.Object,extra=de.ecspride.Button1Listener.act>
DalvikVM - [BB]: [3]<0 RETURN,VOID>
newStackFrame - [BB]: New Stack Frame: StackFrame de.ecspride.Button1Listener/<init>[de.ecspride.MainActivity], pc 10 stored. 
newStackFrame - [BB]: Add frame StackFrame de.ecspride.Button1Listener/<init>[de.ecspride.MainActivity]
newStackFrame - [BB]: Stack: [StackFrame de.ecspride.Button2Listener/onClick[android.view.View], StackFrame de.ecspride.MainActivity/onCreate[android.os.Bundle], StackFrame de.ecspride.Button1Listener/<init>[de.ecspride.MainActivity]]
TaintSumBranch - [BB]: <de.ecspride.Button1Listener: void <init>(de.ecspride.MainActivity)>
TaintSumBranch - [DEBUG]: Not a taint call: <de.ecspride.Button1Listener: void <init>(de.ecspride.MainActivity)>
PluginManager - [MSG]: TaintSumBranch Tainted Res: {}
DalvikVM - [BB]: fu.hao.trust.dvm.DalvikVM -> runInstrumentedMethods set pc to 0
Executor - [MSG]: 

Executor - [MSG]: <0 SPECIAL,ARGUMENT_SET,extra=[0, 1]> at de.ecspride.Button1Listener/<init>[de.ecspride.MainActivity]
Executor - [DEBUG]: params: instance number 1@de.ecspride.Button1Listener
Executor - [DEBUG]: params: Activity:instance number 1@de.ecspride.MainActivity
DalvikVM - [BB]: fu.hao.trust.dvm.Executor$OP_SP_ARGUMENTS -> jump set pc to 1
PluginManager - [MSG]: TaintSumBranch Tainted Res: {}
Executor - [MSG]: 

Executor - [MSG]: <1 INVOKE,DIRECT,extra=[java.lang.Object/<init>[], [0]]> at de.ecspride.Button1Listener/<init>[de.ecspride.MainActivity]
Executor - [MSG]: arg0 obj: instance number 1@de.ecspride.Button1Listener
Executor - [BB]: java.lang.Object/<init>[] is a constructor!
Executor - [WARN]: Reflection error: de.ecspride.Button1Listener
DalvikVM - [BB]: fu.hao.trust.dvm.Executor -> jump set pc to 2
TaintSumBranch - [BB]: <java.lang.Object: void <init>()>
TaintSumBranch - [DEBUG]: Not a taint call: <java.lang.Object: void <init>()>
PluginManager - [MSG]: TaintSumBranch Tainted Res: {}
Executor - [MSG]: 

Executor - [MSG]: <2 INSTANCE,IPUT,r0=r0,r1=r1,type=java.lang.Object,extra=de.ecspride.Button1Listener.act> at de.ecspride.Button1Listener/<init>[de.ecspride.MainActivity]
class fu.hao.trust.dvm.Executor$OP_INSTANCE_PUT_FIELD - [BB]: field de.ecspride.Button1Listener.act
class fu.hao.trust.dvm.Executor$OP_INSTANCE_PUT_FIELD - [BB]: Target obj instance number 1@de.ecspride.Button1Listener
DVMObject - [DEBUG]: put field Activity:instance number 1@de.ecspride.MainActivity
class fu.hao.trust.dvm.Executor$OP_INSTANCE_PUT_FIELD - [MSG]: Put data Activity:instance number 1@de.ecspride.MainActivity to the field of instance number 1@de.ecspride.Button1Listener
DalvikVM - [BB]: fu.hao.trust.dvm.Executor$OP_INSTANCE_PUT_FIELD -> jump set pc to 3
PluginManager - [MSG]: TaintSumBranch Tainted Res: {}
Executor - [MSG]: 

Executor - [MSG]: <3 RETURN,VOID> at de.ecspride.Button1Listener/<init>[de.ecspride.MainActivity]
class fu.hao.trust.dvm.Executor$OP_RETURN_VOID - [DEBUG]: Return void
DalvikVM - [BB]: stack [StackFrame de.ecspride.Button2Listener/onClick[android.view.View], StackFrame de.ecspride.MainActivity/onCreate[android.os.Bundle]]
DalvikVM - [BB]: Back to the last stack frame.StackFrame de.ecspride.MainActivity/onCreate[android.os.Bundle]
PluginManager - [MSG]: TaintSumBranch Tainted Res: {}
Executor - [MSG]: 

Executor - [MSG]: <10 HALT,VIRTUAL,extra=[null, [0, 1]]> at de.ecspride.MainActivity/onCreate[android.os.Bundle]
DalvikVM - [BB]: fu.hao.trust.dvm.Executor$OP_HALT -> jump set pc to 11
Executor - [MSG]: Cannot resolve the invocation
TaintSumBranch - [BB]: Not a taint op <10 HALT,VIRTUAL,extra=[null, [0, 1]]>
PluginManager - [MSG]: TaintSumBranch Tainted Res: {}
Executor - [MSG]: 

Executor - [MSG]: <11 RETURN,VOID> at de.ecspride.MainActivity/onCreate[android.os.Bundle]
class fu.hao.trust.dvm.Executor$OP_RETURN_VOID - [DEBUG]: Return void
DalvikVM - [BB]: stack [StackFrame de.ecspride.Button2Listener/onClick[android.view.View]]
DalvikVM - [BB]: Back to the last stack frame.StackFrame de.ecspride.Button2Listener/onClick[android.view.View]
PluginManager - [MSG]: TaintSumBranch Tainted Res: {}
DalvikVM - [MSG]: Finish running instrumented methods! Back to StackFrame de.ecspride.Button2Listener/onClick[android.view.View]
Unknown - [BB]: Unknown created!
DVMObject - [DEBUG]: put field [Unknown var:Activity:instance number 1@de.ecspride.MainActivity, type: de.ecspride.MainActivity]
DalvikVM - [BB]: ar4 (Button2 - IMEI: , java.lang.String), ([Unknown var:Activity:instance number 1@de.ecspride.MainActivity, type: de.ecspride.MainActivity], de.ecspride.MainActivity)
class fu.hao.trust.dvm.Executor$OP_INSTANCE_GET_FIELD - [DEBUG]: Get data: [Unknown var:Activity:instance number 1@de.ecspride.MainActivity, type: de.ecspride.MainActivity]
DalvikVM - [BB]: fu.hao.trust.dvm.Executor$OP_INSTANCE_GET_FIELD -> jump set pc to 9
PluginManager - [MSG]: TaintSumBranch Tainted Res: {}
Executor - [MSG]: 

Executor - [MSG]: <9 INSTANCE,IGET,r0=r4,r1=r4,type=java.lang.Object,extra=de.ecspride.MainActivity.imei> at de.ecspride.Button2Listener/onClick[android.view.View]
DalvikVM - [BB]: ar4 ([Unknown var:Activity:instance number 1@de.ecspride.MainActivity, type: de.ecspride.MainActivity], de.ecspride.MainActivity), (Activity:instance number 1@de.ecspride.MainActivity, de.ecspride.MainActivity)
class fu.hao.trust.dvm.Executor$OP_INSTANCE_GET_FIELD - [BB]: obj Activity:instance number 1@de.ecspride.MainActivity
class fu.hao.trust.dvm.Executor$OP_INSTANCE_GET_FIELD - [BB]: fieldinfo de.ecspride.MainActivity.imei
DalvikVM - [BB]: ar4 (Activity:instance number 1@de.ecspride.MainActivity, de.ecspride.MainActivity), (, java.lang.String)
class fu.hao.trust.dvm.Executor$OP_INSTANCE_GET_FIELD - [DEBUG]: Get data: 
DalvikVM - [BB]: fu.hao.trust.dvm.Executor$OP_INSTANCE_GET_FIELD -> jump set pc to 10
TaintSumBranch - [WARN]: Object not DVMObject, it is 
Executor - [MSG]: 

Executor - [MSG]: <10 INVOKE,VIRTUAL,extra=[java.lang.StringBuilder/append[java.lang.String], [3, 4]]> at de.ecspride.Button2Listener/onClick[android.view.View]
Executor - [MSG]: arg0 obj: [Unknown var:Button2 - IMEI: , type: java.lang.StringBuilder]
Executor - [DEBUG]: Reflction class: class java.lang.StringBuilder
Executor - [BB]: Normal args? true
Executor - [BB]: arg1@reg4: 
Executor - [BB]: Nargs? true
Executor - [DEBUG]: Caller obj: Button2 - IMEI: , from class: class java.lang.StringBuilder
Executor - [DEBUG]: Return data: Button2 - IMEI:  ,class java.lang.StringBuilder
Executor - [MSG]: Reflction invocation public java.lang.StringBuilder java.lang.StringBuilder.append(java.lang.String)
DalvikVM - [BB]: Set reflective call: public java.lang.StringBuilder java.lang.StringBuilder.append(java.lang.String)
Unknown - [BB]: Unknown created!
DalvikVM - [BB]: ar-1 (Button2 - IMEI: , java.lang.StringBuilder), ([Unknown var:Button2 - IMEI: , type: java.lang.StringBuilder], java.lang.StringBuilder)
DalvikVM - [BB]: fu.hao.trust.dvm.Executor -> jump set pc to 11
TaintSumBranch - [BB]: <java.lang.StringBuilder: java.lang.StringBuilder append(java.lang.String)>
TaintSumBranch - [DEBUG]: Not a taint call: <java.lang.StringBuilder: java.lang.StringBuilder append(java.lang.String)>
PluginManager - [MSG]: TaintSumBranch Tainted Res: {}
Executor - [MSG]: 

Executor - [MSG]: <11 MOV,RESULT,dst=r3,type=java.lang.Object> at de.ecspride.Button2Listener/onClick[android.view.View]
DalvikVM - [BB]: ar3 ([Unknown var:Button2 - IMEI: , type: java.lang.StringBuilder], java.lang.StringBuilder), ([Unknown var:Button2 - IMEI: , type: java.lang.StringBuilder], java.lang.StringBuilder)
OP_MOV_RESULT - [BB]: Result data: [Unknown var:Button2 - IMEI: , type: java.lang.StringBuilder]
OP_MOV_RESULT - [DEBUG]: Result data: [Unknown var:Button2 - IMEI: , type: java.lang.StringBuilder], type: java.lang.StringBuilder, to [reg 3@Button2Listener/onClick]
DalvikVM - [BB]: fu.hao.trust.dvm.Executor$OP_MOV_RESULT -> jump set pc to 12
PluginManager - [MSG]: TaintSumBranch Tainted Res: {}
Executor - [MSG]: 

Executor - [MSG]: <12 INVOKE,VIRTUAL,extra=[java.lang.StringBuilder/toString[], [3]]> at de.ecspride.Button2Listener/onClick[android.view.View]
Executor - [MSG]: arg0 obj: [Unknown var:Button2 - IMEI: , type: java.lang.StringBuilder]
Executor - [DEBUG]: Reflction class: class java.lang.StringBuilder
Executor - [DEBUG]: Return data: Button2 - IMEI:  ,class java.lang.String
Executor - [MSG]: Reflction invocation public java.lang.String java.lang.StringBuilder.toString()
DalvikVM - [BB]: Set reflective call: public java.lang.String java.lang.StringBuilder.toString()
Unknown - [BB]: Unknown created!
DalvikVM - [BB]: ar-1 (Button2 - IMEI: , java.lang.String), ([Unknown var:Button2 - IMEI: , type: java.lang.String], java.lang.String)
DalvikVM - [BB]: fu.hao.trust.dvm.Executor -> jump set pc to 13
TaintSumBranch - [BB]: <java.lang.StringBuilder: java.lang.String toString()>
TaintSumBranch - [DEBUG]: Not a taint call: <java.lang.StringBuilder: java.lang.String toString()>
PluginManager - [MSG]: TaintSumBranch Tainted Res: {}
Executor - [MSG]: 

Executor - [MSG]: <13 MOV,RESULT,dst=r3,type=java.lang.Object> at de.ecspride.Button2Listener/onClick[android.view.View]
DalvikVM - [BB]: ar3 ([Unknown var:Button2 - IMEI: , type: java.lang.StringBuilder], java.lang.StringBuilder), ([Unknown var:Button2 - IMEI: , type: java.lang.String], java.lang.String)
OP_MOV_RESULT - [BB]: Result data: [Unknown var:Button2 - IMEI: , type: java.lang.String]
OP_MOV_RESULT - [DEBUG]: Result data: [Unknown var:Button2 - IMEI: , type: java.lang.String], type: java.lang.String, to [reg 3@Button2Listener/onClick]
DalvikVM - [BB]: fu.hao.trust.dvm.Executor$OP_MOV_RESULT -> jump set pc to 14
PluginManager - [MSG]: TaintSumBranch Tainted Res: {}
Executor - [MSG]: 

Executor - [MSG]: <14 INVOKE,STATIC,extra=[android.util.Log/i[java.lang.String, java.lang.String], [1, 3]]> at de.ecspride.Button2Listener/onClick[android.view.View]
Executor - [DEBUG]: Reflction class android.util.Log
Executor - [BB]: arg0@reg1: TAG
Executor - [BB]: arg1@reg3: [Unknown var:Button2 - IMEI: , type: java.lang.String]
Executor - [WARN]: Mismatch type! arg 1, real para type: class fu.hao.trust.solver.Unknown, expected para type: class java.lang.String
Executor - [DEBUG]: Found symbolic var with value: Button2 - IMEI: 
Executor - [BB]: param: TAG
Executor - [BB]: param: Button2 - IMEI: 
Executor - [MSG]: reflction invocation public static int android.util.Log.i(java.lang.String,java.lang.String)
DalvikVM - [BB]: Set reflective call: public static int android.util.Log.i(java.lang.String,java.lang.String)
DalvikVM - [BB]: fu.hao.trust.dvm.Executor$OP_INVOKE_STATIC -> jump set pc to 15
TaintSumBranch - [BB]: <android.util.Log: int i(java.lang.String,java.lang.String)>
TaintSumBranch - [DEBUG]: Not a taint call: <android.util.Log: int i(java.lang.String,java.lang.String)>
PluginManager - [MSG]: TaintSumBranch Tainted Res: {}
Executor - [MSG]: 

Executor - [MSG]: <15 INVOKE,STATIC,extra=[android.telephony.SmsManager/getDefault[], []]> at de.ecspride.Button2Listener/onClick[android.view.View]
Executor - [DEBUG]: Reflction class android.telephony.SmsManager
Executor - [MSG]: reflction invocation public static android.telephony.SmsManager android.telephony.SmsManager.getDefault()
DalvikVM - [BB]: Set reflective call: public static android.telephony.SmsManager android.telephony.SmsManager.getDefault()
DalvikVM - [BB]: fu.hao.trust.dvm.Executor$OP_INVOKE_STATIC -> jump set pc to 16
TaintSumBranch - [BB]: <android.telephony.SmsManager: android.telephony.SmsManager getDefault()>
TaintSumBranch - [DEBUG]: Not a taint call: <android.telephony.SmsManager: android.telephony.SmsManager getDefault()>
PluginManager - [MSG]: TaintSumBranch Tainted Res: {}
Executor - [MSG]: 

Executor - [MSG]: <16 MOV,RESULT,dst=r0,type=java.lang.Object> at de.ecspride.Button2Listener/onClick[android.view.View]
OP_MOV_RESULT - [BB]: Result data: android.telephony.SmsManager@351459e9
OP_MOV_RESULT - [DEBUG]: Result data: android.telephony.SmsManager@351459e9, type: android.telephony.SmsManager, to [reg 0@Button2Listener/onClick]
DalvikVM - [BB]: fu.hao.trust.dvm.Executor$OP_MOV_RESULT -> jump set pc to 17
PluginManager - [MSG]: TaintSumBranch Tainted Res: {}
Executor - [MSG]: 

Executor - [MSG]: <17 MOV,CONST,dst=r1,type=java.lang.String,extra="+49"> at de.ecspride.Button2Listener/onClick[android.view.View]
Executor - [DEBUG]: Mov const begin <17 MOV,CONST,dst=r1,type=java.lang.String,extra="+49">
DalvikVM - [BB]: ar1 (TAG, java.lang.String), (+49, java.lang.String)
Executor - [DEBUG]: data: +49 class java.lang.String
DalvikVM - [BB]: fu.hao.trust.dvm.Executor$OP_MOV_CONST -> jump set pc to 18
PluginManager - [MSG]: TaintSumBranch Tainted Res: {}
Executor - [MSG]: 

Executor - [MSG]: <18 INSTANCE,IGET,r0=r6,r1=r3,type=java.lang.Object,extra=de.ecspride.Button2Listener.act> at de.ecspride.Button2Listener/onClick[android.view.View]
class fu.hao.trust.dvm.Executor$OP_INSTANCE_GET_FIELD - [BB]: obj instance number 1@de.ecspride.Button2Listener
class fu.hao.trust.dvm.Executor$OP_INSTANCE_GET_FIELD - [BB]: fieldinfo de.ecspride.Button2Listener.act
DalvikVM - [BB]: ar3 ([Unknown var:Button2 - IMEI: , type: java.lang.String], java.lang.String), ([Unknown var:Activity:instance number 1@de.ecspride.MainActivity, type: de.ecspride.MainActivity], de.ecspride.MainActivity)
class fu.hao.trust.dvm.Executor$OP_INSTANCE_GET_FIELD - [DEBUG]: Get data: [Unknown var:Activity:instance number 1@de.ecspride.MainActivity, type: de.ecspride.MainActivity]
DalvikVM - [BB]: fu.hao.trust.dvm.Executor$OP_INSTANCE_GET_FIELD -> jump set pc to 19
PluginManager - [MSG]: TaintSumBranch Tainted Res: {}
Executor - [MSG]: 

Executor - [MSG]: <19 INSTANCE,IGET,r0=r3,r1=r3,type=java.lang.Object,extra=de.ecspride.MainActivity.imei> at de.ecspride.Button2Listener/onClick[android.view.View]
DalvikVM - [BB]: ar3 ([Unknown var:Activity:instance number 1@de.ecspride.MainActivity, type: de.ecspride.MainActivity], de.ecspride.MainActivity), (Activity:instance number 1@de.ecspride.MainActivity, de.ecspride.MainActivity)
class fu.hao.trust.dvm.Executor$OP_INSTANCE_GET_FIELD - [BB]: obj Activity:instance number 1@de.ecspride.MainActivity
class fu.hao.trust.dvm.Executor$OP_INSTANCE_GET_FIELD - [BB]: fieldinfo de.ecspride.MainActivity.imei
DalvikVM - [BB]: ar3 (Activity:instance number 1@de.ecspride.MainActivity, de.ecspride.MainActivity), (, java.lang.String)
class fu.hao.trust.dvm.Executor$OP_INSTANCE_GET_FIELD - [DEBUG]: Get data: 
DalvikVM - [BB]: fu.hao.trust.dvm.Executor$OP_INSTANCE_GET_FIELD -> jump set pc to 20
TaintSumBranch - [WARN]: Object not DVMObject, it is 
Executor - [MSG]: 

Executor - [MSG]: <20 MOV,REG,dst=r4,r0=r2,type=java.lang.Object> at de.ecspride.Button2Listener/onClick[android.view.View]
DalvikVM - [BB]: ar4 (, java.lang.String), (0, void)
class fu.hao.trust.dvm.Executor$OP_MOVE_REG - [DEBUG]: mov 0 to 0
DalvikVM - [BB]: fu.hao.trust.dvm.Executor$OP_MOVE_REG -> jump set pc to 21
PluginManager - [MSG]: TaintSumBranch Tainted Res: {}
Executor - [MSG]: 

Executor - [MSG]: <21 MOV,REG,dst=r5,r0=r2,type=java.lang.Object> at de.ecspride.Button2Listener/onClick[android.view.View]
class fu.hao.trust.dvm.Executor$OP_MOVE_REG - [DEBUG]: mov 0 to 0
DalvikVM - [BB]: fu.hao.trust.dvm.Executor$OP_MOVE_REG -> jump set pc to 22
PluginManager - [MSG]: TaintSumBranch Tainted Res: {}
Executor - [MSG]: 

Executor - [MSG]: <22 INVOKE,VIRTUAL,extra=[android.telephony.SmsManager/sendTextMessage[java.lang.String, java.lang.String, java.lang.String, android.app.PendingIntent, android.app.PendingIntent], [0, 1, 2, 3, 4, 5]]> at de.ecspride.Button2Listener/onClick[android.view.View]
Executor - [MSG]: arg0 obj: android.telephony.SmsManager@351459e9
Executor - [DEBUG]: Reflction class: class android.telephony.SmsManager
Executor - [BB]: Normal args? true
Executor - [BB]: arg1@reg1: +49
Executor - [BB]: arg2@reg2: 0
Executor - [WARN]: Mismatch type! arg 2, real para type: class patdroid.core.PrimitiveInfo, expected para type: class java.lang.String
Executor - [BB]: arg3@reg3: 
Executor - [BB]: arg4@reg4: 0
Executor - [WARN]: Mismatch type! arg 4, real para type: class patdroid.core.PrimitiveInfo, expected para type: class android.app.PendingIntent
Executor - [BB]: arg5@reg5: 0
Executor - [WARN]: Mismatch type! arg 5, real para type: class patdroid.core.PrimitiveInfo, expected para type: class android.app.PendingIntent
Executor - [BB]: Nargs? true
Executor - [DEBUG]: Caller obj: android.telephony.SmsManager@351459e9, from class: class android.telephony.SmsManager
Executor - [MSG]: Reflction invocation public void android.telephony.SmsManager.sendTextMessage(java.lang.String,java.lang.String,java.lang.String,android.app.PendingIntent,android.app.PendingIntent)
DalvikVM - [BB]: Set reflective call: public void android.telephony.SmsManager.sendTextMessage(java.lang.String,java.lang.String,java.lang.String,android.app.PendingIntent,android.app.PendingIntent)
DalvikVM - [BB]: fu.hao.trust.dvm.Executor -> jump set pc to 23
TaintSumBranch - [BB]: <android.telephony.SmsManager: void sendTextMessage(java.lang.String,java.lang.String,java.lang.String,android.app.PendingIntent,android.app.PendingIntent)>
TaintSumBranch - [BB]: Found a sink invocation. <android.telephony.SmsManager: void sendTextMessage(java.lang.String,java.lang.String,java.lang.String,android.app.PendingIntent,android.app.PendingIntent)>
PluginManager - [MSG]: TaintSumBranch Tainted Res: {}
Executor - [MSG]: 

Executor - [MSG]: <23 RETURN,VOID> at de.ecspride.Button2Listener/onClick[android.view.View]
class fu.hao.trust.dvm.Executor$OP_RETURN_VOID - [DEBUG]: Return void
DalvikVM - [BB]: stack []
DalvikVM - [BB]: Back to the last stack frame.null
Executor - [MSG]: RUN DONE! The last one is onClick
DalvikVM - [MSG]: FINISHED!

main - [MSG]: output/Button3.apk\Button3.apk_SrcTaintedFields.csv
main - [MSG]: Analysis has run for 1.425858791 seconds

