main - [MSG]: Src Chain: []
main - [DEBUG]: Src Entry event: (de.ecspride.MainActivity, onCreate)
DalvikVM - [MSG]: Begin run onCreate at C:\Users\hao\workspace\DroidBenchProj\Merge1\app\Merge1.apk
DalvikVM - [MSG]: RUN Method de.ecspride.MainActivity/onCreate[android.os.Bundle]
DalvikVM - [BB]: New method call: de.ecspride.MainActivity/onCreate[android.os.Bundle]
DalvikVM - [BB]: [0]<0 SPECIAL,ARGUMENT_SET,extra=[3, 4]>
DalvikVM - [BB]: [1]<0 INVOKE,SUPER,extra=[android.support.v7.app.ActionBarActivity/onCreate[android.os.Bundle], [3, 4]]>
DalvikVM - [BB]: [2]<1 MOV,CONST,dst=r0,type=void,extra=class patdroid.core.PrimitiveInfo?2130903064>
DalvikVM - [BB]: [3]<0 INVOKE,VIRTUAL,extra=[android.support.v7.app.ActionBarActivity/setContentView[int], [3, 0]]>
DalvikVM - [BB]: [4]<0 IF,NEZ,r0=r4,extra=index:15>
DalvikVM - [BB]: [5]<0 INVOKE,VIRTUAL,extra=[android.support.v7.app.ActionBar$Callback/getSupportFragmentManager[], [3]]>
DalvikVM - [BB]: [6]<0 MOV,RESULT,dst=r0,type=java.lang.Object>
DalvikVM - [BB]: [7]<0 INVOKE,VIRTUAL,extra=[android.support.v4.app.FragmentManager/beginTransaction[], [0]]>
DalvikVM - [BB]: [8]<0 MOV,RESULT,dst=r0,type=java.lang.Object>
DalvikVM - [BB]: [9]<8 MOV,CONST,dst=r1,type=void,extra=class patdroid.core.PrimitiveInfo?2131427388>
DalvikVM - [BB]: [10]<0 NEW,INSTANCE,dst=r2,type=de.ecspride.MainActivity$PlaceholderFragment>
DalvikVM - [BB]: [11]<0 INVOKE,DIRECT,extra=[de.ecspride.MainActivity$PlaceholderFragment/<init>[], [2]]>
DalvikVM - [BB]: [12]<0 INVOKE,VIRTUAL,extra=[android.support.v4.app.FragmentTransaction/add[int, android.support.v4.app.Fragment], [0, 1, 2]]>
DalvikVM - [BB]: [13]<0 MOV,RESULT,dst=r0,type=java.lang.Object>
DalvikVM - [BB]: [14]<0 INVOKE,VIRTUAL,extra=[android.support.v4.app.FragmentTransaction/commit[], [0]]>
DalvikVM - [BB]: [15]<0 INVOKE,DIRECT,extra=[de.ecspride.MainActivity/aliasFlowTest[], [3]]>
DalvikVM - [BB]: [16]<0 RETURN,VOID>
newStackFrame - [BB]: New Stack Frame: StackFrame de.ecspride.MainActivity/onCreate[android.os.Bundle]
newStackFrame - [BB]: Add frame StackFrame de.ecspride.MainActivity/onCreate[android.os.Bundle]
newStackFrame - [BB]: Stack: [StackFrame de.ecspride.MainActivity/onCreate[android.os.Bundle]]
Activity - [BB]: New instance of de.ecspride.MainActivity
Caller@4: <init>@fu.hao.trust.dvm.DVMObject - [BB]: getClass de.ecspride.MainActivity at fu.hao.trust.dvm.VMHeap@326dff70
Caller: getClass@fu.hao.trust.dvm.VMHeap - [BB]: new class representation for de.ecspride.MainActivity at fu.hao.trust.dvm.VMHeap@326dff70
Caller@4: <init>@fu.hao.trust.dvm.DVMClass - [BB]: getClass android.support.v7.app.ActionBarActivity at fu.hao.trust.dvm.VMHeap@326dff70
Caller: getClass@fu.hao.trust.dvm.VMHeap - [BB]: new class representation for android.support.v7.app.ActionBarActivity at fu.hao.trust.dvm.VMHeap@326dff70
Caller@4: <init>@fu.hao.trust.dvm.DVMClass - [BB]: getClass android.support.v4.app.FragmentActivity at fu.hao.trust.dvm.VMHeap@326dff70
Caller: getClass@fu.hao.trust.dvm.VMHeap - [BB]: new class representation for android.support.v4.app.FragmentActivity at fu.hao.trust.dvm.VMHeap@326dff70
Caller@4: <init>@fu.hao.trust.dvm.DVMClass - [BB]: getClass android.app.Activity at fu.hao.trust.dvm.VMHeap@326dff70
Caller: getClass@fu.hao.trust.dvm.VMHeap - [BB]: new class representation for android.app.Activity at fu.hao.trust.dvm.VMHeap@326dff70
Caller@4: <init>@fu.hao.trust.dvm.DVMClass - [BB]: getClass android.content.ContextWrapper at fu.hao.trust.dvm.VMHeap@326dff70
Caller: getClass@fu.hao.trust.dvm.VMHeap - [BB]: new class representation for android.content.ContextWrapper at fu.hao.trust.dvm.VMHeap@326dff70
Caller@4: <init>@fu.hao.trust.dvm.DVMClass - [BB]: getClass android.content.Context at fu.hao.trust.dvm.VMHeap@326dff70
Caller: getClass@fu.hao.trust.dvm.VMHeap - [BB]: new class representation for android.content.Context at fu.hao.trust.dvm.VMHeap@326dff70
Caller@4: <init>@fu.hao.trust.dvm.DVMClass - [BB]: getClass fu.hao.trust.dvm.DVMObject at fu.hao.trust.dvm.VMHeap@326dff70
Caller: getClass@fu.hao.trust.dvm.VMHeap - [BB]: new class representation for fu.hao.trust.dvm.DVMObject at fu.hao.trust.dvm.VMHeap@326dff70
Caller: <init>@fu.hao.trust.dvm.DVMClass - [BB]: Get DVMClass for type fu.hao.trust.dvm.DVMObject
Caller@4: <init>@fu.hao.trust.dvm.DVMClass - [BB]: getClass fu.hao.trust.dvm.DVMObject at fu.hao.trust.dvm.VMHeap@326dff70
Caller: <init>@fu.hao.trust.dvm.DVMClass - [BB]: Get DVMClass for type android.content.Context
Caller@4: <init>@fu.hao.trust.dvm.DVMClass - [BB]: getClass android.content.Context at fu.hao.trust.dvm.VMHeap@326dff70
Caller: <init>@fu.hao.trust.dvm.DVMClass - [BB]: Get DVMClass for type android.content.ContextWrapper
Caller@4: <init>@fu.hao.trust.dvm.DVMClass - [BB]: getClass android.content.ContextWrapper at fu.hao.trust.dvm.VMHeap@326dff70
Caller: <init>@fu.hao.trust.dvm.DVMClass - [BB]: Get DVMClass for type android.app.Activity
Caller@4: <init>@fu.hao.trust.dvm.DVMClass - [BB]: getClass android.app.Activity at fu.hao.trust.dvm.VMHeap@326dff70
Caller: <init>@fu.hao.trust.dvm.DVMClass - [BB]: Get DVMClass for type android.support.v4.app.FragmentActivity
Caller@4: <init>@fu.hao.trust.dvm.DVMClass - [BB]: getClass android.support.v4.app.FragmentActivity at fu.hao.trust.dvm.VMHeap@326dff70
Caller: <init>@fu.hao.trust.dvm.DVMClass - [BB]: Get DVMClass for type android.support.v7.app.ActionBarActivity
Caller@4: <init>@fu.hao.trust.dvm.DVMClass - [BB]: getClass android.support.v7.app.ActionBarActivity at fu.hao.trust.dvm.VMHeap@326dff70
Caller: <init>@fu.hao.trust.dvm.DVMObject - [BB]: Get DVMClass for type de.ecspride.MainActivity
Caller@4: <init>@fu.hao.trust.dvm.DVMObject - [BB]: getClass de.ecspride.MainActivity at fu.hao.trust.dvm.VMHeap@326dff70
Activity - [MSG]: Not empty constructor
DalvikVM - [BB]: New method call: de.ecspride.MainActivity/<init>[]
DalvikVM - [BB]: [0]<0 SPECIAL,ARGUMENT_SET,extra=[0]>
DalvikVM - [BB]: [1]<0 INVOKE,DIRECT,extra=[android.support.v7.app.ActionBarActivity/<init>[], [0]]>
DalvikVM - [BB]: [2]<0 RETURN,VOID>
DalvikVM - [WARN]: ar -2, (Activity:instance number 1@de.ecspride.MainActivity, de.ecspride.MainActivity)
newStackFrame - [BB]: New Stack Frame: StackFrame de.ecspride.MainActivity/<init>[], pc -1 stored. 
newStackFrame - [BB]: Stack: [StackFrame de.ecspride.MainActivity/onCreate[android.os.Bundle]]
DalvikVM - [MSG]: Begin run instrumented methods!
DalvikVM - [BB]: Add frames [StackFrame de.ecspride.MainActivity/<init>[]]
DalvikVM - [BB]: fu.hao.trust.dvm.DalvikVM -> runInstrumentedMethods set pc to 0
Executor - [MSG]: 

Executor - [MSG]: <0 SPECIAL,ARGUMENT_SET,extra=[0]> at de.ecspride.MainActivity/<init>[]
DalvikVM - [WARN]: ar 0, (Activity:instance number 1@de.ecspride.MainActivity, de.ecspride.MainActivity)
Executor - [DEBUG]: params: Activity:instance number 1@de.ecspride.MainActivity
DalvikVM - [BB]: fu.hao.trust.dvm.Executor$OP_SP_ARGUMENTS -> jump set pc to 1
PluginManager - [MSG]: TaintSumBranch Tainted Res: {}
Executor - [MSG]: 

Executor - [MSG]: <1 INVOKE,DIRECT,extra=[android.support.v7.app.ActionBarActivity/<init>[], [0]]> at de.ecspride.MainActivity/<init>[]
Executor - [MSG]: arg0 obj: Activity:instance number 1@de.ecspride.MainActivity
Executor - [WARN]: Reflection error: android.support.v7.app.ActionBarActivity
DalvikVM - [BB]: fu.hao.trust.dvm.Executor -> jump set pc to 2
Unknown - [BB]: Unknown created!
DalvikVM - [WARN]: ar -1, ([Unknown var:null, type: void], void)
Executor - [WARN]: Found noInvokeMethod android.support.v7.app.ActionBarActivity/<init>[]
TaintSumBranch - [BB]: <android.support.v7.app.ActionBarActivity: void <init>()>
TaintSumBranch - [DEBUG]: Not a taint call: <android.support.v7.app.ActionBarActivity: void <init>()>
PluginManager - [MSG]: TaintSumBranch Tainted Res: {}
Executor - [MSG]: 

Executor - [MSG]: <2 RETURN,VOID> at de.ecspride.MainActivity/<init>[]
class fu.hao.trust.dvm.Executor$OP_RETURN_VOID - [DEBUG]: Return void
DalvikVM - [BB]: stack [StackFrame de.ecspride.MainActivity/onCreate[android.os.Bundle]]
DalvikVM - [BB]: Back to the last stack frame.StackFrame de.ecspride.MainActivity/onCreate[android.os.Bundle]
DalvikVM - [MSG]: Finish running instrumented methods! Back to StackFrame de.ecspride.MainActivity/onCreate[android.os.Bundle]
Activity - [MSG]: New Activity Created with type de.ecspride.MainActivity
DalvikVM - [BB]: New method call: de.ecspride.MainActivity/onCreate[android.os.Bundle]
DalvikVM - [BB]: [0]<0 SPECIAL,ARGUMENT_SET,extra=[3, 4]>
DalvikVM - [BB]: [1]<0 INVOKE,SUPER,extra=[android.support.v7.app.ActionBarActivity/onCreate[android.os.Bundle], [3, 4]]>
DalvikVM - [BB]: [2]<1 MOV,CONST,dst=r0,type=void,extra=class patdroid.core.PrimitiveInfo?2130903064>
DalvikVM - [BB]: [3]<0 INVOKE,VIRTUAL,extra=[android.support.v7.app.ActionBarActivity/setContentView[int], [3, 0]]>
DalvikVM - [BB]: [4]<0 IF,NEZ,r0=r4,extra=index:15>
DalvikVM - [BB]: [5]<0 INVOKE,VIRTUAL,extra=[android.support.v7.app.ActionBar$Callback/getSupportFragmentManager[], [3]]>
DalvikVM - [BB]: [6]<0 MOV,RESULT,dst=r0,type=java.lang.Object>
DalvikVM - [BB]: [7]<0 INVOKE,VIRTUAL,extra=[android.support.v4.app.FragmentManager/beginTransaction[], [0]]>
DalvikVM - [BB]: [8]<0 MOV,RESULT,dst=r0,type=java.lang.Object>
DalvikVM - [BB]: [9]<8 MOV,CONST,dst=r1,type=void,extra=class patdroid.core.PrimitiveInfo?2131427388>
DalvikVM - [BB]: [10]<0 NEW,INSTANCE,dst=r2,type=de.ecspride.MainActivity$PlaceholderFragment>
DalvikVM - [BB]: [11]<0 INVOKE,DIRECT,extra=[de.ecspride.MainActivity$PlaceholderFragment/<init>[], [2]]>
DalvikVM - [BB]: [12]<0 INVOKE,VIRTUAL,extra=[android.support.v4.app.FragmentTransaction/add[int, android.support.v4.app.Fragment], [0, 1, 2]]>
DalvikVM - [BB]: [13]<0 MOV,RESULT,dst=r0,type=java.lang.Object>
DalvikVM - [BB]: [14]<0 INVOKE,VIRTUAL,extra=[android.support.v4.app.FragmentTransaction/commit[], [0]]>
DalvikVM - [BB]: [15]<0 INVOKE,DIRECT,extra=[de.ecspride.MainActivity/aliasFlowTest[], [3]]>
DalvikVM - [BB]: [16]<0 RETURN,VOID>
DalvikVM - [WARN]: ar -2, (Activity:instance number 1@de.ecspride.MainActivity, de.ecspride.MainActivity)
DalvikVM - [WARN]: ar -2, (null, android.os.Bundle)
newStackFrame - [BB]: New Stack Frame: StackFrame de.ecspride.MainActivity/onCreate[android.os.Bundle]
newStackFrame - [BB]: Stack: []
Activity - [BB]: Intent null
DalvikVM - [MSG]: Begin run instrumented methods!
DalvikVM - [BB]: Add frames [StackFrame de.ecspride.MainActivity/onCreate[android.os.Bundle]]
DalvikVM - [BB]: fu.hao.trust.dvm.DalvikVM -> runInstrumentedMethods set pc to 0
Executor - [MSG]: 

Executor - [MSG]: <0 SPECIAL,ARGUMENT_SET,extra=[3, 4]> at de.ecspride.MainActivity/onCreate[android.os.Bundle]
DalvikVM - [WARN]: ar 3, (Activity:instance number 1@de.ecspride.MainActivity, de.ecspride.MainActivity)
Executor - [DEBUG]: params: Activity:instance number 1@de.ecspride.MainActivity
DalvikVM - [WARN]: ar 4, (null, android.os.Bundle)
Executor - [DEBUG]: params: null
DalvikVM - [BB]: fu.hao.trust.dvm.Executor$OP_SP_ARGUMENTS -> jump set pc to 1
PluginManager - [MSG]: TaintSumBranch Tainted Res: {}
Executor - [MSG]: 

Executor - [MSG]: <1 INVOKE,SUPER,extra=[android.support.v7.app.ActionBarActivity/onCreate[android.os.Bundle], [3, 4]]> at de.ecspride.MainActivity/onCreate[android.os.Bundle]
Executor - [MSG]: arg0 obj: Activity:instance number 1@de.ecspride.MainActivity
Executor - [WARN]: Reflection error: android.support.v7.app.ActionBarActivity
DalvikVM - [BB]: fu.hao.trust.dvm.Executor -> jump set pc to 2
Unknown - [BB]: Unknown created!
DalvikVM - [WARN]: ar -1, ([Unknown var:null, type: void], void)
Executor - [WARN]: Found noInvokeMethod android.support.v7.app.ActionBarActivity/onCreate[android.os.Bundle]
PluginManager - [MSG]: TaintSumBranch Tainted Res: {}
Executor - [MSG]: 

Executor - [MSG]: <2 MOV,CONST,dst=r0,type=void,extra=class patdroid.core.PrimitiveInfo?2130903064> at de.ecspride.MainActivity/onCreate[android.os.Bundle]
Executor - [DEBUG]: Mov const begin <2 MOV,CONST,dst=r0,type=void,extra=class patdroid.core.PrimitiveInfo?2130903064>
DalvikVM - [WARN]: ar 0, (2130903064, void)
Executor - [DEBUG]: data: 2130903064 class patdroid.core.PrimitiveInfo
DalvikVM - [BB]: fu.hao.trust.dvm.Executor$OP_MOV_CONST -> jump set pc to 3
PluginManager - [MSG]: TaintSumBranch Tainted Res: {}
Executor - [MSG]: 

Executor - [MSG]: <3 INVOKE,VIRTUAL,extra=[android.support.v7.app.ActionBarActivity/setContentView[int], [3, 0]]> at de.ecspride.MainActivity/onCreate[android.os.Bundle]
Executor - [MSG]: arg0 obj: Activity:instance number 1@de.ecspride.MainActivity
Executor - [WARN]: Reflection error: android.support.v7.app.ActionBarActivity
DalvikVM - [BB]: fu.hao.trust.dvm.Executor -> jump set pc to 4
Unknown - [BB]: Unknown created!
DalvikVM - [WARN]: ar -1, ([Unknown var:null, type: void], void)
Executor - [WARN]: Found noInvokeMethod android.support.v7.app.ActionBarActivity/setContentView[int]
PluginManager - [MSG]: TaintSumBranch Tainted Res: {}
Executor - [MSG]: 

Executor - [MSG]: <4 IF,NEZ,r0=r4,extra=index:15> at de.ecspride.MainActivity/onCreate[android.os.Bundle]
OP_CMP - [DEBUG]: r0 data null
OP_CMP - [DEBUG]: r0 type android.os.Bundle
Executor - [DEBUG]: Ops: 0, 0
DalvikVM - [BB]: fu.hao.trust.dvm.Executor$OP_IF_NEZ -> jump set pc to 5
Executor - [DEBUG]: Equ: <4 IF,NEZ,r0=r4,extra=index:15>
PluginManager - [MSG]: TaintSumBranch Tainted Res: {}
Executor - [MSG]: 

Executor - [MSG]: <5 INVOKE,VIRTUAL,extra=[android.support.v7.app.ActionBar$Callback/getSupportFragmentManager[], [3]]> at de.ecspride.MainActivity/onCreate[android.os.Bundle]
Executor - [MSG]: arg0 obj: Activity:instance number 1@de.ecspride.MainActivity
Executor - [WARN]: Reflection error: android.support.v7.app.ActionBar$Callback
DalvikVM - [BB]: fu.hao.trust.dvm.Executor -> jump set pc to 6
DalvikVM - [BB]: Superclass: android.support.v4.app.FragmentManager
DalvikVM - [BB]: Superclass: java.lang.Object
DVMObject - [BB]: New instance of android.support.v4.app.FragmentManager
Caller@4: <init>@fu.hao.trust.dvm.DVMObject - [BB]: getClass android.support.v4.app.FragmentManager at fu.hao.trust.dvm.VMHeap@326dff70
Caller: getClass@fu.hao.trust.dvm.VMHeap - [BB]: new class representation for android.support.v4.app.FragmentManager at fu.hao.trust.dvm.VMHeap@326dff70
Caller: <init>@fu.hao.trust.dvm.DVMObject - [BB]: Get DVMClass for type android.support.v4.app.FragmentManager
Caller@4: <init>@fu.hao.trust.dvm.DVMObject - [BB]: getClass android.support.v4.app.FragmentManager at fu.hao.trust.dvm.VMHeap@326dff70
DVMObject - [MSG]: Not empty constructor
DalvikVM - [MSG]: Begin run instrumented methods!
DalvikVM - [BB]: Add frames []
DalvikVM - [MSG]: Finish running instrumented methods! Back to StackFrame de.ecspride.MainActivity/onCreate[android.os.Bundle]
Unknown - [BB]: Unknown created!
DalvikVM - [WARN]: ar -1, ([Unknown var:instance number 1@android.support.v4.app.FragmentManager, type: android.support.v4.app.FragmentManager], android.support.v4.app.FragmentManager)
Executor - [WARN]: Found noInvokeMethod android.support.v7.app.ActionBar$Callback/getSupportFragmentManager[]
PluginManager - [MSG]: TaintSumBranch Tainted Res: {}
Executor - [MSG]: 

Executor - [MSG]: <6 MOV,RESULT,dst=r0,type=java.lang.Object> at de.ecspride.MainActivity/onCreate[android.os.Bundle]
DalvikVM - [WARN]: ar 0 (2130903064, void), ([Unknown var:instance number 1@android.support.v4.app.FragmentManager, type: android.support.v4.app.FragmentManager], android.support.v4.app.FragmentManager)
OP_MOV_RESULT - [BB]: Result data: [Unknown var:instance number 1@android.support.v4.app.FragmentManager, type: android.support.v4.app.FragmentManager]
OP_MOV_RESULT - [DEBUG]: Result data: [Unknown var:instance number 1@android.support.v4.app.FragmentManager, type: android.support.v4.app.FragmentManager], type: android.support.v4.app.FragmentManager, to [reg 0@MainActivity/onCreate]
DalvikVM - [BB]: fu.hao.trust.dvm.Executor$OP_MOV_RESULT -> jump set pc to 7
PluginManager - [MSG]: TaintSumBranch Tainted Res: {}
Executor - [MSG]: 

Executor - [MSG]: <7 INVOKE,VIRTUAL,extra=[android.support.v4.app.FragmentManager/beginTransaction[], [0]]> at de.ecspride.MainActivity/onCreate[android.os.Bundle]
Executor - [MSG]: arg0 obj: [Unknown var:instance number 1@android.support.v4.app.FragmentManager, type: android.support.v4.app.FragmentManager]
Executor - [WARN]: Reflection error: android.support.v4.app.FragmentManager
DalvikVM - [BB]: fu.hao.trust.dvm.Executor -> jump set pc to 8
DalvikVM - [BB]: Superclass: android.support.v4.app.FragmentTransaction
DalvikVM - [BB]: Superclass: java.lang.Object
DVMObject - [BB]: New instance of android.support.v4.app.FragmentTransaction
Caller@4: <init>@fu.hao.trust.dvm.DVMObject - [BB]: getClass android.support.v4.app.FragmentTransaction at fu.hao.trust.dvm.VMHeap@326dff70
Caller: getClass@fu.hao.trust.dvm.VMHeap - [BB]: new class representation for android.support.v4.app.FragmentTransaction at fu.hao.trust.dvm.VMHeap@326dff70
Caller: <init>@fu.hao.trust.dvm.DVMObject - [BB]: Get DVMClass for type android.support.v4.app.FragmentTransaction
Caller@4: <init>@fu.hao.trust.dvm.DVMObject - [BB]: getClass android.support.v4.app.FragmentTransaction at fu.hao.trust.dvm.VMHeap@326dff70
DVMObject - [MSG]: Not empty constructor
DalvikVM - [MSG]: Begin run instrumented methods!
DalvikVM - [BB]: Add frames []
DalvikVM - [MSG]: Finish running instrumented methods! Back to StackFrame de.ecspride.MainActivity/onCreate[android.os.Bundle]
Unknown - [BB]: Unknown created!
DalvikVM - [WARN]: ar -1, ([Unknown var:instance number 1@android.support.v4.app.FragmentTransaction, type: android.support.v4.app.FragmentTransaction], android.support.v4.app.FragmentTransaction)
Executor - [WARN]: Found noInvokeMethod android.support.v4.app.FragmentManager/beginTransaction[]
PluginManager - [MSG]: TaintSumBranch Tainted Res: {}
Executor - [MSG]: 

Executor - [MSG]: <8 MOV,RESULT,dst=r0,type=java.lang.Object> at de.ecspride.MainActivity/onCreate[android.os.Bundle]
DalvikVM - [WARN]: ar 0 ([Unknown var:instance number 1@android.support.v4.app.FragmentManager, type: android.support.v4.app.FragmentManager], android.support.v4.app.FragmentManager), ([Unknown var:instance number 1@android.support.v4.app.FragmentTransaction, type: android.support.v4.app.FragmentTransaction], android.support.v4.app.FragmentTransaction)
OP_MOV_RESULT - [BB]: Result data: [Unknown var:instance number 1@android.support.v4.app.FragmentTransaction, type: android.support.v4.app.FragmentTransaction]
OP_MOV_RESULT - [DEBUG]: Result data: [Unknown var:instance number 1@android.support.v4.app.FragmentTransaction, type: android.support.v4.app.FragmentTransaction], type: android.support.v4.app.FragmentTransaction, to [reg 0@MainActivity/onCreate]
DalvikVM - [BB]: fu.hao.trust.dvm.Executor$OP_MOV_RESULT -> jump set pc to 9
PluginManager - [MSG]: TaintSumBranch Tainted Res: {}
Executor - [MSG]: 

Executor - [MSG]: <9 MOV,CONST,dst=r1,type=void,extra=class patdroid.core.PrimitiveInfo?2131427388> at de.ecspride.MainActivity/onCreate[android.os.Bundle]
Executor - [DEBUG]: Mov const begin <9 MOV,CONST,dst=r1,type=void,extra=class patdroid.core.PrimitiveInfo?2131427388>
DalvikVM - [WARN]: ar 1, (2131427388, void)
Executor - [DEBUG]: data: 2131427388 class patdroid.core.PrimitiveInfo
DalvikVM - [BB]: fu.hao.trust.dvm.Executor$OP_MOV_CONST -> jump set pc to 10
PluginManager - [MSG]: TaintSumBranch Tainted Res: {}
Executor - [MSG]: 

Executor - [MSG]: <10 NEW,INSTANCE,dst=r2,type=de.ecspride.MainActivity$PlaceholderFragment> at de.ecspride.MainActivity/onCreate[android.os.Bundle]
OP_NEW_INSTANCE - [DEBUG]: [reg 2@MainActivity/onCreate]
DalvikVM - [BB]: Superclass: de.ecspride.MainActivity$PlaceholderFragment
DalvikVM - [BB]: Superclass: android.support.v4.app.Fragment
DalvikVM - [BB]: Superclass: java.lang.Object
DVMObject - [BB]: New instance of de.ecspride.MainActivity$PlaceholderFragment
Caller@4: <init>@fu.hao.trust.dvm.DVMObject - [BB]: getClass de.ecspride.MainActivity$PlaceholderFragment at fu.hao.trust.dvm.VMHeap@326dff70
Caller: getClass@fu.hao.trust.dvm.VMHeap - [BB]: new class representation for de.ecspride.MainActivity$PlaceholderFragment at fu.hao.trust.dvm.VMHeap@326dff70
DalvikVM - [MSG]: Begin run instrumented methods!
DalvikVM - [BB]: Add frames []
DalvikVM - [MSG]: Finish running instrumented methods! Back to StackFrame de.ecspride.MainActivity/onCreate[android.os.Bundle]
Caller@4: <init>@fu.hao.trust.dvm.DVMClass - [BB]: getClass android.support.v4.app.Fragment at fu.hao.trust.dvm.VMHeap@326dff70
Caller: getClass@fu.hao.trust.dvm.VMHeap - [BB]: new class representation for android.support.v4.app.Fragment at fu.hao.trust.dvm.VMHeap@326dff70
DalvikVM - [MSG]: Begin run instrumented methods!
DalvikVM - [BB]: Add frames []
DalvikVM - [MSG]: Finish running instrumented methods! Back to StackFrame de.ecspride.MainActivity/onCreate[android.os.Bundle]
Caller: <init>@fu.hao.trust.dvm.DVMClass - [BB]: Get DVMClass for type android.support.v4.app.Fragment
Caller@4: <init>@fu.hao.trust.dvm.DVMClass - [BB]: getClass android.support.v4.app.Fragment at fu.hao.trust.dvm.VMHeap@326dff70
Caller: <init>@fu.hao.trust.dvm.DVMObject - [BB]: Get DVMClass for type de.ecspride.MainActivity$PlaceholderFragment
Caller@4: <init>@fu.hao.trust.dvm.DVMObject - [BB]: getClass de.ecspride.MainActivity$PlaceholderFragment at fu.hao.trust.dvm.VMHeap@326dff70
DVMObject - [MSG]: Not empty constructor
DalvikVM - [BB]: New method call: de.ecspride.MainActivity$PlaceholderFragment/<init>[]
DalvikVM - [BB]: [0]<0 SPECIAL,ARGUMENT_SET,extra=[0]>
DalvikVM - [BB]: [1]<0 INVOKE,DIRECT,extra=[android.support.v4.app.Fragment/<init>[], [0]]>
DalvikVM - [BB]: [2]<0 RETURN,VOID>
DalvikVM - [WARN]: ar -2, (instance number 1@de.ecspride.MainActivity$PlaceholderFragment, de.ecspride.MainActivity$PlaceholderFragment)
newStackFrame - [BB]: New Stack Frame: StackFrame de.ecspride.MainActivity$PlaceholderFragment/<init>[], pc 10 stored. 
newStackFrame - [BB]: Stack: [StackFrame de.ecspride.MainActivity/onCreate[android.os.Bundle]]
DalvikVM - [MSG]: Begin run instrumented methods!
DalvikVM - [BB]: Add frames [StackFrame de.ecspride.MainActivity$PlaceholderFragment/<init>[]]
DalvikVM - [BB]: fu.hao.trust.dvm.DalvikVM -> runInstrumentedMethods set pc to 0
Executor - [MSG]: 

Executor - [MSG]: <0 SPECIAL,ARGUMENT_SET,extra=[0]> at de.ecspride.MainActivity$PlaceholderFragment/<init>[]
DalvikVM - [WARN]: ar 0, (instance number 1@de.ecspride.MainActivity$PlaceholderFragment, de.ecspride.MainActivity$PlaceholderFragment)
Executor - [DEBUG]: params: instance number 1@de.ecspride.MainActivity$PlaceholderFragment
DalvikVM - [BB]: fu.hao.trust.dvm.Executor$OP_SP_ARGUMENTS -> jump set pc to 1
PluginManager - [MSG]: TaintSumBranch Tainted Res: {}
Executor - [MSG]: 

Executor - [MSG]: <1 INVOKE,DIRECT,extra=[android.support.v4.app.Fragment/<init>[], [0]]> at de.ecspride.MainActivity$PlaceholderFragment/<init>[]
Executor - [MSG]: arg0 obj: instance number 1@de.ecspride.MainActivity$PlaceholderFragment
Executor - [WARN]: Reflection error: android.support.v4.app.Fragment
DalvikVM - [BB]: fu.hao.trust.dvm.Executor -> jump set pc to 2
Unknown - [BB]: Unknown created!
DalvikVM - [WARN]: ar -1, ([Unknown var:null, type: void], void)
Executor - [WARN]: Found noInvokeMethod android.support.v4.app.Fragment/<init>[]
TaintSumBranch - [BB]: <android.support.v4.app.Fragment: void <init>()>
TaintSumBranch - [DEBUG]: Not a taint call: <android.support.v4.app.Fragment: void <init>()>
PluginManager - [MSG]: TaintSumBranch Tainted Res: {}
Executor - [MSG]: 

Executor - [MSG]: <2 RETURN,VOID> at de.ecspride.MainActivity$PlaceholderFragment/<init>[]
class fu.hao.trust.dvm.Executor$OP_RETURN_VOID - [DEBUG]: Return void
DalvikVM - [BB]: stack [StackFrame de.ecspride.MainActivity/onCreate[android.os.Bundle]]
DalvikVM - [BB]: Back to the last stack frame.StackFrame de.ecspride.MainActivity/onCreate[android.os.Bundle]
PluginManager - [MSG]: TaintSumBranch Tainted Res: {}
DalvikVM - [MSG]: Finish running instrumented methods! Back to StackFrame de.ecspride.MainActivity/onCreate[android.os.Bundle]
DalvikVM - [WARN]: ar 2, (instance number 1@de.ecspride.MainActivity$PlaceholderFragment, de.ecspride.MainActivity$PlaceholderFragment)
OP_NEW_INSTANCE - [DEBUG]: New object of de.ecspride.MainActivity$PlaceholderFragmentcreated:instance number 1@de.ecspride.MainActivity$PlaceholderFragment
DalvikVM - [BB]: fu.hao.trust.dvm.Executor$OP_NEW_INSTANCE -> jump set pc to 11
TaintSumBranch - [BB]: Rdst [reg 2@MainActivity/onCreate]
PluginManager - [MSG]: TaintSumBranch Tainted Res: {}
Executor - [MSG]: 

Executor - [MSG]: <11 INVOKE,DIRECT,extra=[de.ecspride.MainActivity$PlaceholderFragment/<init>[], [2]]> at de.ecspride.MainActivity/onCreate[android.os.Bundle]
Executor - [MSG]: arg0 obj: instance number 1@de.ecspride.MainActivity$PlaceholderFragment
Executor - [WARN]: Reflection error: de.ecspride.MainActivity$PlaceholderFragment
DalvikVM - [BB]: fu.hao.trust.dvm.Executor -> jump set pc to 12
DalvikVM - [BB]: New method call: de.ecspride.MainActivity$PlaceholderFragment/<init>[]
DalvikVM - [BB]: [0]<0 SPECIAL,ARGUMENT_SET,extra=[0]>
DalvikVM - [BB]: [1]<1 INVOKE,DIRECT,extra=[android.support.v4.app.Fragment/<init>[], [0]]>
DalvikVM - [BB]: [2]<2 RETURN,VOID>
newStackFrame - [BB]: New Stack Frame: StackFrame de.ecspride.MainActivity$PlaceholderFragment/<init>[], pc 12 stored. 
newStackFrame - [BB]: Add frame StackFrame de.ecspride.MainActivity$PlaceholderFragment/<init>[]
newStackFrame - [BB]: Stack: [StackFrame de.ecspride.MainActivity/onCreate[android.os.Bundle], StackFrame de.ecspride.MainActivity$PlaceholderFragment/<init>[]]
TaintSumBranch - [BB]: <de.ecspride.MainActivity$PlaceholderFragment: void <init>()>
TaintSumBranch - [DEBUG]: Not a taint call: <de.ecspride.MainActivity$PlaceholderFragment: void <init>()>
PluginManager - [MSG]: TaintSumBranch Tainted Res: {}
DalvikVM - [BB]: fu.hao.trust.dvm.DalvikVM -> runInstrumentedMethods set pc to 0
Executor - [MSG]: 

Executor - [MSG]: <0 SPECIAL,ARGUMENT_SET,extra=[0]> at de.ecspride.MainActivity$PlaceholderFragment/<init>[]
DalvikVM - [WARN]: ar 0, (instance number 1@de.ecspride.MainActivity$PlaceholderFragment, de.ecspride.MainActivity$PlaceholderFragment)
Executor - [DEBUG]: params: instance number 1@de.ecspride.MainActivity$PlaceholderFragment
DalvikVM - [BB]: fu.hao.trust.dvm.Executor$OP_SP_ARGUMENTS -> jump set pc to 1
PluginManager - [MSG]: TaintSumBranch Tainted Res: {}
Executor - [MSG]: 

Executor - [MSG]: <1 INVOKE,DIRECT,extra=[android.support.v4.app.Fragment/<init>[], [0]]> at de.ecspride.MainActivity$PlaceholderFragment/<init>[]
Executor - [MSG]: arg0 obj: instance number 1@de.ecspride.MainActivity$PlaceholderFragment
Executor - [WARN]: Reflection error: android.support.v4.app.Fragment
DalvikVM - [BB]: fu.hao.trust.dvm.Executor -> jump set pc to 2
Unknown - [BB]: Unknown created!
DalvikVM - [WARN]: ar -1, ([Unknown var:null, type: void], void)
Executor - [WARN]: Found noInvokeMethod android.support.v4.app.Fragment/<init>[]
TaintSumBranch - [BB]: <android.support.v4.app.Fragment: void <init>()>
TaintSumBranch - [DEBUG]: Not a taint call: <android.support.v4.app.Fragment: void <init>()>
PluginManager - [MSG]: TaintSumBranch Tainted Res: {}
Executor - [MSG]: 

Executor - [MSG]: <2 RETURN,VOID> at de.ecspride.MainActivity$PlaceholderFragment/<init>[]
class fu.hao.trust.dvm.Executor$OP_RETURN_VOID - [DEBUG]: Return void
DalvikVM - [BB]: stack [StackFrame de.ecspride.MainActivity/onCreate[android.os.Bundle]]
DalvikVM - [BB]: Back to the last stack frame.StackFrame de.ecspride.MainActivity/onCreate[android.os.Bundle]
PluginManager - [MSG]: TaintSumBranch Tainted Res: {}
Executor - [MSG]: 

Executor - [MSG]: <12 INVOKE,VIRTUAL,extra=[android.support.v4.app.FragmentTransaction/add[int, android.support.v4.app.Fragment], [0, 1, 2]]> at de.ecspride.MainActivity/onCreate[android.os.Bundle]
Executor - [MSG]: arg0 obj: [Unknown var:instance number 1@android.support.v4.app.FragmentTransaction, type: android.support.v4.app.FragmentTransaction]
Executor - [WARN]: Reflection error: android.support.v4.app.FragmentTransaction
DalvikVM - [BB]: fu.hao.trust.dvm.Executor -> jump set pc to 13
DalvikVM - [BB]: Superclass: android.support.v4.app.FragmentTransaction
DalvikVM - [BB]: Superclass: java.lang.Object
DVMObject - [BB]: New instance of android.support.v4.app.FragmentTransaction
Caller@4: <init>@fu.hao.trust.dvm.DVMObject - [BB]: getClass android.support.v4.app.FragmentTransaction at fu.hao.trust.dvm.VMHeap@326dff70
Caller: <init>@fu.hao.trust.dvm.DVMObject - [BB]: Get DVMClass for type android.support.v4.app.FragmentTransaction
Caller@4: <init>@fu.hao.trust.dvm.DVMObject - [BB]: getClass android.support.v4.app.FragmentTransaction at fu.hao.trust.dvm.VMHeap@326dff70
DVMObject - [MSG]: Not empty constructor
DalvikVM - [MSG]: Begin run instrumented methods!
DalvikVM - [BB]: Add frames []
DalvikVM - [MSG]: Finish running instrumented methods! Back to StackFrame de.ecspride.MainActivity/onCreate[android.os.Bundle]
Unknown - [BB]: Unknown created!
DalvikVM - [WARN]: ar -1, ([Unknown var:instance number 2@android.support.v4.app.FragmentTransaction, type: android.support.v4.app.FragmentTransaction], android.support.v4.app.FragmentTransaction)
Executor - [WARN]: Found noInvokeMethod android.support.v4.app.FragmentTransaction/add[int, android.support.v4.app.Fragment]
PluginManager - [MSG]: TaintSumBranch Tainted Res: {}
Executor - [MSG]: 

Executor - [MSG]: <13 MOV,RESULT,dst=r0,type=java.lang.Object> at de.ecspride.MainActivity/onCreate[android.os.Bundle]
DalvikVM - [WARN]: ar 0 ([Unknown var:instance number 1@android.support.v4.app.FragmentTransaction, type: android.support.v4.app.FragmentTransaction], android.support.v4.app.FragmentTransaction), ([Unknown var:instance number 2@android.support.v4.app.FragmentTransaction, type: android.support.v4.app.FragmentTransaction], android.support.v4.app.FragmentTransaction)
OP_MOV_RESULT - [BB]: Result data: [Unknown var:instance number 2@android.support.v4.app.FragmentTransaction, type: android.support.v4.app.FragmentTransaction]
OP_MOV_RESULT - [DEBUG]: Result data: [Unknown var:instance number 2@android.support.v4.app.FragmentTransaction, type: android.support.v4.app.FragmentTransaction], type: android.support.v4.app.FragmentTransaction, to [reg 0@MainActivity/onCreate]
DalvikVM - [BB]: fu.hao.trust.dvm.Executor$OP_MOV_RESULT -> jump set pc to 14
PluginManager - [MSG]: TaintSumBranch Tainted Res: {}
Executor - [MSG]: 

Executor - [MSG]: <14 INVOKE,VIRTUAL,extra=[android.support.v4.app.FragmentTransaction/commit[], [0]]> at de.ecspride.MainActivity/onCreate[android.os.Bundle]
Executor - [MSG]: arg0 obj: [Unknown var:instance number 2@android.support.v4.app.FragmentTransaction, type: android.support.v4.app.FragmentTransaction]
Executor - [WARN]: Reflection error: android.support.v4.app.FragmentTransaction
DalvikVM - [BB]: fu.hao.trust.dvm.Executor -> jump set pc to 15
Unknown - [BB]: Unknown created!
DalvikVM - [WARN]: ar -1, ([Unknown var:null, type: int], int)
Executor - [WARN]: Found noInvokeMethod android.support.v4.app.FragmentTransaction/commit[]
PluginManager - [MSG]: TaintSumBranch Tainted Res: {}
Executor - [MSG]: 

Executor - [MSG]: <15 INVOKE,DIRECT,extra=[de.ecspride.MainActivity/aliasFlowTest[], [3]]> at de.ecspride.MainActivity/onCreate[android.os.Bundle]
Executor - [MSG]: arg0 obj: Activity:instance number 1@de.ecspride.MainActivity
Executor - [WARN]: Reflection error: de.ecspride.MainActivity
DalvikVM - [BB]: fu.hao.trust.dvm.Executor -> jump set pc to 16
DalvikVM - [BB]: New method call: de.ecspride.MainActivity/aliasFlowTest[]
DalvikVM - [BB]: [0]<0 SPECIAL,ARGUMENT_SET,extra=[14]>
DalvikVM - [BB]: [1]<0 MOV,CONST,dst=r1,type=java.lang.String,extra="phone">
DalvikVM - [BB]: [2]<0 INVOKE,VIRTUAL,extra=[android.content.Context/getSystemService[java.lang.String], [14, 1]]>
DalvikVM - [BB]: [3]<0 MOV,RESULT,dst=r9,type=java.lang.Object>
DalvikVM - [BB]: [4]<0 ARITHMETIC,CHECK-AND-CAST,dst=r9,type=android.telephony.TelephonyManager>
DalvikVM - [BB]: [5]<0 INVOKE,VIRTUAL,extra=[android.telephony.TelephonyManager/getDeviceId[], [9]]>
DalvikVM - [BB]: [6]<0 MOV,RESULT,dst=r8,type=java.lang.Object>
DalvikVM - [BB]: [7]<0 NEW,INSTANCE,dst=r6,type=de.ecspride.MainActivity$B>
DalvikVM - [BB]: [8]<0 INVOKE,DIRECT,extra=[de.ecspride.MainActivity$B/<init>[de.ecspride.MainActivity], [6, 14]]>
DalvikVM - [BB]: [9]<0 NEW,INSTANCE,dst=r10,type=de.ecspride.MainActivity$B>
DalvikVM - [BB]: [10]<0 INVOKE,DIRECT,extra=[de.ecspride.MainActivity$B/<init>[de.ecspride.MainActivity], [10, 14]]>
DalvikVM - [BB]: [11]<0 NEW,INSTANCE,dst=r7,type=de.ecspride.MainActivity$A>
DalvikVM - [BB]: [12]<0 INVOKE,DIRECT,extra=[de.ecspride.MainActivity$A/<init>[de.ecspride.MainActivity], [7, 14]]>
DalvikVM - [BB]: [13]<0 NEW,INSTANCE,dst=r11,type=de.ecspride.MainActivity$A>
DalvikVM - [BB]: [14]<0 INVOKE,DIRECT,extra=[de.ecspride.MainActivity$A/<init>[de.ecspride.MainActivity], [11, 14]]>
DalvikVM - [BB]: [15]<0 INVOKE,STATIC,extra=[java.lang.Math/random[], []]>
DalvikVM - [BB]: [16]<0 MOV,RESULT,dst=r2,type=AndroidWide>
DalvikVM - [BB]: [17]<16 MOV,CONST,dst=r4,type=AndroidWide,extra=class java.lang.Double?0.5>
DalvikVM - [BB]: [18]<0 CMP,CMPG,dst=r1,r0=r2,r1=r4,type=double>
DalvikVM - [BB]: [19]<0 IF,GEZ,r0=r1,extra=index:34>
DalvikVM - [BB]: [20]<0 MOV,REG,dst=r12,r0=r6,type=java.lang.Object>
DalvikVM - [BB]: [21]<0 MOV,REG,dst=r13,r0=r7,type=java.lang.Object>
DalvikVM - [BB]: [22]<0 INSTANCE,IPUT,r0=r12,r1=r13,type=java.lang.Object,extra=de.ecspride.MainActivity$B.attr>
DalvikVM - [BB]: [23]<0 INSTANCE,IPUT,r0=r11,r1=r8,type=java.lang.Object,extra=de.ecspride.MainActivity$A.b>
DalvikVM - [BB]: [24]<0 INVOKE,STATIC,extra=[android.telephony.SmsManager/getDefault[], []]>
DalvikVM - [BB]: [25]<0 MOV,RESULT,dst=r0,type=java.lang.Object>
DalvikVM - [BB]: [26]<25 MOV,CONST,dst=r1,type=java.lang.String,extra="+49 1234">
DalvikVM - [BB]: [27]<26 MOV,CONST,dst=r2,type=void,extra=class patdroid.core.PrimitiveInfo?0>
DalvikVM - [BB]: [28]<0 INSTANCE,IGET,r0=r6,r1=r3,type=java.lang.Object,extra=de.ecspride.MainActivity$B.attr>
DalvikVM - [BB]: [29]<0 INSTANCE,IGET,r0=r3,r1=r3,type=java.lang.Object,extra=de.ecspride.MainActivity$A.b>
DalvikVM - [BB]: [30]<29 MOV,CONST,dst=r4,type=void,extra=class patdroid.core.PrimitiveInfo?0>
DalvikVM - [BB]: [31]<30 MOV,CONST,dst=r5,type=void,extra=class patdroid.core.PrimitiveInfo?0>
DalvikVM - [BB]: [32]<0 INVOKE,VIRTUAL,extra=[android.telephony.SmsManager/sendTextMessage[java.lang.String, java.lang.String, java.lang.String, android.app.PendingIntent, android.app.PendingIntent], [0, 1, 2, 3, 4, 5]]>
DalvikVM - [BB]: [33]<0 RETURN,VOID>
DalvikVM - [BB]: [34]<0 MOV,REG,dst=r12,r0=r10,type=java.lang.Object>
DalvikVM - [BB]: [35]<0 MOV,REG,dst=r13,r0=r11,type=java.lang.Object>
DalvikVM - [BB]: [36]<0 GOTO,extra=index:22>
newStackFrame - [BB]: New Stack Frame: StackFrame de.ecspride.MainActivity/aliasFlowTest[], pc 16 stored. 
newStackFrame - [BB]: Add frame StackFrame de.ecspride.MainActivity/aliasFlowTest[]
newStackFrame - [BB]: Stack: [StackFrame de.ecspride.MainActivity/onCreate[android.os.Bundle], StackFrame de.ecspride.MainActivity/aliasFlowTest[]]
PluginManager - [MSG]: TaintSumBranch Tainted Res: {}
DalvikVM - [BB]: fu.hao.trust.dvm.DalvikVM -> runInstrumentedMethods set pc to 0
Executor - [MSG]: 

Executor - [MSG]: <0 SPECIAL,ARGUMENT_SET,extra=[14]> at de.ecspride.MainActivity/aliasFlowTest[]
DalvikVM - [WARN]: ar 14, (Activity:instance number 1@de.ecspride.MainActivity, de.ecspride.MainActivity)
Executor - [DEBUG]: params: Activity:instance number 1@de.ecspride.MainActivity
DalvikVM - [BB]: fu.hao.trust.dvm.Executor$OP_SP_ARGUMENTS -> jump set pc to 1
PluginManager - [MSG]: TaintSumBranch Tainted Res: {}
Executor - [MSG]: 

Executor - [MSG]: <1 MOV,CONST,dst=r1,type=java.lang.String,extra="phone"> at de.ecspride.MainActivity/aliasFlowTest[]
Executor - [DEBUG]: Mov const begin <1 MOV,CONST,dst=r1,type=java.lang.String,extra="phone">
DalvikVM - [WARN]: ar 1, (phone, java.lang.String)
Executor - [DEBUG]: data: phone class java.lang.String
DalvikVM - [BB]: fu.hao.trust.dvm.Executor$OP_MOV_CONST -> jump set pc to 2
PluginManager - [MSG]: TaintSumBranch Tainted Res: {}
Executor - [MSG]: 

Executor - [MSG]: <2 INVOKE,VIRTUAL,extra=[android.content.Context/getSystemService[java.lang.String], [14, 1]]> at de.ecspride.MainActivity/aliasFlowTest[]
Executor - [MSG]: arg0 obj: Activity:instance number 1@de.ecspride.MainActivity
Executor - [DEBUG]: Reflction class: class android.content.Context
Executor - [BB]: Normal args? true
Executor - [BB]: arg1@reg1: phone
Executor - [BB]: Nargs? true
Executor - [DEBUG]: Caller obj: Activity:instance number 1@de.ecspride.MainActivity, from class: class android.app.Activity
DalvikVM - [WARN]: ar -1, (android.telephony.TelephonyManager@601fa7c6, java.lang.Object)
Executor - [DEBUG]: Return data: android.telephony.TelephonyManager@601fa7c6 ,class android.telephony.TelephonyManager
Executor - [MSG]: Reflction invocation public java.lang.Object android.content.Context.getSystemService(java.lang.String)
DalvikVM - [BB]: Set reflective call: public java.lang.Object android.content.Context.getSystemService(java.lang.String)
DalvikVM - [BB]: fu.hao.trust.dvm.Executor -> jump set pc to 3
TaintSumBranch - [BB]: <android.content.Context: java.lang.Object getSystemService(java.lang.String)>
TaintSumBranch - [DEBUG]: Not a taint call: <android.content.Context: java.lang.Object getSystemService(java.lang.String)>
PluginManager - [MSG]: TaintSumBranch Tainted Res: {}
Executor - [MSG]: 

Executor - [MSG]: <3 MOV,RESULT,dst=r9,type=java.lang.Object> at de.ecspride.MainActivity/aliasFlowTest[]
DalvikVM - [WARN]: ar 9, (android.telephony.TelephonyManager@601fa7c6, java.lang.Object)
OP_MOV_RESULT - [BB]: Result data: android.telephony.TelephonyManager@601fa7c6
OP_MOV_RESULT - [DEBUG]: Result data: android.telephony.TelephonyManager@601fa7c6, type: java.lang.Object, to [reg 9@MainActivity/aliasFlowTest]
DalvikVM - [BB]: fu.hao.trust.dvm.Executor$OP_MOV_RESULT -> jump set pc to 4
PluginManager - [MSG]: TaintSumBranch Tainted Res: {}
Executor - [MSG]: 

Executor - [MSG]: <4 ARITHMETIC,CHECK-AND-CAST,dst=r9,type=android.telephony.TelephonyManager> at de.ecspride.MainActivity/aliasFlowTest[]
DalvikVM - [BB]: fu.hao.trust.dvm.Executor$OP_ARITHETIC -> jump set pc to 5
PluginManager - [MSG]: TaintSumBranch Tainted Res: {}
Executor - [MSG]: 

Executor - [MSG]: <5 INVOKE,VIRTUAL,extra=[android.telephony.TelephonyManager/getDeviceId[], [9]]> at de.ecspride.MainActivity/aliasFlowTest[]
Executor - [MSG]: arg0 obj: android.telephony.TelephonyManager@601fa7c6
Executor - [DEBUG]: Reflction class: class android.telephony.TelephonyManager
DalvikVM - [WARN]: ar -1, (359874043116909, java.lang.String)
Executor - [DEBUG]: Return data: 359874043116909 ,class java.lang.String
Executor - [MSG]: Reflction invocation public java.lang.String android.telephony.TelephonyManager.getDeviceId()
DalvikVM - [BB]: Set reflective call: public java.lang.String android.telephony.TelephonyManager.getDeviceId()
DalvikVM - [BB]: fu.hao.trust.dvm.Executor -> jump set pc to 6
TaintSumBranch - [BB]: <android.telephony.TelephonyManager: java.lang.String getDeviceId()>
TaintSumBranch - [WARN]: Found a tainted return value!
PluginManager - [MSG]: TaintSumBranch Tainted Res: {359874043116909=<5 INVOKE,VIRTUAL,extra=[android.telephony.TelephonyManager/getDeviceId[], [9]]>, [Global RetReg]=<5 INVOKE,VIRTUAL,extra=[android.telephony.TelephonyManager/getDeviceId[], [9]]>}
Executor - [MSG]: 

Executor - [MSG]: <6 MOV,RESULT,dst=r8,type=java.lang.Object> at de.ecspride.MainActivity/aliasFlowTest[]
DalvikVM - [WARN]: ar 8, (359874043116909, java.lang.String)
OP_MOV_RESULT - [BB]: Result data: 359874043116909
OP_MOV_RESULT - [DEBUG]: Result data: 359874043116909, type: java.lang.String, to [reg 8@MainActivity/aliasFlowTest]
DalvikVM - [BB]: fu.hao.trust.dvm.Executor$OP_MOV_RESULT -> jump set pc to 7
TaintSumBranch - [BB]: <5 INVOKE,VIRTUAL,extra=[android.telephony.TelephonyManager/getDeviceId[], [9]]>
TaintSumBranch - [BB]: Add reg 8 due to ret reg.
PluginManager - [MSG]: TaintSumBranch Tainted Res: {359874043116909=<5 INVOKE,VIRTUAL,extra=[android.telephony.TelephonyManager/getDeviceId[], [9]]>, [reg 8@MainActivity/aliasFlowTest]=<5 INVOKE,VIRTUAL,extra=[android.telephony.TelephonyManager/getDeviceId[], [9]]>}
Executor - [MSG]: 

Executor - [MSG]: <7 NEW,INSTANCE,dst=r6,type=de.ecspride.MainActivity$B> at de.ecspride.MainActivity/aliasFlowTest[]
OP_NEW_INSTANCE - [DEBUG]: [reg 6@MainActivity/aliasFlowTest]
DalvikVM - [BB]: Superclass: de.ecspride.MainActivity$B
DalvikVM - [BB]: Superclass: java.lang.Object
DVMObject - [BB]: New instance of de.ecspride.MainActivity$B
Caller@4: <init>@fu.hao.trust.dvm.DVMObject - [BB]: getClass de.ecspride.MainActivity$B at fu.hao.trust.dvm.VMHeap@326dff70
Caller: getClass@fu.hao.trust.dvm.VMHeap - [BB]: new class representation for de.ecspride.MainActivity$B at fu.hao.trust.dvm.VMHeap@326dff70
Caller: <init>@fu.hao.trust.dvm.DVMObject - [BB]: Get DVMClass for type de.ecspride.MainActivity$B
Caller@4: <init>@fu.hao.trust.dvm.DVMObject - [BB]: getClass de.ecspride.MainActivity$B at fu.hao.trust.dvm.VMHeap@326dff70
DalvikVM - [WARN]: ar 6, (instance number 1@de.ecspride.MainActivity$B, de.ecspride.MainActivity$B)
OP_NEW_INSTANCE - [DEBUG]: New object of de.ecspride.MainActivity$Bcreated:instance number 1@de.ecspride.MainActivity$B
DalvikVM - [BB]: fu.hao.trust.dvm.Executor$OP_NEW_INSTANCE -> jump set pc to 8
TaintSumBranch - [BB]: Rdst [reg 6@MainActivity/aliasFlowTest]
PluginManager - [MSG]: TaintSumBranch Tainted Res: {359874043116909=<5 INVOKE,VIRTUAL,extra=[android.telephony.TelephonyManager/getDeviceId[], [9]]>, [reg 8@MainActivity/aliasFlowTest]=<5 INVOKE,VIRTUAL,extra=[android.telephony.TelephonyManager/getDeviceId[], [9]]>}
Executor - [MSG]: 

Executor - [MSG]: <8 INVOKE,DIRECT,extra=[de.ecspride.MainActivity$B/<init>[de.ecspride.MainActivity], [6, 14]]> at de.ecspride.MainActivity/aliasFlowTest[]
Executor - [MSG]: arg0 obj: instance number 1@de.ecspride.MainActivity$B
Executor - [WARN]: Reflection error: de.ecspride.MainActivity$B
DalvikVM - [BB]: fu.hao.trust.dvm.Executor -> jump set pc to 9
DalvikVM - [BB]: New method call: de.ecspride.MainActivity$B/<init>[de.ecspride.MainActivity]
DalvikVM - [BB]: [0]<0 SPECIAL,ARGUMENT_SET,extra=[0, 1]>
DalvikVM - [BB]: [1]<0 INSTANCE,IPUT,r0=r0,r1=r1,type=java.lang.Object,extra=de.ecspride.MainActivity$B.this$0>
DalvikVM - [BB]: [2]<0 INVOKE,DIRECT,extra=[java.lang.Object/<init>[], [0]]>
DalvikVM - [BB]: [3]<0 RETURN,VOID>
newStackFrame - [BB]: New Stack Frame: StackFrame de.ecspride.MainActivity$B/<init>[de.ecspride.MainActivity], pc 9 stored. 
newStackFrame - [BB]: Add frame StackFrame de.ecspride.MainActivity$B/<init>[de.ecspride.MainActivity]
newStackFrame - [BB]: Stack: [StackFrame de.ecspride.MainActivity/onCreate[android.os.Bundle], StackFrame de.ecspride.MainActivity/aliasFlowTest[], StackFrame de.ecspride.MainActivity$B/<init>[de.ecspride.MainActivity]]
TaintSumBranch - [BB]: <de.ecspride.MainActivity$B: void <init>(de.ecspride.MainActivity)>
TaintSumBranch - [DEBUG]: Not a taint call: <de.ecspride.MainActivity$B: void <init>(de.ecspride.MainActivity)>
PluginManager - [MSG]: TaintSumBranch Tainted Res: {359874043116909=<5 INVOKE,VIRTUAL,extra=[android.telephony.TelephonyManager/getDeviceId[], [9]]>}
DalvikVM - [BB]: fu.hao.trust.dvm.DalvikVM -> runInstrumentedMethods set pc to 0
Executor - [MSG]: 

Executor - [MSG]: <0 SPECIAL,ARGUMENT_SET,extra=[0, 1]> at de.ecspride.MainActivity$B/<init>[de.ecspride.MainActivity]
DalvikVM - [WARN]: ar 0, (instance number 1@de.ecspride.MainActivity$B, de.ecspride.MainActivity$B)
Executor - [DEBUG]: params: instance number 1@de.ecspride.MainActivity$B
DalvikVM - [WARN]: ar 1, (Activity:instance number 1@de.ecspride.MainActivity, de.ecspride.MainActivity)
Executor - [DEBUG]: params: Activity:instance number 1@de.ecspride.MainActivity
DalvikVM - [BB]: fu.hao.trust.dvm.Executor$OP_SP_ARGUMENTS -> jump set pc to 1
TaintSumBranch - [BB]: Copy 359874043116909 as tainted.
PluginManager - [MSG]: TaintSumBranch Tainted Res: {359874043116909=<5 INVOKE,VIRTUAL,extra=[android.telephony.TelephonyManager/getDeviceId[], [9]]>}
Executor - [MSG]: 

Executor - [MSG]: <1 INSTANCE,IPUT,r0=r0,r1=r1,type=java.lang.Object,extra=de.ecspride.MainActivity$B.this$0> at de.ecspride.MainActivity$B/<init>[de.ecspride.MainActivity]
class fu.hao.trust.dvm.Executor$OP_INSTANCE_PUT_FIELD - [BB]: field de.ecspride.MainActivity$B.this$0
class fu.hao.trust.dvm.Executor$OP_INSTANCE_PUT_FIELD - [BB]: Target obj instance number 1@de.ecspride.MainActivity$B
DVMObject - [DEBUG]: put field Activity:instance number 1@de.ecspride.MainActivity
class fu.hao.trust.dvm.Executor$OP_INSTANCE_PUT_FIELD - [MSG]: Put data Activity:instance number 1@de.ecspride.MainActivity to the field of instance number 1@de.ecspride.MainActivity$B
DalvikVM - [BB]: fu.hao.trust.dvm.Executor$OP_INSTANCE_PUT_FIELD -> jump set pc to 2
PluginManager - [MSG]: TaintSumBranch Tainted Res: {359874043116909=<5 INVOKE,VIRTUAL,extra=[android.telephony.TelephonyManager/getDeviceId[], [9]]>}
Executor - [MSG]: 

Executor - [MSG]: <2 INVOKE,DIRECT,extra=[java.lang.Object/<init>[], [0]]> at de.ecspride.MainActivity$B/<init>[de.ecspride.MainActivity]
Executor - [MSG]: arg0 obj: instance number 1@de.ecspride.MainActivity$B
Executor - [MSG]: Replace the clazz.
Executor - [BB]: java.lang.Object/<init>[] is a constructor!
Executor - [WARN]: Reflection error: de.ecspride.MainActivity$B
DalvikVM - [BB]: fu.hao.trust.dvm.Executor -> jump set pc to 3
TaintSumBranch - [BB]: <java.lang.Object: void <init>()>
TaintSumBranch - [DEBUG]: Not a taint call: <java.lang.Object: void <init>()>
PluginManager - [MSG]: TaintSumBranch Tainted Res: {359874043116909=<5 INVOKE,VIRTUAL,extra=[android.telephony.TelephonyManager/getDeviceId[], [9]]>}
Executor - [MSG]: 

Executor - [MSG]: <3 RETURN,VOID> at de.ecspride.MainActivity$B/<init>[de.ecspride.MainActivity]
class fu.hao.trust.dvm.Executor$OP_RETURN_VOID - [DEBUG]: Return void
DalvikVM - [BB]: stack [StackFrame de.ecspride.MainActivity/onCreate[android.os.Bundle], StackFrame de.ecspride.MainActivity/aliasFlowTest[]]
DalvikVM - [BB]: Back to the last stack frame.StackFrame de.ecspride.MainActivity/aliasFlowTest[]
PluginManager - [MSG]: TaintSumBranch Tainted Res: {359874043116909=<5 INVOKE,VIRTUAL,extra=[android.telephony.TelephonyManager/getDeviceId[], [9]]>, [reg 8@MainActivity/aliasFlowTest]=<5 INVOKE,VIRTUAL,extra=[android.telephony.TelephonyManager/getDeviceId[], [9]]>}
Executor - [MSG]: 

Executor - [MSG]: <9 NEW,INSTANCE,dst=r10,type=de.ecspride.MainActivity$B> at de.ecspride.MainActivity/aliasFlowTest[]
OP_NEW_INSTANCE - [DEBUG]: [reg 10@MainActivity/aliasFlowTest]
DalvikVM - [BB]: Superclass: de.ecspride.MainActivity$B
DalvikVM - [BB]: Superclass: java.lang.Object
DVMObject - [BB]: New instance of de.ecspride.MainActivity$B
Caller@4: <init>@fu.hao.trust.dvm.DVMObject - [BB]: getClass de.ecspride.MainActivity$B at fu.hao.trust.dvm.VMHeap@326dff70
Caller: <init>@fu.hao.trust.dvm.DVMObject - [BB]: Get DVMClass for type de.ecspride.MainActivity$B
Caller@4: <init>@fu.hao.trust.dvm.DVMObject - [BB]: getClass de.ecspride.MainActivity$B at fu.hao.trust.dvm.VMHeap@326dff70
DalvikVM - [WARN]: ar 10, (instance number 2@de.ecspride.MainActivity$B, de.ecspride.MainActivity$B)
OP_NEW_INSTANCE - [DEBUG]: New object of de.ecspride.MainActivity$Bcreated:instance number 2@de.ecspride.MainActivity$B
DalvikVM - [BB]: fu.hao.trust.dvm.Executor$OP_NEW_INSTANCE -> jump set pc to 10
TaintSumBranch - [BB]: Rdst [reg 10@MainActivity/aliasFlowTest]
PluginManager - [MSG]: TaintSumBranch Tainted Res: {359874043116909=<5 INVOKE,VIRTUAL,extra=[android.telephony.TelephonyManager/getDeviceId[], [9]]>, [reg 8@MainActivity/aliasFlowTest]=<5 INVOKE,VIRTUAL,extra=[android.telephony.TelephonyManager/getDeviceId[], [9]]>}
Executor - [MSG]: 

Executor - [MSG]: <10 INVOKE,DIRECT,extra=[de.ecspride.MainActivity$B/<init>[de.ecspride.MainActivity], [10, 14]]> at de.ecspride.MainActivity/aliasFlowTest[]
Executor - [MSG]: arg0 obj: instance number 2@de.ecspride.MainActivity$B
Executor - [WARN]: Reflection error: de.ecspride.MainActivity$B
DalvikVM - [BB]: fu.hao.trust.dvm.Executor -> jump set pc to 11
DalvikVM - [BB]: New method call: de.ecspride.MainActivity$B/<init>[de.ecspride.MainActivity]
DalvikVM - [BB]: [0]<0 SPECIAL,ARGUMENT_SET,extra=[0, 1]>
DalvikVM - [BB]: [1]<1 INSTANCE,IPUT,r0=r0,r1=r1,type=java.lang.Object,extra=de.ecspride.MainActivity$B.this$0>
DalvikVM - [BB]: [2]<2 INVOKE,DIRECT,extra=[java.lang.Object/<init>[], [0]]>
DalvikVM - [BB]: [3]<3 RETURN,VOID>
newStackFrame - [BB]: New Stack Frame: StackFrame de.ecspride.MainActivity$B/<init>[de.ecspride.MainActivity], pc 11 stored. 
newStackFrame - [BB]: Add frame StackFrame de.ecspride.MainActivity$B/<init>[de.ecspride.MainActivity]
newStackFrame - [BB]: Stack: [StackFrame de.ecspride.MainActivity/onCreate[android.os.Bundle], StackFrame de.ecspride.MainActivity/aliasFlowTest[], StackFrame de.ecspride.MainActivity$B/<init>[de.ecspride.MainActivity]]
TaintSumBranch - [BB]: <de.ecspride.MainActivity$B: void <init>(de.ecspride.MainActivity)>
TaintSumBranch - [DEBUG]: Not a taint call: <de.ecspride.MainActivity$B: void <init>(de.ecspride.MainActivity)>
PluginManager - [MSG]: TaintSumBranch Tainted Res: {359874043116909=<5 INVOKE,VIRTUAL,extra=[android.telephony.TelephonyManager/getDeviceId[], [9]]>}
DalvikVM - [BB]: fu.hao.trust.dvm.DalvikVM -> runInstrumentedMethods set pc to 0
Executor - [MSG]: 

Executor - [MSG]: <0 SPECIAL,ARGUMENT_SET,extra=[0, 1]> at de.ecspride.MainActivity$B/<init>[de.ecspride.MainActivity]
DalvikVM - [WARN]: ar 0, (instance number 2@de.ecspride.MainActivity$B, de.ecspride.MainActivity$B)
Executor - [DEBUG]: params: instance number 2@de.ecspride.MainActivity$B
DalvikVM - [WARN]: ar 1, (Activity:instance number 1@de.ecspride.MainActivity, de.ecspride.MainActivity)
Executor - [DEBUG]: params: Activity:instance number 1@de.ecspride.MainActivity
DalvikVM - [BB]: fu.hao.trust.dvm.Executor$OP_SP_ARGUMENTS -> jump set pc to 1
TaintSumBranch - [BB]: Copy 359874043116909 as tainted.
PluginManager - [MSG]: TaintSumBranch Tainted Res: {359874043116909=<5 INVOKE,VIRTUAL,extra=[android.telephony.TelephonyManager/getDeviceId[], [9]]>}
Executor - [MSG]: 

Executor - [MSG]: <1 INSTANCE,IPUT,r0=r0,r1=r1,type=java.lang.Object,extra=de.ecspride.MainActivity$B.this$0> at de.ecspride.MainActivity$B/<init>[de.ecspride.MainActivity]
class fu.hao.trust.dvm.Executor$OP_INSTANCE_PUT_FIELD - [BB]: field de.ecspride.MainActivity$B.this$0
class fu.hao.trust.dvm.Executor$OP_INSTANCE_PUT_FIELD - [BB]: Target obj instance number 2@de.ecspride.MainActivity$B
DVMObject - [DEBUG]: put field Activity:instance number 1@de.ecspride.MainActivity
class fu.hao.trust.dvm.Executor$OP_INSTANCE_PUT_FIELD - [MSG]: Put data Activity:instance number 1@de.ecspride.MainActivity to the field of instance number 2@de.ecspride.MainActivity$B
DalvikVM - [BB]: fu.hao.trust.dvm.Executor$OP_INSTANCE_PUT_FIELD -> jump set pc to 2
PluginManager - [MSG]: TaintSumBranch Tainted Res: {359874043116909=<5 INVOKE,VIRTUAL,extra=[android.telephony.TelephonyManager/getDeviceId[], [9]]>}
Executor - [MSG]: 

Executor - [MSG]: <2 INVOKE,DIRECT,extra=[java.lang.Object/<init>[], [0]]> at de.ecspride.MainActivity$B/<init>[de.ecspride.MainActivity]
Executor - [MSG]: arg0 obj: instance number 2@de.ecspride.MainActivity$B
Executor - [MSG]: Replace the clazz.
Executor - [BB]: java.lang.Object/<init>[] is a constructor!
Executor - [WARN]: Reflection error: de.ecspride.MainActivity$B
DalvikVM - [BB]: fu.hao.trust.dvm.Executor -> jump set pc to 3
TaintSumBranch - [BB]: <java.lang.Object: void <init>()>
TaintSumBranch - [DEBUG]: Not a taint call: <java.lang.Object: void <init>()>
PluginManager - [MSG]: TaintSumBranch Tainted Res: {359874043116909=<5 INVOKE,VIRTUAL,extra=[android.telephony.TelephonyManager/getDeviceId[], [9]]>}
Executor - [MSG]: 

Executor - [MSG]: <3 RETURN,VOID> at de.ecspride.MainActivity$B/<init>[de.ecspride.MainActivity]
class fu.hao.trust.dvm.Executor$OP_RETURN_VOID - [DEBUG]: Return void
DalvikVM - [BB]: stack [StackFrame de.ecspride.MainActivity/onCreate[android.os.Bundle], StackFrame de.ecspride.MainActivity/aliasFlowTest[]]
DalvikVM - [BB]: Back to the last stack frame.StackFrame de.ecspride.MainActivity/aliasFlowTest[]
PluginManager - [MSG]: TaintSumBranch Tainted Res: {359874043116909=<5 INVOKE,VIRTUAL,extra=[android.telephony.TelephonyManager/getDeviceId[], [9]]>, [reg 8@MainActivity/aliasFlowTest]=<5 INVOKE,VIRTUAL,extra=[android.telephony.TelephonyManager/getDeviceId[], [9]]>}
Executor - [MSG]: 

Executor - [MSG]: <11 NEW,INSTANCE,dst=r7,type=de.ecspride.MainActivity$A> at de.ecspride.MainActivity/aliasFlowTest[]
OP_NEW_INSTANCE - [DEBUG]: [reg 7@MainActivity/aliasFlowTest]
DalvikVM - [BB]: Superclass: de.ecspride.MainActivity$A
DalvikVM - [BB]: Superclass: java.lang.Object
DVMObject - [BB]: New instance of de.ecspride.MainActivity$A
Caller@4: <init>@fu.hao.trust.dvm.DVMObject - [BB]: getClass de.ecspride.MainActivity$A at fu.hao.trust.dvm.VMHeap@326dff70
Caller: getClass@fu.hao.trust.dvm.VMHeap - [BB]: new class representation for de.ecspride.MainActivity$A at fu.hao.trust.dvm.VMHeap@326dff70
Caller: <init>@fu.hao.trust.dvm.DVMObject - [BB]: Get DVMClass for type de.ecspride.MainActivity$A
Caller@4: <init>@fu.hao.trust.dvm.DVMObject - [BB]: getClass de.ecspride.MainActivity$A at fu.hao.trust.dvm.VMHeap@326dff70
DalvikVM - [WARN]: ar 7, (instance number 1@de.ecspride.MainActivity$A, de.ecspride.MainActivity$A)
OP_NEW_INSTANCE - [DEBUG]: New object of de.ecspride.MainActivity$Acreated:instance number 1@de.ecspride.MainActivity$A
DalvikVM - [BB]: fu.hao.trust.dvm.Executor$OP_NEW_INSTANCE -> jump set pc to 12
TaintSumBranch - [BB]: Rdst [reg 7@MainActivity/aliasFlowTest]
PluginManager - [MSG]: TaintSumBranch Tainted Res: {359874043116909=<5 INVOKE,VIRTUAL,extra=[android.telephony.TelephonyManager/getDeviceId[], [9]]>, [reg 8@MainActivity/aliasFlowTest]=<5 INVOKE,VIRTUAL,extra=[android.telephony.TelephonyManager/getDeviceId[], [9]]>}
Executor - [MSG]: 

Executor - [MSG]: <12 INVOKE,DIRECT,extra=[de.ecspride.MainActivity$A/<init>[de.ecspride.MainActivity], [7, 14]]> at de.ecspride.MainActivity/aliasFlowTest[]
Executor - [MSG]: arg0 obj: instance number 1@de.ecspride.MainActivity$A
Executor - [WARN]: Reflection error: de.ecspride.MainActivity$A
DalvikVM - [BB]: fu.hao.trust.dvm.Executor -> jump set pc to 13
DalvikVM - [BB]: New method call: de.ecspride.MainActivity$A/<init>[de.ecspride.MainActivity]
DalvikVM - [BB]: [0]<0 SPECIAL,ARGUMENT_SET,extra=[1, 2]>
DalvikVM - [BB]: [1]<0 INSTANCE,IPUT,r0=r1,r1=r2,type=java.lang.Object,extra=de.ecspride.MainActivity$A.this$0>
DalvikVM - [BB]: [2]<0 INVOKE,DIRECT,extra=[java.lang.Object/<init>[], [1]]>
DalvikVM - [BB]: [3]<2 MOV,CONST,dst=r0,type=java.lang.String,extra="Y">
DalvikVM - [BB]: [4]<0 INSTANCE,IPUT,r0=r1,r1=r0,type=java.lang.Object,extra=de.ecspride.MainActivity$A.b>
DalvikVM - [BB]: [5]<0 RETURN,VOID>
newStackFrame - [BB]: New Stack Frame: StackFrame de.ecspride.MainActivity$A/<init>[de.ecspride.MainActivity], pc 13 stored. 
newStackFrame - [BB]: Add frame StackFrame de.ecspride.MainActivity$A/<init>[de.ecspride.MainActivity]
newStackFrame - [BB]: Stack: [StackFrame de.ecspride.MainActivity/onCreate[android.os.Bundle], StackFrame de.ecspride.MainActivity/aliasFlowTest[], StackFrame de.ecspride.MainActivity$A/<init>[de.ecspride.MainActivity]]
TaintSumBranch - [BB]: <de.ecspride.MainActivity$A: void <init>(de.ecspride.MainActivity)>
TaintSumBranch - [DEBUG]: Not a taint call: <de.ecspride.MainActivity$A: void <init>(de.ecspride.MainActivity)>
PluginManager - [MSG]: TaintSumBranch Tainted Res: {359874043116909=<5 INVOKE,VIRTUAL,extra=[android.telephony.TelephonyManager/getDeviceId[], [9]]>}
DalvikVM - [BB]: fu.hao.trust.dvm.DalvikVM -> runInstrumentedMethods set pc to 0
Executor - [MSG]: 

Executor - [MSG]: <0 SPECIAL,ARGUMENT_SET,extra=[1, 2]> at de.ecspride.MainActivity$A/<init>[de.ecspride.MainActivity]
DalvikVM - [WARN]: ar 1, (instance number 1@de.ecspride.MainActivity$A, de.ecspride.MainActivity$A)
Executor - [DEBUG]: params: instance number 1@de.ecspride.MainActivity$A
DalvikVM - [WARN]: ar 2, (Activity:instance number 1@de.ecspride.MainActivity, de.ecspride.MainActivity)
Executor - [DEBUG]: params: Activity:instance number 1@de.ecspride.MainActivity
DalvikVM - [BB]: fu.hao.trust.dvm.Executor$OP_SP_ARGUMENTS -> jump set pc to 1
TaintSumBranch - [BB]: Copy 359874043116909 as tainted.
PluginManager - [MSG]: TaintSumBranch Tainted Res: {359874043116909=<5 INVOKE,VIRTUAL,extra=[android.telephony.TelephonyManager/getDeviceId[], [9]]>}
Executor - [MSG]: 

Executor - [MSG]: <1 INSTANCE,IPUT,r0=r1,r1=r2,type=java.lang.Object,extra=de.ecspride.MainActivity$A.this$0> at de.ecspride.MainActivity$A/<init>[de.ecspride.MainActivity]
class fu.hao.trust.dvm.Executor$OP_INSTANCE_PUT_FIELD - [BB]: field de.ecspride.MainActivity$A.this$0
class fu.hao.trust.dvm.Executor$OP_INSTANCE_PUT_FIELD - [BB]: Target obj instance number 1@de.ecspride.MainActivity$A
DVMObject - [DEBUG]: put field Activity:instance number 1@de.ecspride.MainActivity
class fu.hao.trust.dvm.Executor$OP_INSTANCE_PUT_FIELD - [MSG]: Put data Activity:instance number 1@de.ecspride.MainActivity to the field of instance number 1@de.ecspride.MainActivity$A
DalvikVM - [BB]: fu.hao.trust.dvm.Executor$OP_INSTANCE_PUT_FIELD -> jump set pc to 2
PluginManager - [MSG]: TaintSumBranch Tainted Res: {359874043116909=<5 INVOKE,VIRTUAL,extra=[android.telephony.TelephonyManager/getDeviceId[], [9]]>}
Executor - [MSG]: 

Executor - [MSG]: <2 INVOKE,DIRECT,extra=[java.lang.Object/<init>[], [1]]> at de.ecspride.MainActivity$A/<init>[de.ecspride.MainActivity]
Executor - [MSG]: arg0 obj: instance number 1@de.ecspride.MainActivity$A
Executor - [MSG]: Replace the clazz.
Executor - [BB]: java.lang.Object/<init>[] is a constructor!
Executor - [WARN]: Reflection error: de.ecspride.MainActivity$A
DalvikVM - [BB]: fu.hao.trust.dvm.Executor -> jump set pc to 3
TaintSumBranch - [BB]: <java.lang.Object: void <init>()>
TaintSumBranch - [DEBUG]: Not a taint call: <java.lang.Object: void <init>()>
PluginManager - [MSG]: TaintSumBranch Tainted Res: {359874043116909=<5 INVOKE,VIRTUAL,extra=[android.telephony.TelephonyManager/getDeviceId[], [9]]>}
Executor - [MSG]: 

Executor - [MSG]: <3 MOV,CONST,dst=r0,type=java.lang.String,extra="Y"> at de.ecspride.MainActivity$A/<init>[de.ecspride.MainActivity]
Executor - [DEBUG]: Mov const begin <3 MOV,CONST,dst=r0,type=java.lang.String,extra="Y">
DalvikVM - [WARN]: ar 0, (Y, java.lang.String)
Executor - [DEBUG]: data: Y class java.lang.String
DalvikVM - [BB]: fu.hao.trust.dvm.Executor$OP_MOV_CONST -> jump set pc to 4
PluginManager - [MSG]: TaintSumBranch Tainted Res: {359874043116909=<5 INVOKE,VIRTUAL,extra=[android.telephony.TelephonyManager/getDeviceId[], [9]]>}
Executor - [MSG]: 

Executor - [MSG]: <4 INSTANCE,IPUT,r0=r1,r1=r0,type=java.lang.Object,extra=de.ecspride.MainActivity$A.b> at de.ecspride.MainActivity$A/<init>[de.ecspride.MainActivity]
class fu.hao.trust.dvm.Executor$OP_INSTANCE_PUT_FIELD - [BB]: field de.ecspride.MainActivity$A.b
class fu.hao.trust.dvm.Executor$OP_INSTANCE_PUT_FIELD - [BB]: Target obj instance number 1@de.ecspride.MainActivity$A
DVMObject - [DEBUG]: put field Y
class fu.hao.trust.dvm.Executor$OP_INSTANCE_PUT_FIELD - [MSG]: Put data Y to the field of instance number 1@de.ecspride.MainActivity$A
DalvikVM - [BB]: fu.hao.trust.dvm.Executor$OP_INSTANCE_PUT_FIELD -> jump set pc to 5
PluginManager - [MSG]: TaintSumBranch Tainted Res: {359874043116909=<5 INVOKE,VIRTUAL,extra=[android.telephony.TelephonyManager/getDeviceId[], [9]]>}
Executor - [MSG]: 

Executor - [MSG]: <5 RETURN,VOID> at de.ecspride.MainActivity$A/<init>[de.ecspride.MainActivity]
class fu.hao.trust.dvm.Executor$OP_RETURN_VOID - [DEBUG]: Return void
DalvikVM - [BB]: stack [StackFrame de.ecspride.MainActivity/onCreate[android.os.Bundle], StackFrame de.ecspride.MainActivity/aliasFlowTest[]]
DalvikVM - [BB]: Back to the last stack frame.StackFrame de.ecspride.MainActivity/aliasFlowTest[]
PluginManager - [MSG]: TaintSumBranch Tainted Res: {359874043116909=<5 INVOKE,VIRTUAL,extra=[android.telephony.TelephonyManager/getDeviceId[], [9]]>, [reg 8@MainActivity/aliasFlowTest]=<5 INVOKE,VIRTUAL,extra=[android.telephony.TelephonyManager/getDeviceId[], [9]]>}
Executor - [MSG]: 

Executor - [MSG]: <13 NEW,INSTANCE,dst=r11,type=de.ecspride.MainActivity$A> at de.ecspride.MainActivity/aliasFlowTest[]
OP_NEW_INSTANCE - [DEBUG]: [reg 11@MainActivity/aliasFlowTest]
DalvikVM - [BB]: Superclass: de.ecspride.MainActivity$A
DalvikVM - [BB]: Superclass: java.lang.Object
DVMObject - [BB]: New instance of de.ecspride.MainActivity$A
Caller@4: <init>@fu.hao.trust.dvm.DVMObject - [BB]: getClass de.ecspride.MainActivity$A at fu.hao.trust.dvm.VMHeap@326dff70
Caller: <init>@fu.hao.trust.dvm.DVMObject - [BB]: Get DVMClass for type de.ecspride.MainActivity$A
Caller@4: <init>@fu.hao.trust.dvm.DVMObject - [BB]: getClass de.ecspride.MainActivity$A at fu.hao.trust.dvm.VMHeap@326dff70
DalvikVM - [WARN]: ar 11, (instance number 2@de.ecspride.MainActivity$A, de.ecspride.MainActivity$A)
OP_NEW_INSTANCE - [DEBUG]: New object of de.ecspride.MainActivity$Acreated:instance number 2@de.ecspride.MainActivity$A
DalvikVM - [BB]: fu.hao.trust.dvm.Executor$OP_NEW_INSTANCE -> jump set pc to 14
TaintSumBranch - [BB]: Rdst [reg 11@MainActivity/aliasFlowTest]
PluginManager - [MSG]: TaintSumBranch Tainted Res: {359874043116909=<5 INVOKE,VIRTUAL,extra=[android.telephony.TelephonyManager/getDeviceId[], [9]]>, [reg 8@MainActivity/aliasFlowTest]=<5 INVOKE,VIRTUAL,extra=[android.telephony.TelephonyManager/getDeviceId[], [9]]>}
Executor - [MSG]: 

Executor - [MSG]: <14 INVOKE,DIRECT,extra=[de.ecspride.MainActivity$A/<init>[de.ecspride.MainActivity], [11, 14]]> at de.ecspride.MainActivity/aliasFlowTest[]
Executor - [MSG]: arg0 obj: instance number 2@de.ecspride.MainActivity$A
Executor - [WARN]: Reflection error: de.ecspride.MainActivity$A
DalvikVM - [BB]: fu.hao.trust.dvm.Executor -> jump set pc to 15
DalvikVM - [BB]: New method call: de.ecspride.MainActivity$A/<init>[de.ecspride.MainActivity]
DalvikVM - [BB]: [0]<0 SPECIAL,ARGUMENT_SET,extra=[1, 2]>
DalvikVM - [BB]: [1]<1 INSTANCE,IPUT,r0=r1,r1=r2,type=java.lang.Object,extra=de.ecspride.MainActivity$A.this$0>
DalvikVM - [BB]: [2]<2 INVOKE,DIRECT,extra=[java.lang.Object/<init>[], [1]]>
DalvikVM - [BB]: [3]<3 MOV,CONST,dst=r0,type=java.lang.String,extra="Y">
DalvikVM - [BB]: [4]<4 INSTANCE,IPUT,r0=r1,r1=r0,type=java.lang.Object,extra=de.ecspride.MainActivity$A.b>
DalvikVM - [BB]: [5]<5 RETURN,VOID>
newStackFrame - [BB]: New Stack Frame: StackFrame de.ecspride.MainActivity$A/<init>[de.ecspride.MainActivity], pc 15 stored. 
newStackFrame - [BB]: Add frame StackFrame de.ecspride.MainActivity$A/<init>[de.ecspride.MainActivity]
newStackFrame - [BB]: Stack: [StackFrame de.ecspride.MainActivity/onCreate[android.os.Bundle], StackFrame de.ecspride.MainActivity/aliasFlowTest[], StackFrame de.ecspride.MainActivity$A/<init>[de.ecspride.MainActivity]]
TaintSumBranch - [BB]: <de.ecspride.MainActivity$A: void <init>(de.ecspride.MainActivity)>
TaintSumBranch - [DEBUG]: Not a taint call: <de.ecspride.MainActivity$A: void <init>(de.ecspride.MainActivity)>
PluginManager - [MSG]: TaintSumBranch Tainted Res: {359874043116909=<5 INVOKE,VIRTUAL,extra=[android.telephony.TelephonyManager/getDeviceId[], [9]]>}
DalvikVM - [BB]: fu.hao.trust.dvm.DalvikVM -> runInstrumentedMethods set pc to 0
Executor - [MSG]: 

Executor - [MSG]: <0 SPECIAL,ARGUMENT_SET,extra=[1, 2]> at de.ecspride.MainActivity$A/<init>[de.ecspride.MainActivity]
DalvikVM - [WARN]: ar 1, (instance number 2@de.ecspride.MainActivity$A, de.ecspride.MainActivity$A)
Executor - [DEBUG]: params: instance number 2@de.ecspride.MainActivity$A
DalvikVM - [WARN]: ar 2, (Activity:instance number 1@de.ecspride.MainActivity, de.ecspride.MainActivity)
Executor - [DEBUG]: params: Activity:instance number 1@de.ecspride.MainActivity
DalvikVM - [BB]: fu.hao.trust.dvm.Executor$OP_SP_ARGUMENTS -> jump set pc to 1
TaintSumBranch - [BB]: Copy 359874043116909 as tainted.
PluginManager - [MSG]: TaintSumBranch Tainted Res: {359874043116909=<5 INVOKE,VIRTUAL,extra=[android.telephony.TelephonyManager/getDeviceId[], [9]]>}
Executor - [MSG]: 

Executor - [MSG]: <1 INSTANCE,IPUT,r0=r1,r1=r2,type=java.lang.Object,extra=de.ecspride.MainActivity$A.this$0> at de.ecspride.MainActivity$A/<init>[de.ecspride.MainActivity]
class fu.hao.trust.dvm.Executor$OP_INSTANCE_PUT_FIELD - [BB]: field de.ecspride.MainActivity$A.this$0
class fu.hao.trust.dvm.Executor$OP_INSTANCE_PUT_FIELD - [BB]: Target obj instance number 2@de.ecspride.MainActivity$A
DVMObject - [DEBUG]: put field Activity:instance number 1@de.ecspride.MainActivity
class fu.hao.trust.dvm.Executor$OP_INSTANCE_PUT_FIELD - [MSG]: Put data Activity:instance number 1@de.ecspride.MainActivity to the field of instance number 2@de.ecspride.MainActivity$A
DalvikVM - [BB]: fu.hao.trust.dvm.Executor$OP_INSTANCE_PUT_FIELD -> jump set pc to 2
PluginManager - [MSG]: TaintSumBranch Tainted Res: {359874043116909=<5 INVOKE,VIRTUAL,extra=[android.telephony.TelephonyManager/getDeviceId[], [9]]>}
Executor - [MSG]: 

Executor - [MSG]: <2 INVOKE,DIRECT,extra=[java.lang.Object/<init>[], [1]]> at de.ecspride.MainActivity$A/<init>[de.ecspride.MainActivity]
Executor - [MSG]: arg0 obj: instance number 2@de.ecspride.MainActivity$A
Executor - [MSG]: Replace the clazz.
Executor - [BB]: java.lang.Object/<init>[] is a constructor!
Executor - [WARN]: Reflection error: de.ecspride.MainActivity$A
DalvikVM - [BB]: fu.hao.trust.dvm.Executor -> jump set pc to 3
TaintSumBranch - [BB]: <java.lang.Object: void <init>()>
TaintSumBranch - [DEBUG]: Not a taint call: <java.lang.Object: void <init>()>
PluginManager - [MSG]: TaintSumBranch Tainted Res: {359874043116909=<5 INVOKE,VIRTUAL,extra=[android.telephony.TelephonyManager/getDeviceId[], [9]]>}
Executor - [MSG]: 

Executor - [MSG]: <3 MOV,CONST,dst=r0,type=java.lang.String,extra="Y"> at de.ecspride.MainActivity$A/<init>[de.ecspride.MainActivity]
Executor - [DEBUG]: Mov const begin <3 MOV,CONST,dst=r0,type=java.lang.String,extra="Y">
DalvikVM - [WARN]: ar 0, (Y, java.lang.String)
Executor - [DEBUG]: data: Y class java.lang.String
DalvikVM - [BB]: fu.hao.trust.dvm.Executor$OP_MOV_CONST -> jump set pc to 4
PluginManager - [MSG]: TaintSumBranch Tainted Res: {359874043116909=<5 INVOKE,VIRTUAL,extra=[android.telephony.TelephonyManager/getDeviceId[], [9]]>}
Executor - [MSG]: 

Executor - [MSG]: <4 INSTANCE,IPUT,r0=r1,r1=r0,type=java.lang.Object,extra=de.ecspride.MainActivity$A.b> at de.ecspride.MainActivity$A/<init>[de.ecspride.MainActivity]
class fu.hao.trust.dvm.Executor$OP_INSTANCE_PUT_FIELD - [BB]: field de.ecspride.MainActivity$A.b
class fu.hao.trust.dvm.Executor$OP_INSTANCE_PUT_FIELD - [BB]: Target obj instance number 2@de.ecspride.MainActivity$A
DVMObject - [DEBUG]: put field Y
class fu.hao.trust.dvm.Executor$OP_INSTANCE_PUT_FIELD - [MSG]: Put data Y to the field of instance number 2@de.ecspride.MainActivity$A
DalvikVM - [BB]: fu.hao.trust.dvm.Executor$OP_INSTANCE_PUT_FIELD -> jump set pc to 5
PluginManager - [MSG]: TaintSumBranch Tainted Res: {359874043116909=<5 INVOKE,VIRTUAL,extra=[android.telephony.TelephonyManager/getDeviceId[], [9]]>}
Executor - [MSG]: 

Executor - [MSG]: <5 RETURN,VOID> at de.ecspride.MainActivity$A/<init>[de.ecspride.MainActivity]
class fu.hao.trust.dvm.Executor$OP_RETURN_VOID - [DEBUG]: Return void
DalvikVM - [BB]: stack [StackFrame de.ecspride.MainActivity/onCreate[android.os.Bundle], StackFrame de.ecspride.MainActivity/aliasFlowTest[]]
DalvikVM - [BB]: Back to the last stack frame.StackFrame de.ecspride.MainActivity/aliasFlowTest[]
PluginManager - [MSG]: TaintSumBranch Tainted Res: {359874043116909=<5 INVOKE,VIRTUAL,extra=[android.telephony.TelephonyManager/getDeviceId[], [9]]>, [reg 8@MainActivity/aliasFlowTest]=<5 INVOKE,VIRTUAL,extra=[android.telephony.TelephonyManager/getDeviceId[], [9]]>}
Executor - [MSG]: 

Executor - [MSG]: <15 INVOKE,STATIC,extra=[java.lang.Math/random[], []]> at de.ecspride.MainActivity/aliasFlowTest[]
Executor - [DEBUG]: Reflction class java.lang.Math
DalvikVM - [WARN]: ar -1, (0.9505965461034733, double)
Executor - [MSG]: reflction invocation public static double java.lang.Math.random()
DalvikVM - [BB]: Set reflective call: public static double java.lang.Math.random()
DalvikVM - [BB]: fu.hao.trust.dvm.Executor$OP_INVOKE_STATIC -> jump set pc to 16
TaintSumBranch - [BB]: <java.lang.Math: double random()>
TaintSumBranch - [DEBUG]: Not a taint call: <java.lang.Math: double random()>
PluginManager - [MSG]: TaintSumBranch Tainted Res: {359874043116909=<5 INVOKE,VIRTUAL,extra=[android.telephony.TelephonyManager/getDeviceId[], [9]]>, [reg 8@MainActivity/aliasFlowTest]=<5 INVOKE,VIRTUAL,extra=[android.telephony.TelephonyManager/getDeviceId[], [9]]>}
Executor - [MSG]: 

Executor - [MSG]: <16 MOV,RESULT,dst=r2,type=AndroidWide> at de.ecspride.MainActivity/aliasFlowTest[]
DalvikVM - [WARN]: ar -1 (0.9505965461034733, double), (0.9505965461034733d, double)
DalvikVM - [WARN]: ar 2, (0.9505965461034733d, double)
OP_MOV_RESULT - [BB]: Result data: 0.9505965461034733d
OP_MOV_RESULT - [DEBUG]: Result data: 0.9505965461034733d, type: double, to [reg 2@MainActivity/aliasFlowTest]
DalvikVM - [BB]: fu.hao.trust.dvm.Executor$OP_MOV_RESULT -> jump set pc to 17
PluginManager - [MSG]: TaintSumBranch Tainted Res: {359874043116909=<5 INVOKE,VIRTUAL,extra=[android.telephony.TelephonyManager/getDeviceId[], [9]]>, [reg 8@MainActivity/aliasFlowTest]=<5 INVOKE,VIRTUAL,extra=[android.telephony.TelephonyManager/getDeviceId[], [9]]>}
Executor - [MSG]: 

Executor - [MSG]: <17 MOV,CONST,dst=r4,type=AndroidWide,extra=class java.lang.Double?0.5> at de.ecspride.MainActivity/aliasFlowTest[]
Executor - [DEBUG]: Mov const begin <17 MOV,CONST,dst=r4,type=AndroidWide,extra=class java.lang.Double?0.5>
DalvikVM - [WARN]: ar 4, (0.5, AndroidWide)
Executor - [DEBUG]: data: 0.5 class java.lang.Double
DalvikVM - [BB]: fu.hao.trust.dvm.Executor$OP_MOV_CONST -> jump set pc to 18
PluginManager - [MSG]: TaintSumBranch Tainted Res: {359874043116909=<5 INVOKE,VIRTUAL,extra=[android.telephony.TelephonyManager/getDeviceId[], [9]]>, [reg 8@MainActivity/aliasFlowTest]=<5 INVOKE,VIRTUAL,extra=[android.telephony.TelephonyManager/getDeviceId[], [9]]>}
Executor - [MSG]: 

Executor - [MSG]: <18 CMP,CMPG,dst=r1,r0=r2,r1=r4,type=double> at de.ecspride.MainActivity/aliasFlowTest[]
Executor - [DEBUG]: Ops: 0.9505965461034733d, 0
DalvikVM - [WARN]: ar 1 (phone, java.lang.String), (1, int)
DalvikVM - [BB]: fu.hao.trust.dvm.Executor$OP_CMP_GREATER -> jump set pc to 19
PluginManager - [MSG]: TaintSumBranch Tainted Res: {359874043116909=<5 INVOKE,VIRTUAL,extra=[android.telephony.TelephonyManager/getDeviceId[], [9]]>, [reg 8@MainActivity/aliasFlowTest]=<5 INVOKE,VIRTUAL,extra=[android.telephony.TelephonyManager/getDeviceId[], [9]]>}
Executor - [MSG]: 

Executor - [MSG]: <19 IF,GEZ,r0=r1,extra=index:34> at de.ecspride.MainActivity/aliasFlowTest[]
OP_CMP - [DEBUG]: r0 data 1
OP_CMP - [DEBUG]: r0 type int
Executor - [DEBUG]: Ops: 1, 0
DalvikVM - [BB]: fu.hao.trust.dvm.Executor$OP_IF_GEZ -> jump set pc to 34
Executor - [DEBUG]: not equ: <19 IF,GEZ,r0=r1,extra=index:34>
PluginManager - [MSG]: TaintSumBranch Tainted Res: {359874043116909=<5 INVOKE,VIRTUAL,extra=[android.telephony.TelephonyManager/getDeviceId[], [9]]>, [reg 8@MainActivity/aliasFlowTest]=<5 INVOKE,VIRTUAL,extra=[android.telephony.TelephonyManager/getDeviceId[], [9]]>}
Executor - [MSG]: 

Executor - [MSG]: <34 MOV,REG,dst=r12,r0=r10,type=java.lang.Object> at de.ecspride.MainActivity/aliasFlowTest[]
DalvikVM - [WARN]: ar 12, (instance number 2@de.ecspride.MainActivity$B, de.ecspride.MainActivity$B)
class fu.hao.trust.dvm.Executor$OP_MOVE_REG - [DEBUG]: mov instance number 2@de.ecspride.MainActivity$B to instance number 2@de.ecspride.MainActivity$B
DalvikVM - [BB]: fu.hao.trust.dvm.Executor$OP_MOVE_REG -> jump set pc to 35
PluginManager - [MSG]: TaintSumBranch Tainted Res: {359874043116909=<5 INVOKE,VIRTUAL,extra=[android.telephony.TelephonyManager/getDeviceId[], [9]]>, [reg 8@MainActivity/aliasFlowTest]=<5 INVOKE,VIRTUAL,extra=[android.telephony.TelephonyManager/getDeviceId[], [9]]>}
Executor - [MSG]: 

Executor - [MSG]: <35 MOV,REG,dst=r13,r0=r11,type=java.lang.Object> at de.ecspride.MainActivity/aliasFlowTest[]
DalvikVM - [WARN]: ar 13, (instance number 2@de.ecspride.MainActivity$A, de.ecspride.MainActivity$A)
class fu.hao.trust.dvm.Executor$OP_MOVE_REG - [DEBUG]: mov instance number 2@de.ecspride.MainActivity$A to instance number 2@de.ecspride.MainActivity$A
DalvikVM - [BB]: fu.hao.trust.dvm.Executor$OP_MOVE_REG -> jump set pc to 36
PluginManager - [MSG]: TaintSumBranch Tainted Res: {359874043116909=<5 INVOKE,VIRTUAL,extra=[android.telephony.TelephonyManager/getDeviceId[], [9]]>, [reg 8@MainActivity/aliasFlowTest]=<5 INVOKE,VIRTUAL,extra=[android.telephony.TelephonyManager/getDeviceId[], [9]]>}
Executor - [MSG]: 

Executor - [MSG]: <36 GOTO,extra=index:22> at de.ecspride.MainActivity/aliasFlowTest[]
DalvikVM - [BB]: fu.hao.trust.dvm.Executor$OP_GOTO -> jump set pc to 22
Executor - [DEBUG]: goto done: <36 GOTO,extra=index:22>
TaintSumBranch - [BB]: Not a taint op <36 GOTO,extra=index:22>
PluginManager - [MSG]: TaintSumBranch Tainted Res: {359874043116909=<5 INVOKE,VIRTUAL,extra=[android.telephony.TelephonyManager/getDeviceId[], [9]]>, [reg 8@MainActivity/aliasFlowTest]=<5 INVOKE,VIRTUAL,extra=[android.telephony.TelephonyManager/getDeviceId[], [9]]>}
Executor - [MSG]: 

Executor - [MSG]: <22 INSTANCE,IPUT,r0=r12,r1=r13,type=java.lang.Object,extra=de.ecspride.MainActivity$B.attr> at de.ecspride.MainActivity/aliasFlowTest[]
class fu.hao.trust.dvm.Executor$OP_INSTANCE_PUT_FIELD - [BB]: field de.ecspride.MainActivity$B.attr
class fu.hao.trust.dvm.Executor$OP_INSTANCE_PUT_FIELD - [BB]: Target obj instance number 2@de.ecspride.MainActivity$B
DVMObject - [DEBUG]: put field instance number 2@de.ecspride.MainActivity$A
class fu.hao.trust.dvm.Executor$OP_INSTANCE_PUT_FIELD - [MSG]: Put data instance number 2@de.ecspride.MainActivity$A to the field of instance number 2@de.ecspride.MainActivity$B
DalvikVM - [BB]: fu.hao.trust.dvm.Executor$OP_INSTANCE_PUT_FIELD -> jump set pc to 23
PluginManager - [MSG]: TaintSumBranch Tainted Res: {359874043116909=<5 INVOKE,VIRTUAL,extra=[android.telephony.TelephonyManager/getDeviceId[], [9]]>, [reg 8@MainActivity/aliasFlowTest]=<5 INVOKE,VIRTUAL,extra=[android.telephony.TelephonyManager/getDeviceId[], [9]]>}
Executor - [MSG]: 

Executor - [MSG]: <23 INSTANCE,IPUT,r0=r11,r1=r8,type=java.lang.Object,extra=de.ecspride.MainActivity$A.b> at de.ecspride.MainActivity/aliasFlowTest[]
class fu.hao.trust.dvm.Executor$OP_INSTANCE_PUT_FIELD - [BB]: field de.ecspride.MainActivity$A.b
class fu.hao.trust.dvm.Executor$OP_INSTANCE_PUT_FIELD - [BB]: Target obj instance number 2@de.ecspride.MainActivity$A
DVMObject - [DEBUG]: put field 359874043116909
class fu.hao.trust.dvm.Executor$OP_INSTANCE_PUT_FIELD - [MSG]: Put data 359874043116909 to the field of instance number 2@de.ecspride.MainActivity$A
DalvikVM - [BB]: fu.hao.trust.dvm.Executor$OP_INSTANCE_PUT_FIELD -> jump set pc to 24
TaintSumBranch - [BB]: Add 359874043116909as tainted due to [reg 8@MainActivity/aliasFlowTest]
TaintSumBranch - [MSG]: has false
TaintSumBranch - [MSG]: Tfields: {}
Results - [MSG]: Set new tainted heap loc true
TaintSumBranch - [MSG]: New tainted heap loc: /attr/b
TaintSumBranch - [MSG]: {}
Results - [MSG]: New recorded tainted field: /attr/b
TaintSumBranch - [MSG]: has true
PluginManager - [MSG]: TaintSumBranch Tainted Res: {359874043116909=<5 INVOKE,VIRTUAL,extra=[android.telephony.TelephonyManager/getDeviceId[], [9]]>, [reg 8@MainActivity/aliasFlowTest]=<5 INVOKE,VIRTUAL,extra=[android.telephony.TelephonyManager/getDeviceId[], [9]]>}
Executor - [MSG]: 

Executor - [MSG]: <24 INVOKE,STATIC,extra=[android.telephony.SmsManager/getDefault[], []]> at de.ecspride.MainActivity/aliasFlowTest[]
Executor - [DEBUG]: Reflction class android.telephony.SmsManager
DalvikVM - [WARN]: ar -1, (android.telephony.SmsManager@13b5b562, android.telephony.SmsManager)
Executor - [MSG]: reflction invocation public static android.telephony.SmsManager android.telephony.SmsManager.getDefault()
DalvikVM - [BB]: Set reflective call: public static android.telephony.SmsManager android.telephony.SmsManager.getDefault()
DalvikVM - [BB]: fu.hao.trust.dvm.Executor$OP_INVOKE_STATIC -> jump set pc to 25
TaintSumBranch - [BB]: <android.telephony.SmsManager: android.telephony.SmsManager getDefault()>
TaintSumBranch - [DEBUG]: Not a taint call: <android.telephony.SmsManager: android.telephony.SmsManager getDefault()>
PluginManager - [MSG]: TaintSumBranch Tainted Res: {359874043116909=<5 INVOKE,VIRTUAL,extra=[android.telephony.TelephonyManager/getDeviceId[], [9]]>, [reg 8@MainActivity/aliasFlowTest]=<5 INVOKE,VIRTUAL,extra=[android.telephony.TelephonyManager/getDeviceId[], [9]]>}
Executor - [MSG]: 

Executor - [MSG]: <25 MOV,RESULT,dst=r0,type=java.lang.Object> at de.ecspride.MainActivity/aliasFlowTest[]
DalvikVM - [WARN]: ar 0, (android.telephony.SmsManager@13b5b562, android.telephony.SmsManager)
OP_MOV_RESULT - [BB]: Result data: android.telephony.SmsManager@13b5b562
OP_MOV_RESULT - [DEBUG]: Result data: android.telephony.SmsManager@13b5b562, type: android.telephony.SmsManager, to [reg 0@MainActivity/aliasFlowTest]
DalvikVM - [BB]: fu.hao.trust.dvm.Executor$OP_MOV_RESULT -> jump set pc to 26
PluginManager - [MSG]: TaintSumBranch Tainted Res: {359874043116909=<5 INVOKE,VIRTUAL,extra=[android.telephony.TelephonyManager/getDeviceId[], [9]]>, [reg 8@MainActivity/aliasFlowTest]=<5 INVOKE,VIRTUAL,extra=[android.telephony.TelephonyManager/getDeviceId[], [9]]>}
Executor - [MSG]: 

Executor - [MSG]: <26 MOV,CONST,dst=r1,type=java.lang.String,extra="+49 1234"> at de.ecspride.MainActivity/aliasFlowTest[]
Executor - [DEBUG]: Mov const begin <26 MOV,CONST,dst=r1,type=java.lang.String,extra="+49 1234">
DalvikVM - [WARN]: ar 1 (1, int), (+49 1234, java.lang.String)
Executor - [DEBUG]: data: +49 1234 class java.lang.String
DalvikVM - [BB]: fu.hao.trust.dvm.Executor$OP_MOV_CONST -> jump set pc to 27
PluginManager - [MSG]: TaintSumBranch Tainted Res: {359874043116909=<5 INVOKE,VIRTUAL,extra=[android.telephony.TelephonyManager/getDeviceId[], [9]]>, [reg 8@MainActivity/aliasFlowTest]=<5 INVOKE,VIRTUAL,extra=[android.telephony.TelephonyManager/getDeviceId[], [9]]>}
Executor - [MSG]: 

Executor - [MSG]: <27 MOV,CONST,dst=r2,type=void,extra=class patdroid.core.PrimitiveInfo?0> at de.ecspride.MainActivity/aliasFlowTest[]
Executor - [DEBUG]: Mov const begin <27 MOV,CONST,dst=r2,type=void,extra=class patdroid.core.PrimitiveInfo?0>
DalvikVM - [WARN]: ar 2 (0.9505965461034733d, double), (0, void)
Executor - [DEBUG]: data: 0 class patdroid.core.PrimitiveInfo
DalvikVM - [BB]: fu.hao.trust.dvm.Executor$OP_MOV_CONST -> jump set pc to 28
PluginManager - [MSG]: TaintSumBranch Tainted Res: {359874043116909=<5 INVOKE,VIRTUAL,extra=[android.telephony.TelephonyManager/getDeviceId[], [9]]>, [reg 8@MainActivity/aliasFlowTest]=<5 INVOKE,VIRTUAL,extra=[android.telephony.TelephonyManager/getDeviceId[], [9]]>}
Executor - [MSG]: 

Executor - [MSG]: <28 INSTANCE,IGET,r0=r6,r1=r3,type=java.lang.Object,extra=de.ecspride.MainActivity$B.attr> at de.ecspride.MainActivity/aliasFlowTest[]
class fu.hao.trust.dvm.Executor$OP_INSTANCE_GET_FIELD - [BB]: Obj instance number 1@de.ecspride.MainActivity$B
class fu.hao.trust.dvm.Executor$OP_INSTANCE_GET_FIELD - [BB]: Fieldinfo de.ecspride.MainActivity$B.attr
DalvikVM - [BB]: Superclass: de.ecspride.MainActivity$A
DalvikVM - [BB]: Superclass: java.lang.Object
DVMObject - [BB]: New instance of de.ecspride.MainActivity$A
Caller@4: <init>@fu.hao.trust.dvm.DVMObject - [BB]: getClass de.ecspride.MainActivity$A at fu.hao.trust.dvm.VMHeap@326dff70
Caller: <init>@fu.hao.trust.dvm.DVMObject - [BB]: Get DVMClass for type de.ecspride.MainActivity$A
Caller@4: <init>@fu.hao.trust.dvm.DVMObject - [BB]: getClass de.ecspride.MainActivity$A at fu.hao.trust.dvm.VMHeap@326dff70
Unknown - [BB]: Unknown created!
DVMObject - [DEBUG]: put field [Unknown var:instance number 3@de.ecspride.MainActivity$A, type: de.ecspride.MainActivity$A]
DalvikVM - [WARN]: ar 3, ([Unknown var:instance number 3@de.ecspride.MainActivity$A, type: de.ecspride.MainActivity$A], de.ecspride.MainActivity$A)
class fu.hao.trust.dvm.Executor$OP_INSTANCE_GET_FIELD - [DEBUG]: Get data: [Unknown var:instance number 3@de.ecspride.MainActivity$A, type: de.ecspride.MainActivity$A]
DalvikVM - [BB]: fu.hao.trust.dvm.Executor$OP_INSTANCE_GET_FIELD -> jump set pc to 29
PluginManager - [MSG]: TaintSumBranch Tainted Res: {359874043116909=<5 INVOKE,VIRTUAL,extra=[android.telephony.TelephonyManager/getDeviceId[], [9]]>, [reg 8@MainActivity/aliasFlowTest]=<5 INVOKE,VIRTUAL,extra=[android.telephony.TelephonyManager/getDeviceId[], [9]]>}
Executor - [MSG]: 

Executor - [MSG]: <29 INSTANCE,IGET,r0=r3,r1=r3,type=java.lang.Object,extra=de.ecspride.MainActivity$A.b> at de.ecspride.MainActivity/aliasFlowTest[]
DalvikVM - [WARN]: ar 3 ([Unknown var:instance number 3@de.ecspride.MainActivity$A, type: de.ecspride.MainActivity$A], de.ecspride.MainActivity$A), (instance number 3@de.ecspride.MainActivity$A, de.ecspride.MainActivity$A)
class fu.hao.trust.dvm.Executor$OP_INSTANCE_GET_FIELD - [BB]: Obj instance number 3@de.ecspride.MainActivity$A
class fu.hao.trust.dvm.Executor$OP_INSTANCE_GET_FIELD - [BB]: Fieldinfo de.ecspride.MainActivity$A.b
Unknown - [BB]: Unknown created!
DVMObject - [DEBUG]: put field [Unknown var:null, type: java.lang.String]
DalvikVM - [WARN]: ar 3 (instance number 3@de.ecspride.MainActivity$A, de.ecspride.MainActivity$A), ([Unknown var:null, type: java.lang.String], java.lang.String)
class fu.hao.trust.dvm.Executor$OP_INSTANCE_GET_FIELD - [DEBUG]: Get data: [Unknown var:null, type: java.lang.String]
DalvikVM - [BB]: fu.hao.trust.dvm.Executor$OP_INSTANCE_GET_FIELD -> jump set pc to 30
PluginManager - [MSG]: TaintSumBranch Tainted Res: {359874043116909=<5 INVOKE,VIRTUAL,extra=[android.telephony.TelephonyManager/getDeviceId[], [9]]>, [reg 8@MainActivity/aliasFlowTest]=<5 INVOKE,VIRTUAL,extra=[android.telephony.TelephonyManager/getDeviceId[], [9]]>}
Executor - [MSG]: 

Executor - [MSG]: <30 MOV,CONST,dst=r4,type=void,extra=class patdroid.core.PrimitiveInfo?0> at de.ecspride.MainActivity/aliasFlowTest[]
Executor - [DEBUG]: Mov const begin <30 MOV,CONST,dst=r4,type=void,extra=class patdroid.core.PrimitiveInfo?0>
DalvikVM - [WARN]: ar 4 (0.5, AndroidWide), (0, void)
Executor - [DEBUG]: data: 0 class patdroid.core.PrimitiveInfo
DalvikVM - [BB]: fu.hao.trust.dvm.Executor$OP_MOV_CONST -> jump set pc to 31
PluginManager - [MSG]: TaintSumBranch Tainted Res: {359874043116909=<5 INVOKE,VIRTUAL,extra=[android.telephony.TelephonyManager/getDeviceId[], [9]]>, [reg 8@MainActivity/aliasFlowTest]=<5 INVOKE,VIRTUAL,extra=[android.telephony.TelephonyManager/getDeviceId[], [9]]>}
Executor - [MSG]: 

Executor - [MSG]: <31 MOV,CONST,dst=r5,type=void,extra=class patdroid.core.PrimitiveInfo?0> at de.ecspride.MainActivity/aliasFlowTest[]
Executor - [DEBUG]: Mov const begin <31 MOV,CONST,dst=r5,type=void,extra=class patdroid.core.PrimitiveInfo?0>
DalvikVM - [WARN]: ar 5, (0, void)
Executor - [DEBUG]: data: 0 class patdroid.core.PrimitiveInfo
DalvikVM - [BB]: fu.hao.trust.dvm.Executor$OP_MOV_CONST -> jump set pc to 32
PluginManager - [MSG]: TaintSumBranch Tainted Res: {359874043116909=<5 INVOKE,VIRTUAL,extra=[android.telephony.TelephonyManager/getDeviceId[], [9]]>, [reg 8@MainActivity/aliasFlowTest]=<5 INVOKE,VIRTUAL,extra=[android.telephony.TelephonyManager/getDeviceId[], [9]]>}
Executor - [MSG]: 

Executor - [MSG]: <32 INVOKE,VIRTUAL,extra=[android.telephony.SmsManager/sendTextMessage[java.lang.String, java.lang.String, java.lang.String, android.app.PendingIntent, android.app.PendingIntent], [0, 1, 2, 3, 4, 5]]> at de.ecspride.MainActivity/aliasFlowTest[]
Executor - [MSG]: arg0 obj: android.telephony.SmsManager@13b5b562
Executor - [DEBUG]: Reflction class: class android.telephony.SmsManager
Executor - [BB]: Normal args? true
Executor - [BB]: arg1@reg1: +49 1234
Executor - [BB]: arg2@reg2: 0
Executor - [WARN]: Mismatch type! arg 2, real para type: class patdroid.core.PrimitiveInfo, expected para type: class java.lang.String
Executor - [BB]: arg3@reg3: [Unknown var:null, type: java.lang.String]
Executor - [WARN]: Mismatch type! arg 3, real para type: class fu.hao.trust.solver.Unknown, expected para type: class java.lang.String
Executor - [DEBUG]: Found symbolic var with value: unknown
Executor - [BB]: arg4@reg4: 0
Executor - [WARN]: Mismatch type! arg 4, real para type: class patdroid.core.PrimitiveInfo, expected para type: class android.app.PendingIntent
Executor - [BB]: arg5@reg5: 0
Executor - [WARN]: Mismatch type! arg 5, real para type: class patdroid.core.PrimitiveInfo, expected para type: class android.app.PendingIntent
Executor - [BB]: Nargs? true
Executor - [DEBUG]: Caller obj: android.telephony.SmsManager@13b5b562, from class: class android.telephony.SmsManager
DalvikVM - [WARN]: ar -1, (null, void)
Executor - [MSG]: Reflction invocation public void android.telephony.SmsManager.sendTextMessage(java.lang.String,java.lang.String,java.lang.String,android.app.PendingIntent,android.app.PendingIntent)
DalvikVM - [BB]: Set reflective call: public void android.telephony.SmsManager.sendTextMessage(java.lang.String,java.lang.String,java.lang.String,android.app.PendingIntent,android.app.PendingIntent)
DalvikVM - [BB]: fu.hao.trust.dvm.Executor -> jump set pc to 33
TaintSumBranch - [BB]: <android.telephony.SmsManager: void sendTextMessage(java.lang.String,java.lang.String,java.lang.String,android.app.PendingIntent,android.app.PendingIntent)>
TaintSumBranch - [BB]: Found a sink invocation. <android.telephony.SmsManager: void sendTextMessage(java.lang.String,java.lang.String,java.lang.String,android.app.PendingIntent,android.app.PendingIntent)>
PluginManager - [MSG]: TaintSumBranch Tainted Res: {359874043116909=<5 INVOKE,VIRTUAL,extra=[android.telephony.TelephonyManager/getDeviceId[], [9]]>, [reg 8@MainActivity/aliasFlowTest]=<5 INVOKE,VIRTUAL,extra=[android.telephony.TelephonyManager/getDeviceId[], [9]]>}
Executor - [MSG]: 

Executor - [MSG]: <33 RETURN,VOID> at de.ecspride.MainActivity/aliasFlowTest[]
class fu.hao.trust.dvm.Executor$OP_RETURN_VOID - [DEBUG]: Return void
DalvikVM - [BB]: stack [StackFrame de.ecspride.MainActivity/onCreate[android.os.Bundle]]
DalvikVM - [BB]: Back to the last stack frame.StackFrame de.ecspride.MainActivity/onCreate[android.os.Bundle]
PluginManager - [MSG]: TaintSumBranch Tainted Res: {359874043116909=<5 INVOKE,VIRTUAL,extra=[android.telephony.TelephonyManager/getDeviceId[], [9]]>}
Executor - [MSG]: 

Executor - [MSG]: <16 RETURN,VOID> at de.ecspride.MainActivity/onCreate[android.os.Bundle]
class fu.hao.trust.dvm.Executor$OP_RETURN_VOID - [DEBUG]: Return void
DalvikVM - [BB]: stack []
DalvikVM - [BB]: Back to the last stack frame.null
DalvikVM - [MSG]: Finish running instrumented methods! Back to null
Executor - [MSG]: RUN BEGIN de.ecspride.MainActivity/onCreate[android.os.Bundle]
Executor - [MSG]: RUN DONE! The last one is null
Executor - [MSG]: newChain: [(de.ecspride.MainActivity, onCreate)]
Executor - [BB]: Add Event? (de.ecspride.MainActivity, onCreate)
DalvikVM - [MSG]: FINISHED!

main - [MSG]: Analysis has run for 4.800619117 seconds

