main - [DEBUG]: Entry event: (de.ecspride.MainActivity, onCreate)
DalvikVM - [MSG]: Begin run onCreate at C:\Users\hao\workspace\DroidBenchProj\JavaThread1\app\JavaThread1.apk
DalvikVM - [MSG]: RUN Method de.ecspride.MainActivity/onCreate[android.os.Bundle]
Executor - [DEBUG]: Read manifest csv: output/JavaThread1.apk\JavaThread1.apk_manifest.csv
Executor - [WARN]: output\JavaThread1.apk\JavaThread1.apk_manifest.csv (The system cannot find the file specified)
DalvikVM - [BB]: New method call: de.ecspride.MainActivity/onCreate[android.os.Bundle]
DalvikVM - [BB]: [0]<0 SPECIAL,ARGUMENT_SET,extra=[3, 4]>
DalvikVM - [BB]: [1]<0 HALT,SUPER,extra=[null, [3, 4]]>
DalvikVM - [BB]: [2]<1 MOV,CONST,dst=r1,type=void,extra=class patdroid.core.PrimitiveInfo?2130903040>
DalvikVM - [BB]: [3]<0 INVOKE,VIRTUAL,extra=[android.app.Activity/setContentView[int], [3, 1]]>
DalvikVM - [BB]: [4]<0 INVOKE,VIRTUAL,extra=[android.content.Context/getApplicationContext[], [3]]>
DalvikVM - [BB]: [5]<0 MOV,RESULT,dst=r1,type=java.lang.Object>
DalvikVM - [BB]: [6]<5 MOV,CONST,dst=r2,type=java.lang.String,extra="phone">
DalvikVM - [BB]: [7]<0 INVOKE,VIRTUAL,extra=[android.content.Context/getSystemService[java.lang.String], [1, 2]]>
DalvikVM - [BB]: [8]<0 MOV,RESULT,dst=r0,type=java.lang.Object>
DalvikVM - [BB]: [9]<0 ARITHMETIC,CHECK-AND-CAST,dst=r0,type=android.telephony.TelephonyManager>
DalvikVM - [BB]: [10]<0 NEW,INSTANCE,dst=r1,type=de.ecspride.MainActivity$MyThread>
DalvikVM - [BB]: [11]<0 INVOKE,VIRTUAL,extra=[android.telephony.TelephonyManager/getDeviceId[], [0]]>
DalvikVM - [BB]: [12]<0 MOV,RESULT,dst=r2,type=java.lang.Object>
DalvikVM - [BB]: [13]<0 INVOKE,DIRECT,extra=[de.ecspride.MainActivity$MyThread/<init>[de.ecspride.MainActivity, java.lang.String], [1, 3, 2]]>
DalvikVM - [BB]: [14]<0 INVOKE,VIRTUAL,extra=[java.lang.Thread/start[], [1]]>
DalvikVM - [BB]: [15]<0 RETURN,VOID>
newStackFrame - [BB]: New Stack Frame: StackFrame de.ecspride.MainActivity/onCreate[android.os.Bundle]
newStackFrame - [BB]: Add frame StackFrame de.ecspride.MainActivity/onCreate[android.os.Bundle]
newStackFrame - [BB]: Stack: [StackFrame de.ecspride.MainActivity/onCreate[android.os.Bundle]]
Executor - [MSG]: New chain obj with type de.ecspride.MainActivity
DalvikVM - [BB]: Superclass: de.ecspride.MainActivity
Activity - [BB]: New instance of de.ecspride.MainActivity
Caller@4: <init>@fu.hao.trust.dvm.DVMObject - [BB]: getClass de.ecspride.MainActivity at fu.hao.trust.dvm.VMHeap@32089335
Caller: getClass@fu.hao.trust.dvm.VMHeap - [BB]: new class representation for de.ecspride.MainActivity at fu.hao.trust.dvm.VMHeap@32089335
Caller@4: <init>@fu.hao.trust.dvm.DVMClass - [BB]: getClass android.app.Activity at fu.hao.trust.dvm.VMHeap@32089335
Caller: getClass@fu.hao.trust.dvm.VMHeap - [BB]: new class representation for android.app.Activity at fu.hao.trust.dvm.VMHeap@32089335
Caller@4: <init>@fu.hao.trust.dvm.DVMClass - [BB]: getClass android.content.ContextWrapper at fu.hao.trust.dvm.VMHeap@32089335
Caller: getClass@fu.hao.trust.dvm.VMHeap - [BB]: new class representation for android.content.ContextWrapper at fu.hao.trust.dvm.VMHeap@32089335
Caller@4: <init>@fu.hao.trust.dvm.DVMClass - [BB]: getClass android.content.Context at fu.hao.trust.dvm.VMHeap@32089335
Caller: getClass@fu.hao.trust.dvm.VMHeap - [BB]: new class representation for android.content.Context at fu.hao.trust.dvm.VMHeap@32089335
Caller@4: <init>@fu.hao.trust.dvm.DVMClass - [BB]: getClass fu.hao.trust.dvm.DVMObject at fu.hao.trust.dvm.VMHeap@32089335
Caller: getClass@fu.hao.trust.dvm.VMHeap - [BB]: new class representation for fu.hao.trust.dvm.DVMObject at fu.hao.trust.dvm.VMHeap@32089335
Caller: <init>@fu.hao.trust.dvm.DVMClass - [BB]: Get DVMClass for type fu.hao.trust.dvm.DVMObject
Caller@4: <init>@fu.hao.trust.dvm.DVMClass - [BB]: getClass fu.hao.trust.dvm.DVMObject at fu.hao.trust.dvm.VMHeap@32089335
Caller: <init>@fu.hao.trust.dvm.DVMClass - [BB]: Get DVMClass for type android.content.Context
Caller@4: <init>@fu.hao.trust.dvm.DVMClass - [BB]: getClass android.content.Context at fu.hao.trust.dvm.VMHeap@32089335
Caller: <init>@fu.hao.trust.dvm.DVMClass - [BB]: Get DVMClass for type android.content.ContextWrapper
Caller@4: <init>@fu.hao.trust.dvm.DVMClass - [BB]: getClass android.content.ContextWrapper at fu.hao.trust.dvm.VMHeap@32089335
Caller: <init>@fu.hao.trust.dvm.DVMClass - [BB]: Get DVMClass for type android.app.Activity
Caller@4: <init>@fu.hao.trust.dvm.DVMClass - [BB]: getClass android.app.Activity at fu.hao.trust.dvm.VMHeap@32089335
Caller: <init>@fu.hao.trust.dvm.DVMObject - [BB]: Get DVMClass for type de.ecspride.MainActivity
Caller@4: <init>@fu.hao.trust.dvm.DVMObject - [BB]: getClass de.ecspride.MainActivity at fu.hao.trust.dvm.VMHeap@32089335
Activity - [BB]: Not empty constructor
DalvikVM - [BB]: New method call: de.ecspride.MainActivity/<init>[]
DalvikVM - [BB]: [0]<0 SPECIAL,ARGUMENT_SET,extra=[0]>
DalvikVM - [BB]: [1]<0 INVOKE,DIRECT,extra=[java.lang.Object/<init>[], [0]]>
DalvikVM - [BB]: [2]<0 RETURN,VOID>
newStackFrame - [BB]: New Stack Frame: StackFrame de.ecspride.MainActivity/<init>[], pc -1 stored. 
newStackFrame - [BB]: Stack: [StackFrame de.ecspride.MainActivity/onCreate[android.os.Bundle]]
DalvikVM - [MSG]: Begin run instrumented methods!
DalvikVM - [MSG]: <0 SPECIAL,ARGUMENT_SET,extra=[3, 4]>
DalvikVM - [BB]: Add frames [StackFrame de.ecspride.MainActivity/<init>[]]
DalvikVM - [BB]: fu.hao.trust.dvm.DalvikVM -> runInstrumentedMethods set pc to 0
Executor - [MSG]: 

Executor - [MSG]: <0 SPECIAL,ARGUMENT_SET,extra=[0]> at de.ecspride.MainActivity/<init>[]
Executor - [DEBUG]: params: Activity:instance number 1@de.ecspride.MainActivity
DalvikVM - [BB]: fu.hao.trust.dvm.Executor$OP_SP_ARGUMENTS -> jump set pc to 1
PluginManager - [MSG]: TaintSumBranch Tainted Res: {}
Executor - [MSG]: 

Executor - [MSG]: <1 INVOKE,DIRECT,extra=[java.lang.Object/<init>[], [0]]> at de.ecspride.MainActivity/<init>[]
Executor - [MSG]: arg0 obj: Activity:instance number 1@de.ecspride.MainActivity
Executor - [BB]: java.lang.Object/<init>[] is a constructor!
Executor - [WARN]: Reflection error: de.ecspride.MainActivity
DalvikVM - [BB]: fu.hao.trust.dvm.Executor -> jump set pc to 2
TaintSumBranch - [BB]: <java.lang.Object: void <init>()>
TaintSumBranch - [DEBUG]: Not a taint call: <java.lang.Object: void <init>()>
PluginManager - [MSG]: TaintSumBranch Tainted Res: {}
Executor - [MSG]: 

Executor - [MSG]: <2 RETURN,VOID> at de.ecspride.MainActivity/<init>[]
class fu.hao.trust.dvm.Executor$OP_RETURN_VOID - [DEBUG]: Return void
DalvikVM - [BB]: stack [StackFrame de.ecspride.MainActivity/onCreate[android.os.Bundle]]
DalvikVM - [BB]: Back to the last stack frame.StackFrame de.ecspride.MainActivity/onCreate[android.os.Bundle]
DalvikVM - [MSG]: Finish running instrumented methods! Back to StackFrame de.ecspride.MainActivity/onCreate[android.os.Bundle]
Activity - [BB]: New Activity Created with type de.ecspride.MainActivity
Executor - [MSG]: RUN BEGIN de.ecspride.MainActivity/onCreate[android.os.Bundle]
DalvikVM - [BB]: fu.hao.trust.dvm.Executor -> execute set pc to 0
Executor - [MSG]: 

Executor - [MSG]: <0 SPECIAL,ARGUMENT_SET,extra=[3, 4]> at de.ecspride.MainActivity/onCreate[android.os.Bundle]
Executor - [WARN]: NULL CallingCtx!
Executor - [DEBUG]: args: Activity:instance number 1@de.ecspride.MainActivity
Executor - [BB]: Start param from 1
Executor - [DEBUG]: args: null
DalvikVM - [BB]: fu.hao.trust.dvm.Executor$OP_SP_ARGUMENTS -> jump set pc to 1
PluginManager - [MSG]: TaintSumBranch Tainted Res: {}
Executor - [MSG]: 

Executor - [MSG]: <1 HALT,SUPER,extra=[null, [3, 4]]> at de.ecspride.MainActivity/onCreate[android.os.Bundle]
DalvikVM - [BB]: fu.hao.trust.dvm.Executor$OP_HALT -> jump set pc to 2
Executor - [MSG]: Cannot resolve the invocation
TaintSumBranch - [BB]: Not a taint op <1 HALT,SUPER,extra=[null, [3, 4]]>
PluginManager - [MSG]: TaintSumBranch Tainted Res: {}
Executor - [MSG]: 

Executor - [MSG]: <2 MOV,CONST,dst=r1,type=void,extra=class patdroid.core.PrimitiveInfo?2130903040> at de.ecspride.MainActivity/onCreate[android.os.Bundle]
Executor - [DEBUG]: Mov const begin <2 MOV,CONST,dst=r1,type=void,extra=class patdroid.core.PrimitiveInfo?2130903040>
Executor - [DEBUG]: data: 2130903040 class patdroid.core.PrimitiveInfo
DalvikVM - [BB]: fu.hao.trust.dvm.Executor$OP_MOV_CONST -> jump set pc to 3
PluginManager - [MSG]: TaintSumBranch Tainted Res: {}
Executor - [MSG]: 

Executor - [MSG]: <3 INVOKE,VIRTUAL,extra=[android.app.Activity/setContentView[int], [3, 1]]> at de.ecspride.MainActivity/onCreate[android.os.Bundle]
Executor - [MSG]: arg0 obj: Activity:instance number 1@de.ecspride.MainActivity
Executor - [DEBUG]: Reflction class: class android.app.Activity
Executor - [BB]: Normal args? true
Executor - [BB]: arg1@reg1: 2130903040
Executor - [DEBUG]: Expected para type: int
Executor - [DEBUG]: Real para int, value: 2130903040
Executor - [BB]: Nargs? true
Executor - [DEBUG]: Caller obj: Activity:instance number 1@de.ecspride.MainActivity, from class: class android.app.Activity
Executor - [MSG]: Reflction invocation public void android.app.Activity.setContentView(int)
DalvikVM - [BB]: Set reflective call: public void android.app.Activity.setContentView(int)
DalvikVM - [BB]: fu.hao.trust.dvm.Executor -> jump set pc to 4
TaintSumBranch - [BB]: <android.app.Activity: void setContentView(int)>
TaintSumBranch - [DEBUG]: Not a taint call: <android.app.Activity: void setContentView(int)>
PluginManager - [MSG]: TaintSumBranch Tainted Res: {}
Executor - [MSG]: 

Executor - [MSG]: <4 INVOKE,VIRTUAL,extra=[android.content.Context/getApplicationContext[], [3]]> at de.ecspride.MainActivity/onCreate[android.os.Bundle]
Executor - [MSG]: arg0 obj: Activity:instance number 1@de.ecspride.MainActivity
Executor - [DEBUG]: Reflction class: class android.content.Context
Executor - [DEBUG]: Return data: Activity:instance number 1@de.ecspride.MainActivity ,class android.app.Activity
Executor - [MSG]: Reflction invocation public android.content.Context android.content.Context.getApplicationContext()
DalvikVM - [BB]: Set reflective call: public android.content.Context android.content.Context.getApplicationContext()
DalvikVM - [BB]: fu.hao.trust.dvm.Executor -> jump set pc to 5
TaintSumBranch - [BB]: <android.content.Context: android.content.Context getApplicationContext()>
TaintSumBranch - [DEBUG]: Not a taint call: <android.content.Context: android.content.Context getApplicationContext()>
PluginManager - [MSG]: TaintSumBranch Tainted Res: {}
Executor - [MSG]: 

Executor - [MSG]: <5 MOV,RESULT,dst=r1,type=java.lang.Object> at de.ecspride.MainActivity/onCreate[android.os.Bundle]
DalvikVM - [BB]: ar1 (2130903040, void), (Activity:instance number 1@de.ecspride.MainActivity, android.content.Context)
OP_MOV_RESULT - [BB]: Result data: Activity:instance number 1@de.ecspride.MainActivity
OP_MOV_RESULT - [DEBUG]: Result data: Activity:instance number 1@de.ecspride.MainActivity, type: android.content.Context, to [reg 1@MainActivity/onCreate]
DalvikVM - [BB]: fu.hao.trust.dvm.Executor$OP_MOV_RESULT -> jump set pc to 6
PluginManager - [MSG]: TaintSumBranch Tainted Res: {}
Executor - [MSG]: 

Executor - [MSG]: <6 MOV,CONST,dst=r2,type=java.lang.String,extra="phone"> at de.ecspride.MainActivity/onCreate[android.os.Bundle]
Executor - [DEBUG]: Mov const begin <6 MOV,CONST,dst=r2,type=java.lang.String,extra="phone">
Executor - [DEBUG]: data: phone class java.lang.String
DalvikVM - [BB]: fu.hao.trust.dvm.Executor$OP_MOV_CONST -> jump set pc to 7
PluginManager - [MSG]: TaintSumBranch Tainted Res: {}
Executor - [MSG]: 

Executor - [MSG]: <7 INVOKE,VIRTUAL,extra=[android.content.Context/getSystemService[java.lang.String], [1, 2]]> at de.ecspride.MainActivity/onCreate[android.os.Bundle]
Executor - [MSG]: arg0 obj: Activity:instance number 1@de.ecspride.MainActivity
Executor - [DEBUG]: Reflction class: class android.content.Context
Executor - [BB]: Normal args? true
Executor - [BB]: arg1@reg2: phone
Executor - [BB]: Nargs? true
Executor - [DEBUG]: Caller obj: Activity:instance number 1@de.ecspride.MainActivity, from class: class android.app.Activity
Executor - [DEBUG]: Return data: android.telephony.TelephonyManager@1a21a14e ,class android.telephony.TelephonyManager
Executor - [MSG]: Reflction invocation public java.lang.Object android.content.Context.getSystemService(java.lang.String)
DalvikVM - [BB]: Set reflective call: public java.lang.Object android.content.Context.getSystemService(java.lang.String)
DalvikVM - [BB]: fu.hao.trust.dvm.Executor -> jump set pc to 8
TaintSumBranch - [BB]: <android.content.Context: java.lang.Object getSystemService(java.lang.String)>
TaintSumBranch - [DEBUG]: Not a taint call: <android.content.Context: java.lang.Object getSystemService(java.lang.String)>
PluginManager - [MSG]: TaintSumBranch Tainted Res: {}
Executor - [MSG]: 

Executor - [MSG]: <8 MOV,RESULT,dst=r0,type=java.lang.Object> at de.ecspride.MainActivity/onCreate[android.os.Bundle]
OP_MOV_RESULT - [BB]: Result data: android.telephony.TelephonyManager@1a21a14e
OP_MOV_RESULT - [DEBUG]: Result data: android.telephony.TelephonyManager@1a21a14e, type: java.lang.Object, to [reg 0@MainActivity/onCreate]
DalvikVM - [BB]: fu.hao.trust.dvm.Executor$OP_MOV_RESULT -> jump set pc to 9
PluginManager - [MSG]: TaintSumBranch Tainted Res: {}
Executor - [MSG]: 

Executor - [MSG]: <9 ARITHMETIC,CHECK-AND-CAST,dst=r0,type=android.telephony.TelephonyManager> at de.ecspride.MainActivity/onCreate[android.os.Bundle]
DalvikVM - [BB]: fu.hao.trust.dvm.Executor$OP_ARITHETIC -> jump set pc to 10
TaintSumBranch - [BB]: Not a taint op <9 ARITHMETIC,CHECK-AND-CAST,dst=r0,type=android.telephony.TelephonyManager>
PluginManager - [MSG]: TaintSumBranch Tainted Res: {}
Executor - [MSG]: 

Executor - [MSG]: <10 NEW,INSTANCE,dst=r1,type=de.ecspride.MainActivity$MyThread> at de.ecspride.MainActivity/onCreate[android.os.Bundle]
OP_NEW_INSTANCE - [DEBUG]: [reg 1@MainActivity/onCreate]
DalvikVM - [BB]: Superclass: de.ecspride.MainActivity$MyThread
Thread - [BB]: New instance of de.ecspride.MainActivity$MyThread
Caller@4: <init>@fu.hao.trust.dvm.DVMObject - [BB]: getClass de.ecspride.MainActivity$MyThread at fu.hao.trust.dvm.VMHeap@32089335
Caller: getClass@fu.hao.trust.dvm.VMHeap - [BB]: new class representation for de.ecspride.MainActivity$MyThread at fu.hao.trust.dvm.VMHeap@32089335
Caller: <init>@fu.hao.trust.dvm.DVMObject - [BB]: Get DVMClass for type de.ecspride.MainActivity$MyThread
Caller@4: <init>@fu.hao.trust.dvm.DVMObject - [BB]: getClass de.ecspride.MainActivity$MyThread at fu.hao.trust.dvm.VMHeap@32089335
DalvikVM - [BB]: ar1 (Activity:instance number 1@de.ecspride.MainActivity, android.content.Context), (instance number 1@de.ecspride.MainActivity$MyThread, de.ecspride.MainActivity$MyThread)
OP_NEW_INSTANCE - [DEBUG]: New object of de.ecspride.MainActivity$MyThreadcreated:instance number 1@de.ecspride.MainActivity$MyThread
DalvikVM - [BB]: fu.hao.trust.dvm.Executor$OP_NEW_INSTANCE -> jump set pc to 11
TaintSumBranch - [BB]: Rdst [reg 1@MainActivity/onCreate]
PluginManager - [MSG]: TaintSumBranch Tainted Res: {}
Executor - [MSG]: 

Executor - [MSG]: <11 INVOKE,VIRTUAL,extra=[android.telephony.TelephonyManager/getDeviceId[], [0]]> at de.ecspride.MainActivity/onCreate[android.os.Bundle]
Executor - [MSG]: arg0 obj: android.telephony.TelephonyManager@1a21a14e
Executor - [DEBUG]: Reflction class: class android.telephony.TelephonyManager
Executor - [DEBUG]: Return data: 359874043116909 ,class java.lang.String
Executor - [MSG]: Reflction invocation public java.lang.String android.telephony.TelephonyManager.getDeviceId()
DalvikVM - [BB]: Set reflective call: public java.lang.String android.telephony.TelephonyManager.getDeviceId()
DalvikVM - [BB]: fu.hao.trust.dvm.Executor -> jump set pc to 12
TaintSumBranch - [BB]: <android.telephony.TelephonyManager: java.lang.String getDeviceId()>
TaintSumBranch - [WARN]: Found a tainted return value!
PluginManager - [MSG]: TaintSumBranch Tainted Res: {359874043116909=<11 INVOKE,VIRTUAL,extra=[android.telephony.TelephonyManager/getDeviceId[], [0]]>, [Global RetReg]=<11 INVOKE,VIRTUAL,extra=[android.telephony.TelephonyManager/getDeviceId[], [0]]>}
Executor - [MSG]: 

Executor - [MSG]: <12 MOV,RESULT,dst=r2,type=java.lang.Object> at de.ecspride.MainActivity/onCreate[android.os.Bundle]
DalvikVM - [BB]: ar2 (phone, java.lang.String), (359874043116909, java.lang.String)
OP_MOV_RESULT - [BB]: Result data: 359874043116909
OP_MOV_RESULT - [DEBUG]: Result data: 359874043116909, type: java.lang.String, to [reg 2@MainActivity/onCreate]
DalvikVM - [BB]: fu.hao.trust.dvm.Executor$OP_MOV_RESULT -> jump set pc to 13
TaintSumBranch - [BB]: <11 INVOKE,VIRTUAL,extra=[android.telephony.TelephonyManager/getDeviceId[], [0]]>
TaintSumBranch - [BB]: Add reg 2 due to ret reg.
PluginManager - [MSG]: TaintSumBranch Tainted Res: {[reg 2@MainActivity/onCreate]=<11 INVOKE,VIRTUAL,extra=[android.telephony.TelephonyManager/getDeviceId[], [0]]>, 359874043116909=<11 INVOKE,VIRTUAL,extra=[android.telephony.TelephonyManager/getDeviceId[], [0]]>}
Executor - [MSG]: 

Executor - [MSG]: <13 INVOKE,DIRECT,extra=[de.ecspride.MainActivity$MyThread/<init>[de.ecspride.MainActivity, java.lang.String], [1, 3, 2]]> at de.ecspride.MainActivity/onCreate[android.os.Bundle]
Executor - [MSG]: arg0 obj: instance number 1@de.ecspride.MainActivity$MyThread
Executor - [WARN]: Reflection error: de.ecspride.MainActivity$MyThread
DalvikVM - [BB]: fu.hao.trust.dvm.Executor -> jump set pc to 14
DalvikVM - [BB]: New method call: de.ecspride.MainActivity$MyThread/<init>[de.ecspride.MainActivity, java.lang.String]
DalvikVM - [BB]: [0]<0 SPECIAL,ARGUMENT_SET,extra=[0, 1, 2]>
DalvikVM - [BB]: [1]<0 INSTANCE,IPUT,r0=r0,r1=r1,type=java.lang.Object,extra=de.ecspride.MainActivity$MyThread.this$0>
DalvikVM - [BB]: [2]<0 INVOKE,DIRECT,extra=[java.lang.Thread/<init>[], [0]]>
DalvikVM - [BB]: [3]<0 INSTANCE,IPUT,r0=r0,r1=r2,type=java.lang.Object,extra=de.ecspride.MainActivity$MyThread.deviceId>
DalvikVM - [BB]: [4]<0 RETURN,VOID>
newStackFrame - [BB]: New Stack Frame: StackFrame de.ecspride.MainActivity$MyThread/<init>[de.ecspride.MainActivity, java.lang.String], pc 14 stored. 
newStackFrame - [BB]: Add frame StackFrame de.ecspride.MainActivity$MyThread/<init>[de.ecspride.MainActivity, java.lang.String]
newStackFrame - [BB]: Stack: [StackFrame de.ecspride.MainActivity/onCreate[android.os.Bundle], StackFrame de.ecspride.MainActivity$MyThread/<init>[de.ecspride.MainActivity, java.lang.String]]
TaintSumBranch - [BB]: <de.ecspride.MainActivity$MyThread: void <init>(de.ecspride.MainActivity,java.lang.String)>
TaintSumBranch - [DEBUG]: Not a taint call: <de.ecspride.MainActivity$MyThread: void <init>(de.ecspride.MainActivity,java.lang.String)>
PluginManager - [MSG]: TaintSumBranch Tainted Res: {[reg 2@MainActivity/onCreate]=<11 INVOKE,VIRTUAL,extra=[android.telephony.TelephonyManager/getDeviceId[], [0]]>, 359874043116909=<11 INVOKE,VIRTUAL,extra=[android.telephony.TelephonyManager/getDeviceId[], [0]]>}
DalvikVM - [BB]: fu.hao.trust.dvm.Executor -> execute set pc to 0
Executor - [MSG]: 

Executor - [MSG]: <0 SPECIAL,ARGUMENT_SET,extra=[0, 1, 2]> at de.ecspride.MainActivity$MyThread/<init>[de.ecspride.MainActivity, java.lang.String]
Executor - [DEBUG]: params: instance number 1@de.ecspride.MainActivity$MyThread
Executor - [DEBUG]: params: Activity:instance number 1@de.ecspride.MainActivity
Executor - [DEBUG]: params: 359874043116909
DalvikVM - [BB]: fu.hao.trust.dvm.Executor$OP_SP_ARGUMENTS -> jump set pc to 1
TaintSumBranch - [BB]: Copy 359874043116909 as tainted.
TaintSumBranch - [BB]: Add [reg 2@MainActivity$MyThread/<init>] as tainted due to [reg 2@MainActivity/onCreate]
PluginManager - [MSG]: TaintSumBranch Tainted Res: {359874043116909=<11 INVOKE,VIRTUAL,extra=[android.telephony.TelephonyManager/getDeviceId[], [0]]>, [reg 2@MainActivity$MyThread/<init>]=<11 INVOKE,VIRTUAL,extra=[android.telephony.TelephonyManager/getDeviceId[], [0]]>}
Executor - [MSG]: 

Executor - [MSG]: <1 INSTANCE,IPUT,r0=r0,r1=r1,type=java.lang.Object,extra=de.ecspride.MainActivity$MyThread.this$0> at de.ecspride.MainActivity$MyThread/<init>[de.ecspride.MainActivity, java.lang.String]
class fu.hao.trust.dvm.Executor$OP_INSTANCE_PUT_FIELD - [BB]: field de.ecspride.MainActivity$MyThread.this$0
class fu.hao.trust.dvm.Executor$OP_INSTANCE_PUT_FIELD - [BB]: Target obj instance number 1@de.ecspride.MainActivity$MyThread
Thread - [DEBUG]: put field Activity:instance number 1@de.ecspride.MainActivity
class fu.hao.trust.dvm.Executor$OP_INSTANCE_PUT_FIELD - [MSG]: Put data Activity:instance number 1@de.ecspride.MainActivity to the field of instance number 1@de.ecspride.MainActivity$MyThread
DalvikVM - [BB]: fu.hao.trust.dvm.Executor$OP_INSTANCE_PUT_FIELD -> jump set pc to 2
PluginManager - [MSG]: TaintSumBranch Tainted Res: {359874043116909=<11 INVOKE,VIRTUAL,extra=[android.telephony.TelephonyManager/getDeviceId[], [0]]>, [reg 2@MainActivity$MyThread/<init>]=<11 INVOKE,VIRTUAL,extra=[android.telephony.TelephonyManager/getDeviceId[], [0]]>}
Executor - [MSG]: 

Executor - [MSG]: <2 INVOKE,DIRECT,extra=[java.lang.Thread/<init>[], [0]]> at de.ecspride.MainActivity$MyThread/<init>[de.ecspride.MainActivity, java.lang.String]
Executor - [MSG]: arg0 obj: instance number 1@de.ecspride.MainActivity$MyThread
Executor - [BB]: java.lang.Thread/<init>[] is a constructor!
Executor - [WARN]: Reflection error: de.ecspride.MainActivity$MyThread
DalvikVM - [BB]: fu.hao.trust.dvm.Executor -> jump set pc to 3
TaintSumBranch - [BB]: <java.lang.Thread: void <init>()>
TaintSumBranch - [DEBUG]: Not a taint call: <java.lang.Thread: void <init>()>
PluginManager - [MSG]: TaintSumBranch Tainted Res: {359874043116909=<11 INVOKE,VIRTUAL,extra=[android.telephony.TelephonyManager/getDeviceId[], [0]]>, [reg 2@MainActivity$MyThread/<init>]=<11 INVOKE,VIRTUAL,extra=[android.telephony.TelephonyManager/getDeviceId[], [0]]>}
Executor - [MSG]: 

Executor - [MSG]: <3 INSTANCE,IPUT,r0=r0,r1=r2,type=java.lang.Object,extra=de.ecspride.MainActivity$MyThread.deviceId> at de.ecspride.MainActivity$MyThread/<init>[de.ecspride.MainActivity, java.lang.String]
class fu.hao.trust.dvm.Executor$OP_INSTANCE_PUT_FIELD - [BB]: field de.ecspride.MainActivity$MyThread.deviceId
class fu.hao.trust.dvm.Executor$OP_INSTANCE_PUT_FIELD - [BB]: Target obj instance number 1@de.ecspride.MainActivity$MyThread
Thread - [DEBUG]: put field 359874043116909
class fu.hao.trust.dvm.Executor$OP_INSTANCE_PUT_FIELD - [MSG]: Put data 359874043116909 to the field of instance number 1@de.ecspride.MainActivity$MyThread
DalvikVM - [BB]: fu.hao.trust.dvm.Executor$OP_INSTANCE_PUT_FIELD -> jump set pc to 4
TaintSumBranch - [BB]: Add 359874043116909as tainted due to [reg 2@MainActivity$MyThread/<init>]
PluginManager - [MSG]: TaintSumBranch Tainted Res: {359874043116909=<11 INVOKE,VIRTUAL,extra=[android.telephony.TelephonyManager/getDeviceId[], [0]]>, [reg 2@MainActivity$MyThread/<init>]=<11 INVOKE,VIRTUAL,extra=[android.telephony.TelephonyManager/getDeviceId[], [0]]>}
Executor - [MSG]: 

Executor - [MSG]: <4 RETURN,VOID> at de.ecspride.MainActivity$MyThread/<init>[de.ecspride.MainActivity, java.lang.String]
class fu.hao.trust.dvm.Executor$OP_RETURN_VOID - [DEBUG]: Return void
DalvikVM - [BB]: stack [StackFrame de.ecspride.MainActivity/onCreate[android.os.Bundle]]
DalvikVM - [BB]: Back to the last stack frame.StackFrame de.ecspride.MainActivity/onCreate[android.os.Bundle]
PluginManager - [MSG]: TaintSumBranch Tainted Res: {[reg 2@MainActivity/onCreate]=<11 INVOKE,VIRTUAL,extra=[android.telephony.TelephonyManager/getDeviceId[], [0]]>, 359874043116909=<11 INVOKE,VIRTUAL,extra=[android.telephony.TelephonyManager/getDeviceId[], [0]]>}
Executor - [MSG]: 

Executor - [MSG]: <14 INVOKE,VIRTUAL,extra=[java.lang.Thread/start[], [1]]> at de.ecspride.MainActivity/onCreate[android.os.Bundle]
Executor - [MSG]: arg0 obj: instance number 1@de.ecspride.MainActivity$MyThread
Executor - [DEBUG]: Reflction class: class android.myclasses.Thread
Thread - [BB]: Run replaced exec!
DalvikVM - [BB]: New method call: de.ecspride.MainActivity$MyThread/run[]
DalvikVM - [BB]: [0]<0 SPECIAL,ARGUMENT_SET,extra=[6]>
DalvikVM - [BB]: [1]<0 MOV,CONST,dst=r2,type=void,extra=class patdroid.core.PrimitiveInfo?0>
DalvikVM - [BB]: [2]<1 MOV,CONST,dst=r1,type=java.lang.String,extra="DroidBench">
DalvikVM - [BB]: [3]<0 INSTANCE,IGET,r0=r6,r1=r3,type=java.lang.Object,extra=de.ecspride.MainActivity$MyThread.deviceId>
DalvikVM - [BB]: [4]<0 INVOKE,STATIC,extra=[android.util.Log/d[java.lang.String, java.lang.String], [1, 3]]>
DalvikVM - [BB]: [5]<0 INVOKE,STATIC,extra=[android.telephony.SmsManager/getDefault[], []]>
DalvikVM - [BB]: [6]<0 MOV,RESULT,dst=r0,type=java.lang.Object>
DalvikVM - [BB]: [7]<6 MOV,CONST,dst=r1,type=java.lang.String,extra="+49">
DalvikVM - [BB]: [8]<0 INSTANCE,IGET,r0=r6,r1=r3,type=java.lang.Object,extra=de.ecspride.MainActivity$MyThread.deviceId>
DalvikVM - [BB]: [9]<0 MOV,REG,dst=r4,r0=r2,type=java.lang.Object>
DalvikVM - [BB]: [10]<0 MOV,REG,dst=r5,r0=r2,type=java.lang.Object>
DalvikVM - [BB]: [11]<0 INVOKE,VIRTUAL,extra=[android.telephony.SmsManager/sendTextMessage[java.lang.String, java.lang.String, java.lang.String, android.app.PendingIntent, android.app.PendingIntent], [0, 1, 2, 3, 4, 5]]>
DalvikVM - [BB]: [12]<0 RETURN,VOID>
newStackFrame - [BB]: New Stack Frame: StackFrame de.ecspride.MainActivity$MyThread/run[], pc 14 stored. 
newStackFrame - [BB]: Stack: [StackFrame de.ecspride.MainActivity/onCreate[android.os.Bundle]]
DalvikVM - [MSG]: Begin run instrumented methods!
DalvikVM - [MSG]: <14 INVOKE,VIRTUAL,extra=[java.lang.Thread/start[], [1]]>
DalvikVM - [BB]: Add frames [StackFrame de.ecspride.MainActivity$MyThread/run[]]
DalvikVM - [BB]: fu.hao.trust.dvm.DalvikVM -> runInstrumentedMethods set pc to 0
Executor - [MSG]: 

Executor - [MSG]: <0 SPECIAL,ARGUMENT_SET,extra=[6]> at de.ecspride.MainActivity$MyThread/run[]
Executor - [DEBUG]: params: instance number 1@de.ecspride.MainActivity$MyThread
DalvikVM - [BB]: fu.hao.trust.dvm.Executor$OP_SP_ARGUMENTS -> jump set pc to 1
TaintSumBranch - [BB]: Copy 359874043116909 as tainted.
PluginManager - [MSG]: TaintSumBranch Tainted Res: {359874043116909=<11 INVOKE,VIRTUAL,extra=[android.telephony.TelephonyManager/getDeviceId[], [0]]>}
Executor - [MSG]: 

Executor - [MSG]: <1 MOV,CONST,dst=r2,type=void,extra=class patdroid.core.PrimitiveInfo?0> at de.ecspride.MainActivity$MyThread/run[]
Executor - [DEBUG]: Mov const begin <1 MOV,CONST,dst=r2,type=void,extra=class patdroid.core.PrimitiveInfo?0>
Executor - [DEBUG]: data: 0 class patdroid.core.PrimitiveInfo
DalvikVM - [BB]: fu.hao.trust.dvm.Executor$OP_MOV_CONST -> jump set pc to 2
PluginManager - [MSG]: TaintSumBranch Tainted Res: {359874043116909=<11 INVOKE,VIRTUAL,extra=[android.telephony.TelephonyManager/getDeviceId[], [0]]>}
Executor - [MSG]: 

Executor - [MSG]: <2 MOV,CONST,dst=r1,type=java.lang.String,extra="DroidBench"> at de.ecspride.MainActivity$MyThread/run[]
Executor - [DEBUG]: Mov const begin <2 MOV,CONST,dst=r1,type=java.lang.String,extra="DroidBench">
Executor - [DEBUG]: data: DroidBench class java.lang.String
DalvikVM - [BB]: fu.hao.trust.dvm.Executor$OP_MOV_CONST -> jump set pc to 3
PluginManager - [MSG]: TaintSumBranch Tainted Res: {359874043116909=<11 INVOKE,VIRTUAL,extra=[android.telephony.TelephonyManager/getDeviceId[], [0]]>}
Executor - [MSG]: 

Executor - [MSG]: <3 INSTANCE,IGET,r0=r6,r1=r3,type=java.lang.Object,extra=de.ecspride.MainActivity$MyThread.deviceId> at de.ecspride.MainActivity$MyThread/run[]
class fu.hao.trust.dvm.Executor$OP_INSTANCE_GET_FIELD - [BB]: obj instance number 1@de.ecspride.MainActivity$MyThread
class fu.hao.trust.dvm.Executor$OP_INSTANCE_GET_FIELD - [BB]: fieldinfo de.ecspride.MainActivity$MyThread.deviceId
class fu.hao.trust.dvm.Executor$OP_INSTANCE_GET_FIELD - [DEBUG]: Get data: 359874043116909
DalvikVM - [BB]: fu.hao.trust.dvm.Executor$OP_INSTANCE_GET_FIELD -> jump set pc to 4
TaintSumBranch - [BB]: Add [reg 3@MainActivity$MyThread/run] as tainted due to field 359874043116909
PluginManager - [MSG]: TaintSumBranch Tainted Res: {359874043116909=<11 INVOKE,VIRTUAL,extra=[android.telephony.TelephonyManager/getDeviceId[], [0]]>, [reg 3@MainActivity$MyThread/run]=<11 INVOKE,VIRTUAL,extra=[android.telephony.TelephonyManager/getDeviceId[], [0]]>}
Executor - [MSG]: 

Executor - [MSG]: <4 INVOKE,STATIC,extra=[android.util.Log/d[java.lang.String, java.lang.String], [1, 3]]> at de.ecspride.MainActivity$MyThread/run[]
Executor - [DEBUG]: Reflction class android.util.Log
Executor - [BB]: arg0@reg1: DroidBench
Executor - [BB]: arg1@reg3: 359874043116909
Executor - [BB]: param: DroidBench
Executor - [BB]: param: 359874043116909
Executor - [MSG]: reflction invocation public static int android.util.Log.d(java.lang.String,java.lang.String)
DalvikVM - [BB]: Set reflective call: public static int android.util.Log.d(java.lang.String,java.lang.String)
DalvikVM - [BB]: fu.hao.trust.dvm.Executor$OP_INVOKE_STATIC -> jump set pc to 5
TaintSumBranch - [BB]: <android.util.Log: int d(java.lang.String,java.lang.String)>
TaintSumBranch - [DEBUG]: Not a taint call: <android.util.Log: int d(java.lang.String,java.lang.String)>
TaintSumBranch - [WARN]: Found a tainted return val!
PluginManager - [MSG]: TaintSumBranch Tainted Res: {359874043116909=<11 INVOKE,VIRTUAL,extra=[android.telephony.TelephonyManager/getDeviceId[], [0]]>, [reg 3@MainActivity$MyThread/run]=<11 INVOKE,VIRTUAL,extra=[android.telephony.TelephonyManager/getDeviceId[], [0]]>, [Global RetReg]=<11 INVOKE,VIRTUAL,extra=[android.telephony.TelephonyManager/getDeviceId[], [0]]>}
Executor - [MSG]: 

Executor - [MSG]: <5 INVOKE,STATIC,extra=[android.telephony.SmsManager/getDefault[], []]> at de.ecspride.MainActivity$MyThread/run[]
Executor - [DEBUG]: Reflction class android.telephony.SmsManager
Executor - [MSG]: reflction invocation public static android.telephony.SmsManager android.telephony.SmsManager.getDefault()
DalvikVM - [BB]: Set reflective call: public static android.telephony.SmsManager android.telephony.SmsManager.getDefault()
DalvikVM - [BB]: fu.hao.trust.dvm.Executor$OP_INVOKE_STATIC -> jump set pc to 6
TaintSumBranch - [BB]: <android.telephony.SmsManager: android.telephony.SmsManager getDefault()>
TaintSumBranch - [DEBUG]: Not a taint call: <android.telephony.SmsManager: android.telephony.SmsManager getDefault()>
PluginManager - [MSG]: TaintSumBranch Tainted Res: {359874043116909=<11 INVOKE,VIRTUAL,extra=[android.telephony.TelephonyManager/getDeviceId[], [0]]>, [reg 3@MainActivity$MyThread/run]=<11 INVOKE,VIRTUAL,extra=[android.telephony.TelephonyManager/getDeviceId[], [0]]>}
Executor - [MSG]: 

Executor - [MSG]: <6 MOV,RESULT,dst=r0,type=java.lang.Object> at de.ecspride.MainActivity$MyThread/run[]
OP_MOV_RESULT - [BB]: Result data: android.telephony.SmsManager@150b51f4
OP_MOV_RESULT - [DEBUG]: Result data: android.telephony.SmsManager@150b51f4, type: android.telephony.SmsManager, to [reg 0@MainActivity$MyThread/run]
DalvikVM - [BB]: fu.hao.trust.dvm.Executor$OP_MOV_RESULT -> jump set pc to 7
PluginManager - [MSG]: TaintSumBranch Tainted Res: {359874043116909=<11 INVOKE,VIRTUAL,extra=[android.telephony.TelephonyManager/getDeviceId[], [0]]>, [reg 3@MainActivity$MyThread/run]=<11 INVOKE,VIRTUAL,extra=[android.telephony.TelephonyManager/getDeviceId[], [0]]>}
Executor - [MSG]: 

Executor - [MSG]: <7 MOV,CONST,dst=r1,type=java.lang.String,extra="+49"> at de.ecspride.MainActivity$MyThread/run[]
Executor - [DEBUG]: Mov const begin <7 MOV,CONST,dst=r1,type=java.lang.String,extra="+49">
DalvikVM - [BB]: ar1 (DroidBench, java.lang.String), (+49, java.lang.String)
Executor - [DEBUG]: data: +49 class java.lang.String
DalvikVM - [BB]: fu.hao.trust.dvm.Executor$OP_MOV_CONST -> jump set pc to 8
PluginManager - [MSG]: TaintSumBranch Tainted Res: {359874043116909=<11 INVOKE,VIRTUAL,extra=[android.telephony.TelephonyManager/getDeviceId[], [0]]>, [reg 3@MainActivity$MyThread/run]=<11 INVOKE,VIRTUAL,extra=[android.telephony.TelephonyManager/getDeviceId[], [0]]>}
Executor - [MSG]: 

Executor - [MSG]: <8 INSTANCE,IGET,r0=r6,r1=r3,type=java.lang.Object,extra=de.ecspride.MainActivity$MyThread.deviceId> at de.ecspride.MainActivity$MyThread/run[]
class fu.hao.trust.dvm.Executor$OP_INSTANCE_GET_FIELD - [BB]: obj instance number 1@de.ecspride.MainActivity$MyThread
class fu.hao.trust.dvm.Executor$OP_INSTANCE_GET_FIELD - [BB]: fieldinfo de.ecspride.MainActivity$MyThread.deviceId
DalvikVM - [BB]: ar3 (359874043116909, java.lang.String), (359874043116909, java.lang.String)
class fu.hao.trust.dvm.Executor$OP_INSTANCE_GET_FIELD - [DEBUG]: Get data: 359874043116909
DalvikVM - [BB]: fu.hao.trust.dvm.Executor$OP_INSTANCE_GET_FIELD -> jump set pc to 9
TaintSumBranch - [BB]: Add [reg 3@MainActivity$MyThread/run] as tainted due to field 359874043116909
PluginManager - [MSG]: TaintSumBranch Tainted Res: {359874043116909=<11 INVOKE,VIRTUAL,extra=[android.telephony.TelephonyManager/getDeviceId[], [0]]>, [reg 3@MainActivity$MyThread/run]=<11 INVOKE,VIRTUAL,extra=[android.telephony.TelephonyManager/getDeviceId[], [0]]>}
Executor - [MSG]: 

Executor - [MSG]: <9 MOV,REG,dst=r4,r0=r2,type=java.lang.Object> at de.ecspride.MainActivity$MyThread/run[]
class fu.hao.trust.dvm.Executor$OP_MOVE_REG - [DEBUG]: mov 0 to 0
DalvikVM - [BB]: fu.hao.trust.dvm.Executor$OP_MOVE_REG -> jump set pc to 10
PluginManager - [MSG]: TaintSumBranch Tainted Res: {359874043116909=<11 INVOKE,VIRTUAL,extra=[android.telephony.TelephonyManager/getDeviceId[], [0]]>, [reg 3@MainActivity$MyThread/run]=<11 INVOKE,VIRTUAL,extra=[android.telephony.TelephonyManager/getDeviceId[], [0]]>}
Executor - [MSG]: 

Executor - [MSG]: <10 MOV,REG,dst=r5,r0=r2,type=java.lang.Object> at de.ecspride.MainActivity$MyThread/run[]
class fu.hao.trust.dvm.Executor$OP_MOVE_REG - [DEBUG]: mov 0 to 0
DalvikVM - [BB]: fu.hao.trust.dvm.Executor$OP_MOVE_REG -> jump set pc to 11
PluginManager - [MSG]: TaintSumBranch Tainted Res: {359874043116909=<11 INVOKE,VIRTUAL,extra=[android.telephony.TelephonyManager/getDeviceId[], [0]]>, [reg 3@MainActivity$MyThread/run]=<11 INVOKE,VIRTUAL,extra=[android.telephony.TelephonyManager/getDeviceId[], [0]]>}
Executor - [MSG]: 

Executor - [MSG]: <11 INVOKE,VIRTUAL,extra=[android.telephony.SmsManager/sendTextMessage[java.lang.String, java.lang.String, java.lang.String, android.app.PendingIntent, android.app.PendingIntent], [0, 1, 2, 3, 4, 5]]> at de.ecspride.MainActivity$MyThread/run[]
Executor - [MSG]: arg0 obj: android.telephony.SmsManager@150b51f4
Executor - [DEBUG]: Reflction class: class android.telephony.SmsManager
Executor - [BB]: Normal args? true
Executor - [BB]: arg1@reg1: +49
Executor - [BB]: arg2@reg2: 0
Executor - [WARN]: Mismatch type! arg 2, real para type: class patdroid.core.PrimitiveInfo, expected para type: class java.lang.String
Executor - [BB]: arg3@reg3: 359874043116909
Executor - [BB]: arg4@reg4: 0
Executor - [WARN]: Mismatch type! arg 4, real para type: class patdroid.core.PrimitiveInfo, expected para type: class android.app.PendingIntent
Executor - [BB]: arg5@reg5: 0
Executor - [WARN]: Mismatch type! arg 5, real para type: class patdroid.core.PrimitiveInfo, expected para type: class android.app.PendingIntent
Executor - [BB]: Nargs? true
Executor - [DEBUG]: Caller obj: android.telephony.SmsManager@150b51f4, from class: class android.telephony.SmsManager
Executor - [MSG]: Reflction invocation public void android.telephony.SmsManager.sendTextMessage(java.lang.String,java.lang.String,java.lang.String,android.app.PendingIntent,android.app.PendingIntent)
DalvikVM - [BB]: Set reflective call: public void android.telephony.SmsManager.sendTextMessage(java.lang.String,java.lang.String,java.lang.String,android.app.PendingIntent,android.app.PendingIntent)
DalvikVM - [BB]: fu.hao.trust.dvm.Executor -> jump set pc to 12
TaintSumBranch - [BB]: <android.telephony.SmsManager: void sendTextMessage(java.lang.String,java.lang.String,java.lang.String,android.app.PendingIntent,android.app.PendingIntent)>
TaintSumBranch - [BB]: Found a sink invocation. <android.telephony.SmsManager: void sendTextMessage(java.lang.String,java.lang.String,java.lang.String,android.app.PendingIntent,android.app.PendingIntent)>
TaintSumBranch - [WARN]: Found a taint sink <android.telephony.SmsManager: void sendTextMessage(java.lang.String,java.lang.String,java.lang.String,android.app.PendingIntent,android.app.PendingIntent)> leaking data [359874043116909] at reg 3!!!
PluginManager - [MSG]: TaintSumBranch Tainted Res: {359874043116909=<11 INVOKE,VIRTUAL,extra=[android.telephony.TelephonyManager/getDeviceId[], [0]]>, [reg 3@MainActivity$MyThread/run]=<11 INVOKE,VIRTUAL,extra=[android.telephony.TelephonyManager/getDeviceId[], [0]]>}
Executor - [MSG]: 

Executor - [MSG]: <12 RETURN,VOID> at de.ecspride.MainActivity$MyThread/run[]
class fu.hao.trust.dvm.Executor$OP_RETURN_VOID - [DEBUG]: Return void
DalvikVM - [BB]: stack [StackFrame de.ecspride.MainActivity/onCreate[android.os.Bundle]]
DalvikVM - [BB]: Back to the last stack frame.StackFrame de.ecspride.MainActivity/onCreate[android.os.Bundle]
PluginManager - [MSG]: TaintSumBranch Tainted Res: {[reg 2@MainActivity/onCreate]=<11 INVOKE,VIRTUAL,extra=[android.telephony.TelephonyManager/getDeviceId[], [0]]>, 359874043116909=<11 INVOKE,VIRTUAL,extra=[android.telephony.TelephonyManager/getDeviceId[], [0]]>}
DalvikVM - [MSG]: Finish running instrumented methods! Back to StackFrame de.ecspride.MainActivity/onCreate[android.os.Bundle]
DalvikVM - [BB]: ar-1 (null, void), (null, void)
Executor - [MSG]: Reflction invocation public synchronized void android.myclasses.Thread.start()
DalvikVM - [BB]: Set reflective call: public synchronized void android.myclasses.Thread.start()
DalvikVM - [BB]: fu.hao.trust.dvm.Executor -> jump set pc to 15
TaintSumBranch - [BB]: <java.lang.Thread: void start()>
TaintSumBranch - [DEBUG]: Not a taint call: <java.lang.Thread: void start()>
PluginManager - [MSG]: TaintSumBranch Tainted Res: {[reg 2@MainActivity/onCreate]=<11 INVOKE,VIRTUAL,extra=[android.telephony.TelephonyManager/getDeviceId[], [0]]>, 359874043116909=<11 INVOKE,VIRTUAL,extra=[android.telephony.TelephonyManager/getDeviceId[], [0]]>}
Executor - [MSG]: 

Executor - [MSG]: <15 RETURN,VOID> at de.ecspride.MainActivity/onCreate[android.os.Bundle]
class fu.hao.trust.dvm.Executor$OP_RETURN_VOID - [DEBUG]: Return void
DalvikVM - [BB]: stack []
DalvikVM - [BB]: Back to the last stack frame.null
Executor - [MSG]: RUN DONE! The last one is onCreate
DalvikVM - [MSG]: FINISHED!

main - [MSG]: output/JavaThread1.apk\JavaThread1.apk_SrcTaintedFields.csv
main - [MSG]: Analysis has run for 2.449331948 seconds

main - [DEBUG]: Entry event: (de.ecspride.MainActivity, onCreate)
DalvikVM - [MSG]: Begin run onCreate at C:\Users\hao\workspace\DroidBenchProj\JavaThread1\app\JavaThread1.apk
DalvikVM - [MSG]: RUN Method de.ecspride.MainActivity/onCreate[android.os.Bundle]
Executor - [DEBUG]: Read manifest csv: output/JavaThread1.apk\JavaThread1.apk_manifest.csv
Executor - [WARN]: output\JavaThread1.apk\JavaThread1.apk_manifest.csv (The system cannot find the file specified)
DalvikVM - [BB]: New method call: de.ecspride.MainActivity/onCreate[android.os.Bundle]
DalvikVM - [BB]: [0]<0 SPECIAL,ARGUMENT_SET,extra=[3, 4]>
DalvikVM - [BB]: [1]<0 HALT,SUPER,extra=[null, [3, 4]]>
DalvikVM - [BB]: [2]<1 MOV,CONST,dst=r1,type=void,extra=class patdroid.core.PrimitiveInfo?2130903040>
DalvikVM - [BB]: [3]<0 INVOKE,VIRTUAL,extra=[android.app.Activity/setContentView[int], [3, 1]]>
DalvikVM - [BB]: [4]<0 INVOKE,VIRTUAL,extra=[android.content.Context/getApplicationContext[], [3]]>
DalvikVM - [BB]: [5]<0 MOV,RESULT,dst=r1,type=java.lang.Object>
DalvikVM - [BB]: [6]<5 MOV,CONST,dst=r2,type=java.lang.String,extra="phone">
DalvikVM - [BB]: [7]<0 INVOKE,VIRTUAL,extra=[android.content.Context/getSystemService[java.lang.String], [1, 2]]>
DalvikVM - [BB]: [8]<0 MOV,RESULT,dst=r0,type=java.lang.Object>
DalvikVM - [BB]: [9]<0 ARITHMETIC,CHECK-AND-CAST,dst=r0,type=android.telephony.TelephonyManager>
DalvikVM - [BB]: [10]<0 NEW,INSTANCE,dst=r1,type=de.ecspride.MainActivity$MyThread>
DalvikVM - [BB]: [11]<0 INVOKE,VIRTUAL,extra=[android.telephony.TelephonyManager/getDeviceId[], [0]]>
DalvikVM - [BB]: [12]<0 MOV,RESULT,dst=r2,type=java.lang.Object>
DalvikVM - [BB]: [13]<0 INVOKE,DIRECT,extra=[de.ecspride.MainActivity$MyThread/<init>[de.ecspride.MainActivity, java.lang.String], [1, 3, 2]]>
DalvikVM - [BB]: [14]<0 INVOKE,VIRTUAL,extra=[java.lang.Thread/start[], [1]]>
DalvikVM - [BB]: [15]<0 RETURN,VOID>
newStackFrame - [BB]: New Stack Frame: StackFrame de.ecspride.MainActivity/onCreate[android.os.Bundle]
newStackFrame - [BB]: Add frame StackFrame de.ecspride.MainActivity/onCreate[android.os.Bundle]
newStackFrame - [BB]: Stack: [StackFrame de.ecspride.MainActivity/onCreate[android.os.Bundle]]
Executor - [MSG]: New chain obj with type de.ecspride.MainActivity
DalvikVM - [BB]: Superclass: de.ecspride.MainActivity
Activity - [BB]: New instance of de.ecspride.MainActivity
Caller@4: <init>@fu.hao.trust.dvm.DVMObject - [BB]: getClass de.ecspride.MainActivity at fu.hao.trust.dvm.VMHeap@6f3e54b
Caller: getClass@fu.hao.trust.dvm.VMHeap - [BB]: new class representation for de.ecspride.MainActivity at fu.hao.trust.dvm.VMHeap@6f3e54b
Caller@4: <init>@fu.hao.trust.dvm.DVMClass - [BB]: getClass android.app.Activity at fu.hao.trust.dvm.VMHeap@6f3e54b
Caller: getClass@fu.hao.trust.dvm.VMHeap - [BB]: new class representation for android.app.Activity at fu.hao.trust.dvm.VMHeap@6f3e54b
Caller@4: <init>@fu.hao.trust.dvm.DVMClass - [BB]: getClass android.content.ContextWrapper at fu.hao.trust.dvm.VMHeap@6f3e54b
Caller: getClass@fu.hao.trust.dvm.VMHeap - [BB]: new class representation for android.content.ContextWrapper at fu.hao.trust.dvm.VMHeap@6f3e54b
Caller@4: <init>@fu.hao.trust.dvm.DVMClass - [BB]: getClass android.content.Context at fu.hao.trust.dvm.VMHeap@6f3e54b
Caller: getClass@fu.hao.trust.dvm.VMHeap - [BB]: new class representation for android.content.Context at fu.hao.trust.dvm.VMHeap@6f3e54b
Caller@4: <init>@fu.hao.trust.dvm.DVMClass - [BB]: getClass fu.hao.trust.dvm.DVMObject at fu.hao.trust.dvm.VMHeap@6f3e54b
Caller: getClass@fu.hao.trust.dvm.VMHeap - [BB]: new class representation for fu.hao.trust.dvm.DVMObject at fu.hao.trust.dvm.VMHeap@6f3e54b
Caller: <init>@fu.hao.trust.dvm.DVMClass - [BB]: Get DVMClass for type fu.hao.trust.dvm.DVMObject
Caller@4: <init>@fu.hao.trust.dvm.DVMClass - [BB]: getClass fu.hao.trust.dvm.DVMObject at fu.hao.trust.dvm.VMHeap@6f3e54b
Caller: <init>@fu.hao.trust.dvm.DVMClass - [BB]: Get DVMClass for type android.content.Context
Caller@4: <init>@fu.hao.trust.dvm.DVMClass - [BB]: getClass android.content.Context at fu.hao.trust.dvm.VMHeap@6f3e54b
Caller: <init>@fu.hao.trust.dvm.DVMClass - [BB]: Get DVMClass for type android.content.ContextWrapper
Caller@4: <init>@fu.hao.trust.dvm.DVMClass - [BB]: getClass android.content.ContextWrapper at fu.hao.trust.dvm.VMHeap@6f3e54b
Caller: <init>@fu.hao.trust.dvm.DVMClass - [BB]: Get DVMClass for type android.app.Activity
Caller@4: <init>@fu.hao.trust.dvm.DVMClass - [BB]: getClass android.app.Activity at fu.hao.trust.dvm.VMHeap@6f3e54b
Caller: <init>@fu.hao.trust.dvm.DVMObject - [BB]: Get DVMClass for type de.ecspride.MainActivity
Caller@4: <init>@fu.hao.trust.dvm.DVMObject - [BB]: getClass de.ecspride.MainActivity at fu.hao.trust.dvm.VMHeap@6f3e54b
Activity - [BB]: Not empty constructor
DalvikVM - [BB]: New method call: de.ecspride.MainActivity/<init>[]
DalvikVM - [BB]: [0]<0 SPECIAL,ARGUMENT_SET,extra=[0]>
DalvikVM - [BB]: [1]<0 INVOKE,DIRECT,extra=[java.lang.Object/<init>[], [0]]>
DalvikVM - [BB]: [2]<0 RETURN,VOID>
newStackFrame - [BB]: New Stack Frame: StackFrame de.ecspride.MainActivity/<init>[], pc -1 stored. 
newStackFrame - [BB]: Stack: [StackFrame de.ecspride.MainActivity/onCreate[android.os.Bundle]]
DalvikVM - [MSG]: Begin run instrumented methods!
DalvikVM - [MSG]: <0 SPECIAL,ARGUMENT_SET,extra=[3, 4]>
DalvikVM - [BB]: Add frames [StackFrame de.ecspride.MainActivity/<init>[]]
DalvikVM - [BB]: fu.hao.trust.dvm.DalvikVM -> runInstrumentedMethods set pc to 0
Executor - [MSG]: 

Executor - [MSG]: <0 SPECIAL,ARGUMENT_SET,extra=[0]> at de.ecspride.MainActivity/<init>[]
Executor - [DEBUG]: params: Activity:instance number 1@de.ecspride.MainActivity
DalvikVM - [BB]: fu.hao.trust.dvm.Executor$OP_SP_ARGUMENTS -> jump set pc to 1
PluginManager - [MSG]: TaintSumBranch Tainted Res: {}
Executor - [MSG]: 

Executor - [MSG]: <1 INVOKE,DIRECT,extra=[java.lang.Object/<init>[], [0]]> at de.ecspride.MainActivity/<init>[]
Executor - [MSG]: arg0 obj: Activity:instance number 1@de.ecspride.MainActivity
Executor - [BB]: java.lang.Object/<init>[] is a constructor!
Executor - [WARN]: Reflection error: de.ecspride.MainActivity
DalvikVM - [BB]: fu.hao.trust.dvm.Executor -> jump set pc to 2
TaintSumBranch - [BB]: <java.lang.Object: void <init>()>
TaintSumBranch - [DEBUG]: Not a taint call: <java.lang.Object: void <init>()>
PluginManager - [MSG]: TaintSumBranch Tainted Res: {}
Executor - [MSG]: 

Executor - [MSG]: <2 RETURN,VOID> at de.ecspride.MainActivity/<init>[]
class fu.hao.trust.dvm.Executor$OP_RETURN_VOID - [DEBUG]: Return void
DalvikVM - [BB]: stack [StackFrame de.ecspride.MainActivity/onCreate[android.os.Bundle]]
DalvikVM - [BB]: Back to the last stack frame.StackFrame de.ecspride.MainActivity/onCreate[android.os.Bundle]
DalvikVM - [MSG]: Finish running instrumented methods! Back to StackFrame de.ecspride.MainActivity/onCreate[android.os.Bundle]
Activity - [BB]: New Activity Created with type de.ecspride.MainActivity
Executor - [MSG]: RUN BEGIN de.ecspride.MainActivity/onCreate[android.os.Bundle]
DalvikVM - [BB]: fu.hao.trust.dvm.Executor -> execute set pc to 0
Executor - [MSG]: 

Executor - [MSG]: <0 SPECIAL,ARGUMENT_SET,extra=[3, 4]> at de.ecspride.MainActivity/onCreate[android.os.Bundle]
Executor - [WARN]: NULL CallingCtx!
Executor - [DEBUG]: args: Activity:instance number 1@de.ecspride.MainActivity
Executor - [BB]: Start param from 1
Executor - [DEBUG]: args: null
DalvikVM - [BB]: fu.hao.trust.dvm.Executor$OP_SP_ARGUMENTS -> jump set pc to 1
PluginManager - [MSG]: TaintSumBranch Tainted Res: {}
Executor - [MSG]: 

Executor - [MSG]: <1 HALT,SUPER,extra=[null, [3, 4]]> at de.ecspride.MainActivity/onCreate[android.os.Bundle]
DalvikVM - [BB]: fu.hao.trust.dvm.Executor$OP_HALT -> jump set pc to 2
Executor - [MSG]: Cannot resolve the invocation
TaintSumBranch - [BB]: Not a taint op <1 HALT,SUPER,extra=[null, [3, 4]]>
PluginManager - [MSG]: TaintSumBranch Tainted Res: {}
Executor - [MSG]: 

Executor - [MSG]: <2 MOV,CONST,dst=r1,type=void,extra=class patdroid.core.PrimitiveInfo?2130903040> at de.ecspride.MainActivity/onCreate[android.os.Bundle]
Executor - [DEBUG]: Mov const begin <2 MOV,CONST,dst=r1,type=void,extra=class patdroid.core.PrimitiveInfo?2130903040>
Executor - [DEBUG]: data: 2130903040 class patdroid.core.PrimitiveInfo
DalvikVM - [BB]: fu.hao.trust.dvm.Executor$OP_MOV_CONST -> jump set pc to 3
PluginManager - [MSG]: TaintSumBranch Tainted Res: {}
Executor - [MSG]: 

Executor - [MSG]: <3 INVOKE,VIRTUAL,extra=[android.app.Activity/setContentView[int], [3, 1]]> at de.ecspride.MainActivity/onCreate[android.os.Bundle]
Executor - [MSG]: arg0 obj: Activity:instance number 1@de.ecspride.MainActivity
Executor - [DEBUG]: Reflction class: class android.app.Activity
Executor - [BB]: Normal args? true
Executor - [BB]: arg1@reg1: 2130903040
Executor - [DEBUG]: Expected para type: int
Executor - [DEBUG]: Real para int, value: 2130903040
Executor - [BB]: Nargs? true
Executor - [DEBUG]: Caller obj: Activity:instance number 1@de.ecspride.MainActivity, from class: class android.app.Activity
Executor - [MSG]: Reflction invocation public void android.app.Activity.setContentView(int)
DalvikVM - [BB]: Set reflective call: public void android.app.Activity.setContentView(int)
DalvikVM - [BB]: fu.hao.trust.dvm.Executor -> jump set pc to 4
TaintSumBranch - [BB]: <android.app.Activity: void setContentView(int)>
TaintSumBranch - [DEBUG]: Not a taint call: <android.app.Activity: void setContentView(int)>
PluginManager - [MSG]: TaintSumBranch Tainted Res: {}
Executor - [MSG]: 

Executor - [MSG]: <4 INVOKE,VIRTUAL,extra=[android.content.Context/getApplicationContext[], [3]]> at de.ecspride.MainActivity/onCreate[android.os.Bundle]
Executor - [MSG]: arg0 obj: Activity:instance number 1@de.ecspride.MainActivity
Executor - [DEBUG]: Reflction class: class android.content.Context
Executor - [DEBUG]: Return data: Activity:instance number 1@de.ecspride.MainActivity ,class android.app.Activity
Executor - [MSG]: Reflction invocation public android.content.Context android.content.Context.getApplicationContext()
DalvikVM - [BB]: Set reflective call: public android.content.Context android.content.Context.getApplicationContext()
DalvikVM - [BB]: fu.hao.trust.dvm.Executor -> jump set pc to 5
TaintSumBranch - [BB]: <android.content.Context: android.content.Context getApplicationContext()>
TaintSumBranch - [DEBUG]: Not a taint call: <android.content.Context: android.content.Context getApplicationContext()>
PluginManager - [MSG]: TaintSumBranch Tainted Res: {}
Executor - [MSG]: 

Executor - [MSG]: <5 MOV,RESULT,dst=r1,type=java.lang.Object> at de.ecspride.MainActivity/onCreate[android.os.Bundle]
DalvikVM - [BB]: ar1 (2130903040, void), (Activity:instance number 1@de.ecspride.MainActivity, android.content.Context)
OP_MOV_RESULT - [BB]: Result data: Activity:instance number 1@de.ecspride.MainActivity
OP_MOV_RESULT - [DEBUG]: Result data: Activity:instance number 1@de.ecspride.MainActivity, type: android.content.Context, to [reg 1@MainActivity/onCreate]
DalvikVM - [BB]: fu.hao.trust.dvm.Executor$OP_MOV_RESULT -> jump set pc to 6
PluginManager - [MSG]: TaintSumBranch Tainted Res: {}
Executor - [MSG]: 

Executor - [MSG]: <6 MOV,CONST,dst=r2,type=java.lang.String,extra="phone"> at de.ecspride.MainActivity/onCreate[android.os.Bundle]
Executor - [DEBUG]: Mov const begin <6 MOV,CONST,dst=r2,type=java.lang.String,extra="phone">
Executor - [DEBUG]: data: phone class java.lang.String
DalvikVM - [BB]: fu.hao.trust.dvm.Executor$OP_MOV_CONST -> jump set pc to 7
PluginManager - [MSG]: TaintSumBranch Tainted Res: {}
Executor - [MSG]: 

Executor - [MSG]: <7 INVOKE,VIRTUAL,extra=[android.content.Context/getSystemService[java.lang.String], [1, 2]]> at de.ecspride.MainActivity/onCreate[android.os.Bundle]
Executor - [MSG]: arg0 obj: Activity:instance number 1@de.ecspride.MainActivity
Executor - [DEBUG]: Reflction class: class android.content.Context
Executor - [BB]: Normal args? true
Executor - [BB]: arg1@reg2: phone
Executor - [BB]: Nargs? true
Executor - [DEBUG]: Caller obj: Activity:instance number 1@de.ecspride.MainActivity, from class: class android.app.Activity
Executor - [DEBUG]: Return data: android.telephony.TelephonyManager@31fa7bbf ,class android.telephony.TelephonyManager
Executor - [MSG]: Reflction invocation public java.lang.Object android.content.Context.getSystemService(java.lang.String)
DalvikVM - [BB]: Set reflective call: public java.lang.Object android.content.Context.getSystemService(java.lang.String)
DalvikVM - [BB]: fu.hao.trust.dvm.Executor -> jump set pc to 8
TaintSumBranch - [BB]: <android.content.Context: java.lang.Object getSystemService(java.lang.String)>
TaintSumBranch - [DEBUG]: Not a taint call: <android.content.Context: java.lang.Object getSystemService(java.lang.String)>
PluginManager - [MSG]: TaintSumBranch Tainted Res: {}
Executor - [MSG]: 

Executor - [MSG]: <8 MOV,RESULT,dst=r0,type=java.lang.Object> at de.ecspride.MainActivity/onCreate[android.os.Bundle]
OP_MOV_RESULT - [BB]: Result data: android.telephony.TelephonyManager@31fa7bbf
OP_MOV_RESULT - [DEBUG]: Result data: android.telephony.TelephonyManager@31fa7bbf, type: java.lang.Object, to [reg 0@MainActivity/onCreate]
DalvikVM - [BB]: fu.hao.trust.dvm.Executor$OP_MOV_RESULT -> jump set pc to 9
PluginManager - [MSG]: TaintSumBranch Tainted Res: {}
Executor - [MSG]: 

Executor - [MSG]: <9 ARITHMETIC,CHECK-AND-CAST,dst=r0,type=android.telephony.TelephonyManager> at de.ecspride.MainActivity/onCreate[android.os.Bundle]
DalvikVM - [BB]: fu.hao.trust.dvm.Executor$OP_ARITHETIC -> jump set pc to 10
TaintSumBranch - [BB]: Not a taint op <9 ARITHMETIC,CHECK-AND-CAST,dst=r0,type=android.telephony.TelephonyManager>
PluginManager - [MSG]: TaintSumBranch Tainted Res: {}
Executor - [MSG]: 

Executor - [MSG]: <10 NEW,INSTANCE,dst=r1,type=de.ecspride.MainActivity$MyThread> at de.ecspride.MainActivity/onCreate[android.os.Bundle]
OP_NEW_INSTANCE - [DEBUG]: [reg 1@MainActivity/onCreate]
DalvikVM - [BB]: Superclass: de.ecspride.MainActivity$MyThread
Thread - [BB]: New instance of de.ecspride.MainActivity$MyThread
Caller@4: <init>@fu.hao.trust.dvm.DVMObject - [BB]: getClass de.ecspride.MainActivity$MyThread at fu.hao.trust.dvm.VMHeap@6f3e54b
Caller: getClass@fu.hao.trust.dvm.VMHeap - [BB]: new class representation for de.ecspride.MainActivity$MyThread at fu.hao.trust.dvm.VMHeap@6f3e54b
Caller: <init>@fu.hao.trust.dvm.DVMObject - [BB]: Get DVMClass for type de.ecspride.MainActivity$MyThread
Caller@4: <init>@fu.hao.trust.dvm.DVMObject - [BB]: getClass de.ecspride.MainActivity$MyThread at fu.hao.trust.dvm.VMHeap@6f3e54b
DalvikVM - [BB]: ar1 (Activity:instance number 1@de.ecspride.MainActivity, android.content.Context), (instance number 1@de.ecspride.MainActivity$MyThread, de.ecspride.MainActivity$MyThread)
OP_NEW_INSTANCE - [DEBUG]: New object of de.ecspride.MainActivity$MyThreadcreated:instance number 1@de.ecspride.MainActivity$MyThread
DalvikVM - [BB]: fu.hao.trust.dvm.Executor$OP_NEW_INSTANCE -> jump set pc to 11
TaintSumBranch - [BB]: Rdst [reg 1@MainActivity/onCreate]
PluginManager - [MSG]: TaintSumBranch Tainted Res: {}
Executor - [MSG]: 

Executor - [MSG]: <11 INVOKE,VIRTUAL,extra=[android.telephony.TelephonyManager/getDeviceId[], [0]]> at de.ecspride.MainActivity/onCreate[android.os.Bundle]
Executor - [MSG]: arg0 obj: android.telephony.TelephonyManager@31fa7bbf
Executor - [DEBUG]: Reflction class: class android.telephony.TelephonyManager
Executor - [DEBUG]: Return data: 359874043116909 ,class java.lang.String
Executor - [MSG]: Reflction invocation public java.lang.String android.telephony.TelephonyManager.getDeviceId()
DalvikVM - [BB]: Set reflective call: public java.lang.String android.telephony.TelephonyManager.getDeviceId()
DalvikVM - [BB]: fu.hao.trust.dvm.Executor -> jump set pc to 12
TaintSumBranch - [BB]: <android.telephony.TelephonyManager: java.lang.String getDeviceId()>
TaintSumBranch - [WARN]: Found a tainted return value!
PluginManager - [MSG]: TaintSumBranch Tainted Res: {359874043116909=<11 INVOKE,VIRTUAL,extra=[android.telephony.TelephonyManager/getDeviceId[], [0]]>, [Global RetReg]=<11 INVOKE,VIRTUAL,extra=[android.telephony.TelephonyManager/getDeviceId[], [0]]>}
Executor - [MSG]: 

Executor - [MSG]: <12 MOV,RESULT,dst=r2,type=java.lang.Object> at de.ecspride.MainActivity/onCreate[android.os.Bundle]
DalvikVM - [BB]: ar2 (phone, java.lang.String), (359874043116909, java.lang.String)
OP_MOV_RESULT - [BB]: Result data: 359874043116909
OP_MOV_RESULT - [DEBUG]: Result data: 359874043116909, type: java.lang.String, to [reg 2@MainActivity/onCreate]
DalvikVM - [BB]: fu.hao.trust.dvm.Executor$OP_MOV_RESULT -> jump set pc to 13
TaintSumBranch - [BB]: <11 INVOKE,VIRTUAL,extra=[android.telephony.TelephonyManager/getDeviceId[], [0]]>
TaintSumBranch - [BB]: Add reg 2 due to ret reg.
PluginManager - [MSG]: TaintSumBranch Tainted Res: {359874043116909=<11 INVOKE,VIRTUAL,extra=[android.telephony.TelephonyManager/getDeviceId[], [0]]>, [reg 2@MainActivity/onCreate]=<11 INVOKE,VIRTUAL,extra=[android.telephony.TelephonyManager/getDeviceId[], [0]]>}
Executor - [MSG]: 

Executor - [MSG]: <13 INVOKE,DIRECT,extra=[de.ecspride.MainActivity$MyThread/<init>[de.ecspride.MainActivity, java.lang.String], [1, 3, 2]]> at de.ecspride.MainActivity/onCreate[android.os.Bundle]
Executor - [MSG]: arg0 obj: instance number 1@de.ecspride.MainActivity$MyThread
Executor - [WARN]: Reflection error: de.ecspride.MainActivity$MyThread
DalvikVM - [BB]: fu.hao.trust.dvm.Executor -> jump set pc to 14
DalvikVM - [BB]: New method call: de.ecspride.MainActivity$MyThread/<init>[de.ecspride.MainActivity, java.lang.String]
DalvikVM - [BB]: [0]<0 SPECIAL,ARGUMENT_SET,extra=[0, 1, 2]>
DalvikVM - [BB]: [1]<0 INSTANCE,IPUT,r0=r0,r1=r1,type=java.lang.Object,extra=de.ecspride.MainActivity$MyThread.this$0>
DalvikVM - [BB]: [2]<0 INVOKE,DIRECT,extra=[java.lang.Thread/<init>[], [0]]>
DalvikVM - [BB]: [3]<0 INSTANCE,IPUT,r0=r0,r1=r2,type=java.lang.Object,extra=de.ecspride.MainActivity$MyThread.deviceId>
DalvikVM - [BB]: [4]<0 RETURN,VOID>
newStackFrame - [BB]: New Stack Frame: StackFrame de.ecspride.MainActivity$MyThread/<init>[de.ecspride.MainActivity, java.lang.String], pc 14 stored. 
newStackFrame - [BB]: Add frame StackFrame de.ecspride.MainActivity$MyThread/<init>[de.ecspride.MainActivity, java.lang.String]
newStackFrame - [BB]: Stack: [StackFrame de.ecspride.MainActivity/onCreate[android.os.Bundle], StackFrame de.ecspride.MainActivity$MyThread/<init>[de.ecspride.MainActivity, java.lang.String]]
TaintSumBranch - [BB]: <de.ecspride.MainActivity$MyThread: void <init>(de.ecspride.MainActivity,java.lang.String)>
TaintSumBranch - [DEBUG]: Not a taint call: <de.ecspride.MainActivity$MyThread: void <init>(de.ecspride.MainActivity,java.lang.String)>
PluginManager - [MSG]: TaintSumBranch Tainted Res: {359874043116909=<11 INVOKE,VIRTUAL,extra=[android.telephony.TelephonyManager/getDeviceId[], [0]]>, [reg 2@MainActivity/onCreate]=<11 INVOKE,VIRTUAL,extra=[android.telephony.TelephonyManager/getDeviceId[], [0]]>}
DalvikVM - [BB]: fu.hao.trust.dvm.Executor -> execute set pc to 0
Executor - [MSG]: 

Executor - [MSG]: <0 SPECIAL,ARGUMENT_SET,extra=[0, 1, 2]> at de.ecspride.MainActivity$MyThread/<init>[de.ecspride.MainActivity, java.lang.String]
Executor - [DEBUG]: params: instance number 1@de.ecspride.MainActivity$MyThread
Executor - [DEBUG]: params: Activity:instance number 1@de.ecspride.MainActivity
Executor - [DEBUG]: params: 359874043116909
DalvikVM - [BB]: fu.hao.trust.dvm.Executor$OP_SP_ARGUMENTS -> jump set pc to 1
TaintSumBranch - [BB]: Copy 359874043116909 as tainted.
TaintSumBranch - [BB]: Add [reg 2@MainActivity$MyThread/<init>] as tainted due to [reg 2@MainActivity/onCreate]
PluginManager - [MSG]: TaintSumBranch Tainted Res: {[reg 2@MainActivity$MyThread/<init>]=<11 INVOKE,VIRTUAL,extra=[android.telephony.TelephonyManager/getDeviceId[], [0]]>, 359874043116909=<11 INVOKE,VIRTUAL,extra=[android.telephony.TelephonyManager/getDeviceId[], [0]]>}
Executor - [MSG]: 

Executor - [MSG]: <1 INSTANCE,IPUT,r0=r0,r1=r1,type=java.lang.Object,extra=de.ecspride.MainActivity$MyThread.this$0> at de.ecspride.MainActivity$MyThread/<init>[de.ecspride.MainActivity, java.lang.String]
class fu.hao.trust.dvm.Executor$OP_INSTANCE_PUT_FIELD - [BB]: field de.ecspride.MainActivity$MyThread.this$0
class fu.hao.trust.dvm.Executor$OP_INSTANCE_PUT_FIELD - [BB]: Target obj instance number 1@de.ecspride.MainActivity$MyThread
Thread - [DEBUG]: put field Activity:instance number 1@de.ecspride.MainActivity
class fu.hao.trust.dvm.Executor$OP_INSTANCE_PUT_FIELD - [MSG]: Put data Activity:instance number 1@de.ecspride.MainActivity to the field of instance number 1@de.ecspride.MainActivity$MyThread
DalvikVM - [BB]: fu.hao.trust.dvm.Executor$OP_INSTANCE_PUT_FIELD -> jump set pc to 2
PluginManager - [MSG]: TaintSumBranch Tainted Res: {[reg 2@MainActivity$MyThread/<init>]=<11 INVOKE,VIRTUAL,extra=[android.telephony.TelephonyManager/getDeviceId[], [0]]>, 359874043116909=<11 INVOKE,VIRTUAL,extra=[android.telephony.TelephonyManager/getDeviceId[], [0]]>}
Executor - [MSG]: 

Executor - [MSG]: <2 INVOKE,DIRECT,extra=[java.lang.Thread/<init>[], [0]]> at de.ecspride.MainActivity$MyThread/<init>[de.ecspride.MainActivity, java.lang.String]
Executor - [MSG]: arg0 obj: instance number 1@de.ecspride.MainActivity$MyThread
Executor - [BB]: java.lang.Thread/<init>[] is a constructor!
Executor - [WARN]: Reflection error: de.ecspride.MainActivity$MyThread
DalvikVM - [BB]: fu.hao.trust.dvm.Executor -> jump set pc to 3
TaintSumBranch - [BB]: <java.lang.Thread: void <init>()>
TaintSumBranch - [DEBUG]: Not a taint call: <java.lang.Thread: void <init>()>
PluginManager - [MSG]: TaintSumBranch Tainted Res: {[reg 2@MainActivity$MyThread/<init>]=<11 INVOKE,VIRTUAL,extra=[android.telephony.TelephonyManager/getDeviceId[], [0]]>, 359874043116909=<11 INVOKE,VIRTUAL,extra=[android.telephony.TelephonyManager/getDeviceId[], [0]]>}
Executor - [MSG]: 

Executor - [MSG]: <3 INSTANCE,IPUT,r0=r0,r1=r2,type=java.lang.Object,extra=de.ecspride.MainActivity$MyThread.deviceId> at de.ecspride.MainActivity$MyThread/<init>[de.ecspride.MainActivity, java.lang.String]
class fu.hao.trust.dvm.Executor$OP_INSTANCE_PUT_FIELD - [BB]: field de.ecspride.MainActivity$MyThread.deviceId
class fu.hao.trust.dvm.Executor$OP_INSTANCE_PUT_FIELD - [BB]: Target obj instance number 1@de.ecspride.MainActivity$MyThread
Thread - [DEBUG]: put field 359874043116909
class fu.hao.trust.dvm.Executor$OP_INSTANCE_PUT_FIELD - [MSG]: Put data 359874043116909 to the field of instance number 1@de.ecspride.MainActivity$MyThread
DalvikVM - [BB]: fu.hao.trust.dvm.Executor$OP_INSTANCE_PUT_FIELD -> jump set pc to 4
TaintSumBranch - [BB]: Add 359874043116909as tainted due to [reg 2@MainActivity$MyThread/<init>]
PluginManager - [MSG]: TaintSumBranch Tainted Res: {[reg 2@MainActivity$MyThread/<init>]=<11 INVOKE,VIRTUAL,extra=[android.telephony.TelephonyManager/getDeviceId[], [0]]>, 359874043116909=<11 INVOKE,VIRTUAL,extra=[android.telephony.TelephonyManager/getDeviceId[], [0]]>}
Executor - [MSG]: 

Executor - [MSG]: <4 RETURN,VOID> at de.ecspride.MainActivity$MyThread/<init>[de.ecspride.MainActivity, java.lang.String]
class fu.hao.trust.dvm.Executor$OP_RETURN_VOID - [DEBUG]: Return void
DalvikVM - [BB]: stack [StackFrame de.ecspride.MainActivity/onCreate[android.os.Bundle]]
DalvikVM - [BB]: Back to the last stack frame.StackFrame de.ecspride.MainActivity/onCreate[android.os.Bundle]
PluginManager - [MSG]: TaintSumBranch Tainted Res: {359874043116909=<11 INVOKE,VIRTUAL,extra=[android.telephony.TelephonyManager/getDeviceId[], [0]]>, [reg 2@MainActivity/onCreate]=<11 INVOKE,VIRTUAL,extra=[android.telephony.TelephonyManager/getDeviceId[], [0]]>}
Executor - [MSG]: 

Executor - [MSG]: <14 INVOKE,VIRTUAL,extra=[java.lang.Thread/start[], [1]]> at de.ecspride.MainActivity/onCreate[android.os.Bundle]
Executor - [MSG]: arg0 obj: instance number 1@de.ecspride.MainActivity$MyThread
Executor - [DEBUG]: Reflction class: class android.myclasses.Thread
Thread - [BB]: Run replaced exec!
DalvikVM - [BB]: New method call: de.ecspride.MainActivity$MyThread/run[]
DalvikVM - [BB]: [0]<0 SPECIAL,ARGUMENT_SET,extra=[6]>
DalvikVM - [BB]: [1]<0 MOV,CONST,dst=r2,type=void,extra=class patdroid.core.PrimitiveInfo?0>
DalvikVM - [BB]: [2]<1 MOV,CONST,dst=r1,type=java.lang.String,extra="DroidBench">
DalvikVM - [BB]: [3]<0 INSTANCE,IGET,r0=r6,r1=r3,type=java.lang.Object,extra=de.ecspride.MainActivity$MyThread.deviceId>
DalvikVM - [BB]: [4]<0 INVOKE,STATIC,extra=[android.util.Log/d[java.lang.String, java.lang.String], [1, 3]]>
DalvikVM - [BB]: [5]<0 INVOKE,STATIC,extra=[android.telephony.SmsManager/getDefault[], []]>
DalvikVM - [BB]: [6]<0 MOV,RESULT,dst=r0,type=java.lang.Object>
DalvikVM - [BB]: [7]<6 MOV,CONST,dst=r1,type=java.lang.String,extra="+49">
DalvikVM - [BB]: [8]<0 INSTANCE,IGET,r0=r6,r1=r3,type=java.lang.Object,extra=de.ecspride.MainActivity$MyThread.deviceId>
DalvikVM - [BB]: [9]<0 MOV,REG,dst=r4,r0=r2,type=java.lang.Object>
DalvikVM - [BB]: [10]<0 MOV,REG,dst=r5,r0=r2,type=java.lang.Object>
DalvikVM - [BB]: [11]<0 INVOKE,VIRTUAL,extra=[android.telephony.SmsManager/sendTextMessage[java.lang.String, java.lang.String, java.lang.String, android.app.PendingIntent, android.app.PendingIntent], [0, 1, 2, 3, 4, 5]]>
DalvikVM - [BB]: [12]<0 RETURN,VOID>
newStackFrame - [BB]: New Stack Frame: StackFrame de.ecspride.MainActivity$MyThread/run[], pc 14 stored. 
newStackFrame - [BB]: Stack: [StackFrame de.ecspride.MainActivity/onCreate[android.os.Bundle]]
DalvikVM - [MSG]: Begin run instrumented methods!
DalvikVM - [MSG]: <14 INVOKE,VIRTUAL,extra=[java.lang.Thread/start[], [1]]>
DalvikVM - [BB]: Add frames [StackFrame de.ecspride.MainActivity$MyThread/run[]]
DalvikVM - [BB]: fu.hao.trust.dvm.DalvikVM -> runInstrumentedMethods set pc to 0
Executor - [MSG]: 

Executor - [MSG]: <0 SPECIAL,ARGUMENT_SET,extra=[6]> at de.ecspride.MainActivity$MyThread/run[]
Executor - [DEBUG]: params: instance number 1@de.ecspride.MainActivity$MyThread
DalvikVM - [BB]: fu.hao.trust.dvm.Executor$OP_SP_ARGUMENTS -> jump set pc to 1
TaintSumBranch - [BB]: Copy 359874043116909 as tainted.
PluginManager - [MSG]: TaintSumBranch Tainted Res: {359874043116909=<11 INVOKE,VIRTUAL,extra=[android.telephony.TelephonyManager/getDeviceId[], [0]]>}
Executor - [MSG]: 

Executor - [MSG]: <1 MOV,CONST,dst=r2,type=void,extra=class patdroid.core.PrimitiveInfo?0> at de.ecspride.MainActivity$MyThread/run[]
Executor - [DEBUG]: Mov const begin <1 MOV,CONST,dst=r2,type=void,extra=class patdroid.core.PrimitiveInfo?0>
Executor - [DEBUG]: data: 0 class patdroid.core.PrimitiveInfo
DalvikVM - [BB]: fu.hao.trust.dvm.Executor$OP_MOV_CONST -> jump set pc to 2
PluginManager - [MSG]: TaintSumBranch Tainted Res: {359874043116909=<11 INVOKE,VIRTUAL,extra=[android.telephony.TelephonyManager/getDeviceId[], [0]]>}
Executor - [MSG]: 

Executor - [MSG]: <2 MOV,CONST,dst=r1,type=java.lang.String,extra="DroidBench"> at de.ecspride.MainActivity$MyThread/run[]
Executor - [DEBUG]: Mov const begin <2 MOV,CONST,dst=r1,type=java.lang.String,extra="DroidBench">
Executor - [DEBUG]: data: DroidBench class java.lang.String
DalvikVM - [BB]: fu.hao.trust.dvm.Executor$OP_MOV_CONST -> jump set pc to 3
PluginManager - [MSG]: TaintSumBranch Tainted Res: {359874043116909=<11 INVOKE,VIRTUAL,extra=[android.telephony.TelephonyManager/getDeviceId[], [0]]>}
Executor - [MSG]: 

Executor - [MSG]: <3 INSTANCE,IGET,r0=r6,r1=r3,type=java.lang.Object,extra=de.ecspride.MainActivity$MyThread.deviceId> at de.ecspride.MainActivity$MyThread/run[]
class fu.hao.trust.dvm.Executor$OP_INSTANCE_GET_FIELD - [BB]: obj instance number 1@de.ecspride.MainActivity$MyThread
class fu.hao.trust.dvm.Executor$OP_INSTANCE_GET_FIELD - [BB]: fieldinfo de.ecspride.MainActivity$MyThread.deviceId
class fu.hao.trust.dvm.Executor$OP_INSTANCE_GET_FIELD - [DEBUG]: Get data: 359874043116909
DalvikVM - [BB]: fu.hao.trust.dvm.Executor$OP_INSTANCE_GET_FIELD -> jump set pc to 4
TaintSumBranch - [BB]: Add [reg 3@MainActivity$MyThread/run] as tainted due to field 359874043116909
PluginManager - [MSG]: TaintSumBranch Tainted Res: {359874043116909=<11 INVOKE,VIRTUAL,extra=[android.telephony.TelephonyManager/getDeviceId[], [0]]>, [reg 3@MainActivity$MyThread/run]=<11 INVOKE,VIRTUAL,extra=[android.telephony.TelephonyManager/getDeviceId[], [0]]>}
Executor - [MSG]: 

Executor - [MSG]: <4 INVOKE,STATIC,extra=[android.util.Log/d[java.lang.String, java.lang.String], [1, 3]]> at de.ecspride.MainActivity$MyThread/run[]
Executor - [DEBUG]: Reflction class android.util.Log
Executor - [BB]: arg0@reg1: DroidBench
Executor - [BB]: arg1@reg3: 359874043116909
Executor - [BB]: param: DroidBench
Executor - [BB]: param: 359874043116909
Executor - [MSG]: reflction invocation public static int android.util.Log.d(java.lang.String,java.lang.String)
DalvikVM - [BB]: Set reflective call: public static int android.util.Log.d(java.lang.String,java.lang.String)
DalvikVM - [BB]: fu.hao.trust.dvm.Executor$OP_INVOKE_STATIC -> jump set pc to 5
TaintSumBranch - [BB]: <android.util.Log: int d(java.lang.String,java.lang.String)>
TaintSumBranch - [DEBUG]: Not a taint call: <android.util.Log: int d(java.lang.String,java.lang.String)>
TaintSumBranch - [WARN]: Found a tainted return val!
PluginManager - [MSG]: TaintSumBranch Tainted Res: {359874043116909=<11 INVOKE,VIRTUAL,extra=[android.telephony.TelephonyManager/getDeviceId[], [0]]>, [reg 3@MainActivity$MyThread/run]=<11 INVOKE,VIRTUAL,extra=[android.telephony.TelephonyManager/getDeviceId[], [0]]>, [Global RetReg]=<11 INVOKE,VIRTUAL,extra=[android.telephony.TelephonyManager/getDeviceId[], [0]]>}
Executor - [MSG]: 

Executor - [MSG]: <5 INVOKE,STATIC,extra=[android.telephony.SmsManager/getDefault[], []]> at de.ecspride.MainActivity$MyThread/run[]
Executor - [DEBUG]: Reflction class android.telephony.SmsManager
Executor - [MSG]: reflction invocation public static android.telephony.SmsManager android.telephony.SmsManager.getDefault()
DalvikVM - [BB]: Set reflective call: public static android.telephony.SmsManager android.telephony.SmsManager.getDefault()
DalvikVM - [BB]: fu.hao.trust.dvm.Executor$OP_INVOKE_STATIC -> jump set pc to 6
TaintSumBranch - [BB]: <android.telephony.SmsManager: android.telephony.SmsManager getDefault()>
TaintSumBranch - [DEBUG]: Not a taint call: <android.telephony.SmsManager: android.telephony.SmsManager getDefault()>
PluginManager - [MSG]: TaintSumBranch Tainted Res: {359874043116909=<11 INVOKE,VIRTUAL,extra=[android.telephony.TelephonyManager/getDeviceId[], [0]]>, [reg 3@MainActivity$MyThread/run]=<11 INVOKE,VIRTUAL,extra=[android.telephony.TelephonyManager/getDeviceId[], [0]]>}
Executor - [MSG]: 

Executor - [MSG]: <6 MOV,RESULT,dst=r0,type=java.lang.Object> at de.ecspride.MainActivity$MyThread/run[]
OP_MOV_RESULT - [BB]: Result data: android.telephony.SmsManager@5c7a987e
OP_MOV_RESULT - [DEBUG]: Result data: android.telephony.SmsManager@5c7a987e, type: android.telephony.SmsManager, to [reg 0@MainActivity$MyThread/run]
DalvikVM - [BB]: fu.hao.trust.dvm.Executor$OP_MOV_RESULT -> jump set pc to 7
PluginManager - [MSG]: TaintSumBranch Tainted Res: {359874043116909=<11 INVOKE,VIRTUAL,extra=[android.telephony.TelephonyManager/getDeviceId[], [0]]>, [reg 3@MainActivity$MyThread/run]=<11 INVOKE,VIRTUAL,extra=[android.telephony.TelephonyManager/getDeviceId[], [0]]>}
Executor - [MSG]: 

Executor - [MSG]: <7 MOV,CONST,dst=r1,type=java.lang.String,extra="+49"> at de.ecspride.MainActivity$MyThread/run[]
Executor - [DEBUG]: Mov const begin <7 MOV,CONST,dst=r1,type=java.lang.String,extra="+49">
DalvikVM - [BB]: ar1 (DroidBench, java.lang.String), (+49, java.lang.String)
Executor - [DEBUG]: data: +49 class java.lang.String
DalvikVM - [BB]: fu.hao.trust.dvm.Executor$OP_MOV_CONST -> jump set pc to 8
PluginManager - [MSG]: TaintSumBranch Tainted Res: {359874043116909=<11 INVOKE,VIRTUAL,extra=[android.telephony.TelephonyManager/getDeviceId[], [0]]>, [reg 3@MainActivity$MyThread/run]=<11 INVOKE,VIRTUAL,extra=[android.telephony.TelephonyManager/getDeviceId[], [0]]>}
Executor - [MSG]: 

Executor - [MSG]: <8 INSTANCE,IGET,r0=r6,r1=r3,type=java.lang.Object,extra=de.ecspride.MainActivity$MyThread.deviceId> at de.ecspride.MainActivity$MyThread/run[]
class fu.hao.trust.dvm.Executor$OP_INSTANCE_GET_FIELD - [BB]: obj instance number 1@de.ecspride.MainActivity$MyThread
class fu.hao.trust.dvm.Executor$OP_INSTANCE_GET_FIELD - [BB]: fieldinfo de.ecspride.MainActivity$MyThread.deviceId
DalvikVM - [BB]: ar3 (359874043116909, java.lang.String), (359874043116909, java.lang.String)
class fu.hao.trust.dvm.Executor$OP_INSTANCE_GET_FIELD - [DEBUG]: Get data: 359874043116909
DalvikVM - [BB]: fu.hao.trust.dvm.Executor$OP_INSTANCE_GET_FIELD -> jump set pc to 9
TaintSumBranch - [BB]: Add [reg 3@MainActivity$MyThread/run] as tainted due to field 359874043116909
PluginManager - [MSG]: TaintSumBranch Tainted Res: {359874043116909=<11 INVOKE,VIRTUAL,extra=[android.telephony.TelephonyManager/getDeviceId[], [0]]>, [reg 3@MainActivity$MyThread/run]=<11 INVOKE,VIRTUAL,extra=[android.telephony.TelephonyManager/getDeviceId[], [0]]>}
Executor - [MSG]: 

Executor - [MSG]: <9 MOV,REG,dst=r4,r0=r2,type=java.lang.Object> at de.ecspride.MainActivity$MyThread/run[]
class fu.hao.trust.dvm.Executor$OP_MOVE_REG - [DEBUG]: mov 0 to 0
DalvikVM - [BB]: fu.hao.trust.dvm.Executor$OP_MOVE_REG -> jump set pc to 10
PluginManager - [MSG]: TaintSumBranch Tainted Res: {359874043116909=<11 INVOKE,VIRTUAL,extra=[android.telephony.TelephonyManager/getDeviceId[], [0]]>, [reg 3@MainActivity$MyThread/run]=<11 INVOKE,VIRTUAL,extra=[android.telephony.TelephonyManager/getDeviceId[], [0]]>}
Executor - [MSG]: 

Executor - [MSG]: <10 MOV,REG,dst=r5,r0=r2,type=java.lang.Object> at de.ecspride.MainActivity$MyThread/run[]
class fu.hao.trust.dvm.Executor$OP_MOVE_REG - [DEBUG]: mov 0 to 0
DalvikVM - [BB]: fu.hao.trust.dvm.Executor$OP_MOVE_REG -> jump set pc to 11
PluginManager - [MSG]: TaintSumBranch Tainted Res: {359874043116909=<11 INVOKE,VIRTUAL,extra=[android.telephony.TelephonyManager/getDeviceId[], [0]]>, [reg 3@MainActivity$MyThread/run]=<11 INVOKE,VIRTUAL,extra=[android.telephony.TelephonyManager/getDeviceId[], [0]]>}
Executor - [MSG]: 

Executor - [MSG]: <11 INVOKE,VIRTUAL,extra=[android.telephony.SmsManager/sendTextMessage[java.lang.String, java.lang.String, java.lang.String, android.app.PendingIntent, android.app.PendingIntent], [0, 1, 2, 3, 4, 5]]> at de.ecspride.MainActivity$MyThread/run[]
Executor - [MSG]: arg0 obj: android.telephony.SmsManager@5c7a987e
Executor - [DEBUG]: Reflction class: class android.telephony.SmsManager
Executor - [BB]: Normal args? true
Executor - [BB]: arg1@reg1: +49
Executor - [BB]: arg2@reg2: 0
Executor - [WARN]: Mismatch type! arg 2, real para type: class patdroid.core.PrimitiveInfo, expected para type: class java.lang.String
Executor - [BB]: arg3@reg3: 359874043116909
Executor - [BB]: arg4@reg4: 0
Executor - [WARN]: Mismatch type! arg 4, real para type: class patdroid.core.PrimitiveInfo, expected para type: class android.app.PendingIntent
Executor - [BB]: arg5@reg5: 0
Executor - [WARN]: Mismatch type! arg 5, real para type: class patdroid.core.PrimitiveInfo, expected para type: class android.app.PendingIntent
Executor - [BB]: Nargs? true
Executor - [DEBUG]: Caller obj: android.telephony.SmsManager@5c7a987e, from class: class android.telephony.SmsManager
Executor - [MSG]: Reflction invocation public void android.telephony.SmsManager.sendTextMessage(java.lang.String,java.lang.String,java.lang.String,android.app.PendingIntent,android.app.PendingIntent)
DalvikVM - [BB]: Set reflective call: public void android.telephony.SmsManager.sendTextMessage(java.lang.String,java.lang.String,java.lang.String,android.app.PendingIntent,android.app.PendingIntent)
DalvikVM - [BB]: fu.hao.trust.dvm.Executor -> jump set pc to 12
TaintSumBranch - [BB]: <android.telephony.SmsManager: void sendTextMessage(java.lang.String,java.lang.String,java.lang.String,android.app.PendingIntent,android.app.PendingIntent)>
TaintSumBranch - [BB]: Found a sink invocation. <android.telephony.SmsManager: void sendTextMessage(java.lang.String,java.lang.String,java.lang.String,android.app.PendingIntent,android.app.PendingIntent)>
TaintSumBranch - [WARN]: Found a taint sink <android.telephony.SmsManager: void sendTextMessage(java.lang.String,java.lang.String,java.lang.String,android.app.PendingIntent,android.app.PendingIntent)> leaking data [359874043116909] at reg 3!!!
PluginManager - [MSG]: TaintSumBranch Tainted Res: {359874043116909=<11 INVOKE,VIRTUAL,extra=[android.telephony.TelephonyManager/getDeviceId[], [0]]>, [reg 3@MainActivity$MyThread/run]=<11 INVOKE,VIRTUAL,extra=[android.telephony.TelephonyManager/getDeviceId[], [0]]>}
Executor - [MSG]: 

Executor - [MSG]: <12 RETURN,VOID> at de.ecspride.MainActivity$MyThread/run[]
class fu.hao.trust.dvm.Executor$OP_RETURN_VOID - [DEBUG]: Return void
DalvikVM - [BB]: stack [StackFrame de.ecspride.MainActivity/onCreate[android.os.Bundle]]
DalvikVM - [BB]: Back to the last stack frame.StackFrame de.ecspride.MainActivity/onCreate[android.os.Bundle]
PluginManager - [MSG]: TaintSumBranch Tainted Res: {359874043116909=<11 INVOKE,VIRTUAL,extra=[android.telephony.TelephonyManager/getDeviceId[], [0]]>, [reg 2@MainActivity/onCreate]=<11 INVOKE,VIRTUAL,extra=[android.telephony.TelephonyManager/getDeviceId[], [0]]>}
DalvikVM - [MSG]: Finish running instrumented methods! Back to StackFrame de.ecspride.MainActivity/onCreate[android.os.Bundle]
DalvikVM - [BB]: ar-1 (null, void), (null, void)
Executor - [MSG]: Reflction invocation public synchronized void android.myclasses.Thread.start()
DalvikVM - [BB]: Set reflective call: public synchronized void android.myclasses.Thread.start()
DalvikVM - [BB]: fu.hao.trust.dvm.Executor -> jump set pc to 15
TaintSumBranch - [BB]: <java.lang.Thread: void start()>
TaintSumBranch - [DEBUG]: Not a taint call: <java.lang.Thread: void start()>
PluginManager - [MSG]: TaintSumBranch Tainted Res: {359874043116909=<11 INVOKE,VIRTUAL,extra=[android.telephony.TelephonyManager/getDeviceId[], [0]]>, [reg 2@MainActivity/onCreate]=<11 INVOKE,VIRTUAL,extra=[android.telephony.TelephonyManager/getDeviceId[], [0]]>}
Executor - [MSG]: 

Executor - [MSG]: <15 RETURN,VOID> at de.ecspride.MainActivity/onCreate[android.os.Bundle]
class fu.hao.trust.dvm.Executor$OP_RETURN_VOID - [DEBUG]: Return void
DalvikVM - [BB]: stack []
DalvikVM - [BB]: Back to the last stack frame.null
Executor - [MSG]: RUN DONE! The last one is onCreate
DalvikVM - [MSG]: FINISHED!

main - [MSG]: output/JavaThread1.apk\JavaThread1.apk_SrcTaintedFields.csv
main - [MSG]: Analysis has run for 1.155473358 seconds

