main - [MSG]: Src Chain: []
main - [DEBUG]: Src Entry event: (edu.mit.clinit.MainActivity, onCreate)
DalvikVM - [MSG]: Begin run onCreate at C:\Users\hao\workspace\DroidBenchProj\StaticInitialization3\app\StaticInitialization3.apk
DalvikVM - [MSG]: RUN Method edu.mit.clinit.MainActivity/onCreate[android.os.Bundle]
DalvikVM - [BB]: New method call: edu.mit.clinit.MainActivity/onCreate[android.os.Bundle]
DalvikVM - [BB]: [0]<0 SPECIAL,ARGUMENT_SET,extra=[7, 8]>
DalvikVM - [BB]: [1]<0 MOV,CONST,dst=r2,type=void,extra=class patdroid.core.PrimitiveInfo?0>
DalvikVM - [BB]: [2]<0 STATIC,SPUT,r0=r7,type=java.lang.Object,extra=(edu.mit.clinit.MainActivity, v)>
DalvikVM - [BB]: [3]<0 HALT,SUPER,extra=[null, [7, 8]]>
DalvikVM - [BB]: [4]<3 MOV,CONST,dst=r1,type=void,extra=class patdroid.core.PrimitiveInfo?2130903040>
DalvikVM - [BB]: [5]<0 INVOKE,VIRTUAL,extra=[android.app.Activity/setContentView[int], [7, 1]]>
DalvikVM - [BB]: [6]<5 MOV,CONST,dst=r1,type=java.lang.String,extra="">
DalvikVM - [BB]: [7]<0 INSTANCE,IPUT,r0=r7,r1=r1,type=java.lang.Object,extra=edu.mit.clinit.MainActivity.s>
DalvikVM - [BB]: [8]<0 NEW,INSTANCE,dst=r6,type=edu.mit.clinit.Test>
DalvikVM - [BB]: [9]<0 INVOKE,DIRECT,extra=[edu.mit.clinit.Test/<init>[], [6]]>
DalvikVM - [BB]: [10]<9 MOV,CONST,dst=r1,type=java.lang.String,extra="DroidBench">
DalvikVM - [BB]: [11]<0 INSTANCE,IGET,r0=r7,r1=r3,type=java.lang.Object,extra=edu.mit.clinit.MainActivity.s>
DalvikVM - [BB]: [12]<0 INVOKE,STATIC,extra=[android.util.Log/i[java.lang.String, java.lang.String], [1, 3]]>
DalvikVM - [BB]: [13]<0 INVOKE,STATIC,extra=[android.telephony.SmsManager/getDefault[], []]>
DalvikVM - [BB]: [14]<0 MOV,RESULT,dst=r0,type=java.lang.Object>
DalvikVM - [BB]: [15]<14 MOV,CONST,dst=r1,type=java.lang.String,extra="+49 1234">
DalvikVM - [BB]: [16]<0 INSTANCE,IGET,r0=r7,r1=r3,type=java.lang.Object,extra=edu.mit.clinit.MainActivity.s>
DalvikVM - [BB]: [17]<0 MOV,REG,dst=r4,r0=r2,type=java.lang.Object>
DalvikVM - [BB]: [18]<0 MOV,REG,dst=r5,r0=r2,type=java.lang.Object>
DalvikVM - [BB]: [19]<0 INVOKE,VIRTUAL,extra=[android.telephony.SmsManager/sendTextMessage[java.lang.String, java.lang.String, java.lang.String, android.app.PendingIntent, android.app.PendingIntent], [0, 1, 2, 3, 4, 5]]>
DalvikVM - [BB]: [20]<0 RETURN,VOID>
newStackFrame - [BB]: New Stack Frame: StackFrame edu.mit.clinit.MainActivity/onCreate[android.os.Bundle]
newStackFrame - [BB]: Add frame StackFrame edu.mit.clinit.MainActivity/onCreate[android.os.Bundle]
newStackFrame - [BB]: Stack: [StackFrame edu.mit.clinit.MainActivity/onCreate[android.os.Bundle]]
Activity - [BB]: New instance of edu.mit.clinit.MainActivity
Caller@4: <init>@fu.hao.trust.dvm.DVMObject - [BB]: getClass edu.mit.clinit.MainActivity at fu.hao.trust.dvm.VMHeap@5af1cf78
Caller: getClass@fu.hao.trust.dvm.VMHeap - [BB]: new class representation for edu.mit.clinit.MainActivity at fu.hao.trust.dvm.VMHeap@5af1cf78
Caller@4: <init>@fu.hao.trust.dvm.DVMClass - [BB]: getClass android.app.Activity at fu.hao.trust.dvm.VMHeap@5af1cf78
Caller: getClass@fu.hao.trust.dvm.VMHeap - [BB]: new class representation for android.app.Activity at fu.hao.trust.dvm.VMHeap@5af1cf78
Caller@4: <init>@fu.hao.trust.dvm.DVMClass - [BB]: getClass android.content.ContextWrapper at fu.hao.trust.dvm.VMHeap@5af1cf78
Caller: getClass@fu.hao.trust.dvm.VMHeap - [BB]: new class representation for android.content.ContextWrapper at fu.hao.trust.dvm.VMHeap@5af1cf78
Caller@4: <init>@fu.hao.trust.dvm.DVMClass - [BB]: getClass android.content.Context at fu.hao.trust.dvm.VMHeap@5af1cf78
Caller: getClass@fu.hao.trust.dvm.VMHeap - [BB]: new class representation for android.content.Context at fu.hao.trust.dvm.VMHeap@5af1cf78
Caller@4: <init>@fu.hao.trust.dvm.DVMClass - [BB]: getClass fu.hao.trust.dvm.DVMObject at fu.hao.trust.dvm.VMHeap@5af1cf78
Caller: getClass@fu.hao.trust.dvm.VMHeap - [BB]: new class representation for fu.hao.trust.dvm.DVMObject at fu.hao.trust.dvm.VMHeap@5af1cf78
Caller: <init>@fu.hao.trust.dvm.DVMClass - [BB]: Get DVMClass for type fu.hao.trust.dvm.DVMObject
Caller@4: <init>@fu.hao.trust.dvm.DVMClass - [BB]: getClass fu.hao.trust.dvm.DVMObject at fu.hao.trust.dvm.VMHeap@5af1cf78
Caller: <init>@fu.hao.trust.dvm.DVMClass - [BB]: Get DVMClass for type android.content.Context
Caller@4: <init>@fu.hao.trust.dvm.DVMClass - [BB]: getClass android.content.Context at fu.hao.trust.dvm.VMHeap@5af1cf78
Caller: <init>@fu.hao.trust.dvm.DVMClass - [BB]: Get DVMClass for type android.content.ContextWrapper
Caller@4: <init>@fu.hao.trust.dvm.DVMClass - [BB]: getClass android.content.ContextWrapper at fu.hao.trust.dvm.VMHeap@5af1cf78
Caller: <init>@fu.hao.trust.dvm.DVMClass - [BB]: Get DVMClass for type android.app.Activity
Caller@4: <init>@fu.hao.trust.dvm.DVMClass - [BB]: getClass android.app.Activity at fu.hao.trust.dvm.VMHeap@5af1cf78
Caller: <init>@fu.hao.trust.dvm.DVMObject - [BB]: Get DVMClass for type edu.mit.clinit.MainActivity
Caller@4: <init>@fu.hao.trust.dvm.DVMObject - [BB]: getClass edu.mit.clinit.MainActivity at fu.hao.trust.dvm.VMHeap@5af1cf78
Activity - [MSG]: Not empty constructor
DalvikVM - [BB]: New method call: edu.mit.clinit.MainActivity/<init>[]
DalvikVM - [BB]: [0]<0 SPECIAL,ARGUMENT_SET,extra=[0]>
DalvikVM - [BB]: [1]<0 INVOKE,DIRECT,extra=[java.lang.Object/<init>[], [0]]>
DalvikVM - [BB]: [2]<0 RETURN,VOID>
DalvikVM - [WARN]: ar -2, (Activity:instance number 1@edu.mit.clinit.MainActivity, edu.mit.clinit.MainActivity)
newStackFrame - [BB]: New Stack Frame: StackFrame edu.mit.clinit.MainActivity/<init>[], pc -1 stored. 
newStackFrame - [BB]: Stack: [StackFrame edu.mit.clinit.MainActivity/onCreate[android.os.Bundle]]
DalvikVM - [MSG]: Begin run instrumented methods!
DalvikVM - [BB]: Add frames [StackFrame edu.mit.clinit.MainActivity/<init>[]]
DalvikVM - [BB]: fu.hao.trust.dvm.DalvikVM -> runInstrumentedMethods set pc to 0
Executor - [MSG]: 

Executor - [MSG]: <0 SPECIAL,ARGUMENT_SET,extra=[0]> at edu.mit.clinit.MainActivity/<init>[]
DalvikVM - [WARN]: ar 0, (Activity:instance number 1@edu.mit.clinit.MainActivity, edu.mit.clinit.MainActivity)
Executor - [DEBUG]: params: Activity:instance number 1@edu.mit.clinit.MainActivity
DalvikVM - [BB]: fu.hao.trust.dvm.Executor$OP_SP_ARGUMENTS -> jump set pc to 1
PluginManager - [MSG]: TaintSumBranch Tainted Res: {}
Executor - [MSG]: 

Executor - [MSG]: <1 INVOKE,DIRECT,extra=[java.lang.Object/<init>[], [0]]> at edu.mit.clinit.MainActivity/<init>[]
Executor - [MSG]: arg0 obj: Activity:instance number 1@edu.mit.clinit.MainActivity
Executor - [MSG]: Replace the clazz.
Executor - [BB]: java.lang.Object/<init>[] is a constructor!
Executor - [WARN]: Reflection error: edu.mit.clinit.MainActivity
DalvikVM - [BB]: fu.hao.trust.dvm.Executor -> jump set pc to 2
TaintSumBranch - [BB]: <java.lang.Object: void <init>()>
TaintSumBranch - [DEBUG]: Not a taint call: <java.lang.Object: void <init>()>
PluginManager - [MSG]: TaintSumBranch Tainted Res: {}
Executor - [MSG]: 

Executor - [MSG]: <2 RETURN,VOID> at edu.mit.clinit.MainActivity/<init>[]
class fu.hao.trust.dvm.Executor$OP_RETURN_VOID - [DEBUG]: Return void
DalvikVM - [BB]: stack [StackFrame edu.mit.clinit.MainActivity/onCreate[android.os.Bundle]]
DalvikVM - [BB]: Back to the last stack frame.StackFrame edu.mit.clinit.MainActivity/onCreate[android.os.Bundle]
DalvikVM - [MSG]: Finish running instrumented methods! Back to StackFrame edu.mit.clinit.MainActivity/onCreate[android.os.Bundle]
Activity - [MSG]: New Activity Created with type edu.mit.clinit.MainActivity
DalvikVM - [BB]: New method call: edu.mit.clinit.MainActivity/onCreate[android.os.Bundle]
DalvikVM - [BB]: [0]<0 SPECIAL,ARGUMENT_SET,extra=[7, 8]>
DalvikVM - [BB]: [1]<0 MOV,CONST,dst=r2,type=void,extra=class patdroid.core.PrimitiveInfo?0>
DalvikVM - [BB]: [2]<0 STATIC,SPUT,r0=r7,type=java.lang.Object,extra=(edu.mit.clinit.MainActivity, v)>
DalvikVM - [BB]: [3]<0 HALT,SUPER,extra=[null, [7, 8]]>
DalvikVM - [BB]: [4]<3 MOV,CONST,dst=r1,type=void,extra=class patdroid.core.PrimitiveInfo?2130903040>
DalvikVM - [BB]: [5]<0 INVOKE,VIRTUAL,extra=[android.app.Activity/setContentView[int], [7, 1]]>
DalvikVM - [BB]: [6]<5 MOV,CONST,dst=r1,type=java.lang.String,extra="">
DalvikVM - [BB]: [7]<0 INSTANCE,IPUT,r0=r7,r1=r1,type=java.lang.Object,extra=edu.mit.clinit.MainActivity.s>
DalvikVM - [BB]: [8]<0 NEW,INSTANCE,dst=r6,type=edu.mit.clinit.Test>
DalvikVM - [BB]: [9]<0 INVOKE,DIRECT,extra=[edu.mit.clinit.Test/<init>[], [6]]>
DalvikVM - [BB]: [10]<9 MOV,CONST,dst=r1,type=java.lang.String,extra="DroidBench">
DalvikVM - [BB]: [11]<0 INSTANCE,IGET,r0=r7,r1=r3,type=java.lang.Object,extra=edu.mit.clinit.MainActivity.s>
DalvikVM - [BB]: [12]<0 INVOKE,STATIC,extra=[android.util.Log/i[java.lang.String, java.lang.String], [1, 3]]>
DalvikVM - [BB]: [13]<0 INVOKE,STATIC,extra=[android.telephony.SmsManager/getDefault[], []]>
DalvikVM - [BB]: [14]<0 MOV,RESULT,dst=r0,type=java.lang.Object>
DalvikVM - [BB]: [15]<14 MOV,CONST,dst=r1,type=java.lang.String,extra="+49 1234">
DalvikVM - [BB]: [16]<0 INSTANCE,IGET,r0=r7,r1=r3,type=java.lang.Object,extra=edu.mit.clinit.MainActivity.s>
DalvikVM - [BB]: [17]<0 MOV,REG,dst=r4,r0=r2,type=java.lang.Object>
DalvikVM - [BB]: [18]<0 MOV,REG,dst=r5,r0=r2,type=java.lang.Object>
DalvikVM - [BB]: [19]<0 INVOKE,VIRTUAL,extra=[android.telephony.SmsManager/sendTextMessage[java.lang.String, java.lang.String, java.lang.String, android.app.PendingIntent, android.app.PendingIntent], [0, 1, 2, 3, 4, 5]]>
DalvikVM - [BB]: [20]<0 RETURN,VOID>
DalvikVM - [WARN]: ar -2, (Activity:instance number 1@edu.mit.clinit.MainActivity, edu.mit.clinit.MainActivity)
DalvikVM - [WARN]: ar -2, (null, android.os.Bundle)
newStackFrame - [BB]: New Stack Frame: StackFrame edu.mit.clinit.MainActivity/onCreate[android.os.Bundle]
newStackFrame - [BB]: Stack: []
Activity - [BB]: Intent null
DalvikVM - [MSG]: Begin run instrumented methods!
DalvikVM - [BB]: Add frames [StackFrame edu.mit.clinit.MainActivity/onCreate[android.os.Bundle]]
DalvikVM - [BB]: fu.hao.trust.dvm.DalvikVM -> runInstrumentedMethods set pc to 0
Executor - [MSG]: 

Executor - [MSG]: <0 SPECIAL,ARGUMENT_SET,extra=[7, 8]> at edu.mit.clinit.MainActivity/onCreate[android.os.Bundle]
DalvikVM - [WARN]: ar 7, (Activity:instance number 1@edu.mit.clinit.MainActivity, edu.mit.clinit.MainActivity)
Executor - [DEBUG]: params: Activity:instance number 1@edu.mit.clinit.MainActivity
DalvikVM - [WARN]: ar 8, (null, android.os.Bundle)
Executor - [DEBUG]: params: null
DalvikVM - [BB]: fu.hao.trust.dvm.Executor$OP_SP_ARGUMENTS -> jump set pc to 1
PluginManager - [MSG]: TaintSumBranch Tainted Res: {}
Executor - [MSG]: 

Executor - [MSG]: <1 MOV,CONST,dst=r2,type=void,extra=class patdroid.core.PrimitiveInfo?0> at edu.mit.clinit.MainActivity/onCreate[android.os.Bundle]
Executor - [DEBUG]: Mov const begin <1 MOV,CONST,dst=r2,type=void,extra=class patdroid.core.PrimitiveInfo?0>
DalvikVM - [WARN]: ar 2, (0, void)
Executor - [DEBUG]: data: 0 class patdroid.core.PrimitiveInfo
DalvikVM - [BB]: fu.hao.trust.dvm.Executor$OP_MOV_CONST -> jump set pc to 2
PluginManager - [MSG]: TaintSumBranch Tainted Res: {}
Executor - [MSG]: 

Executor - [MSG]: <2 STATIC,SPUT,r0=r7,type=java.lang.Object,extra=(edu.mit.clinit.MainActivity, v)> at edu.mit.clinit.MainActivity/onCreate[android.os.Bundle]
Caller@4: func@fu.hao.trust.dvm.Executor$OP_STATIC_PUT_FIELD - [BB]: getClass edu.mit.clinit.MainActivity at fu.hao.trust.dvm.VMHeap@5af1cf78
Caller: func@fu.hao.trust.dvm.Executor$OP_STATIC_PUT_FIELD - [BB]: Get DVMClass for type edu.mit.clinit.MainActivity
Caller@4: func@fu.hao.trust.dvm.Executor$OP_STATIC_PUT_FIELD - [BB]: getClass edu.mit.clinit.MainActivity at fu.hao.trust.dvm.VMHeap@5af1cf78
class fu.hao.trust.dvm.Executor$OP_STATIC_PUT_FIELD - [DEBUG]: expect sput v from edu.mit.clinit.MainActivity
class fu.hao.trust.dvm.Executor$OP_STATIC_PUT_FIELD - [DEBUG]: real sput Activity:instance number 1@edu.mit.clinit.MainActivity from fu.hao.trust.dvm.DVMClass@344986
DalvikVM - [BB]: fu.hao.trust.dvm.Executor$OP_STATIC_PUT_FIELD -> jump set pc to 3
Caller@4: flow@fu.hao.trust.analysis.Taint$TAINT_OP_STATIC_PUT_FIELD - [BB]: getClass edu.mit.clinit.MainActivity at fu.hao.trust.dvm.VMHeap@5af1cf78
Caller: flow@fu.hao.trust.analysis.Taint$TAINT_OP_STATIC_PUT_FIELD - [BB]: Get DVMClass for type edu.mit.clinit.MainActivity
Caller@4: flow@fu.hao.trust.analysis.Taint$TAINT_OP_STATIC_PUT_FIELD - [BB]: getClass edu.mit.clinit.MainActivity at fu.hao.trust.dvm.VMHeap@5af1cf78
PluginManager - [MSG]: TaintSumBranch Tainted Res: {}
Executor - [MSG]: 

Executor - [MSG]: <3 HALT,SUPER,extra=[null, [7, 8]]> at edu.mit.clinit.MainActivity/onCreate[android.os.Bundle]
DalvikVM - [BB]: fu.hao.trust.dvm.Executor$OP_HALT -> jump set pc to 4
Executor - [MSG]: Cannot resolve the invocation
TaintSumBranch - [BB]: Not a taint op <3 HALT,SUPER,extra=[null, [7, 8]]>
PluginManager - [MSG]: TaintSumBranch Tainted Res: {}
Executor - [MSG]: 

Executor - [MSG]: <4 MOV,CONST,dst=r1,type=void,extra=class patdroid.core.PrimitiveInfo?2130903040> at edu.mit.clinit.MainActivity/onCreate[android.os.Bundle]
Executor - [DEBUG]: Mov const begin <4 MOV,CONST,dst=r1,type=void,extra=class patdroid.core.PrimitiveInfo?2130903040>
DalvikVM - [WARN]: ar 1, (2130903040, void)
Executor - [DEBUG]: data: 2130903040 class patdroid.core.PrimitiveInfo
DalvikVM - [BB]: fu.hao.trust.dvm.Executor$OP_MOV_CONST -> jump set pc to 5
PluginManager - [MSG]: TaintSumBranch Tainted Res: {}
Executor - [MSG]: 

Executor - [MSG]: <5 INVOKE,VIRTUAL,extra=[android.app.Activity/setContentView[int], [7, 1]]> at edu.mit.clinit.MainActivity/onCreate[android.os.Bundle]
Executor - [MSG]: arg0 obj: Activity:instance number 1@edu.mit.clinit.MainActivity
Executor - [DEBUG]: Reflction class: class android.app.Activity
Executor - [BB]: Normal args? true
Executor - [BB]: arg1@reg1: 2130903040
Executor - [DEBUG]: Expected para type: int
Executor - [DEBUG]: Real para type: int, value: 2130903040
Executor - [BB]: Nargs? true
Executor - [DEBUG]: Caller obj: Activity:instance number 1@edu.mit.clinit.MainActivity, from class: class android.app.Activity
DalvikVM - [WARN]: ar -1, (null, void)
Executor - [MSG]: Reflction invocation public void android.app.Activity.setContentView(int)
DalvikVM - [BB]: Set reflective call: public void android.app.Activity.setContentView(int)
DalvikVM - [BB]: fu.hao.trust.dvm.Executor -> jump set pc to 6
TaintSumBranch - [BB]: <android.app.Activity: void setContentView(int)>
TaintSumBranch - [DEBUG]: Not a taint call: <android.app.Activity: void setContentView(int)>
PluginManager - [MSG]: TaintSumBranch Tainted Res: {}
Executor - [MSG]: 

Executor - [MSG]: <6 MOV,CONST,dst=r1,type=java.lang.String,extra=""> at edu.mit.clinit.MainActivity/onCreate[android.os.Bundle]
Executor - [DEBUG]: Mov const begin <6 MOV,CONST,dst=r1,type=java.lang.String,extra="">
DalvikVM - [WARN]: ar 1 (2130903040, void), (, java.lang.String)
Executor - [DEBUG]: data:  class java.lang.String
DalvikVM - [BB]: fu.hao.trust.dvm.Executor$OP_MOV_CONST -> jump set pc to 7
PluginManager - [MSG]: TaintSumBranch Tainted Res: {}
Executor - [MSG]: 

Executor - [MSG]: <7 INSTANCE,IPUT,r0=r7,r1=r1,type=java.lang.Object,extra=edu.mit.clinit.MainActivity.s> at edu.mit.clinit.MainActivity/onCreate[android.os.Bundle]
class fu.hao.trust.dvm.Executor$OP_INSTANCE_PUT_FIELD - [BB]: field edu.mit.clinit.MainActivity.s
class fu.hao.trust.dvm.Executor$OP_INSTANCE_PUT_FIELD - [BB]: Target obj Activity:instance number 1@edu.mit.clinit.MainActivity
Activity - [DEBUG]: put field 
class fu.hao.trust.dvm.Executor$OP_INSTANCE_PUT_FIELD - [MSG]: Put data  to the field of Activity:instance number 1@edu.mit.clinit.MainActivity
DalvikVM - [BB]: fu.hao.trust.dvm.Executor$OP_INSTANCE_PUT_FIELD -> jump set pc to 8
PluginManager - [MSG]: TaintSumBranch Tainted Res: {}
Executor - [MSG]: 

Executor - [MSG]: <8 NEW,INSTANCE,dst=r6,type=edu.mit.clinit.Test> at edu.mit.clinit.MainActivity/onCreate[android.os.Bundle]
OP_NEW_INSTANCE - [DEBUG]: [reg 6@MainActivity/onCreate]
DalvikVM - [BB]: Superclass: edu.mit.clinit.Test
DalvikVM - [BB]: Superclass: java.lang.Object
DVMObject - [BB]: New instance of edu.mit.clinit.Test
Caller@4: <init>@fu.hao.trust.dvm.DVMObject - [BB]: getClass edu.mit.clinit.Test at fu.hao.trust.dvm.VMHeap@5af1cf78
Caller: getClass@fu.hao.trust.dvm.VMHeap - [BB]: new class representation for edu.mit.clinit.Test at fu.hao.trust.dvm.VMHeap@5af1cf78
DalvikVM - [BB]: New method call: edu.mit.clinit.Test/<clinit>[]
DalvikVM - [BB]: [0]<0 SPECIAL,ARGUMENT_SET,extra=[]>
DalvikVM - [BB]: [1]<0 STATIC,SGET,r0=r1,type=java.lang.Object,extra=(edu.mit.clinit.MainActivity, v)>
DalvikVM - [BB]: [2]<1 MOV,CONST,dst=r2,type=java.lang.String,extra="phone">
DalvikVM - [BB]: [3]<0 INVOKE,VIRTUAL,extra=[android.content.Context/getSystemService[java.lang.String], [1, 2]]>
DalvikVM - [BB]: [4]<0 MOV,RESULT,dst=r0,type=java.lang.Object>
DalvikVM - [BB]: [5]<0 ARITHMETIC,CHECK-AND-CAST,dst=r0,type=android.telephony.TelephonyManager>
DalvikVM - [BB]: [6]<0 STATIC,SGET,r0=r1,type=java.lang.Object,extra=(edu.mit.clinit.MainActivity, v)>
DalvikVM - [BB]: [7]<0 INVOKE,VIRTUAL,extra=[android.telephony.TelephonyManager/getDeviceId[], [0]]>
DalvikVM - [BB]: [8]<0 MOV,RESULT,dst=r2,type=java.lang.Object>
DalvikVM - [BB]: [9]<0 INSTANCE,IPUT,r0=r1,r1=r2,type=java.lang.Object,extra=edu.mit.clinit.MainActivity.s>
DalvikVM - [BB]: [10]<0 RETURN,VOID>
newStackFrame - [BB]: New Stack Frame: StackFrame edu.mit.clinit.Test/<clinit>[], pc 8 stored. 
newStackFrame - [BB]: Stack: [StackFrame edu.mit.clinit.MainActivity/onCreate[android.os.Bundle]]
DalvikVM - [MSG]: Begin run instrumented methods!
DalvikVM - [BB]: Add frames [StackFrame edu.mit.clinit.Test/<clinit>[]]
DalvikVM - [BB]: fu.hao.trust.dvm.DalvikVM -> runInstrumentedMethods set pc to 0
Executor - [MSG]: 

Executor - [MSG]: <0 SPECIAL,ARGUMENT_SET,extra=[]> at edu.mit.clinit.Test/<clinit>[]
DalvikVM - [BB]: fu.hao.trust.dvm.Executor$OP_SP_ARGUMENTS -> jump set pc to 1
PluginManager - [MSG]: TaintSumBranch Tainted Res: {}
Executor - [MSG]: 

Executor - [MSG]: <1 STATIC,SGET,r0=r1,type=java.lang.Object,extra=(edu.mit.clinit.MainActivity, v)> at edu.mit.clinit.Test/<clinit>[]
Caller@4: func@fu.hao.trust.dvm.Executor$OP_STATIC_GET_FIELD - [BB]: getClass edu.mit.clinit.MainActivity at fu.hao.trust.dvm.VMHeap@5af1cf78
Caller: func@fu.hao.trust.dvm.Executor$OP_STATIC_GET_FIELD - [BB]: Get DVMClass for type edu.mit.clinit.MainActivity
Caller@4: func@fu.hao.trust.dvm.Executor$OP_STATIC_GET_FIELD - [BB]: getClass edu.mit.clinit.MainActivity at fu.hao.trust.dvm.VMHeap@5af1cf78
DalvikVM - [WARN]: ar 1, (Activity:instance number 1@edu.mit.clinit.MainActivity, edu.mit.clinit.MainActivity)
OP_STATIC_GET_FIELD - [DEBUG]: Sget Activity:instance number 1@edu.mit.clinit.MainActivity, from fu.hao.trust.dvm.DVMClass@344986
OP_STATIC_GET_FIELD - [DEBUG]: Expect sget v, a edu.mit.clinit.MainActivity from edu.mit.clinit.MainActivity
DalvikVM - [BB]: fu.hao.trust.dvm.Executor$OP_STATIC_GET_FIELD -> jump set pc to 2
Caller@4: flow@fu.hao.trust.analysis.Taint$TAINT_OP_STATIC_GET_FIELD - [BB]: getClass edu.mit.clinit.MainActivity at fu.hao.trust.dvm.VMHeap@5af1cf78
Caller: flow@fu.hao.trust.analysis.Taint$TAINT_OP_STATIC_GET_FIELD - [BB]: Get DVMClass for type edu.mit.clinit.MainActivity
Caller@4: flow@fu.hao.trust.analysis.Taint$TAINT_OP_STATIC_GET_FIELD - [BB]: getClass edu.mit.clinit.MainActivity at fu.hao.trust.dvm.VMHeap@5af1cf78
PluginManager - [MSG]: TaintSumBranch Tainted Res: {}
Executor - [MSG]: 

Executor - [MSG]: <2 MOV,CONST,dst=r2,type=java.lang.String,extra="phone"> at edu.mit.clinit.Test/<clinit>[]
Executor - [DEBUG]: Mov const begin <2 MOV,CONST,dst=r2,type=java.lang.String,extra="phone">
DalvikVM - [WARN]: ar 2, (phone, java.lang.String)
Executor - [DEBUG]: data: phone class java.lang.String
DalvikVM - [BB]: fu.hao.trust.dvm.Executor$OP_MOV_CONST -> jump set pc to 3
PluginManager - [MSG]: TaintSumBranch Tainted Res: {}
Executor - [MSG]: 

Executor - [MSG]: <3 INVOKE,VIRTUAL,extra=[android.content.Context/getSystemService[java.lang.String], [1, 2]]> at edu.mit.clinit.Test/<clinit>[]
Executor - [MSG]: arg0 obj: Activity:instance number 1@edu.mit.clinit.MainActivity
Executor - [DEBUG]: Reflction class: class android.content.Context
Executor - [BB]: Normal args? true
Executor - [BB]: arg1@reg2: phone
Executor - [BB]: Nargs? true
Executor - [DEBUG]: Caller obj: Activity:instance number 1@edu.mit.clinit.MainActivity, from class: class android.app.Activity
DalvikVM - [WARN]: ar -1, (android.telephony.TelephonyManager@578567de, java.lang.Object)
Executor - [DEBUG]: Return data: android.telephony.TelephonyManager@578567de ,class android.telephony.TelephonyManager
Executor - [MSG]: Reflction invocation public java.lang.Object android.content.Context.getSystemService(java.lang.String)
DalvikVM - [BB]: Set reflective call: public java.lang.Object android.content.Context.getSystemService(java.lang.String)
DalvikVM - [BB]: fu.hao.trust.dvm.Executor -> jump set pc to 4
TaintSumBranch - [BB]: <android.content.Context: java.lang.Object getSystemService(java.lang.String)>
TaintSumBranch - [DEBUG]: Not a taint call: <android.content.Context: java.lang.Object getSystemService(java.lang.String)>
PluginManager - [MSG]: TaintSumBranch Tainted Res: {}
Executor - [MSG]: 

Executor - [MSG]: <4 MOV,RESULT,dst=r0,type=java.lang.Object> at edu.mit.clinit.Test/<clinit>[]
DalvikVM - [WARN]: ar 0, (android.telephony.TelephonyManager@578567de, java.lang.Object)
OP_MOV_RESULT - [BB]: Result data: android.telephony.TelephonyManager@578567de
OP_MOV_RESULT - [DEBUG]: Result data: android.telephony.TelephonyManager@578567de, type: java.lang.Object, to [reg 0@Test/<clinit>]
DalvikVM - [BB]: fu.hao.trust.dvm.Executor$OP_MOV_RESULT -> jump set pc to 5
PluginManager - [MSG]: TaintSumBranch Tainted Res: {}
Executor - [MSG]: 

Executor - [MSG]: <5 ARITHMETIC,CHECK-AND-CAST,dst=r0,type=android.telephony.TelephonyManager> at edu.mit.clinit.Test/<clinit>[]
DalvikVM - [BB]: fu.hao.trust.dvm.Executor$OP_ARITHETIC -> jump set pc to 6
PluginManager - [MSG]: TaintSumBranch Tainted Res: {}
Executor - [MSG]: 

Executor - [MSG]: <6 STATIC,SGET,r0=r1,type=java.lang.Object,extra=(edu.mit.clinit.MainActivity, v)> at edu.mit.clinit.Test/<clinit>[]
Caller@4: func@fu.hao.trust.dvm.Executor$OP_STATIC_GET_FIELD - [BB]: getClass edu.mit.clinit.MainActivity at fu.hao.trust.dvm.VMHeap@5af1cf78
Caller: func@fu.hao.trust.dvm.Executor$OP_STATIC_GET_FIELD - [BB]: Get DVMClass for type edu.mit.clinit.MainActivity
Caller@4: func@fu.hao.trust.dvm.Executor$OP_STATIC_GET_FIELD - [BB]: getClass edu.mit.clinit.MainActivity at fu.hao.trust.dvm.VMHeap@5af1cf78
DalvikVM - [WARN]: ar 1 (Activity:instance number 1@edu.mit.clinit.MainActivity, edu.mit.clinit.MainActivity), (Activity:instance number 1@edu.mit.clinit.MainActivity, edu.mit.clinit.MainActivity)
OP_STATIC_GET_FIELD - [DEBUG]: Sget Activity:instance number 1@edu.mit.clinit.MainActivity, from fu.hao.trust.dvm.DVMClass@344986
OP_STATIC_GET_FIELD - [DEBUG]: Expect sget v, a edu.mit.clinit.MainActivity from edu.mit.clinit.MainActivity
DalvikVM - [BB]: fu.hao.trust.dvm.Executor$OP_STATIC_GET_FIELD -> jump set pc to 7
Caller@4: flow@fu.hao.trust.analysis.Taint$TAINT_OP_STATIC_GET_FIELD - [BB]: getClass edu.mit.clinit.MainActivity at fu.hao.trust.dvm.VMHeap@5af1cf78
Caller: flow@fu.hao.trust.analysis.Taint$TAINT_OP_STATIC_GET_FIELD - [BB]: Get DVMClass for type edu.mit.clinit.MainActivity
Caller@4: flow@fu.hao.trust.analysis.Taint$TAINT_OP_STATIC_GET_FIELD - [BB]: getClass edu.mit.clinit.MainActivity at fu.hao.trust.dvm.VMHeap@5af1cf78
PluginManager - [MSG]: TaintSumBranch Tainted Res: {}
Executor - [MSG]: 

Executor - [MSG]: <7 INVOKE,VIRTUAL,extra=[android.telephony.TelephonyManager/getDeviceId[], [0]]> at edu.mit.clinit.Test/<clinit>[]
Executor - [MSG]: arg0 obj: android.telephony.TelephonyManager@578567de
Executor - [DEBUG]: Reflction class: class android.telephony.TelephonyManager
DalvikVM - [WARN]: ar -1, (359874043116909, java.lang.String)
Executor - [DEBUG]: Return data: 359874043116909 ,class java.lang.String
Executor - [MSG]: Reflction invocation public java.lang.String android.telephony.TelephonyManager.getDeviceId()
DalvikVM - [BB]: Set reflective call: public java.lang.String android.telephony.TelephonyManager.getDeviceId()
DalvikVM - [BB]: fu.hao.trust.dvm.Executor -> jump set pc to 8
TaintSumBranch - [BB]: <android.telephony.TelephonyManager: java.lang.String getDeviceId()>
TaintSumBranch - [WARN]: Found a tainted return value!
PluginManager - [MSG]: TaintSumBranch Tainted Res: {359874043116909=<7 INVOKE,VIRTUAL,extra=[android.telephony.TelephonyManager/getDeviceId[], [0]]>, [Global RetReg]=<7 INVOKE,VIRTUAL,extra=[android.telephony.TelephonyManager/getDeviceId[], [0]]>}
Executor - [MSG]: 

Executor - [MSG]: <8 MOV,RESULT,dst=r2,type=java.lang.Object> at edu.mit.clinit.Test/<clinit>[]
DalvikVM - [WARN]: ar 2 (phone, java.lang.String), (359874043116909, java.lang.String)
OP_MOV_RESULT - [BB]: Result data: 359874043116909
OP_MOV_RESULT - [DEBUG]: Result data: 359874043116909, type: java.lang.String, to [reg 2@Test/<clinit>]
DalvikVM - [BB]: fu.hao.trust.dvm.Executor$OP_MOV_RESULT -> jump set pc to 9
TaintSumBranch - [BB]: <7 INVOKE,VIRTUAL,extra=[android.telephony.TelephonyManager/getDeviceId[], [0]]>
TaintSumBranch - [BB]: Add reg 2 due to ret reg.
PluginManager - [MSG]: TaintSumBranch Tainted Res: {[reg 2@Test/<clinit>]=<7 INVOKE,VIRTUAL,extra=[android.telephony.TelephonyManager/getDeviceId[], [0]]>, 359874043116909=<7 INVOKE,VIRTUAL,extra=[android.telephony.TelephonyManager/getDeviceId[], [0]]>}
Executor - [MSG]: 

Executor - [MSG]: <9 INSTANCE,IPUT,r0=r1,r1=r2,type=java.lang.Object,extra=edu.mit.clinit.MainActivity.s> at edu.mit.clinit.Test/<clinit>[]
class fu.hao.trust.dvm.Executor$OP_INSTANCE_PUT_FIELD - [BB]: field edu.mit.clinit.MainActivity.s
class fu.hao.trust.dvm.Executor$OP_INSTANCE_PUT_FIELD - [BB]: Target obj Activity:instance number 1@edu.mit.clinit.MainActivity
Activity - [DEBUG]: put field 359874043116909
class fu.hao.trust.dvm.Executor$OP_INSTANCE_PUT_FIELD - [MSG]: Put data 359874043116909 to the field of Activity:instance number 1@edu.mit.clinit.MainActivity
DalvikVM - [BB]: fu.hao.trust.dvm.Executor$OP_INSTANCE_PUT_FIELD -> jump set pc to 10
TaintSumBranch - [BB]: Add 359874043116909as tainted due to [reg 2@Test/<clinit>]
TaintSumBranch - [MSG]: has false
TaintSumBranch - [MSG]: Tfields: {}
Results - [MSG]: Set new tainted heap loc true
TaintSumBranch - [MSG]: New tainted heap loc: edu.mit.clinit.MainActivity/s
TaintSumBranch - [MSG]: {}
Results - [MSG]: New recorded tainted field: edu.mit.clinit.MainActivity/s
TaintSumBranch - [MSG]: has true
PluginManager - [MSG]: TaintSumBranch Tainted Res: {[reg 2@Test/<clinit>]=<7 INVOKE,VIRTUAL,extra=[android.telephony.TelephonyManager/getDeviceId[], [0]]>, 359874043116909=<7 INVOKE,VIRTUAL,extra=[android.telephony.TelephonyManager/getDeviceId[], [0]]>}
Executor - [MSG]: 

Executor - [MSG]: <10 RETURN,VOID> at edu.mit.clinit.Test/<clinit>[]
class fu.hao.trust.dvm.Executor$OP_RETURN_VOID - [DEBUG]: Return void
DalvikVM - [BB]: stack [StackFrame edu.mit.clinit.MainActivity/onCreate[android.os.Bundle]]
DalvikVM - [BB]: Back to the last stack frame.StackFrame edu.mit.clinit.MainActivity/onCreate[android.os.Bundle]
PluginManager - [MSG]: TaintSumBranch Tainted Res: {359874043116909=<7 INVOKE,VIRTUAL,extra=[android.telephony.TelephonyManager/getDeviceId[], [0]]>}
DalvikVM - [MSG]: Finish running instrumented methods! Back to StackFrame edu.mit.clinit.MainActivity/onCreate[android.os.Bundle]
Caller: <init>@fu.hao.trust.dvm.DVMObject - [BB]: Get DVMClass for type edu.mit.clinit.Test
Caller@4: <init>@fu.hao.trust.dvm.DVMObject - [BB]: getClass edu.mit.clinit.Test at fu.hao.trust.dvm.VMHeap@5af1cf78
DVMObject - [MSG]: Not empty constructor
DalvikVM - [BB]: New method call: edu.mit.clinit.Test/<init>[]
DalvikVM - [BB]: [0]<0 SPECIAL,ARGUMENT_SET,extra=[0]>
DalvikVM - [BB]: [1]<0 INVOKE,DIRECT,extra=[java.lang.Object/<init>[], [0]]>
DalvikVM - [BB]: [2]<0 RETURN,VOID>
DalvikVM - [WARN]: ar -2, (instance number 1@edu.mit.clinit.Test, edu.mit.clinit.Test)
newStackFrame - [BB]: New Stack Frame: StackFrame edu.mit.clinit.Test/<init>[], pc 8 stored. 
newStackFrame - [BB]: Stack: [StackFrame edu.mit.clinit.MainActivity/onCreate[android.os.Bundle]]
DalvikVM - [MSG]: Begin run instrumented methods!
DalvikVM - [BB]: Add frames [StackFrame edu.mit.clinit.Test/<init>[]]
DalvikVM - [BB]: fu.hao.trust.dvm.DalvikVM -> runInstrumentedMethods set pc to 0
Executor - [MSG]: 

Executor - [MSG]: <0 SPECIAL,ARGUMENT_SET,extra=[0]> at edu.mit.clinit.Test/<init>[]
DalvikVM - [WARN]: ar 0, (instance number 1@edu.mit.clinit.Test, edu.mit.clinit.Test)
Executor - [DEBUG]: params: instance number 1@edu.mit.clinit.Test
DalvikVM - [BB]: fu.hao.trust.dvm.Executor$OP_SP_ARGUMENTS -> jump set pc to 1
TaintSumBranch - [BB]: Copy 359874043116909 as tainted.
PluginManager - [MSG]: TaintSumBranch Tainted Res: {359874043116909=<7 INVOKE,VIRTUAL,extra=[android.telephony.TelephonyManager/getDeviceId[], [0]]>}
Executor - [MSG]: 

Executor - [MSG]: <1 INVOKE,DIRECT,extra=[java.lang.Object/<init>[], [0]]> at edu.mit.clinit.Test/<init>[]
Executor - [MSG]: arg0 obj: instance number 1@edu.mit.clinit.Test
Executor - [MSG]: Replace the clazz.
Executor - [BB]: java.lang.Object/<init>[] is a constructor!
Executor - [WARN]: Reflection error: edu.mit.clinit.Test
DalvikVM - [BB]: fu.hao.trust.dvm.Executor -> jump set pc to 2
TaintSumBranch - [BB]: <java.lang.Object: void <init>()>
TaintSumBranch - [DEBUG]: Not a taint call: <java.lang.Object: void <init>()>
PluginManager - [MSG]: TaintSumBranch Tainted Res: {359874043116909=<7 INVOKE,VIRTUAL,extra=[android.telephony.TelephonyManager/getDeviceId[], [0]]>}
Executor - [MSG]: 

Executor - [MSG]: <2 RETURN,VOID> at edu.mit.clinit.Test/<init>[]
class fu.hao.trust.dvm.Executor$OP_RETURN_VOID - [DEBUG]: Return void
DalvikVM - [BB]: stack [StackFrame edu.mit.clinit.MainActivity/onCreate[android.os.Bundle]]
DalvikVM - [BB]: Back to the last stack frame.StackFrame edu.mit.clinit.MainActivity/onCreate[android.os.Bundle]
PluginManager - [MSG]: TaintSumBranch Tainted Res: {359874043116909=<7 INVOKE,VIRTUAL,extra=[android.telephony.TelephonyManager/getDeviceId[], [0]]>}
DalvikVM - [MSG]: Finish running instrumented methods! Back to StackFrame edu.mit.clinit.MainActivity/onCreate[android.os.Bundle]
DalvikVM - [WARN]: ar 6, (instance number 1@edu.mit.clinit.Test, edu.mit.clinit.Test)
OP_NEW_INSTANCE - [DEBUG]: New object of edu.mit.clinit.Testcreated:instance number 1@edu.mit.clinit.Test
DalvikVM - [BB]: fu.hao.trust.dvm.Executor$OP_NEW_INSTANCE -> jump set pc to 9
TaintSumBranch - [BB]: Rdst [reg 6@MainActivity/onCreate]
PluginManager - [MSG]: TaintSumBranch Tainted Res: {359874043116909=<7 INVOKE,VIRTUAL,extra=[android.telephony.TelephonyManager/getDeviceId[], [0]]>}
Executor - [MSG]: 

Executor - [MSG]: <9 INVOKE,DIRECT,extra=[edu.mit.clinit.Test/<init>[], [6]]> at edu.mit.clinit.MainActivity/onCreate[android.os.Bundle]
Executor - [MSG]: arg0 obj: instance number 1@edu.mit.clinit.Test
Executor - [WARN]: Reflection error: edu.mit.clinit.Test
DalvikVM - [BB]: fu.hao.trust.dvm.Executor -> jump set pc to 10
DalvikVM - [BB]: New method call: edu.mit.clinit.Test/<init>[]
DalvikVM - [BB]: [0]<0 SPECIAL,ARGUMENT_SET,extra=[0]>
DalvikVM - [BB]: [1]<1 INVOKE,DIRECT,extra=[java.lang.Object/<init>[], [0]]>
DalvikVM - [BB]: [2]<2 RETURN,VOID>
newStackFrame - [BB]: New Stack Frame: StackFrame edu.mit.clinit.Test/<init>[], pc 10 stored. 
newStackFrame - [BB]: Add frame StackFrame edu.mit.clinit.Test/<init>[]
newStackFrame - [BB]: Stack: [StackFrame edu.mit.clinit.MainActivity/onCreate[android.os.Bundle], StackFrame edu.mit.clinit.Test/<init>[]]
TaintSumBranch - [BB]: <edu.mit.clinit.Test: void <init>()>
TaintSumBranch - [DEBUG]: Not a taint call: <edu.mit.clinit.Test: void <init>()>
PluginManager - [MSG]: TaintSumBranch Tainted Res: {359874043116909=<7 INVOKE,VIRTUAL,extra=[android.telephony.TelephonyManager/getDeviceId[], [0]]>}
DalvikVM - [BB]: fu.hao.trust.dvm.DalvikVM -> runInstrumentedMethods set pc to 0
Executor - [MSG]: 

Executor - [MSG]: <0 SPECIAL,ARGUMENT_SET,extra=[0]> at edu.mit.clinit.Test/<init>[]
DalvikVM - [WARN]: ar 0, (instance number 1@edu.mit.clinit.Test, edu.mit.clinit.Test)
Executor - [DEBUG]: params: instance number 1@edu.mit.clinit.Test
DalvikVM - [BB]: fu.hao.trust.dvm.Executor$OP_SP_ARGUMENTS -> jump set pc to 1
TaintSumBranch - [BB]: Copy 359874043116909 as tainted.
PluginManager - [MSG]: TaintSumBranch Tainted Res: {359874043116909=<7 INVOKE,VIRTUAL,extra=[android.telephony.TelephonyManager/getDeviceId[], [0]]>}
Executor - [MSG]: 

Executor - [MSG]: <1 INVOKE,DIRECT,extra=[java.lang.Object/<init>[], [0]]> at edu.mit.clinit.Test/<init>[]
Executor - [MSG]: arg0 obj: instance number 1@edu.mit.clinit.Test
Executor - [MSG]: Replace the clazz.
Executor - [BB]: java.lang.Object/<init>[] is a constructor!
Executor - [WARN]: Reflection error: edu.mit.clinit.Test
DalvikVM - [BB]: fu.hao.trust.dvm.Executor -> jump set pc to 2
TaintSumBranch - [BB]: <java.lang.Object: void <init>()>
TaintSumBranch - [DEBUG]: Not a taint call: <java.lang.Object: void <init>()>
PluginManager - [MSG]: TaintSumBranch Tainted Res: {359874043116909=<7 INVOKE,VIRTUAL,extra=[android.telephony.TelephonyManager/getDeviceId[], [0]]>}
Executor - [MSG]: 

Executor - [MSG]: <2 RETURN,VOID> at edu.mit.clinit.Test/<init>[]
class fu.hao.trust.dvm.Executor$OP_RETURN_VOID - [DEBUG]: Return void
DalvikVM - [BB]: stack [StackFrame edu.mit.clinit.MainActivity/onCreate[android.os.Bundle]]
DalvikVM - [BB]: Back to the last stack frame.StackFrame edu.mit.clinit.MainActivity/onCreate[android.os.Bundle]
PluginManager - [MSG]: TaintSumBranch Tainted Res: {359874043116909=<7 INVOKE,VIRTUAL,extra=[android.telephony.TelephonyManager/getDeviceId[], [0]]>}
Executor - [MSG]: 

Executor - [MSG]: <10 MOV,CONST,dst=r1,type=java.lang.String,extra="DroidBench"> at edu.mit.clinit.MainActivity/onCreate[android.os.Bundle]
Executor - [DEBUG]: Mov const begin <10 MOV,CONST,dst=r1,type=java.lang.String,extra="DroidBench">
DalvikVM - [WARN]: ar 1 (, java.lang.String), (DroidBench, java.lang.String)
Executor - [DEBUG]: data: DroidBench class java.lang.String
DalvikVM - [BB]: fu.hao.trust.dvm.Executor$OP_MOV_CONST -> jump set pc to 11
PluginManager - [MSG]: TaintSumBranch Tainted Res: {359874043116909=<7 INVOKE,VIRTUAL,extra=[android.telephony.TelephonyManager/getDeviceId[], [0]]>}
Executor - [MSG]: 

Executor - [MSG]: <11 INSTANCE,IGET,r0=r7,r1=r3,type=java.lang.Object,extra=edu.mit.clinit.MainActivity.s> at edu.mit.clinit.MainActivity/onCreate[android.os.Bundle]
class fu.hao.trust.dvm.Executor$OP_INSTANCE_GET_FIELD - [BB]: Obj Activity:instance number 1@edu.mit.clinit.MainActivity
class fu.hao.trust.dvm.Executor$OP_INSTANCE_GET_FIELD - [BB]: Fieldinfo edu.mit.clinit.MainActivity.s
DalvikVM - [WARN]: ar 3, (359874043116909, java.lang.String)
class fu.hao.trust.dvm.Executor$OP_INSTANCE_GET_FIELD - [DEBUG]: Get data: 359874043116909
DalvikVM - [BB]: fu.hao.trust.dvm.Executor$OP_INSTANCE_GET_FIELD -> jump set pc to 12
TaintSumBranch - [BB]: Add [reg 3@MainActivity/onCreate] as tainted due to field 359874043116909
PluginManager - [MSG]: TaintSumBranch Tainted Res: {359874043116909=<7 INVOKE,VIRTUAL,extra=[android.telephony.TelephonyManager/getDeviceId[], [0]]>, [reg 3@MainActivity/onCreate]=<7 INVOKE,VIRTUAL,extra=[android.telephony.TelephonyManager/getDeviceId[], [0]]>}
Executor - [MSG]: 

Executor - [MSG]: <12 INVOKE,STATIC,extra=[android.util.Log/i[java.lang.String, java.lang.String], [1, 3]]> at edu.mit.clinit.MainActivity/onCreate[android.os.Bundle]
Executor - [DEBUG]: Reflction class android.util.Log
Executor - [BB]: arg0@reg1: DroidBench
Executor - [BB]: arg1@reg3: 359874043116909
Executor - [BB]: param: DroidBench
Executor - [BB]: param: 359874043116909
DalvikVM - [WARN]: ar -1, (1, int)
Executor - [MSG]: reflction invocation public static int android.util.Log.i(java.lang.String,java.lang.String)
DalvikVM - [BB]: Set reflective call: public static int android.util.Log.i(java.lang.String,java.lang.String)
DalvikVM - [BB]: fu.hao.trust.dvm.Executor$OP_INVOKE_STATIC -> jump set pc to 13
TaintSumBranch - [BB]: <android.util.Log: int i(java.lang.String,java.lang.String)>
TaintSumBranch - [WARN]: Found a tainted return val!
Results - [MSG]: New recorded tainted field: i
TaintSumBranch - [DEBUG]: Not a taint call: <android.util.Log: int i(java.lang.String,java.lang.String)>
TaintSumBranch - [WARN]: Found a tainted return val!
PluginManager - [MSG]: TaintSumBranch Tainted Res: {359874043116909=<7 INVOKE,VIRTUAL,extra=[android.telephony.TelephonyManager/getDeviceId[], [0]]>, [reg 3@MainActivity/onCreate]=<7 INVOKE,VIRTUAL,extra=[android.telephony.TelephonyManager/getDeviceId[], [0]]>, [Global RetReg]=<7 INVOKE,VIRTUAL,extra=[android.telephony.TelephonyManager/getDeviceId[], [0]]>}
Executor - [MSG]: 

Executor - [MSG]: <13 INVOKE,STATIC,extra=[android.telephony.SmsManager/getDefault[], []]> at edu.mit.clinit.MainActivity/onCreate[android.os.Bundle]
Executor - [DEBUG]: Reflction class android.telephony.SmsManager
DalvikVM - [WARN]: ar -1, (android.telephony.SmsManager@304f3623, android.telephony.SmsManager)
Executor - [MSG]: reflction invocation public static android.telephony.SmsManager android.telephony.SmsManager.getDefault()
DalvikVM - [BB]: Set reflective call: public static android.telephony.SmsManager android.telephony.SmsManager.getDefault()
DalvikVM - [BB]: fu.hao.trust.dvm.Executor$OP_INVOKE_STATIC -> jump set pc to 14
TaintSumBranch - [BB]: <android.telephony.SmsManager: android.telephony.SmsManager getDefault()>
TaintSumBranch - [DEBUG]: Not a taint call: <android.telephony.SmsManager: android.telephony.SmsManager getDefault()>
PluginManager - [MSG]: TaintSumBranch Tainted Res: {359874043116909=<7 INVOKE,VIRTUAL,extra=[android.telephony.TelephonyManager/getDeviceId[], [0]]>, [reg 3@MainActivity/onCreate]=<7 INVOKE,VIRTUAL,extra=[android.telephony.TelephonyManager/getDeviceId[], [0]]>}
Executor - [MSG]: 

Executor - [MSG]: <14 MOV,RESULT,dst=r0,type=java.lang.Object> at edu.mit.clinit.MainActivity/onCreate[android.os.Bundle]
DalvikVM - [WARN]: ar 0, (android.telephony.SmsManager@304f3623, android.telephony.SmsManager)
OP_MOV_RESULT - [BB]: Result data: android.telephony.SmsManager@304f3623
OP_MOV_RESULT - [DEBUG]: Result data: android.telephony.SmsManager@304f3623, type: android.telephony.SmsManager, to [reg 0@MainActivity/onCreate]
DalvikVM - [BB]: fu.hao.trust.dvm.Executor$OP_MOV_RESULT -> jump set pc to 15
PluginManager - [MSG]: TaintSumBranch Tainted Res: {359874043116909=<7 INVOKE,VIRTUAL,extra=[android.telephony.TelephonyManager/getDeviceId[], [0]]>, [reg 3@MainActivity/onCreate]=<7 INVOKE,VIRTUAL,extra=[android.telephony.TelephonyManager/getDeviceId[], [0]]>}
Executor - [MSG]: 

Executor - [MSG]: <15 MOV,CONST,dst=r1,type=java.lang.String,extra="+49 1234"> at edu.mit.clinit.MainActivity/onCreate[android.os.Bundle]
Executor - [DEBUG]: Mov const begin <15 MOV,CONST,dst=r1,type=java.lang.String,extra="+49 1234">
DalvikVM - [WARN]: ar 1 (DroidBench, java.lang.String), (+49 1234, java.lang.String)
Executor - [DEBUG]: data: +49 1234 class java.lang.String
DalvikVM - [BB]: fu.hao.trust.dvm.Executor$OP_MOV_CONST -> jump set pc to 16
PluginManager - [MSG]: TaintSumBranch Tainted Res: {359874043116909=<7 INVOKE,VIRTUAL,extra=[android.telephony.TelephonyManager/getDeviceId[], [0]]>, [reg 3@MainActivity/onCreate]=<7 INVOKE,VIRTUAL,extra=[android.telephony.TelephonyManager/getDeviceId[], [0]]>}
Executor - [MSG]: 

Executor - [MSG]: <16 INSTANCE,IGET,r0=r7,r1=r3,type=java.lang.Object,extra=edu.mit.clinit.MainActivity.s> at edu.mit.clinit.MainActivity/onCreate[android.os.Bundle]
class fu.hao.trust.dvm.Executor$OP_INSTANCE_GET_FIELD - [BB]: Obj Activity:instance number 1@edu.mit.clinit.MainActivity
class fu.hao.trust.dvm.Executor$OP_INSTANCE_GET_FIELD - [BB]: Fieldinfo edu.mit.clinit.MainActivity.s
DalvikVM - [WARN]: ar 3 (359874043116909, java.lang.String), (359874043116909, java.lang.String)
class fu.hao.trust.dvm.Executor$OP_INSTANCE_GET_FIELD - [DEBUG]: Get data: 359874043116909
DalvikVM - [BB]: fu.hao.trust.dvm.Executor$OP_INSTANCE_GET_FIELD -> jump set pc to 17
TaintSumBranch - [BB]: Add [reg 3@MainActivity/onCreate] as tainted due to field 359874043116909
PluginManager - [MSG]: TaintSumBranch Tainted Res: {359874043116909=<7 INVOKE,VIRTUAL,extra=[android.telephony.TelephonyManager/getDeviceId[], [0]]>, [reg 3@MainActivity/onCreate]=<7 INVOKE,VIRTUAL,extra=[android.telephony.TelephonyManager/getDeviceId[], [0]]>}
Executor - [MSG]: 

Executor - [MSG]: <17 MOV,REG,dst=r4,r0=r2,type=java.lang.Object> at edu.mit.clinit.MainActivity/onCreate[android.os.Bundle]
DalvikVM - [WARN]: ar 4, (0, void)
class fu.hao.trust.dvm.Executor$OP_MOVE_REG - [DEBUG]: mov 0 to 0
DalvikVM - [BB]: fu.hao.trust.dvm.Executor$OP_MOVE_REG -> jump set pc to 18
PluginManager - [MSG]: TaintSumBranch Tainted Res: {359874043116909=<7 INVOKE,VIRTUAL,extra=[android.telephony.TelephonyManager/getDeviceId[], [0]]>, [reg 3@MainActivity/onCreate]=<7 INVOKE,VIRTUAL,extra=[android.telephony.TelephonyManager/getDeviceId[], [0]]>}
Executor - [MSG]: 

Executor - [MSG]: <18 MOV,REG,dst=r5,r0=r2,type=java.lang.Object> at edu.mit.clinit.MainActivity/onCreate[android.os.Bundle]
DalvikVM - [WARN]: ar 5, (0, void)
class fu.hao.trust.dvm.Executor$OP_MOVE_REG - [DEBUG]: mov 0 to 0
DalvikVM - [BB]: fu.hao.trust.dvm.Executor$OP_MOVE_REG -> jump set pc to 19
PluginManager - [MSG]: TaintSumBranch Tainted Res: {359874043116909=<7 INVOKE,VIRTUAL,extra=[android.telephony.TelephonyManager/getDeviceId[], [0]]>, [reg 3@MainActivity/onCreate]=<7 INVOKE,VIRTUAL,extra=[android.telephony.TelephonyManager/getDeviceId[], [0]]>}
Executor - [MSG]: 

Executor - [MSG]: <19 INVOKE,VIRTUAL,extra=[android.telephony.SmsManager/sendTextMessage[java.lang.String, java.lang.String, java.lang.String, android.app.PendingIntent, android.app.PendingIntent], [0, 1, 2, 3, 4, 5]]> at edu.mit.clinit.MainActivity/onCreate[android.os.Bundle]
Executor - [MSG]: arg0 obj: android.telephony.SmsManager@304f3623
Executor - [DEBUG]: Reflction class: class android.telephony.SmsManager
Executor - [BB]: Normal args? true
Executor - [BB]: arg1@reg1: +49 1234
Executor - [BB]: arg2@reg2: 0
Executor - [WARN]: Mismatch type! arg 2, real para type: class patdroid.core.PrimitiveInfo, expected para type: class java.lang.String
Executor - [BB]: arg3@reg3: 359874043116909
Executor - [BB]: arg4@reg4: 0
Executor - [WARN]: Mismatch type! arg 4, real para type: class patdroid.core.PrimitiveInfo, expected para type: class android.app.PendingIntent
Executor - [BB]: arg5@reg5: 0
Executor - [WARN]: Mismatch type! arg 5, real para type: class patdroid.core.PrimitiveInfo, expected para type: class android.app.PendingIntent
Executor - [BB]: Nargs? true
Executor - [DEBUG]: Caller obj: android.telephony.SmsManager@304f3623, from class: class android.telephony.SmsManager
DalvikVM - [WARN]: ar -1, (null, void)
Executor - [MSG]: Reflction invocation public void android.telephony.SmsManager.sendTextMessage(java.lang.String,java.lang.String,java.lang.String,android.app.PendingIntent,android.app.PendingIntent)
DalvikVM - [BB]: Set reflective call: public void android.telephony.SmsManager.sendTextMessage(java.lang.String,java.lang.String,java.lang.String,android.app.PendingIntent,android.app.PendingIntent)
DalvikVM - [BB]: fu.hao.trust.dvm.Executor -> jump set pc to 20
TaintSumBranch - [BB]: <android.telephony.SmsManager: void sendTextMessage(java.lang.String,java.lang.String,java.lang.String,android.app.PendingIntent,android.app.PendingIntent)>
TaintSumBranch - [WARN]: Found a tainted return val!
Results - [MSG]: New recorded tainted field: sendTextMessage
TaintSumBranch - [BB]: Found a sink invocation. <android.telephony.SmsManager: void sendTextMessage(java.lang.String,java.lang.String,java.lang.String,android.app.PendingIntent,android.app.PendingIntent)>
TaintSumBranch - [WARN]: Found a tainted sink <android.telephony.SmsManager: void sendTextMessage(java.lang.String,java.lang.String,java.lang.String,android.app.PendingIntent,android.app.PendingIntent)> leaking data [359874043116909] at reg 3!!!
PluginManager - [MSG]: TaintSumBranch Tainted Res: {359874043116909=<7 INVOKE,VIRTUAL,extra=[android.telephony.TelephonyManager/getDeviceId[], [0]]>, [reg 3@MainActivity/onCreate]=<7 INVOKE,VIRTUAL,extra=[android.telephony.TelephonyManager/getDeviceId[], [0]]>, [Global RetReg]=<7 INVOKE,VIRTUAL,extra=[android.telephony.TelephonyManager/getDeviceId[], [0]]>}
Executor - [MSG]: 

Executor - [MSG]: <20 RETURN,VOID> at edu.mit.clinit.MainActivity/onCreate[android.os.Bundle]
class fu.hao.trust.dvm.Executor$OP_RETURN_VOID - [DEBUG]: Return void
DalvikVM - [BB]: stack []
DalvikVM - [BB]: Back to the last stack frame.null
DalvikVM - [MSG]: Finish running instrumented methods! Back to null
Executor - [MSG]: RUN BEGIN edu.mit.clinit.MainActivity/onCreate[android.os.Bundle]
Executor - [MSG]: RUN DONE! The last one is null
Executor - [MSG]: newChain: [(edu.mit.clinit.MainActivity, onCreate)]
Executor - [BB]: Add Event? (edu.mit.clinit.MainActivity, onCreate)
DalvikVM - [MSG]: FINISHED!

main - [MSG]: Analysis has run for 1.313718873 seconds

