main - [MSG]: Src Chain: []
main - [DEBUG]: Src Entry event: (de.ecspride.MainActivity, onCreate)
DalvikVM - [MSG]: Begin run onCreate at C:\Users\hao\workspace\DroidBenchProj\Reflection4\app\Reflection4.apk
DalvikVM - [MSG]: RUN Method de.ecspride.MainActivity/onCreate[android.os.Bundle]
DalvikVM - [BB]: New method call: de.ecspride.MainActivity/onCreate[android.os.Bundle]
DalvikVM - [BB]: [0]<0 SPECIAL,ARGUMENT_SET,extra=[4, 5]>
DalvikVM - [BB]: [1]<0 HALT,SUPER,extra=[null, [4, 5]]>
DalvikVM - [BB]: [2]<1 MOV,CONST,dst=r3,type=void,extra=class patdroid.core.PrimitiveInfo?2130903040>
DalvikVM - [BB]: [3]<0 INVOKE,VIRTUAL,extra=[android.app.Activity/setContentView[int], [4, 3]]>
DalvikVM - [BB]: [4]<3 MOV,CONST,dst=r3,type=java.lang.String,extra="de.ecspride.ConcreteClass">
DalvikVM - [BB]: [5]<0 INVOKE,STATIC,extra=[java.lang.Class/forName[java.lang.String], [3]]>
DalvikVM - [BB]: [6]<0 MOV,RESULT,dst=r3,type=java.lang.Object>
DalvikVM - [BB]: [7]<0 INVOKE,VIRTUAL,extra=[java.lang.Class/newInstance[], [3]]>
DalvikVM - [BB]: [8]<0 MOV,RESULT,dst=r0,type=java.lang.Object>
DalvikVM - [BB]: [9]<0 ARITHMETIC,CHECK-AND-CAST,dst=r0,type=de.ecspride.BaseClass>
DalvikVM - [BB]: [10]<0 INVOKE,VIRTUAL,extra=[de.ecspride.BaseClass/foo[android.content.Context], [0, 4]]>
DalvikVM - [BB]: [11]<0 MOV,RESULT,dst=r2,type=java.lang.Object>
DalvikVM - [BB]: [12]<0 INVOKE,VIRTUAL,extra=[de.ecspride.BaseClass/bar[java.lang.String], [0, 2]]>
DalvikVM - [BB]: [13]<0 RETURN,VOID>
DalvikVM - [BB]: [14]<0 MOV,EXCETPION,dst=r1,type=java.lang.Object>
DalvikVM - [BB]: [15]<0 INVOKE,VIRTUAL,extra=[java.lang.Throwable/printStackTrace[], [1]]>
DalvikVM - [BB]: [16]<0 GOTO,extra=index:13>
DalvikVM - [BB]: [17]<0 MOV,EXCETPION,dst=r1,type=java.lang.Object>
DalvikVM - [BB]: [18]<0 INVOKE,VIRTUAL,extra=[java.lang.Throwable/printStackTrace[], [1]]>
DalvikVM - [BB]: [19]<0 GOTO,extra=index:13>
DalvikVM - [BB]: [20]<0 MOV,EXCETPION,dst=r1,type=java.lang.Object>
DalvikVM - [BB]: [21]<0 INVOKE,VIRTUAL,extra=[java.lang.Throwable/printStackTrace[], [1]]>
DalvikVM - [BB]: [22]<0 GOTO,extra=index:13>
newStackFrame - [BB]: New Stack Frame: StackFrame de.ecspride.MainActivity/onCreate[android.os.Bundle]
newStackFrame - [BB]: Add frame StackFrame de.ecspride.MainActivity/onCreate[android.os.Bundle]
newStackFrame - [BB]: Stack: [StackFrame de.ecspride.MainActivity/onCreate[android.os.Bundle]]
Activity - [BB]: New instance of de.ecspride.MainActivity
Caller@4: <init>@fu.hao.trust.dvm.DVMObject - [BB]: getClass de.ecspride.MainActivity at fu.hao.trust.dvm.VMHeap@7c6ee7ea
Caller: getClass@fu.hao.trust.dvm.VMHeap - [BB]: new class representation for de.ecspride.MainActivity at fu.hao.trust.dvm.VMHeap@7c6ee7ea
Caller@4: <init>@fu.hao.trust.dvm.DVMClass - [BB]: getClass android.app.Activity at fu.hao.trust.dvm.VMHeap@7c6ee7ea
Caller: getClass@fu.hao.trust.dvm.VMHeap - [BB]: new class representation for android.app.Activity at fu.hao.trust.dvm.VMHeap@7c6ee7ea
Caller@4: <init>@fu.hao.trust.dvm.DVMClass - [BB]: getClass android.content.ContextWrapper at fu.hao.trust.dvm.VMHeap@7c6ee7ea
Caller: getClass@fu.hao.trust.dvm.VMHeap - [BB]: new class representation for android.content.ContextWrapper at fu.hao.trust.dvm.VMHeap@7c6ee7ea
Caller@4: <init>@fu.hao.trust.dvm.DVMClass - [BB]: getClass android.content.Context at fu.hao.trust.dvm.VMHeap@7c6ee7ea
Caller: getClass@fu.hao.trust.dvm.VMHeap - [BB]: new class representation for android.content.Context at fu.hao.trust.dvm.VMHeap@7c6ee7ea
Caller@4: <init>@fu.hao.trust.dvm.DVMClass - [BB]: getClass fu.hao.trust.dvm.DVMObject at fu.hao.trust.dvm.VMHeap@7c6ee7ea
Caller: getClass@fu.hao.trust.dvm.VMHeap - [BB]: new class representation for fu.hao.trust.dvm.DVMObject at fu.hao.trust.dvm.VMHeap@7c6ee7ea
Caller: <init>@fu.hao.trust.dvm.DVMClass - [BB]: Get DVMClass for type fu.hao.trust.dvm.DVMObject
Caller@4: <init>@fu.hao.trust.dvm.DVMClass - [BB]: getClass fu.hao.trust.dvm.DVMObject at fu.hao.trust.dvm.VMHeap@7c6ee7ea
Caller: <init>@fu.hao.trust.dvm.DVMClass - [BB]: Get DVMClass for type android.content.Context
Caller@4: <init>@fu.hao.trust.dvm.DVMClass - [BB]: getClass android.content.Context at fu.hao.trust.dvm.VMHeap@7c6ee7ea
Caller: <init>@fu.hao.trust.dvm.DVMClass - [BB]: Get DVMClass for type android.content.ContextWrapper
Caller@4: <init>@fu.hao.trust.dvm.DVMClass - [BB]: getClass android.content.ContextWrapper at fu.hao.trust.dvm.VMHeap@7c6ee7ea
Caller: <init>@fu.hao.trust.dvm.DVMClass - [BB]: Get DVMClass for type android.app.Activity
Caller@4: <init>@fu.hao.trust.dvm.DVMClass - [BB]: getClass android.app.Activity at fu.hao.trust.dvm.VMHeap@7c6ee7ea
Caller: <init>@fu.hao.trust.dvm.DVMObject - [BB]: Get DVMClass for type de.ecspride.MainActivity
Caller@4: <init>@fu.hao.trust.dvm.DVMObject - [BB]: getClass de.ecspride.MainActivity at fu.hao.trust.dvm.VMHeap@7c6ee7ea
Activity - [MSG]: Not empty constructor
DalvikVM - [BB]: New method call: de.ecspride.MainActivity/<init>[]
DalvikVM - [BB]: [0]<0 SPECIAL,ARGUMENT_SET,extra=[0]>
DalvikVM - [BB]: [1]<0 INVOKE,DIRECT,extra=[java.lang.Object/<init>[], [0]]>
DalvikVM - [BB]: [2]<0 RETURN,VOID>
DalvikVM - [WARN]: ar -2, (Activity:instance number 1@de.ecspride.MainActivity, de.ecspride.MainActivity)
newStackFrame - [BB]: New Stack Frame: StackFrame de.ecspride.MainActivity/<init>[], pc -1 stored. 
newStackFrame - [BB]: Stack: [StackFrame de.ecspride.MainActivity/onCreate[android.os.Bundle]]
DalvikVM - [MSG]: Begin run instrumented methods!
DalvikVM - [BB]: Add frames [StackFrame de.ecspride.MainActivity/<init>[]]
DalvikVM - [BB]: fu.hao.trust.dvm.DalvikVM -> runInstrumentedMethods set pc to 0
Executor - [MSG]: 

Executor - [MSG]: <0 SPECIAL,ARGUMENT_SET,extra=[0]> at de.ecspride.MainActivity/<init>[]
DalvikVM - [WARN]: ar 0, (Activity:instance number 1@de.ecspride.MainActivity, de.ecspride.MainActivity)
Executor - [DEBUG]: params: Activity:instance number 1@de.ecspride.MainActivity
DalvikVM - [BB]: fu.hao.trust.dvm.Executor$OP_SP_ARGUMENTS -> jump set pc to 1
PluginManager - [MSG]: TaintSumBranch Tainted Res: {}
Executor - [MSG]: 

Executor - [MSG]: <1 INVOKE,DIRECT,extra=[java.lang.Object/<init>[], [0]]> at de.ecspride.MainActivity/<init>[]
Executor - [MSG]: arg0 obj: Activity:instance number 1@de.ecspride.MainActivity
Executor - [MSG]: Replace the clazz.
Executor - [BB]: java.lang.Object/<init>[] is a constructor!
Executor - [WARN]: Reflection error: de.ecspride.MainActivity
DalvikVM - [BB]: fu.hao.trust.dvm.Executor -> jump set pc to 2
TaintSumBranch - [BB]: <java.lang.Object: void <init>()>
TaintSumBranch - [DEBUG]: Not a taint call: <java.lang.Object: void <init>()>
PluginManager - [MSG]: TaintSumBranch Tainted Res: {}
Executor - [MSG]: 

Executor - [MSG]: <2 RETURN,VOID> at de.ecspride.MainActivity/<init>[]
class fu.hao.trust.dvm.Executor$OP_RETURN_VOID - [DEBUG]: Return void
DalvikVM - [BB]: stack [StackFrame de.ecspride.MainActivity/onCreate[android.os.Bundle]]
DalvikVM - [BB]: Back to the last stack frame.StackFrame de.ecspride.MainActivity/onCreate[android.os.Bundle]
DalvikVM - [MSG]: Finish running instrumented methods! Back to StackFrame de.ecspride.MainActivity/onCreate[android.os.Bundle]
Activity - [MSG]: New Activity Created with type de.ecspride.MainActivity
DalvikVM - [BB]: New method call: de.ecspride.MainActivity/onCreate[android.os.Bundle]
DalvikVM - [BB]: [0]<0 SPECIAL,ARGUMENT_SET,extra=[4, 5]>
DalvikVM - [BB]: [1]<0 HALT,SUPER,extra=[null, [4, 5]]>
DalvikVM - [BB]: [2]<1 MOV,CONST,dst=r3,type=void,extra=class patdroid.core.PrimitiveInfo?2130903040>
DalvikVM - [BB]: [3]<0 INVOKE,VIRTUAL,extra=[android.app.Activity/setContentView[int], [4, 3]]>
DalvikVM - [BB]: [4]<3 MOV,CONST,dst=r3,type=java.lang.String,extra="de.ecspride.ConcreteClass">
DalvikVM - [BB]: [5]<0 INVOKE,STATIC,extra=[java.lang.Class/forName[java.lang.String], [3]]>
DalvikVM - [BB]: [6]<0 MOV,RESULT,dst=r3,type=java.lang.Object>
DalvikVM - [BB]: [7]<0 INVOKE,VIRTUAL,extra=[java.lang.Class/newInstance[], [3]]>
DalvikVM - [BB]: [8]<0 MOV,RESULT,dst=r0,type=java.lang.Object>
DalvikVM - [BB]: [9]<0 ARITHMETIC,CHECK-AND-CAST,dst=r0,type=de.ecspride.BaseClass>
DalvikVM - [BB]: [10]<0 INVOKE,VIRTUAL,extra=[de.ecspride.BaseClass/foo[android.content.Context], [0, 4]]>
DalvikVM - [BB]: [11]<0 MOV,RESULT,dst=r2,type=java.lang.Object>
DalvikVM - [BB]: [12]<0 INVOKE,VIRTUAL,extra=[de.ecspride.BaseClass/bar[java.lang.String], [0, 2]]>
DalvikVM - [BB]: [13]<0 RETURN,VOID>
DalvikVM - [BB]: [14]<0 MOV,EXCETPION,dst=r1,type=java.lang.Object>
DalvikVM - [BB]: [15]<0 INVOKE,VIRTUAL,extra=[java.lang.Throwable/printStackTrace[], [1]]>
DalvikVM - [BB]: [16]<0 GOTO,extra=index:13>
DalvikVM - [BB]: [17]<0 MOV,EXCETPION,dst=r1,type=java.lang.Object>
DalvikVM - [BB]: [18]<0 INVOKE,VIRTUAL,extra=[java.lang.Throwable/printStackTrace[], [1]]>
DalvikVM - [BB]: [19]<0 GOTO,extra=index:13>
DalvikVM - [BB]: [20]<0 MOV,EXCETPION,dst=r1,type=java.lang.Object>
DalvikVM - [BB]: [21]<0 INVOKE,VIRTUAL,extra=[java.lang.Throwable/printStackTrace[], [1]]>
DalvikVM - [BB]: [22]<0 GOTO,extra=index:13>
DalvikVM - [WARN]: ar -2, (Activity:instance number 1@de.ecspride.MainActivity, de.ecspride.MainActivity)
DalvikVM - [WARN]: ar -2, (null, android.os.Bundle)
newStackFrame - [BB]: New Stack Frame: StackFrame de.ecspride.MainActivity/onCreate[android.os.Bundle]
newStackFrame - [BB]: Stack: []
Activity - [BB]: Intent null
DalvikVM - [MSG]: Begin run instrumented methods!
DalvikVM - [BB]: Add frames [StackFrame de.ecspride.MainActivity/onCreate[android.os.Bundle]]
DalvikVM - [BB]: fu.hao.trust.dvm.DalvikVM -> runInstrumentedMethods set pc to 0
Executor - [MSG]: 

Executor - [MSG]: <0 SPECIAL,ARGUMENT_SET,extra=[4, 5]> at de.ecspride.MainActivity/onCreate[android.os.Bundle]
DalvikVM - [WARN]: ar 4, (Activity:instance number 1@de.ecspride.MainActivity, de.ecspride.MainActivity)
Executor - [DEBUG]: params: Activity:instance number 1@de.ecspride.MainActivity
DalvikVM - [WARN]: ar 5, (null, android.os.Bundle)
Executor - [DEBUG]: params: null
DalvikVM - [BB]: fu.hao.trust.dvm.Executor$OP_SP_ARGUMENTS -> jump set pc to 1
PluginManager - [MSG]: TaintSumBranch Tainted Res: {}
Executor - [MSG]: 

Executor - [MSG]: <1 HALT,SUPER,extra=[null, [4, 5]]> at de.ecspride.MainActivity/onCreate[android.os.Bundle]
DalvikVM - [BB]: fu.hao.trust.dvm.Executor$OP_HALT -> jump set pc to 2
Executor - [MSG]: Cannot resolve the invocation
TaintSumBranch - [BB]: Not a taint op <1 HALT,SUPER,extra=[null, [4, 5]]>
PluginManager - [MSG]: TaintSumBranch Tainted Res: {}
Executor - [MSG]: 

Executor - [MSG]: <2 MOV,CONST,dst=r3,type=void,extra=class patdroid.core.PrimitiveInfo?2130903040> at de.ecspride.MainActivity/onCreate[android.os.Bundle]
Executor - [DEBUG]: Mov const begin <2 MOV,CONST,dst=r3,type=void,extra=class patdroid.core.PrimitiveInfo?2130903040>
DalvikVM - [WARN]: ar 3, (2130903040, void)
Executor - [DEBUG]: data: 2130903040 class patdroid.core.PrimitiveInfo
DalvikVM - [BB]: fu.hao.trust.dvm.Executor$OP_MOV_CONST -> jump set pc to 3
PluginManager - [MSG]: TaintSumBranch Tainted Res: {}
Executor - [MSG]: 

Executor - [MSG]: <3 INVOKE,VIRTUAL,extra=[android.app.Activity/setContentView[int], [4, 3]]> at de.ecspride.MainActivity/onCreate[android.os.Bundle]
Executor - [MSG]: arg0 obj: Activity:instance number 1@de.ecspride.MainActivity
Executor - [DEBUG]: Reflction class: class android.app.Activity
Executor - [BB]: Normal args? true
Executor - [BB]: arg1@reg3: 2130903040
Executor - [DEBUG]: Expected para type: int
Executor - [DEBUG]: Real para int, value: 2130903040
Executor - [BB]: Nargs? true
Executor - [DEBUG]: Caller obj: Activity:instance number 1@de.ecspride.MainActivity, from class: class android.app.Activity
DalvikVM - [WARN]: ar -1, (null, void)
Executor - [MSG]: Reflction invocation public void android.app.Activity.setContentView(int)
DalvikVM - [BB]: Set reflective call: public void android.app.Activity.setContentView(int)
DalvikVM - [BB]: fu.hao.trust.dvm.Executor -> jump set pc to 4
TaintSumBranch - [BB]: <android.app.Activity: void setContentView(int)>
TaintSumBranch - [DEBUG]: Not a taint call: <android.app.Activity: void setContentView(int)>
PluginManager - [MSG]: TaintSumBranch Tainted Res: {}
Executor - [MSG]: 

Executor - [MSG]: <4 MOV,CONST,dst=r3,type=java.lang.String,extra="de.ecspride.ConcreteClass"> at de.ecspride.MainActivity/onCreate[android.os.Bundle]
Executor - [DEBUG]: Mov const begin <4 MOV,CONST,dst=r3,type=java.lang.String,extra="de.ecspride.ConcreteClass">
DalvikVM - [WARN]: ar 3 (2130903040, void), (de.ecspride.ConcreteClass, java.lang.String)
Executor - [DEBUG]: data: de.ecspride.ConcreteClass class java.lang.String
DalvikVM - [BB]: fu.hao.trust.dvm.Executor$OP_MOV_CONST -> jump set pc to 5
PluginManager - [MSG]: TaintSumBranch Tainted Res: {}
Executor - [MSG]: 

Executor - [MSG]: <5 INVOKE,STATIC,extra=[java.lang.Class/forName[java.lang.String], [3]]> at de.ecspride.MainActivity/onCreate[android.os.Bundle]
Executor - [MSG]: Replace the clazz.
Executor - [DEBUG]: Reflction class patdroid.core.ClassInfo
Executor - [BB]: arg0@reg3: de.ecspride.ConcreteClass
Executor - [BB]: param: de.ecspride.ConcreteClass
DalvikVM - [WARN]: ar -1, (de.ecspride.ConcreteClass, java.lang.Class)
Executor - [MSG]: reflction invocation public static patdroid.core.ClassInfo patdroid.core.ClassInfo.forName(java.lang.String)
DalvikVM - [BB]: Set reflective call: public static patdroid.core.ClassInfo patdroid.core.ClassInfo.forName(java.lang.String)
DalvikVM - [BB]: fu.hao.trust.dvm.Executor$OP_INVOKE_STATIC -> jump set pc to 6
TaintSumBranch - [BB]: <java.lang.Class: java.lang.Class forName(java.lang.String)>
TaintSumBranch - [DEBUG]: Not a taint call: <java.lang.Class: java.lang.Class forName(java.lang.String)>
PluginManager - [MSG]: TaintSumBranch Tainted Res: {}
Executor - [MSG]: 

Executor - [MSG]: <6 MOV,RESULT,dst=r3,type=java.lang.Object> at de.ecspride.MainActivity/onCreate[android.os.Bundle]
DalvikVM - [WARN]: ar 3 (de.ecspride.ConcreteClass, java.lang.String), (de.ecspride.ConcreteClass, java.lang.Class)
OP_MOV_RESULT - [BB]: Result data: de.ecspride.ConcreteClass
OP_MOV_RESULT - [DEBUG]: Result data: de.ecspride.ConcreteClass, type: java.lang.Class, to [reg 3@MainActivity/onCreate]
DalvikVM - [BB]: fu.hao.trust.dvm.Executor$OP_MOV_RESULT -> jump set pc to 7
PluginManager - [MSG]: TaintSumBranch Tainted Res: {}
Executor - [MSG]: 

Executor - [MSG]: <7 INVOKE,VIRTUAL,extra=[java.lang.Class/newInstance[], [3]]> at de.ecspride.MainActivity/onCreate[android.os.Bundle]
Executor - [MSG]: arg0 obj: de.ecspride.ConcreteClass
Executor - [MSG]: Replace the clazz.
Executor - [DEBUG]: Reflction class: class patdroid.core.ClassInfo
DalvikVM - [BB]: Superclass: de.ecspride.ConcreteClass
DalvikVM - [BB]: Superclass: de.ecspride.BaseClass
DalvikVM - [BB]: Superclass: java.lang.Object
DVMObject - [BB]: New instance of de.ecspride.ConcreteClass
Caller@4: <init>@fu.hao.trust.dvm.DVMObject - [BB]: getClass de.ecspride.ConcreteClass at fu.hao.trust.dvm.VMHeap@7c6ee7ea
Caller: getClass@fu.hao.trust.dvm.VMHeap - [BB]: new class representation for de.ecspride.ConcreteClass at fu.hao.trust.dvm.VMHeap@7c6ee7ea
Caller@4: <init>@fu.hao.trust.dvm.DVMClass - [BB]: getClass de.ecspride.BaseClass at fu.hao.trust.dvm.VMHeap@7c6ee7ea
Caller: getClass@fu.hao.trust.dvm.VMHeap - [BB]: new class representation for de.ecspride.BaseClass at fu.hao.trust.dvm.VMHeap@7c6ee7ea
Caller: <init>@fu.hao.trust.dvm.DVMClass - [BB]: Get DVMClass for type de.ecspride.BaseClass
Caller@4: <init>@fu.hao.trust.dvm.DVMClass - [BB]: getClass de.ecspride.BaseClass at fu.hao.trust.dvm.VMHeap@7c6ee7ea
Caller: <init>@fu.hao.trust.dvm.DVMObject - [BB]: Get DVMClass for type de.ecspride.ConcreteClass
Caller@4: <init>@fu.hao.trust.dvm.DVMObject - [BB]: getClass de.ecspride.ConcreteClass at fu.hao.trust.dvm.VMHeap@7c6ee7ea
DVMObject - [MSG]: Not empty constructor
DalvikVM - [BB]: New method call: de.ecspride.ConcreteClass/<init>[]
DalvikVM - [BB]: [0]<0 SPECIAL,ARGUMENT_SET,extra=[0]>
DalvikVM - [BB]: [1]<0 INVOKE,DIRECT,extra=[de.ecspride.BaseClass/<init>[], [0]]>
DalvikVM - [BB]: [2]<0 RETURN,VOID>
DalvikVM - [WARN]: ar -2, (instance number 1@de.ecspride.ConcreteClass, de.ecspride.ConcreteClass)
newStackFrame - [BB]: New Stack Frame: StackFrame de.ecspride.ConcreteClass/<init>[], pc 7 stored. 
newStackFrame - [BB]: Stack: [StackFrame de.ecspride.MainActivity/onCreate[android.os.Bundle]]
DalvikVM - [MSG]: Begin run instrumented methods!
DalvikVM - [BB]: Add frames [StackFrame de.ecspride.ConcreteClass/<init>[]]
DalvikVM - [BB]: fu.hao.trust.dvm.DalvikVM -> runInstrumentedMethods set pc to 0
Executor - [MSG]: 

Executor - [MSG]: <0 SPECIAL,ARGUMENT_SET,extra=[0]> at de.ecspride.ConcreteClass/<init>[]
DalvikVM - [WARN]: ar 0, (instance number 1@de.ecspride.ConcreteClass, de.ecspride.ConcreteClass)
Executor - [DEBUG]: params: instance number 1@de.ecspride.ConcreteClass
DalvikVM - [BB]: fu.hao.trust.dvm.Executor$OP_SP_ARGUMENTS -> jump set pc to 1
PluginManager - [MSG]: TaintSumBranch Tainted Res: {}
Executor - [MSG]: 

Executor - [MSG]: <1 INVOKE,DIRECT,extra=[de.ecspride.BaseClass/<init>[], [0]]> at de.ecspride.ConcreteClass/<init>[]
Executor - [MSG]: arg0 obj: instance number 1@de.ecspride.ConcreteClass
Executor - [WARN]: Reflection error: de.ecspride.BaseClass
DalvikVM - [BB]: fu.hao.trust.dvm.Executor -> jump set pc to 2
DalvikVM - [BB]: New method call: de.ecspride.BaseClass/<init>[]
DalvikVM - [BB]: [0]<0 SPECIAL,ARGUMENT_SET,extra=[0]>
DalvikVM - [BB]: [1]<0 INVOKE,DIRECT,extra=[java.lang.Object/<init>[], [0]]>
DalvikVM - [BB]: [2]<0 RETURN,VOID>
newStackFrame - [BB]: New Stack Frame: StackFrame de.ecspride.BaseClass/<init>[], pc 2 stored. 
newStackFrame - [BB]: Add frame StackFrame de.ecspride.BaseClass/<init>[]
newStackFrame - [BB]: Stack: [StackFrame de.ecspride.MainActivity/onCreate[android.os.Bundle], StackFrame de.ecspride.ConcreteClass/<init>[], StackFrame de.ecspride.BaseClass/<init>[]]
TaintSumBranch - [BB]: <de.ecspride.BaseClass: void <init>()>
TaintSumBranch - [DEBUG]: Not a taint call: <de.ecspride.BaseClass: void <init>()>
PluginManager - [MSG]: TaintSumBranch Tainted Res: {}
DalvikVM - [BB]: fu.hao.trust.dvm.DalvikVM -> runInstrumentedMethods set pc to 0
Executor - [MSG]: 

Executor - [MSG]: <0 SPECIAL,ARGUMENT_SET,extra=[0]> at de.ecspride.BaseClass/<init>[]
DalvikVM - [WARN]: ar 0, (instance number 1@de.ecspride.ConcreteClass, de.ecspride.ConcreteClass)
Executor - [DEBUG]: params: instance number 1@de.ecspride.ConcreteClass
DalvikVM - [BB]: fu.hao.trust.dvm.Executor$OP_SP_ARGUMENTS -> jump set pc to 1
PluginManager - [MSG]: TaintSumBranch Tainted Res: {}
Executor - [MSG]: 

Executor - [MSG]: <1 INVOKE,DIRECT,extra=[java.lang.Object/<init>[], [0]]> at de.ecspride.BaseClass/<init>[]
Executor - [MSG]: arg0 obj: instance number 1@de.ecspride.ConcreteClass
Executor - [MSG]: Replace the clazz.
Executor - [BB]: java.lang.Object/<init>[] is a constructor!
Executor - [WARN]: Reflection error: de.ecspride.ConcreteClass
DalvikVM - [BB]: fu.hao.trust.dvm.Executor -> jump set pc to 2
TaintSumBranch - [BB]: <java.lang.Object: void <init>()>
TaintSumBranch - [DEBUG]: Not a taint call: <java.lang.Object: void <init>()>
PluginManager - [MSG]: TaintSumBranch Tainted Res: {}
Executor - [MSG]: 

Executor - [MSG]: <2 RETURN,VOID> at de.ecspride.BaseClass/<init>[]
class fu.hao.trust.dvm.Executor$OP_RETURN_VOID - [DEBUG]: Return void
DalvikVM - [BB]: stack [StackFrame de.ecspride.MainActivity/onCreate[android.os.Bundle], StackFrame de.ecspride.ConcreteClass/<init>[]]
DalvikVM - [BB]: Back to the last stack frame.StackFrame de.ecspride.ConcreteClass/<init>[]
PluginManager - [MSG]: TaintSumBranch Tainted Res: {}
Executor - [MSG]: 

Executor - [MSG]: <2 RETURN,VOID> at de.ecspride.ConcreteClass/<init>[]
class fu.hao.trust.dvm.Executor$OP_RETURN_VOID - [DEBUG]: Return void
DalvikVM - [BB]: stack [StackFrame de.ecspride.MainActivity/onCreate[android.os.Bundle]]
DalvikVM - [BB]: Back to the last stack frame.StackFrame de.ecspride.MainActivity/onCreate[android.os.Bundle]
PluginManager - [MSG]: TaintSumBranch Tainted Res: {}
DalvikVM - [MSG]: Finish running instrumented methods! Back to StackFrame de.ecspride.MainActivity/onCreate[android.os.Bundle]
DalvikVM - [WARN]: ar -1, (instance number 1@de.ecspride.ConcreteClass, java.lang.Object)
Executor - [DEBUG]: Return data: instance number 1@de.ecspride.ConcreteClass ,class fu.hao.trust.dvm.DVMObject
Executor - [MSG]: Reflction invocation public java.lang.Object patdroid.core.ClassInfo.newInstance() throws java.lang.IllegalAccessException,java.lang.IllegalArgumentException,java.lang.reflect.InvocationTargetException,java.lang.ClassNotFoundException,java.lang.NoSuchMethodException,java.lang.SecurityException
DalvikVM - [BB]: Set reflective call: public java.lang.Object patdroid.core.ClassInfo.newInstance() throws java.lang.IllegalAccessException,java.lang.IllegalArgumentException,java.lang.reflect.InvocationTargetException,java.lang.ClassNotFoundException,java.lang.NoSuchMethodException,java.lang.SecurityException
DalvikVM - [BB]: fu.hao.trust.dvm.Executor -> jump set pc to 8
TaintSumBranch - [BB]: <java.lang.Class: java.lang.Object newInstance()>
TaintSumBranch - [DEBUG]: Not a taint call: <java.lang.Class: java.lang.Object newInstance()>
PluginManager - [MSG]: TaintSumBranch Tainted Res: {}
Executor - [MSG]: 

Executor - [MSG]: <8 MOV,RESULT,dst=r0,type=java.lang.Object> at de.ecspride.MainActivity/onCreate[android.os.Bundle]
DalvikVM - [WARN]: ar 0, (instance number 1@de.ecspride.ConcreteClass, java.lang.Object)
OP_MOV_RESULT - [BB]: Result data: instance number 1@de.ecspride.ConcreteClass
OP_MOV_RESULT - [DEBUG]: Result data: instance number 1@de.ecspride.ConcreteClass, type: java.lang.Object, to [reg 0@MainActivity/onCreate]
DalvikVM - [BB]: fu.hao.trust.dvm.Executor$OP_MOV_RESULT -> jump set pc to 9
PluginManager - [MSG]: TaintSumBranch Tainted Res: {}
Executor - [MSG]: 

Executor - [MSG]: <9 ARITHMETIC,CHECK-AND-CAST,dst=r0,type=de.ecspride.BaseClass> at de.ecspride.MainActivity/onCreate[android.os.Bundle]
DalvikVM - [BB]: fu.hao.trust.dvm.Executor$OP_ARITHETIC -> jump set pc to 10
PluginManager - [MSG]: TaintSumBranch Tainted Res: {}
Executor - [MSG]: 

Executor - [MSG]: <10 INVOKE,VIRTUAL,extra=[de.ecspride.BaseClass/foo[android.content.Context], [0, 4]]> at de.ecspride.MainActivity/onCreate[android.os.Bundle]
Executor - [MSG]: arg0 obj: instance number 1@de.ecspride.ConcreteClass
Executor - [WARN]: Reflection error: de.ecspride.BaseClass
DalvikVM - [BB]: fu.hao.trust.dvm.Executor -> jump set pc to 11
DalvikVM - [BB]: New method call: de.ecspride.ConcreteClass/foo[android.content.Context]
DalvikVM - [BB]: [0]<0 SPECIAL,ARGUMENT_SET,extra=[2, 3]>
DalvikVM - [BB]: [1]<0 MOV,CONST,dst=r1,type=java.lang.String,extra="phone">
DalvikVM - [BB]: [2]<0 INVOKE,VIRTUAL,extra=[android.content.Context/getSystemService[java.lang.String], [3, 1]]>
DalvikVM - [BB]: [3]<0 MOV,RESULT,dst=r0,type=java.lang.Object>
DalvikVM - [BB]: [4]<0 ARITHMETIC,CHECK-AND-CAST,dst=r0,type=android.telephony.TelephonyManager>
DalvikVM - [BB]: [5]<0 INVOKE,VIRTUAL,extra=[android.telephony.TelephonyManager/getDeviceId[], [0]]>
DalvikVM - [BB]: [6]<0 MOV,RESULT,dst=r1,type=java.lang.Object>
DalvikVM - [BB]: [7]<0 RETURN,VALUE,r0=r1,type=java.lang.Object>
newStackFrame - [BB]: New Stack Frame: StackFrame de.ecspride.ConcreteClass/foo[android.content.Context], pc 11 stored. 
newStackFrame - [BB]: Add frame StackFrame de.ecspride.ConcreteClass/foo[android.content.Context]
newStackFrame - [BB]: Stack: [StackFrame de.ecspride.MainActivity/onCreate[android.os.Bundle], StackFrame de.ecspride.ConcreteClass/foo[android.content.Context]]
PluginManager - [MSG]: TaintSumBranch Tainted Res: {}
DalvikVM - [BB]: fu.hao.trust.dvm.DalvikVM -> runInstrumentedMethods set pc to 0
Executor - [MSG]: 

Executor - [MSG]: <0 SPECIAL,ARGUMENT_SET,extra=[2, 3]> at de.ecspride.ConcreteClass/foo[android.content.Context]
DalvikVM - [WARN]: ar 2, (instance number 1@de.ecspride.ConcreteClass, java.lang.Object)
Executor - [DEBUG]: params: instance number 1@de.ecspride.ConcreteClass
DalvikVM - [WARN]: ar 3, (Activity:instance number 1@de.ecspride.MainActivity, de.ecspride.MainActivity)
Executor - [DEBUG]: params: Activity:instance number 1@de.ecspride.MainActivity
DalvikVM - [BB]: fu.hao.trust.dvm.Executor$OP_SP_ARGUMENTS -> jump set pc to 1
PluginManager - [MSG]: TaintSumBranch Tainted Res: {}
Executor - [MSG]: 

Executor - [MSG]: <1 MOV,CONST,dst=r1,type=java.lang.String,extra="phone"> at de.ecspride.ConcreteClass/foo[android.content.Context]
Executor - [DEBUG]: Mov const begin <1 MOV,CONST,dst=r1,type=java.lang.String,extra="phone">
DalvikVM - [WARN]: ar 1, (phone, java.lang.String)
Executor - [DEBUG]: data: phone class java.lang.String
DalvikVM - [BB]: fu.hao.trust.dvm.Executor$OP_MOV_CONST -> jump set pc to 2
PluginManager - [MSG]: TaintSumBranch Tainted Res: {}
Executor - [MSG]: 

Executor - [MSG]: <2 INVOKE,VIRTUAL,extra=[android.content.Context/getSystemService[java.lang.String], [3, 1]]> at de.ecspride.ConcreteClass/foo[android.content.Context]
Executor - [MSG]: arg0 obj: Activity:instance number 1@de.ecspride.MainActivity
Executor - [DEBUG]: Reflction class: class android.content.Context
Executor - [BB]: Normal args? true
Executor - [BB]: arg1@reg1: phone
Executor - [BB]: Nargs? true
Executor - [DEBUG]: Caller obj: Activity:instance number 1@de.ecspride.MainActivity, from class: class android.app.Activity
DalvikVM - [WARN]: ar -1, (android.telephony.TelephonyManager@41aac3f8, java.lang.Object)
Executor - [DEBUG]: Return data: android.telephony.TelephonyManager@41aac3f8 ,class android.telephony.TelephonyManager
Executor - [MSG]: Reflction invocation public java.lang.Object android.content.Context.getSystemService(java.lang.String)
DalvikVM - [BB]: Set reflective call: public java.lang.Object android.content.Context.getSystemService(java.lang.String)
DalvikVM - [BB]: fu.hao.trust.dvm.Executor -> jump set pc to 3
TaintSumBranch - [BB]: <android.content.Context: java.lang.Object getSystemService(java.lang.String)>
TaintSumBranch - [DEBUG]: Not a taint call: <android.content.Context: java.lang.Object getSystemService(java.lang.String)>
PluginManager - [MSG]: TaintSumBranch Tainted Res: {}
Executor - [MSG]: 

Executor - [MSG]: <3 MOV,RESULT,dst=r0,type=java.lang.Object> at de.ecspride.ConcreteClass/foo[android.content.Context]
DalvikVM - [WARN]: ar 0, (android.telephony.TelephonyManager@41aac3f8, java.lang.Object)
OP_MOV_RESULT - [BB]: Result data: android.telephony.TelephonyManager@41aac3f8
OP_MOV_RESULT - [DEBUG]: Result data: android.telephony.TelephonyManager@41aac3f8, type: java.lang.Object, to [reg 0@ConcreteClass/foo]
DalvikVM - [BB]: fu.hao.trust.dvm.Executor$OP_MOV_RESULT -> jump set pc to 4
PluginManager - [MSG]: TaintSumBranch Tainted Res: {}
Executor - [MSG]: 

Executor - [MSG]: <4 ARITHMETIC,CHECK-AND-CAST,dst=r0,type=android.telephony.TelephonyManager> at de.ecspride.ConcreteClass/foo[android.content.Context]
DalvikVM - [BB]: fu.hao.trust.dvm.Executor$OP_ARITHETIC -> jump set pc to 5
PluginManager - [MSG]: TaintSumBranch Tainted Res: {}
Executor - [MSG]: 

Executor - [MSG]: <5 INVOKE,VIRTUAL,extra=[android.telephony.TelephonyManager/getDeviceId[], [0]]> at de.ecspride.ConcreteClass/foo[android.content.Context]
Executor - [MSG]: arg0 obj: android.telephony.TelephonyManager@41aac3f8
Executor - [DEBUG]: Reflction class: class android.telephony.TelephonyManager
DalvikVM - [WARN]: ar -1, (359874043116909, java.lang.String)
Executor - [DEBUG]: Return data: 359874043116909 ,class java.lang.String
Executor - [MSG]: Reflction invocation public java.lang.String android.telephony.TelephonyManager.getDeviceId()
DalvikVM - [BB]: Set reflective call: public java.lang.String android.telephony.TelephonyManager.getDeviceId()
DalvikVM - [BB]: fu.hao.trust.dvm.Executor -> jump set pc to 6
TaintSumBranch - [BB]: <android.telephony.TelephonyManager: java.lang.String getDeviceId()>
TaintSumBranch - [WARN]: Found a tainted return value!
PluginManager - [MSG]: TaintSumBranch Tainted Res: {359874043116909=<5 INVOKE,VIRTUAL,extra=[android.telephony.TelephonyManager/getDeviceId[], [0]]>, [Global RetReg]=<5 INVOKE,VIRTUAL,extra=[android.telephony.TelephonyManager/getDeviceId[], [0]]>}
Executor - [MSG]: 

Executor - [MSG]: <6 MOV,RESULT,dst=r1,type=java.lang.Object> at de.ecspride.ConcreteClass/foo[android.content.Context]
DalvikVM - [WARN]: ar 1 (phone, java.lang.String), (359874043116909, java.lang.String)
OP_MOV_RESULT - [BB]: Result data: 359874043116909
OP_MOV_RESULT - [DEBUG]: Result data: 359874043116909, type: java.lang.String, to [reg 1@ConcreteClass/foo]
DalvikVM - [BB]: fu.hao.trust.dvm.Executor$OP_MOV_RESULT -> jump set pc to 7
TaintSumBranch - [BB]: <5 INVOKE,VIRTUAL,extra=[android.telephony.TelephonyManager/getDeviceId[], [0]]>
TaintSumBranch - [BB]: Add reg 1 due to ret reg.
PluginManager - [MSG]: TaintSumBranch Tainted Res: {[reg 1@ConcreteClass/foo]=<5 INVOKE,VIRTUAL,extra=[android.telephony.TelephonyManager/getDeviceId[], [0]]>, 359874043116909=<5 INVOKE,VIRTUAL,extra=[android.telephony.TelephonyManager/getDeviceId[], [0]]>}
Executor - [MSG]: 

Executor - [MSG]: <7 RETURN,VALUE,r0=r1,type=java.lang.Object> at de.ecspride.ConcreteClass/foo[android.content.Context]
DalvikVM - [WARN]: ar -1 (359874043116909, java.lang.String), (359874043116909, java.lang.String)
Executor - [BB]: Return data: 359874043116909
DalvikVM - [BB]: stack [StackFrame de.ecspride.MainActivity/onCreate[android.os.Bundle]]
DalvikVM - [BB]: Back to the last stack frame.StackFrame de.ecspride.MainActivity/onCreate[android.os.Bundle]
TaintSumBranch - [BB]: Add [Global RetReg] as tainted due to [reg 1@ConcreteClass/foo]
PluginManager - [MSG]: TaintSumBranch Tainted Res: {359874043116909=<5 INVOKE,VIRTUAL,extra=[android.telephony.TelephonyManager/getDeviceId[], [0]]>, [Global RetReg]=<5 INVOKE,VIRTUAL,extra=[android.telephony.TelephonyManager/getDeviceId[], [0]]>}
Executor - [MSG]: 

Executor - [MSG]: <11 MOV,RESULT,dst=r2,type=java.lang.Object> at de.ecspride.MainActivity/onCreate[android.os.Bundle]
DalvikVM - [WARN]: ar 2, (359874043116909, java.lang.String)
OP_MOV_RESULT - [BB]: Result data: 359874043116909
OP_MOV_RESULT - [DEBUG]: Result data: 359874043116909, type: java.lang.String, to [reg 2@MainActivity/onCreate]
DalvikVM - [BB]: fu.hao.trust.dvm.Executor$OP_MOV_RESULT -> jump set pc to 12
TaintSumBranch - [BB]: <5 INVOKE,VIRTUAL,extra=[android.telephony.TelephonyManager/getDeviceId[], [0]]>
TaintSumBranch - [BB]: Add reg 2 due to ret reg.
PluginManager - [MSG]: TaintSumBranch Tainted Res: {[reg 2@MainActivity/onCreate]=<5 INVOKE,VIRTUAL,extra=[android.telephony.TelephonyManager/getDeviceId[], [0]]>, 359874043116909=<5 INVOKE,VIRTUAL,extra=[android.telephony.TelephonyManager/getDeviceId[], [0]]>}
Executor - [MSG]: 

Executor - [MSG]: <12 INVOKE,VIRTUAL,extra=[de.ecspride.BaseClass/bar[java.lang.String], [0, 2]]> at de.ecspride.MainActivity/onCreate[android.os.Bundle]
Executor - [MSG]: arg0 obj: instance number 1@de.ecspride.ConcreteClass
Executor - [WARN]: Reflection error: de.ecspride.BaseClass
DalvikVM - [BB]: fu.hao.trust.dvm.Executor -> jump set pc to 13
DalvikVM - [BB]: New method call: de.ecspride.ConcreteClass/bar[java.lang.String]
DalvikVM - [BB]: [0]<0 SPECIAL,ARGUMENT_SET,extra=[6, 7]>
DalvikVM - [BB]: [1]<0 MOV,CONST,dst=r2,type=void,extra=class patdroid.core.PrimitiveInfo?0>
DalvikVM - [BB]: [2]<0 INVOKE,STATIC,extra=[android.telephony.SmsManager/getDefault[], []]>
DalvikVM - [BB]: [3]<0 MOV,RESULT,dst=r0,type=java.lang.Object>
DalvikVM - [BB]: [4]<3 MOV,CONST,dst=r1,type=java.lang.String,extra="+49 1234">
DalvikVM - [BB]: [5]<0 MOV,REG,dst=r3,r0=r7,type=java.lang.Object>
DalvikVM - [BB]: [6]<0 MOV,REG,dst=r4,r0=r2,type=java.lang.Object>
DalvikVM - [BB]: [7]<0 MOV,REG,dst=r5,r0=r2,type=java.lang.Object>
DalvikVM - [BB]: [8]<0 INVOKE,VIRTUAL,extra=[android.telephony.SmsManager/sendTextMessage[java.lang.String, java.lang.String, java.lang.String, android.app.PendingIntent, android.app.PendingIntent], [0, 1, 2, 3, 4, 5]]>
DalvikVM - [BB]: [9]<0 RETURN,VOID>
newStackFrame - [BB]: New Stack Frame: StackFrame de.ecspride.ConcreteClass/bar[java.lang.String], pc 13 stored. 
newStackFrame - [BB]: Add frame StackFrame de.ecspride.ConcreteClass/bar[java.lang.String]
newStackFrame - [BB]: Stack: [StackFrame de.ecspride.MainActivity/onCreate[android.os.Bundle], StackFrame de.ecspride.ConcreteClass/bar[java.lang.String]]
PluginManager - [MSG]: TaintSumBranch Tainted Res: {[reg 2@MainActivity/onCreate]=<5 INVOKE,VIRTUAL,extra=[android.telephony.TelephonyManager/getDeviceId[], [0]]>, 359874043116909=<5 INVOKE,VIRTUAL,extra=[android.telephony.TelephonyManager/getDeviceId[], [0]]>}
DalvikVM - [BB]: fu.hao.trust.dvm.DalvikVM -> runInstrumentedMethods set pc to 0
Executor - [MSG]: 

Executor - [MSG]: <0 SPECIAL,ARGUMENT_SET,extra=[6, 7]> at de.ecspride.ConcreteClass/bar[java.lang.String]
DalvikVM - [WARN]: ar 6, (instance number 1@de.ecspride.ConcreteClass, java.lang.Object)
Executor - [DEBUG]: params: instance number 1@de.ecspride.ConcreteClass
DalvikVM - [WARN]: ar 7, (359874043116909, java.lang.String)
Executor - [DEBUG]: params: 359874043116909
DalvikVM - [BB]: fu.hao.trust.dvm.Executor$OP_SP_ARGUMENTS -> jump set pc to 1
TaintSumBranch - [BB]: Copy 359874043116909 as tainted.
TaintSumBranch - [BB]: Add [reg 7@ConcreteClass/bar] as tainted due to [reg 2@MainActivity/onCreate]
PluginManager - [MSG]: TaintSumBranch Tainted Res: {[reg 7@ConcreteClass/bar]=<5 INVOKE,VIRTUAL,extra=[android.telephony.TelephonyManager/getDeviceId[], [0]]>, 359874043116909=<5 INVOKE,VIRTUAL,extra=[android.telephony.TelephonyManager/getDeviceId[], [0]]>}
Executor - [MSG]: 

Executor - [MSG]: <1 MOV,CONST,dst=r2,type=void,extra=class patdroid.core.PrimitiveInfo?0> at de.ecspride.ConcreteClass/bar[java.lang.String]
Executor - [DEBUG]: Mov const begin <1 MOV,CONST,dst=r2,type=void,extra=class patdroid.core.PrimitiveInfo?0>
DalvikVM - [WARN]: ar 2, (0, void)
Executor - [DEBUG]: data: 0 class patdroid.core.PrimitiveInfo
DalvikVM - [BB]: fu.hao.trust.dvm.Executor$OP_MOV_CONST -> jump set pc to 2
PluginManager - [MSG]: TaintSumBranch Tainted Res: {[reg 7@ConcreteClass/bar]=<5 INVOKE,VIRTUAL,extra=[android.telephony.TelephonyManager/getDeviceId[], [0]]>, 359874043116909=<5 INVOKE,VIRTUAL,extra=[android.telephony.TelephonyManager/getDeviceId[], [0]]>}
Executor - [MSG]: 

Executor - [MSG]: <2 INVOKE,STATIC,extra=[android.telephony.SmsManager/getDefault[], []]> at de.ecspride.ConcreteClass/bar[java.lang.String]
Executor - [DEBUG]: Reflction class android.telephony.SmsManager
DalvikVM - [WARN]: ar -1, (android.telephony.SmsManager@1d4b57f3, android.telephony.SmsManager)
Executor - [MSG]: reflction invocation public static android.telephony.SmsManager android.telephony.SmsManager.getDefault()
DalvikVM - [BB]: Set reflective call: public static android.telephony.SmsManager android.telephony.SmsManager.getDefault()
DalvikVM - [BB]: fu.hao.trust.dvm.Executor$OP_INVOKE_STATIC -> jump set pc to 3
TaintSumBranch - [BB]: <android.telephony.SmsManager: android.telephony.SmsManager getDefault()>
TaintSumBranch - [DEBUG]: Not a taint call: <android.telephony.SmsManager: android.telephony.SmsManager getDefault()>
PluginManager - [MSG]: TaintSumBranch Tainted Res: {[reg 7@ConcreteClass/bar]=<5 INVOKE,VIRTUAL,extra=[android.telephony.TelephonyManager/getDeviceId[], [0]]>, 359874043116909=<5 INVOKE,VIRTUAL,extra=[android.telephony.TelephonyManager/getDeviceId[], [0]]>}
Executor - [MSG]: 

Executor - [MSG]: <3 MOV,RESULT,dst=r0,type=java.lang.Object> at de.ecspride.ConcreteClass/bar[java.lang.String]
DalvikVM - [WARN]: ar 0, (android.telephony.SmsManager@1d4b57f3, android.telephony.SmsManager)
OP_MOV_RESULT - [BB]: Result data: android.telephony.SmsManager@1d4b57f3
OP_MOV_RESULT - [DEBUG]: Result data: android.telephony.SmsManager@1d4b57f3, type: android.telephony.SmsManager, to [reg 0@ConcreteClass/bar]
DalvikVM - [BB]: fu.hao.trust.dvm.Executor$OP_MOV_RESULT -> jump set pc to 4
PluginManager - [MSG]: TaintSumBranch Tainted Res: {[reg 7@ConcreteClass/bar]=<5 INVOKE,VIRTUAL,extra=[android.telephony.TelephonyManager/getDeviceId[], [0]]>, 359874043116909=<5 INVOKE,VIRTUAL,extra=[android.telephony.TelephonyManager/getDeviceId[], [0]]>}
Executor - [MSG]: 

Executor - [MSG]: <4 MOV,CONST,dst=r1,type=java.lang.String,extra="+49 1234"> at de.ecspride.ConcreteClass/bar[java.lang.String]
Executor - [DEBUG]: Mov const begin <4 MOV,CONST,dst=r1,type=java.lang.String,extra="+49 1234">
DalvikVM - [WARN]: ar 1, (+49 1234, java.lang.String)
Executor - [DEBUG]: data: +49 1234 class java.lang.String
DalvikVM - [BB]: fu.hao.trust.dvm.Executor$OP_MOV_CONST -> jump set pc to 5
PluginManager - [MSG]: TaintSumBranch Tainted Res: {[reg 7@ConcreteClass/bar]=<5 INVOKE,VIRTUAL,extra=[android.telephony.TelephonyManager/getDeviceId[], [0]]>, 359874043116909=<5 INVOKE,VIRTUAL,extra=[android.telephony.TelephonyManager/getDeviceId[], [0]]>}
Executor - [MSG]: 

Executor - [MSG]: <5 MOV,REG,dst=r3,r0=r7,type=java.lang.Object> at de.ecspride.ConcreteClass/bar[java.lang.String]
DalvikVM - [WARN]: ar 3, (359874043116909, java.lang.String)
class fu.hao.trust.dvm.Executor$OP_MOVE_REG - [DEBUG]: mov 359874043116909 to 359874043116909
DalvikVM - [BB]: fu.hao.trust.dvm.Executor$OP_MOVE_REG -> jump set pc to 6
PluginManager - [MSG]: TaintSumBranch Tainted Res: {[reg 7@ConcreteClass/bar]=<5 INVOKE,VIRTUAL,extra=[android.telephony.TelephonyManager/getDeviceId[], [0]]>, [reg 3@ConcreteClass/bar]=<5 INVOKE,VIRTUAL,extra=[android.telephony.TelephonyManager/getDeviceId[], [0]]>, 359874043116909=<5 INVOKE,VIRTUAL,extra=[android.telephony.TelephonyManager/getDeviceId[], [0]]>}
Executor - [MSG]: 

Executor - [MSG]: <6 MOV,REG,dst=r4,r0=r2,type=java.lang.Object> at de.ecspride.ConcreteClass/bar[java.lang.String]
DalvikVM - [WARN]: ar 4, (0, void)
class fu.hao.trust.dvm.Executor$OP_MOVE_REG - [DEBUG]: mov 0 to 0
DalvikVM - [BB]: fu.hao.trust.dvm.Executor$OP_MOVE_REG -> jump set pc to 7
PluginManager - [MSG]: TaintSumBranch Tainted Res: {[reg 7@ConcreteClass/bar]=<5 INVOKE,VIRTUAL,extra=[android.telephony.TelephonyManager/getDeviceId[], [0]]>, 359874043116909=<5 INVOKE,VIRTUAL,extra=[android.telephony.TelephonyManager/getDeviceId[], [0]]>, [reg 3@ConcreteClass/bar]=<5 INVOKE,VIRTUAL,extra=[android.telephony.TelephonyManager/getDeviceId[], [0]]>}
Executor - [MSG]: 

Executor - [MSG]: <7 MOV,REG,dst=r5,r0=r2,type=java.lang.Object> at de.ecspride.ConcreteClass/bar[java.lang.String]
DalvikVM - [WARN]: ar 5, (0, void)
class fu.hao.trust.dvm.Executor$OP_MOVE_REG - [DEBUG]: mov 0 to 0
DalvikVM - [BB]: fu.hao.trust.dvm.Executor$OP_MOVE_REG -> jump set pc to 8
PluginManager - [MSG]: TaintSumBranch Tainted Res: {[reg 7@ConcreteClass/bar]=<5 INVOKE,VIRTUAL,extra=[android.telephony.TelephonyManager/getDeviceId[], [0]]>, [reg 3@ConcreteClass/bar]=<5 INVOKE,VIRTUAL,extra=[android.telephony.TelephonyManager/getDeviceId[], [0]]>, 359874043116909=<5 INVOKE,VIRTUAL,extra=[android.telephony.TelephonyManager/getDeviceId[], [0]]>}
Executor - [MSG]: 

Executor - [MSG]: <8 INVOKE,VIRTUAL,extra=[android.telephony.SmsManager/sendTextMessage[java.lang.String, java.lang.String, java.lang.String, android.app.PendingIntent, android.app.PendingIntent], [0, 1, 2, 3, 4, 5]]> at de.ecspride.ConcreteClass/bar[java.lang.String]
Executor - [MSG]: arg0 obj: android.telephony.SmsManager@1d4b57f3
Executor - [DEBUG]: Reflction class: class android.telephony.SmsManager
Executor - [BB]: Normal args? true
Executor - [BB]: arg1@reg1: +49 1234
Executor - [BB]: arg2@reg2: 0
Executor - [WARN]: Mismatch type! arg 2, real para type: class patdroid.core.PrimitiveInfo, expected para type: class java.lang.String
Executor - [BB]: arg3@reg3: 359874043116909
Executor - [BB]: arg4@reg4: 0
Executor - [WARN]: Mismatch type! arg 4, real para type: class patdroid.core.PrimitiveInfo, expected para type: class android.app.PendingIntent
Executor - [BB]: arg5@reg5: 0
Executor - [WARN]: Mismatch type! arg 5, real para type: class patdroid.core.PrimitiveInfo, expected para type: class android.app.PendingIntent
Executor - [BB]: Nargs? true
Executor - [DEBUG]: Caller obj: android.telephony.SmsManager@1d4b57f3, from class: class android.telephony.SmsManager
DalvikVM - [WARN]: ar -1, (null, void)
Executor - [MSG]: Reflction invocation public void android.telephony.SmsManager.sendTextMessage(java.lang.String,java.lang.String,java.lang.String,android.app.PendingIntent,android.app.PendingIntent)
DalvikVM - [BB]: Set reflective call: public void android.telephony.SmsManager.sendTextMessage(java.lang.String,java.lang.String,java.lang.String,android.app.PendingIntent,android.app.PendingIntent)
DalvikVM - [BB]: fu.hao.trust.dvm.Executor -> jump set pc to 9
TaintSumBranch - [BB]: <android.telephony.SmsManager: void sendTextMessage(java.lang.String,java.lang.String,java.lang.String,android.app.PendingIntent,android.app.PendingIntent)>
TaintSumBranch - [WARN]: Found a tainted return val!
Results - [MSG]: New recorded tainted field: sendTextMessage
TaintSumBranch - [BB]: Found a sink invocation. <android.telephony.SmsManager: void sendTextMessage(java.lang.String,java.lang.String,java.lang.String,android.app.PendingIntent,android.app.PendingIntent)>
TaintSumBranch - [WARN]: Found a tainted sink <android.telephony.SmsManager: void sendTextMessage(java.lang.String,java.lang.String,java.lang.String,android.app.PendingIntent,android.app.PendingIntent)> leaking data [359874043116909] at reg 3!!!
PluginManager - [MSG]: TaintSumBranch Tainted Res: {[reg 7@ConcreteClass/bar]=<5 INVOKE,VIRTUAL,extra=[android.telephony.TelephonyManager/getDeviceId[], [0]]>, [reg 3@ConcreteClass/bar]=<5 INVOKE,VIRTUAL,extra=[android.telephony.TelephonyManager/getDeviceId[], [0]]>, 359874043116909=<5 INVOKE,VIRTUAL,extra=[android.telephony.TelephonyManager/getDeviceId[], [0]]>, [Global RetReg]=<5 INVOKE,VIRTUAL,extra=[android.telephony.TelephonyManager/getDeviceId[], [0]]>}
Executor - [MSG]: 

Executor - [MSG]: <9 RETURN,VOID> at de.ecspride.ConcreteClass/bar[java.lang.String]
class fu.hao.trust.dvm.Executor$OP_RETURN_VOID - [DEBUG]: Return void
DalvikVM - [BB]: stack [StackFrame de.ecspride.MainActivity/onCreate[android.os.Bundle]]
DalvikVM - [BB]: Back to the last stack frame.StackFrame de.ecspride.MainActivity/onCreate[android.os.Bundle]
PluginManager - [MSG]: TaintSumBranch Tainted Res: {[reg 2@MainActivity/onCreate]=<5 INVOKE,VIRTUAL,extra=[android.telephony.TelephonyManager/getDeviceId[], [0]]>, 359874043116909=<5 INVOKE,VIRTUAL,extra=[android.telephony.TelephonyManager/getDeviceId[], [0]]>, [Global RetReg]=<5 INVOKE,VIRTUAL,extra=[android.telephony.TelephonyManager/getDeviceId[], [0]]>}
Executor - [MSG]: 

Executor - [MSG]: <13 RETURN,VOID> at de.ecspride.MainActivity/onCreate[android.os.Bundle]
class fu.hao.trust.dvm.Executor$OP_RETURN_VOID - [DEBUG]: Return void
DalvikVM - [BB]: stack []
DalvikVM - [BB]: Back to the last stack frame.null
DalvikVM - [MSG]: Finish running instrumented methods! Back to null
Executor - [MSG]: RUN BEGIN de.ecspride.MainActivity/onCreate[android.os.Bundle]
Executor - [MSG]: RUN DONE! The last one is null
DalvikVM - [MSG]: FINISHED!

main - [MSG]: Analysis has run for 2.351972663 seconds

