main - [DEBUG]: Entry event: (edu.mit.event_ordering.MainActivity, onCreate)
DalvikVM - [MSG]: Begin run onCreate at C:\Users\hao\workspace\DroidBenchProj\EventOrdering1\app\EventOrdering1.apk
DalvikVM - [MSG]: RUN Method edu.mit.event_ordering.MainActivity/onCreate[android.os.Bundle]
Executor - [DEBUG]: Read manifest csv: output/EventOrdering1.apk\EventOrdering1.apk_manifest.csv
Executor - [WARN]: output\EventOrdering1.apk\EventOrdering1.apk_manifest.csv (The system cannot find the file specified)
DalvikVM - [BB]: New method call: edu.mit.event_ordering.MainActivity/onCreate[android.os.Bundle]
DalvikVM - [BB]: [0]<0 SPECIAL,ARGUMENT_SET,extra=[1, 2]>
DalvikVM - [BB]: [1]<0 HALT,SUPER,extra=[null, [1, 2]]>
DalvikVM - [BB]: [2]<1 MOV,CONST,dst=r0,type=void,extra=class patdroid.core.PrimitiveInfo?2130903040>
DalvikVM - [BB]: [3]<0 INVOKE,VIRTUAL,extra=[android.app.Activity/setContentView[int], [1, 0]]>
DalvikVM - [BB]: [4]<0 RETURN,VOID>
newStackFrame - [BB]: New Stack Frame: StackFrame edu.mit.event_ordering.MainActivity/onCreate[android.os.Bundle]
newStackFrame - [BB]: Add frame StackFrame edu.mit.event_ordering.MainActivity/onCreate[android.os.Bundle]
newStackFrame - [BB]: Stack: [StackFrame edu.mit.event_ordering.MainActivity/onCreate[android.os.Bundle]]
Executor - [MSG]: New chain obj with type edu.mit.event_ordering.MainActivity
DalvikVM - [BB]: Superclass: edu.mit.event_ordering.MainActivity
Activity - [BB]: New instance of edu.mit.event_ordering.MainActivity
Caller@4: <init>@fu.hao.trust.dvm.DVMObject - [BB]: getClass edu.mit.event_ordering.MainActivity at fu.hao.trust.dvm.VMHeap@5e0e98fa
Caller: getClass@fu.hao.trust.dvm.VMHeap - [BB]: new class representation for edu.mit.event_ordering.MainActivity at fu.hao.trust.dvm.VMHeap@5e0e98fa
Caller@4: <init>@fu.hao.trust.dvm.DVMClass - [BB]: getClass android.app.Activity at fu.hao.trust.dvm.VMHeap@5e0e98fa
Caller: getClass@fu.hao.trust.dvm.VMHeap - [BB]: new class representation for android.app.Activity at fu.hao.trust.dvm.VMHeap@5e0e98fa
Caller@4: <init>@fu.hao.trust.dvm.DVMClass - [BB]: getClass android.content.ContextWrapper at fu.hao.trust.dvm.VMHeap@5e0e98fa
Caller: getClass@fu.hao.trust.dvm.VMHeap - [BB]: new class representation for android.content.ContextWrapper at fu.hao.trust.dvm.VMHeap@5e0e98fa
Caller@4: <init>@fu.hao.trust.dvm.DVMClass - [BB]: getClass android.content.Context at fu.hao.trust.dvm.VMHeap@5e0e98fa
Caller: getClass@fu.hao.trust.dvm.VMHeap - [BB]: new class representation for android.content.Context at fu.hao.trust.dvm.VMHeap@5e0e98fa
Caller@4: <init>@fu.hao.trust.dvm.DVMClass - [BB]: getClass fu.hao.trust.dvm.DVMObject at fu.hao.trust.dvm.VMHeap@5e0e98fa
Caller: getClass@fu.hao.trust.dvm.VMHeap - [BB]: new class representation for fu.hao.trust.dvm.DVMObject at fu.hao.trust.dvm.VMHeap@5e0e98fa
Caller: <init>@fu.hao.trust.dvm.DVMClass - [BB]: Get DVMClass for type fu.hao.trust.dvm.DVMObject
Caller@4: <init>@fu.hao.trust.dvm.DVMClass - [BB]: getClass fu.hao.trust.dvm.DVMObject at fu.hao.trust.dvm.VMHeap@5e0e98fa
Caller: <init>@fu.hao.trust.dvm.DVMClass - [BB]: Get DVMClass for type android.content.Context
Caller@4: <init>@fu.hao.trust.dvm.DVMClass - [BB]: getClass android.content.Context at fu.hao.trust.dvm.VMHeap@5e0e98fa
Caller: <init>@fu.hao.trust.dvm.DVMClass - [BB]: Get DVMClass for type android.content.ContextWrapper
Caller@4: <init>@fu.hao.trust.dvm.DVMClass - [BB]: getClass android.content.ContextWrapper at fu.hao.trust.dvm.VMHeap@5e0e98fa
Caller: <init>@fu.hao.trust.dvm.DVMClass - [BB]: Get DVMClass for type android.app.Activity
Caller@4: <init>@fu.hao.trust.dvm.DVMClass - [BB]: getClass android.app.Activity at fu.hao.trust.dvm.VMHeap@5e0e98fa
Caller: <init>@fu.hao.trust.dvm.DVMObject - [BB]: Get DVMClass for type edu.mit.event_ordering.MainActivity
Caller@4: <init>@fu.hao.trust.dvm.DVMObject - [BB]: getClass edu.mit.event_ordering.MainActivity at fu.hao.trust.dvm.VMHeap@5e0e98fa
Activity - [BB]: Not empty constructor
DalvikVM - [BB]: New method call: edu.mit.event_ordering.MainActivity/<init>[]
DalvikVM - [BB]: [0]<0 SPECIAL,ARGUMENT_SET,extra=[1]>
DalvikVM - [BB]: [1]<0 INVOKE,DIRECT,extra=[java.lang.Object/<init>[], [1]]>
DalvikVM - [BB]: [2]<1 MOV,CONST,dst=r0,type=java.lang.String,extra="">
DalvikVM - [BB]: [3]<0 INSTANCE,IPUT,r0=r1,r1=r0,type=java.lang.Object,extra=edu.mit.event_ordering.MainActivity.imei>
DalvikVM - [BB]: [4]<0 RETURN,VOID>
newStackFrame - [BB]: New Stack Frame: StackFrame edu.mit.event_ordering.MainActivity/<init>[], pc -1 stored. 
newStackFrame - [BB]: Stack: [StackFrame edu.mit.event_ordering.MainActivity/onCreate[android.os.Bundle]]
DalvikVM - [MSG]: Begin run instrumented methods!
DalvikVM - [MSG]: <0 SPECIAL,ARGUMENT_SET,extra=[1, 2]>
DalvikVM - [BB]: Add frames [StackFrame edu.mit.event_ordering.MainActivity/<init>[]]
DalvikVM - [BB]: fu.hao.trust.dvm.DalvikVM -> runInstrumentedMethods set pc to 0
Executor - [MSG]: 

Executor - [MSG]: <0 SPECIAL,ARGUMENT_SET,extra=[1]> at edu.mit.event_ordering.MainActivity/<init>[]
Executor - [DEBUG]: params: Activity:instance number 1@edu.mit.event_ordering.MainActivity
DalvikVM - [BB]: fu.hao.trust.dvm.Executor$OP_SP_ARGUMENTS -> jump set pc to 1
PluginManager - [MSG]: TaintSumBranch Tainted Res: {}
Executor - [MSG]: 

Executor - [MSG]: <1 INVOKE,DIRECT,extra=[java.lang.Object/<init>[], [1]]> at edu.mit.event_ordering.MainActivity/<init>[]
Executor - [MSG]: arg0 obj: Activity:instance number 1@edu.mit.event_ordering.MainActivity
Executor - [BB]: java.lang.Object/<init>[] is a constructor!
Executor - [WARN]: Reflection error: edu.mit.event_ordering.MainActivity
DalvikVM - [BB]: fu.hao.trust.dvm.Executor -> jump set pc to 2
TaintSumBranch - [BB]: <java.lang.Object: void <init>()>
TaintSumBranch - [DEBUG]: Not a taint call: <java.lang.Object: void <init>()>
PluginManager - [MSG]: TaintSumBranch Tainted Res: {}
Executor - [MSG]: 

Executor - [MSG]: <2 MOV,CONST,dst=r0,type=java.lang.String,extra=""> at edu.mit.event_ordering.MainActivity/<init>[]
Executor - [DEBUG]: Mov const begin <2 MOV,CONST,dst=r0,type=java.lang.String,extra="">
Executor - [DEBUG]: data:  class java.lang.String
DalvikVM - [BB]: fu.hao.trust.dvm.Executor$OP_MOV_CONST -> jump set pc to 3
PluginManager - [MSG]: TaintSumBranch Tainted Res: {}
Executor - [MSG]: 

Executor - [MSG]: <3 INSTANCE,IPUT,r0=r1,r1=r0,type=java.lang.Object,extra=edu.mit.event_ordering.MainActivity.imei> at edu.mit.event_ordering.MainActivity/<init>[]
class fu.hao.trust.dvm.Executor$OP_INSTANCE_PUT_FIELD - [BB]: field edu.mit.event_ordering.MainActivity.imei
class fu.hao.trust.dvm.Executor$OP_INSTANCE_PUT_FIELD - [BB]: Target obj Activity:instance number 1@edu.mit.event_ordering.MainActivity
Activity - [DEBUG]: put field 
class fu.hao.trust.dvm.Executor$OP_INSTANCE_PUT_FIELD - [MSG]: Put data  to the field of Activity:instance number 1@edu.mit.event_ordering.MainActivity
DalvikVM - [BB]: fu.hao.trust.dvm.Executor$OP_INSTANCE_PUT_FIELD -> jump set pc to 4
PluginManager - [MSG]: TaintSumBranch Tainted Res: {}
Executor - [MSG]: 

Executor - [MSG]: <4 RETURN,VOID> at edu.mit.event_ordering.MainActivity/<init>[]
class fu.hao.trust.dvm.Executor$OP_RETURN_VOID - [DEBUG]: Return void
DalvikVM - [BB]: stack [StackFrame edu.mit.event_ordering.MainActivity/onCreate[android.os.Bundle]]
DalvikVM - [BB]: Back to the last stack frame.StackFrame edu.mit.event_ordering.MainActivity/onCreate[android.os.Bundle]
DalvikVM - [MSG]: Finish running instrumented methods! Back to StackFrame edu.mit.event_ordering.MainActivity/onCreate[android.os.Bundle]
Activity - [BB]: New Activity Created with type edu.mit.event_ordering.MainActivity
Executor - [MSG]: RUN BEGIN edu.mit.event_ordering.MainActivity/onCreate[android.os.Bundle]
DalvikVM - [BB]: fu.hao.trust.dvm.Executor -> execute set pc to 0
Executor - [MSG]: 

Executor - [MSG]: <0 SPECIAL,ARGUMENT_SET,extra=[1, 2]> at edu.mit.event_ordering.MainActivity/onCreate[android.os.Bundle]
Executor - [WARN]: NULL CallingCtx!
Executor - [DEBUG]: args: Activity:instance number 1@edu.mit.event_ordering.MainActivity
Executor - [BB]: Start param from 1
Executor - [DEBUG]: args: null
DalvikVM - [BB]: fu.hao.trust.dvm.Executor$OP_SP_ARGUMENTS -> jump set pc to 1
PluginManager - [MSG]: TaintSumBranch Tainted Res: {}
Executor - [MSG]: 

Executor - [MSG]: <1 HALT,SUPER,extra=[null, [1, 2]]> at edu.mit.event_ordering.MainActivity/onCreate[android.os.Bundle]
DalvikVM - [BB]: fu.hao.trust.dvm.Executor$OP_HALT -> jump set pc to 2
Executor - [MSG]: Cannot resolve the invocation
TaintSumBranch - [BB]: Not a taint op <1 HALT,SUPER,extra=[null, [1, 2]]>
PluginManager - [MSG]: TaintSumBranch Tainted Res: {}
Executor - [MSG]: 

Executor - [MSG]: <2 MOV,CONST,dst=r0,type=void,extra=class patdroid.core.PrimitiveInfo?2130903040> at edu.mit.event_ordering.MainActivity/onCreate[android.os.Bundle]
Executor - [DEBUG]: Mov const begin <2 MOV,CONST,dst=r0,type=void,extra=class patdroid.core.PrimitiveInfo?2130903040>
Executor - [DEBUG]: data: 2130903040 class patdroid.core.PrimitiveInfo
DalvikVM - [BB]: fu.hao.trust.dvm.Executor$OP_MOV_CONST -> jump set pc to 3
PluginManager - [MSG]: TaintSumBranch Tainted Res: {}
Executor - [MSG]: 

Executor - [MSG]: <3 INVOKE,VIRTUAL,extra=[android.app.Activity/setContentView[int], [1, 0]]> at edu.mit.event_ordering.MainActivity/onCreate[android.os.Bundle]
Executor - [MSG]: arg0 obj: Activity:instance number 1@edu.mit.event_ordering.MainActivity
Executor - [DEBUG]: Reflction class: class android.app.Activity
Executor - [BB]: Normal args? true
Executor - [BB]: arg1@reg0: 2130903040
Executor - [DEBUG]: Expected para type: int
Executor - [DEBUG]: Real para int, value: 2130903040
Executor - [BB]: Nargs? true
Executor - [DEBUG]: Caller obj: Activity:instance number 1@edu.mit.event_ordering.MainActivity, from class: class android.app.Activity
Executor - [MSG]: Reflction invocation public void android.app.Activity.setContentView(int)
DalvikVM - [BB]: Set reflective call: public void android.app.Activity.setContentView(int)
DalvikVM - [BB]: fu.hao.trust.dvm.Executor -> jump set pc to 4
TaintSumBranch - [BB]: <android.app.Activity: void setContentView(int)>
TaintSumBranch - [DEBUG]: Not a taint call: <android.app.Activity: void setContentView(int)>
PluginManager - [MSG]: TaintSumBranch Tainted Res: {}
Executor - [MSG]: 

Executor - [MSG]: <4 RETURN,VOID> at edu.mit.event_ordering.MainActivity/onCreate[android.os.Bundle]
class fu.hao.trust.dvm.Executor$OP_RETURN_VOID - [DEBUG]: Return void
DalvikVM - [BB]: stack []
DalvikVM - [BB]: Back to the last stack frame.null
DalvikVM - [BB]: New method call: edu.mit.event_ordering.MainActivity/onLowMemory[]
DalvikVM - [BB]: [0]<0 SPECIAL,ARGUMENT_SET,extra=[7]>
DalvikVM - [BB]: [1]<0 MOV,CONST,dst=r2,type=void,extra=class patdroid.core.PrimitiveInfo?0>
DalvikVM - [BB]: [2]<1 MOV,CONST,dst=r1,type=java.lang.String,extra="DroidBench">
DalvikVM - [BB]: [3]<0 INSTANCE,IGET,r0=r7,r1=r3,type=java.lang.Object,extra=edu.mit.event_ordering.MainActivity.imei>
DalvikVM - [BB]: [4]<0 INVOKE,STATIC,extra=[android.util.Log/i[java.lang.String, java.lang.String], [1, 3]]>
DalvikVM - [BB]: [5]<0 INVOKE,STATIC,extra=[android.telephony.SmsManager/getDefault[], []]>
DalvikVM - [BB]: [6]<0 MOV,RESULT,dst=r0,type=java.lang.Object>
DalvikVM - [BB]: [7]<6 MOV,CONST,dst=r1,type=java.lang.String,extra="+49">
DalvikVM - [BB]: [8]<0 INSTANCE,IGET,r0=r7,r1=r3,type=java.lang.Object,extra=edu.mit.event_ordering.MainActivity.imei>
DalvikVM - [BB]: [9]<0 MOV,REG,dst=r4,r0=r2,type=java.lang.Object>
DalvikVM - [BB]: [10]<0 MOV,REG,dst=r5,r0=r2,type=java.lang.Object>
DalvikVM - [BB]: [11]<0 INVOKE,VIRTUAL,extra=[android.telephony.SmsManager/sendTextMessage[java.lang.String, java.lang.String, java.lang.String, android.app.PendingIntent, android.app.PendingIntent], [0, 1, 2, 3, 4, 5]]>
DalvikVM - [BB]: [12]<11 MOV,CONST,dst=r1,type=java.lang.String,extra="phone">
DalvikVM - [BB]: [13]<0 INVOKE,VIRTUAL,extra=[android.content.Context/getSystemService[java.lang.String], [7, 1]]>
DalvikVM - [BB]: [14]<0 MOV,RESULT,dst=r6,type=java.lang.Object>
DalvikVM - [BB]: [15]<0 ARITHMETIC,CHECK-AND-CAST,dst=r6,type=android.telephony.TelephonyManager>
DalvikVM - [BB]: [16]<0 INVOKE,VIRTUAL,extra=[android.telephony.TelephonyManager/getDeviceId[], [6]]>
DalvikVM - [BB]: [17]<0 MOV,RESULT,dst=r1,type=java.lang.Object>
DalvikVM - [BB]: [18]<0 INSTANCE,IPUT,r0=r7,r1=r1,type=java.lang.Object,extra=edu.mit.event_ordering.MainActivity.imei>
DalvikVM - [BB]: [19]<0 RETURN,VOID>
newStackFrame - [BB]: New Stack Frame: StackFrame edu.mit.event_ordering.MainActivity/onLowMemory[]
newStackFrame - [BB]: Add frame StackFrame edu.mit.event_ordering.MainActivity/onLowMemory[]
newStackFrame - [BB]: Stack: [StackFrame edu.mit.event_ordering.MainActivity/onLowMemory[]]
DalvikVM - [BB]: fu.hao.trust.dvm.Executor -> execute set pc to 0
Executor - [MSG]: 

Executor - [MSG]: <0 SPECIAL,ARGUMENT_SET,extra=[7]> at edu.mit.event_ordering.MainActivity/onLowMemory[]
Executor - [DEBUG]: params: Activity:instance number 1@edu.mit.event_ordering.MainActivity
DalvikVM - [BB]: fu.hao.trust.dvm.Executor$OP_SP_ARGUMENTS -> jump set pc to 1
TaintSumBranch - [BB]: Copy 359874043116909 as tainted.
PluginManager - [MSG]: TaintSumBranch Tainted Res: {359874043116909=<0 INVOKE,VIRTUAL,extra="android.telephony.TelephonyManager/getDeviceId[], [6]">}
Executor - [MSG]: 

Executor - [MSG]: <1 MOV,CONST,dst=r2,type=void,extra=class patdroid.core.PrimitiveInfo?0> at edu.mit.event_ordering.MainActivity/onLowMemory[]
Executor - [DEBUG]: Mov const begin <1 MOV,CONST,dst=r2,type=void,extra=class patdroid.core.PrimitiveInfo?0>
Executor - [DEBUG]: data: 0 class patdroid.core.PrimitiveInfo
DalvikVM - [BB]: fu.hao.trust.dvm.Executor$OP_MOV_CONST -> jump set pc to 2
PluginManager - [MSG]: TaintSumBranch Tainted Res: {359874043116909=<0 INVOKE,VIRTUAL,extra="android.telephony.TelephonyManager/getDeviceId[], [6]">}
Executor - [MSG]: 

Executor - [MSG]: <2 MOV,CONST,dst=r1,type=java.lang.String,extra="DroidBench"> at edu.mit.event_ordering.MainActivity/onLowMemory[]
Executor - [DEBUG]: Mov const begin <2 MOV,CONST,dst=r1,type=java.lang.String,extra="DroidBench">
Executor - [DEBUG]: data: DroidBench class java.lang.String
DalvikVM - [BB]: fu.hao.trust.dvm.Executor$OP_MOV_CONST -> jump set pc to 3
PluginManager - [MSG]: TaintSumBranch Tainted Res: {359874043116909=<0 INVOKE,VIRTUAL,extra="android.telephony.TelephonyManager/getDeviceId[], [6]">}
Executor - [MSG]: 

Executor - [MSG]: <3 INSTANCE,IGET,r0=r7,r1=r3,type=java.lang.Object,extra=edu.mit.event_ordering.MainActivity.imei> at edu.mit.event_ordering.MainActivity/onLowMemory[]
class fu.hao.trust.dvm.Executor$OP_INSTANCE_GET_FIELD - [BB]: obj Activity:instance number 1@edu.mit.event_ordering.MainActivity
class fu.hao.trust.dvm.Executor$OP_INSTANCE_GET_FIELD - [BB]: fieldinfo edu.mit.event_ordering.MainActivity.imei
class fu.hao.trust.dvm.Executor$OP_INSTANCE_GET_FIELD - [DEBUG]: Get data: 359874043116909
DalvikVM - [BB]: fu.hao.trust.dvm.Executor$OP_INSTANCE_GET_FIELD -> jump set pc to 4
TaintSumBranch - [BB]: Add [reg 3@MainActivity/onLowMemory] as tainted due to field 359874043116909
PluginManager - [MSG]: TaintSumBranch Tainted Res: {[reg 3@MainActivity/onLowMemory]=<0 INVOKE,VIRTUAL,extra="android.telephony.TelephonyManager/getDeviceId[], [6]">, 359874043116909=<0 INVOKE,VIRTUAL,extra="android.telephony.TelephonyManager/getDeviceId[], [6]">}
Executor - [MSG]: 

Executor - [MSG]: <4 INVOKE,STATIC,extra=[android.util.Log/i[java.lang.String, java.lang.String], [1, 3]]> at edu.mit.event_ordering.MainActivity/onLowMemory[]
Executor - [DEBUG]: Reflction class android.util.Log
Executor - [BB]: arg0@reg1: DroidBench
Executor - [BB]: arg1@reg3: 359874043116909
Executor - [BB]: param: DroidBench
Executor - [BB]: param: 359874043116909
Executor - [MSG]: reflction invocation public static int android.util.Log.i(java.lang.String,java.lang.String)
DalvikVM - [BB]: Set reflective call: public static int android.util.Log.i(java.lang.String,java.lang.String)
DalvikVM - [BB]: fu.hao.trust.dvm.Executor$OP_INVOKE_STATIC -> jump set pc to 5
TaintSumBranch - [BB]: <android.util.Log: int i(java.lang.String,java.lang.String)>
TaintSumBranch - [DEBUG]: Not a taint call: <android.util.Log: int i(java.lang.String,java.lang.String)>
TaintSumBranch - [WARN]: Found a tainted return val!
PluginManager - [MSG]: TaintSumBranch Tainted Res: {[Global RetReg]=<0 INVOKE,VIRTUAL,extra="android.telephony.TelephonyManager/getDeviceId[], [6]">, [reg 3@MainActivity/onLowMemory]=<0 INVOKE,VIRTUAL,extra="android.telephony.TelephonyManager/getDeviceId[], [6]">, 359874043116909=<0 INVOKE,VIRTUAL,extra="android.telephony.TelephonyManager/getDeviceId[], [6]">}
Executor - [MSG]: 

Executor - [MSG]: <5 INVOKE,STATIC,extra=[android.telephony.SmsManager/getDefault[], []]> at edu.mit.event_ordering.MainActivity/onLowMemory[]
Executor - [DEBUG]: Reflction class android.telephony.SmsManager
Executor - [MSG]: reflction invocation public static android.telephony.SmsManager android.telephony.SmsManager.getDefault()
DalvikVM - [BB]: Set reflective call: public static android.telephony.SmsManager android.telephony.SmsManager.getDefault()
DalvikVM - [BB]: fu.hao.trust.dvm.Executor$OP_INVOKE_STATIC -> jump set pc to 6
TaintSumBranch - [BB]: <android.telephony.SmsManager: android.telephony.SmsManager getDefault()>
TaintSumBranch - [DEBUG]: Not a taint call: <android.telephony.SmsManager: android.telephony.SmsManager getDefault()>
PluginManager - [MSG]: TaintSumBranch Tainted Res: {[reg 3@MainActivity/onLowMemory]=<0 INVOKE,VIRTUAL,extra="android.telephony.TelephonyManager/getDeviceId[], [6]">, 359874043116909=<0 INVOKE,VIRTUAL,extra="android.telephony.TelephonyManager/getDeviceId[], [6]">}
Executor - [MSG]: 

Executor - [MSG]: <6 MOV,RESULT,dst=r0,type=java.lang.Object> at edu.mit.event_ordering.MainActivity/onLowMemory[]
OP_MOV_RESULT - [BB]: Result data: android.telephony.SmsManager@1cfb480a
OP_MOV_RESULT - [DEBUG]: Result data: android.telephony.SmsManager@1cfb480a, type: android.telephony.SmsManager, to [reg 0@MainActivity/onLowMemory]
DalvikVM - [BB]: fu.hao.trust.dvm.Executor$OP_MOV_RESULT -> jump set pc to 7
PluginManager - [MSG]: TaintSumBranch Tainted Res: {359874043116909=<0 INVOKE,VIRTUAL,extra="android.telephony.TelephonyManager/getDeviceId[], [6]">, [reg 3@MainActivity/onLowMemory]=<0 INVOKE,VIRTUAL,extra="android.telephony.TelephonyManager/getDeviceId[], [6]">}
Executor - [MSG]: 

Executor - [MSG]: <7 MOV,CONST,dst=r1,type=java.lang.String,extra="+49"> at edu.mit.event_ordering.MainActivity/onLowMemory[]
Executor - [DEBUG]: Mov const begin <7 MOV,CONST,dst=r1,type=java.lang.String,extra="+49">
DalvikVM - [BB]: ar1 (DroidBench, java.lang.String), (+49, java.lang.String)
Executor - [DEBUG]: data: +49 class java.lang.String
DalvikVM - [BB]: fu.hao.trust.dvm.Executor$OP_MOV_CONST -> jump set pc to 8
PluginManager - [MSG]: TaintSumBranch Tainted Res: {[reg 3@MainActivity/onLowMemory]=<0 INVOKE,VIRTUAL,extra="android.telephony.TelephonyManager/getDeviceId[], [6]">, 359874043116909=<0 INVOKE,VIRTUAL,extra="android.telephony.TelephonyManager/getDeviceId[], [6]">}
Executor - [MSG]: 

Executor - [MSG]: <8 INSTANCE,IGET,r0=r7,r1=r3,type=java.lang.Object,extra=edu.mit.event_ordering.MainActivity.imei> at edu.mit.event_ordering.MainActivity/onLowMemory[]
class fu.hao.trust.dvm.Executor$OP_INSTANCE_GET_FIELD - [BB]: obj Activity:instance number 1@edu.mit.event_ordering.MainActivity
class fu.hao.trust.dvm.Executor$OP_INSTANCE_GET_FIELD - [BB]: fieldinfo edu.mit.event_ordering.MainActivity.imei
DalvikVM - [BB]: ar3 (359874043116909, java.lang.String), (359874043116909, java.lang.String)
class fu.hao.trust.dvm.Executor$OP_INSTANCE_GET_FIELD - [DEBUG]: Get data: 359874043116909
DalvikVM - [BB]: fu.hao.trust.dvm.Executor$OP_INSTANCE_GET_FIELD -> jump set pc to 9
TaintSumBranch - [BB]: Add [reg 3@MainActivity/onLowMemory] as tainted due to field 359874043116909
PluginManager - [MSG]: TaintSumBranch Tainted Res: {359874043116909=<0 INVOKE,VIRTUAL,extra="android.telephony.TelephonyManager/getDeviceId[], [6]">, [reg 3@MainActivity/onLowMemory]=<0 INVOKE,VIRTUAL,extra="android.telephony.TelephonyManager/getDeviceId[], [6]">}
Executor - [MSG]: 

Executor - [MSG]: <9 MOV,REG,dst=r4,r0=r2,type=java.lang.Object> at edu.mit.event_ordering.MainActivity/onLowMemory[]
class fu.hao.trust.dvm.Executor$OP_MOVE_REG - [DEBUG]: mov 0 to 0
DalvikVM - [BB]: fu.hao.trust.dvm.Executor$OP_MOVE_REG -> jump set pc to 10
PluginManager - [MSG]: TaintSumBranch Tainted Res: {[reg 3@MainActivity/onLowMemory]=<0 INVOKE,VIRTUAL,extra="android.telephony.TelephonyManager/getDeviceId[], [6]">, 359874043116909=<0 INVOKE,VIRTUAL,extra="android.telephony.TelephonyManager/getDeviceId[], [6]">}
Executor - [MSG]: 

Executor - [MSG]: <10 MOV,REG,dst=r5,r0=r2,type=java.lang.Object> at edu.mit.event_ordering.MainActivity/onLowMemory[]
class fu.hao.trust.dvm.Executor$OP_MOVE_REG - [DEBUG]: mov 0 to 0
DalvikVM - [BB]: fu.hao.trust.dvm.Executor$OP_MOVE_REG -> jump set pc to 11
PluginManager - [MSG]: TaintSumBranch Tainted Res: {359874043116909=<0 INVOKE,VIRTUAL,extra="android.telephony.TelephonyManager/getDeviceId[], [6]">, [reg 3@MainActivity/onLowMemory]=<0 INVOKE,VIRTUAL,extra="android.telephony.TelephonyManager/getDeviceId[], [6]">}
Executor - [MSG]: 

Executor - [MSG]: <11 INVOKE,VIRTUAL,extra=[android.telephony.SmsManager/sendTextMessage[java.lang.String, java.lang.String, java.lang.String, android.app.PendingIntent, android.app.PendingIntent], [0, 1, 2, 3, 4, 5]]> at edu.mit.event_ordering.MainActivity/onLowMemory[]
Executor - [MSG]: arg0 obj: android.telephony.SmsManager@1cfb480a
Executor - [DEBUG]: Reflction class: class android.telephony.SmsManager
Executor - [BB]: Normal args? true
Executor - [BB]: arg1@reg1: +49
Executor - [BB]: arg2@reg2: 0
Executor - [WARN]: Mismatch type! arg 2, real para type: class patdroid.core.PrimitiveInfo, expected para type: class java.lang.String
Executor - [BB]: arg3@reg3: 359874043116909
Executor - [BB]: arg4@reg4: 0
Executor - [WARN]: Mismatch type! arg 4, real para type: class patdroid.core.PrimitiveInfo, expected para type: class android.app.PendingIntent
Executor - [BB]: arg5@reg5: 0
Executor - [WARN]: Mismatch type! arg 5, real para type: class patdroid.core.PrimitiveInfo, expected para type: class android.app.PendingIntent
Executor - [BB]: Nargs? true
Executor - [DEBUG]: Caller obj: android.telephony.SmsManager@1cfb480a, from class: class android.telephony.SmsManager
Executor - [MSG]: Reflction invocation public void android.telephony.SmsManager.sendTextMessage(java.lang.String,java.lang.String,java.lang.String,android.app.PendingIntent,android.app.PendingIntent)
DalvikVM - [BB]: Set reflective call: public void android.telephony.SmsManager.sendTextMessage(java.lang.String,java.lang.String,java.lang.String,android.app.PendingIntent,android.app.PendingIntent)
DalvikVM - [BB]: fu.hao.trust.dvm.Executor -> jump set pc to 12
TaintSumBranch - [BB]: <android.telephony.SmsManager: void sendTextMessage(java.lang.String,java.lang.String,java.lang.String,android.app.PendingIntent,android.app.PendingIntent)>
TaintSumBranch - [BB]: Found a sink invocation. <android.telephony.SmsManager: void sendTextMessage(java.lang.String,java.lang.String,java.lang.String,android.app.PendingIntent,android.app.PendingIntent)>
TaintSumBranch - [WARN]: Found a taint sink <android.telephony.SmsManager: void sendTextMessage(java.lang.String,java.lang.String,java.lang.String,android.app.PendingIntent,android.app.PendingIntent)> leaking data [359874043116909] at reg 3!!!
PluginManager - [MSG]: TaintSumBranch Tainted Res: {359874043116909=<0 INVOKE,VIRTUAL,extra="android.telephony.TelephonyManager/getDeviceId[], [6]">, [reg 3@MainActivity/onLowMemory]=<0 INVOKE,VIRTUAL,extra="android.telephony.TelephonyManager/getDeviceId[], [6]">}
Executor - [MSG]: 

Executor - [MSG]: <12 MOV,CONST,dst=r1,type=java.lang.String,extra="phone"> at edu.mit.event_ordering.MainActivity/onLowMemory[]
Executor - [DEBUG]: Mov const begin <12 MOV,CONST,dst=r1,type=java.lang.String,extra="phone">
DalvikVM - [BB]: ar1 (+49, java.lang.String), (phone, java.lang.String)
Executor - [DEBUG]: data: phone class java.lang.String
DalvikVM - [BB]: fu.hao.trust.dvm.Executor$OP_MOV_CONST -> jump set pc to 13
PluginManager - [MSG]: TaintSumBranch Tainted Res: {[reg 3@MainActivity/onLowMemory]=<0 INVOKE,VIRTUAL,extra="android.telephony.TelephonyManager/getDeviceId[], [6]">, 359874043116909=<0 INVOKE,VIRTUAL,extra="android.telephony.TelephonyManager/getDeviceId[], [6]">}
Executor - [MSG]: 

Executor - [MSG]: <13 INVOKE,VIRTUAL,extra=[android.content.Context/getSystemService[java.lang.String], [7, 1]]> at edu.mit.event_ordering.MainActivity/onLowMemory[]
Executor - [MSG]: arg0 obj: Activity:instance number 1@edu.mit.event_ordering.MainActivity
Executor - [DEBUG]: Reflction class: class android.content.Context
Executor - [BB]: Normal args? true
Executor - [BB]: arg1@reg1: phone
Executor - [BB]: Nargs? true
Executor - [DEBUG]: Caller obj: Activity:instance number 1@edu.mit.event_ordering.MainActivity, from class: class android.app.Activity
Executor - [DEBUG]: Return data: android.telephony.TelephonyManager@6aed0f19 ,class android.telephony.TelephonyManager
Executor - [MSG]: Reflction invocation public java.lang.Object android.content.Context.getSystemService(java.lang.String)
DalvikVM - [BB]: Set reflective call: public java.lang.Object android.content.Context.getSystemService(java.lang.String)
DalvikVM - [BB]: fu.hao.trust.dvm.Executor -> jump set pc to 14
TaintSumBranch - [BB]: <android.content.Context: java.lang.Object getSystemService(java.lang.String)>
TaintSumBranch - [DEBUG]: Not a taint call: <android.content.Context: java.lang.Object getSystemService(java.lang.String)>
PluginManager - [MSG]: TaintSumBranch Tainted Res: {[reg 3@MainActivity/onLowMemory]=<0 INVOKE,VIRTUAL,extra="android.telephony.TelephonyManager/getDeviceId[], [6]">, 359874043116909=<0 INVOKE,VIRTUAL,extra="android.telephony.TelephonyManager/getDeviceId[], [6]">}
Executor - [MSG]: 

Executor - [MSG]: <14 MOV,RESULT,dst=r6,type=java.lang.Object> at edu.mit.event_ordering.MainActivity/onLowMemory[]
OP_MOV_RESULT - [BB]: Result data: android.telephony.TelephonyManager@6aed0f19
OP_MOV_RESULT - [DEBUG]: Result data: android.telephony.TelephonyManager@6aed0f19, type: java.lang.Object, to [reg 6@MainActivity/onLowMemory]
DalvikVM - [BB]: fu.hao.trust.dvm.Executor$OP_MOV_RESULT -> jump set pc to 15
PluginManager - [MSG]: TaintSumBranch Tainted Res: {359874043116909=<0 INVOKE,VIRTUAL,extra="android.telephony.TelephonyManager/getDeviceId[], [6]">, [reg 3@MainActivity/onLowMemory]=<0 INVOKE,VIRTUAL,extra="android.telephony.TelephonyManager/getDeviceId[], [6]">}
Executor - [MSG]: 

Executor - [MSG]: <15 ARITHMETIC,CHECK-AND-CAST,dst=r6,type=android.telephony.TelephonyManager> at edu.mit.event_ordering.MainActivity/onLowMemory[]
DalvikVM - [BB]: fu.hao.trust.dvm.Executor$OP_ARITHETIC -> jump set pc to 16
TaintSumBranch - [BB]: Not a taint op <15 ARITHMETIC,CHECK-AND-CAST,dst=r6,type=android.telephony.TelephonyManager>
PluginManager - [MSG]: TaintSumBranch Tainted Res: {359874043116909=<0 INVOKE,VIRTUAL,extra="android.telephony.TelephonyManager/getDeviceId[], [6]">, [reg 3@MainActivity/onLowMemory]=<0 INVOKE,VIRTUAL,extra="android.telephony.TelephonyManager/getDeviceId[], [6]">}
Executor - [MSG]: 

Executor - [MSG]: <16 INVOKE,VIRTUAL,extra=[android.telephony.TelephonyManager/getDeviceId[], [6]]> at edu.mit.event_ordering.MainActivity/onLowMemory[]
Executor - [MSG]: arg0 obj: android.telephony.TelephonyManager@6aed0f19
Executor - [DEBUG]: Reflction class: class android.telephony.TelephonyManager
Executor - [DEBUG]: Return data: 359874043116909 ,class java.lang.String
Executor - [MSG]: Reflction invocation public java.lang.String android.telephony.TelephonyManager.getDeviceId()
DalvikVM - [BB]: Set reflective call: public java.lang.String android.telephony.TelephonyManager.getDeviceId()
DalvikVM - [BB]: fu.hao.trust.dvm.Executor -> jump set pc to 17
TaintSumBranch - [BB]: <android.telephony.TelephonyManager: java.lang.String getDeviceId()>
TaintSumBranch - [WARN]: Found a tainted return value!
PluginManager - [MSG]: TaintSumBranch Tainted Res: {[Global RetReg]=<16 INVOKE,VIRTUAL,extra=[android.telephony.TelephonyManager/getDeviceId[], [6]]>, 359874043116909=<16 INVOKE,VIRTUAL,extra=[android.telephony.TelephonyManager/getDeviceId[], [6]]>, [reg 3@MainActivity/onLowMemory]=<0 INVOKE,VIRTUAL,extra="android.telephony.TelephonyManager/getDeviceId[], [6]">}
Executor - [MSG]: 

Executor - [MSG]: <17 MOV,RESULT,dst=r1,type=java.lang.Object> at edu.mit.event_ordering.MainActivity/onLowMemory[]
DalvikVM - [BB]: ar1 (phone, java.lang.String), (359874043116909, java.lang.String)
OP_MOV_RESULT - [BB]: Result data: 359874043116909
OP_MOV_RESULT - [DEBUG]: Result data: 359874043116909, type: java.lang.String, to [reg 1@MainActivity/onLowMemory]
DalvikVM - [BB]: fu.hao.trust.dvm.Executor$OP_MOV_RESULT -> jump set pc to 18
TaintSumBranch - [BB]: <16 INVOKE,VIRTUAL,extra=[android.telephony.TelephonyManager/getDeviceId[], [6]]>
TaintSumBranch - [BB]: Add reg 1 due to ret reg.
PluginManager - [MSG]: TaintSumBranch Tainted Res: {[reg 3@MainActivity/onLowMemory]=<0 INVOKE,VIRTUAL,extra="android.telephony.TelephonyManager/getDeviceId[], [6]">, 359874043116909=<16 INVOKE,VIRTUAL,extra=[android.telephony.TelephonyManager/getDeviceId[], [6]]>, [reg 1@MainActivity/onLowMemory]=<16 INVOKE,VIRTUAL,extra=[android.telephony.TelephonyManager/getDeviceId[], [6]]>}
Executor - [MSG]: 

Executor - [MSG]: <18 INSTANCE,IPUT,r0=r7,r1=r1,type=java.lang.Object,extra=edu.mit.event_ordering.MainActivity.imei> at edu.mit.event_ordering.MainActivity/onLowMemory[]
class fu.hao.trust.dvm.Executor$OP_INSTANCE_PUT_FIELD - [BB]: field edu.mit.event_ordering.MainActivity.imei
class fu.hao.trust.dvm.Executor$OP_INSTANCE_PUT_FIELD - [BB]: Target obj Activity:instance number 1@edu.mit.event_ordering.MainActivity
Activity - [DEBUG]: put field 359874043116909
class fu.hao.trust.dvm.Executor$OP_INSTANCE_PUT_FIELD - [MSG]: Put data 359874043116909 to the field of Activity:instance number 1@edu.mit.event_ordering.MainActivity
DalvikVM - [BB]: fu.hao.trust.dvm.Executor$OP_INSTANCE_PUT_FIELD -> jump set pc to 19
TaintSumBranch - [BB]: Add 359874043116909as tainted due to [reg 1@MainActivity/onLowMemory]
PluginManager - [MSG]: TaintSumBranch Tainted Res: {359874043116909=<16 INVOKE,VIRTUAL,extra=[android.telephony.TelephonyManager/getDeviceId[], [6]]>, [reg 3@MainActivity/onLowMemory]=<0 INVOKE,VIRTUAL,extra="android.telephony.TelephonyManager/getDeviceId[], [6]">, [reg 1@MainActivity/onLowMemory]=<16 INVOKE,VIRTUAL,extra=[android.telephony.TelephonyManager/getDeviceId[], [6]]>}
Executor - [MSG]: 

Executor - [MSG]: <19 RETURN,VOID> at edu.mit.event_ordering.MainActivity/onLowMemory[]
class fu.hao.trust.dvm.Executor$OP_RETURN_VOID - [DEBUG]: Return void
DalvikVM - [BB]: stack []
DalvikVM - [BB]: Back to the last stack frame.null
Executor - [MSG]: RUN DONE! The last one is onLowMemory
DalvikVM - [MSG]: FINISHED!

main - [MSG]: Analysis has run for 1.241109896 seconds

