main - [MSG]: Src Chain: []
main - [DEBUG]: Src Entry event: (edu.mit.to_string.MainActivity, onCreate)
DalvikVM - [MSG]: Begin run onCreate at C:\Users\hao\workspace\DroidBenchProj\ArrayToString1\app\ArrayToString1.apk
DalvikVM - [MSG]: RUN Method edu.mit.to_string.MainActivity/onCreate[android.os.Bundle]
Executor - [DEBUG]: Read manifest csv: output/ArrayToString1.apk\ArrayToString1.apk_manifest.csv
Executor - [WARN]: output\ArrayToString1.apk\ArrayToString1.apk_manifest.csv (The system cannot find the file specified)
DalvikVM - [BB]: New method call: edu.mit.to_string.MainActivity/onCreate[android.os.Bundle]
DalvikVM - [BB]: [0]<0 SPECIAL,ARGUMENT_SET,extra=[9, 10]>
DalvikVM - [BB]: [1]<0 MOV,CONST,dst=r2,type=void,extra=class patdroid.core.PrimitiveInfo?0>
DalvikVM - [BB]: [2]<0 HALT,SUPER,extra=[null, [9, 10]]>
DalvikVM - [BB]: [3]<2 MOV,CONST,dst=r1,type=void,extra=class patdroid.core.PrimitiveInfo?2130903040>
DalvikVM - [BB]: [4]<0 INVOKE,VIRTUAL,extra=[android.app.Activity/setContentView[int], [9, 1]]>
DalvikVM - [BB]: [5]<4 MOV,CONST,dst=r1,type=java.lang.String,extra="phone">
DalvikVM - [BB]: [6]<0 INVOKE,VIRTUAL,extra=[android.content.Context/getSystemService[java.lang.String], [9, 1]]>
DalvikVM - [BB]: [7]<0 MOV,RESULT,dst=r8,type=java.lang.Object>
DalvikVM - [BB]: [8]<0 ARITHMETIC,CHECK-AND-CAST,dst=r8,type=android.telephony.TelephonyManager>
DalvikVM - [BB]: [9]<0 INVOKE,VIRTUAL,extra=[android.telephony.TelephonyManager/getDeviceId[], [8]]>
DalvikVM - [BB]: [10]<0 MOV,RESULT,dst=r7,type=java.lang.Object>
DalvikVM - [BB]: [11]<10 MOV,CONST,dst=r1,type=void,extra=class patdroid.core.PrimitiveInfo?1>
DalvikVM - [BB]: [12]<0 NEW,ARRAY,dst=r6,r0=r1,type=[Ljava.lang.String;>
DalvikVM - [BB]: [13]<12 MOV,CONST,dst=r1,type=void,extra=class patdroid.core.PrimitiveInfo?0>
DalvikVM - [BB]: [14]<0 ARRAY,APUT,dst=r7,r0=r6,r1=r1,type=java.lang.Object>
DalvikVM - [BB]: [15]<0 INVOKE,STATIC,extra=[java.util.Arrays/toString[[Ljava.lang.Object;], [6]]>
DalvikVM - [BB]: [16]<0 MOV,RESULT,dst=r3,type=java.lang.Object>
DalvikVM - [BB]: [17]<16 MOV,CONST,dst=r1,type=java.lang.String,extra="DroidBench">
DalvikVM - [BB]: [18]<0 INVOKE,STATIC,extra=[android.util.Log/i[java.lang.String, java.lang.String], [1, 3]]>
DalvikVM - [BB]: [19]<0 INVOKE,STATIC,extra=[android.telephony.SmsManager/getDefault[], []]>
DalvikVM - [BB]: [20]<0 MOV,RESULT,dst=r0,type=java.lang.Object>
DalvikVM - [BB]: [21]<20 MOV,CONST,dst=r1,type=java.lang.String,extra="+49">
DalvikVM - [BB]: [22]<0 MOV,REG,dst=r4,r0=r2,type=java.lang.Object>
DalvikVM - [BB]: [23]<0 MOV,REG,dst=r5,r0=r2,type=java.lang.Object>
DalvikVM - [BB]: [24]<0 INVOKE,VIRTUAL,extra=[android.telephony.SmsManager/sendTextMessage[java.lang.String, java.lang.String, java.lang.String, android.app.PendingIntent, android.app.PendingIntent], [0, 1, 2, 3, 4, 5]]>
DalvikVM - [BB]: [25]<0 RETURN,VOID>
newStackFrame - [BB]: New Stack Frame: StackFrame edu.mit.to_string.MainActivity/onCreate[android.os.Bundle]
newStackFrame - [BB]: Add frame StackFrame edu.mit.to_string.MainActivity/onCreate[android.os.Bundle]
newStackFrame - [BB]: Stack: [StackFrame edu.mit.to_string.MainActivity/onCreate[android.os.Bundle]]
Executor - [MSG]: New chain obj with type edu.mit.to_string.MainActivity
Activity - [BB]: New instance of edu.mit.to_string.MainActivity
Caller@4: <init>@fu.hao.trust.dvm.DVMObject - [BB]: getClass edu.mit.to_string.MainActivity at fu.hao.trust.dvm.VMHeap@5540b23b
Caller: getClass@fu.hao.trust.dvm.VMHeap - [BB]: new class representation for edu.mit.to_string.MainActivity at fu.hao.trust.dvm.VMHeap@5540b23b
Caller@4: <init>@fu.hao.trust.dvm.DVMClass - [BB]: getClass android.app.Activity at fu.hao.trust.dvm.VMHeap@5540b23b
Caller: getClass@fu.hao.trust.dvm.VMHeap - [BB]: new class representation for android.app.Activity at fu.hao.trust.dvm.VMHeap@5540b23b
Caller@4: <init>@fu.hao.trust.dvm.DVMClass - [BB]: getClass android.content.ContextWrapper at fu.hao.trust.dvm.VMHeap@5540b23b
Caller: getClass@fu.hao.trust.dvm.VMHeap - [BB]: new class representation for android.content.ContextWrapper at fu.hao.trust.dvm.VMHeap@5540b23b
Caller@4: <init>@fu.hao.trust.dvm.DVMClass - [BB]: getClass android.content.Context at fu.hao.trust.dvm.VMHeap@5540b23b
Caller: getClass@fu.hao.trust.dvm.VMHeap - [BB]: new class representation for android.content.Context at fu.hao.trust.dvm.VMHeap@5540b23b
Caller@4: <init>@fu.hao.trust.dvm.DVMClass - [BB]: getClass fu.hao.trust.dvm.DVMObject at fu.hao.trust.dvm.VMHeap@5540b23b
Caller: getClass@fu.hao.trust.dvm.VMHeap - [BB]: new class representation for fu.hao.trust.dvm.DVMObject at fu.hao.trust.dvm.VMHeap@5540b23b
Caller: <init>@fu.hao.trust.dvm.DVMClass - [BB]: Get DVMClass for type fu.hao.trust.dvm.DVMObject
Caller@4: <init>@fu.hao.trust.dvm.DVMClass - [BB]: getClass fu.hao.trust.dvm.DVMObject at fu.hao.trust.dvm.VMHeap@5540b23b
Caller: <init>@fu.hao.trust.dvm.DVMClass - [BB]: Get DVMClass for type android.content.Context
Caller@4: <init>@fu.hao.trust.dvm.DVMClass - [BB]: getClass android.content.Context at fu.hao.trust.dvm.VMHeap@5540b23b
Caller: <init>@fu.hao.trust.dvm.DVMClass - [BB]: Get DVMClass for type android.content.ContextWrapper
Caller@4: <init>@fu.hao.trust.dvm.DVMClass - [BB]: getClass android.content.ContextWrapper at fu.hao.trust.dvm.VMHeap@5540b23b
Caller: <init>@fu.hao.trust.dvm.DVMClass - [BB]: Get DVMClass for type android.app.Activity
Caller@4: <init>@fu.hao.trust.dvm.DVMClass - [BB]: getClass android.app.Activity at fu.hao.trust.dvm.VMHeap@5540b23b
Caller: <init>@fu.hao.trust.dvm.DVMObject - [BB]: Get DVMClass for type edu.mit.to_string.MainActivity
Caller@4: <init>@fu.hao.trust.dvm.DVMObject - [BB]: getClass edu.mit.to_string.MainActivity at fu.hao.trust.dvm.VMHeap@5540b23b
Activity - [MSG]: Not empty constructor
DalvikVM - [BB]: New method call: edu.mit.to_string.MainActivity/<init>[]
DalvikVM - [BB]: [0]<0 SPECIAL,ARGUMENT_SET,extra=[0]>
DalvikVM - [BB]: [1]<0 INVOKE,DIRECT,extra=[java.lang.Object/<init>[], [0]]>
DalvikVM - [BB]: [2]<0 RETURN,VOID>
DalvikVM - [WARN]: ar -2, (Activity:instance number 1@edu.mit.to_string.MainActivity, edu.mit.to_string.MainActivity)
newStackFrame - [BB]: New Stack Frame: StackFrame edu.mit.to_string.MainActivity/<init>[], pc -1 stored. 
newStackFrame - [BB]: Stack: [StackFrame edu.mit.to_string.MainActivity/onCreate[android.os.Bundle]]
DalvikVM - [MSG]: Begin run instrumented methods!
DalvikVM - [BB]: Add frames [StackFrame edu.mit.to_string.MainActivity/<init>[]]
DalvikVM - [BB]: fu.hao.trust.dvm.DalvikVM -> runInstrumentedMethods set pc to 0
Executor - [MSG]: 

Executor - [MSG]: <0 SPECIAL,ARGUMENT_SET,extra=[0]> at edu.mit.to_string.MainActivity/<init>[]
DalvikVM - [WARN]: ar 0, (Activity:instance number 1@edu.mit.to_string.MainActivity, edu.mit.to_string.MainActivity)
Executor - [DEBUG]: params: Activity:instance number 1@edu.mit.to_string.MainActivity
DalvikVM - [BB]: fu.hao.trust.dvm.Executor$OP_SP_ARGUMENTS -> jump set pc to 1
PluginManager - [MSG]: TaintSumBranch Tainted Res: {}
Executor - [MSG]: 

Executor - [MSG]: <1 INVOKE,DIRECT,extra=[java.lang.Object/<init>[], [0]]> at edu.mit.to_string.MainActivity/<init>[]
Executor - [MSG]: arg0 obj: Activity:instance number 1@edu.mit.to_string.MainActivity
Executor - [MSG]: Replace the clazz.
Executor - [BB]: java.lang.Object/<init>[] is a constructor!
Executor - [WARN]: Reflection error: edu.mit.to_string.MainActivity
DalvikVM - [BB]: fu.hao.trust.dvm.Executor -> jump set pc to 2
TaintSumBranch - [BB]: <java.lang.Object: void <init>()>
TaintSumBranch - [DEBUG]: Not a taint call: <java.lang.Object: void <init>()>
PluginManager - [MSG]: TaintSumBranch Tainted Res: {}
Executor - [MSG]: 

Executor - [MSG]: <2 RETURN,VOID> at edu.mit.to_string.MainActivity/<init>[]
class fu.hao.trust.dvm.Executor$OP_RETURN_VOID - [DEBUG]: Return void
DalvikVM - [BB]: stack [StackFrame edu.mit.to_string.MainActivity/onCreate[android.os.Bundle]]
DalvikVM - [BB]: Back to the last stack frame.StackFrame edu.mit.to_string.MainActivity/onCreate[android.os.Bundle]
DalvikVM - [MSG]: Finish running instrumented methods! Back to StackFrame edu.mit.to_string.MainActivity/onCreate[android.os.Bundle]
Activity - [MSG]: New Activity Created with type edu.mit.to_string.MainActivity
DalvikVM - [BB]: New method call: edu.mit.to_string.MainActivity/onCreate[android.os.Bundle]
DalvikVM - [BB]: [0]<0 SPECIAL,ARGUMENT_SET,extra=[9, 10]>
DalvikVM - [BB]: [1]<0 MOV,CONST,dst=r2,type=void,extra=class patdroid.core.PrimitiveInfo?0>
DalvikVM - [BB]: [2]<0 HALT,SUPER,extra=[null, [9, 10]]>
DalvikVM - [BB]: [3]<2 MOV,CONST,dst=r1,type=void,extra=class patdroid.core.PrimitiveInfo?2130903040>
DalvikVM - [BB]: [4]<0 INVOKE,VIRTUAL,extra=[android.app.Activity/setContentView[int], [9, 1]]>
DalvikVM - [BB]: [5]<4 MOV,CONST,dst=r1,type=java.lang.String,extra="phone">
DalvikVM - [BB]: [6]<0 INVOKE,VIRTUAL,extra=[android.content.Context/getSystemService[java.lang.String], [9, 1]]>
DalvikVM - [BB]: [7]<0 MOV,RESULT,dst=r8,type=java.lang.Object>
DalvikVM - [BB]: [8]<0 ARITHMETIC,CHECK-AND-CAST,dst=r8,type=android.telephony.TelephonyManager>
DalvikVM - [BB]: [9]<0 INVOKE,VIRTUAL,extra=[android.telephony.TelephonyManager/getDeviceId[], [8]]>
DalvikVM - [BB]: [10]<0 MOV,RESULT,dst=r7,type=java.lang.Object>
DalvikVM - [BB]: [11]<10 MOV,CONST,dst=r1,type=void,extra=class patdroid.core.PrimitiveInfo?1>
DalvikVM - [BB]: [12]<0 NEW,ARRAY,dst=r6,r0=r1,type=[Ljava.lang.String;>
DalvikVM - [BB]: [13]<12 MOV,CONST,dst=r1,type=void,extra=class patdroid.core.PrimitiveInfo?0>
DalvikVM - [BB]: [14]<0 ARRAY,APUT,dst=r7,r0=r6,r1=r1,type=java.lang.Object>
DalvikVM - [BB]: [15]<0 INVOKE,STATIC,extra=[java.util.Arrays/toString[[Ljava.lang.Object;], [6]]>
DalvikVM - [BB]: [16]<0 MOV,RESULT,dst=r3,type=java.lang.Object>
DalvikVM - [BB]: [17]<16 MOV,CONST,dst=r1,type=java.lang.String,extra="DroidBench">
DalvikVM - [BB]: [18]<0 INVOKE,STATIC,extra=[android.util.Log/i[java.lang.String, java.lang.String], [1, 3]]>
DalvikVM - [BB]: [19]<0 INVOKE,STATIC,extra=[android.telephony.SmsManager/getDefault[], []]>
DalvikVM - [BB]: [20]<0 MOV,RESULT,dst=r0,type=java.lang.Object>
DalvikVM - [BB]: [21]<20 MOV,CONST,dst=r1,type=java.lang.String,extra="+49">
DalvikVM - [BB]: [22]<0 MOV,REG,dst=r4,r0=r2,type=java.lang.Object>
DalvikVM - [BB]: [23]<0 MOV,REG,dst=r5,r0=r2,type=java.lang.Object>
DalvikVM - [BB]: [24]<0 INVOKE,VIRTUAL,extra=[android.telephony.SmsManager/sendTextMessage[java.lang.String, java.lang.String, java.lang.String, android.app.PendingIntent, android.app.PendingIntent], [0, 1, 2, 3, 4, 5]]>
DalvikVM - [BB]: [25]<0 RETURN,VOID>
DalvikVM - [WARN]: ar -2, (Activity:instance number 1@edu.mit.to_string.MainActivity, edu.mit.to_string.MainActivity)
DalvikVM - [WARN]: ar -2, (null, android.os.Bundle)
newStackFrame - [BB]: New Stack Frame: StackFrame edu.mit.to_string.MainActivity/onCreate[android.os.Bundle]
newStackFrame - [BB]: Stack: []
Activity - [BB]: Intent null
DalvikVM - [MSG]: Begin run instrumented methods!
DalvikVM - [BB]: Add frames [StackFrame edu.mit.to_string.MainActivity/onCreate[android.os.Bundle]]
DalvikVM - [BB]: fu.hao.trust.dvm.DalvikVM -> runInstrumentedMethods set pc to 0
Executor - [MSG]: 

Executor - [MSG]: <0 SPECIAL,ARGUMENT_SET,extra=[9, 10]> at edu.mit.to_string.MainActivity/onCreate[android.os.Bundle]
DalvikVM - [WARN]: ar 9, (Activity:instance number 1@edu.mit.to_string.MainActivity, edu.mit.to_string.MainActivity)
Executor - [DEBUG]: params: Activity:instance number 1@edu.mit.to_string.MainActivity
DalvikVM - [WARN]: ar 10, (null, android.os.Bundle)
Executor - [DEBUG]: params: null
DalvikVM - [BB]: fu.hao.trust.dvm.Executor$OP_SP_ARGUMENTS -> jump set pc to 1
PluginManager - [MSG]: TaintSumBranch Tainted Res: {}
Executor - [MSG]: 

Executor - [MSG]: <1 MOV,CONST,dst=r2,type=void,extra=class patdroid.core.PrimitiveInfo?0> at edu.mit.to_string.MainActivity/onCreate[android.os.Bundle]
Executor - [DEBUG]: Mov const begin <1 MOV,CONST,dst=r2,type=void,extra=class patdroid.core.PrimitiveInfo?0>
DalvikVM - [WARN]: ar 2, (0, void)
Executor - [DEBUG]: data: 0 class patdroid.core.PrimitiveInfo
DalvikVM - [BB]: fu.hao.trust.dvm.Executor$OP_MOV_CONST -> jump set pc to 2
PluginManager - [MSG]: TaintSumBranch Tainted Res: {}
Executor - [MSG]: 

Executor - [MSG]: <2 HALT,SUPER,extra=[null, [9, 10]]> at edu.mit.to_string.MainActivity/onCreate[android.os.Bundle]
DalvikVM - [BB]: fu.hao.trust.dvm.Executor$OP_HALT -> jump set pc to 3
Executor - [MSG]: Cannot resolve the invocation
TaintSumBranch - [BB]: Not a taint op <2 HALT,SUPER,extra=[null, [9, 10]]>
PluginManager - [MSG]: TaintSumBranch Tainted Res: {}
Executor - [MSG]: 

Executor - [MSG]: <3 MOV,CONST,dst=r1,type=void,extra=class patdroid.core.PrimitiveInfo?2130903040> at edu.mit.to_string.MainActivity/onCreate[android.os.Bundle]
Executor - [DEBUG]: Mov const begin <3 MOV,CONST,dst=r1,type=void,extra=class patdroid.core.PrimitiveInfo?2130903040>
DalvikVM - [WARN]: ar 1, (2130903040, void)
Executor - [DEBUG]: data: 2130903040 class patdroid.core.PrimitiveInfo
DalvikVM - [BB]: fu.hao.trust.dvm.Executor$OP_MOV_CONST -> jump set pc to 4
PluginManager - [MSG]: TaintSumBranch Tainted Res: {}
Executor - [MSG]: 

Executor - [MSG]: <4 INVOKE,VIRTUAL,extra=[android.app.Activity/setContentView[int], [9, 1]]> at edu.mit.to_string.MainActivity/onCreate[android.os.Bundle]
Executor - [MSG]: arg0 obj: Activity:instance number 1@edu.mit.to_string.MainActivity
Executor - [DEBUG]: Reflction class: class android.app.Activity
Executor - [BB]: Normal args? true
Executor - [BB]: arg1@reg1: 2130903040
Executor - [DEBUG]: Expected para type: int
Executor - [DEBUG]: Real para int, value: 2130903040
Executor - [BB]: Nargs? true
Executor - [DEBUG]: Caller obj: Activity:instance number 1@edu.mit.to_string.MainActivity, from class: class android.app.Activity
DalvikVM - [WARN]: ar -1, (null, void)
Executor - [MSG]: Reflction invocation public void android.app.Activity.setContentView(int)
DalvikVM - [BB]: Set reflective call: public void android.app.Activity.setContentView(int)
DalvikVM - [BB]: fu.hao.trust.dvm.Executor -> jump set pc to 5
TaintSumBranch - [BB]: <android.app.Activity: void setContentView(int)>
TaintSumBranch - [DEBUG]: Not a taint call: <android.app.Activity: void setContentView(int)>
PluginManager - [MSG]: TaintSumBranch Tainted Res: {}
Executor - [MSG]: 

Executor - [MSG]: <5 MOV,CONST,dst=r1,type=java.lang.String,extra="phone"> at edu.mit.to_string.MainActivity/onCreate[android.os.Bundle]
Executor - [DEBUG]: Mov const begin <5 MOV,CONST,dst=r1,type=java.lang.String,extra="phone">
DalvikVM - [WARN]: ar 1 (2130903040, void), (phone, java.lang.String)
Executor - [DEBUG]: data: phone class java.lang.String
DalvikVM - [BB]: fu.hao.trust.dvm.Executor$OP_MOV_CONST -> jump set pc to 6
PluginManager - [MSG]: TaintSumBranch Tainted Res: {}
Executor - [MSG]: 

Executor - [MSG]: <6 INVOKE,VIRTUAL,extra=[android.content.Context/getSystemService[java.lang.String], [9, 1]]> at edu.mit.to_string.MainActivity/onCreate[android.os.Bundle]
Executor - [MSG]: arg0 obj: Activity:instance number 1@edu.mit.to_string.MainActivity
Executor - [DEBUG]: Reflction class: class android.content.Context
Executor - [BB]: Normal args? true
Executor - [BB]: arg1@reg1: phone
Executor - [BB]: Nargs? true
Executor - [DEBUG]: Caller obj: Activity:instance number 1@edu.mit.to_string.MainActivity, from class: class android.app.Activity
DalvikVM - [WARN]: ar -1, (android.telephony.TelephonyManager@5d5efa6a, java.lang.Object)
Executor - [DEBUG]: Return data: android.telephony.TelephonyManager@5d5efa6a ,class android.telephony.TelephonyManager
Executor - [MSG]: Reflction invocation public java.lang.Object android.content.Context.getSystemService(java.lang.String)
DalvikVM - [BB]: Set reflective call: public java.lang.Object android.content.Context.getSystemService(java.lang.String)
DalvikVM - [BB]: fu.hao.trust.dvm.Executor -> jump set pc to 7
TaintSumBranch - [BB]: <android.content.Context: java.lang.Object getSystemService(java.lang.String)>
TaintSumBranch - [DEBUG]: Not a taint call: <android.content.Context: java.lang.Object getSystemService(java.lang.String)>
PluginManager - [MSG]: TaintSumBranch Tainted Res: {}
Executor - [MSG]: 

Executor - [MSG]: <7 MOV,RESULT,dst=r8,type=java.lang.Object> at edu.mit.to_string.MainActivity/onCreate[android.os.Bundle]
DalvikVM - [WARN]: ar 8, (android.telephony.TelephonyManager@5d5efa6a, java.lang.Object)
OP_MOV_RESULT - [BB]: Result data: android.telephony.TelephonyManager@5d5efa6a
OP_MOV_RESULT - [DEBUG]: Result data: android.telephony.TelephonyManager@5d5efa6a, type: java.lang.Object, to [reg 8@MainActivity/onCreate]
DalvikVM - [BB]: fu.hao.trust.dvm.Executor$OP_MOV_RESULT -> jump set pc to 8
PluginManager - [MSG]: TaintSumBranch Tainted Res: {}
Executor - [MSG]: 

Executor - [MSG]: <8 ARITHMETIC,CHECK-AND-CAST,dst=r8,type=android.telephony.TelephonyManager> at edu.mit.to_string.MainActivity/onCreate[android.os.Bundle]
DalvikVM - [BB]: fu.hao.trust.dvm.Executor$OP_ARITHETIC -> jump set pc to 9
PluginManager - [MSG]: TaintSumBranch Tainted Res: {}
Executor - [MSG]: 

Executor - [MSG]: <9 INVOKE,VIRTUAL,extra=[android.telephony.TelephonyManager/getDeviceId[], [8]]> at edu.mit.to_string.MainActivity/onCreate[android.os.Bundle]
Executor - [MSG]: arg0 obj: android.telephony.TelephonyManager@5d5efa6a
Executor - [DEBUG]: Reflction class: class android.telephony.TelephonyManager
DalvikVM - [WARN]: ar -1, (359874043116909, java.lang.String)
Executor - [DEBUG]: Return data: 359874043116909 ,class java.lang.String
Executor - [MSG]: Reflction invocation public java.lang.String android.telephony.TelephonyManager.getDeviceId()
DalvikVM - [BB]: Set reflective call: public java.lang.String android.telephony.TelephonyManager.getDeviceId()
DalvikVM - [BB]: fu.hao.trust.dvm.Executor -> jump set pc to 10
TaintSumBranch - [BB]: <android.telephony.TelephonyManager: java.lang.String getDeviceId()>
TaintSumBranch - [WARN]: Found a tainted return value!
PluginManager - [MSG]: TaintSumBranch Tainted Res: {359874043116909=<9 INVOKE,VIRTUAL,extra=[android.telephony.TelephonyManager/getDeviceId[], [8]]>, [Global RetReg]=<9 INVOKE,VIRTUAL,extra=[android.telephony.TelephonyManager/getDeviceId[], [8]]>}
Executor - [MSG]: 

Executor - [MSG]: <10 MOV,RESULT,dst=r7,type=java.lang.Object> at edu.mit.to_string.MainActivity/onCreate[android.os.Bundle]
DalvikVM - [WARN]: ar 7, (359874043116909, java.lang.String)
OP_MOV_RESULT - [BB]: Result data: 359874043116909
OP_MOV_RESULT - [DEBUG]: Result data: 359874043116909, type: java.lang.String, to [reg 7@MainActivity/onCreate]
DalvikVM - [BB]: fu.hao.trust.dvm.Executor$OP_MOV_RESULT -> jump set pc to 11
TaintSumBranch - [BB]: <9 INVOKE,VIRTUAL,extra=[android.telephony.TelephonyManager/getDeviceId[], [8]]>
TaintSumBranch - [BB]: Add reg 7 due to ret reg.
PluginManager - [MSG]: TaintSumBranch Tainted Res: {359874043116909=<9 INVOKE,VIRTUAL,extra=[android.telephony.TelephonyManager/getDeviceId[], [8]]>, [reg 7@MainActivity/onCreate]=<9 INVOKE,VIRTUAL,extra=[android.telephony.TelephonyManager/getDeviceId[], [8]]>}
Executor - [MSG]: 

Executor - [MSG]: <11 MOV,CONST,dst=r1,type=void,extra=class patdroid.core.PrimitiveInfo?1> at edu.mit.to_string.MainActivity/onCreate[android.os.Bundle]
Executor - [DEBUG]: Mov const begin <11 MOV,CONST,dst=r1,type=void,extra=class patdroid.core.PrimitiveInfo?1>
DalvikVM - [WARN]: ar 1 (phone, java.lang.String), (1, void)
Executor - [DEBUG]: data: 1 class patdroid.core.PrimitiveInfo
DalvikVM - [BB]: fu.hao.trust.dvm.Executor$OP_MOV_CONST -> jump set pc to 12
PluginManager - [MSG]: TaintSumBranch Tainted Res: {359874043116909=<9 INVOKE,VIRTUAL,extra=[android.telephony.TelephonyManager/getDeviceId[], [8]]>, [reg 7@MainActivity/onCreate]=<9 INVOKE,VIRTUAL,extra=[android.telephony.TelephonyManager/getDeviceId[], [8]]>}
Executor - [MSG]: 

Executor - [MSG]: <12 NEW,ARRAY,dst=r6,r0=r1,type=[Ljava.lang.String;> at edu.mit.to_string.MainActivity/onCreate[android.os.Bundle]
DalvikVM - [WARN]: ar 6, ([Ljava.lang.Object;@5e5fada2, [Ljava.lang.String;)
OP_NEW_ARRAY - [DEBUG]: A new array of [Ljava.lang.String; in size 1 created.
DalvikVM - [BB]: fu.hao.trust.dvm.Executor$OP_NEW_ARRAY -> jump set pc to 13
TaintSumBranch - [BB]: Not a taint op <12 NEW,ARRAY,dst=r6,r0=r1,type=[Ljava.lang.String;>
PluginManager - [MSG]: TaintSumBranch Tainted Res: {359874043116909=<9 INVOKE,VIRTUAL,extra=[android.telephony.TelephonyManager/getDeviceId[], [8]]>, [reg 7@MainActivity/onCreate]=<9 INVOKE,VIRTUAL,extra=[android.telephony.TelephonyManager/getDeviceId[], [8]]>}
Executor - [MSG]: 

Executor - [MSG]: <13 MOV,CONST,dst=r1,type=void,extra=class patdroid.core.PrimitiveInfo?0> at edu.mit.to_string.MainActivity/onCreate[android.os.Bundle]
Executor - [DEBUG]: Mov const begin <13 MOV,CONST,dst=r1,type=void,extra=class patdroid.core.PrimitiveInfo?0>
DalvikVM - [WARN]: ar 1 (1, void), (0, void)
Executor - [DEBUG]: data: 0 class patdroid.core.PrimitiveInfo
DalvikVM - [BB]: fu.hao.trust.dvm.Executor$OP_MOV_CONST -> jump set pc to 14
PluginManager - [MSG]: TaintSumBranch Tainted Res: {359874043116909=<9 INVOKE,VIRTUAL,extra=[android.telephony.TelephonyManager/getDeviceId[], [8]]>, [reg 7@MainActivity/onCreate]=<9 INVOKE,VIRTUAL,extra=[android.telephony.TelephonyManager/getDeviceId[], [8]]>}
Executor - [MSG]: 

Executor - [MSG]: <14 ARRAY,APUT,dst=r7,r0=r6,r1=r1,type=java.lang.Object> at edu.mit.to_string.MainActivity/onCreate[android.os.Bundle]
DalvikVM - [BB]: fu.hao.trust.dvm.Executor$OP_ARRAY_PUT -> jump set pc to 15
Executor - [BB]: index: 0, length: 1
Executor - [DEBUG]: data: 359874043116909 array: [Ljava.lang.Object;@5e5fada2
PluginManager - [MSG]: TaintSumBranch Tainted Res: {359874043116909=<9 INVOKE,VIRTUAL,extra=[android.telephony.TelephonyManager/getDeviceId[], [8]]>, [reg 7@MainActivity/onCreate]=<9 INVOKE,VIRTUAL,extra=[android.telephony.TelephonyManager/getDeviceId[], [8]]>}
Executor - [MSG]: 

Executor - [MSG]: <15 INVOKE,STATIC,extra=[java.util.Arrays/toString[[Ljava.lang.Object;], [6]]> at edu.mit.to_string.MainActivity/onCreate[android.os.Bundle]
Executor - [DEBUG]: Reflction class java.util.Arrays
Executor - [BB]: arg0@reg6: [Ljava.lang.Object;@5e5fada2
Executor - [BB]: param: [Ljava.lang.Object;@5e5fada2
DalvikVM - [WARN]: ar -1, ([359874043116909], java.lang.String)
Executor - [MSG]: reflction invocation public static java.lang.String java.util.Arrays.toString(java.lang.Object[])
DalvikVM - [BB]: Set reflective call: public static java.lang.String java.util.Arrays.toString(java.lang.Object[])
DalvikVM - [BB]: fu.hao.trust.dvm.Executor$OP_INVOKE_STATIC -> jump set pc to 16
TaintSumBranch - [BB]: <java.util.Arrays: java.lang.String toString([Ljava.lang.Object;)>
TaintSumBranch - [DEBUG]: Not a taint call: <java.util.Arrays: java.lang.String toString([Ljava.lang.Object;)>
PluginManager - [MSG]: TaintSumBranch Tainted Res: {359874043116909=<9 INVOKE,VIRTUAL,extra=[android.telephony.TelephonyManager/getDeviceId[], [8]]>, [reg 7@MainActivity/onCreate]=<9 INVOKE,VIRTUAL,extra=[android.telephony.TelephonyManager/getDeviceId[], [8]]>}
Executor - [MSG]: 

Executor - [MSG]: <16 MOV,RESULT,dst=r3,type=java.lang.Object> at edu.mit.to_string.MainActivity/onCreate[android.os.Bundle]
DalvikVM - [WARN]: ar 3, ([359874043116909], java.lang.String)
OP_MOV_RESULT - [BB]: Result data: [359874043116909]
OP_MOV_RESULT - [DEBUG]: Result data: [359874043116909], type: java.lang.String, to [reg 3@MainActivity/onCreate]
DalvikVM - [BB]: fu.hao.trust.dvm.Executor$OP_MOV_RESULT -> jump set pc to 17
PluginManager - [MSG]: TaintSumBranch Tainted Res: {359874043116909=<9 INVOKE,VIRTUAL,extra=[android.telephony.TelephonyManager/getDeviceId[], [8]]>, [reg 7@MainActivity/onCreate]=<9 INVOKE,VIRTUAL,extra=[android.telephony.TelephonyManager/getDeviceId[], [8]]>}
Executor - [MSG]: 

Executor - [MSG]: <17 MOV,CONST,dst=r1,type=java.lang.String,extra="DroidBench"> at edu.mit.to_string.MainActivity/onCreate[android.os.Bundle]
Executor - [DEBUG]: Mov const begin <17 MOV,CONST,dst=r1,type=java.lang.String,extra="DroidBench">
DalvikVM - [WARN]: ar 1 (0, void), (DroidBench, java.lang.String)
Executor - [DEBUG]: data: DroidBench class java.lang.String
DalvikVM - [BB]: fu.hao.trust.dvm.Executor$OP_MOV_CONST -> jump set pc to 18
PluginManager - [MSG]: TaintSumBranch Tainted Res: {359874043116909=<9 INVOKE,VIRTUAL,extra=[android.telephony.TelephonyManager/getDeviceId[], [8]]>, [reg 7@MainActivity/onCreate]=<9 INVOKE,VIRTUAL,extra=[android.telephony.TelephonyManager/getDeviceId[], [8]]>}
Executor - [MSG]: 

Executor - [MSG]: <18 INVOKE,STATIC,extra=[android.util.Log/i[java.lang.String, java.lang.String], [1, 3]]> at edu.mit.to_string.MainActivity/onCreate[android.os.Bundle]
Executor - [DEBUG]: Reflction class android.util.Log
Executor - [BB]: arg0@reg1: DroidBench
Executor - [BB]: arg1@reg3: [359874043116909]
Executor - [BB]: param: DroidBench
Executor - [BB]: param: [359874043116909]
DalvikVM - [WARN]: ar -1, (1, int)
Executor - [MSG]: reflction invocation public static int android.util.Log.i(java.lang.String,java.lang.String)
DalvikVM - [BB]: Set reflective call: public static int android.util.Log.i(java.lang.String,java.lang.String)
DalvikVM - [BB]: fu.hao.trust.dvm.Executor$OP_INVOKE_STATIC -> jump set pc to 19
TaintSumBranch - [BB]: <android.util.Log: int i(java.lang.String,java.lang.String)>
TaintSumBranch - [DEBUG]: Not a taint call: <android.util.Log: int i(java.lang.String,java.lang.String)>
PluginManager - [MSG]: TaintSumBranch Tainted Res: {359874043116909=<9 INVOKE,VIRTUAL,extra=[android.telephony.TelephonyManager/getDeviceId[], [8]]>, [reg 7@MainActivity/onCreate]=<9 INVOKE,VIRTUAL,extra=[android.telephony.TelephonyManager/getDeviceId[], [8]]>}
Executor - [MSG]: 

Executor - [MSG]: <19 INVOKE,STATIC,extra=[android.telephony.SmsManager/getDefault[], []]> at edu.mit.to_string.MainActivity/onCreate[android.os.Bundle]
Executor - [DEBUG]: Reflction class android.telephony.SmsManager
DalvikVM - [WARN]: ar -1, (android.telephony.SmsManager@6a04919b, android.telephony.SmsManager)
Executor - [MSG]: reflction invocation public static android.telephony.SmsManager android.telephony.SmsManager.getDefault()
DalvikVM - [BB]: Set reflective call: public static android.telephony.SmsManager android.telephony.SmsManager.getDefault()
DalvikVM - [BB]: fu.hao.trust.dvm.Executor$OP_INVOKE_STATIC -> jump set pc to 20
TaintSumBranch - [BB]: <android.telephony.SmsManager: android.telephony.SmsManager getDefault()>
TaintSumBranch - [DEBUG]: Not a taint call: <android.telephony.SmsManager: android.telephony.SmsManager getDefault()>
PluginManager - [MSG]: TaintSumBranch Tainted Res: {359874043116909=<9 INVOKE,VIRTUAL,extra=[android.telephony.TelephonyManager/getDeviceId[], [8]]>, [reg 7@MainActivity/onCreate]=<9 INVOKE,VIRTUAL,extra=[android.telephony.TelephonyManager/getDeviceId[], [8]]>}
Executor - [MSG]: 

Executor - [MSG]: <20 MOV,RESULT,dst=r0,type=java.lang.Object> at edu.mit.to_string.MainActivity/onCreate[android.os.Bundle]
DalvikVM - [WARN]: ar 0, (android.telephony.SmsManager@6a04919b, android.telephony.SmsManager)
OP_MOV_RESULT - [BB]: Result data: android.telephony.SmsManager@6a04919b
OP_MOV_RESULT - [DEBUG]: Result data: android.telephony.SmsManager@6a04919b, type: android.telephony.SmsManager, to [reg 0@MainActivity/onCreate]
DalvikVM - [BB]: fu.hao.trust.dvm.Executor$OP_MOV_RESULT -> jump set pc to 21
PluginManager - [MSG]: TaintSumBranch Tainted Res: {359874043116909=<9 INVOKE,VIRTUAL,extra=[android.telephony.TelephonyManager/getDeviceId[], [8]]>, [reg 7@MainActivity/onCreate]=<9 INVOKE,VIRTUAL,extra=[android.telephony.TelephonyManager/getDeviceId[], [8]]>}
Executor - [MSG]: 

Executor - [MSG]: <21 MOV,CONST,dst=r1,type=java.lang.String,extra="+49"> at edu.mit.to_string.MainActivity/onCreate[android.os.Bundle]
Executor - [DEBUG]: Mov const begin <21 MOV,CONST,dst=r1,type=java.lang.String,extra="+49">
DalvikVM - [WARN]: ar 1 (DroidBench, java.lang.String), (+49, java.lang.String)
Executor - [DEBUG]: data: +49 class java.lang.String
DalvikVM - [BB]: fu.hao.trust.dvm.Executor$OP_MOV_CONST -> jump set pc to 22
PluginManager - [MSG]: TaintSumBranch Tainted Res: {359874043116909=<9 INVOKE,VIRTUAL,extra=[android.telephony.TelephonyManager/getDeviceId[], [8]]>, [reg 7@MainActivity/onCreate]=<9 INVOKE,VIRTUAL,extra=[android.telephony.TelephonyManager/getDeviceId[], [8]]>}
Executor - [MSG]: 

Executor - [MSG]: <22 MOV,REG,dst=r4,r0=r2,type=java.lang.Object> at edu.mit.to_string.MainActivity/onCreate[android.os.Bundle]
DalvikVM - [WARN]: ar 4, (0, void)
class fu.hao.trust.dvm.Executor$OP_MOVE_REG - [DEBUG]: mov 0 to 0
DalvikVM - [BB]: fu.hao.trust.dvm.Executor$OP_MOVE_REG -> jump set pc to 23
PluginManager - [MSG]: TaintSumBranch Tainted Res: {359874043116909=<9 INVOKE,VIRTUAL,extra=[android.telephony.TelephonyManager/getDeviceId[], [8]]>, [reg 7@MainActivity/onCreate]=<9 INVOKE,VIRTUAL,extra=[android.telephony.TelephonyManager/getDeviceId[], [8]]>}
Executor - [MSG]: 

Executor - [MSG]: <23 MOV,REG,dst=r5,r0=r2,type=java.lang.Object> at edu.mit.to_string.MainActivity/onCreate[android.os.Bundle]
DalvikVM - [WARN]: ar 5, (0, void)
class fu.hao.trust.dvm.Executor$OP_MOVE_REG - [DEBUG]: mov 0 to 0
DalvikVM - [BB]: fu.hao.trust.dvm.Executor$OP_MOVE_REG -> jump set pc to 24
PluginManager - [MSG]: TaintSumBranch Tainted Res: {359874043116909=<9 INVOKE,VIRTUAL,extra=[android.telephony.TelephonyManager/getDeviceId[], [8]]>, [reg 7@MainActivity/onCreate]=<9 INVOKE,VIRTUAL,extra=[android.telephony.TelephonyManager/getDeviceId[], [8]]>}
Executor - [MSG]: 

Executor - [MSG]: <24 INVOKE,VIRTUAL,extra=[android.telephony.SmsManager/sendTextMessage[java.lang.String, java.lang.String, java.lang.String, android.app.PendingIntent, android.app.PendingIntent], [0, 1, 2, 3, 4, 5]]> at edu.mit.to_string.MainActivity/onCreate[android.os.Bundle]
Executor - [MSG]: arg0 obj: android.telephony.SmsManager@6a04919b
Executor - [DEBUG]: Reflction class: class android.telephony.SmsManager
Executor - [BB]: Normal args? true
Executor - [BB]: arg1@reg1: +49
Executor - [BB]: arg2@reg2: 0
Executor - [WARN]: Mismatch type! arg 2, real para type: class patdroid.core.PrimitiveInfo, expected para type: class java.lang.String
Executor - [BB]: arg3@reg3: [359874043116909]
Executor - [BB]: arg4@reg4: 0
Executor - [WARN]: Mismatch type! arg 4, real para type: class patdroid.core.PrimitiveInfo, expected para type: class android.app.PendingIntent
Executor - [BB]: arg5@reg5: 0
Executor - [WARN]: Mismatch type! arg 5, real para type: class patdroid.core.PrimitiveInfo, expected para type: class android.app.PendingIntent
Executor - [BB]: Nargs? true
Executor - [DEBUG]: Caller obj: android.telephony.SmsManager@6a04919b, from class: class android.telephony.SmsManager
DalvikVM - [WARN]: ar -1, (null, void)
Executor - [MSG]: Reflction invocation public void android.telephony.SmsManager.sendTextMessage(java.lang.String,java.lang.String,java.lang.String,android.app.PendingIntent,android.app.PendingIntent)
DalvikVM - [BB]: Set reflective call: public void android.telephony.SmsManager.sendTextMessage(java.lang.String,java.lang.String,java.lang.String,android.app.PendingIntent,android.app.PendingIntent)
DalvikVM - [BB]: fu.hao.trust.dvm.Executor -> jump set pc to 25
TaintSumBranch - [BB]: <android.telephony.SmsManager: void sendTextMessage(java.lang.String,java.lang.String,java.lang.String,android.app.PendingIntent,android.app.PendingIntent)>
TaintSumBranch - [BB]: Found a sink invocation. <android.telephony.SmsManager: void sendTextMessage(java.lang.String,java.lang.String,java.lang.String,android.app.PendingIntent,android.app.PendingIntent)>
PluginManager - [MSG]: TaintSumBranch Tainted Res: {359874043116909=<9 INVOKE,VIRTUAL,extra=[android.telephony.TelephonyManager/getDeviceId[], [8]]>, [reg 7@MainActivity/onCreate]=<9 INVOKE,VIRTUAL,extra=[android.telephony.TelephonyManager/getDeviceId[], [8]]>}
Executor - [MSG]: 

Executor - [MSG]: <25 RETURN,VOID> at edu.mit.to_string.MainActivity/onCreate[android.os.Bundle]
class fu.hao.trust.dvm.Executor$OP_RETURN_VOID - [DEBUG]: Return void
DalvikVM - [BB]: stack []
DalvikVM - [BB]: Back to the last stack frame.null
DalvikVM - [MSG]: Finish running instrumented methods! Back to null
Executor - [MSG]: RUN BEGIN edu.mit.to_string.MainActivity/onCreate[android.os.Bundle]
Executor - [MSG]: RUN DONE! The last one is null
DalvikVM - [MSG]: FINISHED!

main - [MSG]: Analysis has run for 0.888425637 seconds

