main - [MSG]: Src Chain: []
main - [DEBUG]: Src Entry event: (edu.mit.serialization.MainActivity, onCreate)
DalvikVM - [MSG]: Begin run onCreate at C:\Users\hao\workspace\DroidBenchProj\Serialization1\app\Serialization1.apk
DalvikVM - [MSG]: RUN Method edu.mit.serialization.MainActivity/onCreate[android.os.Bundle]
Executor - [DEBUG]: Read manifest csv: output/Serialization1.apk\Serialization1.apk_manifest.csv
Executor - [WARN]: output\Serialization1.apk\Serialization1.apk_manifest.csv (The system cannot find the file specified)
DalvikVM - [BB]: New method call: edu.mit.serialization.MainActivity/onCreate[android.os.Bundle]
DalvikVM - [BB]: [0]<0 SPECIAL,ARGUMENT_SET,extra=[15, 16]>
DalvikVM - [BB]: [1]<0 HALT,SUPER,extra=[null, [15, 16]]>
DalvikVM - [BB]: [2]<1 MOV,CONST,dst=r1,type=void,extra=class patdroid.core.PrimitiveInfo?2130903040>
DalvikVM - [BB]: [3]<0 INVOKE,VIRTUAL,extra=[android.app.Activity/setContentView[int], [15, 1]]>
DalvikVM - [BB]: [4]<3 MOV,CONST,dst=r1,type=java.lang.String,extra="phone">
DalvikVM - [BB]: [5]<0 INVOKE,VIRTUAL,extra=[android.content.Context/getSystemService[java.lang.String], [15, 1]]>
DalvikVM - [BB]: [6]<0 MOV,RESULT,dst=r10,type=java.lang.Object>
DalvikVM - [BB]: [7]<0 ARITHMETIC,CHECK-AND-CAST,dst=r10,type=android.telephony.TelephonyManager>
DalvikVM - [BB]: [8]<0 INVOKE,VIRTUAL,extra=[android.telephony.TelephonyManager/getDeviceId[], [10]]>
DalvikVM - [BB]: [9]<0 MOV,RESULT,dst=r8,type=java.lang.Object>
DalvikVM - [BB]: [10]<0 NEW,INSTANCE,dst=r13,type=edu.mit.serialization.S>
DalvikVM - [BB]: [11]<0 INVOKE,DIRECT,extra=[edu.mit.serialization.S/<init>[java.lang.String], [13, 8]]>
DalvikVM - [BB]: [12]<0 NEW,INSTANCE,dst=r12,type=java.io.ByteArrayOutputStream>
DalvikVM - [BB]: [13]<0 INVOKE,DIRECT,extra=[java.io.ByteArrayOutputStream/<init>[], [12]]>
DalvikVM - [BB]: [14]<0 NEW,INSTANCE,dst=r11,type=java.io.ObjectOutputStream>
DalvikVM - [BB]: [15]<0 INVOKE,DIRECT,extra=[java.io.ObjectOutputStream/<init>[java.io.OutputStream], [11, 12]]>
DalvikVM - [BB]: [16]<0 INVOKE,VIRTUAL,extra=[java.io.ObjectOutputStream/writeObject[java.lang.Object], [11, 13]]>
DalvikVM - [BB]: [17]<0 INVOKE,VIRTUAL,extra=[java.io.ObjectOutputStream/close[], [11]]>
DalvikVM - [BB]: [18]<0 INVOKE,VIRTUAL,extra=[java.io.ByteArrayOutputStream/toByteArray[], [12]]>
DalvikVM - [BB]: [19]<0 MOV,RESULT,dst=r6,type=java.lang.Object>
DalvikVM - [BB]: [20]<0 NEW,INSTANCE,dst=r9,type=java.io.ByteArrayInputStream>
DalvikVM - [BB]: [21]<0 INVOKE,DIRECT,extra=[java.io.ByteArrayInputStream/<init>[[B], [9, 6]]>
DalvikVM - [BB]: [22]<0 NEW,INSTANCE,dst=r7,type=java.io.ObjectInputStream>
DalvikVM - [BB]: [23]<0 INVOKE,DIRECT,extra=[java.io.ObjectInputStream/<init>[java.io.InputStream], [7, 9]]>
DalvikVM - [BB]: [24]<0 INVOKE,VIRTUAL,extra=[java.io.ObjectInputStream/readObject[], [7]]>
DalvikVM - [BB]: [25]<0 MOV,RESULT,dst=r14,type=java.lang.Object>
DalvikVM - [BB]: [26]<0 ARITHMETIC,CHECK-AND-CAST,dst=r14,type=edu.mit.serialization.S>
DalvikVM - [BB]: [27]<0 INVOKE,VIRTUAL,extra=[java.io.ObjectInputStream/close[], [7]]>
DalvikVM - [BB]: [28]<27 MOV,CONST,dst=r1,type=java.lang.String,extra="DroidBench">
DalvikVM - [BB]: [29]<0 INVOKE,VIRTUAL,extra=[edu.mit.serialization.S/toString[], [14]]>
DalvikVM - [BB]: [30]<0 MOV,RESULT,dst=r2,type=java.lang.Object>
DalvikVM - [BB]: [31]<0 INVOKE,STATIC,extra=[android.util.Log/i[java.lang.String, java.lang.String], [1, 2]]>
DalvikVM - [BB]: [32]<0 INVOKE,STATIC,extra=[android.telephony.SmsManager/getDefault[], []]>
DalvikVM - [BB]: [33]<0 MOV,RESULT,dst=r0,type=java.lang.Object>
DalvikVM - [BB]: [34]<33 MOV,CONST,dst=r1,type=java.lang.String,extra="+49 1234">
DalvikVM - [BB]: [35]<34 MOV,CONST,dst=r2,type=void,extra=class patdroid.core.PrimitiveInfo?0>
DalvikVM - [BB]: [36]<0 INVOKE,VIRTUAL,extra=[edu.mit.serialization.S/toString[], [14]]>
DalvikVM - [BB]: [37]<0 MOV,RESULT,dst=r3,type=java.lang.Object>
DalvikVM - [BB]: [38]<37 MOV,CONST,dst=r4,type=void,extra=class patdroid.core.PrimitiveInfo?0>
DalvikVM - [BB]: [39]<38 MOV,CONST,dst=r5,type=void,extra=class patdroid.core.PrimitiveInfo?0>
DalvikVM - [BB]: [40]<0 INVOKE,VIRTUAL,extra=[android.telephony.SmsManager/sendTextMessage[java.lang.String, java.lang.String, java.lang.String, android.app.PendingIntent, android.app.PendingIntent], [0, 1, 2, 3, 4, 5]]>
DalvikVM - [BB]: [41]<0 RETURN,VOID>
DalvikVM - [BB]: [42]<0 MOV,EXCETPION,dst=r1,type=java.lang.Object>
DalvikVM - [BB]: [43]<0 GOTO,extra=index:41>
newStackFrame - [BB]: New Stack Frame: StackFrame edu.mit.serialization.MainActivity/onCreate[android.os.Bundle]
newStackFrame - [BB]: Add frame StackFrame edu.mit.serialization.MainActivity/onCreate[android.os.Bundle]
newStackFrame - [BB]: Stack: [StackFrame edu.mit.serialization.MainActivity/onCreate[android.os.Bundle]]
Executor - [MSG]: New chain obj with type edu.mit.serialization.MainActivity
Activity - [BB]: New instance of edu.mit.serialization.MainActivity
Caller@4: <init>@fu.hao.trust.dvm.DVMObject - [BB]: getClass edu.mit.serialization.MainActivity at fu.hao.trust.dvm.VMHeap@4636acab
Caller: getClass@fu.hao.trust.dvm.VMHeap - [BB]: new class representation for edu.mit.serialization.MainActivity at fu.hao.trust.dvm.VMHeap@4636acab
Caller@4: <init>@fu.hao.trust.dvm.DVMClass - [BB]: getClass android.app.Activity at fu.hao.trust.dvm.VMHeap@4636acab
Caller: getClass@fu.hao.trust.dvm.VMHeap - [BB]: new class representation for android.app.Activity at fu.hao.trust.dvm.VMHeap@4636acab
Caller@4: <init>@fu.hao.trust.dvm.DVMClass - [BB]: getClass android.content.ContextWrapper at fu.hao.trust.dvm.VMHeap@4636acab
Caller: getClass@fu.hao.trust.dvm.VMHeap - [BB]: new class representation for android.content.ContextWrapper at fu.hao.trust.dvm.VMHeap@4636acab
Caller@4: <init>@fu.hao.trust.dvm.DVMClass - [BB]: getClass android.content.Context at fu.hao.trust.dvm.VMHeap@4636acab
Caller: getClass@fu.hao.trust.dvm.VMHeap - [BB]: new class representation for android.content.Context at fu.hao.trust.dvm.VMHeap@4636acab
Caller@4: <init>@fu.hao.trust.dvm.DVMClass - [BB]: getClass fu.hao.trust.dvm.DVMObject at fu.hao.trust.dvm.VMHeap@4636acab
Caller: getClass@fu.hao.trust.dvm.VMHeap - [BB]: new class representation for fu.hao.trust.dvm.DVMObject at fu.hao.trust.dvm.VMHeap@4636acab
Caller: <init>@fu.hao.trust.dvm.DVMClass - [BB]: Get DVMClass for type fu.hao.trust.dvm.DVMObject
Caller@4: <init>@fu.hao.trust.dvm.DVMClass - [BB]: getClass fu.hao.trust.dvm.DVMObject at fu.hao.trust.dvm.VMHeap@4636acab
Caller: <init>@fu.hao.trust.dvm.DVMClass - [BB]: Get DVMClass for type android.content.Context
Caller@4: <init>@fu.hao.trust.dvm.DVMClass - [BB]: getClass android.content.Context at fu.hao.trust.dvm.VMHeap@4636acab
Caller: <init>@fu.hao.trust.dvm.DVMClass - [BB]: Get DVMClass for type android.content.ContextWrapper
Caller@4: <init>@fu.hao.trust.dvm.DVMClass - [BB]: getClass android.content.ContextWrapper at fu.hao.trust.dvm.VMHeap@4636acab
Caller: <init>@fu.hao.trust.dvm.DVMClass - [BB]: Get DVMClass for type android.app.Activity
Caller@4: <init>@fu.hao.trust.dvm.DVMClass - [BB]: getClass android.app.Activity at fu.hao.trust.dvm.VMHeap@4636acab
Caller: <init>@fu.hao.trust.dvm.DVMObject - [BB]: Get DVMClass for type edu.mit.serialization.MainActivity
Caller@4: <init>@fu.hao.trust.dvm.DVMObject - [BB]: getClass edu.mit.serialization.MainActivity at fu.hao.trust.dvm.VMHeap@4636acab
Activity - [MSG]: Not empty constructor
DalvikVM - [BB]: New method call: edu.mit.serialization.MainActivity/<init>[]
DalvikVM - [BB]: [0]<0 SPECIAL,ARGUMENT_SET,extra=[0]>
DalvikVM - [BB]: [1]<0 INVOKE,DIRECT,extra=[java.lang.Object/<init>[], [0]]>
DalvikVM - [BB]: [2]<0 RETURN,VOID>
DalvikVM - [WARN]: ar -2, (Activity:instance number 1@edu.mit.serialization.MainActivity, edu.mit.serialization.MainActivity)
newStackFrame - [BB]: New Stack Frame: StackFrame edu.mit.serialization.MainActivity/<init>[], pc -1 stored. 
newStackFrame - [BB]: Stack: [StackFrame edu.mit.serialization.MainActivity/onCreate[android.os.Bundle]]
DalvikVM - [MSG]: Begin run instrumented methods!
DalvikVM - [BB]: Add frames [StackFrame edu.mit.serialization.MainActivity/<init>[]]
DalvikVM - [BB]: fu.hao.trust.dvm.DalvikVM -> runInstrumentedMethods set pc to 0
Executor - [MSG]: 

Executor - [MSG]: <0 SPECIAL,ARGUMENT_SET,extra=[0]> at edu.mit.serialization.MainActivity/<init>[]
DalvikVM - [WARN]: ar 0, (Activity:instance number 1@edu.mit.serialization.MainActivity, edu.mit.serialization.MainActivity)
Executor - [DEBUG]: params: Activity:instance number 1@edu.mit.serialization.MainActivity
DalvikVM - [BB]: fu.hao.trust.dvm.Executor$OP_SP_ARGUMENTS -> jump set pc to 1
PluginManager - [MSG]: TaintSumBranch Tainted Res: {}
Executor - [MSG]: 

Executor - [MSG]: <1 INVOKE,DIRECT,extra=[java.lang.Object/<init>[], [0]]> at edu.mit.serialization.MainActivity/<init>[]
Executor - [MSG]: arg0 obj: Activity:instance number 1@edu.mit.serialization.MainActivity
Executor - [MSG]: Replace the clazz.
Executor - [BB]: java.lang.Object/<init>[] is a constructor!
Executor - [WARN]: Reflection error: edu.mit.serialization.MainActivity
DalvikVM - [BB]: fu.hao.trust.dvm.Executor -> jump set pc to 2
TaintSumBranch - [BB]: <java.lang.Object: void <init>()>
TaintSumBranch - [DEBUG]: Not a taint call: <java.lang.Object: void <init>()>
PluginManager - [MSG]: TaintSumBranch Tainted Res: {}
Executor - [MSG]: 

Executor - [MSG]: <2 RETURN,VOID> at edu.mit.serialization.MainActivity/<init>[]
class fu.hao.trust.dvm.Executor$OP_RETURN_VOID - [DEBUG]: Return void
DalvikVM - [BB]: stack [StackFrame edu.mit.serialization.MainActivity/onCreate[android.os.Bundle]]
DalvikVM - [BB]: Back to the last stack frame.StackFrame edu.mit.serialization.MainActivity/onCreate[android.os.Bundle]
DalvikVM - [MSG]: Finish running instrumented methods! Back to StackFrame edu.mit.serialization.MainActivity/onCreate[android.os.Bundle]
Activity - [MSG]: New Activity Created with type edu.mit.serialization.MainActivity
DalvikVM - [BB]: New method call: edu.mit.serialization.MainActivity/onCreate[android.os.Bundle]
DalvikVM - [BB]: [0]<0 SPECIAL,ARGUMENT_SET,extra=[15, 16]>
DalvikVM - [BB]: [1]<0 HALT,SUPER,extra=[null, [15, 16]]>
DalvikVM - [BB]: [2]<1 MOV,CONST,dst=r1,type=void,extra=class patdroid.core.PrimitiveInfo?2130903040>
DalvikVM - [BB]: [3]<0 INVOKE,VIRTUAL,extra=[android.app.Activity/setContentView[int], [15, 1]]>
DalvikVM - [BB]: [4]<3 MOV,CONST,dst=r1,type=java.lang.String,extra="phone">
DalvikVM - [BB]: [5]<0 INVOKE,VIRTUAL,extra=[android.content.Context/getSystemService[java.lang.String], [15, 1]]>
DalvikVM - [BB]: [6]<0 MOV,RESULT,dst=r10,type=java.lang.Object>
DalvikVM - [BB]: [7]<0 ARITHMETIC,CHECK-AND-CAST,dst=r10,type=android.telephony.TelephonyManager>
DalvikVM - [BB]: [8]<0 INVOKE,VIRTUAL,extra=[android.telephony.TelephonyManager/getDeviceId[], [10]]>
DalvikVM - [BB]: [9]<0 MOV,RESULT,dst=r8,type=java.lang.Object>
DalvikVM - [BB]: [10]<0 NEW,INSTANCE,dst=r13,type=edu.mit.serialization.S>
DalvikVM - [BB]: [11]<0 INVOKE,DIRECT,extra=[edu.mit.serialization.S/<init>[java.lang.String], [13, 8]]>
DalvikVM - [BB]: [12]<0 NEW,INSTANCE,dst=r12,type=java.io.ByteArrayOutputStream>
DalvikVM - [BB]: [13]<0 INVOKE,DIRECT,extra=[java.io.ByteArrayOutputStream/<init>[], [12]]>
DalvikVM - [BB]: [14]<0 NEW,INSTANCE,dst=r11,type=java.io.ObjectOutputStream>
DalvikVM - [BB]: [15]<0 INVOKE,DIRECT,extra=[java.io.ObjectOutputStream/<init>[java.io.OutputStream], [11, 12]]>
DalvikVM - [BB]: [16]<0 INVOKE,VIRTUAL,extra=[java.io.ObjectOutputStream/writeObject[java.lang.Object], [11, 13]]>
DalvikVM - [BB]: [17]<0 INVOKE,VIRTUAL,extra=[java.io.ObjectOutputStream/close[], [11]]>
DalvikVM - [BB]: [18]<0 INVOKE,VIRTUAL,extra=[java.io.ByteArrayOutputStream/toByteArray[], [12]]>
DalvikVM - [BB]: [19]<0 MOV,RESULT,dst=r6,type=java.lang.Object>
DalvikVM - [BB]: [20]<0 NEW,INSTANCE,dst=r9,type=java.io.ByteArrayInputStream>
DalvikVM - [BB]: [21]<0 INVOKE,DIRECT,extra=[java.io.ByteArrayInputStream/<init>[[B], [9, 6]]>
DalvikVM - [BB]: [22]<0 NEW,INSTANCE,dst=r7,type=java.io.ObjectInputStream>
DalvikVM - [BB]: [23]<0 INVOKE,DIRECT,extra=[java.io.ObjectInputStream/<init>[java.io.InputStream], [7, 9]]>
DalvikVM - [BB]: [24]<0 INVOKE,VIRTUAL,extra=[java.io.ObjectInputStream/readObject[], [7]]>
DalvikVM - [BB]: [25]<0 MOV,RESULT,dst=r14,type=java.lang.Object>
DalvikVM - [BB]: [26]<0 ARITHMETIC,CHECK-AND-CAST,dst=r14,type=edu.mit.serialization.S>
DalvikVM - [BB]: [27]<0 INVOKE,VIRTUAL,extra=[java.io.ObjectInputStream/close[], [7]]>
DalvikVM - [BB]: [28]<27 MOV,CONST,dst=r1,type=java.lang.String,extra="DroidBench">
DalvikVM - [BB]: [29]<0 INVOKE,VIRTUAL,extra=[edu.mit.serialization.S/toString[], [14]]>
DalvikVM - [BB]: [30]<0 MOV,RESULT,dst=r2,type=java.lang.Object>
DalvikVM - [BB]: [31]<0 INVOKE,STATIC,extra=[android.util.Log/i[java.lang.String, java.lang.String], [1, 2]]>
DalvikVM - [BB]: [32]<0 INVOKE,STATIC,extra=[android.telephony.SmsManager/getDefault[], []]>
DalvikVM - [BB]: [33]<0 MOV,RESULT,dst=r0,type=java.lang.Object>
DalvikVM - [BB]: [34]<33 MOV,CONST,dst=r1,type=java.lang.String,extra="+49 1234">
DalvikVM - [BB]: [35]<34 MOV,CONST,dst=r2,type=void,extra=class patdroid.core.PrimitiveInfo?0>
DalvikVM - [BB]: [36]<0 INVOKE,VIRTUAL,extra=[edu.mit.serialization.S/toString[], [14]]>
DalvikVM - [BB]: [37]<0 MOV,RESULT,dst=r3,type=java.lang.Object>
DalvikVM - [BB]: [38]<37 MOV,CONST,dst=r4,type=void,extra=class patdroid.core.PrimitiveInfo?0>
DalvikVM - [BB]: [39]<38 MOV,CONST,dst=r5,type=void,extra=class patdroid.core.PrimitiveInfo?0>
DalvikVM - [BB]: [40]<0 INVOKE,VIRTUAL,extra=[android.telephony.SmsManager/sendTextMessage[java.lang.String, java.lang.String, java.lang.String, android.app.PendingIntent, android.app.PendingIntent], [0, 1, 2, 3, 4, 5]]>
DalvikVM - [BB]: [41]<0 RETURN,VOID>
DalvikVM - [BB]: [42]<0 MOV,EXCETPION,dst=r1,type=java.lang.Object>
DalvikVM - [BB]: [43]<0 GOTO,extra=index:41>
DalvikVM - [WARN]: ar -2, (Activity:instance number 1@edu.mit.serialization.MainActivity, edu.mit.serialization.MainActivity)
DalvikVM - [WARN]: ar -2, (null, android.os.Bundle)
newStackFrame - [BB]: New Stack Frame: StackFrame edu.mit.serialization.MainActivity/onCreate[android.os.Bundle]
newStackFrame - [BB]: Stack: []
Activity - [BB]: Intent null
DalvikVM - [MSG]: Begin run instrumented methods!
DalvikVM - [BB]: Add frames [StackFrame edu.mit.serialization.MainActivity/onCreate[android.os.Bundle]]
DalvikVM - [BB]: fu.hao.trust.dvm.DalvikVM -> runInstrumentedMethods set pc to 0
Executor - [MSG]: 

Executor - [MSG]: <0 SPECIAL,ARGUMENT_SET,extra=[15, 16]> at edu.mit.serialization.MainActivity/onCreate[android.os.Bundle]
DalvikVM - [WARN]: ar 15, (Activity:instance number 1@edu.mit.serialization.MainActivity, edu.mit.serialization.MainActivity)
Executor - [DEBUG]: params: Activity:instance number 1@edu.mit.serialization.MainActivity
DalvikVM - [WARN]: ar 16, (null, android.os.Bundle)
Executor - [DEBUG]: params: null
DalvikVM - [BB]: fu.hao.trust.dvm.Executor$OP_SP_ARGUMENTS -> jump set pc to 1
PluginManager - [MSG]: TaintSumBranch Tainted Res: {}
Executor - [MSG]: 

Executor - [MSG]: <1 HALT,SUPER,extra=[null, [15, 16]]> at edu.mit.serialization.MainActivity/onCreate[android.os.Bundle]
DalvikVM - [BB]: fu.hao.trust.dvm.Executor$OP_HALT -> jump set pc to 2
Executor - [MSG]: Cannot resolve the invocation
TaintSumBranch - [BB]: Not a taint op <1 HALT,SUPER,extra=[null, [15, 16]]>
PluginManager - [MSG]: TaintSumBranch Tainted Res: {}
Executor - [MSG]: 

Executor - [MSG]: <2 MOV,CONST,dst=r1,type=void,extra=class patdroid.core.PrimitiveInfo?2130903040> at edu.mit.serialization.MainActivity/onCreate[android.os.Bundle]
Executor - [DEBUG]: Mov const begin <2 MOV,CONST,dst=r1,type=void,extra=class patdroid.core.PrimitiveInfo?2130903040>
DalvikVM - [WARN]: ar 1, (2130903040, void)
Executor - [DEBUG]: data: 2130903040 class patdroid.core.PrimitiveInfo
DalvikVM - [BB]: fu.hao.trust.dvm.Executor$OP_MOV_CONST -> jump set pc to 3
PluginManager - [MSG]: TaintSumBranch Tainted Res: {}
Executor - [MSG]: 

Executor - [MSG]: <3 INVOKE,VIRTUAL,extra=[android.app.Activity/setContentView[int], [15, 1]]> at edu.mit.serialization.MainActivity/onCreate[android.os.Bundle]
Executor - [MSG]: arg0 obj: Activity:instance number 1@edu.mit.serialization.MainActivity
Executor - [DEBUG]: Reflction class: class android.app.Activity
Executor - [BB]: Normal args? true
Executor - [BB]: arg1@reg1: 2130903040
Executor - [DEBUG]: Expected para type: int
Executor - [DEBUG]: Real para int, value: 2130903040
Executor - [BB]: Nargs? true
Executor - [DEBUG]: Caller obj: Activity:instance number 1@edu.mit.serialization.MainActivity, from class: class android.app.Activity
DalvikVM - [WARN]: ar -1, (null, void)
Executor - [MSG]: Reflction invocation public void android.app.Activity.setContentView(int)
DalvikVM - [BB]: Set reflective call: public void android.app.Activity.setContentView(int)
DalvikVM - [BB]: fu.hao.trust.dvm.Executor -> jump set pc to 4
TaintSumBranch - [BB]: <android.app.Activity: void setContentView(int)>
TaintSumBranch - [DEBUG]: Not a taint call: <android.app.Activity: void setContentView(int)>
PluginManager - [MSG]: TaintSumBranch Tainted Res: {}
Executor - [MSG]: 

Executor - [MSG]: <4 MOV,CONST,dst=r1,type=java.lang.String,extra="phone"> at edu.mit.serialization.MainActivity/onCreate[android.os.Bundle]
Executor - [DEBUG]: Mov const begin <4 MOV,CONST,dst=r1,type=java.lang.String,extra="phone">
DalvikVM - [WARN]: ar 1 (2130903040, void), (phone, java.lang.String)
Executor - [DEBUG]: data: phone class java.lang.String
DalvikVM - [BB]: fu.hao.trust.dvm.Executor$OP_MOV_CONST -> jump set pc to 5
PluginManager - [MSG]: TaintSumBranch Tainted Res: {}
Executor - [MSG]: 

Executor - [MSG]: <5 INVOKE,VIRTUAL,extra=[android.content.Context/getSystemService[java.lang.String], [15, 1]]> at edu.mit.serialization.MainActivity/onCreate[android.os.Bundle]
Executor - [MSG]: arg0 obj: Activity:instance number 1@edu.mit.serialization.MainActivity
Executor - [DEBUG]: Reflction class: class android.content.Context
Executor - [BB]: Normal args? true
Executor - [BB]: arg1@reg1: phone
Executor - [BB]: Nargs? true
Executor - [DEBUG]: Caller obj: Activity:instance number 1@edu.mit.serialization.MainActivity, from class: class android.app.Activity
DalvikVM - [WARN]: ar -1, (android.telephony.TelephonyManager@6ae2c05d, java.lang.Object)
Executor - [DEBUG]: Return data: android.telephony.TelephonyManager@6ae2c05d ,class android.telephony.TelephonyManager
Executor - [MSG]: Reflction invocation public java.lang.Object android.content.Context.getSystemService(java.lang.String)
DalvikVM - [BB]: Set reflective call: public java.lang.Object android.content.Context.getSystemService(java.lang.String)
DalvikVM - [BB]: fu.hao.trust.dvm.Executor -> jump set pc to 6
TaintSumBranch - [BB]: <android.content.Context: java.lang.Object getSystemService(java.lang.String)>
TaintSumBranch - [DEBUG]: Not a taint call: <android.content.Context: java.lang.Object getSystemService(java.lang.String)>
PluginManager - [MSG]: TaintSumBranch Tainted Res: {}
Executor - [MSG]: 

Executor - [MSG]: <6 MOV,RESULT,dst=r10,type=java.lang.Object> at edu.mit.serialization.MainActivity/onCreate[android.os.Bundle]
DalvikVM - [WARN]: ar 10, (android.telephony.TelephonyManager@6ae2c05d, java.lang.Object)
OP_MOV_RESULT - [BB]: Result data: android.telephony.TelephonyManager@6ae2c05d
OP_MOV_RESULT - [DEBUG]: Result data: android.telephony.TelephonyManager@6ae2c05d, type: java.lang.Object, to [reg 10@MainActivity/onCreate]
DalvikVM - [BB]: fu.hao.trust.dvm.Executor$OP_MOV_RESULT -> jump set pc to 7
PluginManager - [MSG]: TaintSumBranch Tainted Res: {}
Executor - [MSG]: 

Executor - [MSG]: <7 ARITHMETIC,CHECK-AND-CAST,dst=r10,type=android.telephony.TelephonyManager> at edu.mit.serialization.MainActivity/onCreate[android.os.Bundle]
DalvikVM - [BB]: fu.hao.trust.dvm.Executor$OP_ARITHETIC -> jump set pc to 8
PluginManager - [MSG]: TaintSumBranch Tainted Res: {}
Executor - [MSG]: 

Executor - [MSG]: <8 INVOKE,VIRTUAL,extra=[android.telephony.TelephonyManager/getDeviceId[], [10]]> at edu.mit.serialization.MainActivity/onCreate[android.os.Bundle]
Executor - [MSG]: arg0 obj: android.telephony.TelephonyManager@6ae2c05d
Executor - [DEBUG]: Reflction class: class android.telephony.TelephonyManager
DalvikVM - [WARN]: ar -1, (359874043116909, java.lang.String)
Executor - [DEBUG]: Return data: 359874043116909 ,class java.lang.String
Executor - [MSG]: Reflction invocation public java.lang.String android.telephony.TelephonyManager.getDeviceId()
DalvikVM - [BB]: Set reflective call: public java.lang.String android.telephony.TelephonyManager.getDeviceId()
DalvikVM - [BB]: fu.hao.trust.dvm.Executor -> jump set pc to 9
TaintSumBranch - [BB]: <android.telephony.TelephonyManager: java.lang.String getDeviceId()>
TaintSumBranch - [WARN]: Found a tainted return value!
PluginManager - [MSG]: TaintSumBranch Tainted Res: {359874043116909=<8 INVOKE,VIRTUAL,extra=[android.telephony.TelephonyManager/getDeviceId[], [10]]>, [Global RetReg]=<8 INVOKE,VIRTUAL,extra=[android.telephony.TelephonyManager/getDeviceId[], [10]]>}
Executor - [MSG]: 

Executor - [MSG]: <9 MOV,RESULT,dst=r8,type=java.lang.Object> at edu.mit.serialization.MainActivity/onCreate[android.os.Bundle]
DalvikVM - [WARN]: ar 8, (359874043116909, java.lang.String)
OP_MOV_RESULT - [BB]: Result data: 359874043116909
OP_MOV_RESULT - [DEBUG]: Result data: 359874043116909, type: java.lang.String, to [reg 8@MainActivity/onCreate]
DalvikVM - [BB]: fu.hao.trust.dvm.Executor$OP_MOV_RESULT -> jump set pc to 10
TaintSumBranch - [BB]: <8 INVOKE,VIRTUAL,extra=[android.telephony.TelephonyManager/getDeviceId[], [10]]>
TaintSumBranch - [BB]: Add reg 8 due to ret reg.
PluginManager - [MSG]: TaintSumBranch Tainted Res: {359874043116909=<8 INVOKE,VIRTUAL,extra=[android.telephony.TelephonyManager/getDeviceId[], [10]]>, [reg 8@MainActivity/onCreate]=<8 INVOKE,VIRTUAL,extra=[android.telephony.TelephonyManager/getDeviceId[], [10]]>}
Executor - [MSG]: 

Executor - [MSG]: <10 NEW,INSTANCE,dst=r13,type=edu.mit.serialization.S> at edu.mit.serialization.MainActivity/onCreate[android.os.Bundle]
OP_NEW_INSTANCE - [DEBUG]: [reg 13@MainActivity/onCreate]
DalvikVM - [BB]: Superclass: edu.mit.serialization.S
DalvikVM - [BB]: Superclass: java.lang.Object
DVMObject - [BB]: New instance of edu.mit.serialization.S
Caller@4: <init>@fu.hao.trust.dvm.DVMObject - [BB]: getClass edu.mit.serialization.S at fu.hao.trust.dvm.VMHeap@4636acab
Caller: getClass@fu.hao.trust.dvm.VMHeap - [BB]: new class representation for edu.mit.serialization.S at fu.hao.trust.dvm.VMHeap@4636acab
Caller: <init>@fu.hao.trust.dvm.DVMObject - [BB]: Get DVMClass for type edu.mit.serialization.S
Caller@4: <init>@fu.hao.trust.dvm.DVMObject - [BB]: getClass edu.mit.serialization.S at fu.hao.trust.dvm.VMHeap@4636acab
DalvikVM - [WARN]: ar 13, (instance number 1@edu.mit.serialization.S, edu.mit.serialization.S)
OP_NEW_INSTANCE - [DEBUG]: New object of edu.mit.serialization.Screated:instance number 1@edu.mit.serialization.S
DalvikVM - [BB]: fu.hao.trust.dvm.Executor$OP_NEW_INSTANCE -> jump set pc to 11
TaintSumBranch - [BB]: Rdst [reg 13@MainActivity/onCreate]
PluginManager - [MSG]: TaintSumBranch Tainted Res: {359874043116909=<8 INVOKE,VIRTUAL,extra=[android.telephony.TelephonyManager/getDeviceId[], [10]]>, [reg 8@MainActivity/onCreate]=<8 INVOKE,VIRTUAL,extra=[android.telephony.TelephonyManager/getDeviceId[], [10]]>}
Executor - [MSG]: 

Executor - [MSG]: <11 INVOKE,DIRECT,extra=[edu.mit.serialization.S/<init>[java.lang.String], [13, 8]]> at edu.mit.serialization.MainActivity/onCreate[android.os.Bundle]
Executor - [MSG]: arg0 obj: instance number 1@edu.mit.serialization.S
Executor - [WARN]: Reflection error: edu.mit.serialization.S
DalvikVM - [BB]: fu.hao.trust.dvm.Executor -> jump set pc to 12
DalvikVM - [BB]: New method call: edu.mit.serialization.S/<init>[java.lang.String]
DalvikVM - [BB]: [0]<0 SPECIAL,ARGUMENT_SET,extra=[0, 1]>
DalvikVM - [BB]: [1]<0 INVOKE,DIRECT,extra=[java.lang.Object/<init>[], [0]]>
DalvikVM - [BB]: [2]<0 INSTANCE,IPUT,r0=r0,r1=r1,type=java.lang.Object,extra=edu.mit.serialization.S.message>
DalvikVM - [BB]: [3]<0 RETURN,VOID>
newStackFrame - [BB]: New Stack Frame: StackFrame edu.mit.serialization.S/<init>[java.lang.String], pc 12 stored. 
newStackFrame - [BB]: Add frame StackFrame edu.mit.serialization.S/<init>[java.lang.String]
newStackFrame - [BB]: Stack: [StackFrame edu.mit.serialization.MainActivity/onCreate[android.os.Bundle], StackFrame edu.mit.serialization.S/<init>[java.lang.String]]
TaintSumBranch - [BB]: <edu.mit.serialization.S: void <init>(java.lang.String)>
TaintSumBranch - [DEBUG]: Not a taint call: <edu.mit.serialization.S: void <init>(java.lang.String)>
PluginManager - [MSG]: TaintSumBranch Tainted Res: {359874043116909=<8 INVOKE,VIRTUAL,extra=[android.telephony.TelephonyManager/getDeviceId[], [10]]>, [reg 8@MainActivity/onCreate]=<8 INVOKE,VIRTUAL,extra=[android.telephony.TelephonyManager/getDeviceId[], [10]]>}
DalvikVM - [BB]: fu.hao.trust.dvm.DalvikVM -> runInstrumentedMethods set pc to 0
Executor - [MSG]: 

Executor - [MSG]: <0 SPECIAL,ARGUMENT_SET,extra=[0, 1]> at edu.mit.serialization.S/<init>[java.lang.String]
DalvikVM - [WARN]: ar 0, (instance number 1@edu.mit.serialization.S, edu.mit.serialization.S)
Executor - [DEBUG]: params: instance number 1@edu.mit.serialization.S
DalvikVM - [WARN]: ar 1, (359874043116909, java.lang.String)
Executor - [DEBUG]: params: 359874043116909
DalvikVM - [BB]: fu.hao.trust.dvm.Executor$OP_SP_ARGUMENTS -> jump set pc to 1
TaintSumBranch - [BB]: Copy 359874043116909 as tainted.
TaintSumBranch - [BB]: Add [reg 1@S/<init>] as tainted due to [reg 8@MainActivity/onCreate]
PluginManager - [MSG]: TaintSumBranch Tainted Res: {[reg 1@S/<init>]=<8 INVOKE,VIRTUAL,extra=[android.telephony.TelephonyManager/getDeviceId[], [10]]>, 359874043116909=<8 INVOKE,VIRTUAL,extra=[android.telephony.TelephonyManager/getDeviceId[], [10]]>}
Executor - [MSG]: 

Executor - [MSG]: <1 INVOKE,DIRECT,extra=[java.lang.Object/<init>[], [0]]> at edu.mit.serialization.S/<init>[java.lang.String]
Executor - [MSG]: arg0 obj: instance number 1@edu.mit.serialization.S
Executor - [MSG]: Replace the clazz.
Executor - [BB]: java.lang.Object/<init>[] is a constructor!
Executor - [WARN]: Reflection error: edu.mit.serialization.S
DalvikVM - [BB]: fu.hao.trust.dvm.Executor -> jump set pc to 2
TaintSumBranch - [BB]: <java.lang.Object: void <init>()>
TaintSumBranch - [DEBUG]: Not a taint call: <java.lang.Object: void <init>()>
PluginManager - [MSG]: TaintSumBranch Tainted Res: {[reg 1@S/<init>]=<8 INVOKE,VIRTUAL,extra=[android.telephony.TelephonyManager/getDeviceId[], [10]]>, 359874043116909=<8 INVOKE,VIRTUAL,extra=[android.telephony.TelephonyManager/getDeviceId[], [10]]>}
Executor - [MSG]: 

Executor - [MSG]: <2 INSTANCE,IPUT,r0=r0,r1=r1,type=java.lang.Object,extra=edu.mit.serialization.S.message> at edu.mit.serialization.S/<init>[java.lang.String]
class fu.hao.trust.dvm.Executor$OP_INSTANCE_PUT_FIELD - [BB]: field edu.mit.serialization.S.message
class fu.hao.trust.dvm.Executor$OP_INSTANCE_PUT_FIELD - [BB]: Target obj instance number 1@edu.mit.serialization.S
DVMObject - [DEBUG]: put field 359874043116909
class fu.hao.trust.dvm.Executor$OP_INSTANCE_PUT_FIELD - [MSG]: Put data 359874043116909 to the field of instance number 1@edu.mit.serialization.S
DalvikVM - [BB]: fu.hao.trust.dvm.Executor$OP_INSTANCE_PUT_FIELD -> jump set pc to 3
TaintSumBranch - [BB]: Add 359874043116909as tainted due to [reg 1@S/<init>]
TaintSumBranch - [MSG]: has false
TaintSumBranch - [MSG]: Tfields: {}
Results - [MSG]: Set new tainted heap loc true
TaintSumBranch - [MSG]: New tainted heap loc: /edu.mit.serialization.MainActivity/instance number 1@edu.mit.serialization.S/message
Results - [MSG]: New recorded tainted field: /edu.mit.serialization.MainActivity/instance number 1@edu.mit.serialization.S/message
TaintSumBranch - [MSG]: has true
PluginManager - [MSG]: TaintSumBranch Tainted Res: {[reg 1@S/<init>]=<8 INVOKE,VIRTUAL,extra=[android.telephony.TelephonyManager/getDeviceId[], [10]]>, 359874043116909=<8 INVOKE,VIRTUAL,extra=[android.telephony.TelephonyManager/getDeviceId[], [10]]>}
Executor - [MSG]: 

Executor - [MSG]: <3 RETURN,VOID> at edu.mit.serialization.S/<init>[java.lang.String]
class fu.hao.trust.dvm.Executor$OP_RETURN_VOID - [DEBUG]: Return void
DalvikVM - [BB]: stack [StackFrame edu.mit.serialization.MainActivity/onCreate[android.os.Bundle]]
DalvikVM - [BB]: Back to the last stack frame.StackFrame edu.mit.serialization.MainActivity/onCreate[android.os.Bundle]
PluginManager - [MSG]: TaintSumBranch Tainted Res: {359874043116909=<8 INVOKE,VIRTUAL,extra=[android.telephony.TelephonyManager/getDeviceId[], [10]]>, [reg 8@MainActivity/onCreate]=<8 INVOKE,VIRTUAL,extra=[android.telephony.TelephonyManager/getDeviceId[], [10]]>}
Executor - [MSG]: 

Executor - [MSG]: <12 NEW,INSTANCE,dst=r12,type=java.io.ByteArrayOutputStream> at edu.mit.serialization.MainActivity/onCreate[android.os.Bundle]
OP_NEW_INSTANCE - [DEBUG]: [reg 12@MainActivity/onCreate]
DalvikVM - [WARN]: ar 12, (null, java.io.ByteArrayOutputStream)
OP_NEW_INSTANCE - [BB]: Reflecable instance.
DalvikVM - [BB]: fu.hao.trust.dvm.Executor$OP_NEW_INSTANCE -> jump set pc to 13
TaintSumBranch - [BB]: Rdst [reg 12@MainActivity/onCreate]
PluginManager - [MSG]: TaintSumBranch Tainted Res: {359874043116909=<8 INVOKE,VIRTUAL,extra=[android.telephony.TelephonyManager/getDeviceId[], [10]]>, [reg 8@MainActivity/onCreate]=<8 INVOKE,VIRTUAL,extra=[android.telephony.TelephonyManager/getDeviceId[], [10]]>}
Executor - [MSG]: 

Executor - [MSG]: <13 INVOKE,DIRECT,extra=[java.io.ByteArrayOutputStream/<init>[], [12]]> at edu.mit.serialization.MainActivity/onCreate[android.os.Bundle]
Executor - [MSG]: arg0 obj: null
Executor - [MSG]: Replace the clazz.
Executor - [BB]: java.io.ByteArrayOutputStream/<init>[] is a constructor!
DalvikVM - [WARN]: ar 12 (null, java.io.ByteArrayOutputStream), (android.myclasses.ByteArrayOutputStream@6c0b5cd8, void)
Executor - [DEBUG]: Reflected init instance: android.myclasses.ByteArrayOutputStream@6c0b5cd8, class android.myclasses.ByteArrayOutputStream
DalvikVM - [BB]: fu.hao.trust.dvm.Executor -> jump set pc to 14
TaintSumBranch - [BB]: <java.io.ByteArrayOutputStream: void <init>()>
TaintSumBranch - [DEBUG]: Not a taint call: <java.io.ByteArrayOutputStream: void <init>()>
PluginManager - [MSG]: TaintSumBranch Tainted Res: {359874043116909=<8 INVOKE,VIRTUAL,extra=[android.telephony.TelephonyManager/getDeviceId[], [10]]>, [reg 8@MainActivity/onCreate]=<8 INVOKE,VIRTUAL,extra=[android.telephony.TelephonyManager/getDeviceId[], [10]]>}
Executor - [MSG]: 

Executor - [MSG]: <14 NEW,INSTANCE,dst=r11,type=java.io.ObjectOutputStream> at edu.mit.serialization.MainActivity/onCreate[android.os.Bundle]
OP_NEW_INSTANCE - [DEBUG]: [reg 11@MainActivity/onCreate]
DalvikVM - [WARN]: ar 11, (null, java.io.ObjectOutputStream)
OP_NEW_INSTANCE - [BB]: Reflecable instance.
DalvikVM - [BB]: fu.hao.trust.dvm.Executor$OP_NEW_INSTANCE -> jump set pc to 15
TaintSumBranch - [BB]: Rdst [reg 11@MainActivity/onCreate]
PluginManager - [MSG]: TaintSumBranch Tainted Res: {359874043116909=<8 INVOKE,VIRTUAL,extra=[android.telephony.TelephonyManager/getDeviceId[], [10]]>, [reg 8@MainActivity/onCreate]=<8 INVOKE,VIRTUAL,extra=[android.telephony.TelephonyManager/getDeviceId[], [10]]>}
Executor - [MSG]: 

Executor - [MSG]: <15 INVOKE,DIRECT,extra=[java.io.ObjectOutputStream/<init>[java.io.OutputStream], [11, 12]]> at edu.mit.serialization.MainActivity/onCreate[android.os.Bundle]
Executor - [MSG]: arg0 obj: null
Executor - [MSG]: Replace the clazz.
Executor - [BB]: java.io.ObjectOutputStream/<init>[java.io.OutputStream] is a constructor!
Executor - [BB]: arg1@reg12: android.myclasses.ByteArrayOutputStream@6c0b5cd8
DalvikVM - [WARN]: ar 11 (null, java.io.ObjectOutputStream), (android.myclasses.ObjectOutputStream@5c0b8e42, java.io.ObjectOutputStream)
Executor - [DEBUG]: Init instance: android.myclasses.ObjectOutputStream@5c0b8e42 class android.myclasses.ObjectOutputStream
DalvikVM - [BB]: fu.hao.trust.dvm.Executor -> jump set pc to 16
TaintSumBranch - [BB]: <java.io.ObjectOutputStream: void <init>(java.io.OutputStream)>
TaintSumBranch - [DEBUG]: Not a taint call: <java.io.ObjectOutputStream: void <init>(java.io.OutputStream)>
PluginManager - [MSG]: TaintSumBranch Tainted Res: {359874043116909=<8 INVOKE,VIRTUAL,extra=[android.telephony.TelephonyManager/getDeviceId[], [10]]>, [reg 8@MainActivity/onCreate]=<8 INVOKE,VIRTUAL,extra=[android.telephony.TelephonyManager/getDeviceId[], [10]]>}
Executor - [MSG]: 

Executor - [MSG]: <16 INVOKE,VIRTUAL,extra=[java.io.ObjectOutputStream/writeObject[java.lang.Object], [11, 13]]> at edu.mit.serialization.MainActivity/onCreate[android.os.Bundle]
Executor - [MSG]: arg0 obj: android.myclasses.ObjectOutputStream@5c0b8e42
Executor - [MSG]: Replace the clazz.
Executor - [DEBUG]: Reflction class: class android.myclasses.ObjectOutputStream
Executor - [BB]: Normal args? true
Executor - [BB]: arg1@reg13: instance number 1@edu.mit.serialization.S
Executor - [BB]: Nargs? true
Executor - [DEBUG]: Caller obj: android.myclasses.ObjectOutputStream@5c0b8e42, from class: class android.myclasses.ObjectOutputStream
DalvikVM - [WARN]: ar -1, (null, void)
Executor - [MSG]: Reflction invocation public final void android.myclasses.ObjectOutputStream.writeObject(java.lang.Object)
DalvikVM - [BB]: Set reflective call: public final void android.myclasses.ObjectOutputStream.writeObject(java.lang.Object)
DalvikVM - [BB]: fu.hao.trust.dvm.Executor -> jump set pc to 17
TaintSumBranch - [BB]: <java.io.ObjectOutputStream: void writeObject(java.lang.Object)>
TaintSumBranch - [DEBUG]: Not a taint call: <java.io.ObjectOutputStream: void writeObject(java.lang.Object)>
PluginManager - [MSG]: TaintSumBranch Tainted Res: {359874043116909=<8 INVOKE,VIRTUAL,extra=[android.telephony.TelephonyManager/getDeviceId[], [10]]>, [reg 8@MainActivity/onCreate]=<8 INVOKE,VIRTUAL,extra=[android.telephony.TelephonyManager/getDeviceId[], [10]]>}
Executor - [MSG]: 

Executor - [MSG]: <17 INVOKE,VIRTUAL,extra=[java.io.ObjectOutputStream/close[], [11]]> at edu.mit.serialization.MainActivity/onCreate[android.os.Bundle]
Executor - [MSG]: arg0 obj: android.myclasses.ObjectOutputStream@5c0b8e42
Executor - [MSG]: Replace the clazz.
Executor - [DEBUG]: Reflction class: class android.myclasses.ObjectOutputStream
DalvikVM - [WARN]: ar -1, (null, void)
Executor - [MSG]: Reflction invocation public void android.myclasses.ObjectOutputStream.close()
DalvikVM - [BB]: Set reflective call: public void android.myclasses.ObjectOutputStream.close()
DalvikVM - [BB]: fu.hao.trust.dvm.Executor -> jump set pc to 18
TaintSumBranch - [BB]: <java.io.ObjectOutputStream: void close()>
TaintSumBranch - [DEBUG]: Not a taint call: <java.io.ObjectOutputStream: void close()>
PluginManager - [MSG]: TaintSumBranch Tainted Res: {359874043116909=<8 INVOKE,VIRTUAL,extra=[android.telephony.TelephonyManager/getDeviceId[], [10]]>, [reg 8@MainActivity/onCreate]=<8 INVOKE,VIRTUAL,extra=[android.telephony.TelephonyManager/getDeviceId[], [10]]>}
Executor - [MSG]: 

Executor - [MSG]: <18 INVOKE,VIRTUAL,extra=[java.io.ByteArrayOutputStream/toByteArray[], [12]]> at edu.mit.serialization.MainActivity/onCreate[android.os.Bundle]
Executor - [MSG]: arg0 obj: android.myclasses.ByteArrayOutputStream@6c0b5cd8
Executor - [MSG]: Replace the clazz.
Executor - [DEBUG]: Reflction class: class android.myclasses.ByteArrayOutputStream
DalvikVM - [WARN]: ar -1, (instance number 1@edu.mit.serialization.S, [B)
Executor - [DEBUG]: Return data: instance number 1@edu.mit.serialization.S ,class fu.hao.trust.dvm.DVMObject
Executor - [MSG]: Reflction invocation public fu.hao.trust.dvm.DVMObject android.myclasses.ByteArrayOutputStream.toByteArray()
DalvikVM - [BB]: Set reflective call: public fu.hao.trust.dvm.DVMObject android.myclasses.ByteArrayOutputStream.toByteArray()
DalvikVM - [BB]: fu.hao.trust.dvm.Executor -> jump set pc to 19
TaintSumBranch - [BB]: <java.io.ByteArrayOutputStream: [B toByteArray()>
TaintSumBranch - [DEBUG]: Not a taint call: <java.io.ByteArrayOutputStream: [B toByteArray()>
PluginManager - [MSG]: TaintSumBranch Tainted Res: {359874043116909=<8 INVOKE,VIRTUAL,extra=[android.telephony.TelephonyManager/getDeviceId[], [10]]>, [reg 8@MainActivity/onCreate]=<8 INVOKE,VIRTUAL,extra=[android.telephony.TelephonyManager/getDeviceId[], [10]]>}
Executor - [MSG]: 

Executor - [MSG]: <19 MOV,RESULT,dst=r6,type=java.lang.Object> at edu.mit.serialization.MainActivity/onCreate[android.os.Bundle]
DalvikVM - [WARN]: ar 6, (instance number 1@edu.mit.serialization.S, [B)
OP_MOV_RESULT - [BB]: Result data: instance number 1@edu.mit.serialization.S
OP_MOV_RESULT - [DEBUG]: Result data: instance number 1@edu.mit.serialization.S, type: [B, to [reg 6@MainActivity/onCreate]
DalvikVM - [BB]: fu.hao.trust.dvm.Executor$OP_MOV_RESULT -> jump set pc to 20
PluginManager - [MSG]: TaintSumBranch Tainted Res: {359874043116909=<8 INVOKE,VIRTUAL,extra=[android.telephony.TelephonyManager/getDeviceId[], [10]]>, [reg 8@MainActivity/onCreate]=<8 INVOKE,VIRTUAL,extra=[android.telephony.TelephonyManager/getDeviceId[], [10]]>}
Executor - [MSG]: 

Executor - [MSG]: <20 NEW,INSTANCE,dst=r9,type=java.io.ByteArrayInputStream> at edu.mit.serialization.MainActivity/onCreate[android.os.Bundle]
OP_NEW_INSTANCE - [DEBUG]: [reg 9@MainActivity/onCreate]
DalvikVM - [WARN]: ar 9, (null, java.io.ByteArrayInputStream)
OP_NEW_INSTANCE - [BB]: Reflecable instance.
DalvikVM - [BB]: fu.hao.trust.dvm.Executor$OP_NEW_INSTANCE -> jump set pc to 21
TaintSumBranch - [BB]: Rdst [reg 9@MainActivity/onCreate]
PluginManager - [MSG]: TaintSumBranch Tainted Res: {359874043116909=<8 INVOKE,VIRTUAL,extra=[android.telephony.TelephonyManager/getDeviceId[], [10]]>, [reg 8@MainActivity/onCreate]=<8 INVOKE,VIRTUAL,extra=[android.telephony.TelephonyManager/getDeviceId[], [10]]>}
Executor - [MSG]: 

Executor - [MSG]: <21 INVOKE,DIRECT,extra=[java.io.ByteArrayInputStream/<init>[[B], [9, 6]]> at edu.mit.serialization.MainActivity/onCreate[android.os.Bundle]
Executor - [MSG]: arg0 obj: null
Executor - [MSG]: Replace the clazz.
Executor - [BB]: java.io.ByteArrayInputStream/<init>[[B] is a constructor!
Executor - [BB]: arg1@reg6: instance number 1@edu.mit.serialization.S
Executor - [WARN]: Mismatch type! arg 1, real para type: class fu.hao.trust.dvm.DVMObject, expected para type: class [B
Executor - [WARN]: Call the mirror method instead! [B is replaced by a dvmObj.
DalvikVM - [WARN]: ar 9 (null, java.io.ByteArrayInputStream), (android.myclasses.ByteArrayInputStream@72027e0d, java.io.ByteArrayInputStream)
Executor - [DEBUG]: Init instance: android.myclasses.ByteArrayInputStream@72027e0d class android.myclasses.ByteArrayInputStream
DalvikVM - [BB]: fu.hao.trust.dvm.Executor -> jump set pc to 22
TaintSumBranch - [BB]: <java.io.ByteArrayInputStream: void <init>([B)>
TaintSumBranch - [DEBUG]: Not a taint call: <java.io.ByteArrayInputStream: void <init>([B)>
PluginManager - [MSG]: TaintSumBranch Tainted Res: {359874043116909=<8 INVOKE,VIRTUAL,extra=[android.telephony.TelephonyManager/getDeviceId[], [10]]>, [reg 8@MainActivity/onCreate]=<8 INVOKE,VIRTUAL,extra=[android.telephony.TelephonyManager/getDeviceId[], [10]]>}
Executor - [MSG]: 

Executor - [MSG]: <22 NEW,INSTANCE,dst=r7,type=java.io.ObjectInputStream> at edu.mit.serialization.MainActivity/onCreate[android.os.Bundle]
OP_NEW_INSTANCE - [DEBUG]: [reg 7@MainActivity/onCreate]
DalvikVM - [WARN]: ar 7, (null, java.io.ObjectInputStream)
OP_NEW_INSTANCE - [BB]: Reflecable instance.
DalvikVM - [BB]: fu.hao.trust.dvm.Executor$OP_NEW_INSTANCE -> jump set pc to 23
TaintSumBranch - [BB]: Rdst [reg 7@MainActivity/onCreate]
PluginManager - [MSG]: TaintSumBranch Tainted Res: {359874043116909=<8 INVOKE,VIRTUAL,extra=[android.telephony.TelephonyManager/getDeviceId[], [10]]>, [reg 8@MainActivity/onCreate]=<8 INVOKE,VIRTUAL,extra=[android.telephony.TelephonyManager/getDeviceId[], [10]]>}
Executor - [MSG]: 

Executor - [MSG]: <23 INVOKE,DIRECT,extra=[java.io.ObjectInputStream/<init>[java.io.InputStream], [7, 9]]> at edu.mit.serialization.MainActivity/onCreate[android.os.Bundle]
Executor - [MSG]: arg0 obj: null
Executor - [MSG]: Replace the clazz.
Executor - [BB]: java.io.ObjectInputStream/<init>[java.io.InputStream] is a constructor!
Executor - [BB]: arg1@reg9: android.myclasses.ByteArrayInputStream@72027e0d
DalvikVM - [WARN]: ar 7 (null, java.io.ObjectInputStream), (android.myclasses.ObjectInputStream@1d94a7ec, java.io.ObjectInputStream)
Executor - [DEBUG]: Init instance: android.myclasses.ObjectInputStream@1d94a7ec class android.myclasses.ObjectInputStream
DalvikVM - [BB]: fu.hao.trust.dvm.Executor -> jump set pc to 24
TaintSumBranch - [BB]: <java.io.ObjectInputStream: void <init>(java.io.InputStream)>
TaintSumBranch - [DEBUG]: Not a taint call: <java.io.ObjectInputStream: void <init>(java.io.InputStream)>
PluginManager - [MSG]: TaintSumBranch Tainted Res: {359874043116909=<8 INVOKE,VIRTUAL,extra=[android.telephony.TelephonyManager/getDeviceId[], [10]]>, [reg 8@MainActivity/onCreate]=<8 INVOKE,VIRTUAL,extra=[android.telephony.TelephonyManager/getDeviceId[], [10]]>}
Executor - [MSG]: 

Executor - [MSG]: <24 INVOKE,VIRTUAL,extra=[java.io.ObjectInputStream/readObject[], [7]]> at edu.mit.serialization.MainActivity/onCreate[android.os.Bundle]
Executor - [MSG]: arg0 obj: android.myclasses.ObjectInputStream@1d94a7ec
Executor - [MSG]: Replace the clazz.
Executor - [DEBUG]: Reflction class: class android.myclasses.ObjectInputStream
DalvikVM - [WARN]: ar -1, (instance number 1@edu.mit.serialization.S, java.lang.Object)
Executor - [DEBUG]: Return data: instance number 1@edu.mit.serialization.S ,class fu.hao.trust.dvm.DVMObject
Executor - [MSG]: Reflction invocation public final java.lang.Object android.myclasses.ObjectInputStream.readObject()
DalvikVM - [BB]: Set reflective call: public final java.lang.Object android.myclasses.ObjectInputStream.readObject()
DalvikVM - [BB]: fu.hao.trust.dvm.Executor -> jump set pc to 25
TaintSumBranch - [BB]: <java.io.ObjectInputStream: java.lang.Object readObject()>
TaintSumBranch - [DEBUG]: Not a taint call: <java.io.ObjectInputStream: java.lang.Object readObject()>
PluginManager - [MSG]: TaintSumBranch Tainted Res: {359874043116909=<8 INVOKE,VIRTUAL,extra=[android.telephony.TelephonyManager/getDeviceId[], [10]]>, [reg 8@MainActivity/onCreate]=<8 INVOKE,VIRTUAL,extra=[android.telephony.TelephonyManager/getDeviceId[], [10]]>}
Executor - [MSG]: 

Executor - [MSG]: <25 MOV,RESULT,dst=r14,type=java.lang.Object> at edu.mit.serialization.MainActivity/onCreate[android.os.Bundle]
DalvikVM - [WARN]: ar 14, (instance number 1@edu.mit.serialization.S, java.lang.Object)
OP_MOV_RESULT - [BB]: Result data: instance number 1@edu.mit.serialization.S
OP_MOV_RESULT - [DEBUG]: Result data: instance number 1@edu.mit.serialization.S, type: java.lang.Object, to [reg 14@MainActivity/onCreate]
DalvikVM - [BB]: fu.hao.trust.dvm.Executor$OP_MOV_RESULT -> jump set pc to 26
PluginManager - [MSG]: TaintSumBranch Tainted Res: {359874043116909=<8 INVOKE,VIRTUAL,extra=[android.telephony.TelephonyManager/getDeviceId[], [10]]>, [reg 8@MainActivity/onCreate]=<8 INVOKE,VIRTUAL,extra=[android.telephony.TelephonyManager/getDeviceId[], [10]]>}
Executor - [MSG]: 

Executor - [MSG]: <26 ARITHMETIC,CHECK-AND-CAST,dst=r14,type=edu.mit.serialization.S> at edu.mit.serialization.MainActivity/onCreate[android.os.Bundle]
DalvikVM - [BB]: fu.hao.trust.dvm.Executor$OP_ARITHETIC -> jump set pc to 27
PluginManager - [MSG]: TaintSumBranch Tainted Res: {359874043116909=<8 INVOKE,VIRTUAL,extra=[android.telephony.TelephonyManager/getDeviceId[], [10]]>, [reg 8@MainActivity/onCreate]=<8 INVOKE,VIRTUAL,extra=[android.telephony.TelephonyManager/getDeviceId[], [10]]>}
Executor - [MSG]: 

Executor - [MSG]: <27 INVOKE,VIRTUAL,extra=[java.io.ObjectInputStream/close[], [7]]> at edu.mit.serialization.MainActivity/onCreate[android.os.Bundle]
Executor - [MSG]: arg0 obj: android.myclasses.ObjectInputStream@1d94a7ec
Executor - [MSG]: Replace the clazz.
Executor - [DEBUG]: Reflction class: class android.myclasses.ObjectInputStream
DalvikVM - [WARN]: ar -1, (null, void)
Executor - [MSG]: Reflction invocation public void android.myclasses.ObjectInputStream.close()
DalvikVM - [BB]: Set reflective call: public void android.myclasses.ObjectInputStream.close()
DalvikVM - [BB]: fu.hao.trust.dvm.Executor -> jump set pc to 28
TaintSumBranch - [BB]: <java.io.ObjectInputStream: void close()>
TaintSumBranch - [DEBUG]: Not a taint call: <java.io.ObjectInputStream: void close()>
PluginManager - [MSG]: TaintSumBranch Tainted Res: {359874043116909=<8 INVOKE,VIRTUAL,extra=[android.telephony.TelephonyManager/getDeviceId[], [10]]>, [reg 8@MainActivity/onCreate]=<8 INVOKE,VIRTUAL,extra=[android.telephony.TelephonyManager/getDeviceId[], [10]]>}
Executor - [MSG]: 

Executor - [MSG]: <28 MOV,CONST,dst=r1,type=java.lang.String,extra="DroidBench"> at edu.mit.serialization.MainActivity/onCreate[android.os.Bundle]
Executor - [DEBUG]: Mov const begin <28 MOV,CONST,dst=r1,type=java.lang.String,extra="DroidBench">
DalvikVM - [WARN]: ar 1 (phone, java.lang.String), (DroidBench, java.lang.String)
Executor - [DEBUG]: data: DroidBench class java.lang.String
DalvikVM - [BB]: fu.hao.trust.dvm.Executor$OP_MOV_CONST -> jump set pc to 29
PluginManager - [MSG]: TaintSumBranch Tainted Res: {359874043116909=<8 INVOKE,VIRTUAL,extra=[android.telephony.TelephonyManager/getDeviceId[], [10]]>, [reg 8@MainActivity/onCreate]=<8 INVOKE,VIRTUAL,extra=[android.telephony.TelephonyManager/getDeviceId[], [10]]>}
Executor - [MSG]: 

Executor - [MSG]: <29 INVOKE,VIRTUAL,extra=[edu.mit.serialization.S/toString[], [14]]> at edu.mit.serialization.MainActivity/onCreate[android.os.Bundle]
Executor - [MSG]: arg0 obj: instance number 1@edu.mit.serialization.S
Executor - [WARN]: Reflection error: edu.mit.serialization.S
DalvikVM - [BB]: fu.hao.trust.dvm.Executor -> jump set pc to 30
DalvikVM - [BB]: New method call: edu.mit.serialization.S/toString[]
DalvikVM - [BB]: [0]<0 SPECIAL,ARGUMENT_SET,extra=[1]>
DalvikVM - [BB]: [1]<0 INSTANCE,IGET,r0=r1,r1=r0,type=java.lang.Object,extra=edu.mit.serialization.S.message>
DalvikVM - [BB]: [2]<0 RETURN,VALUE,r0=r0,type=java.lang.Object>
newStackFrame - [BB]: New Stack Frame: StackFrame edu.mit.serialization.S/toString[], pc 30 stored. 
newStackFrame - [BB]: Add frame StackFrame edu.mit.serialization.S/toString[]
newStackFrame - [BB]: Stack: [StackFrame edu.mit.serialization.MainActivity/onCreate[android.os.Bundle], StackFrame edu.mit.serialization.S/toString[]]
PluginManager - [MSG]: TaintSumBranch Tainted Res: {359874043116909=<8 INVOKE,VIRTUAL,extra=[android.telephony.TelephonyManager/getDeviceId[], [10]]>}
DalvikVM - [BB]: fu.hao.trust.dvm.DalvikVM -> runInstrumentedMethods set pc to 0
Executor - [MSG]: 

Executor - [MSG]: <0 SPECIAL,ARGUMENT_SET,extra=[1]> at edu.mit.serialization.S/toString[]
DalvikVM - [WARN]: ar 1, (instance number 1@edu.mit.serialization.S, java.lang.Object)
Executor - [DEBUG]: params: instance number 1@edu.mit.serialization.S
DalvikVM - [BB]: fu.hao.trust.dvm.Executor$OP_SP_ARGUMENTS -> jump set pc to 1
TaintSumBranch - [BB]: Copy 359874043116909 as tainted.
PluginManager - [MSG]: TaintSumBranch Tainted Res: {359874043116909=<8 INVOKE,VIRTUAL,extra=[android.telephony.TelephonyManager/getDeviceId[], [10]]>}
Executor - [MSG]: 

Executor - [MSG]: <1 INSTANCE,IGET,r0=r1,r1=r0,type=java.lang.Object,extra=edu.mit.serialization.S.message> at edu.mit.serialization.S/toString[]
class fu.hao.trust.dvm.Executor$OP_INSTANCE_GET_FIELD - [BB]: Obj instance number 1@edu.mit.serialization.S
class fu.hao.trust.dvm.Executor$OP_INSTANCE_GET_FIELD - [BB]: Fieldinfo edu.mit.serialization.S.message
DalvikVM - [WARN]: ar 0, (359874043116909, java.lang.String)
class fu.hao.trust.dvm.Executor$OP_INSTANCE_GET_FIELD - [DEBUG]: Get data: 359874043116909
DalvikVM - [BB]: fu.hao.trust.dvm.Executor$OP_INSTANCE_GET_FIELD -> jump set pc to 2
TaintSumBranch - [BB]: Add [reg 0@S/toString] as tainted due to field 359874043116909
PluginManager - [MSG]: TaintSumBranch Tainted Res: {359874043116909=<8 INVOKE,VIRTUAL,extra=[android.telephony.TelephonyManager/getDeviceId[], [10]]>, [reg 0@S/toString]=<8 INVOKE,VIRTUAL,extra=[android.telephony.TelephonyManager/getDeviceId[], [10]]>}
Executor - [MSG]: 

Executor - [MSG]: <2 RETURN,VALUE,r0=r0,type=java.lang.Object> at edu.mit.serialization.S/toString[]
DalvikVM - [WARN]: ar -1, (359874043116909, java.lang.String)
Executor - [BB]: Return data: 359874043116909
DalvikVM - [BB]: stack [StackFrame edu.mit.serialization.MainActivity/onCreate[android.os.Bundle]]
DalvikVM - [BB]: Back to the last stack frame.StackFrame edu.mit.serialization.MainActivity/onCreate[android.os.Bundle]
TaintSumBranch - [BB]: Add [Global RetReg] as tainted due to [reg 0@S/toString]
PluginManager - [MSG]: TaintSumBranch Tainted Res: {359874043116909=<8 INVOKE,VIRTUAL,extra=[android.telephony.TelephonyManager/getDeviceId[], [10]]>, [reg 8@MainActivity/onCreate]=<8 INVOKE,VIRTUAL,extra=[android.telephony.TelephonyManager/getDeviceId[], [10]]>, [Global RetReg]=<8 INVOKE,VIRTUAL,extra=[android.telephony.TelephonyManager/getDeviceId[], [10]]>}
Executor - [MSG]: 

Executor - [MSG]: <30 MOV,RESULT,dst=r2,type=java.lang.Object> at edu.mit.serialization.MainActivity/onCreate[android.os.Bundle]
DalvikVM - [WARN]: ar 2, (359874043116909, java.lang.String)
OP_MOV_RESULT - [BB]: Result data: 359874043116909
OP_MOV_RESULT - [DEBUG]: Result data: 359874043116909, type: java.lang.String, to [reg 2@MainActivity/onCreate]
DalvikVM - [BB]: fu.hao.trust.dvm.Executor$OP_MOV_RESULT -> jump set pc to 31
TaintSumBranch - [BB]: <8 INVOKE,VIRTUAL,extra=[android.telephony.TelephonyManager/getDeviceId[], [10]]>
TaintSumBranch - [BB]: Add reg 2 due to ret reg.
PluginManager - [MSG]: TaintSumBranch Tainted Res: {359874043116909=<8 INVOKE,VIRTUAL,extra=[android.telephony.TelephonyManager/getDeviceId[], [10]]>, [reg 2@MainActivity/onCreate]=<8 INVOKE,VIRTUAL,extra=[android.telephony.TelephonyManager/getDeviceId[], [10]]>, [reg 8@MainActivity/onCreate]=<8 INVOKE,VIRTUAL,extra=[android.telephony.TelephonyManager/getDeviceId[], [10]]>}
Executor - [MSG]: 

Executor - [MSG]: <31 INVOKE,STATIC,extra=[android.util.Log/i[java.lang.String, java.lang.String], [1, 2]]> at edu.mit.serialization.MainActivity/onCreate[android.os.Bundle]
Executor - [DEBUG]: Reflction class android.util.Log
Executor - [BB]: arg0@reg1: DroidBench
Executor - [BB]: arg1@reg2: 359874043116909
Executor - [BB]: param: DroidBench
Executor - [BB]: param: 359874043116909
DalvikVM - [WARN]: ar -1, (1, int)
Executor - [MSG]: reflction invocation public static int android.util.Log.i(java.lang.String,java.lang.String)
DalvikVM - [BB]: Set reflective call: public static int android.util.Log.i(java.lang.String,java.lang.String)
DalvikVM - [BB]: fu.hao.trust.dvm.Executor$OP_INVOKE_STATIC -> jump set pc to 32
TaintSumBranch - [BB]: <android.util.Log: int i(java.lang.String,java.lang.String)>
TaintSumBranch - [WARN]: Found a tainted return val!
Results - [MSG]: New recorded tainted field: i
TaintSumBranch - [DEBUG]: Not a taint call: <android.util.Log: int i(java.lang.String,java.lang.String)>
TaintSumBranch - [WARN]: Found a tainted return val!
PluginManager - [MSG]: TaintSumBranch Tainted Res: {359874043116909=<8 INVOKE,VIRTUAL,extra=[android.telephony.TelephonyManager/getDeviceId[], [10]]>, [reg 2@MainActivity/onCreate]=<8 INVOKE,VIRTUAL,extra=[android.telephony.TelephonyManager/getDeviceId[], [10]]>, [reg 8@MainActivity/onCreate]=<8 INVOKE,VIRTUAL,extra=[android.telephony.TelephonyManager/getDeviceId[], [10]]>, [Global RetReg]=<8 INVOKE,VIRTUAL,extra=[android.telephony.TelephonyManager/getDeviceId[], [10]]>}
Executor - [MSG]: 

Executor - [MSG]: <32 INVOKE,STATIC,extra=[android.telephony.SmsManager/getDefault[], []]> at edu.mit.serialization.MainActivity/onCreate[android.os.Bundle]
Executor - [DEBUG]: Reflction class android.telephony.SmsManager
DalvikVM - [WARN]: ar -1, (android.telephony.SmsManager@792442a2, android.telephony.SmsManager)
Executor - [MSG]: reflction invocation public static android.telephony.SmsManager android.telephony.SmsManager.getDefault()
DalvikVM - [BB]: Set reflective call: public static android.telephony.SmsManager android.telephony.SmsManager.getDefault()
DalvikVM - [BB]: fu.hao.trust.dvm.Executor$OP_INVOKE_STATIC -> jump set pc to 33
TaintSumBranch - [BB]: <android.telephony.SmsManager: android.telephony.SmsManager getDefault()>
TaintSumBranch - [DEBUG]: Not a taint call: <android.telephony.SmsManager: android.telephony.SmsManager getDefault()>
PluginManager - [MSG]: TaintSumBranch Tainted Res: {359874043116909=<8 INVOKE,VIRTUAL,extra=[android.telephony.TelephonyManager/getDeviceId[], [10]]>, [reg 2@MainActivity/onCreate]=<8 INVOKE,VIRTUAL,extra=[android.telephony.TelephonyManager/getDeviceId[], [10]]>, [reg 8@MainActivity/onCreate]=<8 INVOKE,VIRTUAL,extra=[android.telephony.TelephonyManager/getDeviceId[], [10]]>}
Executor - [MSG]: 

Executor - [MSG]: <33 MOV,RESULT,dst=r0,type=java.lang.Object> at edu.mit.serialization.MainActivity/onCreate[android.os.Bundle]
DalvikVM - [WARN]: ar 0, (android.telephony.SmsManager@792442a2, android.telephony.SmsManager)
OP_MOV_RESULT - [BB]: Result data: android.telephony.SmsManager@792442a2
OP_MOV_RESULT - [DEBUG]: Result data: android.telephony.SmsManager@792442a2, type: android.telephony.SmsManager, to [reg 0@MainActivity/onCreate]
DalvikVM - [BB]: fu.hao.trust.dvm.Executor$OP_MOV_RESULT -> jump set pc to 34
PluginManager - [MSG]: TaintSumBranch Tainted Res: {359874043116909=<8 INVOKE,VIRTUAL,extra=[android.telephony.TelephonyManager/getDeviceId[], [10]]>, [reg 2@MainActivity/onCreate]=<8 INVOKE,VIRTUAL,extra=[android.telephony.TelephonyManager/getDeviceId[], [10]]>, [reg 8@MainActivity/onCreate]=<8 INVOKE,VIRTUAL,extra=[android.telephony.TelephonyManager/getDeviceId[], [10]]>}
Executor - [MSG]: 

Executor - [MSG]: <34 MOV,CONST,dst=r1,type=java.lang.String,extra="+49 1234"> at edu.mit.serialization.MainActivity/onCreate[android.os.Bundle]
Executor - [DEBUG]: Mov const begin <34 MOV,CONST,dst=r1,type=java.lang.String,extra="+49 1234">
DalvikVM - [WARN]: ar 1 (DroidBench, java.lang.String), (+49 1234, java.lang.String)
Executor - [DEBUG]: data: +49 1234 class java.lang.String
DalvikVM - [BB]: fu.hao.trust.dvm.Executor$OP_MOV_CONST -> jump set pc to 35
PluginManager - [MSG]: TaintSumBranch Tainted Res: {359874043116909=<8 INVOKE,VIRTUAL,extra=[android.telephony.TelephonyManager/getDeviceId[], [10]]>, [reg 2@MainActivity/onCreate]=<8 INVOKE,VIRTUAL,extra=[android.telephony.TelephonyManager/getDeviceId[], [10]]>, [reg 8@MainActivity/onCreate]=<8 INVOKE,VIRTUAL,extra=[android.telephony.TelephonyManager/getDeviceId[], [10]]>}
Executor - [MSG]: 

Executor - [MSG]: <35 MOV,CONST,dst=r2,type=void,extra=class patdroid.core.PrimitiveInfo?0> at edu.mit.serialization.MainActivity/onCreate[android.os.Bundle]
Executor - [DEBUG]: Mov const begin <35 MOV,CONST,dst=r2,type=void,extra=class patdroid.core.PrimitiveInfo?0>
DalvikVM - [WARN]: ar 2 (359874043116909, java.lang.String), (0, void)
Executor - [DEBUG]: data: 0 class patdroid.core.PrimitiveInfo
DalvikVM - [BB]: fu.hao.trust.dvm.Executor$OP_MOV_CONST -> jump set pc to 36
PluginManager - [MSG]: TaintSumBranch Tainted Res: {359874043116909=<8 INVOKE,VIRTUAL,extra=[android.telephony.TelephonyManager/getDeviceId[], [10]]>, [reg 8@MainActivity/onCreate]=<8 INVOKE,VIRTUAL,extra=[android.telephony.TelephonyManager/getDeviceId[], [10]]>}
Executor - [MSG]: 

Executor - [MSG]: <36 INVOKE,VIRTUAL,extra=[edu.mit.serialization.S/toString[], [14]]> at edu.mit.serialization.MainActivity/onCreate[android.os.Bundle]
Executor - [MSG]: arg0 obj: instance number 1@edu.mit.serialization.S
Executor - [WARN]: Reflection error: edu.mit.serialization.S
DalvikVM - [BB]: fu.hao.trust.dvm.Executor -> jump set pc to 37
DalvikVM - [BB]: New method call: edu.mit.serialization.S/toString[]
DalvikVM - [BB]: [0]<0 SPECIAL,ARGUMENT_SET,extra=[1]>
DalvikVM - [BB]: [1]<1 INSTANCE,IGET,r0=r1,r1=r0,type=java.lang.Object,extra=edu.mit.serialization.S.message>
DalvikVM - [BB]: [2]<2 RETURN,VALUE,r0=r0,type=java.lang.Object>
newStackFrame - [BB]: New Stack Frame: StackFrame edu.mit.serialization.S/toString[], pc 37 stored. 
newStackFrame - [BB]: Add frame StackFrame edu.mit.serialization.S/toString[]
newStackFrame - [BB]: Stack: [StackFrame edu.mit.serialization.MainActivity/onCreate[android.os.Bundle], StackFrame edu.mit.serialization.S/toString[]]
PluginManager - [MSG]: TaintSumBranch Tainted Res: {359874043116909=<8 INVOKE,VIRTUAL,extra=[android.telephony.TelephonyManager/getDeviceId[], [10]]>}
DalvikVM - [BB]: fu.hao.trust.dvm.DalvikVM -> runInstrumentedMethods set pc to 0
Executor - [MSG]: 

Executor - [MSG]: <0 SPECIAL,ARGUMENT_SET,extra=[1]> at edu.mit.serialization.S/toString[]
DalvikVM - [WARN]: ar 1, (instance number 1@edu.mit.serialization.S, java.lang.Object)
Executor - [DEBUG]: params: instance number 1@edu.mit.serialization.S
DalvikVM - [BB]: fu.hao.trust.dvm.Executor$OP_SP_ARGUMENTS -> jump set pc to 1
TaintSumBranch - [BB]: Copy 359874043116909 as tainted.
PluginManager - [MSG]: TaintSumBranch Tainted Res: {359874043116909=<8 INVOKE,VIRTUAL,extra=[android.telephony.TelephonyManager/getDeviceId[], [10]]>}
Executor - [MSG]: 

Executor - [MSG]: <1 INSTANCE,IGET,r0=r1,r1=r0,type=java.lang.Object,extra=edu.mit.serialization.S.message> at edu.mit.serialization.S/toString[]
class fu.hao.trust.dvm.Executor$OP_INSTANCE_GET_FIELD - [BB]: Obj instance number 1@edu.mit.serialization.S
class fu.hao.trust.dvm.Executor$OP_INSTANCE_GET_FIELD - [BB]: Fieldinfo edu.mit.serialization.S.message
DalvikVM - [WARN]: ar 0, (359874043116909, java.lang.String)
class fu.hao.trust.dvm.Executor$OP_INSTANCE_GET_FIELD - [DEBUG]: Get data: 359874043116909
DalvikVM - [BB]: fu.hao.trust.dvm.Executor$OP_INSTANCE_GET_FIELD -> jump set pc to 2
TaintSumBranch - [BB]: Add [reg 0@S/toString] as tainted due to field 359874043116909
PluginManager - [MSG]: TaintSumBranch Tainted Res: {[reg 0@S/toString]=<8 INVOKE,VIRTUAL,extra=[android.telephony.TelephonyManager/getDeviceId[], [10]]>, 359874043116909=<8 INVOKE,VIRTUAL,extra=[android.telephony.TelephonyManager/getDeviceId[], [10]]>}
Executor - [MSG]: 

Executor - [MSG]: <2 RETURN,VALUE,r0=r0,type=java.lang.Object> at edu.mit.serialization.S/toString[]
DalvikVM - [WARN]: ar -1, (359874043116909, java.lang.String)
Executor - [BB]: Return data: 359874043116909
DalvikVM - [BB]: stack [StackFrame edu.mit.serialization.MainActivity/onCreate[android.os.Bundle]]
DalvikVM - [BB]: Back to the last stack frame.StackFrame edu.mit.serialization.MainActivity/onCreate[android.os.Bundle]
TaintSumBranch - [BB]: Add [Global RetReg] as tainted due to [reg 0@S/toString]
PluginManager - [MSG]: TaintSumBranch Tainted Res: {359874043116909=<8 INVOKE,VIRTUAL,extra=[android.telephony.TelephonyManager/getDeviceId[], [10]]>, [reg 8@MainActivity/onCreate]=<8 INVOKE,VIRTUAL,extra=[android.telephony.TelephonyManager/getDeviceId[], [10]]>, [Global RetReg]=<8 INVOKE,VIRTUAL,extra=[android.telephony.TelephonyManager/getDeviceId[], [10]]>}
Executor - [MSG]: 

Executor - [MSG]: <37 MOV,RESULT,dst=r3,type=java.lang.Object> at edu.mit.serialization.MainActivity/onCreate[android.os.Bundle]
DalvikVM - [WARN]: ar 3, (359874043116909, java.lang.String)
OP_MOV_RESULT - [BB]: Result data: 359874043116909
OP_MOV_RESULT - [DEBUG]: Result data: 359874043116909, type: java.lang.String, to [reg 3@MainActivity/onCreate]
DalvikVM - [BB]: fu.hao.trust.dvm.Executor$OP_MOV_RESULT -> jump set pc to 38
TaintSumBranch - [BB]: <8 INVOKE,VIRTUAL,extra=[android.telephony.TelephonyManager/getDeviceId[], [10]]>
TaintSumBranch - [BB]: Add reg 3 due to ret reg.
PluginManager - [MSG]: TaintSumBranch Tainted Res: {359874043116909=<8 INVOKE,VIRTUAL,extra=[android.telephony.TelephonyManager/getDeviceId[], [10]]>, [reg 3@MainActivity/onCreate]=<8 INVOKE,VIRTUAL,extra=[android.telephony.TelephonyManager/getDeviceId[], [10]]>, [reg 8@MainActivity/onCreate]=<8 INVOKE,VIRTUAL,extra=[android.telephony.TelephonyManager/getDeviceId[], [10]]>}
Executor - [MSG]: 

Executor - [MSG]: <38 MOV,CONST,dst=r4,type=void,extra=class patdroid.core.PrimitiveInfo?0> at edu.mit.serialization.MainActivity/onCreate[android.os.Bundle]
Executor - [DEBUG]: Mov const begin <38 MOV,CONST,dst=r4,type=void,extra=class patdroid.core.PrimitiveInfo?0>
DalvikVM - [WARN]: ar 4, (0, void)
Executor - [DEBUG]: data: 0 class patdroid.core.PrimitiveInfo
DalvikVM - [BB]: fu.hao.trust.dvm.Executor$OP_MOV_CONST -> jump set pc to 39
PluginManager - [MSG]: TaintSumBranch Tainted Res: {359874043116909=<8 INVOKE,VIRTUAL,extra=[android.telephony.TelephonyManager/getDeviceId[], [10]]>, [reg 3@MainActivity/onCreate]=<8 INVOKE,VIRTUAL,extra=[android.telephony.TelephonyManager/getDeviceId[], [10]]>, [reg 8@MainActivity/onCreate]=<8 INVOKE,VIRTUAL,extra=[android.telephony.TelephonyManager/getDeviceId[], [10]]>}
Executor - [MSG]: 

Executor - [MSG]: <39 MOV,CONST,dst=r5,type=void,extra=class patdroid.core.PrimitiveInfo?0> at edu.mit.serialization.MainActivity/onCreate[android.os.Bundle]
Executor - [DEBUG]: Mov const begin <39 MOV,CONST,dst=r5,type=void,extra=class patdroid.core.PrimitiveInfo?0>
DalvikVM - [WARN]: ar 5, (0, void)
Executor - [DEBUG]: data: 0 class patdroid.core.PrimitiveInfo
DalvikVM - [BB]: fu.hao.trust.dvm.Executor$OP_MOV_CONST -> jump set pc to 40
PluginManager - [MSG]: TaintSumBranch Tainted Res: {359874043116909=<8 INVOKE,VIRTUAL,extra=[android.telephony.TelephonyManager/getDeviceId[], [10]]>, [reg 3@MainActivity/onCreate]=<8 INVOKE,VIRTUAL,extra=[android.telephony.TelephonyManager/getDeviceId[], [10]]>, [reg 8@MainActivity/onCreate]=<8 INVOKE,VIRTUAL,extra=[android.telephony.TelephonyManager/getDeviceId[], [10]]>}
Executor - [MSG]: 

Executor - [MSG]: <40 INVOKE,VIRTUAL,extra=[android.telephony.SmsManager/sendTextMessage[java.lang.String, java.lang.String, java.lang.String, android.app.PendingIntent, android.app.PendingIntent], [0, 1, 2, 3, 4, 5]]> at edu.mit.serialization.MainActivity/onCreate[android.os.Bundle]
Executor - [MSG]: arg0 obj: android.telephony.SmsManager@792442a2
Executor - [DEBUG]: Reflction class: class android.telephony.SmsManager
Executor - [BB]: Normal args? true
Executor - [BB]: arg1@reg1: +49 1234
Executor - [BB]: arg2@reg2: 0
Executor - [WARN]: Mismatch type! arg 2, real para type: class patdroid.core.PrimitiveInfo, expected para type: class java.lang.String
Executor - [BB]: arg3@reg3: 359874043116909
Executor - [BB]: arg4@reg4: 0
Executor - [WARN]: Mismatch type! arg 4, real para type: class patdroid.core.PrimitiveInfo, expected para type: class android.app.PendingIntent
Executor - [BB]: arg5@reg5: 0
Executor - [WARN]: Mismatch type! arg 5, real para type: class patdroid.core.PrimitiveInfo, expected para type: class android.app.PendingIntent
Executor - [BB]: Nargs? true
Executor - [DEBUG]: Caller obj: android.telephony.SmsManager@792442a2, from class: class android.telephony.SmsManager
DalvikVM - [WARN]: ar -1, (null, void)
Executor - [MSG]: Reflction invocation public void android.telephony.SmsManager.sendTextMessage(java.lang.String,java.lang.String,java.lang.String,android.app.PendingIntent,android.app.PendingIntent)
DalvikVM - [BB]: Set reflective call: public void android.telephony.SmsManager.sendTextMessage(java.lang.String,java.lang.String,java.lang.String,android.app.PendingIntent,android.app.PendingIntent)
DalvikVM - [BB]: fu.hao.trust.dvm.Executor -> jump set pc to 41
TaintSumBranch - [BB]: <android.telephony.SmsManager: void sendTextMessage(java.lang.String,java.lang.String,java.lang.String,android.app.PendingIntent,android.app.PendingIntent)>
TaintSumBranch - [WARN]: Found a tainted return val!
Results - [MSG]: New recorded tainted field: sendTextMessage
TaintSumBranch - [BB]: Found a sink invocation. <android.telephony.SmsManager: void sendTextMessage(java.lang.String,java.lang.String,java.lang.String,android.app.PendingIntent,android.app.PendingIntent)>
TaintSumBranch - [WARN]: Found a tainted sink <android.telephony.SmsManager: void sendTextMessage(java.lang.String,java.lang.String,java.lang.String,android.app.PendingIntent,android.app.PendingIntent)> leaking data [359874043116909] at reg 3!!!
PluginManager - [MSG]: TaintSumBranch Tainted Res: {359874043116909=<8 INVOKE,VIRTUAL,extra=[android.telephony.TelephonyManager/getDeviceId[], [10]]>, [reg 3@MainActivity/onCreate]=<8 INVOKE,VIRTUAL,extra=[android.telephony.TelephonyManager/getDeviceId[], [10]]>, [reg 8@MainActivity/onCreate]=<8 INVOKE,VIRTUAL,extra=[android.telephony.TelephonyManager/getDeviceId[], [10]]>, [Global RetReg]=<8 INVOKE,VIRTUAL,extra=[android.telephony.TelephonyManager/getDeviceId[], [10]]>}
Executor - [MSG]: 

Executor - [MSG]: <41 RETURN,VOID> at edu.mit.serialization.MainActivity/onCreate[android.os.Bundle]
class fu.hao.trust.dvm.Executor$OP_RETURN_VOID - [DEBUG]: Return void
DalvikVM - [BB]: stack []
DalvikVM - [BB]: Back to the last stack frame.null
DalvikVM - [MSG]: Finish running instrumented methods! Back to null
Executor - [MSG]: RUN BEGIN edu.mit.serialization.MainActivity/onCreate[android.os.Bundle]
Executor - [MSG]: RUN DONE! The last one is null
Executor - [MSG]: newChain: [(edu.mit.serialization.MainActivity, onCreate)]
DalvikVM - [MSG]: FINISHED!

main - [MSG]: Analysis has run for 1.858864712 seconds

