main - [MSG]: Src Chain: []
main - [DEBUG]: Src Entry event: (de.ecspride.ArrayAccess1, onCreate)
DalvikVM - [MSG]: Begin run onCreate at C:\Users\hao\workspace\DroidBenchProj\ArrayAccess1\app\ArrayAccess1.apk
DalvikVM - [MSG]: RUN Method de.ecspride.ArrayAccess1/onCreate[android.os.Bundle]
Executor - [DEBUG]: Read manifest csv: output/ArrayAccess1.apk\ArrayAccess1.apk_manifest.csv
Executor - [WARN]: output\ArrayAccess1.apk\ArrayAccess1.apk_manifest.csv (The system cannot find the file specified)
DalvikVM - [BB]: New method call: de.ecspride.ArrayAccess1/onCreate[android.os.Bundle]
DalvikVM - [BB]: [0]<0 SPECIAL,ARGUMENT_SET,extra=[6, 7]>
DalvikVM - [BB]: [1]<0 MOV,CONST,dst=r5,type=void,extra=class patdroid.core.PrimitiveInfo?2>
DalvikVM - [BB]: [2]<1 MOV,CONST,dst=r2,type=void,extra=class patdroid.core.PrimitiveInfo?0>
DalvikVM - [BB]: [3]<0 HALT,SUPER,extra=[null, [6, 7]]>
DalvikVM - [BB]: [4]<3 MOV,CONST,dst=r1,type=void,extra=class patdroid.core.PrimitiveInfo?2130903040>
DalvikVM - [BB]: [5]<0 INVOKE,VIRTUAL,extra=[android.app.Activity/setContentView[int], [6, 1]]>
DalvikVM - [BB]: [6]<5 MOV,CONST,dst=r1,type=void,extra=class patdroid.core.PrimitiveInfo?3>
DalvikVM - [BB]: [7]<0 NEW,ARRAY,dst=r1,r0=r1,type=[Ljava.lang.String;>
DalvikVM - [BB]: [8]<0 STATIC,SPUT,r0=r1,type=java.lang.Object,extra=(de.ecspride.ArrayAccess1, arrayData)>
DalvikVM - [BB]: [9]<0 STATIC,SGET,r0=r1,type=java.lang.Object,extra=(de.ecspride.ArrayAccess1, arrayData)>
DalvikVM - [BB]: [10]<9 MOV,CONST,dst=r3,type=void,extra=class patdroid.core.PrimitiveInfo?0>
DalvikVM - [BB]: [11]<10 MOV,CONST,dst=r4,type=java.lang.String,extra="element 1 is tainted:">
DalvikVM - [BB]: [12]<0 ARRAY,APUT,dst=r4,r0=r1,r1=r3,type=java.lang.Object>
DalvikVM - [BB]: [13]<0 STATIC,SGET,r0=r3,type=java.lang.Object,extra=(de.ecspride.ArrayAccess1, arrayData)>
DalvikVM - [BB]: [14]<13 MOV,CONST,dst=r4,type=void,extra=class patdroid.core.PrimitiveInfo?1>
DalvikVM - [BB]: [15]<14 MOV,CONST,dst=r1,type=java.lang.String,extra="phone">
DalvikVM - [BB]: [16]<0 INVOKE,VIRTUAL,extra=[android.content.Context/getSystemService[java.lang.String], [6, 1]]>
DalvikVM - [BB]: [17]<0 MOV,RESULT,dst=r1,type=java.lang.Object>
DalvikVM - [BB]: [18]<0 ARITHMETIC,CHECK-AND-CAST,dst=r1,type=android.telephony.TelephonyManager>
DalvikVM - [BB]: [19]<0 INVOKE,VIRTUAL,extra=[android.telephony.TelephonyManager/getDeviceId[], [1]]>
DalvikVM - [BB]: [20]<0 MOV,RESULT,dst=r1,type=java.lang.Object>
DalvikVM - [BB]: [21]<0 ARRAY,APUT,dst=r1,r0=r3,r1=r4,type=java.lang.Object>
DalvikVM - [BB]: [22]<0 STATIC,SGET,r0=r1,type=java.lang.Object,extra=(de.ecspride.ArrayAccess1, arrayData)>
DalvikVM - [BB]: [23]<22 MOV,CONST,dst=r3,type=java.lang.String,extra="neutral text">
DalvikVM - [BB]: [24]<0 ARRAY,APUT,dst=r3,r0=r1,r1=r5,type=java.lang.Object>
DalvikVM - [BB]: [25]<0 INVOKE,STATIC,extra=[android.telephony.SmsManager/getDefault[], []]>
DalvikVM - [BB]: [26]<0 MOV,RESULT,dst=r0,type=java.lang.Object>
DalvikVM - [BB]: [27]<26 MOV,CONST,dst=r1,type=java.lang.String,extra="+49 1234">
DalvikVM - [BB]: [28]<0 STATIC,SGET,r0=r3,type=java.lang.Object,extra=(de.ecspride.ArrayAccess1, arrayData)>
DalvikVM - [BB]: [29]<0 ARRAY,AGET,dst=r3,r0=r3,r1=r5,type=java.lang.Object>
DalvikVM - [BB]: [30]<0 MOV,REG,dst=r4,r0=r2,type=java.lang.Object>
DalvikVM - [BB]: [31]<0 MOV,REG,dst=r5,r0=r2,type=java.lang.Object>
DalvikVM - [BB]: [32]<0 INVOKE,VIRTUAL,extra=[android.telephony.SmsManager/sendTextMessage[java.lang.String, java.lang.String, java.lang.String, android.app.PendingIntent, android.app.PendingIntent], [0, 1, 2, 3, 4, 5]]>
DalvikVM - [BB]: [33]<0 RETURN,VOID>
newStackFrame - [BB]: New Stack Frame: StackFrame de.ecspride.ArrayAccess1/onCreate[android.os.Bundle]
newStackFrame - [BB]: Add frame StackFrame de.ecspride.ArrayAccess1/onCreate[android.os.Bundle]
newStackFrame - [BB]: Stack: [StackFrame de.ecspride.ArrayAccess1/onCreate[android.os.Bundle]]
Executor - [MSG]: New chain obj with type de.ecspride.ArrayAccess1
Activity - [BB]: New instance of de.ecspride.ArrayAccess1
Caller@4: <init>@fu.hao.trust.dvm.DVMObject - [BB]: getClass de.ecspride.ArrayAccess1 at fu.hao.trust.dvm.VMHeap@38c5a1ba
Caller: getClass@fu.hao.trust.dvm.VMHeap - [BB]: new class representation for de.ecspride.ArrayAccess1 at fu.hao.trust.dvm.VMHeap@38c5a1ba
Caller@4: <init>@fu.hao.trust.dvm.DVMClass - [BB]: getClass android.app.Activity at fu.hao.trust.dvm.VMHeap@38c5a1ba
Caller: getClass@fu.hao.trust.dvm.VMHeap - [BB]: new class representation for android.app.Activity at fu.hao.trust.dvm.VMHeap@38c5a1ba
Caller@4: <init>@fu.hao.trust.dvm.DVMClass - [BB]: getClass android.content.ContextWrapper at fu.hao.trust.dvm.VMHeap@38c5a1ba
Caller: getClass@fu.hao.trust.dvm.VMHeap - [BB]: new class representation for android.content.ContextWrapper at fu.hao.trust.dvm.VMHeap@38c5a1ba
Caller@4: <init>@fu.hao.trust.dvm.DVMClass - [BB]: getClass android.content.Context at fu.hao.trust.dvm.VMHeap@38c5a1ba
Caller: getClass@fu.hao.trust.dvm.VMHeap - [BB]: new class representation for android.content.Context at fu.hao.trust.dvm.VMHeap@38c5a1ba
Caller@4: <init>@fu.hao.trust.dvm.DVMClass - [BB]: getClass fu.hao.trust.dvm.DVMObject at fu.hao.trust.dvm.VMHeap@38c5a1ba
Caller: getClass@fu.hao.trust.dvm.VMHeap - [BB]: new class representation for fu.hao.trust.dvm.DVMObject at fu.hao.trust.dvm.VMHeap@38c5a1ba
Caller: <init>@fu.hao.trust.dvm.DVMClass - [BB]: Get DVMClass for type fu.hao.trust.dvm.DVMObject
Caller@4: <init>@fu.hao.trust.dvm.DVMClass - [BB]: getClass fu.hao.trust.dvm.DVMObject at fu.hao.trust.dvm.VMHeap@38c5a1ba
Caller: <init>@fu.hao.trust.dvm.DVMClass - [BB]: Get DVMClass for type android.content.Context
Caller@4: <init>@fu.hao.trust.dvm.DVMClass - [BB]: getClass android.content.Context at fu.hao.trust.dvm.VMHeap@38c5a1ba
Caller: <init>@fu.hao.trust.dvm.DVMClass - [BB]: Get DVMClass for type android.content.ContextWrapper
Caller@4: <init>@fu.hao.trust.dvm.DVMClass - [BB]: getClass android.content.ContextWrapper at fu.hao.trust.dvm.VMHeap@38c5a1ba
Caller: <init>@fu.hao.trust.dvm.DVMClass - [BB]: Get DVMClass for type android.app.Activity
Caller@4: <init>@fu.hao.trust.dvm.DVMClass - [BB]: getClass android.app.Activity at fu.hao.trust.dvm.VMHeap@38c5a1ba
Caller: <init>@fu.hao.trust.dvm.DVMObject - [BB]: Get DVMClass for type de.ecspride.ArrayAccess1
Caller@4: <init>@fu.hao.trust.dvm.DVMObject - [BB]: getClass de.ecspride.ArrayAccess1 at fu.hao.trust.dvm.VMHeap@38c5a1ba
Activity - [MSG]: Not empty constructor
DalvikVM - [BB]: New method call: de.ecspride.ArrayAccess1/<init>[]
DalvikVM - [BB]: [0]<0 SPECIAL,ARGUMENT_SET,extra=[0]>
DalvikVM - [BB]: [1]<0 INVOKE,DIRECT,extra=[java.lang.Object/<init>[], [0]]>
DalvikVM - [BB]: [2]<0 RETURN,VOID>
DalvikVM - [WARN]: ar -2, (Activity:instance number 1@de.ecspride.ArrayAccess1, de.ecspride.ArrayAccess1)
newStackFrame - [BB]: New Stack Frame: StackFrame de.ecspride.ArrayAccess1/<init>[], pc -1 stored. 
newStackFrame - [BB]: Stack: [StackFrame de.ecspride.ArrayAccess1/onCreate[android.os.Bundle]]
DalvikVM - [MSG]: Begin run instrumented methods!
DalvikVM - [BB]: Add frames [StackFrame de.ecspride.ArrayAccess1/<init>[]]
DalvikVM - [BB]: fu.hao.trust.dvm.DalvikVM -> runInstrumentedMethods set pc to 0
Executor - [MSG]: 

Executor - [MSG]: <0 SPECIAL,ARGUMENT_SET,extra=[0]> at de.ecspride.ArrayAccess1/<init>[]
DalvikVM - [WARN]: ar 0, (Activity:instance number 1@de.ecspride.ArrayAccess1, de.ecspride.ArrayAccess1)
Executor - [DEBUG]: params: Activity:instance number 1@de.ecspride.ArrayAccess1
DalvikVM - [BB]: fu.hao.trust.dvm.Executor$OP_SP_ARGUMENTS -> jump set pc to 1
PluginManager - [MSG]: TaintSumBranch Tainted Res: {}
Executor - [MSG]: 

Executor - [MSG]: <1 INVOKE,DIRECT,extra=[java.lang.Object/<init>[], [0]]> at de.ecspride.ArrayAccess1/<init>[]
Executor - [MSG]: arg0 obj: Activity:instance number 1@de.ecspride.ArrayAccess1
Executor - [MSG]: Replace the clazz.
Executor - [BB]: java.lang.Object/<init>[] is a constructor!
Executor - [WARN]: Reflection error: de.ecspride.ArrayAccess1
DalvikVM - [BB]: fu.hao.trust.dvm.Executor -> jump set pc to 2
TaintSumBranch - [BB]: <java.lang.Object: void <init>()>
TaintSumBranch - [DEBUG]: Not a taint call: <java.lang.Object: void <init>()>
PluginManager - [MSG]: TaintSumBranch Tainted Res: {}
Executor - [MSG]: 

Executor - [MSG]: <2 RETURN,VOID> at de.ecspride.ArrayAccess1/<init>[]
class fu.hao.trust.dvm.Executor$OP_RETURN_VOID - [DEBUG]: Return void
DalvikVM - [BB]: stack [StackFrame de.ecspride.ArrayAccess1/onCreate[android.os.Bundle]]
DalvikVM - [BB]: Back to the last stack frame.StackFrame de.ecspride.ArrayAccess1/onCreate[android.os.Bundle]
DalvikVM - [MSG]: Finish running instrumented methods! Back to StackFrame de.ecspride.ArrayAccess1/onCreate[android.os.Bundle]
Activity - [MSG]: New Activity Created with type de.ecspride.ArrayAccess1
DalvikVM - [BB]: New method call: de.ecspride.ArrayAccess1/onCreate[android.os.Bundle]
DalvikVM - [BB]: [0]<0 SPECIAL,ARGUMENT_SET,extra=[6, 7]>
DalvikVM - [BB]: [1]<0 MOV,CONST,dst=r5,type=void,extra=class patdroid.core.PrimitiveInfo?2>
DalvikVM - [BB]: [2]<1 MOV,CONST,dst=r2,type=void,extra=class patdroid.core.PrimitiveInfo?0>
DalvikVM - [BB]: [3]<0 HALT,SUPER,extra=[null, [6, 7]]>
DalvikVM - [BB]: [4]<3 MOV,CONST,dst=r1,type=void,extra=class patdroid.core.PrimitiveInfo?2130903040>
DalvikVM - [BB]: [5]<0 INVOKE,VIRTUAL,extra=[android.app.Activity/setContentView[int], [6, 1]]>
DalvikVM - [BB]: [6]<5 MOV,CONST,dst=r1,type=void,extra=class patdroid.core.PrimitiveInfo?3>
DalvikVM - [BB]: [7]<0 NEW,ARRAY,dst=r1,r0=r1,type=[Ljava.lang.String;>
DalvikVM - [BB]: [8]<0 STATIC,SPUT,r0=r1,type=java.lang.Object,extra=(de.ecspride.ArrayAccess1, arrayData)>
DalvikVM - [BB]: [9]<0 STATIC,SGET,r0=r1,type=java.lang.Object,extra=(de.ecspride.ArrayAccess1, arrayData)>
DalvikVM - [BB]: [10]<9 MOV,CONST,dst=r3,type=void,extra=class patdroid.core.PrimitiveInfo?0>
DalvikVM - [BB]: [11]<10 MOV,CONST,dst=r4,type=java.lang.String,extra="element 1 is tainted:">
DalvikVM - [BB]: [12]<0 ARRAY,APUT,dst=r4,r0=r1,r1=r3,type=java.lang.Object>
DalvikVM - [BB]: [13]<0 STATIC,SGET,r0=r3,type=java.lang.Object,extra=(de.ecspride.ArrayAccess1, arrayData)>
DalvikVM - [BB]: [14]<13 MOV,CONST,dst=r4,type=void,extra=class patdroid.core.PrimitiveInfo?1>
DalvikVM - [BB]: [15]<14 MOV,CONST,dst=r1,type=java.lang.String,extra="phone">
DalvikVM - [BB]: [16]<0 INVOKE,VIRTUAL,extra=[android.content.Context/getSystemService[java.lang.String], [6, 1]]>
DalvikVM - [BB]: [17]<0 MOV,RESULT,dst=r1,type=java.lang.Object>
DalvikVM - [BB]: [18]<0 ARITHMETIC,CHECK-AND-CAST,dst=r1,type=android.telephony.TelephonyManager>
DalvikVM - [BB]: [19]<0 INVOKE,VIRTUAL,extra=[android.telephony.TelephonyManager/getDeviceId[], [1]]>
DalvikVM - [BB]: [20]<0 MOV,RESULT,dst=r1,type=java.lang.Object>
DalvikVM - [BB]: [21]<0 ARRAY,APUT,dst=r1,r0=r3,r1=r4,type=java.lang.Object>
DalvikVM - [BB]: [22]<0 STATIC,SGET,r0=r1,type=java.lang.Object,extra=(de.ecspride.ArrayAccess1, arrayData)>
DalvikVM - [BB]: [23]<22 MOV,CONST,dst=r3,type=java.lang.String,extra="neutral text">
DalvikVM - [BB]: [24]<0 ARRAY,APUT,dst=r3,r0=r1,r1=r5,type=java.lang.Object>
DalvikVM - [BB]: [25]<0 INVOKE,STATIC,extra=[android.telephony.SmsManager/getDefault[], []]>
DalvikVM - [BB]: [26]<0 MOV,RESULT,dst=r0,type=java.lang.Object>
DalvikVM - [BB]: [27]<26 MOV,CONST,dst=r1,type=java.lang.String,extra="+49 1234">
DalvikVM - [BB]: [28]<0 STATIC,SGET,r0=r3,type=java.lang.Object,extra=(de.ecspride.ArrayAccess1, arrayData)>
DalvikVM - [BB]: [29]<0 ARRAY,AGET,dst=r3,r0=r3,r1=r5,type=java.lang.Object>
DalvikVM - [BB]: [30]<0 MOV,REG,dst=r4,r0=r2,type=java.lang.Object>
DalvikVM - [BB]: [31]<0 MOV,REG,dst=r5,r0=r2,type=java.lang.Object>
DalvikVM - [BB]: [32]<0 INVOKE,VIRTUAL,extra=[android.telephony.SmsManager/sendTextMessage[java.lang.String, java.lang.String, java.lang.String, android.app.PendingIntent, android.app.PendingIntent], [0, 1, 2, 3, 4, 5]]>
DalvikVM - [BB]: [33]<0 RETURN,VOID>
DalvikVM - [WARN]: ar -2, (Activity:instance number 1@de.ecspride.ArrayAccess1, de.ecspride.ArrayAccess1)
DalvikVM - [WARN]: ar -2, (null, android.os.Bundle)
newStackFrame - [BB]: New Stack Frame: StackFrame de.ecspride.ArrayAccess1/onCreate[android.os.Bundle]
newStackFrame - [BB]: Stack: []
Activity - [BB]: Intent null
DalvikVM - [MSG]: Begin run instrumented methods!
DalvikVM - [BB]: Add frames [StackFrame de.ecspride.ArrayAccess1/onCreate[android.os.Bundle]]
DalvikVM - [BB]: fu.hao.trust.dvm.DalvikVM -> runInstrumentedMethods set pc to 0
Executor - [MSG]: 

Executor - [MSG]: <0 SPECIAL,ARGUMENT_SET,extra=[6, 7]> at de.ecspride.ArrayAccess1/onCreate[android.os.Bundle]
DalvikVM - [WARN]: ar 6, (Activity:instance number 1@de.ecspride.ArrayAccess1, de.ecspride.ArrayAccess1)
Executor - [DEBUG]: params: Activity:instance number 1@de.ecspride.ArrayAccess1
DalvikVM - [WARN]: ar 7, (null, android.os.Bundle)
Executor - [DEBUG]: params: null
DalvikVM - [BB]: fu.hao.trust.dvm.Executor$OP_SP_ARGUMENTS -> jump set pc to 1
PluginManager - [MSG]: TaintSumBranch Tainted Res: {}
Executor - [MSG]: 

Executor - [MSG]: <1 MOV,CONST,dst=r5,type=void,extra=class patdroid.core.PrimitiveInfo?2> at de.ecspride.ArrayAccess1/onCreate[android.os.Bundle]
Executor - [DEBUG]: Mov const begin <1 MOV,CONST,dst=r5,type=void,extra=class patdroid.core.PrimitiveInfo?2>
DalvikVM - [WARN]: ar 5, (2, void)
Executor - [DEBUG]: data: 2 class patdroid.core.PrimitiveInfo
DalvikVM - [BB]: fu.hao.trust.dvm.Executor$OP_MOV_CONST -> jump set pc to 2
PluginManager - [MSG]: TaintSumBranch Tainted Res: {}
Executor - [MSG]: 

Executor - [MSG]: <2 MOV,CONST,dst=r2,type=void,extra=class patdroid.core.PrimitiveInfo?0> at de.ecspride.ArrayAccess1/onCreate[android.os.Bundle]
Executor - [DEBUG]: Mov const begin <2 MOV,CONST,dst=r2,type=void,extra=class patdroid.core.PrimitiveInfo?0>
DalvikVM - [WARN]: ar 2, (0, void)
Executor - [DEBUG]: data: 0 class patdroid.core.PrimitiveInfo
DalvikVM - [BB]: fu.hao.trust.dvm.Executor$OP_MOV_CONST -> jump set pc to 3
PluginManager - [MSG]: TaintSumBranch Tainted Res: {}
Executor - [MSG]: 

Executor - [MSG]: <3 HALT,SUPER,extra=[null, [6, 7]]> at de.ecspride.ArrayAccess1/onCreate[android.os.Bundle]
DalvikVM - [BB]: fu.hao.trust.dvm.Executor$OP_HALT -> jump set pc to 4
Executor - [MSG]: Cannot resolve the invocation
TaintSumBranch - [BB]: Not a taint op <3 HALT,SUPER,extra=[null, [6, 7]]>
PluginManager - [MSG]: TaintSumBranch Tainted Res: {}
Executor - [MSG]: 

Executor - [MSG]: <4 MOV,CONST,dst=r1,type=void,extra=class patdroid.core.PrimitiveInfo?2130903040> at de.ecspride.ArrayAccess1/onCreate[android.os.Bundle]
Executor - [DEBUG]: Mov const begin <4 MOV,CONST,dst=r1,type=void,extra=class patdroid.core.PrimitiveInfo?2130903040>
DalvikVM - [WARN]: ar 1, (2130903040, void)
Executor - [DEBUG]: data: 2130903040 class patdroid.core.PrimitiveInfo
DalvikVM - [BB]: fu.hao.trust.dvm.Executor$OP_MOV_CONST -> jump set pc to 5
PluginManager - [MSG]: TaintSumBranch Tainted Res: {}
Executor - [MSG]: 

Executor - [MSG]: <5 INVOKE,VIRTUAL,extra=[android.app.Activity/setContentView[int], [6, 1]]> at de.ecspride.ArrayAccess1/onCreate[android.os.Bundle]
Executor - [MSG]: arg0 obj: Activity:instance number 1@de.ecspride.ArrayAccess1
Executor - [DEBUG]: Reflction class: class android.app.Activity
Executor - [BB]: Normal args? true
Executor - [BB]: arg1@reg1: 2130903040
Executor - [DEBUG]: Expected para type: int
Executor - [DEBUG]: Real para int, value: 2130903040
Executor - [BB]: Nargs? true
Executor - [DEBUG]: Caller obj: Activity:instance number 1@de.ecspride.ArrayAccess1, from class: class android.app.Activity
DalvikVM - [WARN]: ar -1, (null, void)
Executor - [MSG]: Reflction invocation public void android.app.Activity.setContentView(int)
DalvikVM - [BB]: Set reflective call: public void android.app.Activity.setContentView(int)
DalvikVM - [BB]: fu.hao.trust.dvm.Executor -> jump set pc to 6
TaintSumBranch - [BB]: <android.app.Activity: void setContentView(int)>
TaintSumBranch - [DEBUG]: Not a taint call: <android.app.Activity: void setContentView(int)>
PluginManager - [MSG]: TaintSumBranch Tainted Res: {}
Executor - [MSG]: 

Executor - [MSG]: <6 MOV,CONST,dst=r1,type=void,extra=class patdroid.core.PrimitiveInfo?3> at de.ecspride.ArrayAccess1/onCreate[android.os.Bundle]
Executor - [DEBUG]: Mov const begin <6 MOV,CONST,dst=r1,type=void,extra=class patdroid.core.PrimitiveInfo?3>
DalvikVM - [WARN]: ar 1 (2130903040, void), (3, void)
Executor - [DEBUG]: data: 3 class patdroid.core.PrimitiveInfo
DalvikVM - [BB]: fu.hao.trust.dvm.Executor$OP_MOV_CONST -> jump set pc to 7
PluginManager - [MSG]: TaintSumBranch Tainted Res: {}
Executor - [MSG]: 

Executor - [MSG]: <7 NEW,ARRAY,dst=r1,r0=r1,type=[Ljava.lang.String;> at de.ecspride.ArrayAccess1/onCreate[android.os.Bundle]
DalvikVM - [WARN]: ar 1 (3, void), ([Ljava.lang.Object;@7239c5c6, [Ljava.lang.String;)
OP_NEW_ARRAY - [DEBUG]: A new array of [Ljava.lang.String; in size 3 created.
DalvikVM - [BB]: fu.hao.trust.dvm.Executor$OP_NEW_ARRAY -> jump set pc to 8
TaintSumBranch - [BB]: Not a taint op <7 NEW,ARRAY,dst=r1,r0=r1,type=[Ljava.lang.String;>
PluginManager - [MSG]: TaintSumBranch Tainted Res: {}
Executor - [MSG]: 

Executor - [MSG]: <8 STATIC,SPUT,r0=r1,type=java.lang.Object,extra=(de.ecspride.ArrayAccess1, arrayData)> at de.ecspride.ArrayAccess1/onCreate[android.os.Bundle]
Caller@4: func@fu.hao.trust.dvm.Executor$OP_STATIC_PUT_FIELD - [BB]: getClass de.ecspride.ArrayAccess1 at fu.hao.trust.dvm.VMHeap@38c5a1ba
Caller: func@fu.hao.trust.dvm.Executor$OP_STATIC_PUT_FIELD - [BB]: Get DVMClass for type de.ecspride.ArrayAccess1
Caller@4: func@fu.hao.trust.dvm.Executor$OP_STATIC_PUT_FIELD - [BB]: getClass de.ecspride.ArrayAccess1 at fu.hao.trust.dvm.VMHeap@38c5a1ba
class fu.hao.trust.dvm.Executor$OP_STATIC_PUT_FIELD - [DEBUG]: expect sput arrayData from de.ecspride.ArrayAccess1
class fu.hao.trust.dvm.Executor$OP_STATIC_PUT_FIELD - [DEBUG]: real sput [Ljava.lang.Object;@7239c5c6 from fu.hao.trust.dvm.DVMClass@2ee784c0
DalvikVM - [BB]: fu.hao.trust.dvm.Executor$OP_STATIC_PUT_FIELD -> jump set pc to 9
Caller@4: flow@fu.hao.trust.analysis.Taint$TAINT_OP_STATIC_PUT_FIELD - [BB]: getClass de.ecspride.ArrayAccess1 at fu.hao.trust.dvm.VMHeap@38c5a1ba
Caller: flow@fu.hao.trust.analysis.Taint$TAINT_OP_STATIC_PUT_FIELD - [BB]: Get DVMClass for type de.ecspride.ArrayAccess1
Caller@4: flow@fu.hao.trust.analysis.Taint$TAINT_OP_STATIC_PUT_FIELD - [BB]: getClass de.ecspride.ArrayAccess1 at fu.hao.trust.dvm.VMHeap@38c5a1ba
PluginManager - [MSG]: TaintSumBranch Tainted Res: {}
Executor - [MSG]: 

Executor - [MSG]: <9 STATIC,SGET,r0=r1,type=java.lang.Object,extra=(de.ecspride.ArrayAccess1, arrayData)> at de.ecspride.ArrayAccess1/onCreate[android.os.Bundle]
Caller@4: func@fu.hao.trust.dvm.Executor$OP_STATIC_GET_FIELD - [BB]: getClass de.ecspride.ArrayAccess1 at fu.hao.trust.dvm.VMHeap@38c5a1ba
Caller: func@fu.hao.trust.dvm.Executor$OP_STATIC_GET_FIELD - [BB]: Get DVMClass for type de.ecspride.ArrayAccess1
Caller@4: func@fu.hao.trust.dvm.Executor$OP_STATIC_GET_FIELD - [BB]: getClass de.ecspride.ArrayAccess1 at fu.hao.trust.dvm.VMHeap@38c5a1ba
DalvikVM - [WARN]: ar 1 ([Ljava.lang.Object;@7239c5c6, [Ljava.lang.String;), ([Ljava.lang.Object;@7239c5c6, [Ljava.lang.String;)
OP_STATIC_GET_FIELD - [DEBUG]: Sget [Ljava.lang.Object;@7239c5c6, from fu.hao.trust.dvm.DVMClass@2ee784c0
OP_STATIC_GET_FIELD - [DEBUG]: Expect sget arrayData, a [Ljava.lang.String; from de.ecspride.ArrayAccess1
DalvikVM - [BB]: fu.hao.trust.dvm.Executor$OP_STATIC_GET_FIELD -> jump set pc to 10
Caller@4: flow@fu.hao.trust.analysis.Taint$TAINT_OP_STATIC_GET_FIELD - [BB]: getClass de.ecspride.ArrayAccess1 at fu.hao.trust.dvm.VMHeap@38c5a1ba
Caller: flow@fu.hao.trust.analysis.Taint$TAINT_OP_STATIC_GET_FIELD - [BB]: Get DVMClass for type de.ecspride.ArrayAccess1
Caller@4: flow@fu.hao.trust.analysis.Taint$TAINT_OP_STATIC_GET_FIELD - [BB]: getClass de.ecspride.ArrayAccess1 at fu.hao.trust.dvm.VMHeap@38c5a1ba
PluginManager - [MSG]: TaintSumBranch Tainted Res: {}
Executor - [MSG]: 

Executor - [MSG]: <10 MOV,CONST,dst=r3,type=void,extra=class patdroid.core.PrimitiveInfo?0> at de.ecspride.ArrayAccess1/onCreate[android.os.Bundle]
Executor - [DEBUG]: Mov const begin <10 MOV,CONST,dst=r3,type=void,extra=class patdroid.core.PrimitiveInfo?0>
DalvikVM - [WARN]: ar 3, (0, void)
Executor - [DEBUG]: data: 0 class patdroid.core.PrimitiveInfo
DalvikVM - [BB]: fu.hao.trust.dvm.Executor$OP_MOV_CONST -> jump set pc to 11
PluginManager - [MSG]: TaintSumBranch Tainted Res: {}
Executor - [MSG]: 

Executor - [MSG]: <11 MOV,CONST,dst=r4,type=java.lang.String,extra="element 1 is tainted:"> at de.ecspride.ArrayAccess1/onCreate[android.os.Bundle]
Executor - [DEBUG]: Mov const begin <11 MOV,CONST,dst=r4,type=java.lang.String,extra="element 1 is tainted:">
DalvikVM - [WARN]: ar 4, (element 1 is tainted:, java.lang.String)
Executor - [DEBUG]: data: element 1 is tainted: class java.lang.String
DalvikVM - [BB]: fu.hao.trust.dvm.Executor$OP_MOV_CONST -> jump set pc to 12
PluginManager - [MSG]: TaintSumBranch Tainted Res: {}
Executor - [MSG]: 

Executor - [MSG]: <12 ARRAY,APUT,dst=r4,r0=r1,r1=r3,type=java.lang.Object> at de.ecspride.ArrayAccess1/onCreate[android.os.Bundle]
DalvikVM - [BB]: fu.hao.trust.dvm.Executor$OP_ARRAY_PUT -> jump set pc to 13
Executor - [BB]: index: 0, length: 3
Executor - [DEBUG]: data: element 1 is tainted: array: [Ljava.lang.Object;@7239c5c6
PluginManager - [MSG]: TaintSumBranch Tainted Res: {}
Executor - [MSG]: 

Executor - [MSG]: <13 STATIC,SGET,r0=r3,type=java.lang.Object,extra=(de.ecspride.ArrayAccess1, arrayData)> at de.ecspride.ArrayAccess1/onCreate[android.os.Bundle]
Caller@4: func@fu.hao.trust.dvm.Executor$OP_STATIC_GET_FIELD - [BB]: getClass de.ecspride.ArrayAccess1 at fu.hao.trust.dvm.VMHeap@38c5a1ba
Caller: func@fu.hao.trust.dvm.Executor$OP_STATIC_GET_FIELD - [BB]: Get DVMClass for type de.ecspride.ArrayAccess1
Caller@4: func@fu.hao.trust.dvm.Executor$OP_STATIC_GET_FIELD - [BB]: getClass de.ecspride.ArrayAccess1 at fu.hao.trust.dvm.VMHeap@38c5a1ba
DalvikVM - [WARN]: ar 3 (0, void), ([Ljava.lang.Object;@7239c5c6, [Ljava.lang.String;)
OP_STATIC_GET_FIELD - [DEBUG]: Sget [Ljava.lang.Object;@7239c5c6, from fu.hao.trust.dvm.DVMClass@2ee784c0
OP_STATIC_GET_FIELD - [DEBUG]: Expect sget arrayData, a [Ljava.lang.String; from de.ecspride.ArrayAccess1
DalvikVM - [BB]: fu.hao.trust.dvm.Executor$OP_STATIC_GET_FIELD -> jump set pc to 14
Caller@4: flow@fu.hao.trust.analysis.Taint$TAINT_OP_STATIC_GET_FIELD - [BB]: getClass de.ecspride.ArrayAccess1 at fu.hao.trust.dvm.VMHeap@38c5a1ba
Caller: flow@fu.hao.trust.analysis.Taint$TAINT_OP_STATIC_GET_FIELD - [BB]: Get DVMClass for type de.ecspride.ArrayAccess1
Caller@4: flow@fu.hao.trust.analysis.Taint$TAINT_OP_STATIC_GET_FIELD - [BB]: getClass de.ecspride.ArrayAccess1 at fu.hao.trust.dvm.VMHeap@38c5a1ba
PluginManager - [MSG]: TaintSumBranch Tainted Res: {}
Executor - [MSG]: 

Executor - [MSG]: <14 MOV,CONST,dst=r4,type=void,extra=class patdroid.core.PrimitiveInfo?1> at de.ecspride.ArrayAccess1/onCreate[android.os.Bundle]
Executor - [DEBUG]: Mov const begin <14 MOV,CONST,dst=r4,type=void,extra=class patdroid.core.PrimitiveInfo?1>
DalvikVM - [WARN]: ar 4 (element 1 is tainted:, java.lang.String), (1, void)
Executor - [DEBUG]: data: 1 class patdroid.core.PrimitiveInfo
DalvikVM - [BB]: fu.hao.trust.dvm.Executor$OP_MOV_CONST -> jump set pc to 15
PluginManager - [MSG]: TaintSumBranch Tainted Res: {}
Executor - [MSG]: 

Executor - [MSG]: <15 MOV,CONST,dst=r1,type=java.lang.String,extra="phone"> at de.ecspride.ArrayAccess1/onCreate[android.os.Bundle]
Executor - [DEBUG]: Mov const begin <15 MOV,CONST,dst=r1,type=java.lang.String,extra="phone">
DalvikVM - [WARN]: ar 1 ([Ljava.lang.Object;@7239c5c6, [Ljava.lang.String;), (phone, java.lang.String)
Executor - [DEBUG]: data: phone class java.lang.String
DalvikVM - [BB]: fu.hao.trust.dvm.Executor$OP_MOV_CONST -> jump set pc to 16
PluginManager - [MSG]: TaintSumBranch Tainted Res: {}
Executor - [MSG]: 

Executor - [MSG]: <16 INVOKE,VIRTUAL,extra=[android.content.Context/getSystemService[java.lang.String], [6, 1]]> at de.ecspride.ArrayAccess1/onCreate[android.os.Bundle]
Executor - [MSG]: arg0 obj: Activity:instance number 1@de.ecspride.ArrayAccess1
Executor - [DEBUG]: Reflction class: class android.content.Context
Executor - [BB]: Normal args? true
Executor - [BB]: arg1@reg1: phone
Executor - [BB]: Nargs? true
Executor - [DEBUG]: Caller obj: Activity:instance number 1@de.ecspride.ArrayAccess1, from class: class android.app.Activity
DalvikVM - [WARN]: ar -1, (android.telephony.TelephonyManager@61bc714e, java.lang.Object)
Executor - [DEBUG]: Return data: android.telephony.TelephonyManager@61bc714e ,class android.telephony.TelephonyManager
Executor - [MSG]: Reflction invocation public java.lang.Object android.content.Context.getSystemService(java.lang.String)
DalvikVM - [BB]: Set reflective call: public java.lang.Object android.content.Context.getSystemService(java.lang.String)
DalvikVM - [BB]: fu.hao.trust.dvm.Executor -> jump set pc to 17
TaintSumBranch - [BB]: <android.content.Context: java.lang.Object getSystemService(java.lang.String)>
TaintSumBranch - [DEBUG]: Not a taint call: <android.content.Context: java.lang.Object getSystemService(java.lang.String)>
PluginManager - [MSG]: TaintSumBranch Tainted Res: {}
Executor - [MSG]: 

Executor - [MSG]: <17 MOV,RESULT,dst=r1,type=java.lang.Object> at de.ecspride.ArrayAccess1/onCreate[android.os.Bundle]
DalvikVM - [WARN]: ar 1 (phone, java.lang.String), (android.telephony.TelephonyManager@61bc714e, java.lang.Object)
OP_MOV_RESULT - [BB]: Result data: android.telephony.TelephonyManager@61bc714e
OP_MOV_RESULT - [DEBUG]: Result data: android.telephony.TelephonyManager@61bc714e, type: java.lang.Object, to [reg 1@ArrayAccess1/onCreate]
DalvikVM - [BB]: fu.hao.trust.dvm.Executor$OP_MOV_RESULT -> jump set pc to 18
PluginManager - [MSG]: TaintSumBranch Tainted Res: {}
Executor - [MSG]: 

Executor - [MSG]: <18 ARITHMETIC,CHECK-AND-CAST,dst=r1,type=android.telephony.TelephonyManager> at de.ecspride.ArrayAccess1/onCreate[android.os.Bundle]
DalvikVM - [BB]: fu.hao.trust.dvm.Executor$OP_ARITHETIC -> jump set pc to 19
PluginManager - [MSG]: TaintSumBranch Tainted Res: {}
Executor - [MSG]: 

Executor - [MSG]: <19 INVOKE,VIRTUAL,extra=[android.telephony.TelephonyManager/getDeviceId[], [1]]> at de.ecspride.ArrayAccess1/onCreate[android.os.Bundle]
Executor - [MSG]: arg0 obj: android.telephony.TelephonyManager@61bc714e
Executor - [DEBUG]: Reflction class: class android.telephony.TelephonyManager
DalvikVM - [WARN]: ar -1, (359874043116909, java.lang.String)
Executor - [DEBUG]: Return data: 359874043116909 ,class java.lang.String
Executor - [MSG]: Reflction invocation public java.lang.String android.telephony.TelephonyManager.getDeviceId()
DalvikVM - [BB]: Set reflective call: public java.lang.String android.telephony.TelephonyManager.getDeviceId()
DalvikVM - [BB]: fu.hao.trust.dvm.Executor -> jump set pc to 20
TaintSumBranch - [BB]: <android.telephony.TelephonyManager: java.lang.String getDeviceId()>
TaintSumBranch - [WARN]: Found a tainted return value!
PluginManager - [MSG]: TaintSumBranch Tainted Res: {359874043116909=<19 INVOKE,VIRTUAL,extra=[android.telephony.TelephonyManager/getDeviceId[], [1]]>, [Global RetReg]=<19 INVOKE,VIRTUAL,extra=[android.telephony.TelephonyManager/getDeviceId[], [1]]>}
Executor - [MSG]: 

Executor - [MSG]: <20 MOV,RESULT,dst=r1,type=java.lang.Object> at de.ecspride.ArrayAccess1/onCreate[android.os.Bundle]
DalvikVM - [WARN]: ar 1 (android.telephony.TelephonyManager@61bc714e, java.lang.Object), (359874043116909, java.lang.String)
OP_MOV_RESULT - [BB]: Result data: 359874043116909
OP_MOV_RESULT - [DEBUG]: Result data: 359874043116909, type: java.lang.String, to [reg 1@ArrayAccess1/onCreate]
DalvikVM - [BB]: fu.hao.trust.dvm.Executor$OP_MOV_RESULT -> jump set pc to 21
TaintSumBranch - [BB]: <19 INVOKE,VIRTUAL,extra=[android.telephony.TelephonyManager/getDeviceId[], [1]]>
TaintSumBranch - [BB]: Add reg 1 due to ret reg.
PluginManager - [MSG]: TaintSumBranch Tainted Res: {[reg 1@ArrayAccess1/onCreate]=<19 INVOKE,VIRTUAL,extra=[android.telephony.TelephonyManager/getDeviceId[], [1]]>, 359874043116909=<19 INVOKE,VIRTUAL,extra=[android.telephony.TelephonyManager/getDeviceId[], [1]]>}
Executor - [MSG]: 

Executor - [MSG]: <21 ARRAY,APUT,dst=r1,r0=r3,r1=r4,type=java.lang.Object> at de.ecspride.ArrayAccess1/onCreate[android.os.Bundle]
DalvikVM - [BB]: fu.hao.trust.dvm.Executor$OP_ARRAY_PUT -> jump set pc to 22
Executor - [BB]: index: 1, length: 3
Executor - [DEBUG]: data: 359874043116909 array: [Ljava.lang.Object;@7239c5c6
PluginManager - [MSG]: TaintSumBranch Tainted Res: {359874043116909=<19 INVOKE,VIRTUAL,extra=[android.telephony.TelephonyManager/getDeviceId[], [1]]>, [reg 1@ArrayAccess1/onCreate]=<19 INVOKE,VIRTUAL,extra=[android.telephony.TelephonyManager/getDeviceId[], [1]]>}
Executor - [MSG]: 

Executor - [MSG]: <22 STATIC,SGET,r0=r1,type=java.lang.Object,extra=(de.ecspride.ArrayAccess1, arrayData)> at de.ecspride.ArrayAccess1/onCreate[android.os.Bundle]
Caller@4: func@fu.hao.trust.dvm.Executor$OP_STATIC_GET_FIELD - [BB]: getClass de.ecspride.ArrayAccess1 at fu.hao.trust.dvm.VMHeap@38c5a1ba
Caller: func@fu.hao.trust.dvm.Executor$OP_STATIC_GET_FIELD - [BB]: Get DVMClass for type de.ecspride.ArrayAccess1
Caller@4: func@fu.hao.trust.dvm.Executor$OP_STATIC_GET_FIELD - [BB]: getClass de.ecspride.ArrayAccess1 at fu.hao.trust.dvm.VMHeap@38c5a1ba
DalvikVM - [WARN]: ar 1 (359874043116909, java.lang.String), ([Ljava.lang.Object;@7239c5c6, [Ljava.lang.String;)
OP_STATIC_GET_FIELD - [DEBUG]: Sget [Ljava.lang.Object;@7239c5c6, from fu.hao.trust.dvm.DVMClass@2ee784c0
OP_STATIC_GET_FIELD - [DEBUG]: Expect sget arrayData, a [Ljava.lang.String; from de.ecspride.ArrayAccess1
DalvikVM - [BB]: fu.hao.trust.dvm.Executor$OP_STATIC_GET_FIELD -> jump set pc to 23
Caller@4: flow@fu.hao.trust.analysis.Taint$TAINT_OP_STATIC_GET_FIELD - [BB]: getClass de.ecspride.ArrayAccess1 at fu.hao.trust.dvm.VMHeap@38c5a1ba
Caller: flow@fu.hao.trust.analysis.Taint$TAINT_OP_STATIC_GET_FIELD - [BB]: Get DVMClass for type de.ecspride.ArrayAccess1
Caller@4: flow@fu.hao.trust.analysis.Taint$TAINT_OP_STATIC_GET_FIELD - [BB]: getClass de.ecspride.ArrayAccess1 at fu.hao.trust.dvm.VMHeap@38c5a1ba
PluginManager - [MSG]: TaintSumBranch Tainted Res: {359874043116909=<19 INVOKE,VIRTUAL,extra=[android.telephony.TelephonyManager/getDeviceId[], [1]]>}
Executor - [MSG]: 

Executor - [MSG]: <23 MOV,CONST,dst=r3,type=java.lang.String,extra="neutral text"> at de.ecspride.ArrayAccess1/onCreate[android.os.Bundle]
Executor - [DEBUG]: Mov const begin <23 MOV,CONST,dst=r3,type=java.lang.String,extra="neutral text">
DalvikVM - [WARN]: ar 3 ([Ljava.lang.Object;@7239c5c6, [Ljava.lang.String;), (neutral text, java.lang.String)
Executor - [DEBUG]: data: neutral text class java.lang.String
DalvikVM - [BB]: fu.hao.trust.dvm.Executor$OP_MOV_CONST -> jump set pc to 24
PluginManager - [MSG]: TaintSumBranch Tainted Res: {359874043116909=<19 INVOKE,VIRTUAL,extra=[android.telephony.TelephonyManager/getDeviceId[], [1]]>}
Executor - [MSG]: 

Executor - [MSG]: <24 ARRAY,APUT,dst=r3,r0=r1,r1=r5,type=java.lang.Object> at de.ecspride.ArrayAccess1/onCreate[android.os.Bundle]
DalvikVM - [BB]: fu.hao.trust.dvm.Executor$OP_ARRAY_PUT -> jump set pc to 25
Executor - [BB]: index: 2, length: 3
Executor - [DEBUG]: data: neutral text array: [Ljava.lang.Object;@7239c5c6
PluginManager - [MSG]: TaintSumBranch Tainted Res: {359874043116909=<19 INVOKE,VIRTUAL,extra=[android.telephony.TelephonyManager/getDeviceId[], [1]]>}
Executor - [MSG]: 

Executor - [MSG]: <25 INVOKE,STATIC,extra=[android.telephony.SmsManager/getDefault[], []]> at de.ecspride.ArrayAccess1/onCreate[android.os.Bundle]
Executor - [DEBUG]: Reflction class android.telephony.SmsManager
DalvikVM - [WARN]: ar -1, (android.telephony.SmsManager@18ef659c, android.telephony.SmsManager)
Executor - [MSG]: reflction invocation public static android.telephony.SmsManager android.telephony.SmsManager.getDefault()
DalvikVM - [BB]: Set reflective call: public static android.telephony.SmsManager android.telephony.SmsManager.getDefault()
DalvikVM - [BB]: fu.hao.trust.dvm.Executor$OP_INVOKE_STATIC -> jump set pc to 26
TaintSumBranch - [BB]: <android.telephony.SmsManager: android.telephony.SmsManager getDefault()>
TaintSumBranch - [DEBUG]: Not a taint call: <android.telephony.SmsManager: android.telephony.SmsManager getDefault()>
PluginManager - [MSG]: TaintSumBranch Tainted Res: {359874043116909=<19 INVOKE,VIRTUAL,extra=[android.telephony.TelephonyManager/getDeviceId[], [1]]>}
Executor - [MSG]: 

Executor - [MSG]: <26 MOV,RESULT,dst=r0,type=java.lang.Object> at de.ecspride.ArrayAccess1/onCreate[android.os.Bundle]
DalvikVM - [WARN]: ar 0, (android.telephony.SmsManager@18ef659c, android.telephony.SmsManager)
OP_MOV_RESULT - [BB]: Result data: android.telephony.SmsManager@18ef659c
OP_MOV_RESULT - [DEBUG]: Result data: android.telephony.SmsManager@18ef659c, type: android.telephony.SmsManager, to [reg 0@ArrayAccess1/onCreate]
DalvikVM - [BB]: fu.hao.trust.dvm.Executor$OP_MOV_RESULT -> jump set pc to 27
PluginManager - [MSG]: TaintSumBranch Tainted Res: {359874043116909=<19 INVOKE,VIRTUAL,extra=[android.telephony.TelephonyManager/getDeviceId[], [1]]>}
Executor - [MSG]: 

Executor - [MSG]: <27 MOV,CONST,dst=r1,type=java.lang.String,extra="+49 1234"> at de.ecspride.ArrayAccess1/onCreate[android.os.Bundle]
Executor - [DEBUG]: Mov const begin <27 MOV,CONST,dst=r1,type=java.lang.String,extra="+49 1234">
DalvikVM - [WARN]: ar 1 ([Ljava.lang.Object;@7239c5c6, [Ljava.lang.String;), (+49 1234, java.lang.String)
Executor - [DEBUG]: data: +49 1234 class java.lang.String
DalvikVM - [BB]: fu.hao.trust.dvm.Executor$OP_MOV_CONST -> jump set pc to 28
PluginManager - [MSG]: TaintSumBranch Tainted Res: {359874043116909=<19 INVOKE,VIRTUAL,extra=[android.telephony.TelephonyManager/getDeviceId[], [1]]>}
Executor - [MSG]: 

Executor - [MSG]: <28 STATIC,SGET,r0=r3,type=java.lang.Object,extra=(de.ecspride.ArrayAccess1, arrayData)> at de.ecspride.ArrayAccess1/onCreate[android.os.Bundle]
Caller@4: func@fu.hao.trust.dvm.Executor$OP_STATIC_GET_FIELD - [BB]: getClass de.ecspride.ArrayAccess1 at fu.hao.trust.dvm.VMHeap@38c5a1ba
Caller: func@fu.hao.trust.dvm.Executor$OP_STATIC_GET_FIELD - [BB]: Get DVMClass for type de.ecspride.ArrayAccess1
Caller@4: func@fu.hao.trust.dvm.Executor$OP_STATIC_GET_FIELD - [BB]: getClass de.ecspride.ArrayAccess1 at fu.hao.trust.dvm.VMHeap@38c5a1ba
DalvikVM - [WARN]: ar 3 (neutral text, java.lang.String), ([Ljava.lang.Object;@7239c5c6, [Ljava.lang.String;)
OP_STATIC_GET_FIELD - [DEBUG]: Sget [Ljava.lang.Object;@7239c5c6, from fu.hao.trust.dvm.DVMClass@2ee784c0
OP_STATIC_GET_FIELD - [DEBUG]: Expect sget arrayData, a [Ljava.lang.String; from de.ecspride.ArrayAccess1
DalvikVM - [BB]: fu.hao.trust.dvm.Executor$OP_STATIC_GET_FIELD -> jump set pc to 29
Caller@4: flow@fu.hao.trust.analysis.Taint$TAINT_OP_STATIC_GET_FIELD - [BB]: getClass de.ecspride.ArrayAccess1 at fu.hao.trust.dvm.VMHeap@38c5a1ba
Caller: flow@fu.hao.trust.analysis.Taint$TAINT_OP_STATIC_GET_FIELD - [BB]: Get DVMClass for type de.ecspride.ArrayAccess1
Caller@4: flow@fu.hao.trust.analysis.Taint$TAINT_OP_STATIC_GET_FIELD - [BB]: getClass de.ecspride.ArrayAccess1 at fu.hao.trust.dvm.VMHeap@38c5a1ba
PluginManager - [MSG]: TaintSumBranch Tainted Res: {359874043116909=<19 INVOKE,VIRTUAL,extra=[android.telephony.TelephonyManager/getDeviceId[], [1]]>}
Executor - [MSG]: 

Executor - [MSG]: <29 ARRAY,AGET,dst=r3,r0=r3,r1=r5,type=java.lang.Object> at de.ecspride.ArrayAccess1/onCreate[android.os.Bundle]
DalvikVM - [BB]: fu.hao.trust.dvm.Executor$OP_ARRAY_GET -> jump set pc to 30
Executor - [BB]: Array: [Ljava.lang.Object;@7239c5c6
Executor - [BB]: Length: 3
Executor - [BB]: Index: 2
Executor - [DEBUG]: Elem: neutral text at 2 of [Ljava.lang.Object;@7239c5c6
DalvikVM - [WARN]: ar 3 ([Ljava.lang.Object;@7239c5c6, [Ljava.lang.String;), (neutral text, java.lang.Object)
PluginManager - [MSG]: TaintSumBranch Tainted Res: {359874043116909=<19 INVOKE,VIRTUAL,extra=[android.telephony.TelephonyManager/getDeviceId[], [1]]>}
Executor - [MSG]: 

Executor - [MSG]: <30 MOV,REG,dst=r4,r0=r2,type=java.lang.Object> at de.ecspride.ArrayAccess1/onCreate[android.os.Bundle]
DalvikVM - [WARN]: ar 4 (1, void), (0, void)
class fu.hao.trust.dvm.Executor$OP_MOVE_REG - [DEBUG]: mov 0 to 0
DalvikVM - [BB]: fu.hao.trust.dvm.Executor$OP_MOVE_REG -> jump set pc to 31
PluginManager - [MSG]: TaintSumBranch Tainted Res: {359874043116909=<19 INVOKE,VIRTUAL,extra=[android.telephony.TelephonyManager/getDeviceId[], [1]]>}
Executor - [MSG]: 

Executor - [MSG]: <31 MOV,REG,dst=r5,r0=r2,type=java.lang.Object> at de.ecspride.ArrayAccess1/onCreate[android.os.Bundle]
DalvikVM - [WARN]: ar 5 (2, void), (0, void)
class fu.hao.trust.dvm.Executor$OP_MOVE_REG - [DEBUG]: mov 0 to 0
DalvikVM - [BB]: fu.hao.trust.dvm.Executor$OP_MOVE_REG -> jump set pc to 32
PluginManager - [MSG]: TaintSumBranch Tainted Res: {359874043116909=<19 INVOKE,VIRTUAL,extra=[android.telephony.TelephonyManager/getDeviceId[], [1]]>}
Executor - [MSG]: 

Executor - [MSG]: <32 INVOKE,VIRTUAL,extra=[android.telephony.SmsManager/sendTextMessage[java.lang.String, java.lang.String, java.lang.String, android.app.PendingIntent, android.app.PendingIntent], [0, 1, 2, 3, 4, 5]]> at de.ecspride.ArrayAccess1/onCreate[android.os.Bundle]
Executor - [MSG]: arg0 obj: android.telephony.SmsManager@18ef659c
Executor - [DEBUG]: Reflction class: class android.telephony.SmsManager
Executor - [BB]: Normal args? true
Executor - [BB]: arg1@reg1: +49 1234
Executor - [BB]: arg2@reg2: 0
Executor - [WARN]: Mismatch type! arg 2, real para type: class patdroid.core.PrimitiveInfo, expected para type: class java.lang.String
Executor - [BB]: arg3@reg3: neutral text
DalvikVM - [WARN]: ar 3 (neutral text, java.lang.Object), (neutral text, java.lang.String)
Executor - [BB]: arg4@reg4: 0
Executor - [WARN]: Mismatch type! arg 4, real para type: class patdroid.core.PrimitiveInfo, expected para type: class android.app.PendingIntent
Executor - [BB]: arg5@reg5: 0
Executor - [WARN]: Mismatch type! arg 5, real para type: class patdroid.core.PrimitiveInfo, expected para type: class android.app.PendingIntent
Executor - [BB]: Nargs? true
Executor - [DEBUG]: Caller obj: android.telephony.SmsManager@18ef659c, from class: class android.telephony.SmsManager
DalvikVM - [WARN]: ar -1, (null, void)
Executor - [MSG]: Reflction invocation public void android.telephony.SmsManager.sendTextMessage(java.lang.String,java.lang.String,java.lang.String,android.app.PendingIntent,android.app.PendingIntent)
DalvikVM - [BB]: Set reflective call: public void android.telephony.SmsManager.sendTextMessage(java.lang.String,java.lang.String,java.lang.String,android.app.PendingIntent,android.app.PendingIntent)
DalvikVM - [BB]: fu.hao.trust.dvm.Executor -> jump set pc to 33
TaintSumBranch - [BB]: <android.telephony.SmsManager: void sendTextMessage(java.lang.String,java.lang.String,java.lang.String,android.app.PendingIntent,android.app.PendingIntent)>
TaintSumBranch - [BB]: Found a sink invocation. <android.telephony.SmsManager: void sendTextMessage(java.lang.String,java.lang.String,java.lang.String,android.app.PendingIntent,android.app.PendingIntent)>
PluginManager - [MSG]: TaintSumBranch Tainted Res: {359874043116909=<19 INVOKE,VIRTUAL,extra=[android.telephony.TelephonyManager/getDeviceId[], [1]]>}
Executor - [MSG]: 

Executor - [MSG]: <33 RETURN,VOID> at de.ecspride.ArrayAccess1/onCreate[android.os.Bundle]
class fu.hao.trust.dvm.Executor$OP_RETURN_VOID - [DEBUG]: Return void
DalvikVM - [BB]: stack []
DalvikVM - [BB]: Back to the last stack frame.null
DalvikVM - [MSG]: Finish running instrumented methods! Back to null
Executor - [MSG]: RUN BEGIN de.ecspride.ArrayAccess1/onCreate[android.os.Bundle]
Executor - [MSG]: RUN DONE! The last one is null
DalvikVM - [MSG]: FINISHED!

main - [MSG]: Analysis has run for 3.403333016 seconds

