main - [MSG]: Src Chain: []
main - [DEBUG]: Src Entry event: (de.ecspride.MyLocationListener, onLocationChanged)
DalvikVM - [MSG]: Begin run onLocationChanged at C:\Users\hao\workspace\DroidBenchProj\LocationLeak3\app\LocationLeak3.apk
DalvikVM - [MSG]: RUN Method de.ecspride.MyLocationListener/onLocationChanged[android.location.Location]
Executor - [DEBUG]: Read manifest csv: output/LocationLeak3.apk\LocationLeak3.apk_manifest.csv
Executor - [WARN]: output\LocationLeak3.apk\LocationLeak3.apk_manifest.csv (The system cannot find the file specified)
DalvikVM - [BB]: New method call: de.ecspride.MyLocationListener/onLocationChanged[android.location.Location]
DalvikVM - [BB]: [0]<0 SPECIAL,ARGUMENT_SET,extra=[4, 5]>
DalvikVM - [BB]: [1]<0 INSTANCE,IGET,r0=r4,r1=r0,type=java.lang.Object,extra=de.ecspride.MyLocationListener.dataProvider>
DalvikVM - [BB]: [2]<0 NEW,INSTANCE,dst=r1,type=java.lang.StringBuilder>
DalvikVM - [BB]: [3]<0 INVOKE,DIRECT,extra=[java.lang.StringBuilder/<init>[], [1]]>
DalvikVM - [BB]: [4]<3 MOV,CONST,dst=r2,type=java.lang.String,extra="Longitude: ">
DalvikVM - [BB]: [5]<0 INVOKE,VIRTUAL,extra=[java.lang.StringBuilder/append[java.lang.String], [1, 2]]>
DalvikVM - [BB]: [6]<0 MOV,RESULT,dst=r1,type=java.lang.Object>
DalvikVM - [BB]: [7]<0 INVOKE,VIRTUAL,extra=[android.location.Location/getLongitude[], [5]]>
DalvikVM - [BB]: [8]<0 MOV,RESULT,dst=r2,type=AndroidWide>
DalvikVM - [BB]: [9]<0 INVOKE,VIRTUAL,extra=[java.lang.StringBuilder/append[double], [1, 2]]>
DalvikVM - [BB]: [10]<0 MOV,RESULT,dst=r1,type=java.lang.Object>
DalvikVM - [BB]: [11]<10 MOV,CONST,dst=r2,type=java.lang.String,extra=", Latitude: ">
DalvikVM - [BB]: [12]<0 INVOKE,VIRTUAL,extra=[java.lang.StringBuilder/append[java.lang.String], [1, 2]]>
DalvikVM - [BB]: [13]<0 MOV,RESULT,dst=r1,type=java.lang.Object>
DalvikVM - [BB]: [14]<0 INVOKE,VIRTUAL,extra=[android.location.Location/getLatitude[], [5]]>
DalvikVM - [BB]: [15]<0 MOV,RESULT,dst=r2,type=AndroidWide>
DalvikVM - [BB]: [16]<0 INVOKE,VIRTUAL,extra=[java.lang.StringBuilder/append[double], [1, 2]]>
DalvikVM - [BB]: [17]<0 MOV,RESULT,dst=r1,type=java.lang.Object>
DalvikVM - [BB]: [18]<0 INVOKE,VIRTUAL,extra=[java.lang.StringBuilder/toString[], [1]]>
DalvikVM - [BB]: [19]<0 MOV,RESULT,dst=r1,type=java.lang.Object>
DalvikVM - [BB]: [20]<0 INVOKE,INTERFACE,extra=[de.ecspride.IDataProvider/setData[java.lang.String], [0, 1]]>
DalvikVM - [BB]: [21]<0 RETURN,VOID>
newStackFrame - [BB]: New Stack Frame: StackFrame de.ecspride.MyLocationListener/onLocationChanged[android.location.Location]
newStackFrame - [BB]: Add frame StackFrame de.ecspride.MyLocationListener/onLocationChanged[android.location.Location]
newStackFrame - [BB]: Stack: [StackFrame de.ecspride.MyLocationListener/onLocationChanged[android.location.Location]]
Executor - [MSG]: New chain obj with type de.ecspride.MyLocationListener
MyLocationListener - [BB]: New instance of de.ecspride.MyLocationListener
Caller@4: <init>@fu.hao.trust.dvm.DVMObject - [BB]: getClass de.ecspride.MyLocationListener at fu.hao.trust.dvm.VMHeap@15d82219
Caller: getClass@fu.hao.trust.dvm.VMHeap - [BB]: new class representation for de.ecspride.MyLocationListener at fu.hao.trust.dvm.VMHeap@15d82219
Caller: <init>@fu.hao.trust.dvm.DVMObject - [BB]: Get DVMClass for type de.ecspride.MyLocationListener
Caller@4: <init>@fu.hao.trust.dvm.DVMObject - [BB]: getClass de.ecspride.MyLocationListener at fu.hao.trust.dvm.VMHeap@15d82219
Executor - [MSG]: RUN BEGIN de.ecspride.MyLocationListener/onLocationChanged[android.location.Location]
DalvikVM - [BB]: fu.hao.trust.dvm.Executor -> execute set pc to 0
Executor - [MSG]: 

Executor - [MSG]: <0 SPECIAL,ARGUMENT_SET,extra=[4, 5]> at de.ecspride.MyLocationListener/onLocationChanged[android.location.Location]
Executor - [WARN]: NULL CallingCtx!
DalvikVM - [WARN]: ar 4, (instance number 1@de.ecspride.MyLocationListener, de.ecspride.MyLocationListener)
Executor - [DEBUG]: args: instance number 1@de.ecspride.MyLocationListener
Executor - [BB]: Start param from 1
DalvikVM - [WARN]: ar 5, (android.location.Location@c19af16, android.location.Location)
Executor - [DEBUG]: args: android.location.Location@c19af16
DalvikVM - [BB]: fu.hao.trust.dvm.Executor$OP_SP_ARGUMENTS -> jump set pc to 1
PluginManager - [MSG]: TaintSumBranch Tainted Res: {}
Executor - [MSG]: 

Executor - [MSG]: <1 INSTANCE,IGET,r0=r4,r1=r0,type=java.lang.Object,extra=de.ecspride.MyLocationListener.dataProvider> at de.ecspride.MyLocationListener/onLocationChanged[android.location.Location]
class fu.hao.trust.dvm.Executor$OP_INSTANCE_GET_FIELD - [BB]: Obj instance number 1@de.ecspride.MyLocationListener
class fu.hao.trust.dvm.Executor$OP_INSTANCE_GET_FIELD - [BB]: Fieldinfo de.ecspride.MyLocationListener.dataProvider
DalvikVM - [BB]: Superclass: de.ecspride.IDataProvider
DalvikVM - [BB]: Superclass: java.lang.Object
DVMObject - [BB]: New instance of de.ecspride.IDataProvider
Caller@4: <init>@fu.hao.trust.dvm.DVMObject - [BB]: getClass de.ecspride.IDataProvider at fu.hao.trust.dvm.VMHeap@15d82219
Caller: getClass@fu.hao.trust.dvm.VMHeap - [BB]: new class representation for de.ecspride.IDataProvider at fu.hao.trust.dvm.VMHeap@15d82219
Caller: <init>@fu.hao.trust.dvm.DVMObject - [BB]: Get DVMClass for type de.ecspride.IDataProvider
Caller@4: <init>@fu.hao.trust.dvm.DVMObject - [BB]: getClass de.ecspride.IDataProvider at fu.hao.trust.dvm.VMHeap@15d82219
Unknown - [BB]: Unknown created!
MyLocationListener - [DEBUG]: put field [Unknown var:instance number 1@de.ecspride.IDataProvider, type: de.ecspride.IDataProvider]
DalvikVM - [WARN]: ar 0, ([Unknown var:instance number 1@de.ecspride.IDataProvider, type: de.ecspride.IDataProvider], de.ecspride.IDataProvider)
class fu.hao.trust.dvm.Executor$OP_INSTANCE_GET_FIELD - [DEBUG]: Get data: [Unknown var:instance number 1@de.ecspride.IDataProvider, type: de.ecspride.IDataProvider]
DalvikVM - [BB]: fu.hao.trust.dvm.Executor$OP_INSTANCE_GET_FIELD -> jump set pc to 2
PluginManager - [MSG]: TaintSumBranch Tainted Res: {}
Executor - [MSG]: 

Executor - [MSG]: <2 NEW,INSTANCE,dst=r1,type=java.lang.StringBuilder> at de.ecspride.MyLocationListener/onLocationChanged[android.location.Location]
OP_NEW_INSTANCE - [DEBUG]: [reg 1@MyLocationListener/onLocationChanged]
DalvikVM - [WARN]: ar 1, (null, java.lang.StringBuilder)
OP_NEW_INSTANCE - [BB]: Reflecable instance.
DalvikVM - [BB]: fu.hao.trust.dvm.Executor$OP_NEW_INSTANCE -> jump set pc to 3
TaintSumBranch - [BB]: Rdst [reg 1@MyLocationListener/onLocationChanged]
PluginManager - [MSG]: TaintSumBranch Tainted Res: {}
Executor - [MSG]: 

Executor - [MSG]: <3 INVOKE,DIRECT,extra=[java.lang.StringBuilder/<init>[], [1]]> at de.ecspride.MyLocationListener/onLocationChanged[android.location.Location]
Executor - [MSG]: arg0 obj: null
Executor - [BB]: java.lang.StringBuilder/<init>[] is a constructor!
DalvikVM - [WARN]: ar 1 (null, java.lang.StringBuilder), (, void)
Executor - [DEBUG]: Reflected init instance: , class java.lang.StringBuilder
DalvikVM - [BB]: fu.hao.trust.dvm.Executor -> jump set pc to 4
TaintSumBranch - [BB]: <java.lang.StringBuilder: void <init>()>
TaintSumBranch - [DEBUG]: Not a taint call: <java.lang.StringBuilder: void <init>()>
PluginManager - [MSG]: TaintSumBranch Tainted Res: {}
Executor - [MSG]: 

Executor - [MSG]: <4 MOV,CONST,dst=r2,type=java.lang.String,extra="Longitude: "> at de.ecspride.MyLocationListener/onLocationChanged[android.location.Location]
Executor - [DEBUG]: Mov const begin <4 MOV,CONST,dst=r2,type=java.lang.String,extra="Longitude: ">
DalvikVM - [WARN]: ar 2, (Longitude: , java.lang.String)
Executor - [DEBUG]: data: Longitude:  class java.lang.String
DalvikVM - [BB]: fu.hao.trust.dvm.Executor$OP_MOV_CONST -> jump set pc to 5
PluginManager - [MSG]: TaintSumBranch Tainted Res: {}
Executor - [MSG]: 

Executor - [MSG]: <5 INVOKE,VIRTUAL,extra=[java.lang.StringBuilder/append[java.lang.String], [1, 2]]> at de.ecspride.MyLocationListener/onLocationChanged[android.location.Location]
Executor - [MSG]: arg0 obj: 
Executor - [DEBUG]: Reflction class: class java.lang.StringBuilder
Executor - [BB]: Normal args? true
Executor - [BB]: arg1@reg2: Longitude: 
Executor - [BB]: Nargs? true
Executor - [DEBUG]: Caller obj: , from class: class java.lang.StringBuilder
DalvikVM - [WARN]: ar -1, (Longitude: , java.lang.StringBuilder)
Executor - [DEBUG]: Return data: Longitude:  ,class java.lang.StringBuilder
Executor - [MSG]: Reflction invocation public java.lang.StringBuilder java.lang.StringBuilder.append(java.lang.String)
DalvikVM - [BB]: Set reflective call: public java.lang.StringBuilder java.lang.StringBuilder.append(java.lang.String)
Unknown - [BB]: Unknown created!
DalvikVM - [WARN]: ar -1 (Longitude: , java.lang.StringBuilder), ([Unknown var:Longitude: , type: java.lang.StringBuilder], java.lang.StringBuilder)
DalvikVM - [BB]: fu.hao.trust.dvm.Executor -> jump set pc to 6
TaintSumBranch - [BB]: <java.lang.StringBuilder: java.lang.StringBuilder append(java.lang.String)>
TaintSumBranch - [DEBUG]: Not a taint call: <java.lang.StringBuilder: java.lang.StringBuilder append(java.lang.String)>
PluginManager - [MSG]: TaintSumBranch Tainted Res: {}
Executor - [MSG]: 

Executor - [MSG]: <6 MOV,RESULT,dst=r1,type=java.lang.Object> at de.ecspride.MyLocationListener/onLocationChanged[android.location.Location]
DalvikVM - [WARN]: ar 1 (Longitude: , void), ([Unknown var:Longitude: , type: java.lang.StringBuilder], java.lang.StringBuilder)
OP_MOV_RESULT - [BB]: Result data: [Unknown var:Longitude: , type: java.lang.StringBuilder]
OP_MOV_RESULT - [DEBUG]: Result data: [Unknown var:Longitude: , type: java.lang.StringBuilder], type: java.lang.StringBuilder, to [reg 1@MyLocationListener/onLocationChanged]
DalvikVM - [BB]: fu.hao.trust.dvm.Executor$OP_MOV_RESULT -> jump set pc to 7
PluginManager - [MSG]: TaintSumBranch Tainted Res: {}
Executor - [MSG]: 

Executor - [MSG]: <7 INVOKE,VIRTUAL,extra=[android.location.Location/getLongitude[], [5]]> at de.ecspride.MyLocationListener/onLocationChanged[android.location.Location]
Executor - [MSG]: arg0 obj: android.location.Location@c19af16
Executor - [DEBUG]: Reflction class: class android.location.Location
DalvikVM - [WARN]: ar -1, (-121.759603, double)
Executor - [DEBUG]: Return data: -121.759603 ,class java.lang.Double
Executor - [MSG]: Reflction invocation public double android.location.Location.getLongitude()
DalvikVM - [BB]: Set reflective call: public double android.location.Location.getLongitude()
DalvikVM - [BB]: fu.hao.trust.dvm.Executor -> jump set pc to 8
TaintSumBranch - [BB]: <android.location.Location: double getLongitude()>
TaintSumBranch - [WARN]: Found a tainted return value!
PluginManager - [MSG]: TaintSumBranch Tainted Res: {[Global RetReg]=<7 INVOKE,VIRTUAL,extra=[android.location.Location/getLongitude[], [5]]>, -121.759603=<7 INVOKE,VIRTUAL,extra=[android.location.Location/getLongitude[], [5]]>}
Executor - [MSG]: 

Executor - [MSG]: <8 MOV,RESULT,dst=r2,type=AndroidWide> at de.ecspride.MyLocationListener/onLocationChanged[android.location.Location]
DalvikVM - [WARN]: ar -1 (-121.759603, double), (-121.759603d, double)
DalvikVM - [WARN]: ar 2 (Longitude: , java.lang.String), (-121.759603d, double)
OP_MOV_RESULT - [BB]: Result data: -121.759603d
OP_MOV_RESULT - [DEBUG]: Result data: -121.759603d, type: double, to [reg 2@MyLocationListener/onLocationChanged]
DalvikVM - [BB]: fu.hao.trust.dvm.Executor$OP_MOV_RESULT -> jump set pc to 9
TaintSumBranch - [BB]: <7 INVOKE,VIRTUAL,extra=[android.location.Location/getLongitude[], [5]]>
TaintSumBranch - [BB]: Add reg 2 due to ret reg.
PluginManager - [MSG]: TaintSumBranch Tainted Res: {-121.759603=<7 INVOKE,VIRTUAL,extra=[android.location.Location/getLongitude[], [5]]>, -121.759603d=<7 INVOKE,VIRTUAL,extra=[android.location.Location/getLongitude[], [5]]>, [reg 2@MyLocationListener/onLocationChanged]=<7 INVOKE,VIRTUAL,extra=[android.location.Location/getLongitude[], [5]]>}
Executor - [MSG]: 

Executor - [MSG]: <9 INVOKE,VIRTUAL,extra=[java.lang.StringBuilder/append[double], [1, 2]]> at de.ecspride.MyLocationListener/onLocationChanged[android.location.Location]
Executor - [MSG]: arg0 obj: [Unknown var:Longitude: , type: java.lang.StringBuilder]
Executor - [DEBUG]: Reflction class: class java.lang.StringBuilder
Executor - [BB]: Normal args? true
Executor - [BB]: arg1@reg2: -121.759603d
Executor - [DEBUG]: Expected para type: double
Executor - [DEBUG]: Real para double, value: -121.759603
Executor - [BB]: Nargs? true
Executor - [DEBUG]: Caller obj: Longitude: , from class: class java.lang.StringBuilder
DalvikVM - [WARN]: ar -1, (Longitude: -121.759603, java.lang.StringBuilder)
Executor - [DEBUG]: Return data: Longitude: -121.759603 ,class java.lang.StringBuilder
Executor - [MSG]: Reflction invocation public java.lang.StringBuilder java.lang.StringBuilder.append(double)
DalvikVM - [BB]: Set reflective call: public java.lang.StringBuilder java.lang.StringBuilder.append(double)
Unknown - [BB]: Unknown created!
DalvikVM - [WARN]: ar -1 (Longitude: -121.759603, java.lang.StringBuilder), ([Unknown var:Longitude: -121.759603, type: java.lang.StringBuilder], java.lang.StringBuilder)
DalvikVM - [BB]: fu.hao.trust.dvm.Executor -> jump set pc to 10
TaintSumBranch - [BB]: <java.lang.StringBuilder: java.lang.StringBuilder append(double)>
TaintSumBranch - [DEBUG]: Not a taint call: <java.lang.StringBuilder: java.lang.StringBuilder append(double)>
TaintSumBranch - [WARN]: Found a tainted return val!
PluginManager - [MSG]: TaintSumBranch Tainted Res: {[Global RetReg]=<7 INVOKE,VIRTUAL,extra=[android.location.Location/getLongitude[], [5]]>, -121.759603=<7 INVOKE,VIRTUAL,extra=[android.location.Location/getLongitude[], [5]]>, -121.759603d=<7 INVOKE,VIRTUAL,extra=[android.location.Location/getLongitude[], [5]]>, [reg 2@MyLocationListener/onLocationChanged]=<7 INVOKE,VIRTUAL,extra=[android.location.Location/getLongitude[], [5]]>, [Unknown var:Longitude: -121.759603, type: java.lang.StringBuilder]=<7 INVOKE,VIRTUAL,extra=[android.location.Location/getLongitude[], [5]]>}
Executor - [MSG]: 

Executor - [MSG]: <10 MOV,RESULT,dst=r1,type=java.lang.Object> at de.ecspride.MyLocationListener/onLocationChanged[android.location.Location]
DalvikVM - [WARN]: ar 1 ([Unknown var:Longitude: -121.759603, type: java.lang.StringBuilder], java.lang.StringBuilder), ([Unknown var:Longitude: -121.759603, type: java.lang.StringBuilder], java.lang.StringBuilder)
OP_MOV_RESULT - [BB]: Result data: [Unknown var:Longitude: -121.759603, type: java.lang.StringBuilder]
OP_MOV_RESULT - [DEBUG]: Result data: [Unknown var:Longitude: -121.759603, type: java.lang.StringBuilder], type: java.lang.StringBuilder, to [reg 1@MyLocationListener/onLocationChanged]
DalvikVM - [BB]: fu.hao.trust.dvm.Executor$OP_MOV_RESULT -> jump set pc to 11
TaintSumBranch - [BB]: <7 INVOKE,VIRTUAL,extra=[android.location.Location/getLongitude[], [5]]>
TaintSumBranch - [BB]: Add reg 1 due to ret reg.
PluginManager - [MSG]: TaintSumBranch Tainted Res: {-121.759603=<7 INVOKE,VIRTUAL,extra=[android.location.Location/getLongitude[], [5]]>, [reg 1@MyLocationListener/onLocationChanged]=<7 INVOKE,VIRTUAL,extra=[android.location.Location/getLongitude[], [5]]>, [reg 2@MyLocationListener/onLocationChanged]=<7 INVOKE,VIRTUAL,extra=[android.location.Location/getLongitude[], [5]]>, -121.759603d=<7 INVOKE,VIRTUAL,extra=[android.location.Location/getLongitude[], [5]]>, [Unknown var:Longitude: -121.759603, type: java.lang.StringBuilder]=<7 INVOKE,VIRTUAL,extra=[android.location.Location/getLongitude[], [5]]>}
Executor - [MSG]: 

Executor - [MSG]: <11 MOV,CONST,dst=r2,type=java.lang.String,extra=", Latitude: "> at de.ecspride.MyLocationListener/onLocationChanged[android.location.Location]
Executor - [DEBUG]: Mov const begin <11 MOV,CONST,dst=r2,type=java.lang.String,extra=", Latitude: ">
DalvikVM - [WARN]: ar 2 (-121.759603d, double), (, Latitude: , java.lang.String)
Executor - [DEBUG]: data: , Latitude:  class java.lang.String
DalvikVM - [BB]: fu.hao.trust.dvm.Executor$OP_MOV_CONST -> jump set pc to 12
PluginManager - [MSG]: TaintSumBranch Tainted Res: {-121.759603=<7 INVOKE,VIRTUAL,extra=[android.location.Location/getLongitude[], [5]]>, [reg 1@MyLocationListener/onLocationChanged]=<7 INVOKE,VIRTUAL,extra=[android.location.Location/getLongitude[], [5]]>, -121.759603d=<7 INVOKE,VIRTUAL,extra=[android.location.Location/getLongitude[], [5]]>, [Unknown var:Longitude: -121.759603, type: java.lang.StringBuilder]=<7 INVOKE,VIRTUAL,extra=[android.location.Location/getLongitude[], [5]]>}
Executor - [MSG]: 

Executor - [MSG]: <12 INVOKE,VIRTUAL,extra=[java.lang.StringBuilder/append[java.lang.String], [1, 2]]> at de.ecspride.MyLocationListener/onLocationChanged[android.location.Location]
Executor - [MSG]: arg0 obj: [Unknown var:Longitude: -121.759603, type: java.lang.StringBuilder]
Executor - [DEBUG]: Reflction class: class java.lang.StringBuilder
Executor - [BB]: Normal args? true
Executor - [BB]: arg1@reg2: , Latitude: 
Executor - [BB]: Nargs? true
Executor - [DEBUG]: Caller obj: Longitude: -121.759603, from class: class java.lang.StringBuilder
DalvikVM - [WARN]: ar -1, (Longitude: -121.759603, Latitude: , java.lang.StringBuilder)
Executor - [DEBUG]: Return data: Longitude: -121.759603, Latitude:  ,class java.lang.StringBuilder
Executor - [MSG]: Reflction invocation public java.lang.StringBuilder java.lang.StringBuilder.append(java.lang.String)
DalvikVM - [BB]: Set reflective call: public java.lang.StringBuilder java.lang.StringBuilder.append(java.lang.String)
Unknown - [BB]: Unknown created!
DalvikVM - [WARN]: ar -1 (Longitude: -121.759603, Latitude: , java.lang.StringBuilder), ([Unknown var:Longitude: -121.759603, Latitude: , type: java.lang.StringBuilder], java.lang.StringBuilder)
DalvikVM - [BB]: fu.hao.trust.dvm.Executor -> jump set pc to 13
TaintSumBranch - [BB]: <java.lang.StringBuilder: java.lang.StringBuilder append(java.lang.String)>
TaintSumBranch - [DEBUG]: Not a taint call: <java.lang.StringBuilder: java.lang.StringBuilder append(java.lang.String)>
TaintSumBranch - [WARN]: Found a tainted return val!
PluginManager - [MSG]: TaintSumBranch Tainted Res: {[Global RetReg]=<7 INVOKE,VIRTUAL,extra=[android.location.Location/getLongitude[], [5]]>, -121.759603=<7 INVOKE,VIRTUAL,extra=[android.location.Location/getLongitude[], [5]]>, [Unknown var:Longitude: -121.759603, Latitude: , type: java.lang.StringBuilder]=<7 INVOKE,VIRTUAL,extra=[android.location.Location/getLongitude[], [5]]>, [reg 1@MyLocationListener/onLocationChanged]=<7 INVOKE,VIRTUAL,extra=[android.location.Location/getLongitude[], [5]]>, -121.759603d=<7 INVOKE,VIRTUAL,extra=[android.location.Location/getLongitude[], [5]]>, [Unknown var:Longitude: -121.759603, Latitude: , type: java.lang.StringBuilder]=<7 INVOKE,VIRTUAL,extra=[android.location.Location/getLongitude[], [5]]>}
Executor - [MSG]: 

Executor - [MSG]: <13 MOV,RESULT,dst=r1,type=java.lang.Object> at de.ecspride.MyLocationListener/onLocationChanged[android.location.Location]
DalvikVM - [WARN]: ar 1 ([Unknown var:Longitude: -121.759603, Latitude: , type: java.lang.StringBuilder], java.lang.StringBuilder), ([Unknown var:Longitude: -121.759603, Latitude: , type: java.lang.StringBuilder], java.lang.StringBuilder)
OP_MOV_RESULT - [BB]: Result data: [Unknown var:Longitude: -121.759603, Latitude: , type: java.lang.StringBuilder]
OP_MOV_RESULT - [DEBUG]: Result data: [Unknown var:Longitude: -121.759603, Latitude: , type: java.lang.StringBuilder], type: java.lang.StringBuilder, to [reg 1@MyLocationListener/onLocationChanged]
DalvikVM - [BB]: fu.hao.trust.dvm.Executor$OP_MOV_RESULT -> jump set pc to 14
TaintSumBranch - [BB]: <7 INVOKE,VIRTUAL,extra=[android.location.Location/getLongitude[], [5]]>
TaintSumBranch - [BB]: Add reg 1 due to ret reg.
PluginManager - [MSG]: TaintSumBranch Tainted Res: {-121.759603=<7 INVOKE,VIRTUAL,extra=[android.location.Location/getLongitude[], [5]]>, [reg 1@MyLocationListener/onLocationChanged]=<7 INVOKE,VIRTUAL,extra=[android.location.Location/getLongitude[], [5]]>, [Unknown var:Longitude: -121.759603, Latitude: , type: java.lang.StringBuilder]=<7 INVOKE,VIRTUAL,extra=[android.location.Location/getLongitude[], [5]]>, -121.759603d=<7 INVOKE,VIRTUAL,extra=[android.location.Location/getLongitude[], [5]]>, [Unknown var:Longitude: -121.759603, Latitude: , type: java.lang.StringBuilder]=<7 INVOKE,VIRTUAL,extra=[android.location.Location/getLongitude[], [5]]>}
Executor - [MSG]: 

Executor - [MSG]: <14 INVOKE,VIRTUAL,extra=[android.location.Location/getLatitude[], [5]]> at de.ecspride.MyLocationListener/onLocationChanged[android.location.Location]
Executor - [MSG]: arg0 obj: android.location.Location@c19af16
Executor - [DEBUG]: Reflction class: class android.location.Location
DalvikVM - [WARN]: ar -1, (38.53203, double)
Executor - [DEBUG]: Return data: 38.53203 ,class java.lang.Double
Executor - [MSG]: Reflction invocation public double android.location.Location.getLatitude()
DalvikVM - [BB]: Set reflective call: public double android.location.Location.getLatitude()
DalvikVM - [BB]: fu.hao.trust.dvm.Executor -> jump set pc to 15
TaintSumBranch - [BB]: <android.location.Location: double getLatitude()>
TaintSumBranch - [WARN]: Found a tainted return value!
PluginManager - [MSG]: TaintSumBranch Tainted Res: {[Global RetReg]=<14 INVOKE,VIRTUAL,extra=[android.location.Location/getLatitude[], [5]]>, 38.53203=<14 INVOKE,VIRTUAL,extra=[android.location.Location/getLatitude[], [5]]>, -121.759603=<7 INVOKE,VIRTUAL,extra=[android.location.Location/getLongitude[], [5]]>, [reg 1@MyLocationListener/onLocationChanged]=<7 INVOKE,VIRTUAL,extra=[android.location.Location/getLongitude[], [5]]>, [Unknown var:Longitude: -121.759603, Latitude: , type: java.lang.StringBuilder]=<7 INVOKE,VIRTUAL,extra=[android.location.Location/getLongitude[], [5]]>, -121.759603d=<7 INVOKE,VIRTUAL,extra=[android.location.Location/getLongitude[], [5]]>, [Unknown var:Longitude: -121.759603, Latitude: , type: java.lang.StringBuilder]=<7 INVOKE,VIRTUAL,extra=[android.location.Location/getLongitude[], [5]]>}
Executor - [MSG]: 

Executor - [MSG]: <15 MOV,RESULT,dst=r2,type=AndroidWide> at de.ecspride.MyLocationListener/onLocationChanged[android.location.Location]
DalvikVM - [WARN]: ar -1 (38.53203, double), (38.53203d, double)
DalvikVM - [WARN]: ar 2 (, Latitude: , java.lang.String), (38.53203d, double)
OP_MOV_RESULT - [BB]: Result data: 38.53203d
OP_MOV_RESULT - [DEBUG]: Result data: 38.53203d, type: double, to [reg 2@MyLocationListener/onLocationChanged]
DalvikVM - [BB]: fu.hao.trust.dvm.Executor$OP_MOV_RESULT -> jump set pc to 16
TaintSumBranch - [BB]: <14 INVOKE,VIRTUAL,extra=[android.location.Location/getLatitude[], [5]]>
TaintSumBranch - [BB]: Add reg 2 due to ret reg.
PluginManager - [MSG]: TaintSumBranch Tainted Res: {38.53203=<14 INVOKE,VIRTUAL,extra=[android.location.Location/getLatitude[], [5]]>, -121.759603=<7 INVOKE,VIRTUAL,extra=[android.location.Location/getLongitude[], [5]]>, 38.53203d=<14 INVOKE,VIRTUAL,extra=[android.location.Location/getLatitude[], [5]]>, [Unknown var:Longitude: -121.759603, Latitude: , type: java.lang.StringBuilder]=<7 INVOKE,VIRTUAL,extra=[android.location.Location/getLongitude[], [5]]>, [reg 1@MyLocationListener/onLocationChanged]=<7 INVOKE,VIRTUAL,extra=[android.location.Location/getLongitude[], [5]]>, [reg 2@MyLocationListener/onLocationChanged]=<14 INVOKE,VIRTUAL,extra=[android.location.Location/getLatitude[], [5]]>, -121.759603d=<7 INVOKE,VIRTUAL,extra=[android.location.Location/getLongitude[], [5]]>, [Unknown var:Longitude: -121.759603, Latitude: , type: java.lang.StringBuilder]=<7 INVOKE,VIRTUAL,extra=[android.location.Location/getLongitude[], [5]]>}
Executor - [MSG]: 

Executor - [MSG]: <16 INVOKE,VIRTUAL,extra=[java.lang.StringBuilder/append[double], [1, 2]]> at de.ecspride.MyLocationListener/onLocationChanged[android.location.Location]
Executor - [MSG]: arg0 obj: [Unknown var:Longitude: -121.759603, Latitude: , type: java.lang.StringBuilder]
Executor - [DEBUG]: Reflction class: class java.lang.StringBuilder
Executor - [BB]: Normal args? true
Executor - [BB]: arg1@reg2: 38.53203d
Executor - [DEBUG]: Expected para type: double
Executor - [DEBUG]: Real para double, value: 38.53203
Executor - [BB]: Nargs? true
Executor - [DEBUG]: Caller obj: Longitude: -121.759603, Latitude: , from class: class java.lang.StringBuilder
DalvikVM - [WARN]: ar -1, (Longitude: -121.759603, Latitude: 38.53203, java.lang.StringBuilder)
Executor - [DEBUG]: Return data: Longitude: -121.759603, Latitude: 38.53203 ,class java.lang.StringBuilder
Executor - [MSG]: Reflction invocation public java.lang.StringBuilder java.lang.StringBuilder.append(double)
DalvikVM - [BB]: Set reflective call: public java.lang.StringBuilder java.lang.StringBuilder.append(double)
Unknown - [BB]: Unknown created!
DalvikVM - [WARN]: ar -1 (Longitude: -121.759603, Latitude: 38.53203, java.lang.StringBuilder), ([Unknown var:Longitude: -121.759603, Latitude: 38.53203, type: java.lang.StringBuilder], java.lang.StringBuilder)
DalvikVM - [BB]: fu.hao.trust.dvm.Executor -> jump set pc to 17
TaintSumBranch - [BB]: <java.lang.StringBuilder: java.lang.StringBuilder append(double)>
TaintSumBranch - [DEBUG]: Not a taint call: <java.lang.StringBuilder: java.lang.StringBuilder append(double)>
TaintSumBranch - [WARN]: Found a tainted return val!
PluginManager - [MSG]: TaintSumBranch Tainted Res: {[Global RetReg]=<7 INVOKE,VIRTUAL,extra=[android.location.Location/getLongitude[], [5]]>, 38.53203=<14 INVOKE,VIRTUAL,extra=[android.location.Location/getLatitude[], [5]]>, -121.759603=<7 INVOKE,VIRTUAL,extra=[android.location.Location/getLongitude[], [5]]>, 38.53203d=<14 INVOKE,VIRTUAL,extra=[android.location.Location/getLatitude[], [5]]>, [Unknown var:Longitude: -121.759603, Latitude: 38.53203, type: java.lang.StringBuilder]=<7 INVOKE,VIRTUAL,extra=[android.location.Location/getLongitude[], [5]]>, [reg 1@MyLocationListener/onLocationChanged]=<7 INVOKE,VIRTUAL,extra=[android.location.Location/getLongitude[], [5]]>, [Unknown var:Longitude: -121.759603, Latitude: 38.53203, type: java.lang.StringBuilder]=<7 INVOKE,VIRTUAL,extra=[android.location.Location/getLongitude[], [5]]>, [reg 2@MyLocationListener/onLocationChanged]=<14 INVOKE,VIRTUAL,extra=[android.location.Location/getLatitude[], [5]]>, -121.759603d=<7 INVOKE,VIRTUAL,extra=[android.location.Location/getLongitude[], [5]]>, [Unknown var:Longitude: -121.759603, Latitude: 38.53203, type: java.lang.StringBuilder]=<7 INVOKE,VIRTUAL,extra=[android.location.Location/getLongitude[], [5]]>}
Executor - [MSG]: 

Executor - [MSG]: <17 MOV,RESULT,dst=r1,type=java.lang.Object> at de.ecspride.MyLocationListener/onLocationChanged[android.location.Location]
DalvikVM - [WARN]: ar 1 ([Unknown var:Longitude: -121.759603, Latitude: 38.53203, type: java.lang.StringBuilder], java.lang.StringBuilder), ([Unknown var:Longitude: -121.759603, Latitude: 38.53203, type: java.lang.StringBuilder], java.lang.StringBuilder)
OP_MOV_RESULT - [BB]: Result data: [Unknown var:Longitude: -121.759603, Latitude: 38.53203, type: java.lang.StringBuilder]
OP_MOV_RESULT - [DEBUG]: Result data: [Unknown var:Longitude: -121.759603, Latitude: 38.53203, type: java.lang.StringBuilder], type: java.lang.StringBuilder, to [reg 1@MyLocationListener/onLocationChanged]
DalvikVM - [BB]: fu.hao.trust.dvm.Executor$OP_MOV_RESULT -> jump set pc to 18
TaintSumBranch - [BB]: <7 INVOKE,VIRTUAL,extra=[android.location.Location/getLongitude[], [5]]>
TaintSumBranch - [BB]: Add reg 1 due to ret reg.
PluginManager - [MSG]: TaintSumBranch Tainted Res: {38.53203=<14 INVOKE,VIRTUAL,extra=[android.location.Location/getLatitude[], [5]]>, -121.759603=<7 INVOKE,VIRTUAL,extra=[android.location.Location/getLongitude[], [5]]>, 38.53203d=<14 INVOKE,VIRTUAL,extra=[android.location.Location/getLatitude[], [5]]>, [reg 1@MyLocationListener/onLocationChanged]=<7 INVOKE,VIRTUAL,extra=[android.location.Location/getLongitude[], [5]]>, [Unknown var:Longitude: -121.759603, Latitude: 38.53203, type: java.lang.StringBuilder]=<7 INVOKE,VIRTUAL,extra=[android.location.Location/getLongitude[], [5]]>, -121.759603d=<7 INVOKE,VIRTUAL,extra=[android.location.Location/getLongitude[], [5]]>, [reg 2@MyLocationListener/onLocationChanged]=<14 INVOKE,VIRTUAL,extra=[android.location.Location/getLatitude[], [5]]>, [Unknown var:Longitude: -121.759603, Latitude: 38.53203, type: java.lang.StringBuilder]=<7 INVOKE,VIRTUAL,extra=[android.location.Location/getLongitude[], [5]]>, [Unknown var:Longitude: -121.759603, Latitude: 38.53203, type: java.lang.StringBuilder]=<7 INVOKE,VIRTUAL,extra=[android.location.Location/getLongitude[], [5]]>}
Executor - [MSG]: 

Executor - [MSG]: <18 INVOKE,VIRTUAL,extra=[java.lang.StringBuilder/toString[], [1]]> at de.ecspride.MyLocationListener/onLocationChanged[android.location.Location]
Executor - [MSG]: arg0 obj: [Unknown var:Longitude: -121.759603, Latitude: 38.53203, type: java.lang.StringBuilder]
Executor - [DEBUG]: Reflction class: class java.lang.StringBuilder
DalvikVM - [WARN]: ar -1, (Longitude: -121.759603, Latitude: 38.53203, java.lang.String)
Executor - [DEBUG]: Return data: Longitude: -121.759603, Latitude: 38.53203 ,class java.lang.String
Executor - [MSG]: Reflction invocation public java.lang.String java.lang.StringBuilder.toString()
DalvikVM - [BB]: Set reflective call: public java.lang.String java.lang.StringBuilder.toString()
Unknown - [BB]: Unknown created!
DalvikVM - [WARN]: ar -1 (Longitude: -121.759603, Latitude: 38.53203, java.lang.String), ([Unknown var:Longitude: -121.759603, Latitude: 38.53203, type: java.lang.String], java.lang.String)
DalvikVM - [BB]: fu.hao.trust.dvm.Executor -> jump set pc to 19
TaintSumBranch - [BB]: <java.lang.StringBuilder: java.lang.String toString()>
TaintSumBranch - [DEBUG]: Not a taint call: <java.lang.StringBuilder: java.lang.String toString()>
TaintSumBranch - [WARN]: Found a tainted return val!
PluginManager - [MSG]: TaintSumBranch Tainted Res: {[Global RetReg]=<7 INVOKE,VIRTUAL,extra=[android.location.Location/getLongitude[], [5]]>, [Unknown var:Longitude: -121.759603, Latitude: 38.53203, type: java.lang.String]=<7 INVOKE,VIRTUAL,extra=[android.location.Location/getLongitude[], [5]]>, 38.53203=<14 INVOKE,VIRTUAL,extra=[android.location.Location/getLatitude[], [5]]>, -121.759603=<7 INVOKE,VIRTUAL,extra=[android.location.Location/getLongitude[], [5]]>, 38.53203d=<14 INVOKE,VIRTUAL,extra=[android.location.Location/getLatitude[], [5]]>, [reg 1@MyLocationListener/onLocationChanged]=<7 INVOKE,VIRTUAL,extra=[android.location.Location/getLongitude[], [5]]>, [Unknown var:Longitude: -121.759603, Latitude: 38.53203, type: java.lang.StringBuilder]=<7 INVOKE,VIRTUAL,extra=[android.location.Location/getLongitude[], [5]]>, -121.759603d=<7 INVOKE,VIRTUAL,extra=[android.location.Location/getLongitude[], [5]]>, [reg 2@MyLocationListener/onLocationChanged]=<14 INVOKE,VIRTUAL,extra=[android.location.Location/getLatitude[], [5]]>, [Unknown var:Longitude: -121.759603, Latitude: 38.53203, type: java.lang.StringBuilder]=<7 INVOKE,VIRTUAL,extra=[android.location.Location/getLongitude[], [5]]>, [Unknown var:Longitude: -121.759603, Latitude: 38.53203, type: java.lang.StringBuilder]=<7 INVOKE,VIRTUAL,extra=[android.location.Location/getLongitude[], [5]]>}
Executor - [MSG]: 

Executor - [MSG]: <19 MOV,RESULT,dst=r1,type=java.lang.Object> at de.ecspride.MyLocationListener/onLocationChanged[android.location.Location]
DalvikVM - [WARN]: ar 1 ([Unknown var:Longitude: -121.759603, Latitude: 38.53203, type: java.lang.StringBuilder], java.lang.StringBuilder), ([Unknown var:Longitude: -121.759603, Latitude: 38.53203, type: java.lang.String], java.lang.String)
OP_MOV_RESULT - [BB]: Result data: [Unknown var:Longitude: -121.759603, Latitude: 38.53203, type: java.lang.String]
OP_MOV_RESULT - [DEBUG]: Result data: [Unknown var:Longitude: -121.759603, Latitude: 38.53203, type: java.lang.String], type: java.lang.String, to [reg 1@MyLocationListener/onLocationChanged]
DalvikVM - [BB]: fu.hao.trust.dvm.Executor$OP_MOV_RESULT -> jump set pc to 20
TaintSumBranch - [BB]: <7 INVOKE,VIRTUAL,extra=[android.location.Location/getLongitude[], [5]]>
TaintSumBranch - [BB]: Add reg 1 due to ret reg.
PluginManager - [MSG]: TaintSumBranch Tainted Res: {[Unknown var:Longitude: -121.759603, Latitude: 38.53203, type: java.lang.String]=<7 INVOKE,VIRTUAL,extra=[android.location.Location/getLongitude[], [5]]>, 38.53203=<14 INVOKE,VIRTUAL,extra=[android.location.Location/getLatitude[], [5]]>, -121.759603=<7 INVOKE,VIRTUAL,extra=[android.location.Location/getLongitude[], [5]]>, 38.53203d=<14 INVOKE,VIRTUAL,extra=[android.location.Location/getLatitude[], [5]]>, [Unknown var:Longitude: -121.759603, Latitude: 38.53203, type: java.lang.StringBuilder]=<7 INVOKE,VIRTUAL,extra=[android.location.Location/getLongitude[], [5]]>, [reg 1@MyLocationListener/onLocationChanged]=<7 INVOKE,VIRTUAL,extra=[android.location.Location/getLongitude[], [5]]>, [Unknown var:Longitude: -121.759603, Latitude: 38.53203, type: java.lang.StringBuilder]=<7 INVOKE,VIRTUAL,extra=[android.location.Location/getLongitude[], [5]]>, [reg 2@MyLocationListener/onLocationChanged]=<14 INVOKE,VIRTUAL,extra=[android.location.Location/getLatitude[], [5]]>, -121.759603d=<7 INVOKE,VIRTUAL,extra=[android.location.Location/getLongitude[], [5]]>, [Unknown var:Longitude: -121.759603, Latitude: 38.53203, type: java.lang.StringBuilder]=<7 INVOKE,VIRTUAL,extra=[android.location.Location/getLongitude[], [5]]>}
Executor - [MSG]: 

Executor - [MSG]: <20 INVOKE,INTERFACE,extra=[de.ecspride.IDataProvider/setData[java.lang.String], [0, 1]]> at de.ecspride.MyLocationListener/onLocationChanged[android.location.Location]
DalvikVM - [BB]: fu.hao.trust.dvm.Executor -> jump set pc to 21
Executor - [WARN]: NULL "THIS" INSTANCE!
PluginManager - [MSG]: TaintSumBranch Tainted Res: {[Unknown var:Longitude: -121.759603, Latitude: 38.53203, type: java.lang.String]=<7 INVOKE,VIRTUAL,extra=[android.location.Location/getLongitude[], [5]]>, 38.53203=<14 INVOKE,VIRTUAL,extra=[android.location.Location/getLatitude[], [5]]>, -121.759603=<7 INVOKE,VIRTUAL,extra=[android.location.Location/getLongitude[], [5]]>, 38.53203d=<14 INVOKE,VIRTUAL,extra=[android.location.Location/getLatitude[], [5]]>, [Unknown var:Longitude: -121.759603, Latitude: 38.53203, type: java.lang.StringBuilder]=<7 INVOKE,VIRTUAL,extra=[android.location.Location/getLongitude[], [5]]>, [reg 1@MyLocationListener/onLocationChanged]=<7 INVOKE,VIRTUAL,extra=[android.location.Location/getLongitude[], [5]]>, [Unknown var:Longitude: -121.759603, Latitude: 38.53203, type: java.lang.StringBuilder]=<7 INVOKE,VIRTUAL,extra=[android.location.Location/getLongitude[], [5]]>, [reg 2@MyLocationListener/onLocationChanged]=<14 INVOKE,VIRTUAL,extra=[android.location.Location/getLatitude[], [5]]>, -121.759603d=<7 INVOKE,VIRTUAL,extra=[android.location.Location/getLongitude[], [5]]>, [Unknown var:Longitude: -121.759603, Latitude: 38.53203, type: java.lang.StringBuilder]=<7 INVOKE,VIRTUAL,extra=[android.location.Location/getLongitude[], [5]]>}
Executor - [MSG]: 

Executor - [MSG]: <21 RETURN,VOID> at de.ecspride.MyLocationListener/onLocationChanged[android.location.Location]
class fu.hao.trust.dvm.Executor$OP_RETURN_VOID - [DEBUG]: Return void
DalvikVM - [BB]: stack []
DalvikVM - [BB]: Back to the last stack frame.null
Executor - [MSG]: RUN DONE! The last one is onLocationChanged
DalvikVM - [MSG]: FINISHED!

main - [MSG]: output/LocationLeak3.apk\LocationLeak3.apk_SrcTaintedFields.csv
main - [MSG]: Analysis has run for 2.726286456 seconds

