main - [MSG]: Src Chain: []
main - [DEBUG]: Src Entry event: (edu.mit.parcel.MainActivity, onCreate)
DalvikVM - [MSG]: Begin run onCreate at C:\Users\hao\workspace\DroidBenchProj\Parcel1\app\Parcel1.apk
DalvikVM - [MSG]: RUN Method edu.mit.parcel.MainActivity/onCreate[android.os.Bundle]
DalvikVM - [BB]: New method call: edu.mit.parcel.MainActivity/onCreate[android.os.Bundle]
DalvikVM - [BB]: [0]<0 SPECIAL,ARGUMENT_SET,extra=[2, 3]>
DalvikVM - [BB]: [1]<0 HALT,SUPER,extra=[null, [2, 3]]>
DalvikVM - [BB]: [2]<1 MOV,CONST,dst=r1,type=void,extra=class patdroid.core.PrimitiveInfo?2130903040>
DalvikVM - [BB]: [3]<0 INVOKE,VIRTUAL,extra=[android.app.Activity/setContentView[int], [2, 1]]>
DalvikVM - [BB]: [4]<3 MOV,CONST,dst=r1,type=java.lang.String,extra="phone">
DalvikVM - [BB]: [5]<0 INVOKE,VIRTUAL,extra=[android.content.Context/getSystemService[java.lang.String], [2, 1]]>
DalvikVM - [BB]: [6]<0 MOV,RESULT,dst=r0,type=java.lang.Object>
DalvikVM - [BB]: [7]<0 ARITHMETIC,CHECK-AND-CAST,dst=r0,type=android.telephony.TelephonyManager>
DalvikVM - [BB]: [8]<0 INVOKE,VIRTUAL,extra=[android.telephony.TelephonyManager/getDeviceId[], [0]]>
DalvikVM - [BB]: [9]<0 MOV,RESULT,dst=r1,type=java.lang.Object>
DalvikVM - [BB]: [10]<0 INVOKE,VIRTUAL,extra=[edu.mit.parcel.MainActivity/writeParcel[java.lang.String], [2, 1]]>
DalvikVM - [BB]: [11]<0 RETURN,VOID>
newStackFrame - [BB]: New Stack Frame: StackFrame edu.mit.parcel.MainActivity/onCreate[android.os.Bundle]
newStackFrame - [BB]: Add frame StackFrame edu.mit.parcel.MainActivity/onCreate[android.os.Bundle]
newStackFrame - [BB]: Stack: [StackFrame edu.mit.parcel.MainActivity/onCreate[android.os.Bundle]]
Activity - [BB]: New instance of edu.mit.parcel.MainActivity
Caller@4: <init>@fu.hao.trust.dvm.DVMObject - [BB]: getClass edu.mit.parcel.MainActivity at fu.hao.trust.dvm.VMHeap@54e5a4b1
Caller: getClass@fu.hao.trust.dvm.VMHeap - [BB]: new class representation for edu.mit.parcel.MainActivity at fu.hao.trust.dvm.VMHeap@54e5a4b1
Caller@4: <init>@fu.hao.trust.dvm.DVMClass - [BB]: getClass android.app.Activity at fu.hao.trust.dvm.VMHeap@54e5a4b1
Caller: getClass@fu.hao.trust.dvm.VMHeap - [BB]: new class representation for android.app.Activity at fu.hao.trust.dvm.VMHeap@54e5a4b1
Caller@4: <init>@fu.hao.trust.dvm.DVMClass - [BB]: getClass android.content.ContextWrapper at fu.hao.trust.dvm.VMHeap@54e5a4b1
Caller: getClass@fu.hao.trust.dvm.VMHeap - [BB]: new class representation for android.content.ContextWrapper at fu.hao.trust.dvm.VMHeap@54e5a4b1
Caller@4: <init>@fu.hao.trust.dvm.DVMClass - [BB]: getClass android.content.Context at fu.hao.trust.dvm.VMHeap@54e5a4b1
Caller: getClass@fu.hao.trust.dvm.VMHeap - [BB]: new class representation for android.content.Context at fu.hao.trust.dvm.VMHeap@54e5a4b1
Caller@4: <init>@fu.hao.trust.dvm.DVMClass - [BB]: getClass fu.hao.trust.dvm.DVMObject at fu.hao.trust.dvm.VMHeap@54e5a4b1
Caller: getClass@fu.hao.trust.dvm.VMHeap - [BB]: new class representation for fu.hao.trust.dvm.DVMObject at fu.hao.trust.dvm.VMHeap@54e5a4b1
Caller: <init>@fu.hao.trust.dvm.DVMClass - [BB]: Get DVMClass for type fu.hao.trust.dvm.DVMObject
Caller@4: <init>@fu.hao.trust.dvm.DVMClass - [BB]: getClass fu.hao.trust.dvm.DVMObject at fu.hao.trust.dvm.VMHeap@54e5a4b1
Caller: <init>@fu.hao.trust.dvm.DVMClass - [BB]: Get DVMClass for type android.content.Context
Caller@4: <init>@fu.hao.trust.dvm.DVMClass - [BB]: getClass android.content.Context at fu.hao.trust.dvm.VMHeap@54e5a4b1
Caller: <init>@fu.hao.trust.dvm.DVMClass - [BB]: Get DVMClass for type android.content.ContextWrapper
Caller@4: <init>@fu.hao.trust.dvm.DVMClass - [BB]: getClass android.content.ContextWrapper at fu.hao.trust.dvm.VMHeap@54e5a4b1
Caller: <init>@fu.hao.trust.dvm.DVMClass - [BB]: Get DVMClass for type android.app.Activity
Caller@4: <init>@fu.hao.trust.dvm.DVMClass - [BB]: getClass android.app.Activity at fu.hao.trust.dvm.VMHeap@54e5a4b1
Caller: <init>@fu.hao.trust.dvm.DVMObject - [BB]: Get DVMClass for type edu.mit.parcel.MainActivity
Caller@4: <init>@fu.hao.trust.dvm.DVMObject - [BB]: getClass edu.mit.parcel.MainActivity at fu.hao.trust.dvm.VMHeap@54e5a4b1
Activity - [MSG]: Not empty constructor
DalvikVM - [BB]: New method call: edu.mit.parcel.MainActivity/<init>[]
DalvikVM - [BB]: [0]<0 SPECIAL,ARGUMENT_SET,extra=[0]>
DalvikVM - [BB]: [1]<0 INVOKE,DIRECT,extra=[java.lang.Object/<init>[], [0]]>
DalvikVM - [BB]: [2]<0 RETURN,VOID>
DalvikVM - [WARN]: ar -2, (Activity:instance number 1@edu.mit.parcel.MainActivity, edu.mit.parcel.MainActivity)
newStackFrame - [BB]: New Stack Frame: StackFrame edu.mit.parcel.MainActivity/<init>[], pc -1 stored. 
newStackFrame - [BB]: Stack: [StackFrame edu.mit.parcel.MainActivity/onCreate[android.os.Bundle]]
DalvikVM - [MSG]: Begin run instrumented methods!
DalvikVM - [BB]: Add frames [StackFrame edu.mit.parcel.MainActivity/<init>[]]
DalvikVM - [BB]: fu.hao.trust.dvm.DalvikVM -> runInstrumentedMethods set pc to 0
Executor - [MSG]: 

Executor - [MSG]: <0 SPECIAL,ARGUMENT_SET,extra=[0]> at edu.mit.parcel.MainActivity/<init>[]
DalvikVM - [WARN]: ar 0, (Activity:instance number 1@edu.mit.parcel.MainActivity, edu.mit.parcel.MainActivity)
Executor - [DEBUG]: params: Activity:instance number 1@edu.mit.parcel.MainActivity
DalvikVM - [BB]: fu.hao.trust.dvm.Executor$OP_SP_ARGUMENTS -> jump set pc to 1
PluginManager - [MSG]: TaintSumBranch Tainted Res: {}
Executor - [MSG]: 

Executor - [MSG]: <1 INVOKE,DIRECT,extra=[java.lang.Object/<init>[], [0]]> at edu.mit.parcel.MainActivity/<init>[]
Executor - [MSG]: arg0 obj: Activity:instance number 1@edu.mit.parcel.MainActivity
Executor - [MSG]: Replace the clazz.
Executor - [BB]: java.lang.Object/<init>[] is a constructor!
Executor - [WARN]: Reflection error: edu.mit.parcel.MainActivity
DalvikVM - [BB]: fu.hao.trust.dvm.Executor -> jump set pc to 2
TaintSumBranch - [BB]: <java.lang.Object: void <init>()>
TaintSumBranch - [DEBUG]: Not a taint call: <java.lang.Object: void <init>()>
PluginManager - [MSG]: TaintSumBranch Tainted Res: {}
Executor - [MSG]: 

Executor - [MSG]: <2 RETURN,VOID> at edu.mit.parcel.MainActivity/<init>[]
class fu.hao.trust.dvm.Executor$OP_RETURN_VOID - [DEBUG]: Return void
DalvikVM - [BB]: stack [StackFrame edu.mit.parcel.MainActivity/onCreate[android.os.Bundle]]
DalvikVM - [BB]: Back to the last stack frame.StackFrame edu.mit.parcel.MainActivity/onCreate[android.os.Bundle]
DalvikVM - [MSG]: Finish running instrumented methods! Back to StackFrame edu.mit.parcel.MainActivity/onCreate[android.os.Bundle]
Activity - [MSG]: New Activity Created with type edu.mit.parcel.MainActivity
DalvikVM - [BB]: New method call: edu.mit.parcel.MainActivity/onCreate[android.os.Bundle]
DalvikVM - [BB]: [0]<0 SPECIAL,ARGUMENT_SET,extra=[2, 3]>
DalvikVM - [BB]: [1]<0 HALT,SUPER,extra=[null, [2, 3]]>
DalvikVM - [BB]: [2]<1 MOV,CONST,dst=r1,type=void,extra=class patdroid.core.PrimitiveInfo?2130903040>
DalvikVM - [BB]: [3]<0 INVOKE,VIRTUAL,extra=[android.app.Activity/setContentView[int], [2, 1]]>
DalvikVM - [BB]: [4]<3 MOV,CONST,dst=r1,type=java.lang.String,extra="phone">
DalvikVM - [BB]: [5]<0 INVOKE,VIRTUAL,extra=[android.content.Context/getSystemService[java.lang.String], [2, 1]]>
DalvikVM - [BB]: [6]<0 MOV,RESULT,dst=r0,type=java.lang.Object>
DalvikVM - [BB]: [7]<0 ARITHMETIC,CHECK-AND-CAST,dst=r0,type=android.telephony.TelephonyManager>
DalvikVM - [BB]: [8]<0 INVOKE,VIRTUAL,extra=[android.telephony.TelephonyManager/getDeviceId[], [0]]>
DalvikVM - [BB]: [9]<0 MOV,RESULT,dst=r1,type=java.lang.Object>
DalvikVM - [BB]: [10]<0 INVOKE,VIRTUAL,extra=[edu.mit.parcel.MainActivity/writeParcel[java.lang.String], [2, 1]]>
DalvikVM - [BB]: [11]<0 RETURN,VOID>
DalvikVM - [WARN]: ar -2, (Activity:instance number 1@edu.mit.parcel.MainActivity, edu.mit.parcel.MainActivity)
DalvikVM - [WARN]: ar -2, (null, android.os.Bundle)
newStackFrame - [BB]: New Stack Frame: StackFrame edu.mit.parcel.MainActivity/onCreate[android.os.Bundle]
newStackFrame - [BB]: Stack: []
Activity - [BB]: Intent null
DalvikVM - [MSG]: Begin run instrumented methods!
DalvikVM - [BB]: Add frames [StackFrame edu.mit.parcel.MainActivity/onCreate[android.os.Bundle]]
DalvikVM - [BB]: fu.hao.trust.dvm.DalvikVM -> runInstrumentedMethods set pc to 0
Executor - [MSG]: 

Executor - [MSG]: <0 SPECIAL,ARGUMENT_SET,extra=[2, 3]> at edu.mit.parcel.MainActivity/onCreate[android.os.Bundle]
DalvikVM - [WARN]: ar 2, (Activity:instance number 1@edu.mit.parcel.MainActivity, edu.mit.parcel.MainActivity)
Executor - [DEBUG]: params: Activity:instance number 1@edu.mit.parcel.MainActivity
DalvikVM - [WARN]: ar 3, (null, android.os.Bundle)
Executor - [DEBUG]: params: null
DalvikVM - [BB]: fu.hao.trust.dvm.Executor$OP_SP_ARGUMENTS -> jump set pc to 1
PluginManager - [MSG]: TaintSumBranch Tainted Res: {}
Executor - [MSG]: 

Executor - [MSG]: <1 HALT,SUPER,extra=[null, [2, 3]]> at edu.mit.parcel.MainActivity/onCreate[android.os.Bundle]
DalvikVM - [BB]: fu.hao.trust.dvm.Executor$OP_HALT -> jump set pc to 2
Executor - [MSG]: Cannot resolve the invocation
TaintSumBranch - [BB]: Not a taint op <1 HALT,SUPER,extra=[null, [2, 3]]>
PluginManager - [MSG]: TaintSumBranch Tainted Res: {}
Executor - [MSG]: 

Executor - [MSG]: <2 MOV,CONST,dst=r1,type=void,extra=class patdroid.core.PrimitiveInfo?2130903040> at edu.mit.parcel.MainActivity/onCreate[android.os.Bundle]
Executor - [DEBUG]: Mov const begin <2 MOV,CONST,dst=r1,type=void,extra=class patdroid.core.PrimitiveInfo?2130903040>
DalvikVM - [WARN]: ar 1, (2130903040, void)
Executor - [DEBUG]: data: 2130903040 class patdroid.core.PrimitiveInfo
DalvikVM - [BB]: fu.hao.trust.dvm.Executor$OP_MOV_CONST -> jump set pc to 3
PluginManager - [MSG]: TaintSumBranch Tainted Res: {}
Executor - [MSG]: 

Executor - [MSG]: <3 INVOKE,VIRTUAL,extra=[android.app.Activity/setContentView[int], [2, 1]]> at edu.mit.parcel.MainActivity/onCreate[android.os.Bundle]
Executor - [MSG]: arg0 obj: Activity:instance number 1@edu.mit.parcel.MainActivity
Executor - [DEBUG]: Reflction class: class android.app.Activity
Executor - [BB]: Normal args? true
Executor - [BB]: arg1@reg1: 2130903040
Executor - [DEBUG]: Expected para type: int
Executor - [DEBUG]: Real para int, value: 2130903040
Executor - [BB]: Nargs? true
Executor - [DEBUG]: Caller obj: Activity:instance number 1@edu.mit.parcel.MainActivity, from class: class android.app.Activity
DalvikVM - [WARN]: ar -1, (null, void)
Executor - [MSG]: Reflction invocation public void android.app.Activity.setContentView(int)
DalvikVM - [BB]: Set reflective call: public void android.app.Activity.setContentView(int)
DalvikVM - [BB]: fu.hao.trust.dvm.Executor -> jump set pc to 4
TaintSumBranch - [BB]: <android.app.Activity: void setContentView(int)>
TaintSumBranch - [DEBUG]: Not a taint call: <android.app.Activity: void setContentView(int)>
PluginManager - [MSG]: TaintSumBranch Tainted Res: {}
Executor - [MSG]: 

Executor - [MSG]: <4 MOV,CONST,dst=r1,type=java.lang.String,extra="phone"> at edu.mit.parcel.MainActivity/onCreate[android.os.Bundle]
Executor - [DEBUG]: Mov const begin <4 MOV,CONST,dst=r1,type=java.lang.String,extra="phone">
DalvikVM - [WARN]: ar 1 (2130903040, void), (phone, java.lang.String)
Executor - [DEBUG]: data: phone class java.lang.String
DalvikVM - [BB]: fu.hao.trust.dvm.Executor$OP_MOV_CONST -> jump set pc to 5
PluginManager - [MSG]: TaintSumBranch Tainted Res: {}
Executor - [MSG]: 

Executor - [MSG]: <5 INVOKE,VIRTUAL,extra=[android.content.Context/getSystemService[java.lang.String], [2, 1]]> at edu.mit.parcel.MainActivity/onCreate[android.os.Bundle]
Executor - [MSG]: arg0 obj: Activity:instance number 1@edu.mit.parcel.MainActivity
Executor - [DEBUG]: Reflction class: class android.content.Context
Executor - [BB]: Normal args? true
Executor - [BB]: arg1@reg1: phone
Executor - [BB]: Nargs? true
Executor - [DEBUG]: Caller obj: Activity:instance number 1@edu.mit.parcel.MainActivity, from class: class android.app.Activity
DalvikVM - [WARN]: ar -1, (android.telephony.TelephonyManager@64b045f4, java.lang.Object)
Executor - [DEBUG]: Return data: android.telephony.TelephonyManager@64b045f4 ,class android.telephony.TelephonyManager
Executor - [MSG]: Reflction invocation public java.lang.Object android.content.Context.getSystemService(java.lang.String)
DalvikVM - [BB]: Set reflective call: public java.lang.Object android.content.Context.getSystemService(java.lang.String)
DalvikVM - [BB]: fu.hao.trust.dvm.Executor -> jump set pc to 6
TaintSumBranch - [BB]: <android.content.Context: java.lang.Object getSystemService(java.lang.String)>
TaintSumBranch - [DEBUG]: Not a taint call: <android.content.Context: java.lang.Object getSystemService(java.lang.String)>
PluginManager - [MSG]: TaintSumBranch Tainted Res: {}
Executor - [MSG]: 

Executor - [MSG]: <6 MOV,RESULT,dst=r0,type=java.lang.Object> at edu.mit.parcel.MainActivity/onCreate[android.os.Bundle]
DalvikVM - [WARN]: ar 0, (android.telephony.TelephonyManager@64b045f4, java.lang.Object)
OP_MOV_RESULT - [BB]: Result data: android.telephony.TelephonyManager@64b045f4
OP_MOV_RESULT - [DEBUG]: Result data: android.telephony.TelephonyManager@64b045f4, type: java.lang.Object, to [reg 0@MainActivity/onCreate]
DalvikVM - [BB]: fu.hao.trust.dvm.Executor$OP_MOV_RESULT -> jump set pc to 7
PluginManager - [MSG]: TaintSumBranch Tainted Res: {}
Executor - [MSG]: 

Executor - [MSG]: <7 ARITHMETIC,CHECK-AND-CAST,dst=r0,type=android.telephony.TelephonyManager> at edu.mit.parcel.MainActivity/onCreate[android.os.Bundle]
DalvikVM - [BB]: fu.hao.trust.dvm.Executor$OP_ARITHETIC -> jump set pc to 8
PluginManager - [MSG]: TaintSumBranch Tainted Res: {}
Executor - [MSG]: 

Executor - [MSG]: <8 INVOKE,VIRTUAL,extra=[android.telephony.TelephonyManager/getDeviceId[], [0]]> at edu.mit.parcel.MainActivity/onCreate[android.os.Bundle]
Executor - [MSG]: arg0 obj: android.telephony.TelephonyManager@64b045f4
Executor - [DEBUG]: Reflction class: class android.telephony.TelephonyManager
DalvikVM - [WARN]: ar -1, (359874043116909, java.lang.String)
Executor - [DEBUG]: Return data: 359874043116909 ,class java.lang.String
Executor - [MSG]: Reflction invocation public java.lang.String android.telephony.TelephonyManager.getDeviceId()
DalvikVM - [BB]: Set reflective call: public java.lang.String android.telephony.TelephonyManager.getDeviceId()
DalvikVM - [BB]: fu.hao.trust.dvm.Executor -> jump set pc to 9
TaintSumBranch - [BB]: <android.telephony.TelephonyManager: java.lang.String getDeviceId()>
TaintSumBranch - [WARN]: Found a tainted return value!
PluginManager - [MSG]: TaintSumBranch Tainted Res: {359874043116909=<8 INVOKE,VIRTUAL,extra=[android.telephony.TelephonyManager/getDeviceId[], [0]]>, [Global RetReg]=<8 INVOKE,VIRTUAL,extra=[android.telephony.TelephonyManager/getDeviceId[], [0]]>}
Executor - [MSG]: 

Executor - [MSG]: <9 MOV,RESULT,dst=r1,type=java.lang.Object> at edu.mit.parcel.MainActivity/onCreate[android.os.Bundle]
DalvikVM - [WARN]: ar 1 (phone, java.lang.String), (359874043116909, java.lang.String)
OP_MOV_RESULT - [BB]: Result data: 359874043116909
OP_MOV_RESULT - [DEBUG]: Result data: 359874043116909, type: java.lang.String, to [reg 1@MainActivity/onCreate]
DalvikVM - [BB]: fu.hao.trust.dvm.Executor$OP_MOV_RESULT -> jump set pc to 10
TaintSumBranch - [BB]: <8 INVOKE,VIRTUAL,extra=[android.telephony.TelephonyManager/getDeviceId[], [0]]>
TaintSumBranch - [BB]: Add reg 1 due to ret reg.
PluginManager - [MSG]: TaintSumBranch Tainted Res: {359874043116909=<8 INVOKE,VIRTUAL,extra=[android.telephony.TelephonyManager/getDeviceId[], [0]]>, [reg 1@MainActivity/onCreate]=<8 INVOKE,VIRTUAL,extra=[android.telephony.TelephonyManager/getDeviceId[], [0]]>}
Executor - [MSG]: 

Executor - [MSG]: <10 INVOKE,VIRTUAL,extra=[edu.mit.parcel.MainActivity/writeParcel[java.lang.String], [2, 1]]> at edu.mit.parcel.MainActivity/onCreate[android.os.Bundle]
Executor - [MSG]: arg0 obj: Activity:instance number 1@edu.mit.parcel.MainActivity
Executor - [WARN]: Reflection error: edu.mit.parcel.MainActivity
DalvikVM - [BB]: fu.hao.trust.dvm.Executor -> jump set pc to 11
DalvikVM - [BB]: New method call: edu.mit.parcel.MainActivity/writeParcel[java.lang.String]
DalvikVM - [BB]: [0]<0 SPECIAL,ARGUMENT_SET,extra=[12, 13]>
DalvikVM - [BB]: [1]<0 MOV,CONST,dst=r2,type=void,extra=class patdroid.core.PrimitiveInfo?0>
DalvikVM - [BB]: [2]<0 NEW,INSTANCE,dst=r8,type=edu.mit.parcel.MainActivity$Foo>
DalvikVM - [BB]: [3]<0 INVOKE,DIRECT,extra=[edu.mit.parcel.MainActivity$Foo/<init>[java.lang.String], [8, 13]]>
DalvikVM - [BB]: [4]<0 INVOKE,STATIC,extra=[android.os.Parcel/obtain[], []]>
DalvikVM - [BB]: [5]<0 MOV,RESULT,dst=r9,type=java.lang.Object>
DalvikVM - [BB]: [6]<0 INVOKE,STATIC,extra=[android.os.Parcel/obtain[], []]>
DalvikVM - [BB]: [7]<0 MOV,RESULT,dst=r10,type=java.lang.Object>
DalvikVM - [BB]: [8]<0 INVOKE,STATIC,extra=[android.telephony.SmsManager/getDefault[], []]>
DalvikVM - [BB]: [9]<0 MOV,RESULT,dst=r0,type=java.lang.Object>
DalvikVM - [BB]: [10]<0 INVOKE,VIRTUAL,extra=[android.os.Parcel/writeValue[java.lang.Object], [9, 8]]>
DalvikVM - [BB]: [11]<0 INVOKE,VIRTUAL,extra=[android.os.Parcel/marshall[], [9]]>
DalvikVM - [BB]: [12]<0 MOV,RESULT,dst=r6,type=java.lang.Object>
DalvikVM - [BB]: [13]<0 NEW,INSTANCE,dst=r7,type=java.lang.String>
DalvikVM - [BB]: [14]<0 INVOKE,DIRECT,extra=[java.lang.String/<init>[[B], [7, 6]]>
DalvikVM - [BB]: [15]<14 MOV,CONST,dst=r1,type=void,extra=class patdroid.core.PrimitiveInfo?0>
DalvikVM - [BB]: [16]<0 ARITHMETIC,ARRAY_LENGTH,dst=r3,r0=r6,type=int>
DalvikVM - [BB]: [17]<0 INVOKE,VIRTUAL,extra=[android.os.Parcel/unmarshall[[B, int, int], [10, 6, 1, 3]]>
DalvikVM - [BB]: [18]<17 MOV,CONST,dst=r1,type=void,extra=class patdroid.core.PrimitiveInfo?0>
DalvikVM - [BB]: [19]<0 INVOKE,VIRTUAL,extra=[android.os.Parcel/setDataPosition[int], [10, 1]]>
DalvikVM - [BB]: [20]<19 MOV,CONST,dst=r1,type=java.lang.Class,extra=class patdroid.core.ClassInfo?edu.mit.parcel.MainActivity$Foo>
DalvikVM - [BB]: [21]<0 INVOKE,VIRTUAL,extra=[java.lang.Class/getClassLoader[], [1]]>
DalvikVM - [BB]: [22]<0 MOV,RESULT,dst=r1,type=java.lang.Object>
DalvikVM - [BB]: [23]<0 INVOKE,VIRTUAL,extra=[android.os.Parcel/readValue[java.lang.ClassLoader], [10, 1]]>
DalvikVM - [BB]: [24]<0 MOV,RESULT,dst=r11,type=java.lang.Object>
DalvikVM - [BB]: [25]<0 ARITHMETIC,CHECK-AND-CAST,dst=r11,type=edu.mit.parcel.MainActivity$Foo>
DalvikVM - [BB]: [26]<0 HALT,VIRTUAL,extra=[null, [9]]>
DalvikVM - [BB]: [27]<0 HALT,VIRTUAL,extra=[null, [10]]>
DalvikVM - [BB]: [28]<27 MOV,CONST,dst=r1,type=java.lang.String,extra="+49 1234">
DalvikVM - [BB]: [29]<0 INSTANCE,IGET,r0=r11,r1=r3,type=java.lang.Object,extra=edu.mit.parcel.MainActivity$Foo.str>
DalvikVM - [BB]: [30]<0 MOV,REG,dst=r4,r0=r2,type=java.lang.Object>
DalvikVM - [BB]: [31]<0 MOV,REG,dst=r5,r0=r2,type=java.lang.Object>
DalvikVM - [BB]: [32]<0 INVOKE,VIRTUAL,extra=[android.telephony.SmsManager/sendTextMessage[java.lang.String, java.lang.String, java.lang.String, android.app.PendingIntent, android.app.PendingIntent], [0, 1, 2, 3, 4, 5]]>
DalvikVM - [BB]: [33]<0 RETURN,VOID>
DalvikVM - [BB]: [34]<0 MOV,EXCETPION,dst=r1,type=java.lang.Object>
DalvikVM - [BB]: [35]<0 HALT,VIRTUAL,extra=[null, [9]]>
DalvikVM - [BB]: [36]<0 HALT,VIRTUAL,extra=[null, [10]]>
DalvikVM - [BB]: [37]<0 EXCEPTION,THROW,r0=r1,type=java.lang.Object>
newStackFrame - [BB]: New Stack Frame: StackFrame edu.mit.parcel.MainActivity/writeParcel[java.lang.String], pc 11 stored. 
newStackFrame - [BB]: Add frame StackFrame edu.mit.parcel.MainActivity/writeParcel[java.lang.String]
newStackFrame - [BB]: Stack: [StackFrame edu.mit.parcel.MainActivity/onCreate[android.os.Bundle], StackFrame edu.mit.parcel.MainActivity/writeParcel[java.lang.String]]
PluginManager - [MSG]: TaintSumBranch Tainted Res: {359874043116909=<8 INVOKE,VIRTUAL,extra=[android.telephony.TelephonyManager/getDeviceId[], [0]]>, [reg 1@MainActivity/onCreate]=<8 INVOKE,VIRTUAL,extra=[android.telephony.TelephonyManager/getDeviceId[], [0]]>}
DalvikVM - [BB]: fu.hao.trust.dvm.DalvikVM -> runInstrumentedMethods set pc to 0
Executor - [MSG]: 

Executor - [MSG]: <0 SPECIAL,ARGUMENT_SET,extra=[12, 13]> at edu.mit.parcel.MainActivity/writeParcel[java.lang.String]
DalvikVM - [WARN]: ar 12, (Activity:instance number 1@edu.mit.parcel.MainActivity, edu.mit.parcel.MainActivity)
Executor - [DEBUG]: params: Activity:instance number 1@edu.mit.parcel.MainActivity
DalvikVM - [WARN]: ar 13, (359874043116909, java.lang.String)
Executor - [DEBUG]: params: 359874043116909
DalvikVM - [BB]: fu.hao.trust.dvm.Executor$OP_SP_ARGUMENTS -> jump set pc to 1
TaintSumBranch - [BB]: Copy 359874043116909 as tainted.
TaintSumBranch - [BB]: Add [reg 13@MainActivity/writeParcel] as tainted due to [reg 1@MainActivity/onCreate]
PluginManager - [MSG]: TaintSumBranch Tainted Res: {[reg 13@MainActivity/writeParcel]=<8 INVOKE,VIRTUAL,extra=[android.telephony.TelephonyManager/getDeviceId[], [0]]>, 359874043116909=<8 INVOKE,VIRTUAL,extra=[android.telephony.TelephonyManager/getDeviceId[], [0]]>}
Executor - [MSG]: 

Executor - [MSG]: <1 MOV,CONST,dst=r2,type=void,extra=class patdroid.core.PrimitiveInfo?0> at edu.mit.parcel.MainActivity/writeParcel[java.lang.String]
Executor - [DEBUG]: Mov const begin <1 MOV,CONST,dst=r2,type=void,extra=class patdroid.core.PrimitiveInfo?0>
DalvikVM - [WARN]: ar 2, (0, void)
Executor - [DEBUG]: data: 0 class patdroid.core.PrimitiveInfo
DalvikVM - [BB]: fu.hao.trust.dvm.Executor$OP_MOV_CONST -> jump set pc to 2
PluginManager - [MSG]: TaintSumBranch Tainted Res: {[reg 13@MainActivity/writeParcel]=<8 INVOKE,VIRTUAL,extra=[android.telephony.TelephonyManager/getDeviceId[], [0]]>, 359874043116909=<8 INVOKE,VIRTUAL,extra=[android.telephony.TelephonyManager/getDeviceId[], [0]]>}
Executor - [MSG]: 

Executor - [MSG]: <2 NEW,INSTANCE,dst=r8,type=edu.mit.parcel.MainActivity$Foo> at edu.mit.parcel.MainActivity/writeParcel[java.lang.String]
OP_NEW_INSTANCE - [DEBUG]: [reg 8@MainActivity/writeParcel]
DalvikVM - [BB]: Superclass: edu.mit.parcel.MainActivity$Foo
DalvikVM - [BB]: Superclass: java.lang.Object
DVMObject - [BB]: New instance of edu.mit.parcel.MainActivity$Foo
Caller@4: <init>@fu.hao.trust.dvm.DVMObject - [BB]: getClass edu.mit.parcel.MainActivity$Foo at fu.hao.trust.dvm.VMHeap@54e5a4b1
Caller: getClass@fu.hao.trust.dvm.VMHeap - [BB]: new class representation for edu.mit.parcel.MainActivity$Foo at fu.hao.trust.dvm.VMHeap@54e5a4b1
DalvikVM - [BB]: New method call: edu.mit.parcel.MainActivity$Foo/<clinit>[]
DalvikVM - [BB]: [0]<0 SPECIAL,ARGUMENT_SET,extra=[]>
DalvikVM - [BB]: [1]<0 NEW,INSTANCE,dst=r0,type=edu.mit.parcel.MainActivity$Foo$1>
DalvikVM - [BB]: [2]<0 INVOKE,DIRECT,extra=[edu.mit.parcel.MainActivity$Foo$1/<init>[], [0]]>
DalvikVM - [BB]: [3]<0 STATIC,SPUT,r0=r0,type=java.lang.Object,extra=(edu.mit.parcel.MainActivity$Foo, CREATOR)>
DalvikVM - [BB]: [4]<0 RETURN,VOID>
newStackFrame - [BB]: New Stack Frame: StackFrame edu.mit.parcel.MainActivity$Foo/<clinit>[], pc 2 stored. 
newStackFrame - [BB]: Stack: [StackFrame edu.mit.parcel.MainActivity/onCreate[android.os.Bundle], StackFrame edu.mit.parcel.MainActivity/writeParcel[java.lang.String]]
DalvikVM - [MSG]: Begin run instrumented methods!
DalvikVM - [BB]: Add frames [StackFrame edu.mit.parcel.MainActivity$Foo/<clinit>[]]
DalvikVM - [BB]: fu.hao.trust.dvm.DalvikVM -> runInstrumentedMethods set pc to 0
Executor - [MSG]: 

Executor - [MSG]: <0 SPECIAL,ARGUMENT_SET,extra=[]> at edu.mit.parcel.MainActivity$Foo/<clinit>[]
DalvikVM - [BB]: fu.hao.trust.dvm.Executor$OP_SP_ARGUMENTS -> jump set pc to 1
TaintSumBranch - [BB]: Copy 359874043116909 as tainted.
PluginManager - [MSG]: TaintSumBranch Tainted Res: {359874043116909=<8 INVOKE,VIRTUAL,extra=[android.telephony.TelephonyManager/getDeviceId[], [0]]>}
Executor - [MSG]: 

Executor - [MSG]: <1 NEW,INSTANCE,dst=r0,type=edu.mit.parcel.MainActivity$Foo$1> at edu.mit.parcel.MainActivity$Foo/<clinit>[]
OP_NEW_INSTANCE - [DEBUG]: [reg 0@MainActivity$Foo/<clinit>]
DalvikVM - [BB]: Superclass: edu.mit.parcel.MainActivity$Foo$1
DalvikVM - [BB]: Superclass: java.lang.Object
DVMObject - [BB]: New instance of edu.mit.parcel.MainActivity$Foo$1
Caller@4: <init>@fu.hao.trust.dvm.DVMObject - [BB]: getClass edu.mit.parcel.MainActivity$Foo$1 at fu.hao.trust.dvm.VMHeap@54e5a4b1
Caller: getClass@fu.hao.trust.dvm.VMHeap - [BB]: new class representation for edu.mit.parcel.MainActivity$Foo$1 at fu.hao.trust.dvm.VMHeap@54e5a4b1
Caller: <init>@fu.hao.trust.dvm.DVMObject - [BB]: Get DVMClass for type edu.mit.parcel.MainActivity$Foo$1
Caller@4: <init>@fu.hao.trust.dvm.DVMObject - [BB]: getClass edu.mit.parcel.MainActivity$Foo$1 at fu.hao.trust.dvm.VMHeap@54e5a4b1
DVMObject - [MSG]: Not empty constructor
DalvikVM - [BB]: New method call: edu.mit.parcel.MainActivity$Foo$1/<init>[]
DalvikVM - [BB]: [0]<0 SPECIAL,ARGUMENT_SET,extra=[0]>
DalvikVM - [BB]: [1]<0 INVOKE,DIRECT,extra=[java.lang.Object/<init>[], [0]]>
DalvikVM - [BB]: [2]<0 RETURN,VOID>
DalvikVM - [WARN]: ar -2, (instance number 1@edu.mit.parcel.MainActivity$Foo$1, edu.mit.parcel.MainActivity$Foo$1)
newStackFrame - [BB]: New Stack Frame: StackFrame edu.mit.parcel.MainActivity$Foo$1/<init>[], pc 1 stored. 
newStackFrame - [BB]: Stack: [StackFrame edu.mit.parcel.MainActivity/onCreate[android.os.Bundle], StackFrame edu.mit.parcel.MainActivity/writeParcel[java.lang.String], StackFrame edu.mit.parcel.MainActivity$Foo/<clinit>[]]
DalvikVM - [MSG]: Begin run instrumented methods!
DalvikVM - [BB]: Add frames [StackFrame edu.mit.parcel.MainActivity$Foo$1/<init>[]]
DalvikVM - [BB]: fu.hao.trust.dvm.DalvikVM -> runInstrumentedMethods set pc to 0
Executor - [MSG]: 

Executor - [MSG]: <0 SPECIAL,ARGUMENT_SET,extra=[0]> at edu.mit.parcel.MainActivity$Foo$1/<init>[]
DalvikVM - [WARN]: ar 0, (instance number 1@edu.mit.parcel.MainActivity$Foo$1, edu.mit.parcel.MainActivity$Foo$1)
Executor - [DEBUG]: params: instance number 1@edu.mit.parcel.MainActivity$Foo$1
DalvikVM - [BB]: fu.hao.trust.dvm.Executor$OP_SP_ARGUMENTS -> jump set pc to 1
TaintSumBranch - [BB]: Copy 359874043116909 as tainted.
PluginManager - [MSG]: TaintSumBranch Tainted Res: {359874043116909=<8 INVOKE,VIRTUAL,extra=[android.telephony.TelephonyManager/getDeviceId[], [0]]>}
Executor - [MSG]: 

Executor - [MSG]: <1 INVOKE,DIRECT,extra=[java.lang.Object/<init>[], [0]]> at edu.mit.parcel.MainActivity$Foo$1/<init>[]
Executor - [MSG]: arg0 obj: instance number 1@edu.mit.parcel.MainActivity$Foo$1
Executor - [MSG]: Replace the clazz.
Executor - [BB]: java.lang.Object/<init>[] is a constructor!
Executor - [WARN]: Reflection error: edu.mit.parcel.MainActivity$Foo$1
DalvikVM - [BB]: fu.hao.trust.dvm.Executor -> jump set pc to 2
TaintSumBranch - [BB]: <java.lang.Object: void <init>()>
TaintSumBranch - [DEBUG]: Not a taint call: <java.lang.Object: void <init>()>
PluginManager - [MSG]: TaintSumBranch Tainted Res: {359874043116909=<8 INVOKE,VIRTUAL,extra=[android.telephony.TelephonyManager/getDeviceId[], [0]]>}
Executor - [MSG]: 

Executor - [MSG]: <2 RETURN,VOID> at edu.mit.parcel.MainActivity$Foo$1/<init>[]
class fu.hao.trust.dvm.Executor$OP_RETURN_VOID - [DEBUG]: Return void
DalvikVM - [BB]: stack [StackFrame edu.mit.parcel.MainActivity/onCreate[android.os.Bundle], StackFrame edu.mit.parcel.MainActivity/writeParcel[java.lang.String], StackFrame edu.mit.parcel.MainActivity$Foo/<clinit>[]]
DalvikVM - [BB]: Back to the last stack frame.StackFrame edu.mit.parcel.MainActivity$Foo/<clinit>[]
PluginManager - [MSG]: TaintSumBranch Tainted Res: {359874043116909=<8 INVOKE,VIRTUAL,extra=[android.telephony.TelephonyManager/getDeviceId[], [0]]>}
DalvikVM - [MSG]: Finish running instrumented methods! Back to StackFrame edu.mit.parcel.MainActivity$Foo/<clinit>[]
DalvikVM - [WARN]: ar 0, (instance number 1@edu.mit.parcel.MainActivity$Foo$1, edu.mit.parcel.MainActivity$Foo$1)
OP_NEW_INSTANCE - [DEBUG]: New object of edu.mit.parcel.MainActivity$Foo$1created:instance number 1@edu.mit.parcel.MainActivity$Foo$1
DalvikVM - [BB]: fu.hao.trust.dvm.Executor$OP_NEW_INSTANCE -> jump set pc to 2
TaintSumBranch - [BB]: Rdst [reg 0@MainActivity$Foo/<clinit>]
PluginManager - [MSG]: TaintSumBranch Tainted Res: {359874043116909=<8 INVOKE,VIRTUAL,extra=[android.telephony.TelephonyManager/getDeviceId[], [0]]>}
Executor - [MSG]: 

Executor - [MSG]: <2 INVOKE,DIRECT,extra=[edu.mit.parcel.MainActivity$Foo$1/<init>[], [0]]> at edu.mit.parcel.MainActivity$Foo/<clinit>[]
Executor - [MSG]: arg0 obj: instance number 1@edu.mit.parcel.MainActivity$Foo$1
Executor - [WARN]: Reflection error: edu.mit.parcel.MainActivity$Foo$1
DalvikVM - [BB]: fu.hao.trust.dvm.Executor -> jump set pc to 3
DalvikVM - [BB]: New method call: edu.mit.parcel.MainActivity$Foo$1/<init>[]
DalvikVM - [BB]: [0]<0 SPECIAL,ARGUMENT_SET,extra=[0]>
DalvikVM - [BB]: [1]<1 INVOKE,DIRECT,extra=[java.lang.Object/<init>[], [0]]>
DalvikVM - [BB]: [2]<2 RETURN,VOID>
newStackFrame - [BB]: New Stack Frame: StackFrame edu.mit.parcel.MainActivity$Foo$1/<init>[], pc 3 stored. 
newStackFrame - [BB]: Add frame StackFrame edu.mit.parcel.MainActivity$Foo$1/<init>[]
newStackFrame - [BB]: Stack: [StackFrame edu.mit.parcel.MainActivity/onCreate[android.os.Bundle], StackFrame edu.mit.parcel.MainActivity/writeParcel[java.lang.String], StackFrame edu.mit.parcel.MainActivity$Foo/<clinit>[], StackFrame edu.mit.parcel.MainActivity$Foo$1/<init>[]]
TaintSumBranch - [BB]: <edu.mit.parcel.MainActivity$Foo$1: void <init>()>
TaintSumBranch - [DEBUG]: Not a taint call: <edu.mit.parcel.MainActivity$Foo$1: void <init>()>
PluginManager - [MSG]: TaintSumBranch Tainted Res: {359874043116909=<8 INVOKE,VIRTUAL,extra=[android.telephony.TelephonyManager/getDeviceId[], [0]]>}
DalvikVM - [BB]: fu.hao.trust.dvm.DalvikVM -> runInstrumentedMethods set pc to 0
Executor - [MSG]: 

Executor - [MSG]: <0 SPECIAL,ARGUMENT_SET,extra=[0]> at edu.mit.parcel.MainActivity$Foo$1/<init>[]
DalvikVM - [WARN]: ar 0, (instance number 1@edu.mit.parcel.MainActivity$Foo$1, edu.mit.parcel.MainActivity$Foo$1)
Executor - [DEBUG]: params: instance number 1@edu.mit.parcel.MainActivity$Foo$1
DalvikVM - [BB]: fu.hao.trust.dvm.Executor$OP_SP_ARGUMENTS -> jump set pc to 1
TaintSumBranch - [BB]: Copy 359874043116909 as tainted.
PluginManager - [MSG]: TaintSumBranch Tainted Res: {359874043116909=<8 INVOKE,VIRTUAL,extra=[android.telephony.TelephonyManager/getDeviceId[], [0]]>}
Executor - [MSG]: 

Executor - [MSG]: <1 INVOKE,DIRECT,extra=[java.lang.Object/<init>[], [0]]> at edu.mit.parcel.MainActivity$Foo$1/<init>[]
Executor - [MSG]: arg0 obj: instance number 1@edu.mit.parcel.MainActivity$Foo$1
Executor - [MSG]: Replace the clazz.
Executor - [BB]: java.lang.Object/<init>[] is a constructor!
Executor - [WARN]: Reflection error: edu.mit.parcel.MainActivity$Foo$1
DalvikVM - [BB]: fu.hao.trust.dvm.Executor -> jump set pc to 2
TaintSumBranch - [BB]: <java.lang.Object: void <init>()>
TaintSumBranch - [DEBUG]: Not a taint call: <java.lang.Object: void <init>()>
PluginManager - [MSG]: TaintSumBranch Tainted Res: {359874043116909=<8 INVOKE,VIRTUAL,extra=[android.telephony.TelephonyManager/getDeviceId[], [0]]>}
Executor - [MSG]: 

Executor - [MSG]: <2 RETURN,VOID> at edu.mit.parcel.MainActivity$Foo$1/<init>[]
class fu.hao.trust.dvm.Executor$OP_RETURN_VOID - [DEBUG]: Return void
DalvikVM - [BB]: stack [StackFrame edu.mit.parcel.MainActivity/onCreate[android.os.Bundle], StackFrame edu.mit.parcel.MainActivity/writeParcel[java.lang.String], StackFrame edu.mit.parcel.MainActivity$Foo/<clinit>[]]
DalvikVM - [BB]: Back to the last stack frame.StackFrame edu.mit.parcel.MainActivity$Foo/<clinit>[]
PluginManager - [MSG]: TaintSumBranch Tainted Res: {359874043116909=<8 INVOKE,VIRTUAL,extra=[android.telephony.TelephonyManager/getDeviceId[], [0]]>}
Executor - [MSG]: 

Executor - [MSG]: <3 STATIC,SPUT,r0=r0,type=java.lang.Object,extra=(edu.mit.parcel.MainActivity$Foo, CREATOR)> at edu.mit.parcel.MainActivity$Foo/<clinit>[]
Caller@4: func@fu.hao.trust.dvm.Executor$OP_STATIC_PUT_FIELD - [BB]: getClass edu.mit.parcel.MainActivity$Foo at fu.hao.trust.dvm.VMHeap@54e5a4b1
Caller: func@fu.hao.trust.dvm.Executor$OP_STATIC_PUT_FIELD - [BB]: Get DVMClass for type edu.mit.parcel.MainActivity$Foo
Caller@4: func@fu.hao.trust.dvm.Executor$OP_STATIC_PUT_FIELD - [BB]: getClass edu.mit.parcel.MainActivity$Foo at fu.hao.trust.dvm.VMHeap@54e5a4b1
class fu.hao.trust.dvm.Executor$OP_STATIC_PUT_FIELD - [DEBUG]: expect sput CREATOR from edu.mit.parcel.MainActivity$Foo
class fu.hao.trust.dvm.Executor$OP_STATIC_PUT_FIELD - [DEBUG]: real sput instance number 1@edu.mit.parcel.MainActivity$Foo$1 from fu.hao.trust.dvm.DVMClass@6a16f44f
DalvikVM - [BB]: fu.hao.trust.dvm.Executor$OP_STATIC_PUT_FIELD -> jump set pc to 4
Caller@4: flow@fu.hao.trust.analysis.Taint$TAINT_OP_STATIC_PUT_FIELD - [BB]: getClass edu.mit.parcel.MainActivity$Foo at fu.hao.trust.dvm.VMHeap@54e5a4b1
Caller: flow@fu.hao.trust.analysis.Taint$TAINT_OP_STATIC_PUT_FIELD - [BB]: Get DVMClass for type edu.mit.parcel.MainActivity$Foo
Caller@4: flow@fu.hao.trust.analysis.Taint$TAINT_OP_STATIC_PUT_FIELD - [BB]: getClass edu.mit.parcel.MainActivity$Foo at fu.hao.trust.dvm.VMHeap@54e5a4b1
PluginManager - [MSG]: TaintSumBranch Tainted Res: {359874043116909=<8 INVOKE,VIRTUAL,extra=[android.telephony.TelephonyManager/getDeviceId[], [0]]>}
Executor - [MSG]: 

Executor - [MSG]: <4 RETURN,VOID> at edu.mit.parcel.MainActivity$Foo/<clinit>[]
class fu.hao.trust.dvm.Executor$OP_RETURN_VOID - [DEBUG]: Return void
DalvikVM - [BB]: stack [StackFrame edu.mit.parcel.MainActivity/onCreate[android.os.Bundle], StackFrame edu.mit.parcel.MainActivity/writeParcel[java.lang.String]]
DalvikVM - [BB]: Back to the last stack frame.StackFrame edu.mit.parcel.MainActivity/writeParcel[java.lang.String]
PluginManager - [MSG]: TaintSumBranch Tainted Res: {[reg 13@MainActivity/writeParcel]=<8 INVOKE,VIRTUAL,extra=[android.telephony.TelephonyManager/getDeviceId[], [0]]>, 359874043116909=<8 INVOKE,VIRTUAL,extra=[android.telephony.TelephonyManager/getDeviceId[], [0]]>}
DalvikVM - [MSG]: Finish running instrumented methods! Back to StackFrame edu.mit.parcel.MainActivity/writeParcel[java.lang.String]
Caller: <init>@fu.hao.trust.dvm.DVMObject - [BB]: Get DVMClass for type edu.mit.parcel.MainActivity$Foo
Caller@4: <init>@fu.hao.trust.dvm.DVMObject - [BB]: getClass edu.mit.parcel.MainActivity$Foo at fu.hao.trust.dvm.VMHeap@54e5a4b1
DVMObject - [MSG]: Not empty constructor
DalvikVM - [BB]: New method call: edu.mit.parcel.MainActivity$Foo/<init>[]
DalvikVM - [BB]: [0]<0 SPECIAL,ARGUMENT_SET,extra=[0]>
DalvikVM - [BB]: [1]<0 INVOKE,DIRECT,extra=[java.lang.Object/<init>[], [0]]>
DalvikVM - [BB]: [2]<0 RETURN,VOID>
DalvikVM - [WARN]: ar -2, (instance number 1@edu.mit.parcel.MainActivity$Foo, edu.mit.parcel.MainActivity$Foo)
newStackFrame - [BB]: New Stack Frame: StackFrame edu.mit.parcel.MainActivity$Foo/<init>[], pc 2 stored. 
newStackFrame - [BB]: Stack: [StackFrame edu.mit.parcel.MainActivity/onCreate[android.os.Bundle], StackFrame edu.mit.parcel.MainActivity/writeParcel[java.lang.String]]
DalvikVM - [MSG]: Begin run instrumented methods!
DalvikVM - [BB]: Add frames [StackFrame edu.mit.parcel.MainActivity$Foo/<init>[]]
DalvikVM - [BB]: fu.hao.trust.dvm.DalvikVM -> runInstrumentedMethods set pc to 0
Executor - [MSG]: 

Executor - [MSG]: <0 SPECIAL,ARGUMENT_SET,extra=[0]> at edu.mit.parcel.MainActivity$Foo/<init>[]
DalvikVM - [WARN]: ar 0, (instance number 1@edu.mit.parcel.MainActivity$Foo, edu.mit.parcel.MainActivity$Foo)
Executor - [DEBUG]: params: instance number 1@edu.mit.parcel.MainActivity$Foo
DalvikVM - [BB]: fu.hao.trust.dvm.Executor$OP_SP_ARGUMENTS -> jump set pc to 1
TaintSumBranch - [BB]: Copy 359874043116909 as tainted.
PluginManager - [MSG]: TaintSumBranch Tainted Res: {359874043116909=<8 INVOKE,VIRTUAL,extra=[android.telephony.TelephonyManager/getDeviceId[], [0]]>}
Executor - [MSG]: 

Executor - [MSG]: <1 INVOKE,DIRECT,extra=[java.lang.Object/<init>[], [0]]> at edu.mit.parcel.MainActivity$Foo/<init>[]
Executor - [MSG]: arg0 obj: instance number 1@edu.mit.parcel.MainActivity$Foo
Executor - [MSG]: Replace the clazz.
Executor - [BB]: java.lang.Object/<init>[] is a constructor!
Executor - [WARN]: Reflection error: edu.mit.parcel.MainActivity$Foo
DalvikVM - [BB]: fu.hao.trust.dvm.Executor -> jump set pc to 2
TaintSumBranch - [BB]: <java.lang.Object: void <init>()>
TaintSumBranch - [DEBUG]: Not a taint call: <java.lang.Object: void <init>()>
PluginManager - [MSG]: TaintSumBranch Tainted Res: {359874043116909=<8 INVOKE,VIRTUAL,extra=[android.telephony.TelephonyManager/getDeviceId[], [0]]>}
Executor - [MSG]: 

Executor - [MSG]: <2 RETURN,VOID> at edu.mit.parcel.MainActivity$Foo/<init>[]
class fu.hao.trust.dvm.Executor$OP_RETURN_VOID - [DEBUG]: Return void
DalvikVM - [BB]: stack [StackFrame edu.mit.parcel.MainActivity/onCreate[android.os.Bundle], StackFrame edu.mit.parcel.MainActivity/writeParcel[java.lang.String]]
DalvikVM - [BB]: Back to the last stack frame.StackFrame edu.mit.parcel.MainActivity/writeParcel[java.lang.String]
PluginManager - [MSG]: TaintSumBranch Tainted Res: {[reg 13@MainActivity/writeParcel]=<8 INVOKE,VIRTUAL,extra=[android.telephony.TelephonyManager/getDeviceId[], [0]]>, 359874043116909=<8 INVOKE,VIRTUAL,extra=[android.telephony.TelephonyManager/getDeviceId[], [0]]>}
DalvikVM - [MSG]: Finish running instrumented methods! Back to StackFrame edu.mit.parcel.MainActivity/writeParcel[java.lang.String]
DalvikVM - [WARN]: ar 8, (instance number 1@edu.mit.parcel.MainActivity$Foo, edu.mit.parcel.MainActivity$Foo)
OP_NEW_INSTANCE - [DEBUG]: New object of edu.mit.parcel.MainActivity$Foocreated:instance number 1@edu.mit.parcel.MainActivity$Foo
DalvikVM - [BB]: fu.hao.trust.dvm.Executor$OP_NEW_INSTANCE -> jump set pc to 3
TaintSumBranch - [BB]: Rdst [reg 8@MainActivity/writeParcel]
PluginManager - [MSG]: TaintSumBranch Tainted Res: {[reg 13@MainActivity/writeParcel]=<8 INVOKE,VIRTUAL,extra=[android.telephony.TelephonyManager/getDeviceId[], [0]]>, 359874043116909=<8 INVOKE,VIRTUAL,extra=[android.telephony.TelephonyManager/getDeviceId[], [0]]>}
Executor - [MSG]: 

Executor - [MSG]: <3 INVOKE,DIRECT,extra=[edu.mit.parcel.MainActivity$Foo/<init>[java.lang.String], [8, 13]]> at edu.mit.parcel.MainActivity/writeParcel[java.lang.String]
Executor - [MSG]: arg0 obj: instance number 1@edu.mit.parcel.MainActivity$Foo
Executor - [WARN]: Reflection error: edu.mit.parcel.MainActivity$Foo
DalvikVM - [BB]: fu.hao.trust.dvm.Executor -> jump set pc to 4
DalvikVM - [BB]: New method call: edu.mit.parcel.MainActivity$Foo/<init>[java.lang.String]
DalvikVM - [BB]: [0]<0 SPECIAL,ARGUMENT_SET,extra=[0, 1]>
DalvikVM - [BB]: [1]<0 INVOKE,DIRECT,extra=[java.lang.Object/<init>[], [0]]>
DalvikVM - [BB]: [2]<0 INSTANCE,IPUT,r0=r0,r1=r1,type=java.lang.Object,extra=edu.mit.parcel.MainActivity$Foo.str>
DalvikVM - [BB]: [3]<0 RETURN,VOID>
newStackFrame - [BB]: New Stack Frame: StackFrame edu.mit.parcel.MainActivity$Foo/<init>[java.lang.String], pc 4 stored. 
newStackFrame - [BB]: Add frame StackFrame edu.mit.parcel.MainActivity$Foo/<init>[java.lang.String]
newStackFrame - [BB]: Stack: [StackFrame edu.mit.parcel.MainActivity/onCreate[android.os.Bundle], StackFrame edu.mit.parcel.MainActivity/writeParcel[java.lang.String], StackFrame edu.mit.parcel.MainActivity$Foo/<init>[java.lang.String]]
TaintSumBranch - [BB]: <edu.mit.parcel.MainActivity$Foo: void <init>(java.lang.String)>
TaintSumBranch - [DEBUG]: Not a taint call: <edu.mit.parcel.MainActivity$Foo: void <init>(java.lang.String)>
PluginManager - [MSG]: TaintSumBranch Tainted Res: {[reg 13@MainActivity/writeParcel]=<8 INVOKE,VIRTUAL,extra=[android.telephony.TelephonyManager/getDeviceId[], [0]]>, 359874043116909=<8 INVOKE,VIRTUAL,extra=[android.telephony.TelephonyManager/getDeviceId[], [0]]>}
DalvikVM - [BB]: fu.hao.trust.dvm.DalvikVM -> runInstrumentedMethods set pc to 0
Executor - [MSG]: 

Executor - [MSG]: <0 SPECIAL,ARGUMENT_SET,extra=[0, 1]> at edu.mit.parcel.MainActivity$Foo/<init>[java.lang.String]
DalvikVM - [WARN]: ar 0, (instance number 1@edu.mit.parcel.MainActivity$Foo, edu.mit.parcel.MainActivity$Foo)
Executor - [DEBUG]: params: instance number 1@edu.mit.parcel.MainActivity$Foo
DalvikVM - [WARN]: ar 1, (359874043116909, java.lang.String)
Executor - [DEBUG]: params: 359874043116909
DalvikVM - [BB]: fu.hao.trust.dvm.Executor$OP_SP_ARGUMENTS -> jump set pc to 1
TaintSumBranch - [BB]: Copy 359874043116909 as tainted.
TaintSumBranch - [BB]: Add [reg 1@MainActivity$Foo/<init>] as tainted due to [reg 13@MainActivity/writeParcel]
PluginManager - [MSG]: TaintSumBranch Tainted Res: {[reg 1@MainActivity$Foo/<init>]=<8 INVOKE,VIRTUAL,extra=[android.telephony.TelephonyManager/getDeviceId[], [0]]>, 359874043116909=<8 INVOKE,VIRTUAL,extra=[android.telephony.TelephonyManager/getDeviceId[], [0]]>}
Executor - [MSG]: 

Executor - [MSG]: <1 INVOKE,DIRECT,extra=[java.lang.Object/<init>[], [0]]> at edu.mit.parcel.MainActivity$Foo/<init>[java.lang.String]
Executor - [MSG]: arg0 obj: instance number 1@edu.mit.parcel.MainActivity$Foo
Executor - [MSG]: Replace the clazz.
Executor - [BB]: java.lang.Object/<init>[] is a constructor!
Executor - [WARN]: Reflection error: edu.mit.parcel.MainActivity$Foo
DalvikVM - [BB]: fu.hao.trust.dvm.Executor -> jump set pc to 2
TaintSumBranch - [BB]: <java.lang.Object: void <init>()>
TaintSumBranch - [DEBUG]: Not a taint call: <java.lang.Object: void <init>()>
PluginManager - [MSG]: TaintSumBranch Tainted Res: {[reg 1@MainActivity$Foo/<init>]=<8 INVOKE,VIRTUAL,extra=[android.telephony.TelephonyManager/getDeviceId[], [0]]>, 359874043116909=<8 INVOKE,VIRTUAL,extra=[android.telephony.TelephonyManager/getDeviceId[], [0]]>}
Executor - [MSG]: 

Executor - [MSG]: <2 INSTANCE,IPUT,r0=r0,r1=r1,type=java.lang.Object,extra=edu.mit.parcel.MainActivity$Foo.str> at edu.mit.parcel.MainActivity$Foo/<init>[java.lang.String]
class fu.hao.trust.dvm.Executor$OP_INSTANCE_PUT_FIELD - [BB]: field edu.mit.parcel.MainActivity$Foo.str
class fu.hao.trust.dvm.Executor$OP_INSTANCE_PUT_FIELD - [BB]: Target obj instance number 1@edu.mit.parcel.MainActivity$Foo
DVMObject - [DEBUG]: put field 359874043116909
class fu.hao.trust.dvm.Executor$OP_INSTANCE_PUT_FIELD - [MSG]: Put data 359874043116909 to the field of instance number 1@edu.mit.parcel.MainActivity$Foo
DalvikVM - [BB]: fu.hao.trust.dvm.Executor$OP_INSTANCE_PUT_FIELD -> jump set pc to 3
TaintSumBranch - [BB]: Add 359874043116909as tainted due to [reg 1@MainActivity$Foo/<init>]
TaintSumBranch - [MSG]: has false
TaintSumBranch - [MSG]: Tfields: {}
Results - [MSG]: Set new tainted heap loc true
TaintSumBranch - [MSG]: New tainted heap loc: /str
TaintSumBranch - [MSG]: {}
Results - [MSG]: New recorded tainted field: /str
TaintSumBranch - [MSG]: has true
PluginManager - [MSG]: TaintSumBranch Tainted Res: {[reg 1@MainActivity$Foo/<init>]=<8 INVOKE,VIRTUAL,extra=[android.telephony.TelephonyManager/getDeviceId[], [0]]>, 359874043116909=<8 INVOKE,VIRTUAL,extra=[android.telephony.TelephonyManager/getDeviceId[], [0]]>}
Executor - [MSG]: 

Executor - [MSG]: <3 RETURN,VOID> at edu.mit.parcel.MainActivity$Foo/<init>[java.lang.String]
class fu.hao.trust.dvm.Executor$OP_RETURN_VOID - [DEBUG]: Return void
DalvikVM - [BB]: stack [StackFrame edu.mit.parcel.MainActivity/onCreate[android.os.Bundle], StackFrame edu.mit.parcel.MainActivity/writeParcel[java.lang.String]]
DalvikVM - [BB]: Back to the last stack frame.StackFrame edu.mit.parcel.MainActivity/writeParcel[java.lang.String]
PluginManager - [MSG]: TaintSumBranch Tainted Res: {[reg 13@MainActivity/writeParcel]=<8 INVOKE,VIRTUAL,extra=[android.telephony.TelephonyManager/getDeviceId[], [0]]>, 359874043116909=<8 INVOKE,VIRTUAL,extra=[android.telephony.TelephonyManager/getDeviceId[], [0]]>}
Executor - [MSG]: 

Executor - [MSG]: <4 INVOKE,STATIC,extra=[android.os.Parcel/obtain[], []]> at edu.mit.parcel.MainActivity/writeParcel[java.lang.String]
Executor - [DEBUG]: Reflction class android.os.Parcel
DalvikVM - [WARN]: ar -1, (android.os.Parcel@3e633589, android.os.Parcel)
Executor - [MSG]: reflction invocation public static android.os.Parcel android.os.Parcel.obtain()
DalvikVM - [BB]: Set reflective call: public static android.os.Parcel android.os.Parcel.obtain()
DalvikVM - [BB]: fu.hao.trust.dvm.Executor$OP_INVOKE_STATIC -> jump set pc to 5
TaintSumBranch - [BB]: <android.os.Parcel: android.os.Parcel obtain()>
TaintSumBranch - [DEBUG]: Not a taint call: <android.os.Parcel: android.os.Parcel obtain()>
PluginManager - [MSG]: TaintSumBranch Tainted Res: {[reg 13@MainActivity/writeParcel]=<8 INVOKE,VIRTUAL,extra=[android.telephony.TelephonyManager/getDeviceId[], [0]]>, 359874043116909=<8 INVOKE,VIRTUAL,extra=[android.telephony.TelephonyManager/getDeviceId[], [0]]>}
Executor - [MSG]: 

Executor - [MSG]: <5 MOV,RESULT,dst=r9,type=java.lang.Object> at edu.mit.parcel.MainActivity/writeParcel[java.lang.String]
DalvikVM - [WARN]: ar 9, (android.os.Parcel@3e633589, android.os.Parcel)
OP_MOV_RESULT - [BB]: Result data: android.os.Parcel@3e633589
OP_MOV_RESULT - [DEBUG]: Result data: android.os.Parcel@3e633589, type: android.os.Parcel, to [reg 9@MainActivity/writeParcel]
DalvikVM - [BB]: fu.hao.trust.dvm.Executor$OP_MOV_RESULT -> jump set pc to 6
PluginManager - [MSG]: TaintSumBranch Tainted Res: {[reg 13@MainActivity/writeParcel]=<8 INVOKE,VIRTUAL,extra=[android.telephony.TelephonyManager/getDeviceId[], [0]]>, 359874043116909=<8 INVOKE,VIRTUAL,extra=[android.telephony.TelephonyManager/getDeviceId[], [0]]>}
Executor - [MSG]: 

Executor - [MSG]: <6 INVOKE,STATIC,extra=[android.os.Parcel/obtain[], []]> at edu.mit.parcel.MainActivity/writeParcel[java.lang.String]
Executor - [DEBUG]: Reflction class android.os.Parcel
DalvikVM - [WARN]: ar -1, (android.os.Parcel@e414142, android.os.Parcel)
Executor - [MSG]: reflction invocation public static android.os.Parcel android.os.Parcel.obtain()
DalvikVM - [BB]: Set reflective call: public static android.os.Parcel android.os.Parcel.obtain()
DalvikVM - [BB]: fu.hao.trust.dvm.Executor$OP_INVOKE_STATIC -> jump set pc to 7
TaintSumBranch - [BB]: <android.os.Parcel: android.os.Parcel obtain()>
TaintSumBranch - [DEBUG]: Not a taint call: <android.os.Parcel: android.os.Parcel obtain()>
PluginManager - [MSG]: TaintSumBranch Tainted Res: {[reg 13@MainActivity/writeParcel]=<8 INVOKE,VIRTUAL,extra=[android.telephony.TelephonyManager/getDeviceId[], [0]]>, 359874043116909=<8 INVOKE,VIRTUAL,extra=[android.telephony.TelephonyManager/getDeviceId[], [0]]>}
Executor - [MSG]: 

Executor - [MSG]: <7 MOV,RESULT,dst=r10,type=java.lang.Object> at edu.mit.parcel.MainActivity/writeParcel[java.lang.String]
DalvikVM - [WARN]: ar 10, (android.os.Parcel@e414142, android.os.Parcel)
OP_MOV_RESULT - [BB]: Result data: android.os.Parcel@e414142
OP_MOV_RESULT - [DEBUG]: Result data: android.os.Parcel@e414142, type: android.os.Parcel, to [reg 10@MainActivity/writeParcel]
DalvikVM - [BB]: fu.hao.trust.dvm.Executor$OP_MOV_RESULT -> jump set pc to 8
PluginManager - [MSG]: TaintSumBranch Tainted Res: {[reg 13@MainActivity/writeParcel]=<8 INVOKE,VIRTUAL,extra=[android.telephony.TelephonyManager/getDeviceId[], [0]]>, 359874043116909=<8 INVOKE,VIRTUAL,extra=[android.telephony.TelephonyManager/getDeviceId[], [0]]>}
Executor - [MSG]: 

Executor - [MSG]: <8 INVOKE,STATIC,extra=[android.telephony.SmsManager/getDefault[], []]> at edu.mit.parcel.MainActivity/writeParcel[java.lang.String]
Executor - [DEBUG]: Reflction class android.telephony.SmsManager
DalvikVM - [WARN]: ar -1, (android.telephony.SmsManager@634366f3, android.telephony.SmsManager)
Executor - [MSG]: reflction invocation public static android.telephony.SmsManager android.telephony.SmsManager.getDefault()
DalvikVM - [BB]: Set reflective call: public static android.telephony.SmsManager android.telephony.SmsManager.getDefault()
DalvikVM - [BB]: fu.hao.trust.dvm.Executor$OP_INVOKE_STATIC -> jump set pc to 9
TaintSumBranch - [BB]: <android.telephony.SmsManager: android.telephony.SmsManager getDefault()>
TaintSumBranch - [DEBUG]: Not a taint call: <android.telephony.SmsManager: android.telephony.SmsManager getDefault()>
PluginManager - [MSG]: TaintSumBranch Tainted Res: {[reg 13@MainActivity/writeParcel]=<8 INVOKE,VIRTUAL,extra=[android.telephony.TelephonyManager/getDeviceId[], [0]]>, 359874043116909=<8 INVOKE,VIRTUAL,extra=[android.telephony.TelephonyManager/getDeviceId[], [0]]>}
Executor - [MSG]: 

Executor - [MSG]: <9 MOV,RESULT,dst=r0,type=java.lang.Object> at edu.mit.parcel.MainActivity/writeParcel[java.lang.String]
DalvikVM - [WARN]: ar 0, (android.telephony.SmsManager@634366f3, android.telephony.SmsManager)
OP_MOV_RESULT - [BB]: Result data: android.telephony.SmsManager@634366f3
OP_MOV_RESULT - [DEBUG]: Result data: android.telephony.SmsManager@634366f3, type: android.telephony.SmsManager, to [reg 0@MainActivity/writeParcel]
DalvikVM - [BB]: fu.hao.trust.dvm.Executor$OP_MOV_RESULT -> jump set pc to 10
PluginManager - [MSG]: TaintSumBranch Tainted Res: {[reg 13@MainActivity/writeParcel]=<8 INVOKE,VIRTUAL,extra=[android.telephony.TelephonyManager/getDeviceId[], [0]]>, 359874043116909=<8 INVOKE,VIRTUAL,extra=[android.telephony.TelephonyManager/getDeviceId[], [0]]>}
Executor - [MSG]: 

Executor - [MSG]: <10 INVOKE,VIRTUAL,extra=[android.os.Parcel/writeValue[java.lang.Object], [9, 8]]> at edu.mit.parcel.MainActivity/writeParcel[java.lang.String]
Executor - [MSG]: arg0 obj: android.os.Parcel@3e633589
Executor - [DEBUG]: Reflction class: class android.os.Parcel
Executor - [BB]: Normal args? true
Executor - [BB]: arg1@reg8: instance number 1@edu.mit.parcel.MainActivity$Foo
Executor - [BB]: Nargs? true
Executor - [DEBUG]: Caller obj: android.os.Parcel@3e633589, from class: class android.os.Parcel
DalvikVM - [WARN]: ar -1, (null, void)
Executor - [MSG]: Reflction invocation public final void android.os.Parcel.writeValue(java.lang.Object)
DalvikVM - [BB]: Set reflective call: public final void android.os.Parcel.writeValue(java.lang.Object)
DalvikVM - [BB]: fu.hao.trust.dvm.Executor -> jump set pc to 11
TaintSumBranch - [BB]: <android.os.Parcel: void writeValue(java.lang.Object)>
TaintSumBranch - [DEBUG]: Not a taint call: <android.os.Parcel: void writeValue(java.lang.Object)>
PluginManager - [MSG]: TaintSumBranch Tainted Res: {[reg 13@MainActivity/writeParcel]=<8 INVOKE,VIRTUAL,extra=[android.telephony.TelephonyManager/getDeviceId[], [0]]>, 359874043116909=<8 INVOKE,VIRTUAL,extra=[android.telephony.TelephonyManager/getDeviceId[], [0]]>}
Executor - [MSG]: 

Executor - [MSG]: <11 INVOKE,VIRTUAL,extra=[android.os.Parcel/marshall[], [9]]> at edu.mit.parcel.MainActivity/writeParcel[java.lang.String]
Executor - [MSG]: arg0 obj: android.os.Parcel@3e633589
Executor - [DEBUG]: Reflction class: class android.os.Parcel
DalvikVM - [WARN]: ar -1, ({edu.mit.parcel.MainActivity$Foo=instance number 1@edu.mit.parcel.MainActivity$Foo}, java.util.Map)
Executor - [DEBUG]: Return data: {edu.mit.parcel.MainActivity$Foo=instance number 1@edu.mit.parcel.MainActivity$Foo} ,class java.util.HashMap
Executor - [MSG]: Reflction invocation public final java.util.Map android.os.Parcel.marshall()
DalvikVM - [BB]: Set reflective call: public final java.util.Map android.os.Parcel.marshall()
DalvikVM - [BB]: fu.hao.trust.dvm.Executor -> jump set pc to 12
TaintSumBranch - [BB]: <android.os.Parcel: java.util.Map marshall()>
TaintSumBranch - [DEBUG]: Not a taint call: <android.os.Parcel: java.util.Map marshall()>
PluginManager - [MSG]: TaintSumBranch Tainted Res: {[reg 13@MainActivity/writeParcel]=<8 INVOKE,VIRTUAL,extra=[android.telephony.TelephonyManager/getDeviceId[], [0]]>, 359874043116909=<8 INVOKE,VIRTUAL,extra=[android.telephony.TelephonyManager/getDeviceId[], [0]]>}
Executor - [MSG]: 

Executor - [MSG]: <12 MOV,RESULT,dst=r6,type=java.lang.Object> at edu.mit.parcel.MainActivity/writeParcel[java.lang.String]
DalvikVM - [WARN]: ar 6, ({edu.mit.parcel.MainActivity$Foo=instance number 1@edu.mit.parcel.MainActivity$Foo}, java.util.Map)
OP_MOV_RESULT - [BB]: Result data: {edu.mit.parcel.MainActivity$Foo=instance number 1@edu.mit.parcel.MainActivity$Foo}
OP_MOV_RESULT - [DEBUG]: Result data: {edu.mit.parcel.MainActivity$Foo=instance number 1@edu.mit.parcel.MainActivity$Foo}, type: java.util.Map, to [reg 6@MainActivity/writeParcel]
DalvikVM - [BB]: fu.hao.trust.dvm.Executor$OP_MOV_RESULT -> jump set pc to 13
PluginManager - [MSG]: TaintSumBranch Tainted Res: {[reg 13@MainActivity/writeParcel]=<8 INVOKE,VIRTUAL,extra=[android.telephony.TelephonyManager/getDeviceId[], [0]]>, 359874043116909=<8 INVOKE,VIRTUAL,extra=[android.telephony.TelephonyManager/getDeviceId[], [0]]>}
Executor - [MSG]: 

Executor - [MSG]: <13 NEW,INSTANCE,dst=r7,type=java.lang.String> at edu.mit.parcel.MainActivity/writeParcel[java.lang.String]
OP_NEW_INSTANCE - [DEBUG]: [reg 7@MainActivity/writeParcel]
DalvikVM - [WARN]: ar 7, (null, java.lang.String)
OP_NEW_INSTANCE - [BB]: Reflecable instance.
DalvikVM - [BB]: fu.hao.trust.dvm.Executor$OP_NEW_INSTANCE -> jump set pc to 14
TaintSumBranch - [BB]: Rdst [reg 7@MainActivity/writeParcel]
PluginManager - [MSG]: TaintSumBranch Tainted Res: {[reg 13@MainActivity/writeParcel]=<8 INVOKE,VIRTUAL,extra=[android.telephony.TelephonyManager/getDeviceId[], [0]]>, 359874043116909=<8 INVOKE,VIRTUAL,extra=[android.telephony.TelephonyManager/getDeviceId[], [0]]>}
Executor - [MSG]: 

Executor - [MSG]: <14 INVOKE,DIRECT,extra=[java.lang.String/<init>[[B], [7, 6]]> at edu.mit.parcel.MainActivity/writeParcel[java.lang.String]
Executor - [MSG]: arg0 obj: null
Executor - [BB]: java.lang.String/<init>[[B] is a constructor!
Executor - [BB]: arg1@reg6: {edu.mit.parcel.MainActivity$Foo=instance number 1@edu.mit.parcel.MainActivity$Foo}
Executor - [WARN]: Mismatch type! arg 1, real para type: class java.util.HashMap, expected para type: class [B
Executor - [WARN]: Error in reflection: java.lang.String.<init>(java.util.HashMap)
DalvikVM - [BB]: fu.hao.trust.dvm.Executor -> jump set pc to 15
TaintSumBranch - [BB]: <java.lang.String: void <init>([B)>
TaintSumBranch - [DEBUG]: Not a taint call: <java.lang.String: void <init>([B)>
PluginManager - [MSG]: TaintSumBranch Tainted Res: {[reg 13@MainActivity/writeParcel]=<8 INVOKE,VIRTUAL,extra=[android.telephony.TelephonyManager/getDeviceId[], [0]]>, 359874043116909=<8 INVOKE,VIRTUAL,extra=[android.telephony.TelephonyManager/getDeviceId[], [0]]>}
Executor - [MSG]: 

Executor - [MSG]: <15 MOV,CONST,dst=r1,type=void,extra=class patdroid.core.PrimitiveInfo?0> at edu.mit.parcel.MainActivity/writeParcel[java.lang.String]
Executor - [DEBUG]: Mov const begin <15 MOV,CONST,dst=r1,type=void,extra=class patdroid.core.PrimitiveInfo?0>
DalvikVM - [WARN]: ar 1, (0, void)
Executor - [DEBUG]: data: 0 class patdroid.core.PrimitiveInfo
DalvikVM - [BB]: fu.hao.trust.dvm.Executor$OP_MOV_CONST -> jump set pc to 16
PluginManager - [MSG]: TaintSumBranch Tainted Res: {[reg 13@MainActivity/writeParcel]=<8 INVOKE,VIRTUAL,extra=[android.telephony.TelephonyManager/getDeviceId[], [0]]>, 359874043116909=<8 INVOKE,VIRTUAL,extra=[android.telephony.TelephonyManager/getDeviceId[], [0]]>}
Executor - [MSG]: 

Executor - [MSG]: <16 ARITHMETIC,ARRAY_LENGTH,dst=r3,r0=r6,type=int> at edu.mit.parcel.MainActivity/writeParcel[java.lang.String]
DalvikVM - [BB]: fu.hao.trust.dvm.Executor$OP_ARITHETIC -> jump set pc to 17
OP_A_ARRAY_LENGTH - [WARN]: Not an array
Unknown - [BB]: Unknown created!
DalvikVM - [WARN]: ar 3, ([Unknown var:null, type: int], int)
OP_A_ARRAY_LENGTH - [WARN]: Not an array
Unknown - [BB]: Unknown created!
DalvikVM - [WARN]: ar 3 ([Unknown var:null, type: int], int), ([Unknown var:null, type: int], int)
TaintSumBranch - [BB]: Not a taint op <16 ARITHMETIC,ARRAY_LENGTH,dst=r3,r0=r6,type=int>
PluginManager - [MSG]: TaintSumBranch Tainted Res: {[reg 13@MainActivity/writeParcel]=<8 INVOKE,VIRTUAL,extra=[android.telephony.TelephonyManager/getDeviceId[], [0]]>, 359874043116909=<8 INVOKE,VIRTUAL,extra=[android.telephony.TelephonyManager/getDeviceId[], [0]]>}
Executor - [MSG]: 

Executor - [MSG]: <17 INVOKE,VIRTUAL,extra=[android.os.Parcel/unmarshall[[B, int, int], [10, 6, 1, 3]]> at edu.mit.parcel.MainActivity/writeParcel[java.lang.String]
Executor - [MSG]: arg0 obj: android.os.Parcel@e414142
Executor - [DEBUG]: Reflction class: class android.os.Parcel
Executor - [BB]: Normal args? true
Executor - [BB]: arg1@reg6: {edu.mit.parcel.MainActivity$Foo=instance number 1@edu.mit.parcel.MainActivity$Foo}
Executor - [WARN]: Mismatch type! arg 1, real para type: class java.util.HashMap, expected para type: class [B
Executor - [BB]: arg2@reg1: 0
Executor - [DEBUG]: Expected para type: int
Executor - [DEBUG]: Real para int, value: 0
Executor - [BB]: arg3@reg3: [Unknown var:null, type: int]
Executor - [DEBUG]: Expected para type: int
Executor - [BB]: Unknown type int
Executor - [DEBUG]: Real para int, value: 0
Executor - [BB]: Nargs? true
Executor - [DEBUG]: Caller obj: android.os.Parcel@e414142, from class: class android.os.Parcel
DalvikVM - [WARN]: ar -1, (null, void)
Executor - [MSG]: Reflction invocation public final void android.os.Parcel.unmarshall(java.util.HashMap,int,int)
DalvikVM - [BB]: Set reflective call: public final void android.os.Parcel.unmarshall(java.util.HashMap,int,int)
DalvikVM - [BB]: fu.hao.trust.dvm.Executor -> jump set pc to 18
TaintSumBranch - [BB]: <android.os.Parcel: void unmarshall([B,int,int)>
TaintSumBranch - [DEBUG]: Not a taint call: <android.os.Parcel: void unmarshall([B,int,int)>
PluginManager - [MSG]: TaintSumBranch Tainted Res: {[reg 13@MainActivity/writeParcel]=<8 INVOKE,VIRTUAL,extra=[android.telephony.TelephonyManager/getDeviceId[], [0]]>, 359874043116909=<8 INVOKE,VIRTUAL,extra=[android.telephony.TelephonyManager/getDeviceId[], [0]]>}
Executor - [MSG]: 

Executor - [MSG]: <18 MOV,CONST,dst=r1,type=void,extra=class patdroid.core.PrimitiveInfo?0> at edu.mit.parcel.MainActivity/writeParcel[java.lang.String]
Executor - [DEBUG]: Mov const begin <18 MOV,CONST,dst=r1,type=void,extra=class patdroid.core.PrimitiveInfo?0>
DalvikVM - [WARN]: ar 1 (0, void), (0, void)
Executor - [DEBUG]: data: 0 class patdroid.core.PrimitiveInfo
DalvikVM - [BB]: fu.hao.trust.dvm.Executor$OP_MOV_CONST -> jump set pc to 19
PluginManager - [MSG]: TaintSumBranch Tainted Res: {[reg 13@MainActivity/writeParcel]=<8 INVOKE,VIRTUAL,extra=[android.telephony.TelephonyManager/getDeviceId[], [0]]>, 359874043116909=<8 INVOKE,VIRTUAL,extra=[android.telephony.TelephonyManager/getDeviceId[], [0]]>}
Executor - [MSG]: 

Executor - [MSG]: <19 INVOKE,VIRTUAL,extra=[android.os.Parcel/setDataPosition[int], [10, 1]]> at edu.mit.parcel.MainActivity/writeParcel[java.lang.String]
Executor - [MSG]: arg0 obj: android.os.Parcel@e414142
Executor - [DEBUG]: Reflction class: class android.os.Parcel
Executor - [BB]: Normal args? true
Executor - [BB]: arg1@reg1: 0
Executor - [DEBUG]: Expected para type: int
Executor - [DEBUG]: Real para int, value: 0
Executor - [BB]: Nargs? true
Executor - [DEBUG]: Caller obj: android.os.Parcel@e414142, from class: class android.os.Parcel
DalvikVM - [WARN]: ar -1, (null, void)
Executor - [MSG]: Reflction invocation public final void android.os.Parcel.setDataPosition(int)
DalvikVM - [BB]: Set reflective call: public final void android.os.Parcel.setDataPosition(int)
DalvikVM - [BB]: fu.hao.trust.dvm.Executor -> jump set pc to 20
TaintSumBranch - [BB]: <android.os.Parcel: void setDataPosition(int)>
TaintSumBranch - [DEBUG]: Not a taint call: <android.os.Parcel: void setDataPosition(int)>
PluginManager - [MSG]: TaintSumBranch Tainted Res: {[reg 13@MainActivity/writeParcel]=<8 INVOKE,VIRTUAL,extra=[android.telephony.TelephonyManager/getDeviceId[], [0]]>, 359874043116909=<8 INVOKE,VIRTUAL,extra=[android.telephony.TelephonyManager/getDeviceId[], [0]]>}
Executor - [MSG]: 

Executor - [MSG]: <20 MOV,CONST,dst=r1,type=java.lang.Class,extra=class patdroid.core.ClassInfo?edu.mit.parcel.MainActivity$Foo> at edu.mit.parcel.MainActivity/writeParcel[java.lang.String]
Executor - [DEBUG]: Mov const begin <20 MOV,CONST,dst=r1,type=java.lang.Class,extra=class patdroid.core.ClassInfo?edu.mit.parcel.MainActivity$Foo>
DalvikVM - [WARN]: ar 1 (0, void), (edu.mit.parcel.MainActivity$Foo, java.lang.Class)
Executor - [DEBUG]: data: edu.mit.parcel.MainActivity$Foo class patdroid.core.ClassInfo
DalvikVM - [BB]: fu.hao.trust.dvm.Executor$OP_MOV_CONST -> jump set pc to 21
PluginManager - [MSG]: TaintSumBranch Tainted Res: {[reg 13@MainActivity/writeParcel]=<8 INVOKE,VIRTUAL,extra=[android.telephony.TelephonyManager/getDeviceId[], [0]]>, 359874043116909=<8 INVOKE,VIRTUAL,extra=[android.telephony.TelephonyManager/getDeviceId[], [0]]>}
Executor - [MSG]: 

Executor - [MSG]: <21 INVOKE,VIRTUAL,extra=[java.lang.Class/getClassLoader[], [1]]> at edu.mit.parcel.MainActivity/writeParcel[java.lang.String]
Executor - [MSG]: arg0 obj: edu.mit.parcel.MainActivity$Foo
Executor - [MSG]: Replace the clazz.
Executor - [DEBUG]: Reflction class: class patdroid.core.ClassInfo
DalvikVM - [WARN]: ar -1, (edu.mit.parcel.MainActivity$Foo, java.lang.ClassLoader)
Executor - [DEBUG]: Return data: edu.mit.parcel.MainActivity$Foo ,class patdroid.core.ClassInfo
Executor - [MSG]: Reflction invocation public patdroid.core.ClassInfo patdroid.core.ClassInfo.getClassLoader()
DalvikVM - [BB]: Set reflective call: public patdroid.core.ClassInfo patdroid.core.ClassInfo.getClassLoader()
DalvikVM - [BB]: fu.hao.trust.dvm.Executor -> jump set pc to 22
TaintSumBranch - [BB]: <java.lang.Class: java.lang.ClassLoader getClassLoader()>
TaintSumBranch - [DEBUG]: Not a taint call: <java.lang.Class: java.lang.ClassLoader getClassLoader()>
PluginManager - [MSG]: TaintSumBranch Tainted Res: {[reg 13@MainActivity/writeParcel]=<8 INVOKE,VIRTUAL,extra=[android.telephony.TelephonyManager/getDeviceId[], [0]]>, 359874043116909=<8 INVOKE,VIRTUAL,extra=[android.telephony.TelephonyManager/getDeviceId[], [0]]>}
Executor - [MSG]: 

Executor - [MSG]: <22 MOV,RESULT,dst=r1,type=java.lang.Object> at edu.mit.parcel.MainActivity/writeParcel[java.lang.String]
DalvikVM - [WARN]: ar 1 (edu.mit.parcel.MainActivity$Foo, java.lang.Class), (edu.mit.parcel.MainActivity$Foo, java.lang.ClassLoader)
OP_MOV_RESULT - [BB]: Result data: edu.mit.parcel.MainActivity$Foo
OP_MOV_RESULT - [DEBUG]: Result data: edu.mit.parcel.MainActivity$Foo, type: java.lang.ClassLoader, to [reg 1@MainActivity/writeParcel]
DalvikVM - [BB]: fu.hao.trust.dvm.Executor$OP_MOV_RESULT -> jump set pc to 23
PluginManager - [MSG]: TaintSumBranch Tainted Res: {[reg 13@MainActivity/writeParcel]=<8 INVOKE,VIRTUAL,extra=[android.telephony.TelephonyManager/getDeviceId[], [0]]>, 359874043116909=<8 INVOKE,VIRTUAL,extra=[android.telephony.TelephonyManager/getDeviceId[], [0]]>}
Executor - [MSG]: 

Executor - [MSG]: <23 INVOKE,VIRTUAL,extra=[android.os.Parcel/readValue[java.lang.ClassLoader], [10, 1]]> at edu.mit.parcel.MainActivity/writeParcel[java.lang.String]
Executor - [MSG]: arg0 obj: android.os.Parcel@e414142
Executor - [DEBUG]: Reflction class: class android.os.Parcel
Executor - [BB]: Normal args? true
Executor - [BB]: arg1@reg1: edu.mit.parcel.MainActivity$Foo
Executor - [WARN]: Mismatch type! arg 1, real para type: class patdroid.core.ClassInfo, expected para type: class java.lang.ClassLoader
Executor - [BB]: Nargs? true
Executor - [DEBUG]: Caller obj: android.os.Parcel@e414142, from class: class android.os.Parcel
DalvikVM - [WARN]: ar -1, (instance number 1@edu.mit.parcel.MainActivity$Foo, java.lang.Object)
Executor - [DEBUG]: Return data: instance number 1@edu.mit.parcel.MainActivity$Foo ,class fu.hao.trust.dvm.DVMObject
Executor - [MSG]: Reflction invocation public final java.lang.Object android.os.Parcel.readValue(patdroid.core.ClassInfo)
DalvikVM - [BB]: Set reflective call: public final java.lang.Object android.os.Parcel.readValue(patdroid.core.ClassInfo)
DalvikVM - [BB]: fu.hao.trust.dvm.Executor -> jump set pc to 24
TaintSumBranch - [BB]: <android.os.Parcel: java.lang.Object readValue(java.lang.ClassLoader)>
TaintSumBranch - [DEBUG]: Not a taint call: <android.os.Parcel: java.lang.Object readValue(java.lang.ClassLoader)>
PluginManager - [MSG]: TaintSumBranch Tainted Res: {[reg 13@MainActivity/writeParcel]=<8 INVOKE,VIRTUAL,extra=[android.telephony.TelephonyManager/getDeviceId[], [0]]>, 359874043116909=<8 INVOKE,VIRTUAL,extra=[android.telephony.TelephonyManager/getDeviceId[], [0]]>}
Executor - [MSG]: 

Executor - [MSG]: <24 MOV,RESULT,dst=r11,type=java.lang.Object> at edu.mit.parcel.MainActivity/writeParcel[java.lang.String]
DalvikVM - [WARN]: ar 11, (instance number 1@edu.mit.parcel.MainActivity$Foo, java.lang.Object)
OP_MOV_RESULT - [BB]: Result data: instance number 1@edu.mit.parcel.MainActivity$Foo
OP_MOV_RESULT - [DEBUG]: Result data: instance number 1@edu.mit.parcel.MainActivity$Foo, type: java.lang.Object, to [reg 11@MainActivity/writeParcel]
DalvikVM - [BB]: fu.hao.trust.dvm.Executor$OP_MOV_RESULT -> jump set pc to 25
PluginManager - [MSG]: TaintSumBranch Tainted Res: {[reg 13@MainActivity/writeParcel]=<8 INVOKE,VIRTUAL,extra=[android.telephony.TelephonyManager/getDeviceId[], [0]]>, 359874043116909=<8 INVOKE,VIRTUAL,extra=[android.telephony.TelephonyManager/getDeviceId[], [0]]>}
Executor - [MSG]: 

Executor - [MSG]: <25 ARITHMETIC,CHECK-AND-CAST,dst=r11,type=edu.mit.parcel.MainActivity$Foo> at edu.mit.parcel.MainActivity/writeParcel[java.lang.String]
DalvikVM - [BB]: fu.hao.trust.dvm.Executor$OP_ARITHETIC -> jump set pc to 26
PluginManager - [MSG]: TaintSumBranch Tainted Res: {[reg 13@MainActivity/writeParcel]=<8 INVOKE,VIRTUAL,extra=[android.telephony.TelephonyManager/getDeviceId[], [0]]>, 359874043116909=<8 INVOKE,VIRTUAL,extra=[android.telephony.TelephonyManager/getDeviceId[], [0]]>}
Executor - [MSG]: 

Executor - [MSG]: <26 HALT,VIRTUAL,extra=[null, [9]]> at edu.mit.parcel.MainActivity/writeParcel[java.lang.String]
DalvikVM - [BB]: fu.hao.trust.dvm.Executor$OP_HALT -> jump set pc to 27
Executor - [MSG]: Cannot resolve the invocation
TaintSumBranch - [BB]: Not a taint op <26 HALT,VIRTUAL,extra=[null, [9]]>
PluginManager - [MSG]: TaintSumBranch Tainted Res: {[reg 13@MainActivity/writeParcel]=<8 INVOKE,VIRTUAL,extra=[android.telephony.TelephonyManager/getDeviceId[], [0]]>, 359874043116909=<8 INVOKE,VIRTUAL,extra=[android.telephony.TelephonyManager/getDeviceId[], [0]]>}
Executor - [MSG]: 

Executor - [MSG]: <27 HALT,VIRTUAL,extra=[null, [10]]> at edu.mit.parcel.MainActivity/writeParcel[java.lang.String]
DalvikVM - [BB]: fu.hao.trust.dvm.Executor$OP_HALT -> jump set pc to 28
Executor - [MSG]: Cannot resolve the invocation
TaintSumBranch - [BB]: Not a taint op <27 HALT,VIRTUAL,extra=[null, [10]]>
PluginManager - [MSG]: TaintSumBranch Tainted Res: {[reg 13@MainActivity/writeParcel]=<8 INVOKE,VIRTUAL,extra=[android.telephony.TelephonyManager/getDeviceId[], [0]]>, 359874043116909=<8 INVOKE,VIRTUAL,extra=[android.telephony.TelephonyManager/getDeviceId[], [0]]>}
Executor - [MSG]: 

Executor - [MSG]: <28 MOV,CONST,dst=r1,type=java.lang.String,extra="+49 1234"> at edu.mit.parcel.MainActivity/writeParcel[java.lang.String]
Executor - [DEBUG]: Mov const begin <28 MOV,CONST,dst=r1,type=java.lang.String,extra="+49 1234">
DalvikVM - [WARN]: ar 1 (edu.mit.parcel.MainActivity$Foo, java.lang.ClassLoader), (+49 1234, java.lang.String)
Executor - [DEBUG]: data: +49 1234 class java.lang.String
DalvikVM - [BB]: fu.hao.trust.dvm.Executor$OP_MOV_CONST -> jump set pc to 29
PluginManager - [MSG]: TaintSumBranch Tainted Res: {[reg 13@MainActivity/writeParcel]=<8 INVOKE,VIRTUAL,extra=[android.telephony.TelephonyManager/getDeviceId[], [0]]>, 359874043116909=<8 INVOKE,VIRTUAL,extra=[android.telephony.TelephonyManager/getDeviceId[], [0]]>}
Executor - [MSG]: 

Executor - [MSG]: <29 INSTANCE,IGET,r0=r11,r1=r3,type=java.lang.Object,extra=edu.mit.parcel.MainActivity$Foo.str> at edu.mit.parcel.MainActivity/writeParcel[java.lang.String]
class fu.hao.trust.dvm.Executor$OP_INSTANCE_GET_FIELD - [BB]: Obj instance number 1@edu.mit.parcel.MainActivity$Foo
class fu.hao.trust.dvm.Executor$OP_INSTANCE_GET_FIELD - [BB]: Fieldinfo edu.mit.parcel.MainActivity$Foo.str
DalvikVM - [WARN]: ar 3 ([Unknown var:null, type: int], int), (359874043116909, java.lang.String)
class fu.hao.trust.dvm.Executor$OP_INSTANCE_GET_FIELD - [DEBUG]: Get data: 359874043116909
DalvikVM - [BB]: fu.hao.trust.dvm.Executor$OP_INSTANCE_GET_FIELD -> jump set pc to 30
TaintSumBranch - [BB]: Add [reg 3@MainActivity/writeParcel] as tainted due to field 359874043116909
PluginManager - [MSG]: TaintSumBranch Tainted Res: {[reg 13@MainActivity/writeParcel]=<8 INVOKE,VIRTUAL,extra=[android.telephony.TelephonyManager/getDeviceId[], [0]]>, 359874043116909=<8 INVOKE,VIRTUAL,extra=[android.telephony.TelephonyManager/getDeviceId[], [0]]>, [reg 3@MainActivity/writeParcel]=<8 INVOKE,VIRTUAL,extra=[android.telephony.TelephonyManager/getDeviceId[], [0]]>}
Executor - [MSG]: 

Executor - [MSG]: <30 MOV,REG,dst=r4,r0=r2,type=java.lang.Object> at edu.mit.parcel.MainActivity/writeParcel[java.lang.String]
DalvikVM - [WARN]: ar 4, (0, void)
class fu.hao.trust.dvm.Executor$OP_MOVE_REG - [DEBUG]: mov 0 to 0
DalvikVM - [BB]: fu.hao.trust.dvm.Executor$OP_MOVE_REG -> jump set pc to 31
PluginManager - [MSG]: TaintSumBranch Tainted Res: {[reg 13@MainActivity/writeParcel]=<8 INVOKE,VIRTUAL,extra=[android.telephony.TelephonyManager/getDeviceId[], [0]]>, 359874043116909=<8 INVOKE,VIRTUAL,extra=[android.telephony.TelephonyManager/getDeviceId[], [0]]>, [reg 3@MainActivity/writeParcel]=<8 INVOKE,VIRTUAL,extra=[android.telephony.TelephonyManager/getDeviceId[], [0]]>}
Executor - [MSG]: 

Executor - [MSG]: <31 MOV,REG,dst=r5,r0=r2,type=java.lang.Object> at edu.mit.parcel.MainActivity/writeParcel[java.lang.String]
DalvikVM - [WARN]: ar 5, (0, void)
class fu.hao.trust.dvm.Executor$OP_MOVE_REG - [DEBUG]: mov 0 to 0
DalvikVM - [BB]: fu.hao.trust.dvm.Executor$OP_MOVE_REG -> jump set pc to 32
PluginManager - [MSG]: TaintSumBranch Tainted Res: {[reg 13@MainActivity/writeParcel]=<8 INVOKE,VIRTUAL,extra=[android.telephony.TelephonyManager/getDeviceId[], [0]]>, 359874043116909=<8 INVOKE,VIRTUAL,extra=[android.telephony.TelephonyManager/getDeviceId[], [0]]>, [reg 3@MainActivity/writeParcel]=<8 INVOKE,VIRTUAL,extra=[android.telephony.TelephonyManager/getDeviceId[], [0]]>}
Executor - [MSG]: 

Executor - [MSG]: <32 INVOKE,VIRTUAL,extra=[android.telephony.SmsManager/sendTextMessage[java.lang.String, java.lang.String, java.lang.String, android.app.PendingIntent, android.app.PendingIntent], [0, 1, 2, 3, 4, 5]]> at edu.mit.parcel.MainActivity/writeParcel[java.lang.String]
Executor - [MSG]: arg0 obj: android.telephony.SmsManager@634366f3
Executor - [DEBUG]: Reflction class: class android.telephony.SmsManager
Executor - [BB]: Normal args? true
Executor - [BB]: arg1@reg1: +49 1234
Executor - [BB]: arg2@reg2: 0
Executor - [WARN]: Mismatch type! arg 2, real para type: class patdroid.core.PrimitiveInfo, expected para type: class java.lang.String
Executor - [BB]: arg3@reg3: 359874043116909
Executor - [BB]: arg4@reg4: 0
Executor - [WARN]: Mismatch type! arg 4, real para type: class patdroid.core.PrimitiveInfo, expected para type: class android.app.PendingIntent
Executor - [BB]: arg5@reg5: 0
Executor - [WARN]: Mismatch type! arg 5, real para type: class patdroid.core.PrimitiveInfo, expected para type: class android.app.PendingIntent
Executor - [BB]: Nargs? true
Executor - [DEBUG]: Caller obj: android.telephony.SmsManager@634366f3, from class: class android.telephony.SmsManager
DalvikVM - [WARN]: ar -1, (null, void)
Executor - [MSG]: Reflction invocation public void android.telephony.SmsManager.sendTextMessage(java.lang.String,java.lang.String,java.lang.String,android.app.PendingIntent,android.app.PendingIntent)
DalvikVM - [BB]: Set reflective call: public void android.telephony.SmsManager.sendTextMessage(java.lang.String,java.lang.String,java.lang.String,android.app.PendingIntent,android.app.PendingIntent)
DalvikVM - [BB]: fu.hao.trust.dvm.Executor -> jump set pc to 33
TaintSumBranch - [BB]: <android.telephony.SmsManager: void sendTextMessage(java.lang.String,java.lang.String,java.lang.String,android.app.PendingIntent,android.app.PendingIntent)>
TaintSumBranch - [WARN]: Found a tainted return val!
Results - [MSG]: New recorded tainted field: sendTextMessage
TaintSumBranch - [BB]: Found a sink invocation. <android.telephony.SmsManager: void sendTextMessage(java.lang.String,java.lang.String,java.lang.String,android.app.PendingIntent,android.app.PendingIntent)>
TaintSumBranch - [WARN]: Found a tainted sink <android.telephony.SmsManager: void sendTextMessage(java.lang.String,java.lang.String,java.lang.String,android.app.PendingIntent,android.app.PendingIntent)> leaking data [359874043116909] at reg 3!!!
PluginManager - [MSG]: TaintSumBranch Tainted Res: {[reg 13@MainActivity/writeParcel]=<8 INVOKE,VIRTUAL,extra=[android.telephony.TelephonyManager/getDeviceId[], [0]]>, 359874043116909=<8 INVOKE,VIRTUAL,extra=[android.telephony.TelephonyManager/getDeviceId[], [0]]>, [Global RetReg]=<8 INVOKE,VIRTUAL,extra=[android.telephony.TelephonyManager/getDeviceId[], [0]]>, [reg 3@MainActivity/writeParcel]=<8 INVOKE,VIRTUAL,extra=[android.telephony.TelephonyManager/getDeviceId[], [0]]>}
Executor - [MSG]: 

Executor - [MSG]: <33 RETURN,VOID> at edu.mit.parcel.MainActivity/writeParcel[java.lang.String]
class fu.hao.trust.dvm.Executor$OP_RETURN_VOID - [DEBUG]: Return void
DalvikVM - [BB]: stack [StackFrame edu.mit.parcel.MainActivity/onCreate[android.os.Bundle]]
DalvikVM - [BB]: Back to the last stack frame.StackFrame edu.mit.parcel.MainActivity/onCreate[android.os.Bundle]
PluginManager - [MSG]: TaintSumBranch Tainted Res: {359874043116909=<8 INVOKE,VIRTUAL,extra=[android.telephony.TelephonyManager/getDeviceId[], [0]]>, [Global RetReg]=<8 INVOKE,VIRTUAL,extra=[android.telephony.TelephonyManager/getDeviceId[], [0]]>, [reg 1@MainActivity/onCreate]=<8 INVOKE,VIRTUAL,extra=[android.telephony.TelephonyManager/getDeviceId[], [0]]>}
Executor - [MSG]: 

Executor - [MSG]: <11 RETURN,VOID> at edu.mit.parcel.MainActivity/onCreate[android.os.Bundle]
class fu.hao.trust.dvm.Executor$OP_RETURN_VOID - [DEBUG]: Return void
DalvikVM - [BB]: stack []
DalvikVM - [BB]: Back to the last stack frame.null
DalvikVM - [MSG]: Finish running instrumented methods! Back to null
Executor - [MSG]: RUN BEGIN edu.mit.parcel.MainActivity/onCreate[android.os.Bundle]
Executor - [MSG]: RUN DONE! The last one is null
Executor - [MSG]: newChain: [(edu.mit.parcel.MainActivity, onCreate)]
Executor - [BB]: Add Event? (edu.mit.parcel.MainActivity, onCreate)
DalvikVM - [MSG]: FINISHED!

main - [MSG]: Analysis has run for 1.817751662 seconds

