main - [MSG]: Src Chain: []
main - [DEBUG]: Src Entry event: (edu.mit.icc_intent_passed_through_api.OutFlowActivity, onCreate)
DalvikVM - [MSG]: Begin run onCreate at C:\Users\hao\workspace\DroidBenchProj\ActivityCommunication6\app\ActivityCommunication6.apk
DalvikVM - [MSG]: RUN Method edu.mit.icc_intent_passed_through_api.OutFlowActivity/onCreate[android.os.Bundle]
Executor - [DEBUG]: Read manifest csv: output/ActivityCommunication6.apk\ActivityCommunication6.apk_manifest.csv
Executor - [WARN]: output\ActivityCommunication6.apk\ActivityCommunication6.apk_manifest.csv (The system cannot find the file specified)
DalvikVM - [BB]: New method call: edu.mit.icc_intent_passed_through_api.OutFlowActivity/onCreate[android.os.Bundle]
DalvikVM - [BB]: [0]<0 SPECIAL,ARGUMENT_SET,extra=[6, 7]>
DalvikVM - [BB]: [1]<0 HALT,SUPER,extra=[null, [6, 7]]>
DalvikVM - [BB]: [2]<1 MOV,CONST,dst=r5,type=void,extra=class patdroid.core.PrimitiveInfo?2130903040>
DalvikVM - [BB]: [3]<0 INVOKE,VIRTUAL,extra=[android.app.Activity/setContentView[int], [6, 5]]>
DalvikVM - [BB]: [4]<3 MOV,CONST,dst=r5,type=java.lang.String,extra="phone">
DalvikVM - [BB]: [5]<0 INVOKE,VIRTUAL,extra=[android.content.Context/getSystemService[java.lang.String], [6, 5]]>
DalvikVM - [BB]: [6]<0 MOV,RESULT,dst=r4,type=java.lang.Object>
DalvikVM - [BB]: [7]<0 ARITHMETIC,CHECK-AND-CAST,dst=r4,type=android.telephony.TelephonyManager>
DalvikVM - [BB]: [8]<0 INVOKE,VIRTUAL,extra=[android.telephony.TelephonyManager/getDeviceId[], [4]]>
DalvikVM - [BB]: [9]<0 MOV,RESULT,dst=r3,type=java.lang.Object>
DalvikVM - [BB]: [10]<0 NEW,INSTANCE,dst=r0,type=android.content.Intent>
DalvikVM - [BB]: [11]<10 MOV,CONST,dst=r5,type=java.lang.Class,extra=class patdroid.core.ClassInfo?edu.mit.icc_intent_passed_through_api.InFlowActivity>
DalvikVM - [BB]: [12]<0 INVOKE,DIRECT,extra=[android.content.Intent/<init>[android.content.Context, java.lang.Class], [0, 6, 5]]>
DalvikVM - [BB]: [13]<12 MOV,CONST,dst=r5,type=java.lang.String,extra="DroidBench">
DalvikVM - [BB]: [14]<0 INVOKE,VIRTUAL,extra=[android.content.Intent/putExtra[java.lang.String, java.lang.String], [0, 5, 3]]>
DalvikVM - [BB]: [15]<0 NEW,INSTANCE,dst=r2,type=java.util.LinkedList>
DalvikVM - [BB]: [16]<0 INVOKE,DIRECT,extra=[java.util.LinkedList/<init>[], [2]]>
DalvikVM - [BB]: [17]<0 INVOKE,INTERFACE,extra=[java.util.List/add[java.lang.Object], [2, 0]]>
DalvikVM - [BB]: [18]<17 MOV,CONST,dst=r5,type=void,extra=class patdroid.core.PrimitiveInfo?0>
DalvikVM - [BB]: [19]<0 INVOKE,INTERFACE,extra=[java.util.List/get[int], [2, 5]]>
DalvikVM - [BB]: [20]<0 MOV,RESULT,dst=r1,type=java.lang.Object>
DalvikVM - [BB]: [21]<0 ARITHMETIC,CHECK-AND-CAST,dst=r1,type=android.content.Intent>
DalvikVM - [BB]: [22]<0 INVOKE,VIRTUAL,extra=[android.content.ContextWrapper/startActivity[android.content.Intent], [6, 1]]>
DalvikVM - [BB]: [23]<0 RETURN,VOID>
newStackFrame - [BB]: New Stack Frame: StackFrame edu.mit.icc_intent_passed_through_api.OutFlowActivity/onCreate[android.os.Bundle]
newStackFrame - [BB]: Add frame StackFrame edu.mit.icc_intent_passed_through_api.OutFlowActivity/onCreate[android.os.Bundle]
newStackFrame - [BB]: Stack: [StackFrame edu.mit.icc_intent_passed_through_api.OutFlowActivity/onCreate[android.os.Bundle]]
Executor - [MSG]: New chain obj with type edu.mit.icc_intent_passed_through_api.OutFlowActivity
Activity - [BB]: New instance of edu.mit.icc_intent_passed_through_api.OutFlowActivity
Caller@4: <init>@fu.hao.trust.dvm.DVMObject - [BB]: getClass edu.mit.icc_intent_passed_through_api.OutFlowActivity at fu.hao.trust.dvm.VMHeap@4e88151c
Caller: getClass@fu.hao.trust.dvm.VMHeap - [BB]: new class representation for edu.mit.icc_intent_passed_through_api.OutFlowActivity at fu.hao.trust.dvm.VMHeap@4e88151c
Caller@4: <init>@fu.hao.trust.dvm.DVMClass - [BB]: getClass android.app.Activity at fu.hao.trust.dvm.VMHeap@4e88151c
Caller: getClass@fu.hao.trust.dvm.VMHeap - [BB]: new class representation for android.app.Activity at fu.hao.trust.dvm.VMHeap@4e88151c
Caller@4: <init>@fu.hao.trust.dvm.DVMClass - [BB]: getClass android.content.ContextWrapper at fu.hao.trust.dvm.VMHeap@4e88151c
Caller: getClass@fu.hao.trust.dvm.VMHeap - [BB]: new class representation for android.content.ContextWrapper at fu.hao.trust.dvm.VMHeap@4e88151c
Caller@4: <init>@fu.hao.trust.dvm.DVMClass - [BB]: getClass android.content.Context at fu.hao.trust.dvm.VMHeap@4e88151c
Caller: getClass@fu.hao.trust.dvm.VMHeap - [BB]: new class representation for android.content.Context at fu.hao.trust.dvm.VMHeap@4e88151c
Caller@4: <init>@fu.hao.trust.dvm.DVMClass - [BB]: getClass fu.hao.trust.dvm.DVMObject at fu.hao.trust.dvm.VMHeap@4e88151c
Caller: getClass@fu.hao.trust.dvm.VMHeap - [BB]: new class representation for fu.hao.trust.dvm.DVMObject at fu.hao.trust.dvm.VMHeap@4e88151c
Caller: <init>@fu.hao.trust.dvm.DVMClass - [BB]: Get DVMClass for type fu.hao.trust.dvm.DVMObject
Caller@4: <init>@fu.hao.trust.dvm.DVMClass - [BB]: getClass fu.hao.trust.dvm.DVMObject at fu.hao.trust.dvm.VMHeap@4e88151c
Caller: <init>@fu.hao.trust.dvm.DVMClass - [BB]: Get DVMClass for type android.content.Context
Caller@4: <init>@fu.hao.trust.dvm.DVMClass - [BB]: getClass android.content.Context at fu.hao.trust.dvm.VMHeap@4e88151c
Caller: <init>@fu.hao.trust.dvm.DVMClass - [BB]: Get DVMClass for type android.content.ContextWrapper
Caller@4: <init>@fu.hao.trust.dvm.DVMClass - [BB]: getClass android.content.ContextWrapper at fu.hao.trust.dvm.VMHeap@4e88151c
Caller: <init>@fu.hao.trust.dvm.DVMClass - [BB]: Get DVMClass for type android.app.Activity
Caller@4: <init>@fu.hao.trust.dvm.DVMClass - [BB]: getClass android.app.Activity at fu.hao.trust.dvm.VMHeap@4e88151c
Caller: <init>@fu.hao.trust.dvm.DVMObject - [BB]: Get DVMClass for type edu.mit.icc_intent_passed_through_api.OutFlowActivity
Caller@4: <init>@fu.hao.trust.dvm.DVMObject - [BB]: getClass edu.mit.icc_intent_passed_through_api.OutFlowActivity at fu.hao.trust.dvm.VMHeap@4e88151c
Activity - [BB]: Not empty constructor
DalvikVM - [BB]: New method call: edu.mit.icc_intent_passed_through_api.OutFlowActivity/<init>[]
DalvikVM - [BB]: [0]<0 SPECIAL,ARGUMENT_SET,extra=[0]>
DalvikVM - [BB]: [1]<0 INVOKE,DIRECT,extra=[java.lang.Object/<init>[], [0]]>
DalvikVM - [BB]: [2]<0 RETURN,VOID>
DalvikVM - [WARN]: ar -2, (Activity:instance number 1@edu.mit.icc_intent_passed_through_api.OutFlowActivity, edu.mit.icc_intent_passed_through_api.OutFlowActivity)
newStackFrame - [BB]: New Stack Frame: StackFrame edu.mit.icc_intent_passed_through_api.OutFlowActivity/<init>[], pc -1 stored. 
newStackFrame - [BB]: Stack: [StackFrame edu.mit.icc_intent_passed_through_api.OutFlowActivity/onCreate[android.os.Bundle]]
DalvikVM - [MSG]: Begin run instrumented methods!
DalvikVM - [MSG]: <0 SPECIAL,ARGUMENT_SET,extra=[6, 7]>
DalvikVM - [BB]: Add frames [StackFrame edu.mit.icc_intent_passed_through_api.OutFlowActivity/<init>[]]
DalvikVM - [BB]: fu.hao.trust.dvm.DalvikVM -> runInstrumentedMethods set pc to 0
Executor - [MSG]: 

Executor - [MSG]: <0 SPECIAL,ARGUMENT_SET,extra=[0]> at edu.mit.icc_intent_passed_through_api.OutFlowActivity/<init>[]
DalvikVM - [WARN]: ar 0, (Activity:instance number 1@edu.mit.icc_intent_passed_through_api.OutFlowActivity, edu.mit.icc_intent_passed_through_api.OutFlowActivity)
Executor - [DEBUG]: params: Activity:instance number 1@edu.mit.icc_intent_passed_through_api.OutFlowActivity
DalvikVM - [BB]: fu.hao.trust.dvm.Executor$OP_SP_ARGUMENTS -> jump set pc to 1
PluginManager - [MSG]: TaintSumBranch Tainted Res: {}
Executor - [MSG]: 

Executor - [MSG]: <1 INVOKE,DIRECT,extra=[java.lang.Object/<init>[], [0]]> at edu.mit.icc_intent_passed_through_api.OutFlowActivity/<init>[]
Executor - [MSG]: arg0 obj: Activity:instance number 1@edu.mit.icc_intent_passed_through_api.OutFlowActivity
Executor - [BB]: java.lang.Object/<init>[] is a constructor!
Executor - [WARN]: Reflection error: edu.mit.icc_intent_passed_through_api.OutFlowActivity
DalvikVM - [BB]: fu.hao.trust.dvm.Executor -> jump set pc to 2
TaintSumBranch - [BB]: <java.lang.Object: void <init>()>
TaintSumBranch - [DEBUG]: Not a taint call: <java.lang.Object: void <init>()>
PluginManager - [MSG]: TaintSumBranch Tainted Res: {}
Executor - [MSG]: 

Executor - [MSG]: <2 RETURN,VOID> at edu.mit.icc_intent_passed_through_api.OutFlowActivity/<init>[]
class fu.hao.trust.dvm.Executor$OP_RETURN_VOID - [DEBUG]: Return void
DalvikVM - [BB]: stack [StackFrame edu.mit.icc_intent_passed_through_api.OutFlowActivity/onCreate[android.os.Bundle]]
DalvikVM - [BB]: Back to the last stack frame.StackFrame edu.mit.icc_intent_passed_through_api.OutFlowActivity/onCreate[android.os.Bundle]
DalvikVM - [MSG]: Finish running instrumented methods! Back to StackFrame edu.mit.icc_intent_passed_through_api.OutFlowActivity/onCreate[android.os.Bundle]
Activity - [BB]: New Activity Created with type edu.mit.icc_intent_passed_through_api.OutFlowActivity
Executor - [MSG]: RUN BEGIN edu.mit.icc_intent_passed_through_api.OutFlowActivity/onCreate[android.os.Bundle]
DalvikVM - [BB]: fu.hao.trust.dvm.Executor -> execute set pc to 0
Executor - [MSG]: 

Executor - [MSG]: <0 SPECIAL,ARGUMENT_SET,extra=[6, 7]> at edu.mit.icc_intent_passed_through_api.OutFlowActivity/onCreate[android.os.Bundle]
Executor - [WARN]: NULL CallingCtx!
DalvikVM - [WARN]: ar 6, (Activity:instance number 1@edu.mit.icc_intent_passed_through_api.OutFlowActivity, edu.mit.icc_intent_passed_through_api.OutFlowActivity)
Executor - [DEBUG]: args: Activity:instance number 1@edu.mit.icc_intent_passed_through_api.OutFlowActivity
Executor - [BB]: Start param from 1
DalvikVM - [WARN]: ar 7, (null, android.os.Bundle)
Executor - [DEBUG]: args: null
DalvikVM - [BB]: fu.hao.trust.dvm.Executor$OP_SP_ARGUMENTS -> jump set pc to 1
PluginManager - [MSG]: TaintSumBranch Tainted Res: {}
Executor - [MSG]: 

Executor - [MSG]: <1 HALT,SUPER,extra=[null, [6, 7]]> at edu.mit.icc_intent_passed_through_api.OutFlowActivity/onCreate[android.os.Bundle]
DalvikVM - [BB]: fu.hao.trust.dvm.Executor$OP_HALT -> jump set pc to 2
Executor - [MSG]: Cannot resolve the invocation
TaintSumBranch - [BB]: Not a taint op <1 HALT,SUPER,extra=[null, [6, 7]]>
PluginManager - [MSG]: TaintSumBranch Tainted Res: {}
Executor - [MSG]: 

Executor - [MSG]: <2 MOV,CONST,dst=r5,type=void,extra=class patdroid.core.PrimitiveInfo?2130903040> at edu.mit.icc_intent_passed_through_api.OutFlowActivity/onCreate[android.os.Bundle]
Executor - [DEBUG]: Mov const begin <2 MOV,CONST,dst=r5,type=void,extra=class patdroid.core.PrimitiveInfo?2130903040>
DalvikVM - [WARN]: ar 5, (2130903040, void)
Executor - [DEBUG]: data: 2130903040 class patdroid.core.PrimitiveInfo
DalvikVM - [BB]: fu.hao.trust.dvm.Executor$OP_MOV_CONST -> jump set pc to 3
PluginManager - [MSG]: TaintSumBranch Tainted Res: {}
Executor - [MSG]: 

Executor - [MSG]: <3 INVOKE,VIRTUAL,extra=[android.app.Activity/setContentView[int], [6, 5]]> at edu.mit.icc_intent_passed_through_api.OutFlowActivity/onCreate[android.os.Bundle]
Executor - [MSG]: arg0 obj: Activity:instance number 1@edu.mit.icc_intent_passed_through_api.OutFlowActivity
Executor - [DEBUG]: Reflction class: class android.app.Activity
Executor - [BB]: Normal args? true
Executor - [BB]: arg1@reg5: 2130903040
Executor - [DEBUG]: Expected para type: int
Executor - [DEBUG]: Real para int, value: 2130903040
Executor - [BB]: Nargs? true
Executor - [DEBUG]: Caller obj: Activity:instance number 1@edu.mit.icc_intent_passed_through_api.OutFlowActivity, from class: class android.app.Activity
DalvikVM - [WARN]: ar -1, (null, void)
Executor - [MSG]: Reflction invocation public void android.app.Activity.setContentView(int)
DalvikVM - [BB]: Set reflective call: public void android.app.Activity.setContentView(int)
DalvikVM - [BB]: fu.hao.trust.dvm.Executor -> jump set pc to 4
TaintSumBranch - [BB]: <android.app.Activity: void setContentView(int)>
TaintSumBranch - [DEBUG]: Not a taint call: <android.app.Activity: void setContentView(int)>
PluginManager - [MSG]: TaintSumBranch Tainted Res: {}
Executor - [MSG]: 

Executor - [MSG]: <4 MOV,CONST,dst=r5,type=java.lang.String,extra="phone"> at edu.mit.icc_intent_passed_through_api.OutFlowActivity/onCreate[android.os.Bundle]
Executor - [DEBUG]: Mov const begin <4 MOV,CONST,dst=r5,type=java.lang.String,extra="phone">
DalvikVM - [WARN]: ar 5 (2130903040, void), (phone, java.lang.String)
Executor - [DEBUG]: data: phone class java.lang.String
DalvikVM - [BB]: fu.hao.trust.dvm.Executor$OP_MOV_CONST -> jump set pc to 5
PluginManager - [MSG]: TaintSumBranch Tainted Res: {}
Executor - [MSG]: 

Executor - [MSG]: <5 INVOKE,VIRTUAL,extra=[android.content.Context/getSystemService[java.lang.String], [6, 5]]> at edu.mit.icc_intent_passed_through_api.OutFlowActivity/onCreate[android.os.Bundle]
Executor - [MSG]: arg0 obj: Activity:instance number 1@edu.mit.icc_intent_passed_through_api.OutFlowActivity
Executor - [DEBUG]: Reflction class: class android.content.Context
Executor - [BB]: Normal args? true
Executor - [BB]: arg1@reg5: phone
Executor - [BB]: Nargs? true
Executor - [DEBUG]: Caller obj: Activity:instance number 1@edu.mit.icc_intent_passed_through_api.OutFlowActivity, from class: class android.app.Activity
DalvikVM - [WARN]: ar -1, (android.telephony.TelephonyManager@cd7bef6, java.lang.Object)
Executor - [DEBUG]: Return data: android.telephony.TelephonyManager@cd7bef6 ,class android.telephony.TelephonyManager
Executor - [MSG]: Reflction invocation public java.lang.Object android.content.Context.getSystemService(java.lang.String)
DalvikVM - [BB]: Set reflective call: public java.lang.Object android.content.Context.getSystemService(java.lang.String)
DalvikVM - [BB]: fu.hao.trust.dvm.Executor -> jump set pc to 6
TaintSumBranch - [BB]: <android.content.Context: java.lang.Object getSystemService(java.lang.String)>
TaintSumBranch - [DEBUG]: Not a taint call: <android.content.Context: java.lang.Object getSystemService(java.lang.String)>
PluginManager - [MSG]: TaintSumBranch Tainted Res: {}
Executor - [MSG]: 

Executor - [MSG]: <6 MOV,RESULT,dst=r4,type=java.lang.Object> at edu.mit.icc_intent_passed_through_api.OutFlowActivity/onCreate[android.os.Bundle]
DalvikVM - [WARN]: ar 4, (android.telephony.TelephonyManager@cd7bef6, java.lang.Object)
OP_MOV_RESULT - [BB]: Result data: android.telephony.TelephonyManager@cd7bef6
OP_MOV_RESULT - [DEBUG]: Result data: android.telephony.TelephonyManager@cd7bef6, type: java.lang.Object, to [reg 4@OutFlowActivity/onCreate]
DalvikVM - [BB]: fu.hao.trust.dvm.Executor$OP_MOV_RESULT -> jump set pc to 7
PluginManager - [MSG]: TaintSumBranch Tainted Res: {}
Executor - [MSG]: 

Executor - [MSG]: <7 ARITHMETIC,CHECK-AND-CAST,dst=r4,type=android.telephony.TelephonyManager> at edu.mit.icc_intent_passed_through_api.OutFlowActivity/onCreate[android.os.Bundle]
DalvikVM - [BB]: fu.hao.trust.dvm.Executor$OP_ARITHETIC -> jump set pc to 8
TaintSumBranch - [BB]: Not a taint op <7 ARITHMETIC,CHECK-AND-CAST,dst=r4,type=android.telephony.TelephonyManager>
PluginManager - [MSG]: TaintSumBranch Tainted Res: {}
Executor - [MSG]: 

Executor - [MSG]: <8 INVOKE,VIRTUAL,extra=[android.telephony.TelephonyManager/getDeviceId[], [4]]> at edu.mit.icc_intent_passed_through_api.OutFlowActivity/onCreate[android.os.Bundle]
Executor - [MSG]: arg0 obj: android.telephony.TelephonyManager@cd7bef6
Executor - [DEBUG]: Reflction class: class android.telephony.TelephonyManager
DalvikVM - [WARN]: ar -1, (359874043116909, java.lang.String)
Executor - [DEBUG]: Return data: 359874043116909 ,class java.lang.String
Executor - [MSG]: Reflction invocation public java.lang.String android.telephony.TelephonyManager.getDeviceId()
DalvikVM - [BB]: Set reflective call: public java.lang.String android.telephony.TelephonyManager.getDeviceId()
DalvikVM - [BB]: fu.hao.trust.dvm.Executor -> jump set pc to 9
TaintSumBranch - [BB]: <android.telephony.TelephonyManager: java.lang.String getDeviceId()>
TaintSumBranch - [WARN]: Found a tainted return value!
PluginManager - [MSG]: TaintSumBranch Tainted Res: {359874043116909=<8 INVOKE,VIRTUAL,extra=[android.telephony.TelephonyManager/getDeviceId[], [4]]>, [Global RetReg]=<8 INVOKE,VIRTUAL,extra=[android.telephony.TelephonyManager/getDeviceId[], [4]]>}
Executor - [MSG]: 

Executor - [MSG]: <9 MOV,RESULT,dst=r3,type=java.lang.Object> at edu.mit.icc_intent_passed_through_api.OutFlowActivity/onCreate[android.os.Bundle]
DalvikVM - [WARN]: ar 3, (359874043116909, java.lang.String)
OP_MOV_RESULT - [BB]: Result data: 359874043116909
OP_MOV_RESULT - [DEBUG]: Result data: 359874043116909, type: java.lang.String, to [reg 3@OutFlowActivity/onCreate]
DalvikVM - [BB]: fu.hao.trust.dvm.Executor$OP_MOV_RESULT -> jump set pc to 10
TaintSumBranch - [BB]: <8 INVOKE,VIRTUAL,extra=[android.telephony.TelephonyManager/getDeviceId[], [4]]>
TaintSumBranch - [BB]: Add reg 3 due to ret reg.
PluginManager - [MSG]: TaintSumBranch Tainted Res: {359874043116909=<8 INVOKE,VIRTUAL,extra=[android.telephony.TelephonyManager/getDeviceId[], [4]]>, [reg 3@OutFlowActivity/onCreate]=<8 INVOKE,VIRTUAL,extra=[android.telephony.TelephonyManager/getDeviceId[], [4]]>}
Executor - [MSG]: 

Executor - [MSG]: <10 NEW,INSTANCE,dst=r0,type=android.content.Intent> at edu.mit.icc_intent_passed_through_api.OutFlowActivity/onCreate[android.os.Bundle]
OP_NEW_INSTANCE - [DEBUG]: [reg 0@OutFlowActivity/onCreate]
DalvikVM - [WARN]: ar 0, (null, android.content.Intent)
OP_NEW_INSTANCE - [BB]: Reflecable instance.
DalvikVM - [BB]: fu.hao.trust.dvm.Executor$OP_NEW_INSTANCE -> jump set pc to 11
TaintSumBranch - [BB]: Rdst [reg 0@OutFlowActivity/onCreate]
PluginManager - [MSG]: TaintSumBranch Tainted Res: {359874043116909=<8 INVOKE,VIRTUAL,extra=[android.telephony.TelephonyManager/getDeviceId[], [4]]>, [reg 3@OutFlowActivity/onCreate]=<8 INVOKE,VIRTUAL,extra=[android.telephony.TelephonyManager/getDeviceId[], [4]]>}
Executor - [MSG]: 

Executor - [MSG]: <11 MOV,CONST,dst=r5,type=java.lang.Class,extra=class patdroid.core.ClassInfo?edu.mit.icc_intent_passed_through_api.InFlowActivity> at edu.mit.icc_intent_passed_through_api.OutFlowActivity/onCreate[android.os.Bundle]
Executor - [DEBUG]: Mov const begin <11 MOV,CONST,dst=r5,type=java.lang.Class,extra=class patdroid.core.ClassInfo?edu.mit.icc_intent_passed_through_api.InFlowActivity>
DalvikVM - [WARN]: ar 5 (phone, java.lang.String), (edu.mit.icc_intent_passed_through_api.InFlowActivity, java.lang.Class)
Executor - [DEBUG]: data: edu.mit.icc_intent_passed_through_api.InFlowActivity class patdroid.core.ClassInfo
DalvikVM - [BB]: fu.hao.trust.dvm.Executor$OP_MOV_CONST -> jump set pc to 12
PluginManager - [MSG]: TaintSumBranch Tainted Res: {359874043116909=<8 INVOKE,VIRTUAL,extra=[android.telephony.TelephonyManager/getDeviceId[], [4]]>, [reg 3@OutFlowActivity/onCreate]=<8 INVOKE,VIRTUAL,extra=[android.telephony.TelephonyManager/getDeviceId[], [4]]>}
Executor - [MSG]: 

Executor - [MSG]: <12 INVOKE,DIRECT,extra=[android.content.Intent/<init>[android.content.Context, java.lang.Class], [0, 6, 5]]> at edu.mit.icc_intent_passed_through_api.OutFlowActivity/onCreate[android.os.Bundle]
Executor - [MSG]: arg0 obj: null
Executor - [BB]: android.content.Intent/<init>[android.content.Context, java.lang.Class] is a constructor!
Executor - [BB]: arg1@reg6: Activity:instance number 1@edu.mit.icc_intent_passed_through_api.OutFlowActivity
Executor - [BB]: arg2@reg5: edu.mit.icc_intent_passed_through_api.InFlowActivity
Executor - [WARN]: Mismatch type! arg 2, real para type: class patdroid.core.ClassInfo, expected para type: class java.lang.Class
Intent - [BB]: New intent with target cls edu.mit.icc_intent_passed_through_api.InFlowActivity
DalvikVM - [WARN]: ar 0 (null, android.content.Intent), ([intent:, edu.mit.icc_intent_passed_through_api.InFlowActivity, {}], android.content.Intent)
Executor - [DEBUG]: Init instance: [intent:, edu.mit.icc_intent_passed_through_api.InFlowActivity, {}] class android.content.Intent
DalvikVM - [BB]: fu.hao.trust.dvm.Executor -> jump set pc to 13
TaintSumBranch - [BB]: <android.content.Intent: void <init>(android.content.Context,java.lang.Class)>
TaintSumBranch - [DEBUG]: Not a taint call: <android.content.Intent: void <init>(android.content.Context,java.lang.Class)>
PluginManager - [MSG]: TaintSumBranch Tainted Res: {359874043116909=<8 INVOKE,VIRTUAL,extra=[android.telephony.TelephonyManager/getDeviceId[], [4]]>, [reg 3@OutFlowActivity/onCreate]=<8 INVOKE,VIRTUAL,extra=[android.telephony.TelephonyManager/getDeviceId[], [4]]>}
Executor - [MSG]: 

Executor - [MSG]: <13 MOV,CONST,dst=r5,type=java.lang.String,extra="DroidBench"> at edu.mit.icc_intent_passed_through_api.OutFlowActivity/onCreate[android.os.Bundle]
Executor - [DEBUG]: Mov const begin <13 MOV,CONST,dst=r5,type=java.lang.String,extra="DroidBench">
DalvikVM - [WARN]: ar 5 (edu.mit.icc_intent_passed_through_api.InFlowActivity, java.lang.Class), (DroidBench, java.lang.String)
Executor - [DEBUG]: data: DroidBench class java.lang.String
DalvikVM - [BB]: fu.hao.trust.dvm.Executor$OP_MOV_CONST -> jump set pc to 14
PluginManager - [MSG]: TaintSumBranch Tainted Res: {359874043116909=<8 INVOKE,VIRTUAL,extra=[android.telephony.TelephonyManager/getDeviceId[], [4]]>, [reg 3@OutFlowActivity/onCreate]=<8 INVOKE,VIRTUAL,extra=[android.telephony.TelephonyManager/getDeviceId[], [4]]>}
Executor - [MSG]: 

Executor - [MSG]: <14 INVOKE,VIRTUAL,extra=[android.content.Intent/putExtra[java.lang.String, java.lang.String], [0, 5, 3]]> at edu.mit.icc_intent_passed_through_api.OutFlowActivity/onCreate[android.os.Bundle]
Executor - [MSG]: arg0 obj: [intent:, edu.mit.icc_intent_passed_through_api.InFlowActivity, {}]
Executor - [DEBUG]: Reflction class: class android.content.Intent
Executor - [BB]: Normal args? true
Executor - [BB]: arg1@reg5: DroidBench
Executor - [BB]: arg2@reg3: 359874043116909
Executor - [BB]: Nargs? true
Executor - [DEBUG]: Caller obj: [intent:, edu.mit.icc_intent_passed_through_api.InFlowActivity, {}], from class: class android.content.Intent
DalvikVM - [WARN]: ar -1, ([intent:, edu.mit.icc_intent_passed_through_api.InFlowActivity, {DroidBench=359874043116909}], android.content.Intent)
Executor - [DEBUG]: Return data: [intent:, edu.mit.icc_intent_passed_through_api.InFlowActivity, {DroidBench=359874043116909}] ,class android.content.Intent
Executor - [MSG]: Reflction invocation public android.content.Intent android.content.Intent.putExtra(java.lang.String,java.lang.String)
DalvikVM - [BB]: Set reflective call: public android.content.Intent android.content.Intent.putExtra(java.lang.String,java.lang.String)
DalvikVM - [BB]: fu.hao.trust.dvm.Executor -> jump set pc to 15
TaintSumBranch - [BB]: <android.content.Intent: android.content.Intent putExtra(java.lang.String,java.lang.String)>
TaintSumBranch - [WARN]: Found a tainted return val!
Results - [MSG]: New recorded tainted field: putExtra
TaintSumBranch - [DEBUG]: Not a taint call: <android.content.Intent: android.content.Intent putExtra(java.lang.String,java.lang.String)>
TaintSumBranch - [WARN]: Found a tainted return val!
PluginManager - [MSG]: TaintSumBranch Tainted Res: {[Global RetReg]=<8 INVOKE,VIRTUAL,extra=[android.telephony.TelephonyManager/getDeviceId[], [4]]>, 359874043116909=<8 INVOKE,VIRTUAL,extra=[android.telephony.TelephonyManager/getDeviceId[], [4]]>, [intent:, edu.mit.icc_intent_passed_through_api.InFlowActivity, {DroidBench=359874043116909}]=<8 INVOKE,VIRTUAL,extra=[android.telephony.TelephonyManager/getDeviceId[], [4]]>, [reg 3@OutFlowActivity/onCreate]=<8 INVOKE,VIRTUAL,extra=[android.telephony.TelephonyManager/getDeviceId[], [4]]>}
Executor - [MSG]: 

Executor - [MSG]: <15 NEW,INSTANCE,dst=r2,type=java.util.LinkedList> at edu.mit.icc_intent_passed_through_api.OutFlowActivity/onCreate[android.os.Bundle]
OP_NEW_INSTANCE - [DEBUG]: [reg 2@OutFlowActivity/onCreate]
DalvikVM - [WARN]: ar 2, (null, java.util.LinkedList)
OP_NEW_INSTANCE - [BB]: Reflecable instance.
DalvikVM - [BB]: fu.hao.trust.dvm.Executor$OP_NEW_INSTANCE -> jump set pc to 16
TaintSumBranch - [BB]: Rdst [reg 2@OutFlowActivity/onCreate]
PluginManager - [MSG]: TaintSumBranch Tainted Res: {359874043116909=<8 INVOKE,VIRTUAL,extra=[android.telephony.TelephonyManager/getDeviceId[], [4]]>, [Global RetReg]=<8 INVOKE,VIRTUAL,extra=[android.telephony.TelephonyManager/getDeviceId[], [4]]>, [intent:, edu.mit.icc_intent_passed_through_api.InFlowActivity, {DroidBench=359874043116909}]=<8 INVOKE,VIRTUAL,extra=[android.telephony.TelephonyManager/getDeviceId[], [4]]>, [reg 3@OutFlowActivity/onCreate]=<8 INVOKE,VIRTUAL,extra=[android.telephony.TelephonyManager/getDeviceId[], [4]]>}
Executor - [MSG]: 

Executor - [MSG]: <16 INVOKE,DIRECT,extra=[java.util.LinkedList/<init>[], [2]]> at edu.mit.icc_intent_passed_through_api.OutFlowActivity/onCreate[android.os.Bundle]
Executor - [MSG]: arg0 obj: null
Executor - [BB]: java.util.LinkedList/<init>[] is a constructor!
DalvikVM - [WARN]: ar 2 (null, java.util.LinkedList), ([], void)
Executor - [DEBUG]: Reflected init instance: [], class java.util.LinkedList
DalvikVM - [BB]: fu.hao.trust.dvm.Executor -> jump set pc to 17
TaintSumBranch - [BB]: <java.util.LinkedList: void <init>()>
TaintSumBranch - [DEBUG]: Not a taint call: <java.util.LinkedList: void <init>()>
PluginManager - [MSG]: TaintSumBranch Tainted Res: {359874043116909=<8 INVOKE,VIRTUAL,extra=[android.telephony.TelephonyManager/getDeviceId[], [4]]>, [intent:, edu.mit.icc_intent_passed_through_api.InFlowActivity, {DroidBench=359874043116909}]=<8 INVOKE,VIRTUAL,extra=[android.telephony.TelephonyManager/getDeviceId[], [4]]>, [reg 3@OutFlowActivity/onCreate]=<8 INVOKE,VIRTUAL,extra=[android.telephony.TelephonyManager/getDeviceId[], [4]]>}
Executor - [MSG]: 

Executor - [MSG]: <17 INVOKE,INTERFACE,extra=[java.util.List/add[java.lang.Object], [2, 0]]> at edu.mit.icc_intent_passed_through_api.OutFlowActivity/onCreate[android.os.Bundle]
Executor - [MSG]: arg0 obj: []
Executor - [DEBUG]: Reflction class: interface java.util.List
Executor - [BB]: Normal args? true
Executor - [BB]: arg1@reg0: [intent:, edu.mit.icc_intent_passed_through_api.InFlowActivity, {DroidBench=359874043116909}]
Executor - [BB]: Nargs? true
Executor - [DEBUG]: Caller obj: [], from class: class java.util.LinkedList
DalvikVM - [WARN]: ar -1, (true, boolean)
Executor - [DEBUG]: Return data: true ,class java.lang.Boolean
Executor - [MSG]: Reflction invocation public abstract boolean java.util.List.add(java.lang.Object)
DalvikVM - [BB]: Set reflective call: public abstract boolean java.util.List.add(java.lang.Object)
DalvikVM - [BB]: fu.hao.trust.dvm.Executor -> jump set pc to 18
TaintSumBranch - [BB]: <java.util.List: boolean add(java.lang.Object)>
TaintSumBranch - [WARN]: Found a tainted return val!
TaintSumBranch - [DEBUG]: Not a taint call: <java.util.List: boolean add(java.lang.Object)>
TaintSumBranch - [WARN]: Found a tainted return val!
PluginManager - [MSG]: TaintSumBranch Tainted Res: {[Global RetReg]=<8 INVOKE,VIRTUAL,extra=[android.telephony.TelephonyManager/getDeviceId[], [4]]>, 359874043116909=<8 INVOKE,VIRTUAL,extra=[android.telephony.TelephonyManager/getDeviceId[], [4]]>, [intent:, edu.mit.icc_intent_passed_through_api.InFlowActivity, {DroidBench=359874043116909}]=<8 INVOKE,VIRTUAL,extra=[android.telephony.TelephonyManager/getDeviceId[], [4]]>, [reg 3@OutFlowActivity/onCreate]=<8 INVOKE,VIRTUAL,extra=[android.telephony.TelephonyManager/getDeviceId[], [4]]>}
Executor - [MSG]: 

Executor - [MSG]: <18 MOV,CONST,dst=r5,type=void,extra=class patdroid.core.PrimitiveInfo?0> at edu.mit.icc_intent_passed_through_api.OutFlowActivity/onCreate[android.os.Bundle]
Executor - [DEBUG]: Mov const begin <18 MOV,CONST,dst=r5,type=void,extra=class patdroid.core.PrimitiveInfo?0>
DalvikVM - [WARN]: ar 5 (DroidBench, java.lang.String), (0, void)
Executor - [DEBUG]: data: 0 class patdroid.core.PrimitiveInfo
DalvikVM - [BB]: fu.hao.trust.dvm.Executor$OP_MOV_CONST -> jump set pc to 19
PluginManager - [MSG]: TaintSumBranch Tainted Res: {359874043116909=<8 INVOKE,VIRTUAL,extra=[android.telephony.TelephonyManager/getDeviceId[], [4]]>, [Global RetReg]=<8 INVOKE,VIRTUAL,extra=[android.telephony.TelephonyManager/getDeviceId[], [4]]>, [intent:, edu.mit.icc_intent_passed_through_api.InFlowActivity, {DroidBench=359874043116909}]=<8 INVOKE,VIRTUAL,extra=[android.telephony.TelephonyManager/getDeviceId[], [4]]>, [reg 3@OutFlowActivity/onCreate]=<8 INVOKE,VIRTUAL,extra=[android.telephony.TelephonyManager/getDeviceId[], [4]]>}
Executor - [MSG]: 

Executor - [MSG]: <19 INVOKE,INTERFACE,extra=[java.util.List/get[int], [2, 5]]> at edu.mit.icc_intent_passed_through_api.OutFlowActivity/onCreate[android.os.Bundle]
Executor - [MSG]: arg0 obj: [[intent:, edu.mit.icc_intent_passed_through_api.InFlowActivity, {DroidBench=359874043116909}]]
Executor - [DEBUG]: Reflction class: interface java.util.List
Executor - [BB]: Normal args? true
Executor - [BB]: arg1@reg5: 0
Executor - [DEBUG]: Expected para type: int
Executor - [DEBUG]: Real para int, value: 0
Executor - [BB]: Nargs? true
Executor - [DEBUG]: Caller obj: [[intent:, edu.mit.icc_intent_passed_through_api.InFlowActivity, {DroidBench=359874043116909}]], from class: class java.util.LinkedList
DalvikVM - [WARN]: ar -1, ([intent:, edu.mit.icc_intent_passed_through_api.InFlowActivity, {DroidBench=359874043116909}], java.lang.Object)
Executor - [DEBUG]: Return data: [intent:, edu.mit.icc_intent_passed_through_api.InFlowActivity, {DroidBench=359874043116909}] ,class android.content.Intent
Executor - [MSG]: Reflction invocation public abstract java.lang.Object java.util.List.get(int)
DalvikVM - [BB]: Set reflective call: public abstract java.lang.Object java.util.List.get(int)
DalvikVM - [BB]: fu.hao.trust.dvm.Executor -> jump set pc to 20
TaintSumBranch - [BB]: <java.util.List: java.lang.Object get(int)>
TaintSumBranch - [DEBUG]: Not a taint call: <java.util.List: java.lang.Object get(int)>
PluginManager - [MSG]: TaintSumBranch Tainted Res: {359874043116909=<8 INVOKE,VIRTUAL,extra=[android.telephony.TelephonyManager/getDeviceId[], [4]]>, [intent:, edu.mit.icc_intent_passed_through_api.InFlowActivity, {DroidBench=359874043116909}]=<8 INVOKE,VIRTUAL,extra=[android.telephony.TelephonyManager/getDeviceId[], [4]]>, [reg 3@OutFlowActivity/onCreate]=<8 INVOKE,VIRTUAL,extra=[android.telephony.TelephonyManager/getDeviceId[], [4]]>}
Executor - [MSG]: 

Executor - [MSG]: <20 MOV,RESULT,dst=r1,type=java.lang.Object> at edu.mit.icc_intent_passed_through_api.OutFlowActivity/onCreate[android.os.Bundle]
DalvikVM - [WARN]: ar 1, ([intent:, edu.mit.icc_intent_passed_through_api.InFlowActivity, {DroidBench=359874043116909}], java.lang.Object)
OP_MOV_RESULT - [BB]: Result data: [intent:, edu.mit.icc_intent_passed_through_api.InFlowActivity, {DroidBench=359874043116909}]
OP_MOV_RESULT - [DEBUG]: Result data: [intent:, edu.mit.icc_intent_passed_through_api.InFlowActivity, {DroidBench=359874043116909}], type: java.lang.Object, to [reg 1@OutFlowActivity/onCreate]
DalvikVM - [BB]: fu.hao.trust.dvm.Executor$OP_MOV_RESULT -> jump set pc to 21
TaintSumBranch - [BB]: Add reg 1 due to ret data.
PluginManager - [MSG]: TaintSumBranch Tainted Res: {359874043116909=<8 INVOKE,VIRTUAL,extra=[android.telephony.TelephonyManager/getDeviceId[], [4]]>, [intent:, edu.mit.icc_intent_passed_through_api.InFlowActivity, {DroidBench=359874043116909}]=<8 INVOKE,VIRTUAL,extra=[android.telephony.TelephonyManager/getDeviceId[], [4]]>, [reg 1@OutFlowActivity/onCreate]=<8 INVOKE,VIRTUAL,extra=[android.telephony.TelephonyManager/getDeviceId[], [4]]>, [reg 3@OutFlowActivity/onCreate]=<8 INVOKE,VIRTUAL,extra=[android.telephony.TelephonyManager/getDeviceId[], [4]]>}
Executor - [MSG]: 

Executor - [MSG]: <21 ARITHMETIC,CHECK-AND-CAST,dst=r1,type=android.content.Intent> at edu.mit.icc_intent_passed_through_api.OutFlowActivity/onCreate[android.os.Bundle]
DalvikVM - [BB]: fu.hao.trust.dvm.Executor$OP_ARITHETIC -> jump set pc to 22
TaintSumBranch - [BB]: Not a taint op <21 ARITHMETIC,CHECK-AND-CAST,dst=r1,type=android.content.Intent>
PluginManager - [MSG]: TaintSumBranch Tainted Res: {359874043116909=<8 INVOKE,VIRTUAL,extra=[android.telephony.TelephonyManager/getDeviceId[], [4]]>, [intent:, edu.mit.icc_intent_passed_through_api.InFlowActivity, {DroidBench=359874043116909}]=<8 INVOKE,VIRTUAL,extra=[android.telephony.TelephonyManager/getDeviceId[], [4]]>, [reg 1@OutFlowActivity/onCreate]=<8 INVOKE,VIRTUAL,extra=[android.telephony.TelephonyManager/getDeviceId[], [4]]>, [reg 3@OutFlowActivity/onCreate]=<8 INVOKE,VIRTUAL,extra=[android.telephony.TelephonyManager/getDeviceId[], [4]]>}
Executor - [MSG]: 

Executor - [MSG]: <22 INVOKE,VIRTUAL,extra=[android.content.ContextWrapper/startActivity[android.content.Intent], [6, 1]]> at edu.mit.icc_intent_passed_through_api.OutFlowActivity/onCreate[android.os.Bundle]
Executor - [MSG]: arg0 obj: Activity:instance number 1@edu.mit.icc_intent_passed_through_api.OutFlowActivity
Executor - [DEBUG]: Reflction class: class android.content.ContextWrapper
Executor - [BB]: Normal args? true
Executor - [BB]: arg1@reg1: [intent:, edu.mit.icc_intent_passed_through_api.InFlowActivity, {DroidBench=359874043116909}]
DalvikVM - [WARN]: ar 1 ([intent:, edu.mit.icc_intent_passed_through_api.InFlowActivity, {DroidBench=359874043116909}], java.lang.Object), ([intent:, edu.mit.icc_intent_passed_through_api.InFlowActivity, {DroidBench=359874043116909}], android.content.Intent)
Executor - [BB]: Nargs? true
Executor - [DEBUG]: Caller obj: Activity:instance number 1@edu.mit.icc_intent_passed_through_api.OutFlowActivity, from class: class android.app.Activity
Activity - [BB]: New instance of edu.mit.icc_intent_passed_through_api.InFlowActivity
Caller@4: <init>@fu.hao.trust.dvm.DVMObject - [BB]: getClass edu.mit.icc_intent_passed_through_api.InFlowActivity at fu.hao.trust.dvm.VMHeap@4e88151c
Caller: getClass@fu.hao.trust.dvm.VMHeap - [BB]: new class representation for edu.mit.icc_intent_passed_through_api.InFlowActivity at fu.hao.trust.dvm.VMHeap@4e88151c
Caller@4: <init>@fu.hao.trust.dvm.DVMClass - [BB]: getClass android.app.Activity at fu.hao.trust.dvm.VMHeap@4e88151c
Caller: <init>@fu.hao.trust.dvm.DVMClass - [BB]: Get DVMClass for type android.app.Activity
Caller@4: <init>@fu.hao.trust.dvm.DVMClass - [BB]: getClass android.app.Activity at fu.hao.trust.dvm.VMHeap@4e88151c
Caller: <init>@fu.hao.trust.dvm.DVMObject - [BB]: Get DVMClass for type edu.mit.icc_intent_passed_through_api.InFlowActivity
Caller@4: <init>@fu.hao.trust.dvm.DVMObject - [BB]: getClass edu.mit.icc_intent_passed_through_api.InFlowActivity at fu.hao.trust.dvm.VMHeap@4e88151c
Activity - [BB]: Not empty constructor
DalvikVM - [BB]: New method call: edu.mit.icc_intent_passed_through_api.InFlowActivity/<init>[]
DalvikVM - [BB]: [0]<0 SPECIAL,ARGUMENT_SET,extra=[0]>
DalvikVM - [BB]: [1]<0 INVOKE,DIRECT,extra=[java.lang.Object/<init>[], [0]]>
DalvikVM - [BB]: [2]<0 RETURN,VOID>
DalvikVM - [WARN]: ar -2, (Activity:instance number 1@edu.mit.icc_intent_passed_through_api.InFlowActivity, edu.mit.icc_intent_passed_through_api.InFlowActivity)
newStackFrame - [BB]: New Stack Frame: StackFrame edu.mit.icc_intent_passed_through_api.InFlowActivity/<init>[], pc 22 stored. 
newStackFrame - [BB]: Stack: [StackFrame edu.mit.icc_intent_passed_through_api.OutFlowActivity/onCreate[android.os.Bundle]]
DalvikVM - [MSG]: Begin run instrumented methods!
DalvikVM - [MSG]: <22 INVOKE,VIRTUAL,extra=[android.content.ContextWrapper/startActivity[android.content.Intent], [6, 1]]>
DalvikVM - [BB]: Add frames [StackFrame edu.mit.icc_intent_passed_through_api.InFlowActivity/<init>[]]
DalvikVM - [BB]: fu.hao.trust.dvm.DalvikVM -> runInstrumentedMethods set pc to 0
Executor - [MSG]: 

Executor - [MSG]: <0 SPECIAL,ARGUMENT_SET,extra=[0]> at edu.mit.icc_intent_passed_through_api.InFlowActivity/<init>[]
DalvikVM - [WARN]: ar 0, (Activity:instance number 1@edu.mit.icc_intent_passed_through_api.InFlowActivity, edu.mit.icc_intent_passed_through_api.InFlowActivity)
Executor - [DEBUG]: params: Activity:instance number 1@edu.mit.icc_intent_passed_through_api.InFlowActivity
DalvikVM - [BB]: fu.hao.trust.dvm.Executor$OP_SP_ARGUMENTS -> jump set pc to 1
TaintSumBranch - [BB]: Copy 359874043116909 as tainted.
TaintSumBranch - [BB]: Copy [intent:, edu.mit.icc_intent_passed_through_api.InFlowActivity, {DroidBench=359874043116909}] as tainted.
PluginManager - [MSG]: TaintSumBranch Tainted Res: {359874043116909=<8 INVOKE,VIRTUAL,extra=[android.telephony.TelephonyManager/getDeviceId[], [4]]>, [intent:, edu.mit.icc_intent_passed_through_api.InFlowActivity, {DroidBench=359874043116909}]=<8 INVOKE,VIRTUAL,extra=[android.telephony.TelephonyManager/getDeviceId[], [4]]>}
Executor - [MSG]: 

Executor - [MSG]: <1 INVOKE,DIRECT,extra=[java.lang.Object/<init>[], [0]]> at edu.mit.icc_intent_passed_through_api.InFlowActivity/<init>[]
Executor - [MSG]: arg0 obj: Activity:instance number 1@edu.mit.icc_intent_passed_through_api.InFlowActivity
Executor - [BB]: java.lang.Object/<init>[] is a constructor!
Executor - [WARN]: Reflection error: edu.mit.icc_intent_passed_through_api.InFlowActivity
DalvikVM - [BB]: fu.hao.trust.dvm.Executor -> jump set pc to 2
TaintSumBranch - [BB]: <java.lang.Object: void <init>()>
TaintSumBranch - [DEBUG]: Not a taint call: <java.lang.Object: void <init>()>
PluginManager - [MSG]: TaintSumBranch Tainted Res: {359874043116909=<8 INVOKE,VIRTUAL,extra=[android.telephony.TelephonyManager/getDeviceId[], [4]]>, [intent:, edu.mit.icc_intent_passed_through_api.InFlowActivity, {DroidBench=359874043116909}]=<8 INVOKE,VIRTUAL,extra=[android.telephony.TelephonyManager/getDeviceId[], [4]]>}
Executor - [MSG]: 

Executor - [MSG]: <2 RETURN,VOID> at edu.mit.icc_intent_passed_through_api.InFlowActivity/<init>[]
class fu.hao.trust.dvm.Executor$OP_RETURN_VOID - [DEBUG]: Return void
DalvikVM - [BB]: stack [StackFrame edu.mit.icc_intent_passed_through_api.OutFlowActivity/onCreate[android.os.Bundle]]
DalvikVM - [BB]: Back to the last stack frame.StackFrame edu.mit.icc_intent_passed_through_api.OutFlowActivity/onCreate[android.os.Bundle]
PluginManager - [MSG]: TaintSumBranch Tainted Res: {359874043116909=<8 INVOKE,VIRTUAL,extra=[android.telephony.TelephonyManager/getDeviceId[], [4]]>, [intent:, edu.mit.icc_intent_passed_through_api.InFlowActivity, {DroidBench=359874043116909}]=<8 INVOKE,VIRTUAL,extra=[android.telephony.TelephonyManager/getDeviceId[], [4]]>, [reg 1@OutFlowActivity/onCreate]=<8 INVOKE,VIRTUAL,extra=[android.telephony.TelephonyManager/getDeviceId[], [4]]>, [reg 3@OutFlowActivity/onCreate]=<8 INVOKE,VIRTUAL,extra=[android.telephony.TelephonyManager/getDeviceId[], [4]]>}
DalvikVM - [MSG]: Finish running instrumented methods! Back to StackFrame edu.mit.icc_intent_passed_through_api.OutFlowActivity/onCreate[android.os.Bundle]
Activity - [BB]: New Activity Created with type edu.mit.icc_intent_passed_through_api.InFlowActivity
DalvikVM - [BB]: New method call: edu.mit.icc_intent_passed_through_api.InFlowActivity/onCreate[android.os.Bundle]
DalvikVM - [BB]: [0]<0 SPECIAL,ARGUMENT_SET,extra=[7, 8]>
DalvikVM - [BB]: [1]<0 MOV,CONST,dst=r2,type=void,extra=class patdroid.core.PrimitiveInfo?0>
DalvikVM - [BB]: [2]<0 HALT,SUPER,extra=[null, [7, 8]]>
DalvikVM - [BB]: [3]<2 MOV,CONST,dst=r1,type=void,extra=class patdroid.core.PrimitiveInfo?2130903040>
DalvikVM - [BB]: [4]<0 INVOKE,VIRTUAL,extra=[android.app.Activity/setContentView[int], [7, 1]]>
DalvikVM - [BB]: [5]<0 INVOKE,VIRTUAL,extra=[android.app.Activity/getIntent[], [7]]>
DalvikVM - [BB]: [6]<0 MOV,RESULT,dst=r6,type=java.lang.Object>
DalvikVM - [BB]: [7]<6 MOV,CONST,dst=r1,type=java.lang.String,extra="DroidBench">
DalvikVM - [BB]: [8]<0 INVOKE,VIRTUAL,extra=[android.content.Intent/getStringExtra[java.lang.String], [6, 1]]>
DalvikVM - [BB]: [9]<0 MOV,RESULT,dst=r3,type=java.lang.Object>
DalvikVM - [BB]: [10]<9 MOV,CONST,dst=r1,type=java.lang.String,extra="DroidBench">
DalvikVM - [BB]: [11]<0 INVOKE,STATIC,extra=[android.util.Log/i[java.lang.String, java.lang.String], [1, 3]]>
DalvikVM - [BB]: [12]<0 INVOKE,STATIC,extra=[android.telephony.SmsManager/getDefault[], []]>
DalvikVM - [BB]: [13]<0 MOV,RESULT,dst=r0,type=java.lang.Object>
DalvikVM - [BB]: [14]<13 MOV,CONST,dst=r1,type=java.lang.String,extra="+49">
DalvikVM - [BB]: [15]<0 MOV,REG,dst=r4,r0=r2,type=java.lang.Object>
DalvikVM - [BB]: [16]<0 MOV,REG,dst=r5,r0=r2,type=java.lang.Object>
DalvikVM - [BB]: [17]<0 INVOKE,VIRTUAL,extra=[android.telephony.SmsManager/sendTextMessage[java.lang.String, java.lang.String, java.lang.String, android.app.PendingIntent, android.app.PendingIntent], [0, 1, 2, 3, 4, 5]]>
DalvikVM - [BB]: [18]<0 RETURN,VOID>
DalvikVM - [WARN]: ar -2, (Activity:instance number 1@edu.mit.icc_intent_passed_through_api.InFlowActivity, edu.mit.icc_intent_passed_through_api.InFlowActivity)
newStackFrame - [BB]: New Stack Frame: StackFrame edu.mit.icc_intent_passed_through_api.InFlowActivity/onCreate[android.os.Bundle], pc 22 stored. 
newStackFrame - [BB]: Stack: [StackFrame edu.mit.icc_intent_passed_through_api.OutFlowActivity/onCreate[android.os.Bundle]]
Activity - [BB]: Intent [intent:, edu.mit.icc_intent_passed_through_api.InFlowActivity, {DroidBench=359874043116909}]
DalvikVM - [MSG]: Begin run instrumented methods!
DalvikVM - [MSG]: <2 MOV,CONST,dst=r5,type=void,extra=class patdroid.core.PrimitiveInfo?2130903040>
DalvikVM - [BB]: Add frames [StackFrame edu.mit.icc_intent_passed_through_api.InFlowActivity/onCreate[android.os.Bundle]]
DalvikVM - [BB]: fu.hao.trust.dvm.DalvikVM -> runInstrumentedMethods set pc to 0
Executor - [MSG]: 

Executor - [MSG]: <0 SPECIAL,ARGUMENT_SET,extra=[7, 8]> at edu.mit.icc_intent_passed_through_api.InFlowActivity/onCreate[android.os.Bundle]
DalvikVM - [WARN]: ar 7, (Activity:instance number 1@edu.mit.icc_intent_passed_through_api.InFlowActivity, edu.mit.icc_intent_passed_through_api.InFlowActivity)
Executor - [DEBUG]: params: Activity:instance number 1@edu.mit.icc_intent_passed_through_api.InFlowActivity
Executor - [DEBUG]: params: Empty!
DalvikVM - [BB]: fu.hao.trust.dvm.Executor$OP_SP_ARGUMENTS -> jump set pc to 1
TaintSumBranch - [BB]: Copy 359874043116909 as tainted.
TaintSumBranch - [BB]: Copy [intent:, edu.mit.icc_intent_passed_through_api.InFlowActivity, {DroidBench=359874043116909}] as tainted.
PluginManager - [MSG]: TaintSumBranch Tainted Res: {359874043116909=<8 INVOKE,VIRTUAL,extra=[android.telephony.TelephonyManager/getDeviceId[], [4]]>, [intent:, edu.mit.icc_intent_passed_through_api.InFlowActivity, {DroidBench=359874043116909}]=<8 INVOKE,VIRTUAL,extra=[android.telephony.TelephonyManager/getDeviceId[], [4]]>}
Executor - [MSG]: 

Executor - [MSG]: <1 MOV,CONST,dst=r2,type=void,extra=class patdroid.core.PrimitiveInfo?0> at edu.mit.icc_intent_passed_through_api.InFlowActivity/onCreate[android.os.Bundle]
Executor - [DEBUG]: Mov const begin <1 MOV,CONST,dst=r2,type=void,extra=class patdroid.core.PrimitiveInfo?0>
DalvikVM - [WARN]: ar 2, (0, void)
Executor - [DEBUG]: data: 0 class patdroid.core.PrimitiveInfo
DalvikVM - [BB]: fu.hao.trust.dvm.Executor$OP_MOV_CONST -> jump set pc to 2
PluginManager - [MSG]: TaintSumBranch Tainted Res: {359874043116909=<8 INVOKE,VIRTUAL,extra=[android.telephony.TelephonyManager/getDeviceId[], [4]]>, [intent:, edu.mit.icc_intent_passed_through_api.InFlowActivity, {DroidBench=359874043116909}]=<8 INVOKE,VIRTUAL,extra=[android.telephony.TelephonyManager/getDeviceId[], [4]]>}
Executor - [MSG]: 

Executor - [MSG]: <2 HALT,SUPER,extra=[null, [7, 8]]> at edu.mit.icc_intent_passed_through_api.InFlowActivity/onCreate[android.os.Bundle]
DalvikVM - [BB]: fu.hao.trust.dvm.Executor$OP_HALT -> jump set pc to 3
Executor - [MSG]: Cannot resolve the invocation
TaintSumBranch - [BB]: Not a taint op <2 HALT,SUPER,extra=[null, [7, 8]]>
PluginManager - [MSG]: TaintSumBranch Tainted Res: {359874043116909=<8 INVOKE,VIRTUAL,extra=[android.telephony.TelephonyManager/getDeviceId[], [4]]>, [intent:, edu.mit.icc_intent_passed_through_api.InFlowActivity, {DroidBench=359874043116909}]=<8 INVOKE,VIRTUAL,extra=[android.telephony.TelephonyManager/getDeviceId[], [4]]>}
Executor - [MSG]: 

Executor - [MSG]: <3 MOV,CONST,dst=r1,type=void,extra=class patdroid.core.PrimitiveInfo?2130903040> at edu.mit.icc_intent_passed_through_api.InFlowActivity/onCreate[android.os.Bundle]
Executor - [DEBUG]: Mov const begin <3 MOV,CONST,dst=r1,type=void,extra=class patdroid.core.PrimitiveInfo?2130903040>
DalvikVM - [WARN]: ar 1, (2130903040, void)
Executor - [DEBUG]: data: 2130903040 class patdroid.core.PrimitiveInfo
DalvikVM - [BB]: fu.hao.trust.dvm.Executor$OP_MOV_CONST -> jump set pc to 4
PluginManager - [MSG]: TaintSumBranch Tainted Res: {359874043116909=<8 INVOKE,VIRTUAL,extra=[android.telephony.TelephonyManager/getDeviceId[], [4]]>, [intent:, edu.mit.icc_intent_passed_through_api.InFlowActivity, {DroidBench=359874043116909}]=<8 INVOKE,VIRTUAL,extra=[android.telephony.TelephonyManager/getDeviceId[], [4]]>}
Executor - [MSG]: 

Executor - [MSG]: <4 INVOKE,VIRTUAL,extra=[android.app.Activity/setContentView[int], [7, 1]]> at edu.mit.icc_intent_passed_through_api.InFlowActivity/onCreate[android.os.Bundle]
Executor - [MSG]: arg0 obj: Activity:instance number 1@edu.mit.icc_intent_passed_through_api.InFlowActivity
Executor - [DEBUG]: Reflction class: class android.app.Activity
Executor - [BB]: Normal args? true
Executor - [BB]: arg1@reg1: 2130903040
Executor - [DEBUG]: Expected para type: int
Executor - [DEBUG]: Real para int, value: 2130903040
Executor - [BB]: Nargs? true
Executor - [DEBUG]: Caller obj: Activity:instance number 1@edu.mit.icc_intent_passed_through_api.InFlowActivity, from class: class android.app.Activity
DalvikVM - [WARN]: ar -1, (null, void)
Executor - [MSG]: Reflction invocation public void android.app.Activity.setContentView(int)
DalvikVM - [BB]: Set reflective call: public void android.app.Activity.setContentView(int)
DalvikVM - [BB]: fu.hao.trust.dvm.Executor -> jump set pc to 5
TaintSumBranch - [BB]: <android.app.Activity: void setContentView(int)>
TaintSumBranch - [DEBUG]: Not a taint call: <android.app.Activity: void setContentView(int)>
PluginManager - [MSG]: TaintSumBranch Tainted Res: {359874043116909=<8 INVOKE,VIRTUAL,extra=[android.telephony.TelephonyManager/getDeviceId[], [4]]>, [intent:, edu.mit.icc_intent_passed_through_api.InFlowActivity, {DroidBench=359874043116909}]=<8 INVOKE,VIRTUAL,extra=[android.telephony.TelephonyManager/getDeviceId[], [4]]>}
Executor - [MSG]: 

Executor - [MSG]: <5 INVOKE,VIRTUAL,extra=[android.app.Activity/getIntent[], [7]]> at edu.mit.icc_intent_passed_through_api.InFlowActivity/onCreate[android.os.Bundle]
Executor - [MSG]: arg0 obj: Activity:instance number 1@edu.mit.icc_intent_passed_through_api.InFlowActivity
Executor - [DEBUG]: Reflction class: class android.app.Activity
DalvikVM - [WARN]: ar -1, ([intent:, edu.mit.icc_intent_passed_through_api.InFlowActivity, {DroidBench=359874043116909}], android.content.Intent)
Executor - [DEBUG]: Return data: [intent:, edu.mit.icc_intent_passed_through_api.InFlowActivity, {DroidBench=359874043116909}] ,class android.content.Intent
Executor - [MSG]: Reflction invocation public android.content.Intent android.app.Activity.getIntent()
DalvikVM - [BB]: Set reflective call: public android.content.Intent android.app.Activity.getIntent()
DalvikVM - [BB]: fu.hao.trust.dvm.Executor -> jump set pc to 6
TaintSumBranch - [BB]: <android.app.Activity: android.content.Intent getIntent()>
TaintSumBranch - [WARN]: Found a tainted return value!
PluginManager - [MSG]: TaintSumBranch Tainted Res: {[Global RetReg]=<5 INVOKE,VIRTUAL,extra=[android.app.Activity/getIntent[], [7]]>, 359874043116909=<8 INVOKE,VIRTUAL,extra=[android.telephony.TelephonyManager/getDeviceId[], [4]]>, [intent:, edu.mit.icc_intent_passed_through_api.InFlowActivity, {DroidBench=359874043116909}]=<5 INVOKE,VIRTUAL,extra=[android.app.Activity/getIntent[], [7]]>}
Executor - [MSG]: 

Executor - [MSG]: <6 MOV,RESULT,dst=r6,type=java.lang.Object> at edu.mit.icc_intent_passed_through_api.InFlowActivity/onCreate[android.os.Bundle]
DalvikVM - [WARN]: ar 6, ([intent:, edu.mit.icc_intent_passed_through_api.InFlowActivity, {DroidBench=359874043116909}], android.content.Intent)
OP_MOV_RESULT - [BB]: Result data: [intent:, edu.mit.icc_intent_passed_through_api.InFlowActivity, {DroidBench=359874043116909}]
OP_MOV_RESULT - [DEBUG]: Result data: [intent:, edu.mit.icc_intent_passed_through_api.InFlowActivity, {DroidBench=359874043116909}], type: android.content.Intent, to [reg 6@InFlowActivity/onCreate]
DalvikVM - [BB]: fu.hao.trust.dvm.Executor$OP_MOV_RESULT -> jump set pc to 7
TaintSumBranch - [BB]: <5 INVOKE,VIRTUAL,extra=[android.app.Activity/getIntent[], [7]]>
TaintSumBranch - [BB]: Add reg 6 due to ret reg.
PluginManager - [MSG]: TaintSumBranch Tainted Res: {359874043116909=<8 INVOKE,VIRTUAL,extra=[android.telephony.TelephonyManager/getDeviceId[], [4]]>, [reg 6@InFlowActivity/onCreate]=<5 INVOKE,VIRTUAL,extra=[android.app.Activity/getIntent[], [7]]>, [intent:, edu.mit.icc_intent_passed_through_api.InFlowActivity, {DroidBench=359874043116909}]=<5 INVOKE,VIRTUAL,extra=[android.app.Activity/getIntent[], [7]]>}
Executor - [MSG]: 

Executor - [MSG]: <7 MOV,CONST,dst=r1,type=java.lang.String,extra="DroidBench"> at edu.mit.icc_intent_passed_through_api.InFlowActivity/onCreate[android.os.Bundle]
Executor - [DEBUG]: Mov const begin <7 MOV,CONST,dst=r1,type=java.lang.String,extra="DroidBench">
DalvikVM - [WARN]: ar 1 (2130903040, void), (DroidBench, java.lang.String)
Executor - [DEBUG]: data: DroidBench class java.lang.String
DalvikVM - [BB]: fu.hao.trust.dvm.Executor$OP_MOV_CONST -> jump set pc to 8
PluginManager - [MSG]: TaintSumBranch Tainted Res: {359874043116909=<8 INVOKE,VIRTUAL,extra=[android.telephony.TelephonyManager/getDeviceId[], [4]]>, [intent:, edu.mit.icc_intent_passed_through_api.InFlowActivity, {DroidBench=359874043116909}]=<5 INVOKE,VIRTUAL,extra=[android.app.Activity/getIntent[], [7]]>, [reg 6@InFlowActivity/onCreate]=<5 INVOKE,VIRTUAL,extra=[android.app.Activity/getIntent[], [7]]>}
Executor - [MSG]: 

Executor - [MSG]: <8 INVOKE,VIRTUAL,extra=[android.content.Intent/getStringExtra[java.lang.String], [6, 1]]> at edu.mit.icc_intent_passed_through_api.InFlowActivity/onCreate[android.os.Bundle]
Executor - [MSG]: arg0 obj: [intent:, edu.mit.icc_intent_passed_through_api.InFlowActivity, {DroidBench=359874043116909}]
Executor - [DEBUG]: Reflction class: class android.content.Intent
Executor - [BB]: Normal args? true
Executor - [BB]: arg1@reg1: DroidBench
Executor - [BB]: Nargs? true
Executor - [DEBUG]: Caller obj: [intent:, edu.mit.icc_intent_passed_through_api.InFlowActivity, {DroidBench=359874043116909}], from class: class android.content.Intent
DalvikVM - [WARN]: ar -1, (359874043116909, java.lang.String)
Executor - [DEBUG]: Return data: 359874043116909 ,class java.lang.String
Executor - [MSG]: Reflction invocation public java.lang.String android.content.Intent.getStringExtra(java.lang.String)
DalvikVM - [BB]: Set reflective call: public java.lang.String android.content.Intent.getStringExtra(java.lang.String)
DalvikVM - [BB]: fu.hao.trust.dvm.Executor -> jump set pc to 9
TaintSumBranch - [BB]: <android.content.Intent: java.lang.String getStringExtra(java.lang.String)>
TaintSumBranch - [WARN]: Found a tainted return val!
TaintSumBranch - [DEBUG]: Not a taint call: <android.content.Intent: java.lang.String getStringExtra(java.lang.String)>
TaintSumBranch - [WARN]: Found a tainted return val!
PluginManager - [MSG]: TaintSumBranch Tainted Res: {[Global RetReg]=<5 INVOKE,VIRTUAL,extra=[android.app.Activity/getIntent[], [7]]>, 359874043116909=<5 INVOKE,VIRTUAL,extra=[android.app.Activity/getIntent[], [7]]>, [intent:, edu.mit.icc_intent_passed_through_api.InFlowActivity, {DroidBench=359874043116909}]=<5 INVOKE,VIRTUAL,extra=[android.app.Activity/getIntent[], [7]]>, [reg 6@InFlowActivity/onCreate]=<5 INVOKE,VIRTUAL,extra=[android.app.Activity/getIntent[], [7]]>}
Executor - [MSG]: 

Executor - [MSG]: <9 MOV,RESULT,dst=r3,type=java.lang.Object> at edu.mit.icc_intent_passed_through_api.InFlowActivity/onCreate[android.os.Bundle]
DalvikVM - [WARN]: ar 3, (359874043116909, java.lang.String)
OP_MOV_RESULT - [BB]: Result data: 359874043116909
OP_MOV_RESULT - [DEBUG]: Result data: 359874043116909, type: java.lang.String, to [reg 3@InFlowActivity/onCreate]
DalvikVM - [BB]: fu.hao.trust.dvm.Executor$OP_MOV_RESULT -> jump set pc to 10
TaintSumBranch - [BB]: <5 INVOKE,VIRTUAL,extra=[android.app.Activity/getIntent[], [7]]>
TaintSumBranch - [BB]: Add reg 3 due to ret reg.
PluginManager - [MSG]: TaintSumBranch Tainted Res: {359874043116909=<5 INVOKE,VIRTUAL,extra=[android.app.Activity/getIntent[], [7]]>, [reg 6@InFlowActivity/onCreate]=<5 INVOKE,VIRTUAL,extra=[android.app.Activity/getIntent[], [7]]>, [intent:, edu.mit.icc_intent_passed_through_api.InFlowActivity, {DroidBench=359874043116909}]=<5 INVOKE,VIRTUAL,extra=[android.app.Activity/getIntent[], [7]]>, [reg 3@InFlowActivity/onCreate]=<5 INVOKE,VIRTUAL,extra=[android.app.Activity/getIntent[], [7]]>}
Executor - [MSG]: 

Executor - [MSG]: <10 MOV,CONST,dst=r1,type=java.lang.String,extra="DroidBench"> at edu.mit.icc_intent_passed_through_api.InFlowActivity/onCreate[android.os.Bundle]
Executor - [DEBUG]: Mov const begin <10 MOV,CONST,dst=r1,type=java.lang.String,extra="DroidBench">
DalvikVM - [WARN]: ar 1 (DroidBench, java.lang.String), (DroidBench, java.lang.String)
Executor - [DEBUG]: data: DroidBench class java.lang.String
DalvikVM - [BB]: fu.hao.trust.dvm.Executor$OP_MOV_CONST -> jump set pc to 11
PluginManager - [MSG]: TaintSumBranch Tainted Res: {359874043116909=<5 INVOKE,VIRTUAL,extra=[android.app.Activity/getIntent[], [7]]>, [intent:, edu.mit.icc_intent_passed_through_api.InFlowActivity, {DroidBench=359874043116909}]=<5 INVOKE,VIRTUAL,extra=[android.app.Activity/getIntent[], [7]]>, [reg 6@InFlowActivity/onCreate]=<5 INVOKE,VIRTUAL,extra=[android.app.Activity/getIntent[], [7]]>, [reg 3@InFlowActivity/onCreate]=<5 INVOKE,VIRTUAL,extra=[android.app.Activity/getIntent[], [7]]>}
Executor - [MSG]: 

Executor - [MSG]: <11 INVOKE,STATIC,extra=[android.util.Log/i[java.lang.String, java.lang.String], [1, 3]]> at edu.mit.icc_intent_passed_through_api.InFlowActivity/onCreate[android.os.Bundle]
Executor - [DEBUG]: Reflction class android.util.Log
Executor - [BB]: arg0@reg1: DroidBench
Executor - [BB]: arg1@reg3: 359874043116909
Executor - [BB]: param: DroidBench
Executor - [BB]: param: 359874043116909
DalvikVM - [WARN]: ar -1, (1, int)
Executor - [MSG]: reflction invocation public static int android.util.Log.i(java.lang.String,java.lang.String)
DalvikVM - [BB]: Set reflective call: public static int android.util.Log.i(java.lang.String,java.lang.String)
DalvikVM - [BB]: fu.hao.trust.dvm.Executor$OP_INVOKE_STATIC -> jump set pc to 12
TaintSumBranch - [BB]: <android.util.Log: int i(java.lang.String,java.lang.String)>
TaintSumBranch - [WARN]: Found a tainted return val!
Results - [MSG]: New recorded tainted field: i
TaintSumBranch - [DEBUG]: Not a taint call: <android.util.Log: int i(java.lang.String,java.lang.String)>
TaintSumBranch - [WARN]: Found a tainted return val!
PluginManager - [MSG]: TaintSumBranch Tainted Res: {[Global RetReg]=<5 INVOKE,VIRTUAL,extra=[android.app.Activity/getIntent[], [7]]>, 359874043116909=<5 INVOKE,VIRTUAL,extra=[android.app.Activity/getIntent[], [7]]>, [intent:, edu.mit.icc_intent_passed_through_api.InFlowActivity, {DroidBench=359874043116909}]=<5 INVOKE,VIRTUAL,extra=[android.app.Activity/getIntent[], [7]]>, [reg 6@InFlowActivity/onCreate]=<5 INVOKE,VIRTUAL,extra=[android.app.Activity/getIntent[], [7]]>, [reg 3@InFlowActivity/onCreate]=<5 INVOKE,VIRTUAL,extra=[android.app.Activity/getIntent[], [7]]>}
Executor - [MSG]: 

Executor - [MSG]: <12 INVOKE,STATIC,extra=[android.telephony.SmsManager/getDefault[], []]> at edu.mit.icc_intent_passed_through_api.InFlowActivity/onCreate[android.os.Bundle]
Executor - [DEBUG]: Reflction class android.telephony.SmsManager
DalvikVM - [WARN]: ar -1, (android.telephony.SmsManager@5bf7253e, android.telephony.SmsManager)
Executor - [MSG]: reflction invocation public static android.telephony.SmsManager android.telephony.SmsManager.getDefault()
DalvikVM - [BB]: Set reflective call: public static android.telephony.SmsManager android.telephony.SmsManager.getDefault()
DalvikVM - [BB]: fu.hao.trust.dvm.Executor$OP_INVOKE_STATIC -> jump set pc to 13
TaintSumBranch - [BB]: <android.telephony.SmsManager: android.telephony.SmsManager getDefault()>
TaintSumBranch - [DEBUG]: Not a taint call: <android.telephony.SmsManager: android.telephony.SmsManager getDefault()>
PluginManager - [MSG]: TaintSumBranch Tainted Res: {359874043116909=<5 INVOKE,VIRTUAL,extra=[android.app.Activity/getIntent[], [7]]>, [intent:, edu.mit.icc_intent_passed_through_api.InFlowActivity, {DroidBench=359874043116909}]=<5 INVOKE,VIRTUAL,extra=[android.app.Activity/getIntent[], [7]]>, [reg 6@InFlowActivity/onCreate]=<5 INVOKE,VIRTUAL,extra=[android.app.Activity/getIntent[], [7]]>, [reg 3@InFlowActivity/onCreate]=<5 INVOKE,VIRTUAL,extra=[android.app.Activity/getIntent[], [7]]>}
Executor - [MSG]: 

Executor - [MSG]: <13 MOV,RESULT,dst=r0,type=java.lang.Object> at edu.mit.icc_intent_passed_through_api.InFlowActivity/onCreate[android.os.Bundle]
DalvikVM - [WARN]: ar 0, (android.telephony.SmsManager@5bf7253e, android.telephony.SmsManager)
OP_MOV_RESULT - [BB]: Result data: android.telephony.SmsManager@5bf7253e
OP_MOV_RESULT - [DEBUG]: Result data: android.telephony.SmsManager@5bf7253e, type: android.telephony.SmsManager, to [reg 0@InFlowActivity/onCreate]
DalvikVM - [BB]: fu.hao.trust.dvm.Executor$OP_MOV_RESULT -> jump set pc to 14
PluginManager - [MSG]: TaintSumBranch Tainted Res: {359874043116909=<5 INVOKE,VIRTUAL,extra=[android.app.Activity/getIntent[], [7]]>, [reg 6@InFlowActivity/onCreate]=<5 INVOKE,VIRTUAL,extra=[android.app.Activity/getIntent[], [7]]>, [intent:, edu.mit.icc_intent_passed_through_api.InFlowActivity, {DroidBench=359874043116909}]=<5 INVOKE,VIRTUAL,extra=[android.app.Activity/getIntent[], [7]]>, [reg 3@InFlowActivity/onCreate]=<5 INVOKE,VIRTUAL,extra=[android.app.Activity/getIntent[], [7]]>}
Executor - [MSG]: 

Executor - [MSG]: <14 MOV,CONST,dst=r1,type=java.lang.String,extra="+49"> at edu.mit.icc_intent_passed_through_api.InFlowActivity/onCreate[android.os.Bundle]
Executor - [DEBUG]: Mov const begin <14 MOV,CONST,dst=r1,type=java.lang.String,extra="+49">
DalvikVM - [WARN]: ar 1 (DroidBench, java.lang.String), (+49, java.lang.String)
Executor - [DEBUG]: data: +49 class java.lang.String
DalvikVM - [BB]: fu.hao.trust.dvm.Executor$OP_MOV_CONST -> jump set pc to 15
PluginManager - [MSG]: TaintSumBranch Tainted Res: {359874043116909=<5 INVOKE,VIRTUAL,extra=[android.app.Activity/getIntent[], [7]]>, [intent:, edu.mit.icc_intent_passed_through_api.InFlowActivity, {DroidBench=359874043116909}]=<5 INVOKE,VIRTUAL,extra=[android.app.Activity/getIntent[], [7]]>, [reg 6@InFlowActivity/onCreate]=<5 INVOKE,VIRTUAL,extra=[android.app.Activity/getIntent[], [7]]>, [reg 3@InFlowActivity/onCreate]=<5 INVOKE,VIRTUAL,extra=[android.app.Activity/getIntent[], [7]]>}
Executor - [MSG]: 

Executor - [MSG]: <15 MOV,REG,dst=r4,r0=r2,type=java.lang.Object> at edu.mit.icc_intent_passed_through_api.InFlowActivity/onCreate[android.os.Bundle]
DalvikVM - [WARN]: ar 4, (0, void)
class fu.hao.trust.dvm.Executor$OP_MOVE_REG - [DEBUG]: mov 0 to 0
DalvikVM - [BB]: fu.hao.trust.dvm.Executor$OP_MOVE_REG -> jump set pc to 16
PluginManager - [MSG]: TaintSumBranch Tainted Res: {359874043116909=<5 INVOKE,VIRTUAL,extra=[android.app.Activity/getIntent[], [7]]>, [reg 6@InFlowActivity/onCreate]=<5 INVOKE,VIRTUAL,extra=[android.app.Activity/getIntent[], [7]]>, [intent:, edu.mit.icc_intent_passed_through_api.InFlowActivity, {DroidBench=359874043116909}]=<5 INVOKE,VIRTUAL,extra=[android.app.Activity/getIntent[], [7]]>, [reg 3@InFlowActivity/onCreate]=<5 INVOKE,VIRTUAL,extra=[android.app.Activity/getIntent[], [7]]>}
Executor - [MSG]: 

Executor - [MSG]: <16 MOV,REG,dst=r5,r0=r2,type=java.lang.Object> at edu.mit.icc_intent_passed_through_api.InFlowActivity/onCreate[android.os.Bundle]
DalvikVM - [WARN]: ar 5, (0, void)
class fu.hao.trust.dvm.Executor$OP_MOVE_REG - [DEBUG]: mov 0 to 0
DalvikVM - [BB]: fu.hao.trust.dvm.Executor$OP_MOVE_REG -> jump set pc to 17
PluginManager - [MSG]: TaintSumBranch Tainted Res: {359874043116909=<5 INVOKE,VIRTUAL,extra=[android.app.Activity/getIntent[], [7]]>, [intent:, edu.mit.icc_intent_passed_through_api.InFlowActivity, {DroidBench=359874043116909}]=<5 INVOKE,VIRTUAL,extra=[android.app.Activity/getIntent[], [7]]>, [reg 6@InFlowActivity/onCreate]=<5 INVOKE,VIRTUAL,extra=[android.app.Activity/getIntent[], [7]]>, [reg 3@InFlowActivity/onCreate]=<5 INVOKE,VIRTUAL,extra=[android.app.Activity/getIntent[], [7]]>}
Executor - [MSG]: 

Executor - [MSG]: <17 INVOKE,VIRTUAL,extra=[android.telephony.SmsManager/sendTextMessage[java.lang.String, java.lang.String, java.lang.String, android.app.PendingIntent, android.app.PendingIntent], [0, 1, 2, 3, 4, 5]]> at edu.mit.icc_intent_passed_through_api.InFlowActivity/onCreate[android.os.Bundle]
Executor - [MSG]: arg0 obj: android.telephony.SmsManager@5bf7253e
Executor - [DEBUG]: Reflction class: class android.telephony.SmsManager
Executor - [BB]: Normal args? true
Executor - [BB]: arg1@reg1: +49
Executor - [BB]: arg2@reg2: 0
Executor - [WARN]: Mismatch type! arg 2, real para type: class patdroid.core.PrimitiveInfo, expected para type: class java.lang.String
Executor - [BB]: arg3@reg3: 359874043116909
Executor - [BB]: arg4@reg4: 0
Executor - [WARN]: Mismatch type! arg 4, real para type: class patdroid.core.PrimitiveInfo, expected para type: class android.app.PendingIntent
Executor - [BB]: arg5@reg5: 0
Executor - [WARN]: Mismatch type! arg 5, real para type: class patdroid.core.PrimitiveInfo, expected para type: class android.app.PendingIntent
Executor - [BB]: Nargs? true
Executor - [DEBUG]: Caller obj: android.telephony.SmsManager@5bf7253e, from class: class android.telephony.SmsManager
DalvikVM - [WARN]: ar -1, (null, void)
Executor - [MSG]: Reflction invocation public void android.telephony.SmsManager.sendTextMessage(java.lang.String,java.lang.String,java.lang.String,android.app.PendingIntent,android.app.PendingIntent)
DalvikVM - [BB]: Set reflective call: public void android.telephony.SmsManager.sendTextMessage(java.lang.String,java.lang.String,java.lang.String,android.app.PendingIntent,android.app.PendingIntent)
DalvikVM - [BB]: fu.hao.trust.dvm.Executor -> jump set pc to 18
TaintSumBranch - [BB]: <android.telephony.SmsManager: void sendTextMessage(java.lang.String,java.lang.String,java.lang.String,android.app.PendingIntent,android.app.PendingIntent)>
TaintSumBranch - [WARN]: Found a tainted return val!
Results - [MSG]: New recorded tainted field: sendTextMessage
TaintSumBranch - [BB]: Found a sink invocation. <android.telephony.SmsManager: void sendTextMessage(java.lang.String,java.lang.String,java.lang.String,android.app.PendingIntent,android.app.PendingIntent)>
TaintSumBranch - [WARN]: Found a tainted sink <android.telephony.SmsManager: void sendTextMessage(java.lang.String,java.lang.String,java.lang.String,android.app.PendingIntent,android.app.PendingIntent)> leaking data [359874043116909] at reg 3!!!
PluginManager - [MSG]: TaintSumBranch Tainted Res: {[Global RetReg]=<5 INVOKE,VIRTUAL,extra=[android.app.Activity/getIntent[], [7]]>, 359874043116909=<5 INVOKE,VIRTUAL,extra=[android.app.Activity/getIntent[], [7]]>, [intent:, edu.mit.icc_intent_passed_through_api.InFlowActivity, {DroidBench=359874043116909}]=<5 INVOKE,VIRTUAL,extra=[android.app.Activity/getIntent[], [7]]>, [reg 6@InFlowActivity/onCreate]=<5 INVOKE,VIRTUAL,extra=[android.app.Activity/getIntent[], [7]]>, [reg 3@InFlowActivity/onCreate]=<5 INVOKE,VIRTUAL,extra=[android.app.Activity/getIntent[], [7]]>}
Executor - [MSG]: 

Executor - [MSG]: <18 RETURN,VOID> at edu.mit.icc_intent_passed_through_api.InFlowActivity/onCreate[android.os.Bundle]
class fu.hao.trust.dvm.Executor$OP_RETURN_VOID - [DEBUG]: Return void
DalvikVM - [BB]: stack [StackFrame edu.mit.icc_intent_passed_through_api.OutFlowActivity/onCreate[android.os.Bundle]]
DalvikVM - [BB]: Back to the last stack frame.StackFrame edu.mit.icc_intent_passed_through_api.OutFlowActivity/onCreate[android.os.Bundle]
PluginManager - [MSG]: TaintSumBranch Tainted Res: {[Global RetReg]=<5 INVOKE,VIRTUAL,extra=[android.app.Activity/getIntent[], [7]]>, 359874043116909=<5 INVOKE,VIRTUAL,extra=[android.app.Activity/getIntent[], [7]]>, [intent:, edu.mit.icc_intent_passed_through_api.InFlowActivity, {DroidBench=359874043116909}]=<5 INVOKE,VIRTUAL,extra=[android.app.Activity/getIntent[], [7]]>, [reg 1@OutFlowActivity/onCreate]=<8 INVOKE,VIRTUAL,extra=[android.telephony.TelephonyManager/getDeviceId[], [4]]>, [reg 3@OutFlowActivity/onCreate]=<8 INVOKE,VIRTUAL,extra=[android.telephony.TelephonyManager/getDeviceId[], [4]]>}
DalvikVM - [MSG]: Finish running instrumented methods! Back to StackFrame edu.mit.icc_intent_passed_through_api.OutFlowActivity/onCreate[android.os.Bundle]
DalvikVM - [WARN]: ar -1 (null, void), (null, void)
Executor - [MSG]: Reflction invocation public void android.content.ContextWrapper.startActivity(android.content.Intent)
DalvikVM - [BB]: Set reflective call: public void android.content.ContextWrapper.startActivity(android.content.Intent)
DalvikVM - [BB]: fu.hao.trust.dvm.Executor -> jump set pc to 23
TaintSumBranch - [BB]: <android.content.ContextWrapper: void startActivity(android.content.Intent)>
TaintSumBranch - [WARN]: Found a tainted return val!
TaintSumBranch - [DEBUG]: Not a taint call: <android.content.ContextWrapper: void startActivity(android.content.Intent)>
TaintSumBranch - [WARN]: Found a tainted return val!
PluginManager - [MSG]: TaintSumBranch Tainted Res: {359874043116909=<5 INVOKE,VIRTUAL,extra=[android.app.Activity/getIntent[], [7]]>, [Global RetReg]=<8 INVOKE,VIRTUAL,extra=[android.telephony.TelephonyManager/getDeviceId[], [4]]>, [intent:, edu.mit.icc_intent_passed_through_api.InFlowActivity, {DroidBench=359874043116909}]=<5 INVOKE,VIRTUAL,extra=[android.app.Activity/getIntent[], [7]]>, [reg 1@OutFlowActivity/onCreate]=<8 INVOKE,VIRTUAL,extra=[android.telephony.TelephonyManager/getDeviceId[], [4]]>, [reg 3@OutFlowActivity/onCreate]=<8 INVOKE,VIRTUAL,extra=[android.telephony.TelephonyManager/getDeviceId[], [4]]>}
Executor - [MSG]: 

Executor - [MSG]: <23 RETURN,VOID> at edu.mit.icc_intent_passed_through_api.OutFlowActivity/onCreate[android.os.Bundle]
class fu.hao.trust.dvm.Executor$OP_RETURN_VOID - [DEBUG]: Return void
DalvikVM - [BB]: stack []
DalvikVM - [BB]: Back to the last stack frame.null
Executor - [MSG]: RUN DONE! The last one is onCreate
DalvikVM - [MSG]: FINISHED!

main - [MSG]: Analysis has run for 4.255766012 seconds

