main - [MSG]: Src Chain: [(de.ecspride.MainActivity$1, onLocationChanged)]
main - [DEBUG]: Src Entry event: (de.ecspride.MainActivity, onCreate)
DalvikVM - [MSG]: Begin run onCreate at C:\Users\hao\workspace\DroidBenchProj\Ordering1\app\Ordering1.apk
DalvikVM - [MSG]: RUN Method de.ecspride.MainActivity/onCreate[android.os.Bundle]
Executor - [DEBUG]: Read manifest csv: output/Ordering1.apk\Ordering1.apk_manifest.csv
Executor - [WARN]: output\Ordering1.apk\Ordering1.apk_manifest.csv (The system cannot find the file specified)
DalvikVM - [BB]: New method call: de.ecspride.MainActivity/onCreate[android.os.Bundle]
DalvikVM - [BB]: [0]<0 SPECIAL,ARGUMENT_SET,extra=[6, 7]>
DalvikVM - [BB]: [1]<0 MOV,CONST,dst=r2,type=void,extra=class patdroid.core.PrimitiveInfo?0>
DalvikVM - [BB]: [2]<0 HALT,SUPER,extra=[null, [6, 7]]>
DalvikVM - [BB]: [3]<2 MOV,CONST,dst=r1,type=void,extra=class patdroid.core.PrimitiveInfo?2130903040>
DalvikVM - [BB]: [4]<0 INVOKE,VIRTUAL,extra=[android.app.Activity/setContentView[int], [6, 1]]>
DalvikVM - [BB]: [5]<4 MOV,CONST,dst=r1,type=java.lang.String,extra="Latitude">
DalvikVM - [BB]: [6]<0 NEW,INSTANCE,dst=r3,type=java.lang.StringBuilder>
DalvikVM - [BB]: [7]<0 INVOKE,DIRECT,extra=[java.lang.StringBuilder/<init>[], [3]]>
DalvikVM - [BB]: [8]<7 MOV,CONST,dst=r4,type=java.lang.String,extra="Latitude: ">
DalvikVM - [BB]: [9]<0 INVOKE,VIRTUAL,extra=[java.lang.StringBuilder/append[java.lang.String], [3, 4]]>
DalvikVM - [BB]: [10]<0 MOV,RESULT,dst=r3,type=java.lang.Object>
DalvikVM - [BB]: [11]<0 INSTANCE,IGET,r0=r6,r1=r4,type=java.lang.Object,extra=de.ecspride.MainActivity.latitude>
DalvikVM - [BB]: [12]<0 INVOKE,VIRTUAL,extra=[java.lang.StringBuilder/append[java.lang.String], [3, 4]]>
DalvikVM - [BB]: [13]<0 MOV,RESULT,dst=r3,type=java.lang.Object>
DalvikVM - [BB]: [14]<0 INVOKE,VIRTUAL,extra=[java.lang.StringBuilder/toString[], [3]]>
DalvikVM - [BB]: [15]<0 MOV,RESULT,dst=r3,type=java.lang.Object>
DalvikVM - [BB]: [16]<0 INVOKE,STATIC,extra=[android.util.Log/d[java.lang.String, java.lang.String], [1, 3]]>
DalvikVM - [BB]: [17]<16 MOV,CONST,dst=r1,type=java.lang.String,extra="Longtitude">
DalvikVM - [BB]: [18]<0 NEW,INSTANCE,dst=r3,type=java.lang.StringBuilder>
DalvikVM - [BB]: [19]<0 INVOKE,DIRECT,extra=[java.lang.StringBuilder/<init>[], [3]]>
DalvikVM - [BB]: [20]<19 MOV,CONST,dst=r4,type=java.lang.String,extra="Longtitude: ">
DalvikVM - [BB]: [21]<0 INVOKE,VIRTUAL,extra=[java.lang.StringBuilder/append[java.lang.String], [3, 4]]>
DalvikVM - [BB]: [22]<0 MOV,RESULT,dst=r3,type=java.lang.Object>
DalvikVM - [BB]: [23]<0 INSTANCE,IGET,r0=r6,r1=r4,type=java.lang.Object,extra=de.ecspride.MainActivity.longtitude>
DalvikVM - [BB]: [24]<0 INVOKE,VIRTUAL,extra=[java.lang.StringBuilder/append[java.lang.String], [3, 4]]>
DalvikVM - [BB]: [25]<0 MOV,RESULT,dst=r3,type=java.lang.Object>
DalvikVM - [BB]: [26]<0 INVOKE,VIRTUAL,extra=[java.lang.StringBuilder/toString[], [3]]>
DalvikVM - [BB]: [27]<0 MOV,RESULT,dst=r3,type=java.lang.Object>
DalvikVM - [BB]: [28]<0 INVOKE,STATIC,extra=[android.util.Log/d[java.lang.String, java.lang.String], [1, 3]]>
DalvikVM - [BB]: [29]<0 INVOKE,STATIC,extra=[android.telephony.SmsManager/getDefault[], []]>
DalvikVM - [BB]: [30]<0 MOV,RESULT,dst=r0,type=java.lang.Object>
DalvikVM - [BB]: [31]<30 MOV,CONST,dst=r1,type=java.lang.String,extra="+49">
DalvikVM - [BB]: [32]<0 NEW,INSTANCE,dst=r3,type=java.lang.StringBuilder>
DalvikVM - [BB]: [33]<0 INVOKE,DIRECT,extra=[java.lang.StringBuilder/<init>[], [3]]>
DalvikVM - [BB]: [34]<33 MOV,CONST,dst=r4,type=java.lang.String,extra="Latitude: ">
DalvikVM - [BB]: [35]<0 INVOKE,VIRTUAL,extra=[java.lang.StringBuilder/append[java.lang.String], [3, 4]]>
DalvikVM - [BB]: [36]<0 MOV,RESULT,dst=r3,type=java.lang.Object>
DalvikVM - [BB]: [37]<0 INSTANCE,IGET,r0=r6,r1=r4,type=java.lang.Object,extra=de.ecspride.MainActivity.latitude>
DalvikVM - [BB]: [38]<0 INVOKE,VIRTUAL,extra=[java.lang.StringBuilder/append[java.lang.String], [3, 4]]>
DalvikVM - [BB]: [39]<0 MOV,RESULT,dst=r3,type=java.lang.Object>
DalvikVM - [BB]: [40]<0 INVOKE,VIRTUAL,extra=[java.lang.StringBuilder/toString[], [3]]>
DalvikVM - [BB]: [41]<0 MOV,RESULT,dst=r3,type=java.lang.Object>
DalvikVM - [BB]: [42]<0 MOV,REG,dst=r4,r0=r2,type=java.lang.Object>
DalvikVM - [BB]: [43]<0 MOV,REG,dst=r5,r0=r2,type=java.lang.Object>
DalvikVM - [BB]: [44]<0 INVOKE,VIRTUAL,extra=[android.telephony.SmsManager/sendTextMessage[java.lang.String, java.lang.String, java.lang.String, android.app.PendingIntent, android.app.PendingIntent], [0, 1, 2, 3, 4, 5]]>
DalvikVM - [BB]: [45]<0 RETURN,VOID>
newStackFrame - [BB]: New Stack Frame: StackFrame de.ecspride.MainActivity/onCreate[android.os.Bundle]
newStackFrame - [BB]: Add frame StackFrame de.ecspride.MainActivity/onCreate[android.os.Bundle]
newStackFrame - [BB]: Stack: [StackFrame de.ecspride.MainActivity/onCreate[android.os.Bundle]]
Executor - [MSG]: New chain obj with type de.ecspride.MainActivity
Activity - [BB]: New instance of de.ecspride.MainActivity
Caller@4: <init>@fu.hao.trust.dvm.DVMObject - [BB]: getClass de.ecspride.MainActivity at fu.hao.trust.dvm.VMHeap@73d4461b
Caller: getClass@fu.hao.trust.dvm.VMHeap - [BB]: new class representation for de.ecspride.MainActivity at fu.hao.trust.dvm.VMHeap@73d4461b
Caller@4: <init>@fu.hao.trust.dvm.DVMClass - [BB]: getClass android.app.Activity at fu.hao.trust.dvm.VMHeap@73d4461b
Caller: getClass@fu.hao.trust.dvm.VMHeap - [BB]: new class representation for android.app.Activity at fu.hao.trust.dvm.VMHeap@73d4461b
Caller@4: <init>@fu.hao.trust.dvm.DVMClass - [BB]: getClass android.content.ContextWrapper at fu.hao.trust.dvm.VMHeap@73d4461b
Caller: getClass@fu.hao.trust.dvm.VMHeap - [BB]: new class representation for android.content.ContextWrapper at fu.hao.trust.dvm.VMHeap@73d4461b
Caller@4: <init>@fu.hao.trust.dvm.DVMClass - [BB]: getClass android.content.Context at fu.hao.trust.dvm.VMHeap@73d4461b
Caller: getClass@fu.hao.trust.dvm.VMHeap - [BB]: new class representation for android.content.Context at fu.hao.trust.dvm.VMHeap@73d4461b
Caller@4: <init>@fu.hao.trust.dvm.DVMClass - [BB]: getClass fu.hao.trust.dvm.DVMObject at fu.hao.trust.dvm.VMHeap@73d4461b
Caller: getClass@fu.hao.trust.dvm.VMHeap - [BB]: new class representation for fu.hao.trust.dvm.DVMObject at fu.hao.trust.dvm.VMHeap@73d4461b
Caller: <init>@fu.hao.trust.dvm.DVMClass - [BB]: Get DVMClass for type fu.hao.trust.dvm.DVMObject
Caller@4: <init>@fu.hao.trust.dvm.DVMClass - [BB]: getClass fu.hao.trust.dvm.DVMObject at fu.hao.trust.dvm.VMHeap@73d4461b
Caller: <init>@fu.hao.trust.dvm.DVMClass - [BB]: Get DVMClass for type android.content.Context
Caller@4: <init>@fu.hao.trust.dvm.DVMClass - [BB]: getClass android.content.Context at fu.hao.trust.dvm.VMHeap@73d4461b
Caller: <init>@fu.hao.trust.dvm.DVMClass - [BB]: Get DVMClass for type android.content.ContextWrapper
Caller@4: <init>@fu.hao.trust.dvm.DVMClass - [BB]: getClass android.content.ContextWrapper at fu.hao.trust.dvm.VMHeap@73d4461b
Caller: <init>@fu.hao.trust.dvm.DVMClass - [BB]: Get DVMClass for type android.app.Activity
Caller@4: <init>@fu.hao.trust.dvm.DVMClass - [BB]: getClass android.app.Activity at fu.hao.trust.dvm.VMHeap@73d4461b
Caller: <init>@fu.hao.trust.dvm.DVMObject - [BB]: Get DVMClass for type de.ecspride.MainActivity
Caller@4: <init>@fu.hao.trust.dvm.DVMObject - [BB]: getClass de.ecspride.MainActivity at fu.hao.trust.dvm.VMHeap@73d4461b
Activity - [BB]: Not empty constructor
DalvikVM - [BB]: New method call: de.ecspride.MainActivity/<init>[]
DalvikVM - [BB]: [0]<0 SPECIAL,ARGUMENT_SET,extra=[0]>
DalvikVM - [BB]: [1]<0 INVOKE,DIRECT,extra=[java.lang.Object/<init>[], [0]]>
DalvikVM - [BB]: [2]<0 RETURN,VOID>
DalvikVM - [WARN]: ar -2, (Activity:instance number 1@de.ecspride.MainActivity, de.ecspride.MainActivity)
newStackFrame - [BB]: New Stack Frame: StackFrame de.ecspride.MainActivity/<init>[], pc -1 stored. 
newStackFrame - [BB]: Stack: [StackFrame de.ecspride.MainActivity/onCreate[android.os.Bundle]]
DalvikVM - [MSG]: Begin run instrumented methods!
DalvikVM - [MSG]: <0 SPECIAL,ARGUMENT_SET,extra=[6, 7]>
DalvikVM - [BB]: Add frames [StackFrame de.ecspride.MainActivity/<init>[]]
DalvikVM - [BB]: fu.hao.trust.dvm.DalvikVM -> runInstrumentedMethods set pc to 0
Executor - [MSG]: 

Executor - [MSG]: <0 SPECIAL,ARGUMENT_SET,extra=[0]> at de.ecspride.MainActivity/<init>[]
DalvikVM - [WARN]: ar 0, (Activity:instance number 1@de.ecspride.MainActivity, de.ecspride.MainActivity)
Executor - [DEBUG]: params: Activity:instance number 1@de.ecspride.MainActivity
DalvikVM - [BB]: fu.hao.trust.dvm.Executor$OP_SP_ARGUMENTS -> jump set pc to 1
PluginManager - [MSG]: TaintSumBranch Tainted Res: {}
Executor - [MSG]: 

Executor - [MSG]: <1 INVOKE,DIRECT,extra=[java.lang.Object/<init>[], [0]]> at de.ecspride.MainActivity/<init>[]
Executor - [MSG]: arg0 obj: Activity:instance number 1@de.ecspride.MainActivity
Executor - [BB]: java.lang.Object/<init>[] is a constructor!
Executor - [WARN]: Reflection error: de.ecspride.MainActivity
DalvikVM - [BB]: fu.hao.trust.dvm.Executor -> jump set pc to 2
TaintSumBranch - [BB]: <java.lang.Object: void <init>()>
TaintSumBranch - [DEBUG]: Not a taint call: <java.lang.Object: void <init>()>
PluginManager - [MSG]: TaintSumBranch Tainted Res: {}
Executor - [MSG]: 

Executor - [MSG]: <2 RETURN,VOID> at de.ecspride.MainActivity/<init>[]
class fu.hao.trust.dvm.Executor$OP_RETURN_VOID - [DEBUG]: Return void
DalvikVM - [BB]: stack [StackFrame de.ecspride.MainActivity/onCreate[android.os.Bundle]]
DalvikVM - [BB]: Back to the last stack frame.StackFrame de.ecspride.MainActivity/onCreate[android.os.Bundle]
DalvikVM - [MSG]: Finish running instrumented methods! Back to StackFrame de.ecspride.MainActivity/onCreate[android.os.Bundle]
Activity - [BB]: New Activity Created with type de.ecspride.MainActivity
Executor - [MSG]: RUN BEGIN de.ecspride.MainActivity/onCreate[android.os.Bundle]
DalvikVM - [BB]: fu.hao.trust.dvm.Executor -> execute set pc to 0
Executor - [MSG]: 

Executor - [MSG]: <0 SPECIAL,ARGUMENT_SET,extra=[6, 7]> at de.ecspride.MainActivity/onCreate[android.os.Bundle]
Executor - [WARN]: NULL CallingCtx!
DalvikVM - [WARN]: ar 6, (Activity:instance number 1@de.ecspride.MainActivity, de.ecspride.MainActivity)
Executor - [DEBUG]: args: Activity:instance number 1@de.ecspride.MainActivity
Executor - [BB]: Start param from 1
DalvikVM - [WARN]: ar 7, (null, android.os.Bundle)
Executor - [DEBUG]: args: null
DalvikVM - [BB]: fu.hao.trust.dvm.Executor$OP_SP_ARGUMENTS -> jump set pc to 1
PluginManager - [MSG]: TaintSumBranch Tainted Res: {}
Executor - [MSG]: 

Executor - [MSG]: <1 MOV,CONST,dst=r2,type=void,extra=class patdroid.core.PrimitiveInfo?0> at de.ecspride.MainActivity/onCreate[android.os.Bundle]
Executor - [DEBUG]: Mov const begin <1 MOV,CONST,dst=r2,type=void,extra=class patdroid.core.PrimitiveInfo?0>
DalvikVM - [WARN]: ar 2, (0, void)
Executor - [DEBUG]: data: 0 class patdroid.core.PrimitiveInfo
DalvikVM - [BB]: fu.hao.trust.dvm.Executor$OP_MOV_CONST -> jump set pc to 2
PluginManager - [MSG]: TaintSumBranch Tainted Res: {}
Executor - [MSG]: 

Executor - [MSG]: <2 HALT,SUPER,extra=[null, [6, 7]]> at de.ecspride.MainActivity/onCreate[android.os.Bundle]
DalvikVM - [BB]: fu.hao.trust.dvm.Executor$OP_HALT -> jump set pc to 3
Executor - [MSG]: Cannot resolve the invocation
TaintSumBranch - [BB]: Not a taint op <2 HALT,SUPER,extra=[null, [6, 7]]>
PluginManager - [MSG]: TaintSumBranch Tainted Res: {}
Executor - [MSG]: 

Executor - [MSG]: <3 MOV,CONST,dst=r1,type=void,extra=class patdroid.core.PrimitiveInfo?2130903040> at de.ecspride.MainActivity/onCreate[android.os.Bundle]
Executor - [DEBUG]: Mov const begin <3 MOV,CONST,dst=r1,type=void,extra=class patdroid.core.PrimitiveInfo?2130903040>
DalvikVM - [WARN]: ar 1, (2130903040, void)
Executor - [DEBUG]: data: 2130903040 class patdroid.core.PrimitiveInfo
DalvikVM - [BB]: fu.hao.trust.dvm.Executor$OP_MOV_CONST -> jump set pc to 4
PluginManager - [MSG]: TaintSumBranch Tainted Res: {}
Executor - [MSG]: 

Executor - [MSG]: <4 INVOKE,VIRTUAL,extra=[android.app.Activity/setContentView[int], [6, 1]]> at de.ecspride.MainActivity/onCreate[android.os.Bundle]
Executor - [MSG]: arg0 obj: Activity:instance number 1@de.ecspride.MainActivity
Executor - [DEBUG]: Reflction class: class android.app.Activity
Executor - [BB]: Normal args? true
Executor - [BB]: arg1@reg1: 2130903040
Executor - [DEBUG]: Expected para type: int
Executor - [DEBUG]: Real para int, value: 2130903040
Executor - [BB]: Nargs? true
Executor - [DEBUG]: Caller obj: Activity:instance number 1@de.ecspride.MainActivity, from class: class android.app.Activity
DalvikVM - [WARN]: ar -1, (null, void)
Executor - [MSG]: Reflction invocation public void android.app.Activity.setContentView(int)
DalvikVM - [BB]: Set reflective call: public void android.app.Activity.setContentView(int)
DalvikVM - [BB]: fu.hao.trust.dvm.Executor -> jump set pc to 5
TaintSumBranch - [BB]: <android.app.Activity: void setContentView(int)>
TaintSumBranch - [DEBUG]: Not a taint call: <android.app.Activity: void setContentView(int)>
PluginManager - [MSG]: TaintSumBranch Tainted Res: {}
Executor - [MSG]: 

Executor - [MSG]: <5 MOV,CONST,dst=r1,type=java.lang.String,extra="Latitude"> at de.ecspride.MainActivity/onCreate[android.os.Bundle]
Executor - [DEBUG]: Mov const begin <5 MOV,CONST,dst=r1,type=java.lang.String,extra="Latitude">
DalvikVM - [WARN]: ar 1 (2130903040, void), (Latitude, java.lang.String)
Executor - [DEBUG]: data: Latitude class java.lang.String
DalvikVM - [BB]: fu.hao.trust.dvm.Executor$OP_MOV_CONST -> jump set pc to 6
PluginManager - [MSG]: TaintSumBranch Tainted Res: {}
Executor - [MSG]: 

Executor - [MSG]: <6 NEW,INSTANCE,dst=r3,type=java.lang.StringBuilder> at de.ecspride.MainActivity/onCreate[android.os.Bundle]
OP_NEW_INSTANCE - [DEBUG]: [reg 3@MainActivity/onCreate]
DalvikVM - [WARN]: ar 3, (null, java.lang.StringBuilder)
OP_NEW_INSTANCE - [BB]: Reflecable instance.
DalvikVM - [BB]: fu.hao.trust.dvm.Executor$OP_NEW_INSTANCE -> jump set pc to 7
TaintSumBranch - [BB]: Rdst [reg 3@MainActivity/onCreate]
PluginManager - [MSG]: TaintSumBranch Tainted Res: {}
Executor - [MSG]: 

Executor - [MSG]: <7 INVOKE,DIRECT,extra=[java.lang.StringBuilder/<init>[], [3]]> at de.ecspride.MainActivity/onCreate[android.os.Bundle]
Executor - [MSG]: arg0 obj: null
Executor - [BB]: java.lang.StringBuilder/<init>[] is a constructor!
DalvikVM - [WARN]: ar 3 (null, java.lang.StringBuilder), (, void)
Executor - [DEBUG]: Reflected init instance: , class java.lang.StringBuilder
DalvikVM - [BB]: fu.hao.trust.dvm.Executor -> jump set pc to 8
TaintSumBranch - [BB]: <java.lang.StringBuilder: void <init>()>
TaintSumBranch - [DEBUG]: Not a taint call: <java.lang.StringBuilder: void <init>()>
PluginManager - [MSG]: TaintSumBranch Tainted Res: {}
Executor - [MSG]: 

Executor - [MSG]: <8 MOV,CONST,dst=r4,type=java.lang.String,extra="Latitude: "> at de.ecspride.MainActivity/onCreate[android.os.Bundle]
Executor - [DEBUG]: Mov const begin <8 MOV,CONST,dst=r4,type=java.lang.String,extra="Latitude: ">
DalvikVM - [WARN]: ar 4, (Latitude: , java.lang.String)
Executor - [DEBUG]: data: Latitude:  class java.lang.String
DalvikVM - [BB]: fu.hao.trust.dvm.Executor$OP_MOV_CONST -> jump set pc to 9
PluginManager - [MSG]: TaintSumBranch Tainted Res: {}
Executor - [MSG]: 

Executor - [MSG]: <9 INVOKE,VIRTUAL,extra=[java.lang.StringBuilder/append[java.lang.String], [3, 4]]> at de.ecspride.MainActivity/onCreate[android.os.Bundle]
Executor - [MSG]: arg0 obj: 
Executor - [DEBUG]: Reflction class: class java.lang.StringBuilder
Executor - [BB]: Normal args? true
Executor - [BB]: arg1@reg4: Latitude: 
Executor - [BB]: Nargs? true
Executor - [DEBUG]: Caller obj: , from class: class java.lang.StringBuilder
DalvikVM - [WARN]: ar -1, (Latitude: , java.lang.StringBuilder)
Executor - [DEBUG]: Return data: Latitude:  ,class java.lang.StringBuilder
Executor - [MSG]: Reflction invocation public java.lang.StringBuilder java.lang.StringBuilder.append(java.lang.String)
DalvikVM - [BB]: Set reflective call: public java.lang.StringBuilder java.lang.StringBuilder.append(java.lang.String)
Unknown - [BB]: Unknown created!
DalvikVM - [WARN]: ar -1 (Latitude: , java.lang.StringBuilder), ([Unknown var:Latitude: , type: java.lang.StringBuilder], java.lang.StringBuilder)
DalvikVM - [BB]: fu.hao.trust.dvm.Executor -> jump set pc to 10
TaintSumBranch - [BB]: <java.lang.StringBuilder: java.lang.StringBuilder append(java.lang.String)>
TaintSumBranch - [DEBUG]: Not a taint call: <java.lang.StringBuilder: java.lang.StringBuilder append(java.lang.String)>
PluginManager - [MSG]: TaintSumBranch Tainted Res: {}
Executor - [MSG]: 

Executor - [MSG]: <10 MOV,RESULT,dst=r3,type=java.lang.Object> at de.ecspride.MainActivity/onCreate[android.os.Bundle]
DalvikVM - [WARN]: ar 3 (Latitude: , void), ([Unknown var:Latitude: , type: java.lang.StringBuilder], java.lang.StringBuilder)
OP_MOV_RESULT - [BB]: Result data: [Unknown var:Latitude: , type: java.lang.StringBuilder]
OP_MOV_RESULT - [DEBUG]: Result data: [Unknown var:Latitude: , type: java.lang.StringBuilder], type: java.lang.StringBuilder, to [reg 3@MainActivity/onCreate]
DalvikVM - [BB]: fu.hao.trust.dvm.Executor$OP_MOV_RESULT -> jump set pc to 11
PluginManager - [MSG]: TaintSumBranch Tainted Res: {}
Executor - [MSG]: 

Executor - [MSG]: <11 INSTANCE,IGET,r0=r6,r1=r4,type=java.lang.Object,extra=de.ecspride.MainActivity.latitude> at de.ecspride.MainActivity/onCreate[android.os.Bundle]
class fu.hao.trust.dvm.Executor$OP_INSTANCE_GET_FIELD - [BB]: Obj Activity:instance number 1@de.ecspride.MainActivity
class fu.hao.trust.dvm.Executor$OP_INSTANCE_GET_FIELD - [BB]: Fieldinfo de.ecspride.MainActivity.latitude
Unknown - [BB]: Unknown created!
Activity - [DEBUG]: put field [Unknown var:null, type: java.lang.String]
DalvikVM - [WARN]: ar 4 (Latitude: , java.lang.String), ([Unknown var:null, type: java.lang.String], java.lang.String)
class fu.hao.trust.dvm.Executor$OP_INSTANCE_GET_FIELD - [DEBUG]: Get data: [Unknown var:null, type: java.lang.String]
DalvikVM - [BB]: fu.hao.trust.dvm.Executor$OP_INSTANCE_GET_FIELD -> jump set pc to 12
PluginManager - [MSG]: TaintSumBranch Tainted Res: {}
Executor - [MSG]: 

Executor - [MSG]: <12 INVOKE,VIRTUAL,extra=[java.lang.StringBuilder/append[java.lang.String], [3, 4]]> at de.ecspride.MainActivity/onCreate[android.os.Bundle]
Executor - [MSG]: arg0 obj: [Unknown var:Latitude: , type: java.lang.StringBuilder]
Executor - [DEBUG]: Reflction class: class java.lang.StringBuilder
Executor - [BB]: Normal args? true
Executor - [BB]: arg1@reg4: [Unknown var:null, type: java.lang.String]
Executor - [WARN]: Mismatch type! arg 1, real para type: class fu.hao.trust.solver.Unknown, expected para type: class java.lang.String
Executor - [DEBUG]: Found symbolic var with value: unknown
Executor - [BB]: Nargs? true
Executor - [DEBUG]: Caller obj: Latitude: , from class: class java.lang.StringBuilder
DalvikVM - [WARN]: ar -1, (Latitude: unknown, java.lang.StringBuilder)
Executor - [DEBUG]: Return data: Latitude: unknown ,class java.lang.StringBuilder
Executor - [MSG]: Reflction invocation public java.lang.StringBuilder java.lang.StringBuilder.append(java.lang.String)
DalvikVM - [BB]: Set reflective call: public java.lang.StringBuilder java.lang.StringBuilder.append(java.lang.String)
Unknown - [BB]: Unknown created!
DalvikVM - [WARN]: ar -1 (Latitude: unknown, java.lang.StringBuilder), ([Unknown var:Latitude: unknown, type: java.lang.StringBuilder], java.lang.StringBuilder)
DalvikVM - [BB]: fu.hao.trust.dvm.Executor -> jump set pc to 13
TaintSumBranch - [BB]: <java.lang.StringBuilder: java.lang.StringBuilder append(java.lang.String)>
TaintSumBranch - [DEBUG]: Not a taint call: <java.lang.StringBuilder: java.lang.StringBuilder append(java.lang.String)>
PluginManager - [MSG]: TaintSumBranch Tainted Res: {}
Executor - [MSG]: 

Executor - [MSG]: <13 MOV,RESULT,dst=r3,type=java.lang.Object> at de.ecspride.MainActivity/onCreate[android.os.Bundle]
DalvikVM - [WARN]: ar 3 ([Unknown var:Latitude: unknown, type: java.lang.StringBuilder], java.lang.StringBuilder), ([Unknown var:Latitude: unknown, type: java.lang.StringBuilder], java.lang.StringBuilder)
OP_MOV_RESULT - [BB]: Result data: [Unknown var:Latitude: unknown, type: java.lang.StringBuilder]
OP_MOV_RESULT - [DEBUG]: Result data: [Unknown var:Latitude: unknown, type: java.lang.StringBuilder], type: java.lang.StringBuilder, to [reg 3@MainActivity/onCreate]
DalvikVM - [BB]: fu.hao.trust.dvm.Executor$OP_MOV_RESULT -> jump set pc to 14
PluginManager - [MSG]: TaintSumBranch Tainted Res: {}
Executor - [MSG]: 

Executor - [MSG]: <14 INVOKE,VIRTUAL,extra=[java.lang.StringBuilder/toString[], [3]]> at de.ecspride.MainActivity/onCreate[android.os.Bundle]
Executor - [MSG]: arg0 obj: [Unknown var:Latitude: unknown, type: java.lang.StringBuilder]
Executor - [DEBUG]: Reflction class: class java.lang.StringBuilder
DalvikVM - [WARN]: ar -1, (Latitude: unknown, java.lang.String)
Executor - [DEBUG]: Return data: Latitude: unknown ,class java.lang.String
Executor - [MSG]: Reflction invocation public java.lang.String java.lang.StringBuilder.toString()
DalvikVM - [BB]: Set reflective call: public java.lang.String java.lang.StringBuilder.toString()
Unknown - [BB]: Unknown created!
DalvikVM - [WARN]: ar -1 (Latitude: unknown, java.lang.String), ([Unknown var:Latitude: unknown, type: java.lang.String], java.lang.String)
DalvikVM - [BB]: fu.hao.trust.dvm.Executor -> jump set pc to 15
TaintSumBranch - [BB]: <java.lang.StringBuilder: java.lang.String toString()>
TaintSumBranch - [DEBUG]: Not a taint call: <java.lang.StringBuilder: java.lang.String toString()>
PluginManager - [MSG]: TaintSumBranch Tainted Res: {}
Executor - [MSG]: 

Executor - [MSG]: <15 MOV,RESULT,dst=r3,type=java.lang.Object> at de.ecspride.MainActivity/onCreate[android.os.Bundle]
DalvikVM - [WARN]: ar 3 ([Unknown var:Latitude: unknown, type: java.lang.StringBuilder], java.lang.StringBuilder), ([Unknown var:Latitude: unknown, type: java.lang.String], java.lang.String)
OP_MOV_RESULT - [BB]: Result data: [Unknown var:Latitude: unknown, type: java.lang.String]
OP_MOV_RESULT - [DEBUG]: Result data: [Unknown var:Latitude: unknown, type: java.lang.String], type: java.lang.String, to [reg 3@MainActivity/onCreate]
DalvikVM - [BB]: fu.hao.trust.dvm.Executor$OP_MOV_RESULT -> jump set pc to 16
PluginManager - [MSG]: TaintSumBranch Tainted Res: {}
Executor - [MSG]: 

Executor - [MSG]: <16 INVOKE,STATIC,extra=[android.util.Log/d[java.lang.String, java.lang.String], [1, 3]]> at de.ecspride.MainActivity/onCreate[android.os.Bundle]
Executor - [DEBUG]: Reflction class android.util.Log
Executor - [BB]: arg0@reg1: Latitude
Executor - [BB]: arg1@reg3: [Unknown var:Latitude: unknown, type: java.lang.String]
Executor - [WARN]: Mismatch type! arg 1, real para type: class fu.hao.trust.solver.Unknown, expected para type: class java.lang.String
Executor - [DEBUG]: Found symbolic var with value: Latitude: unknown
Executor - [BB]: param: Latitude
Executor - [BB]: param: Latitude: unknown
DalvikVM - [WARN]: ar -1, (1, int)
Executor - [MSG]: reflction invocation public static int android.util.Log.d(java.lang.String,java.lang.String)
DalvikVM - [BB]: Set reflective call: public static int android.util.Log.d(java.lang.String,java.lang.String)
DalvikVM - [BB]: fu.hao.trust.dvm.Executor$OP_INVOKE_STATIC -> jump set pc to 17
TaintSumBranch - [BB]: <android.util.Log: int d(java.lang.String,java.lang.String)>
TaintSumBranch - [DEBUG]: Not a taint call: <android.util.Log: int d(java.lang.String,java.lang.String)>
PluginManager - [MSG]: TaintSumBranch Tainted Res: {}
Executor - [MSG]: 

Executor - [MSG]: <17 MOV,CONST,dst=r1,type=java.lang.String,extra="Longtitude"> at de.ecspride.MainActivity/onCreate[android.os.Bundle]
Executor - [DEBUG]: Mov const begin <17 MOV,CONST,dst=r1,type=java.lang.String,extra="Longtitude">
DalvikVM - [WARN]: ar 1 (Latitude, java.lang.String), (Longtitude, java.lang.String)
Executor - [DEBUG]: data: Longtitude class java.lang.String
DalvikVM - [BB]: fu.hao.trust.dvm.Executor$OP_MOV_CONST -> jump set pc to 18
PluginManager - [MSG]: TaintSumBranch Tainted Res: {}
Executor - [MSG]: 

Executor - [MSG]: <18 NEW,INSTANCE,dst=r3,type=java.lang.StringBuilder> at de.ecspride.MainActivity/onCreate[android.os.Bundle]
OP_NEW_INSTANCE - [DEBUG]: [reg 3@MainActivity/onCreate]
DalvikVM - [WARN]: ar 3 ([Unknown var:Latitude: unknown, type: java.lang.String], java.lang.String), (null, java.lang.StringBuilder)
OP_NEW_INSTANCE - [BB]: Reflecable instance.
DalvikVM - [BB]: fu.hao.trust.dvm.Executor$OP_NEW_INSTANCE -> jump set pc to 19
TaintSumBranch - [BB]: Rdst [reg 3@MainActivity/onCreate]
PluginManager - [MSG]: TaintSumBranch Tainted Res: {}
Executor - [MSG]: 

Executor - [MSG]: <19 INVOKE,DIRECT,extra=[java.lang.StringBuilder/<init>[], [3]]> at de.ecspride.MainActivity/onCreate[android.os.Bundle]
Executor - [MSG]: arg0 obj: null
Executor - [BB]: java.lang.StringBuilder/<init>[] is a constructor!
DalvikVM - [WARN]: ar 3 (null, java.lang.StringBuilder), (, void)
Executor - [DEBUG]: Reflected init instance: , class java.lang.StringBuilder
DalvikVM - [BB]: fu.hao.trust.dvm.Executor -> jump set pc to 20
TaintSumBranch - [BB]: <java.lang.StringBuilder: void <init>()>
TaintSumBranch - [DEBUG]: Not a taint call: <java.lang.StringBuilder: void <init>()>
PluginManager - [MSG]: TaintSumBranch Tainted Res: {}
Executor - [MSG]: 

Executor - [MSG]: <20 MOV,CONST,dst=r4,type=java.lang.String,extra="Longtitude: "> at de.ecspride.MainActivity/onCreate[android.os.Bundle]
Executor - [DEBUG]: Mov const begin <20 MOV,CONST,dst=r4,type=java.lang.String,extra="Longtitude: ">
DalvikVM - [WARN]: ar 4 ([Unknown var:unknown, type: java.lang.String], java.lang.String), (Longtitude: , java.lang.String)
Executor - [DEBUG]: data: Longtitude:  class java.lang.String
DalvikVM - [BB]: fu.hao.trust.dvm.Executor$OP_MOV_CONST -> jump set pc to 21
PluginManager - [MSG]: TaintSumBranch Tainted Res: {}
Executor - [MSG]: 

Executor - [MSG]: <21 INVOKE,VIRTUAL,extra=[java.lang.StringBuilder/append[java.lang.String], [3, 4]]> at de.ecspride.MainActivity/onCreate[android.os.Bundle]
Executor - [MSG]: arg0 obj: 
Executor - [DEBUG]: Reflction class: class java.lang.StringBuilder
Executor - [BB]: Normal args? true
Executor - [BB]: arg1@reg4: Longtitude: 
Executor - [BB]: Nargs? true
Executor - [DEBUG]: Caller obj: , from class: class java.lang.StringBuilder
DalvikVM - [WARN]: ar -1, (Longtitude: , java.lang.StringBuilder)
Executor - [DEBUG]: Return data: Longtitude:  ,class java.lang.StringBuilder
Executor - [MSG]: Reflction invocation public java.lang.StringBuilder java.lang.StringBuilder.append(java.lang.String)
DalvikVM - [BB]: Set reflective call: public java.lang.StringBuilder java.lang.StringBuilder.append(java.lang.String)
Unknown - [BB]: Unknown created!
DalvikVM - [WARN]: ar -1 (Longtitude: , java.lang.StringBuilder), ([Unknown var:Longtitude: , type: java.lang.StringBuilder], java.lang.StringBuilder)
DalvikVM - [BB]: fu.hao.trust.dvm.Executor -> jump set pc to 22
TaintSumBranch - [BB]: <java.lang.StringBuilder: java.lang.StringBuilder append(java.lang.String)>
TaintSumBranch - [DEBUG]: Not a taint call: <java.lang.StringBuilder: java.lang.StringBuilder append(java.lang.String)>
PluginManager - [MSG]: TaintSumBranch Tainted Res: {}
Executor - [MSG]: 

Executor - [MSG]: <22 MOV,RESULT,dst=r3,type=java.lang.Object> at de.ecspride.MainActivity/onCreate[android.os.Bundle]
DalvikVM - [WARN]: ar 3 (Longtitude: , void), ([Unknown var:Longtitude: , type: java.lang.StringBuilder], java.lang.StringBuilder)
OP_MOV_RESULT - [BB]: Result data: [Unknown var:Longtitude: , type: java.lang.StringBuilder]
OP_MOV_RESULT - [DEBUG]: Result data: [Unknown var:Longtitude: , type: java.lang.StringBuilder], type: java.lang.StringBuilder, to [reg 3@MainActivity/onCreate]
DalvikVM - [BB]: fu.hao.trust.dvm.Executor$OP_MOV_RESULT -> jump set pc to 23
PluginManager - [MSG]: TaintSumBranch Tainted Res: {}
Executor - [MSG]: 

Executor - [MSG]: <23 INSTANCE,IGET,r0=r6,r1=r4,type=java.lang.Object,extra=de.ecspride.MainActivity.longtitude> at de.ecspride.MainActivity/onCreate[android.os.Bundle]
class fu.hao.trust.dvm.Executor$OP_INSTANCE_GET_FIELD - [BB]: Obj Activity:instance number 1@de.ecspride.MainActivity
class fu.hao.trust.dvm.Executor$OP_INSTANCE_GET_FIELD - [BB]: Fieldinfo de.ecspride.MainActivity.longtitude
Unknown - [BB]: Unknown created!
Activity - [DEBUG]: put field [Unknown var:null, type: java.lang.String]
DalvikVM - [WARN]: ar 4 (Longtitude: , java.lang.String), ([Unknown var:null, type: java.lang.String], java.lang.String)
class fu.hao.trust.dvm.Executor$OP_INSTANCE_GET_FIELD - [DEBUG]: Get data: [Unknown var:null, type: java.lang.String]
DalvikVM - [BB]: fu.hao.trust.dvm.Executor$OP_INSTANCE_GET_FIELD -> jump set pc to 24
PluginManager - [MSG]: TaintSumBranch Tainted Res: {}
Executor - [MSG]: 

Executor - [MSG]: <24 INVOKE,VIRTUAL,extra=[java.lang.StringBuilder/append[java.lang.String], [3, 4]]> at de.ecspride.MainActivity/onCreate[android.os.Bundle]
Executor - [MSG]: arg0 obj: [Unknown var:Longtitude: , type: java.lang.StringBuilder]
Executor - [DEBUG]: Reflction class: class java.lang.StringBuilder
Executor - [BB]: Normal args? true
Executor - [BB]: arg1@reg4: [Unknown var:null, type: java.lang.String]
Executor - [WARN]: Mismatch type! arg 1, real para type: class fu.hao.trust.solver.Unknown, expected para type: class java.lang.String
Executor - [DEBUG]: Found symbolic var with value: unknown
Executor - [BB]: Nargs? true
Executor - [DEBUG]: Caller obj: Longtitude: , from class: class java.lang.StringBuilder
DalvikVM - [WARN]: ar -1, (Longtitude: unknown, java.lang.StringBuilder)
Executor - [DEBUG]: Return data: Longtitude: unknown ,class java.lang.StringBuilder
Executor - [MSG]: Reflction invocation public java.lang.StringBuilder java.lang.StringBuilder.append(java.lang.String)
DalvikVM - [BB]: Set reflective call: public java.lang.StringBuilder java.lang.StringBuilder.append(java.lang.String)
Unknown - [BB]: Unknown created!
DalvikVM - [WARN]: ar -1 (Longtitude: unknown, java.lang.StringBuilder), ([Unknown var:Longtitude: unknown, type: java.lang.StringBuilder], java.lang.StringBuilder)
DalvikVM - [BB]: fu.hao.trust.dvm.Executor -> jump set pc to 25
TaintSumBranch - [BB]: <java.lang.StringBuilder: java.lang.StringBuilder append(java.lang.String)>
TaintSumBranch - [DEBUG]: Not a taint call: <java.lang.StringBuilder: java.lang.StringBuilder append(java.lang.String)>
PluginManager - [MSG]: TaintSumBranch Tainted Res: {}
Executor - [MSG]: 

Executor - [MSG]: <25 MOV,RESULT,dst=r3,type=java.lang.Object> at de.ecspride.MainActivity/onCreate[android.os.Bundle]
DalvikVM - [WARN]: ar 3 ([Unknown var:Longtitude: unknown, type: java.lang.StringBuilder], java.lang.StringBuilder), ([Unknown var:Longtitude: unknown, type: java.lang.StringBuilder], java.lang.StringBuilder)
OP_MOV_RESULT - [BB]: Result data: [Unknown var:Longtitude: unknown, type: java.lang.StringBuilder]
OP_MOV_RESULT - [DEBUG]: Result data: [Unknown var:Longtitude: unknown, type: java.lang.StringBuilder], type: java.lang.StringBuilder, to [reg 3@MainActivity/onCreate]
DalvikVM - [BB]: fu.hao.trust.dvm.Executor$OP_MOV_RESULT -> jump set pc to 26
PluginManager - [MSG]: TaintSumBranch Tainted Res: {}
Executor - [MSG]: 

Executor - [MSG]: <26 INVOKE,VIRTUAL,extra=[java.lang.StringBuilder/toString[], [3]]> at de.ecspride.MainActivity/onCreate[android.os.Bundle]
Executor - [MSG]: arg0 obj: [Unknown var:Longtitude: unknown, type: java.lang.StringBuilder]
Executor - [DEBUG]: Reflction class: class java.lang.StringBuilder
DalvikVM - [WARN]: ar -1, (Longtitude: unknown, java.lang.String)
Executor - [DEBUG]: Return data: Longtitude: unknown ,class java.lang.String
Executor - [MSG]: Reflction invocation public java.lang.String java.lang.StringBuilder.toString()
DalvikVM - [BB]: Set reflective call: public java.lang.String java.lang.StringBuilder.toString()
Unknown - [BB]: Unknown created!
DalvikVM - [WARN]: ar -1 (Longtitude: unknown, java.lang.String), ([Unknown var:Longtitude: unknown, type: java.lang.String], java.lang.String)
DalvikVM - [BB]: fu.hao.trust.dvm.Executor -> jump set pc to 27
TaintSumBranch - [BB]: <java.lang.StringBuilder: java.lang.String toString()>
TaintSumBranch - [DEBUG]: Not a taint call: <java.lang.StringBuilder: java.lang.String toString()>
PluginManager - [MSG]: TaintSumBranch Tainted Res: {}
Executor - [MSG]: 

Executor - [MSG]: <27 MOV,RESULT,dst=r3,type=java.lang.Object> at de.ecspride.MainActivity/onCreate[android.os.Bundle]
DalvikVM - [WARN]: ar 3 ([Unknown var:Longtitude: unknown, type: java.lang.StringBuilder], java.lang.StringBuilder), ([Unknown var:Longtitude: unknown, type: java.lang.String], java.lang.String)
OP_MOV_RESULT - [BB]: Result data: [Unknown var:Longtitude: unknown, type: java.lang.String]
OP_MOV_RESULT - [DEBUG]: Result data: [Unknown var:Longtitude: unknown, type: java.lang.String], type: java.lang.String, to [reg 3@MainActivity/onCreate]
DalvikVM - [BB]: fu.hao.trust.dvm.Executor$OP_MOV_RESULT -> jump set pc to 28
PluginManager - [MSG]: TaintSumBranch Tainted Res: {}
Executor - [MSG]: 

Executor - [MSG]: <28 INVOKE,STATIC,extra=[android.util.Log/d[java.lang.String, java.lang.String], [1, 3]]> at de.ecspride.MainActivity/onCreate[android.os.Bundle]
Executor - [DEBUG]: Reflction class android.util.Log
Executor - [BB]: arg0@reg1: Longtitude
Executor - [BB]: arg1@reg3: [Unknown var:Longtitude: unknown, type: java.lang.String]
Executor - [WARN]: Mismatch type! arg 1, real para type: class fu.hao.trust.solver.Unknown, expected para type: class java.lang.String
Executor - [DEBUG]: Found symbolic var with value: Longtitude: unknown
Executor - [BB]: param: Longtitude
Executor - [BB]: param: Longtitude: unknown
DalvikVM - [WARN]: ar -1, (1, int)
Executor - [MSG]: reflction invocation public static int android.util.Log.d(java.lang.String,java.lang.String)
DalvikVM - [BB]: Set reflective call: public static int android.util.Log.d(java.lang.String,java.lang.String)
DalvikVM - [BB]: fu.hao.trust.dvm.Executor$OP_INVOKE_STATIC -> jump set pc to 29
TaintSumBranch - [BB]: <android.util.Log: int d(java.lang.String,java.lang.String)>
TaintSumBranch - [DEBUG]: Not a taint call: <android.util.Log: int d(java.lang.String,java.lang.String)>
PluginManager - [MSG]: TaintSumBranch Tainted Res: {}
Executor - [MSG]: 

Executor - [MSG]: <29 INVOKE,STATIC,extra=[android.telephony.SmsManager/getDefault[], []]> at de.ecspride.MainActivity/onCreate[android.os.Bundle]
Executor - [DEBUG]: Reflction class android.telephony.SmsManager
DalvikVM - [WARN]: ar -1, (android.telephony.SmsManager@330878fe, android.telephony.SmsManager)
Executor - [MSG]: reflction invocation public static android.telephony.SmsManager android.telephony.SmsManager.getDefault()
DalvikVM - [BB]: Set reflective call: public static android.telephony.SmsManager android.telephony.SmsManager.getDefault()
DalvikVM - [BB]: fu.hao.trust.dvm.Executor$OP_INVOKE_STATIC -> jump set pc to 30
TaintSumBranch - [BB]: <android.telephony.SmsManager: android.telephony.SmsManager getDefault()>
TaintSumBranch - [DEBUG]: Not a taint call: <android.telephony.SmsManager: android.telephony.SmsManager getDefault()>
PluginManager - [MSG]: TaintSumBranch Tainted Res: {}
Executor - [MSG]: 

Executor - [MSG]: <30 MOV,RESULT,dst=r0,type=java.lang.Object> at de.ecspride.MainActivity/onCreate[android.os.Bundle]
DalvikVM - [WARN]: ar 0, (android.telephony.SmsManager@330878fe, android.telephony.SmsManager)
OP_MOV_RESULT - [BB]: Result data: android.telephony.SmsManager@330878fe
OP_MOV_RESULT - [DEBUG]: Result data: android.telephony.SmsManager@330878fe, type: android.telephony.SmsManager, to [reg 0@MainActivity/onCreate]
DalvikVM - [BB]: fu.hao.trust.dvm.Executor$OP_MOV_RESULT -> jump set pc to 31
PluginManager - [MSG]: TaintSumBranch Tainted Res: {}
Executor - [MSG]: 

Executor - [MSG]: <31 MOV,CONST,dst=r1,type=java.lang.String,extra="+49"> at de.ecspride.MainActivity/onCreate[android.os.Bundle]
Executor - [DEBUG]: Mov const begin <31 MOV,CONST,dst=r1,type=java.lang.String,extra="+49">
DalvikVM - [WARN]: ar 1 (Longtitude, java.lang.String), (+49, java.lang.String)
Executor - [DEBUG]: data: +49 class java.lang.String
DalvikVM - [BB]: fu.hao.trust.dvm.Executor$OP_MOV_CONST -> jump set pc to 32
PluginManager - [MSG]: TaintSumBranch Tainted Res: {}
Executor - [MSG]: 

Executor - [MSG]: <32 NEW,INSTANCE,dst=r3,type=java.lang.StringBuilder> at de.ecspride.MainActivity/onCreate[android.os.Bundle]
OP_NEW_INSTANCE - [DEBUG]: [reg 3@MainActivity/onCreate]
DalvikVM - [WARN]: ar 3 ([Unknown var:Longtitude: unknown, type: java.lang.String], java.lang.String), (null, java.lang.StringBuilder)
OP_NEW_INSTANCE - [BB]: Reflecable instance.
DalvikVM - [BB]: fu.hao.trust.dvm.Executor$OP_NEW_INSTANCE -> jump set pc to 33
TaintSumBranch - [BB]: Rdst [reg 3@MainActivity/onCreate]
PluginManager - [MSG]: TaintSumBranch Tainted Res: {}
Executor - [MSG]: 

Executor - [MSG]: <33 INVOKE,DIRECT,extra=[java.lang.StringBuilder/<init>[], [3]]> at de.ecspride.MainActivity/onCreate[android.os.Bundle]
Executor - [MSG]: arg0 obj: null
Executor - [BB]: java.lang.StringBuilder/<init>[] is a constructor!
DalvikVM - [WARN]: ar 3 (null, java.lang.StringBuilder), (, void)
Executor - [DEBUG]: Reflected init instance: , class java.lang.StringBuilder
DalvikVM - [BB]: fu.hao.trust.dvm.Executor -> jump set pc to 34
TaintSumBranch - [BB]: <java.lang.StringBuilder: void <init>()>
TaintSumBranch - [DEBUG]: Not a taint call: <java.lang.StringBuilder: void <init>()>
PluginManager - [MSG]: TaintSumBranch Tainted Res: {}
Executor - [MSG]: 

Executor - [MSG]: <34 MOV,CONST,dst=r4,type=java.lang.String,extra="Latitude: "> at de.ecspride.MainActivity/onCreate[android.os.Bundle]
Executor - [DEBUG]: Mov const begin <34 MOV,CONST,dst=r4,type=java.lang.String,extra="Latitude: ">
DalvikVM - [WARN]: ar 4 ([Unknown var:unknown, type: java.lang.String], java.lang.String), (Latitude: , java.lang.String)
Executor - [DEBUG]: data: Latitude:  class java.lang.String
DalvikVM - [BB]: fu.hao.trust.dvm.Executor$OP_MOV_CONST -> jump set pc to 35
PluginManager - [MSG]: TaintSumBranch Tainted Res: {}
Executor - [MSG]: 

Executor - [MSG]: <35 INVOKE,VIRTUAL,extra=[java.lang.StringBuilder/append[java.lang.String], [3, 4]]> at de.ecspride.MainActivity/onCreate[android.os.Bundle]
Executor - [MSG]: arg0 obj: 
Executor - [DEBUG]: Reflction class: class java.lang.StringBuilder
Executor - [BB]: Normal args? true
Executor - [BB]: arg1@reg4: Latitude: 
Executor - [BB]: Nargs? true
Executor - [DEBUG]: Caller obj: , from class: class java.lang.StringBuilder
DalvikVM - [WARN]: ar -1, (Latitude: , java.lang.StringBuilder)
Executor - [DEBUG]: Return data: Latitude:  ,class java.lang.StringBuilder
Executor - [MSG]: Reflction invocation public java.lang.StringBuilder java.lang.StringBuilder.append(java.lang.String)
DalvikVM - [BB]: Set reflective call: public java.lang.StringBuilder java.lang.StringBuilder.append(java.lang.String)
Unknown - [BB]: Unknown created!
DalvikVM - [WARN]: ar -1 (Latitude: , java.lang.StringBuilder), ([Unknown var:Latitude: , type: java.lang.StringBuilder], java.lang.StringBuilder)
DalvikVM - [BB]: fu.hao.trust.dvm.Executor -> jump set pc to 36
TaintSumBranch - [BB]: <java.lang.StringBuilder: java.lang.StringBuilder append(java.lang.String)>
TaintSumBranch - [DEBUG]: Not a taint call: <java.lang.StringBuilder: java.lang.StringBuilder append(java.lang.String)>
PluginManager - [MSG]: TaintSumBranch Tainted Res: {}
Executor - [MSG]: 

Executor - [MSG]: <36 MOV,RESULT,dst=r3,type=java.lang.Object> at de.ecspride.MainActivity/onCreate[android.os.Bundle]
DalvikVM - [WARN]: ar 3 (Latitude: , void), ([Unknown var:Latitude: , type: java.lang.StringBuilder], java.lang.StringBuilder)
OP_MOV_RESULT - [BB]: Result data: [Unknown var:Latitude: , type: java.lang.StringBuilder]
OP_MOV_RESULT - [DEBUG]: Result data: [Unknown var:Latitude: , type: java.lang.StringBuilder], type: java.lang.StringBuilder, to [reg 3@MainActivity/onCreate]
DalvikVM - [BB]: fu.hao.trust.dvm.Executor$OP_MOV_RESULT -> jump set pc to 37
PluginManager - [MSG]: TaintSumBranch Tainted Res: {}
Executor - [MSG]: 

Executor - [MSG]: <37 INSTANCE,IGET,r0=r6,r1=r4,type=java.lang.Object,extra=de.ecspride.MainActivity.latitude> at de.ecspride.MainActivity/onCreate[android.os.Bundle]
class fu.hao.trust.dvm.Executor$OP_INSTANCE_GET_FIELD - [BB]: Obj Activity:instance number 1@de.ecspride.MainActivity
class fu.hao.trust.dvm.Executor$OP_INSTANCE_GET_FIELD - [BB]: Fieldinfo de.ecspride.MainActivity.latitude
DalvikVM - [WARN]: ar 4 (Latitude: , java.lang.String), ([Unknown var:unknown, type: java.lang.String], java.lang.String)
class fu.hao.trust.dvm.Executor$OP_INSTANCE_GET_FIELD - [DEBUG]: Get data: [Unknown var:unknown, type: java.lang.String]
DalvikVM - [BB]: fu.hao.trust.dvm.Executor$OP_INSTANCE_GET_FIELD -> jump set pc to 38
PluginManager - [MSG]: TaintSumBranch Tainted Res: {}
Executor - [MSG]: 

Executor - [MSG]: <38 INVOKE,VIRTUAL,extra=[java.lang.StringBuilder/append[java.lang.String], [3, 4]]> at de.ecspride.MainActivity/onCreate[android.os.Bundle]
Executor - [MSG]: arg0 obj: [Unknown var:Latitude: , type: java.lang.StringBuilder]
Executor - [DEBUG]: Reflction class: class java.lang.StringBuilder
Executor - [BB]: Normal args? true
Executor - [BB]: arg1@reg4: [Unknown var:unknown, type: java.lang.String]
Executor - [WARN]: Mismatch type! arg 1, real para type: class fu.hao.trust.solver.Unknown, expected para type: class java.lang.String
Executor - [DEBUG]: Found symbolic var with value: unknown
Executor - [BB]: Nargs? true
Executor - [DEBUG]: Caller obj: Latitude: , from class: class java.lang.StringBuilder
DalvikVM - [WARN]: ar -1, (Latitude: unknown, java.lang.StringBuilder)
Executor - [DEBUG]: Return data: Latitude: unknown ,class java.lang.StringBuilder
Executor - [MSG]: Reflction invocation public java.lang.StringBuilder java.lang.StringBuilder.append(java.lang.String)
DalvikVM - [BB]: Set reflective call: public java.lang.StringBuilder java.lang.StringBuilder.append(java.lang.String)
Unknown - [BB]: Unknown created!
DalvikVM - [WARN]: ar -1 (Latitude: unknown, java.lang.StringBuilder), ([Unknown var:Latitude: unknown, type: java.lang.StringBuilder], java.lang.StringBuilder)
DalvikVM - [BB]: fu.hao.trust.dvm.Executor -> jump set pc to 39
TaintSumBranch - [BB]: <java.lang.StringBuilder: java.lang.StringBuilder append(java.lang.String)>
TaintSumBranch - [DEBUG]: Not a taint call: <java.lang.StringBuilder: java.lang.StringBuilder append(java.lang.String)>
PluginManager - [MSG]: TaintSumBranch Tainted Res: {}
Executor - [MSG]: 

Executor - [MSG]: <39 MOV,RESULT,dst=r3,type=java.lang.Object> at de.ecspride.MainActivity/onCreate[android.os.Bundle]
DalvikVM - [WARN]: ar 3 ([Unknown var:Latitude: unknown, type: java.lang.StringBuilder], java.lang.StringBuilder), ([Unknown var:Latitude: unknown, type: java.lang.StringBuilder], java.lang.StringBuilder)
OP_MOV_RESULT - [BB]: Result data: [Unknown var:Latitude: unknown, type: java.lang.StringBuilder]
OP_MOV_RESULT - [DEBUG]: Result data: [Unknown var:Latitude: unknown, type: java.lang.StringBuilder], type: java.lang.StringBuilder, to [reg 3@MainActivity/onCreate]
DalvikVM - [BB]: fu.hao.trust.dvm.Executor$OP_MOV_RESULT -> jump set pc to 40
PluginManager - [MSG]: TaintSumBranch Tainted Res: {}
Executor - [MSG]: 

Executor - [MSG]: <40 INVOKE,VIRTUAL,extra=[java.lang.StringBuilder/toString[], [3]]> at de.ecspride.MainActivity/onCreate[android.os.Bundle]
Executor - [MSG]: arg0 obj: [Unknown var:Latitude: unknown, type: java.lang.StringBuilder]
Executor - [DEBUG]: Reflction class: class java.lang.StringBuilder
DalvikVM - [WARN]: ar -1, (Latitude: unknown, java.lang.String)
Executor - [DEBUG]: Return data: Latitude: unknown ,class java.lang.String
Executor - [MSG]: Reflction invocation public java.lang.String java.lang.StringBuilder.toString()
DalvikVM - [BB]: Set reflective call: public java.lang.String java.lang.StringBuilder.toString()
Unknown - [BB]: Unknown created!
DalvikVM - [WARN]: ar -1 (Latitude: unknown, java.lang.String), ([Unknown var:Latitude: unknown, type: java.lang.String], java.lang.String)
DalvikVM - [BB]: fu.hao.trust.dvm.Executor -> jump set pc to 41
TaintSumBranch - [BB]: <java.lang.StringBuilder: java.lang.String toString()>
TaintSumBranch - [DEBUG]: Not a taint call: <java.lang.StringBuilder: java.lang.String toString()>
PluginManager - [MSG]: TaintSumBranch Tainted Res: {}
Executor - [MSG]: 

Executor - [MSG]: <41 MOV,RESULT,dst=r3,type=java.lang.Object> at de.ecspride.MainActivity/onCreate[android.os.Bundle]
DalvikVM - [WARN]: ar 3 ([Unknown var:Latitude: unknown, type: java.lang.StringBuilder], java.lang.StringBuilder), ([Unknown var:Latitude: unknown, type: java.lang.String], java.lang.String)
OP_MOV_RESULT - [BB]: Result data: [Unknown var:Latitude: unknown, type: java.lang.String]
OP_MOV_RESULT - [DEBUG]: Result data: [Unknown var:Latitude: unknown, type: java.lang.String], type: java.lang.String, to [reg 3@MainActivity/onCreate]
DalvikVM - [BB]: fu.hao.trust.dvm.Executor$OP_MOV_RESULT -> jump set pc to 42
PluginManager - [MSG]: TaintSumBranch Tainted Res: {}
Executor - [MSG]: 

Executor - [MSG]: <42 MOV,REG,dst=r4,r0=r2,type=java.lang.Object> at de.ecspride.MainActivity/onCreate[android.os.Bundle]
DalvikVM - [WARN]: ar 4 ([Unknown var:unknown, type: java.lang.String], java.lang.String), (0, void)
class fu.hao.trust.dvm.Executor$OP_MOVE_REG - [DEBUG]: mov 0 to 0
DalvikVM - [BB]: fu.hao.trust.dvm.Executor$OP_MOVE_REG -> jump set pc to 43
PluginManager - [MSG]: TaintSumBranch Tainted Res: {}
Executor - [MSG]: 

Executor - [MSG]: <43 MOV,REG,dst=r5,r0=r2,type=java.lang.Object> at de.ecspride.MainActivity/onCreate[android.os.Bundle]
DalvikVM - [WARN]: ar 5, (0, void)
class fu.hao.trust.dvm.Executor$OP_MOVE_REG - [DEBUG]: mov 0 to 0
DalvikVM - [BB]: fu.hao.trust.dvm.Executor$OP_MOVE_REG -> jump set pc to 44
PluginManager - [MSG]: TaintSumBranch Tainted Res: {}
Executor - [MSG]: 

Executor - [MSG]: <44 INVOKE,VIRTUAL,extra=[android.telephony.SmsManager/sendTextMessage[java.lang.String, java.lang.String, java.lang.String, android.app.PendingIntent, android.app.PendingIntent], [0, 1, 2, 3, 4, 5]]> at de.ecspride.MainActivity/onCreate[android.os.Bundle]
Executor - [MSG]: arg0 obj: android.telephony.SmsManager@330878fe
Executor - [DEBUG]: Reflction class: class android.telephony.SmsManager
Executor - [BB]: Normal args? true
Executor - [BB]: arg1@reg1: +49
Executor - [BB]: arg2@reg2: 0
Executor - [WARN]: Mismatch type! arg 2, real para type: class patdroid.core.PrimitiveInfo, expected para type: class java.lang.String
Executor - [BB]: arg3@reg3: [Unknown var:Latitude: unknown, type: java.lang.String]
Executor - [WARN]: Mismatch type! arg 3, real para type: class fu.hao.trust.solver.Unknown, expected para type: class java.lang.String
Executor - [DEBUG]: Found symbolic var with value: Latitude: unknown
Executor - [BB]: arg4@reg4: 0
Executor - [WARN]: Mismatch type! arg 4, real para type: class patdroid.core.PrimitiveInfo, expected para type: class android.app.PendingIntent
Executor - [BB]: arg5@reg5: 0
Executor - [WARN]: Mismatch type! arg 5, real para type: class patdroid.core.PrimitiveInfo, expected para type: class android.app.PendingIntent
Executor - [BB]: Nargs? true
Executor - [DEBUG]: Caller obj: android.telephony.SmsManager@330878fe, from class: class android.telephony.SmsManager
DalvikVM - [WARN]: ar -1, (null, void)
Executor - [MSG]: Reflction invocation public void android.telephony.SmsManager.sendTextMessage(java.lang.String,java.lang.String,java.lang.String,android.app.PendingIntent,android.app.PendingIntent)
DalvikVM - [BB]: Set reflective call: public void android.telephony.SmsManager.sendTextMessage(java.lang.String,java.lang.String,java.lang.String,android.app.PendingIntent,android.app.PendingIntent)
DalvikVM - [BB]: fu.hao.trust.dvm.Executor -> jump set pc to 45
TaintSumBranch - [BB]: <android.telephony.SmsManager: void sendTextMessage(java.lang.String,java.lang.String,java.lang.String,android.app.PendingIntent,android.app.PendingIntent)>
TaintSumBranch - [BB]: Found a sink invocation. <android.telephony.SmsManager: void sendTextMessage(java.lang.String,java.lang.String,java.lang.String,android.app.PendingIntent,android.app.PendingIntent)>
PluginManager - [MSG]: TaintSumBranch Tainted Res: {}
Executor - [MSG]: 

Executor - [MSG]: <45 RETURN,VOID> at de.ecspride.MainActivity/onCreate[android.os.Bundle]
class fu.hao.trust.dvm.Executor$OP_RETURN_VOID - [DEBUG]: Return void
DalvikVM - [BB]: stack []
DalvikVM - [BB]: Back to the last stack frame.null
Executor - [MSG]: eventMethod: onLocationChanged
Executor - [MSG]: RUN DONE! The last one is null
DalvikVM - [MSG]: FINISHED!

main - [MSG]: output/Ordering1.apk\Ordering1.apk_SrcTaintedFields.csv
main - [MSG]: Analysis has run for 2.207510972 seconds

