main - [MSG]: Src Chain: []
main - [DEBUG]: Src Entry event: (de.ecspride.MainActivity, onCreate)
DalvikVM - [MSG]: Begin run onCreate at C:\Users\hao\workspace\DroidBenchProj\ContentProvider1\app\ContentProvider1.apk
DalvikVM - [MSG]: RUN Method de.ecspride.MainActivity/onCreate[android.os.Bundle]
DalvikVM - [BB]: New method call: de.ecspride.MainActivity/onCreate[android.os.Bundle]
DalvikVM - [BB]: [0]<0 SPECIAL,ARGUMENT_SET,extra=[8, 9]>
DalvikVM - [BB]: [1]<0 MOV,CONST,dst=r2,type=void,extra=class patdroid.core.PrimitiveInfo?0>
DalvikVM - [BB]: [2]<0 INVOKE,SUPER,extra=[android.support.v7.app.ActionBarActivity/onCreate[android.os.Bundle], [8, 9]]>
DalvikVM - [BB]: [3]<2 MOV,CONST,dst=r4,type=void,extra=class patdroid.core.PrimitiveInfo?2130903064>
DalvikVM - [BB]: [4]<0 INVOKE,VIRTUAL,extra=[android.support.v7.app.ActionBarActivity/setContentView[int], [8, 4]]>
DalvikVM - [BB]: [5]<0 IF,NEZ,r0=r9,extra=index:16>
DalvikVM - [BB]: [6]<0 INVOKE,VIRTUAL,extra=[android.support.v7.app.ActionBar$Callback/getSupportFragmentManager[], [8]]>
DalvikVM - [BB]: [7]<0 MOV,RESULT,dst=r4,type=java.lang.Object>
DalvikVM - [BB]: [8]<0 INVOKE,VIRTUAL,extra=[android.support.v4.app.FragmentManager/beginTransaction[], [4]]>
DalvikVM - [BB]: [9]<0 MOV,RESULT,dst=r4,type=java.lang.Object>
DalvikVM - [BB]: [10]<9 MOV,CONST,dst=r5,type=void,extra=class patdroid.core.PrimitiveInfo?2131427388>
DalvikVM - [BB]: [11]<0 NEW,INSTANCE,dst=r7,type=de.ecspride.MainActivity$PlaceholderFragment>
DalvikVM - [BB]: [12]<0 INVOKE,DIRECT,extra=[de.ecspride.MainActivity$PlaceholderFragment/<init>[], [7]]>
DalvikVM - [BB]: [13]<0 INVOKE,VIRTUAL,extra=[android.support.v4.app.FragmentTransaction/add[int, android.support.v4.app.Fragment], [4, 5, 7]]>
DalvikVM - [BB]: [14]<0 MOV,RESULT,dst=r4,type=java.lang.Object>
DalvikVM - [BB]: [15]<0 INVOKE,VIRTUAL,extra=[android.support.v4.app.FragmentTransaction/commit[], [4]]>
DalvikVM - [BB]: [16]<0 STATIC,SGET,r0=r4,type=boolean,extra=(de.ecspride.MyContentProvider, isEmulator)>
DalvikVM - [BB]: [17]<0 IF,NEZ,r0=r4,extra=index:32>
DalvikVM - [BB]: [18]<17 MOV,CONST,dst=r4,type=java.lang.String,extra="phone">
DalvikVM - [BB]: [19]<0 INVOKE,VIRTUAL,extra=[android.content.Context/getSystemService[java.lang.String], [8, 4]]>
DalvikVM - [BB]: [20]<0 MOV,RESULT,dst=r6,type=java.lang.Object>
DalvikVM - [BB]: [21]<0 ARITHMETIC,CHECK-AND-CAST,dst=r6,type=android.telephony.TelephonyManager>
DalvikVM - [BB]: [22]<0 INVOKE,VIRTUAL,extra=[android.telephony.TelephonyManager/getDeviceId[], [6]]>
DalvikVM - [BB]: [23]<0 MOV,RESULT,dst=r3,type=java.lang.Object>
DalvikVM - [BB]: [24]<0 INVOKE,STATIC,extra=[android.telephony.SmsManager/getDefault[], []]>
DalvikVM - [BB]: [25]<0 MOV,RESULT,dst=r0,type=java.lang.Object>
DalvikVM - [BB]: [26]<25 MOV,CONST,dst=r1,type=java.lang.String,extra="+49 1234">
DalvikVM - [BB]: [27]<0 MOV,REG,dst=r4,r0=r2,type=java.lang.Object>
DalvikVM - [BB]: [28]<0 MOV,REG,dst=r5,r0=r2,type=java.lang.Object>
DalvikVM - [BB]: [29]<0 INVOKE,VIRTUAL,extra=[android.telephony.SmsManager/sendTextMessage[java.lang.String, java.lang.String, java.lang.String, android.app.PendingIntent, android.app.PendingIntent], [0, 1, 2, 3, 4, 5]]>
DalvikVM - [BB]: [30]<29 MOV,CONST,dst=r2,type=java.lang.String,extra="DROIDBENCH">
DalvikVM - [BB]: [31]<0 INVOKE,STATIC,extra=[android.util.Log/v[java.lang.String, java.lang.String], [2, 3]]>
DalvikVM - [BB]: [32]<0 RETURN,VOID>
newStackFrame - [BB]: New Stack Frame: StackFrame de.ecspride.MainActivity/onCreate[android.os.Bundle]
newStackFrame - [BB]: Add frame StackFrame de.ecspride.MainActivity/onCreate[android.os.Bundle]
newStackFrame - [BB]: Stack: [StackFrame de.ecspride.MainActivity/onCreate[android.os.Bundle]]
Activity - [BB]: New instance of de.ecspride.MainActivity
Caller@4: <init>@fu.hao.trust.dvm.DVMObject - [BB]: getClass de.ecspride.MainActivity at fu.hao.trust.dvm.VMHeap@662077b6
Caller: getClass@fu.hao.trust.dvm.VMHeap - [BB]: new class representation for de.ecspride.MainActivity at fu.hao.trust.dvm.VMHeap@662077b6
Caller@4: <init>@fu.hao.trust.dvm.DVMClass - [BB]: getClass android.support.v7.app.ActionBarActivity at fu.hao.trust.dvm.VMHeap@662077b6
Caller: getClass@fu.hao.trust.dvm.VMHeap - [BB]: new class representation for android.support.v7.app.ActionBarActivity at fu.hao.trust.dvm.VMHeap@662077b6
Caller@4: <init>@fu.hao.trust.dvm.DVMClass - [BB]: getClass android.support.v4.app.FragmentActivity at fu.hao.trust.dvm.VMHeap@662077b6
Caller: getClass@fu.hao.trust.dvm.VMHeap - [BB]: new class representation for android.support.v4.app.FragmentActivity at fu.hao.trust.dvm.VMHeap@662077b6
Caller@4: <init>@fu.hao.trust.dvm.DVMClass - [BB]: getClass android.app.Activity at fu.hao.trust.dvm.VMHeap@662077b6
Caller: getClass@fu.hao.trust.dvm.VMHeap - [BB]: new class representation for android.app.Activity at fu.hao.trust.dvm.VMHeap@662077b6
Caller@4: <init>@fu.hao.trust.dvm.DVMClass - [BB]: getClass android.content.ContextWrapper at fu.hao.trust.dvm.VMHeap@662077b6
Caller: getClass@fu.hao.trust.dvm.VMHeap - [BB]: new class representation for android.content.ContextWrapper at fu.hao.trust.dvm.VMHeap@662077b6
Caller@4: <init>@fu.hao.trust.dvm.DVMClass - [BB]: getClass android.content.Context at fu.hao.trust.dvm.VMHeap@662077b6
Caller: getClass@fu.hao.trust.dvm.VMHeap - [BB]: new class representation for android.content.Context at fu.hao.trust.dvm.VMHeap@662077b6
Caller@4: <init>@fu.hao.trust.dvm.DVMClass - [BB]: getClass fu.hao.trust.dvm.DVMObject at fu.hao.trust.dvm.VMHeap@662077b6
Caller: getClass@fu.hao.trust.dvm.VMHeap - [BB]: new class representation for fu.hao.trust.dvm.DVMObject at fu.hao.trust.dvm.VMHeap@662077b6
Caller: <init>@fu.hao.trust.dvm.DVMClass - [BB]: Get DVMClass for type fu.hao.trust.dvm.DVMObject
Caller@4: <init>@fu.hao.trust.dvm.DVMClass - [BB]: getClass fu.hao.trust.dvm.DVMObject at fu.hao.trust.dvm.VMHeap@662077b6
Caller: <init>@fu.hao.trust.dvm.DVMClass - [BB]: Get DVMClass for type android.content.Context
Caller@4: <init>@fu.hao.trust.dvm.DVMClass - [BB]: getClass android.content.Context at fu.hao.trust.dvm.VMHeap@662077b6
Caller: <init>@fu.hao.trust.dvm.DVMClass - [BB]: Get DVMClass for type android.content.ContextWrapper
Caller@4: <init>@fu.hao.trust.dvm.DVMClass - [BB]: getClass android.content.ContextWrapper at fu.hao.trust.dvm.VMHeap@662077b6
Caller: <init>@fu.hao.trust.dvm.DVMClass - [BB]: Get DVMClass for type android.app.Activity
Caller@4: <init>@fu.hao.trust.dvm.DVMClass - [BB]: getClass android.app.Activity at fu.hao.trust.dvm.VMHeap@662077b6
Caller: <init>@fu.hao.trust.dvm.DVMClass - [BB]: Get DVMClass for type android.support.v4.app.FragmentActivity
Caller@4: <init>@fu.hao.trust.dvm.DVMClass - [BB]: getClass android.support.v4.app.FragmentActivity at fu.hao.trust.dvm.VMHeap@662077b6
Caller: <init>@fu.hao.trust.dvm.DVMClass - [BB]: Get DVMClass for type android.support.v7.app.ActionBarActivity
Caller@4: <init>@fu.hao.trust.dvm.DVMClass - [BB]: getClass android.support.v7.app.ActionBarActivity at fu.hao.trust.dvm.VMHeap@662077b6
Caller: <init>@fu.hao.trust.dvm.DVMObject - [BB]: Get DVMClass for type de.ecspride.MainActivity
Caller@4: <init>@fu.hao.trust.dvm.DVMObject - [BB]: getClass de.ecspride.MainActivity at fu.hao.trust.dvm.VMHeap@662077b6
Activity - [MSG]: Not empty constructor
DalvikVM - [BB]: New method call: de.ecspride.MainActivity/<init>[]
DalvikVM - [BB]: [0]<0 SPECIAL,ARGUMENT_SET,extra=[0]>
DalvikVM - [BB]: [1]<0 INVOKE,DIRECT,extra=[android.support.v7.app.ActionBarActivity/<init>[], [0]]>
DalvikVM - [BB]: [2]<0 RETURN,VOID>
DalvikVM - [WARN]: ar -2, (Activity:instance number 1@de.ecspride.MainActivity, de.ecspride.MainActivity)
newStackFrame - [BB]: New Stack Frame: StackFrame de.ecspride.MainActivity/<init>[], pc -1 stored. 
newStackFrame - [BB]: Stack: [StackFrame de.ecspride.MainActivity/onCreate[android.os.Bundle]]
DalvikVM - [MSG]: Begin run instrumented methods!
DalvikVM - [BB]: Add frames [StackFrame de.ecspride.MainActivity/<init>[]]
DalvikVM - [BB]: fu.hao.trust.dvm.DalvikVM -> runInstrumentedMethods set pc to 0
Executor - [MSG]: 

Executor - [MSG]: <0 SPECIAL,ARGUMENT_SET,extra=[0]> at de.ecspride.MainActivity/<init>[]
DalvikVM - [WARN]: ar 0, (Activity:instance number 1@de.ecspride.MainActivity, de.ecspride.MainActivity)
Executor - [DEBUG]: params: Activity:instance number 1@de.ecspride.MainActivity
DalvikVM - [BB]: fu.hao.trust.dvm.Executor$OP_SP_ARGUMENTS -> jump set pc to 1
PluginManager - [MSG]: TaintSumBranch Tainted Res: {}
Executor - [MSG]: 

Executor - [MSG]: <1 INVOKE,DIRECT,extra=[android.support.v7.app.ActionBarActivity/<init>[], [0]]> at de.ecspride.MainActivity/<init>[]
Executor - [MSG]: arg0 obj: Activity:instance number 1@de.ecspride.MainActivity
Executor - [WARN]: Reflection error: android.support.v7.app.ActionBarActivity
DalvikVM - [BB]: fu.hao.trust.dvm.Executor -> jump set pc to 2
Unknown - [BB]: Unknown created!
DalvikVM - [WARN]: ar -1, ([Unknown var:null, type: void], void)
Executor - [WARN]: Found noInvokeMethod android.support.v7.app.ActionBarActivity/<init>[]
TaintSumBranch - [BB]: <android.support.v7.app.ActionBarActivity: void <init>()>
TaintSumBranch - [DEBUG]: Not a taint call: <android.support.v7.app.ActionBarActivity: void <init>()>
PluginManager - [MSG]: TaintSumBranch Tainted Res: {}
Executor - [MSG]: 

Executor - [MSG]: <2 RETURN,VOID> at de.ecspride.MainActivity/<init>[]
class fu.hao.trust.dvm.Executor$OP_RETURN_VOID - [DEBUG]: Return void
DalvikVM - [BB]: stack [StackFrame de.ecspride.MainActivity/onCreate[android.os.Bundle]]
DalvikVM - [BB]: Back to the last stack frame.StackFrame de.ecspride.MainActivity/onCreate[android.os.Bundle]
DalvikVM - [MSG]: Finish running instrumented methods! Back to StackFrame de.ecspride.MainActivity/onCreate[android.os.Bundle]
Activity - [MSG]: New Activity Created with type de.ecspride.MainActivity
DalvikVM - [BB]: New method call: de.ecspride.MainActivity/onCreate[android.os.Bundle]
DalvikVM - [BB]: [0]<0 SPECIAL,ARGUMENT_SET,extra=[8, 9]>
DalvikVM - [BB]: [1]<0 MOV,CONST,dst=r2,type=void,extra=class patdroid.core.PrimitiveInfo?0>
DalvikVM - [BB]: [2]<0 INVOKE,SUPER,extra=[android.support.v7.app.ActionBarActivity/onCreate[android.os.Bundle], [8, 9]]>
DalvikVM - [BB]: [3]<2 MOV,CONST,dst=r4,type=void,extra=class patdroid.core.PrimitiveInfo?2130903064>
DalvikVM - [BB]: [4]<0 INVOKE,VIRTUAL,extra=[android.support.v7.app.ActionBarActivity/setContentView[int], [8, 4]]>
DalvikVM - [BB]: [5]<0 IF,NEZ,r0=r9,extra=index:16>
DalvikVM - [BB]: [6]<0 INVOKE,VIRTUAL,extra=[android.support.v7.app.ActionBar$Callback/getSupportFragmentManager[], [8]]>
DalvikVM - [BB]: [7]<0 MOV,RESULT,dst=r4,type=java.lang.Object>
DalvikVM - [BB]: [8]<0 INVOKE,VIRTUAL,extra=[android.support.v4.app.FragmentManager/beginTransaction[], [4]]>
DalvikVM - [BB]: [9]<0 MOV,RESULT,dst=r4,type=java.lang.Object>
DalvikVM - [BB]: [10]<9 MOV,CONST,dst=r5,type=void,extra=class patdroid.core.PrimitiveInfo?2131427388>
DalvikVM - [BB]: [11]<0 NEW,INSTANCE,dst=r7,type=de.ecspride.MainActivity$PlaceholderFragment>
DalvikVM - [BB]: [12]<0 INVOKE,DIRECT,extra=[de.ecspride.MainActivity$PlaceholderFragment/<init>[], [7]]>
DalvikVM - [BB]: [13]<0 INVOKE,VIRTUAL,extra=[android.support.v4.app.FragmentTransaction/add[int, android.support.v4.app.Fragment], [4, 5, 7]]>
DalvikVM - [BB]: [14]<0 MOV,RESULT,dst=r4,type=java.lang.Object>
DalvikVM - [BB]: [15]<0 INVOKE,VIRTUAL,extra=[android.support.v4.app.FragmentTransaction/commit[], [4]]>
DalvikVM - [BB]: [16]<0 STATIC,SGET,r0=r4,type=boolean,extra=(de.ecspride.MyContentProvider, isEmulator)>
DalvikVM - [BB]: [17]<0 IF,NEZ,r0=r4,extra=index:32>
DalvikVM - [BB]: [18]<17 MOV,CONST,dst=r4,type=java.lang.String,extra="phone">
DalvikVM - [BB]: [19]<0 INVOKE,VIRTUAL,extra=[android.content.Context/getSystemService[java.lang.String], [8, 4]]>
DalvikVM - [BB]: [20]<0 MOV,RESULT,dst=r6,type=java.lang.Object>
DalvikVM - [BB]: [21]<0 ARITHMETIC,CHECK-AND-CAST,dst=r6,type=android.telephony.TelephonyManager>
DalvikVM - [BB]: [22]<0 INVOKE,VIRTUAL,extra=[android.telephony.TelephonyManager/getDeviceId[], [6]]>
DalvikVM - [BB]: [23]<0 MOV,RESULT,dst=r3,type=java.lang.Object>
DalvikVM - [BB]: [24]<0 INVOKE,STATIC,extra=[android.telephony.SmsManager/getDefault[], []]>
DalvikVM - [BB]: [25]<0 MOV,RESULT,dst=r0,type=java.lang.Object>
DalvikVM - [BB]: [26]<25 MOV,CONST,dst=r1,type=java.lang.String,extra="+49 1234">
DalvikVM - [BB]: [27]<0 MOV,REG,dst=r4,r0=r2,type=java.lang.Object>
DalvikVM - [BB]: [28]<0 MOV,REG,dst=r5,r0=r2,type=java.lang.Object>
DalvikVM - [BB]: [29]<0 INVOKE,VIRTUAL,extra=[android.telephony.SmsManager/sendTextMessage[java.lang.String, java.lang.String, java.lang.String, android.app.PendingIntent, android.app.PendingIntent], [0, 1, 2, 3, 4, 5]]>
DalvikVM - [BB]: [30]<29 MOV,CONST,dst=r2,type=java.lang.String,extra="DROIDBENCH">
DalvikVM - [BB]: [31]<0 INVOKE,STATIC,extra=[android.util.Log/v[java.lang.String, java.lang.String], [2, 3]]>
DalvikVM - [BB]: [32]<0 RETURN,VOID>
DalvikVM - [WARN]: ar -2, (Activity:instance number 1@de.ecspride.MainActivity, de.ecspride.MainActivity)
DalvikVM - [WARN]: ar -2, (null, android.os.Bundle)
newStackFrame - [BB]: New Stack Frame: StackFrame de.ecspride.MainActivity/onCreate[android.os.Bundle]
newStackFrame - [BB]: Stack: []
Activity - [BB]: Intent null
DalvikVM - [MSG]: Begin run instrumented methods!
DalvikVM - [BB]: Add frames [StackFrame de.ecspride.MainActivity/onCreate[android.os.Bundle]]
DalvikVM - [BB]: fu.hao.trust.dvm.DalvikVM -> runInstrumentedMethods set pc to 0
Executor - [MSG]: 

Executor - [MSG]: <0 SPECIAL,ARGUMENT_SET,extra=[8, 9]> at de.ecspride.MainActivity/onCreate[android.os.Bundle]
DalvikVM - [WARN]: ar 8, (Activity:instance number 1@de.ecspride.MainActivity, de.ecspride.MainActivity)
Executor - [DEBUG]: params: Activity:instance number 1@de.ecspride.MainActivity
DalvikVM - [WARN]: ar 9, (null, android.os.Bundle)
Executor - [DEBUG]: params: null
DalvikVM - [BB]: fu.hao.trust.dvm.Executor$OP_SP_ARGUMENTS -> jump set pc to 1
PluginManager - [MSG]: TaintSumBranch Tainted Res: {}
Executor - [MSG]: 

Executor - [MSG]: <1 MOV,CONST,dst=r2,type=void,extra=class patdroid.core.PrimitiveInfo?0> at de.ecspride.MainActivity/onCreate[android.os.Bundle]
Executor - [DEBUG]: Mov const begin <1 MOV,CONST,dst=r2,type=void,extra=class patdroid.core.PrimitiveInfo?0>
DalvikVM - [WARN]: ar 2, (0, void)
Executor - [DEBUG]: data: 0 class patdroid.core.PrimitiveInfo
DalvikVM - [BB]: fu.hao.trust.dvm.Executor$OP_MOV_CONST -> jump set pc to 2
PluginManager - [MSG]: TaintSumBranch Tainted Res: {}
Executor - [MSG]: 

Executor - [MSG]: <2 INVOKE,SUPER,extra=[android.support.v7.app.ActionBarActivity/onCreate[android.os.Bundle], [8, 9]]> at de.ecspride.MainActivity/onCreate[android.os.Bundle]
Executor - [MSG]: arg0 obj: Activity:instance number 1@de.ecspride.MainActivity
Executor - [WARN]: Reflection error: android.support.v7.app.ActionBarActivity
DalvikVM - [BB]: fu.hao.trust.dvm.Executor -> jump set pc to 3
Unknown - [BB]: Unknown created!
DalvikVM - [WARN]: ar -1, ([Unknown var:null, type: void], void)
Executor - [WARN]: Found noInvokeMethod android.support.v7.app.ActionBarActivity/onCreate[android.os.Bundle]
PluginManager - [MSG]: TaintSumBranch Tainted Res: {}
Executor - [MSG]: 

Executor - [MSG]: <3 MOV,CONST,dst=r4,type=void,extra=class patdroid.core.PrimitiveInfo?2130903064> at de.ecspride.MainActivity/onCreate[android.os.Bundle]
Executor - [DEBUG]: Mov const begin <3 MOV,CONST,dst=r4,type=void,extra=class patdroid.core.PrimitiveInfo?2130903064>
DalvikVM - [WARN]: ar 4, (2130903064, void)
Executor - [DEBUG]: data: 2130903064 class patdroid.core.PrimitiveInfo
DalvikVM - [BB]: fu.hao.trust.dvm.Executor$OP_MOV_CONST -> jump set pc to 4
PluginManager - [MSG]: TaintSumBranch Tainted Res: {}
Executor - [MSG]: 

Executor - [MSG]: <4 INVOKE,VIRTUAL,extra=[android.support.v7.app.ActionBarActivity/setContentView[int], [8, 4]]> at de.ecspride.MainActivity/onCreate[android.os.Bundle]
Executor - [MSG]: arg0 obj: Activity:instance number 1@de.ecspride.MainActivity
Executor - [WARN]: Reflection error: android.support.v7.app.ActionBarActivity
DalvikVM - [BB]: fu.hao.trust.dvm.Executor -> jump set pc to 5
Unknown - [BB]: Unknown created!
DalvikVM - [WARN]: ar -1, ([Unknown var:null, type: void], void)
Executor - [WARN]: Found noInvokeMethod android.support.v7.app.ActionBarActivity/setContentView[int]
PluginManager - [MSG]: TaintSumBranch Tainted Res: {}
Executor - [MSG]: 

Executor - [MSG]: <5 IF,NEZ,r0=r9,extra=index:16> at de.ecspride.MainActivity/onCreate[android.os.Bundle]
OP_CMP - [DEBUG]: r0 data null
OP_CMP - [DEBUG]: r0 type android.os.Bundle
Executor - [DEBUG]: Ops: 0, 0
DalvikVM - [BB]: fu.hao.trust.dvm.Executor$OP_IF_NEZ -> jump set pc to 6
Executor - [DEBUG]: Equ: <5 IF,NEZ,r0=r9,extra=index:16>
PluginManager - [MSG]: TaintSumBranch Tainted Res: {}
Executor - [MSG]: 

Executor - [MSG]: <6 INVOKE,VIRTUAL,extra=[android.support.v7.app.ActionBar$Callback/getSupportFragmentManager[], [8]]> at de.ecspride.MainActivity/onCreate[android.os.Bundle]
Executor - [MSG]: arg0 obj: Activity:instance number 1@de.ecspride.MainActivity
Executor - [WARN]: Reflection error: android.support.v7.app.ActionBar$Callback
DalvikVM - [BB]: fu.hao.trust.dvm.Executor -> jump set pc to 7
DalvikVM - [BB]: Superclass: android.support.v4.app.FragmentManager
DalvikVM - [BB]: Superclass: java.lang.Object
DVMObject - [BB]: New instance of android.support.v4.app.FragmentManager
Caller@4: <init>@fu.hao.trust.dvm.DVMObject - [BB]: getClass android.support.v4.app.FragmentManager at fu.hao.trust.dvm.VMHeap@662077b6
Caller: getClass@fu.hao.trust.dvm.VMHeap - [BB]: new class representation for android.support.v4.app.FragmentManager at fu.hao.trust.dvm.VMHeap@662077b6
Caller: <init>@fu.hao.trust.dvm.DVMObject - [BB]: Get DVMClass for type android.support.v4.app.FragmentManager
Caller@4: <init>@fu.hao.trust.dvm.DVMObject - [BB]: getClass android.support.v4.app.FragmentManager at fu.hao.trust.dvm.VMHeap@662077b6
DVMObject - [MSG]: Not empty constructor
DalvikVM - [MSG]: Begin run instrumented methods!
DalvikVM - [BB]: Add frames []
DalvikVM - [MSG]: Finish running instrumented methods! Back to StackFrame de.ecspride.MainActivity/onCreate[android.os.Bundle]
Unknown - [BB]: Unknown created!
DalvikVM - [WARN]: ar -1, ([Unknown var:instance number 1@android.support.v4.app.FragmentManager, type: android.support.v4.app.FragmentManager], android.support.v4.app.FragmentManager)
Executor - [WARN]: Found noInvokeMethod android.support.v7.app.ActionBar$Callback/getSupportFragmentManager[]
PluginManager - [MSG]: TaintSumBranch Tainted Res: {}
Executor - [MSG]: 

Executor - [MSG]: <7 MOV,RESULT,dst=r4,type=java.lang.Object> at de.ecspride.MainActivity/onCreate[android.os.Bundle]
DalvikVM - [WARN]: ar 4 (2130903064, void), ([Unknown var:instance number 1@android.support.v4.app.FragmentManager, type: android.support.v4.app.FragmentManager], android.support.v4.app.FragmentManager)
OP_MOV_RESULT - [BB]: Result data: [Unknown var:instance number 1@android.support.v4.app.FragmentManager, type: android.support.v4.app.FragmentManager]
OP_MOV_RESULT - [DEBUG]: Result data: [Unknown var:instance number 1@android.support.v4.app.FragmentManager, type: android.support.v4.app.FragmentManager], type: android.support.v4.app.FragmentManager, to [reg 4@MainActivity/onCreate]
DalvikVM - [BB]: fu.hao.trust.dvm.Executor$OP_MOV_RESULT -> jump set pc to 8
PluginManager - [MSG]: TaintSumBranch Tainted Res: {}
Executor - [MSG]: 

Executor - [MSG]: <8 INVOKE,VIRTUAL,extra=[android.support.v4.app.FragmentManager/beginTransaction[], [4]]> at de.ecspride.MainActivity/onCreate[android.os.Bundle]
Executor - [MSG]: arg0 obj: [Unknown var:instance number 1@android.support.v4.app.FragmentManager, type: android.support.v4.app.FragmentManager]
Executor - [WARN]: Reflection error: android.support.v4.app.FragmentManager
DalvikVM - [BB]: fu.hao.trust.dvm.Executor -> jump set pc to 9
DalvikVM - [BB]: Superclass: android.support.v4.app.FragmentTransaction
DalvikVM - [BB]: Superclass: java.lang.Object
DVMObject - [BB]: New instance of android.support.v4.app.FragmentTransaction
Caller@4: <init>@fu.hao.trust.dvm.DVMObject - [BB]: getClass android.support.v4.app.FragmentTransaction at fu.hao.trust.dvm.VMHeap@662077b6
Caller: getClass@fu.hao.trust.dvm.VMHeap - [BB]: new class representation for android.support.v4.app.FragmentTransaction at fu.hao.trust.dvm.VMHeap@662077b6
Caller: <init>@fu.hao.trust.dvm.DVMObject - [BB]: Get DVMClass for type android.support.v4.app.FragmentTransaction
Caller@4: <init>@fu.hao.trust.dvm.DVMObject - [BB]: getClass android.support.v4.app.FragmentTransaction at fu.hao.trust.dvm.VMHeap@662077b6
DVMObject - [MSG]: Not empty constructor
DalvikVM - [MSG]: Begin run instrumented methods!
DalvikVM - [BB]: Add frames []
DalvikVM - [MSG]: Finish running instrumented methods! Back to StackFrame de.ecspride.MainActivity/onCreate[android.os.Bundle]
Unknown - [BB]: Unknown created!
DalvikVM - [WARN]: ar -1, ([Unknown var:instance number 1@android.support.v4.app.FragmentTransaction, type: android.support.v4.app.FragmentTransaction], android.support.v4.app.FragmentTransaction)
Executor - [WARN]: Found noInvokeMethod android.support.v4.app.FragmentManager/beginTransaction[]
PluginManager - [MSG]: TaintSumBranch Tainted Res: {}
Executor - [MSG]: 

Executor - [MSG]: <9 MOV,RESULT,dst=r4,type=java.lang.Object> at de.ecspride.MainActivity/onCreate[android.os.Bundle]
DalvikVM - [WARN]: ar 4 ([Unknown var:instance number 1@android.support.v4.app.FragmentManager, type: android.support.v4.app.FragmentManager], android.support.v4.app.FragmentManager), ([Unknown var:instance number 1@android.support.v4.app.FragmentTransaction, type: android.support.v4.app.FragmentTransaction], android.support.v4.app.FragmentTransaction)
OP_MOV_RESULT - [BB]: Result data: [Unknown var:instance number 1@android.support.v4.app.FragmentTransaction, type: android.support.v4.app.FragmentTransaction]
OP_MOV_RESULT - [DEBUG]: Result data: [Unknown var:instance number 1@android.support.v4.app.FragmentTransaction, type: android.support.v4.app.FragmentTransaction], type: android.support.v4.app.FragmentTransaction, to [reg 4@MainActivity/onCreate]
DalvikVM - [BB]: fu.hao.trust.dvm.Executor$OP_MOV_RESULT -> jump set pc to 10
PluginManager - [MSG]: TaintSumBranch Tainted Res: {}
Executor - [MSG]: 

Executor - [MSG]: <10 MOV,CONST,dst=r5,type=void,extra=class patdroid.core.PrimitiveInfo?2131427388> at de.ecspride.MainActivity/onCreate[android.os.Bundle]
Executor - [DEBUG]: Mov const begin <10 MOV,CONST,dst=r5,type=void,extra=class patdroid.core.PrimitiveInfo?2131427388>
DalvikVM - [WARN]: ar 5, (2131427388, void)
Executor - [DEBUG]: data: 2131427388 class patdroid.core.PrimitiveInfo
DalvikVM - [BB]: fu.hao.trust.dvm.Executor$OP_MOV_CONST -> jump set pc to 11
PluginManager - [MSG]: TaintSumBranch Tainted Res: {}
Executor - [MSG]: 

Executor - [MSG]: <11 NEW,INSTANCE,dst=r7,type=de.ecspride.MainActivity$PlaceholderFragment> at de.ecspride.MainActivity/onCreate[android.os.Bundle]
OP_NEW_INSTANCE - [DEBUG]: [reg 7@MainActivity/onCreate]
DalvikVM - [BB]: Superclass: de.ecspride.MainActivity$PlaceholderFragment
DalvikVM - [BB]: Superclass: android.support.v4.app.Fragment
DalvikVM - [BB]: Superclass: java.lang.Object
DVMObject - [BB]: New instance of de.ecspride.MainActivity$PlaceholderFragment
Caller@4: <init>@fu.hao.trust.dvm.DVMObject - [BB]: getClass de.ecspride.MainActivity$PlaceholderFragment at fu.hao.trust.dvm.VMHeap@662077b6
Caller: getClass@fu.hao.trust.dvm.VMHeap - [BB]: new class representation for de.ecspride.MainActivity$PlaceholderFragment at fu.hao.trust.dvm.VMHeap@662077b6
DalvikVM - [MSG]: Begin run instrumented methods!
DalvikVM - [BB]: Add frames []
DalvikVM - [MSG]: Finish running instrumented methods! Back to StackFrame de.ecspride.MainActivity/onCreate[android.os.Bundle]
Caller@4: <init>@fu.hao.trust.dvm.DVMClass - [BB]: getClass android.support.v4.app.Fragment at fu.hao.trust.dvm.VMHeap@662077b6
Caller: getClass@fu.hao.trust.dvm.VMHeap - [BB]: new class representation for android.support.v4.app.Fragment at fu.hao.trust.dvm.VMHeap@662077b6
DalvikVM - [MSG]: Begin run instrumented methods!
DalvikVM - [BB]: Add frames []
DalvikVM - [MSG]: Finish running instrumented methods! Back to StackFrame de.ecspride.MainActivity/onCreate[android.os.Bundle]
Caller: <init>@fu.hao.trust.dvm.DVMClass - [BB]: Get DVMClass for type android.support.v4.app.Fragment
Caller@4: <init>@fu.hao.trust.dvm.DVMClass - [BB]: getClass android.support.v4.app.Fragment at fu.hao.trust.dvm.VMHeap@662077b6
Caller: <init>@fu.hao.trust.dvm.DVMObject - [BB]: Get DVMClass for type de.ecspride.MainActivity$PlaceholderFragment
Caller@4: <init>@fu.hao.trust.dvm.DVMObject - [BB]: getClass de.ecspride.MainActivity$PlaceholderFragment at fu.hao.trust.dvm.VMHeap@662077b6
DVMObject - [MSG]: Not empty constructor
DalvikVM - [BB]: New method call: de.ecspride.MainActivity$PlaceholderFragment/<init>[]
DalvikVM - [BB]: [0]<0 SPECIAL,ARGUMENT_SET,extra=[0]>
DalvikVM - [BB]: [1]<0 INVOKE,DIRECT,extra=[android.support.v4.app.Fragment/<init>[], [0]]>
DalvikVM - [BB]: [2]<0 RETURN,VOID>
DalvikVM - [WARN]: ar -2, (instance number 1@de.ecspride.MainActivity$PlaceholderFragment, de.ecspride.MainActivity$PlaceholderFragment)
newStackFrame - [BB]: New Stack Frame: StackFrame de.ecspride.MainActivity$PlaceholderFragment/<init>[], pc 11 stored. 
newStackFrame - [BB]: Stack: [StackFrame de.ecspride.MainActivity/onCreate[android.os.Bundle]]
DalvikVM - [MSG]: Begin run instrumented methods!
DalvikVM - [BB]: Add frames [StackFrame de.ecspride.MainActivity$PlaceholderFragment/<init>[]]
DalvikVM - [BB]: fu.hao.trust.dvm.DalvikVM -> runInstrumentedMethods set pc to 0
Executor - [MSG]: 

Executor - [MSG]: <0 SPECIAL,ARGUMENT_SET,extra=[0]> at de.ecspride.MainActivity$PlaceholderFragment/<init>[]
DalvikVM - [WARN]: ar 0, (instance number 1@de.ecspride.MainActivity$PlaceholderFragment, de.ecspride.MainActivity$PlaceholderFragment)
Executor - [DEBUG]: params: instance number 1@de.ecspride.MainActivity$PlaceholderFragment
DalvikVM - [BB]: fu.hao.trust.dvm.Executor$OP_SP_ARGUMENTS -> jump set pc to 1
PluginManager - [MSG]: TaintSumBranch Tainted Res: {}
Executor - [MSG]: 

Executor - [MSG]: <1 INVOKE,DIRECT,extra=[android.support.v4.app.Fragment/<init>[], [0]]> at de.ecspride.MainActivity$PlaceholderFragment/<init>[]
Executor - [MSG]: arg0 obj: instance number 1@de.ecspride.MainActivity$PlaceholderFragment
Executor - [WARN]: Reflection error: android.support.v4.app.Fragment
DalvikVM - [BB]: fu.hao.trust.dvm.Executor -> jump set pc to 2
Unknown - [BB]: Unknown created!
DalvikVM - [WARN]: ar -1, ([Unknown var:null, type: void], void)
Executor - [WARN]: Found noInvokeMethod android.support.v4.app.Fragment/<init>[]
TaintSumBranch - [BB]: <android.support.v4.app.Fragment: void <init>()>
TaintSumBranch - [DEBUG]: Not a taint call: <android.support.v4.app.Fragment: void <init>()>
PluginManager - [MSG]: TaintSumBranch Tainted Res: {}
Executor - [MSG]: 

Executor - [MSG]: <2 RETURN,VOID> at de.ecspride.MainActivity$PlaceholderFragment/<init>[]
class fu.hao.trust.dvm.Executor$OP_RETURN_VOID - [DEBUG]: Return void
DalvikVM - [BB]: stack [StackFrame de.ecspride.MainActivity/onCreate[android.os.Bundle]]
DalvikVM - [BB]: Back to the last stack frame.StackFrame de.ecspride.MainActivity/onCreate[android.os.Bundle]
PluginManager - [MSG]: TaintSumBranch Tainted Res: {}
DalvikVM - [MSG]: Finish running instrumented methods! Back to StackFrame de.ecspride.MainActivity/onCreate[android.os.Bundle]
DalvikVM - [WARN]: ar 7, (instance number 1@de.ecspride.MainActivity$PlaceholderFragment, de.ecspride.MainActivity$PlaceholderFragment)
OP_NEW_INSTANCE - [DEBUG]: New object of de.ecspride.MainActivity$PlaceholderFragmentcreated:instance number 1@de.ecspride.MainActivity$PlaceholderFragment
DalvikVM - [BB]: fu.hao.trust.dvm.Executor$OP_NEW_INSTANCE -> jump set pc to 12
TaintSumBranch - [BB]: Rdst [reg 7@MainActivity/onCreate]
PluginManager - [MSG]: TaintSumBranch Tainted Res: {}
Executor - [MSG]: 

Executor - [MSG]: <12 INVOKE,DIRECT,extra=[de.ecspride.MainActivity$PlaceholderFragment/<init>[], [7]]> at de.ecspride.MainActivity/onCreate[android.os.Bundle]
Executor - [MSG]: arg0 obj: instance number 1@de.ecspride.MainActivity$PlaceholderFragment
Executor - [WARN]: Reflection error: de.ecspride.MainActivity$PlaceholderFragment
DalvikVM - [BB]: fu.hao.trust.dvm.Executor -> jump set pc to 13
DalvikVM - [BB]: New method call: de.ecspride.MainActivity$PlaceholderFragment/<init>[]
DalvikVM - [BB]: [0]<0 SPECIAL,ARGUMENT_SET,extra=[0]>
DalvikVM - [BB]: [1]<1 INVOKE,DIRECT,extra=[android.support.v4.app.Fragment/<init>[], [0]]>
DalvikVM - [BB]: [2]<2 RETURN,VOID>
newStackFrame - [BB]: New Stack Frame: StackFrame de.ecspride.MainActivity$PlaceholderFragment/<init>[], pc 13 stored. 
newStackFrame - [BB]: Add frame StackFrame de.ecspride.MainActivity$PlaceholderFragment/<init>[]
newStackFrame - [BB]: Stack: [StackFrame de.ecspride.MainActivity/onCreate[android.os.Bundle], StackFrame de.ecspride.MainActivity$PlaceholderFragment/<init>[]]
TaintSumBranch - [BB]: <de.ecspride.MainActivity$PlaceholderFragment: void <init>()>
TaintSumBranch - [DEBUG]: Not a taint call: <de.ecspride.MainActivity$PlaceholderFragment: void <init>()>
PluginManager - [MSG]: TaintSumBranch Tainted Res: {}
DalvikVM - [BB]: fu.hao.trust.dvm.DalvikVM -> runInstrumentedMethods set pc to 0
Executor - [MSG]: 

Executor - [MSG]: <0 SPECIAL,ARGUMENT_SET,extra=[0]> at de.ecspride.MainActivity$PlaceholderFragment/<init>[]
DalvikVM - [WARN]: ar 0, (instance number 1@de.ecspride.MainActivity$PlaceholderFragment, de.ecspride.MainActivity$PlaceholderFragment)
Executor - [DEBUG]: params: instance number 1@de.ecspride.MainActivity$PlaceholderFragment
DalvikVM - [BB]: fu.hao.trust.dvm.Executor$OP_SP_ARGUMENTS -> jump set pc to 1
PluginManager - [MSG]: TaintSumBranch Tainted Res: {}
Executor - [MSG]: 

Executor - [MSG]: <1 INVOKE,DIRECT,extra=[android.support.v4.app.Fragment/<init>[], [0]]> at de.ecspride.MainActivity$PlaceholderFragment/<init>[]
Executor - [MSG]: arg0 obj: instance number 1@de.ecspride.MainActivity$PlaceholderFragment
Executor - [WARN]: Reflection error: android.support.v4.app.Fragment
DalvikVM - [BB]: fu.hao.trust.dvm.Executor -> jump set pc to 2
Unknown - [BB]: Unknown created!
DalvikVM - [WARN]: ar -1, ([Unknown var:null, type: void], void)
Executor - [WARN]: Found noInvokeMethod android.support.v4.app.Fragment/<init>[]
TaintSumBranch - [BB]: <android.support.v4.app.Fragment: void <init>()>
TaintSumBranch - [DEBUG]: Not a taint call: <android.support.v4.app.Fragment: void <init>()>
PluginManager - [MSG]: TaintSumBranch Tainted Res: {}
Executor - [MSG]: 

Executor - [MSG]: <2 RETURN,VOID> at de.ecspride.MainActivity$PlaceholderFragment/<init>[]
class fu.hao.trust.dvm.Executor$OP_RETURN_VOID - [DEBUG]: Return void
DalvikVM - [BB]: stack [StackFrame de.ecspride.MainActivity/onCreate[android.os.Bundle]]
DalvikVM - [BB]: Back to the last stack frame.StackFrame de.ecspride.MainActivity/onCreate[android.os.Bundle]
PluginManager - [MSG]: TaintSumBranch Tainted Res: {}
Executor - [MSG]: 

Executor - [MSG]: <13 INVOKE,VIRTUAL,extra=[android.support.v4.app.FragmentTransaction/add[int, android.support.v4.app.Fragment], [4, 5, 7]]> at de.ecspride.MainActivity/onCreate[android.os.Bundle]
Executor - [MSG]: arg0 obj: [Unknown var:instance number 1@android.support.v4.app.FragmentTransaction, type: android.support.v4.app.FragmentTransaction]
Executor - [WARN]: Reflection error: android.support.v4.app.FragmentTransaction
DalvikVM - [BB]: fu.hao.trust.dvm.Executor -> jump set pc to 14
DalvikVM - [BB]: Superclass: android.support.v4.app.FragmentTransaction
DalvikVM - [BB]: Superclass: java.lang.Object
DVMObject - [BB]: New instance of android.support.v4.app.FragmentTransaction
Caller@4: <init>@fu.hao.trust.dvm.DVMObject - [BB]: getClass android.support.v4.app.FragmentTransaction at fu.hao.trust.dvm.VMHeap@662077b6
Caller: <init>@fu.hao.trust.dvm.DVMObject - [BB]: Get DVMClass for type android.support.v4.app.FragmentTransaction
Caller@4: <init>@fu.hao.trust.dvm.DVMObject - [BB]: getClass android.support.v4.app.FragmentTransaction at fu.hao.trust.dvm.VMHeap@662077b6
DVMObject - [MSG]: Not empty constructor
DalvikVM - [MSG]: Begin run instrumented methods!
DalvikVM - [BB]: Add frames []
DalvikVM - [MSG]: Finish running instrumented methods! Back to StackFrame de.ecspride.MainActivity/onCreate[android.os.Bundle]
Unknown - [BB]: Unknown created!
DalvikVM - [WARN]: ar -1, ([Unknown var:instance number 2@android.support.v4.app.FragmentTransaction, type: android.support.v4.app.FragmentTransaction], android.support.v4.app.FragmentTransaction)
Executor - [WARN]: Found noInvokeMethod android.support.v4.app.FragmentTransaction/add[int, android.support.v4.app.Fragment]
PluginManager - [MSG]: TaintSumBranch Tainted Res: {}
Executor - [MSG]: 

Executor - [MSG]: <14 MOV,RESULT,dst=r4,type=java.lang.Object> at de.ecspride.MainActivity/onCreate[android.os.Bundle]
DalvikVM - [WARN]: ar 4 ([Unknown var:instance number 1@android.support.v4.app.FragmentTransaction, type: android.support.v4.app.FragmentTransaction], android.support.v4.app.FragmentTransaction), ([Unknown var:instance number 2@android.support.v4.app.FragmentTransaction, type: android.support.v4.app.FragmentTransaction], android.support.v4.app.FragmentTransaction)
OP_MOV_RESULT - [BB]: Result data: [Unknown var:instance number 2@android.support.v4.app.FragmentTransaction, type: android.support.v4.app.FragmentTransaction]
OP_MOV_RESULT - [DEBUG]: Result data: [Unknown var:instance number 2@android.support.v4.app.FragmentTransaction, type: android.support.v4.app.FragmentTransaction], type: android.support.v4.app.FragmentTransaction, to [reg 4@MainActivity/onCreate]
DalvikVM - [BB]: fu.hao.trust.dvm.Executor$OP_MOV_RESULT -> jump set pc to 15
PluginManager - [MSG]: TaintSumBranch Tainted Res: {}
Executor - [MSG]: 

Executor - [MSG]: <15 INVOKE,VIRTUAL,extra=[android.support.v4.app.FragmentTransaction/commit[], [4]]> at de.ecspride.MainActivity/onCreate[android.os.Bundle]
Executor - [MSG]: arg0 obj: [Unknown var:instance number 2@android.support.v4.app.FragmentTransaction, type: android.support.v4.app.FragmentTransaction]
Executor - [WARN]: Reflection error: android.support.v4.app.FragmentTransaction
DalvikVM - [BB]: fu.hao.trust.dvm.Executor -> jump set pc to 16
Unknown - [BB]: Unknown created!
DalvikVM - [WARN]: ar -1, ([Unknown var:null, type: int], int)
Executor - [WARN]: Found noInvokeMethod android.support.v4.app.FragmentTransaction/commit[]
PluginManager - [MSG]: TaintSumBranch Tainted Res: {}
Executor - [MSG]: 

Executor - [MSG]: <16 STATIC,SGET,r0=r4,type=boolean,extra=(de.ecspride.MyContentProvider, isEmulator)> at de.ecspride.MainActivity/onCreate[android.os.Bundle]
Caller@4: func@fu.hao.trust.dvm.Executor$OP_STATIC_GET_FIELD - [BB]: getClass de.ecspride.MyContentProvider at fu.hao.trust.dvm.VMHeap@662077b6
Caller: getClass@fu.hao.trust.dvm.VMHeap - [BB]: new class representation for de.ecspride.MyContentProvider at fu.hao.trust.dvm.VMHeap@662077b6
DalvikVM - [BB]: New method call: de.ecspride.MyContentProvider/<clinit>[]
DalvikVM - [BB]: [0]<0 SPECIAL,ARGUMENT_SET,extra=[]>
DalvikVM - [BB]: [1]<0 MOV,CONST,dst=r0,type=void,extra=class patdroid.core.PrimitiveInfo?0>
DalvikVM - [BB]: [2]<0 STATIC,SPUT,r0=r0,type=boolean,extra=(de.ecspride.MyContentProvider, isEmulator)>
DalvikVM - [BB]: [3]<0 RETURN,VOID>
newStackFrame - [BB]: New Stack Frame: StackFrame de.ecspride.MyContentProvider/<clinit>[], pc 16 stored. 
newStackFrame - [BB]: Stack: [StackFrame de.ecspride.MainActivity/onCreate[android.os.Bundle]]
DalvikVM - [MSG]: Begin run instrumented methods!
DalvikVM - [BB]: Add frames [StackFrame de.ecspride.MyContentProvider/<clinit>[]]
DalvikVM - [BB]: fu.hao.trust.dvm.DalvikVM -> runInstrumentedMethods set pc to 0
Executor - [MSG]: 

Executor - [MSG]: <0 SPECIAL,ARGUMENT_SET,extra=[]> at de.ecspride.MyContentProvider/<clinit>[]
DalvikVM - [BB]: fu.hao.trust.dvm.Executor$OP_SP_ARGUMENTS -> jump set pc to 1
PluginManager - [MSG]: TaintSumBranch Tainted Res: {}
Executor - [MSG]: 

Executor - [MSG]: <1 MOV,CONST,dst=r0,type=void,extra=class patdroid.core.PrimitiveInfo?0> at de.ecspride.MyContentProvider/<clinit>[]
Executor - [DEBUG]: Mov const begin <1 MOV,CONST,dst=r0,type=void,extra=class patdroid.core.PrimitiveInfo?0>
DalvikVM - [WARN]: ar 0, (0, void)
Executor - [DEBUG]: data: 0 class patdroid.core.PrimitiveInfo
DalvikVM - [BB]: fu.hao.trust.dvm.Executor$OP_MOV_CONST -> jump set pc to 2
PluginManager - [MSG]: TaintSumBranch Tainted Res: {}
Executor - [MSG]: 

Executor - [MSG]: <2 STATIC,SPUT,r0=r0,type=boolean,extra=(de.ecspride.MyContentProvider, isEmulator)> at de.ecspride.MyContentProvider/<clinit>[]
Caller@4: func@fu.hao.trust.dvm.Executor$OP_STATIC_PUT_FIELD - [BB]: getClass de.ecspride.MyContentProvider at fu.hao.trust.dvm.VMHeap@662077b6
Caller: func@fu.hao.trust.dvm.Executor$OP_STATIC_PUT_FIELD - [BB]: Get DVMClass for type de.ecspride.MyContentProvider
Caller@4: func@fu.hao.trust.dvm.Executor$OP_STATIC_PUT_FIELD - [BB]: getClass de.ecspride.MyContentProvider at fu.hao.trust.dvm.VMHeap@662077b6
class fu.hao.trust.dvm.Executor$OP_STATIC_PUT_FIELD - [DEBUG]: expect sput isEmulator from de.ecspride.MyContentProvider
class fu.hao.trust.dvm.Executor$OP_STATIC_PUT_FIELD - [DEBUG]: real sput 0 from fu.hao.trust.dvm.DVMClass@6f3e54b
DalvikVM - [BB]: fu.hao.trust.dvm.Executor$OP_STATIC_PUT_FIELD -> jump set pc to 3
Caller@4: flow@fu.hao.trust.analysis.Taint$TAINT_OP_STATIC_PUT_FIELD - [BB]: getClass de.ecspride.MyContentProvider at fu.hao.trust.dvm.VMHeap@662077b6
Caller: flow@fu.hao.trust.analysis.Taint$TAINT_OP_STATIC_PUT_FIELD - [BB]: Get DVMClass for type de.ecspride.MyContentProvider
Caller@4: flow@fu.hao.trust.analysis.Taint$TAINT_OP_STATIC_PUT_FIELD - [BB]: getClass de.ecspride.MyContentProvider at fu.hao.trust.dvm.VMHeap@662077b6
PluginManager - [MSG]: TaintSumBranch Tainted Res: {}
Executor - [MSG]: 

Executor - [MSG]: <3 RETURN,VOID> at de.ecspride.MyContentProvider/<clinit>[]
class fu.hao.trust.dvm.Executor$OP_RETURN_VOID - [DEBUG]: Return void
DalvikVM - [BB]: stack [StackFrame de.ecspride.MainActivity/onCreate[android.os.Bundle]]
DalvikVM - [BB]: Back to the last stack frame.StackFrame de.ecspride.MainActivity/onCreate[android.os.Bundle]
PluginManager - [MSG]: TaintSumBranch Tainted Res: {}
DalvikVM - [MSG]: Finish running instrumented methods! Back to StackFrame de.ecspride.MainActivity/onCreate[android.os.Bundle]
Caller@4: <init>@fu.hao.trust.dvm.DVMClass - [BB]: getClass android.content.ContentProvider at fu.hao.trust.dvm.VMHeap@662077b6
Caller: getClass@fu.hao.trust.dvm.VMHeap - [BB]: new class representation for android.content.ContentProvider at fu.hao.trust.dvm.VMHeap@662077b6
Caller: <init>@fu.hao.trust.dvm.DVMClass - [BB]: Get DVMClass for type android.content.ContentProvider
Caller@4: <init>@fu.hao.trust.dvm.DVMClass - [BB]: getClass android.content.ContentProvider at fu.hao.trust.dvm.VMHeap@662077b6
Caller: func@fu.hao.trust.dvm.Executor$OP_STATIC_GET_FIELD - [BB]: Get DVMClass for type de.ecspride.MyContentProvider
Caller@4: func@fu.hao.trust.dvm.Executor$OP_STATIC_GET_FIELD - [BB]: getClass de.ecspride.MyContentProvider at fu.hao.trust.dvm.VMHeap@662077b6
DalvikVM - [WARN]: ar 4 ([Unknown var:instance number 2@android.support.v4.app.FragmentTransaction, type: android.support.v4.app.FragmentTransaction], android.support.v4.app.FragmentTransaction), (0, boolean)
OP_STATIC_GET_FIELD - [DEBUG]: Sget 0, from fu.hao.trust.dvm.DVMClass@6f3e54b
OP_STATIC_GET_FIELD - [DEBUG]: Expect sget isEmulator, a boolean from de.ecspride.MyContentProvider
DalvikVM - [BB]: fu.hao.trust.dvm.Executor$OP_STATIC_GET_FIELD -> jump set pc to 17
Caller@4: flow@fu.hao.trust.analysis.Taint$TAINT_OP_STATIC_GET_FIELD - [BB]: getClass de.ecspride.MyContentProvider at fu.hao.trust.dvm.VMHeap@662077b6
Caller: flow@fu.hao.trust.analysis.Taint$TAINT_OP_STATIC_GET_FIELD - [BB]: Get DVMClass for type de.ecspride.MyContentProvider
Caller@4: flow@fu.hao.trust.analysis.Taint$TAINT_OP_STATIC_GET_FIELD - [BB]: getClass de.ecspride.MyContentProvider at fu.hao.trust.dvm.VMHeap@662077b6
PluginManager - [MSG]: TaintSumBranch Tainted Res: {}
Executor - [MSG]: 

Executor - [MSG]: <17 IF,NEZ,r0=r4,extra=index:32> at de.ecspride.MainActivity/onCreate[android.os.Bundle]
OP_CMP - [DEBUG]: r0 data 0
OP_CMP - [DEBUG]: r0 type boolean
Executor - [DEBUG]: Ops: 0, 0
DalvikVM - [BB]: fu.hao.trust.dvm.Executor$OP_IF_NEZ -> jump set pc to 18
Executor - [DEBUG]: Equ: <17 IF,NEZ,r0=r4,extra=index:32>
PluginManager - [MSG]: TaintSumBranch Tainted Res: {}
Executor - [MSG]: 

Executor - [MSG]: <18 MOV,CONST,dst=r4,type=java.lang.String,extra="phone"> at de.ecspride.MainActivity/onCreate[android.os.Bundle]
Executor - [DEBUG]: Mov const begin <18 MOV,CONST,dst=r4,type=java.lang.String,extra="phone">
DalvikVM - [WARN]: ar 4 (0, boolean), (phone, java.lang.String)
Executor - [DEBUG]: data: phone class java.lang.String
DalvikVM - [BB]: fu.hao.trust.dvm.Executor$OP_MOV_CONST -> jump set pc to 19
PluginManager - [MSG]: TaintSumBranch Tainted Res: {}
Executor - [MSG]: 

Executor - [MSG]: <19 INVOKE,VIRTUAL,extra=[android.content.Context/getSystemService[java.lang.String], [8, 4]]> at de.ecspride.MainActivity/onCreate[android.os.Bundle]
Executor - [MSG]: arg0 obj: Activity:instance number 1@de.ecspride.MainActivity
Executor - [DEBUG]: Reflction class: class android.content.Context
Executor - [BB]: Normal args? true
Executor - [BB]: arg1@reg4: phone
Executor - [BB]: Nargs? true
Executor - [DEBUG]: Caller obj: Activity:instance number 1@de.ecspride.MainActivity, from class: class android.app.Activity
DalvikVM - [WARN]: ar -1, (android.telephony.TelephonyManager@33d2523b, java.lang.Object)
Executor - [DEBUG]: Return data: android.telephony.TelephonyManager@33d2523b ,class android.telephony.TelephonyManager
Executor - [MSG]: Reflction invocation public java.lang.Object android.content.Context.getSystemService(java.lang.String)
DalvikVM - [BB]: Set reflective call: public java.lang.Object android.content.Context.getSystemService(java.lang.String)
DalvikVM - [BB]: fu.hao.trust.dvm.Executor -> jump set pc to 20
TaintSumBranch - [BB]: <android.content.Context: java.lang.Object getSystemService(java.lang.String)>
TaintSumBranch - [DEBUG]: Not a taint call: <android.content.Context: java.lang.Object getSystemService(java.lang.String)>
PluginManager - [MSG]: TaintSumBranch Tainted Res: {}
Executor - [MSG]: 

Executor - [MSG]: <20 MOV,RESULT,dst=r6,type=java.lang.Object> at de.ecspride.MainActivity/onCreate[android.os.Bundle]
DalvikVM - [WARN]: ar 6, (android.telephony.TelephonyManager@33d2523b, java.lang.Object)
OP_MOV_RESULT - [BB]: Result data: android.telephony.TelephonyManager@33d2523b
OP_MOV_RESULT - [DEBUG]: Result data: android.telephony.TelephonyManager@33d2523b, type: java.lang.Object, to [reg 6@MainActivity/onCreate]
DalvikVM - [BB]: fu.hao.trust.dvm.Executor$OP_MOV_RESULT -> jump set pc to 21
PluginManager - [MSG]: TaintSumBranch Tainted Res: {}
Executor - [MSG]: 

Executor - [MSG]: <21 ARITHMETIC,CHECK-AND-CAST,dst=r6,type=android.telephony.TelephonyManager> at de.ecspride.MainActivity/onCreate[android.os.Bundle]
DalvikVM - [BB]: fu.hao.trust.dvm.Executor$OP_ARITHETIC -> jump set pc to 22
PluginManager - [MSG]: TaintSumBranch Tainted Res: {}
Executor - [MSG]: 

Executor - [MSG]: <22 INVOKE,VIRTUAL,extra=[android.telephony.TelephonyManager/getDeviceId[], [6]]> at de.ecspride.MainActivity/onCreate[android.os.Bundle]
Executor - [MSG]: arg0 obj: android.telephony.TelephonyManager@33d2523b
Executor - [DEBUG]: Reflction class: class android.telephony.TelephonyManager
DalvikVM - [WARN]: ar -1, (359874043116909, java.lang.String)
Executor - [DEBUG]: Return data: 359874043116909 ,class java.lang.String
Executor - [MSG]: Reflction invocation public java.lang.String android.telephony.TelephonyManager.getDeviceId()
DalvikVM - [BB]: Set reflective call: public java.lang.String android.telephony.TelephonyManager.getDeviceId()
DalvikVM - [BB]: fu.hao.trust.dvm.Executor -> jump set pc to 23
TaintSumBranch - [BB]: <android.telephony.TelephonyManager: java.lang.String getDeviceId()>
TaintSumBranch - [WARN]: Found a tainted return value!
PluginManager - [MSG]: TaintSumBranch Tainted Res: {[Global RetReg]=<22 INVOKE,VIRTUAL,extra=[android.telephony.TelephonyManager/getDeviceId[], [6]]>, 359874043116909=<22 INVOKE,VIRTUAL,extra=[android.telephony.TelephonyManager/getDeviceId[], [6]]>}
Executor - [MSG]: 

Executor - [MSG]: <23 MOV,RESULT,dst=r3,type=java.lang.Object> at de.ecspride.MainActivity/onCreate[android.os.Bundle]
DalvikVM - [WARN]: ar 3, (359874043116909, java.lang.String)
OP_MOV_RESULT - [BB]: Result data: 359874043116909
OP_MOV_RESULT - [DEBUG]: Result data: 359874043116909, type: java.lang.String, to [reg 3@MainActivity/onCreate]
DalvikVM - [BB]: fu.hao.trust.dvm.Executor$OP_MOV_RESULT -> jump set pc to 24
TaintSumBranch - [BB]: <22 INVOKE,VIRTUAL,extra=[android.telephony.TelephonyManager/getDeviceId[], [6]]>
TaintSumBranch - [BB]: Add reg 3 due to ret reg.
PluginManager - [MSG]: TaintSumBranch Tainted Res: {[reg 3@MainActivity/onCreate]=<22 INVOKE,VIRTUAL,extra=[android.telephony.TelephonyManager/getDeviceId[], [6]]>, 359874043116909=<22 INVOKE,VIRTUAL,extra=[android.telephony.TelephonyManager/getDeviceId[], [6]]>}
Executor - [MSG]: 

Executor - [MSG]: <24 INVOKE,STATIC,extra=[android.telephony.SmsManager/getDefault[], []]> at de.ecspride.MainActivity/onCreate[android.os.Bundle]
Executor - [DEBUG]: Reflction class android.telephony.SmsManager
DalvikVM - [WARN]: ar -1, (android.telephony.SmsManager@2e7ccb74, android.telephony.SmsManager)
Executor - [MSG]: reflction invocation public static android.telephony.SmsManager android.telephony.SmsManager.getDefault()
DalvikVM - [BB]: Set reflective call: public static android.telephony.SmsManager android.telephony.SmsManager.getDefault()
DalvikVM - [BB]: fu.hao.trust.dvm.Executor$OP_INVOKE_STATIC -> jump set pc to 25
TaintSumBranch - [BB]: <android.telephony.SmsManager: android.telephony.SmsManager getDefault()>
TaintSumBranch - [DEBUG]: Not a taint call: <android.telephony.SmsManager: android.telephony.SmsManager getDefault()>
PluginManager - [MSG]: TaintSumBranch Tainted Res: {[reg 3@MainActivity/onCreate]=<22 INVOKE,VIRTUAL,extra=[android.telephony.TelephonyManager/getDeviceId[], [6]]>, 359874043116909=<22 INVOKE,VIRTUAL,extra=[android.telephony.TelephonyManager/getDeviceId[], [6]]>}
Executor - [MSG]: 

Executor - [MSG]: <25 MOV,RESULT,dst=r0,type=java.lang.Object> at de.ecspride.MainActivity/onCreate[android.os.Bundle]
DalvikVM - [WARN]: ar 0, (android.telephony.SmsManager@2e7ccb74, android.telephony.SmsManager)
OP_MOV_RESULT - [BB]: Result data: android.telephony.SmsManager@2e7ccb74
OP_MOV_RESULT - [DEBUG]: Result data: android.telephony.SmsManager@2e7ccb74, type: android.telephony.SmsManager, to [reg 0@MainActivity/onCreate]
DalvikVM - [BB]: fu.hao.trust.dvm.Executor$OP_MOV_RESULT -> jump set pc to 26
PluginManager - [MSG]: TaintSumBranch Tainted Res: {[reg 3@MainActivity/onCreate]=<22 INVOKE,VIRTUAL,extra=[android.telephony.TelephonyManager/getDeviceId[], [6]]>, 359874043116909=<22 INVOKE,VIRTUAL,extra=[android.telephony.TelephonyManager/getDeviceId[], [6]]>}
Executor - [MSG]: 

Executor - [MSG]: <26 MOV,CONST,dst=r1,type=java.lang.String,extra="+49 1234"> at de.ecspride.MainActivity/onCreate[android.os.Bundle]
Executor - [DEBUG]: Mov const begin <26 MOV,CONST,dst=r1,type=java.lang.String,extra="+49 1234">
DalvikVM - [WARN]: ar 1, (+49 1234, java.lang.String)
Executor - [DEBUG]: data: +49 1234 class java.lang.String
DalvikVM - [BB]: fu.hao.trust.dvm.Executor$OP_MOV_CONST -> jump set pc to 27
PluginManager - [MSG]: TaintSumBranch Tainted Res: {[reg 3@MainActivity/onCreate]=<22 INVOKE,VIRTUAL,extra=[android.telephony.TelephonyManager/getDeviceId[], [6]]>, 359874043116909=<22 INVOKE,VIRTUAL,extra=[android.telephony.TelephonyManager/getDeviceId[], [6]]>}
Executor - [MSG]: 

Executor - [MSG]: <27 MOV,REG,dst=r4,r0=r2,type=java.lang.Object> at de.ecspride.MainActivity/onCreate[android.os.Bundle]
DalvikVM - [WARN]: ar 4 (phone, java.lang.String), (0, void)
class fu.hao.trust.dvm.Executor$OP_MOVE_REG - [DEBUG]: mov 0 to 0
DalvikVM - [BB]: fu.hao.trust.dvm.Executor$OP_MOVE_REG -> jump set pc to 28
PluginManager - [MSG]: TaintSumBranch Tainted Res: {[reg 3@MainActivity/onCreate]=<22 INVOKE,VIRTUAL,extra=[android.telephony.TelephonyManager/getDeviceId[], [6]]>, 359874043116909=<22 INVOKE,VIRTUAL,extra=[android.telephony.TelephonyManager/getDeviceId[], [6]]>}
Executor - [MSG]: 

Executor - [MSG]: <28 MOV,REG,dst=r5,r0=r2,type=java.lang.Object> at de.ecspride.MainActivity/onCreate[android.os.Bundle]
DalvikVM - [WARN]: ar 5 (2131427388, void), (0, void)
class fu.hao.trust.dvm.Executor$OP_MOVE_REG - [DEBUG]: mov 0 to 0
DalvikVM - [BB]: fu.hao.trust.dvm.Executor$OP_MOVE_REG -> jump set pc to 29
PluginManager - [MSG]: TaintSumBranch Tainted Res: {[reg 3@MainActivity/onCreate]=<22 INVOKE,VIRTUAL,extra=[android.telephony.TelephonyManager/getDeviceId[], [6]]>, 359874043116909=<22 INVOKE,VIRTUAL,extra=[android.telephony.TelephonyManager/getDeviceId[], [6]]>}
Executor - [MSG]: 

Executor - [MSG]: <29 INVOKE,VIRTUAL,extra=[android.telephony.SmsManager/sendTextMessage[java.lang.String, java.lang.String, java.lang.String, android.app.PendingIntent, android.app.PendingIntent], [0, 1, 2, 3, 4, 5]]> at de.ecspride.MainActivity/onCreate[android.os.Bundle]
Executor - [MSG]: arg0 obj: android.telephony.SmsManager@2e7ccb74
Executor - [DEBUG]: Reflction class: class android.telephony.SmsManager
Executor - [BB]: Normal args? true
Executor - [BB]: arg1@reg1: +49 1234
Executor - [BB]: arg2@reg2: 0
Executor - [WARN]: Mismatch type! arg 2, real para type: class patdroid.core.PrimitiveInfo, expected para type: class java.lang.String
Executor - [BB]: arg3@reg3: 359874043116909
Executor - [BB]: arg4@reg4: 0
Executor - [WARN]: Mismatch type! arg 4, real para type: class patdroid.core.PrimitiveInfo, expected para type: class android.app.PendingIntent
Executor - [BB]: arg5@reg5: 0
Executor - [WARN]: Mismatch type! arg 5, real para type: class patdroid.core.PrimitiveInfo, expected para type: class android.app.PendingIntent
Executor - [BB]: Nargs? true
Executor - [DEBUG]: Caller obj: android.telephony.SmsManager@2e7ccb74, from class: class android.telephony.SmsManager
DalvikVM - [WARN]: ar -1, (null, void)
Executor - [MSG]: Reflction invocation public void android.telephony.SmsManager.sendTextMessage(java.lang.String,java.lang.String,java.lang.String,android.app.PendingIntent,android.app.PendingIntent)
DalvikVM - [BB]: Set reflective call: public void android.telephony.SmsManager.sendTextMessage(java.lang.String,java.lang.String,java.lang.String,android.app.PendingIntent,android.app.PendingIntent)
DalvikVM - [BB]: fu.hao.trust.dvm.Executor -> jump set pc to 30
TaintSumBranch - [BB]: <android.telephony.SmsManager: void sendTextMessage(java.lang.String,java.lang.String,java.lang.String,android.app.PendingIntent,android.app.PendingIntent)>
TaintSumBranch - [WARN]: Found a tainted return val!
Results - [MSG]: New recorded tainted field: sendTextMessage
TaintSumBranch - [BB]: Found a sink invocation. <android.telephony.SmsManager: void sendTextMessage(java.lang.String,java.lang.String,java.lang.String,android.app.PendingIntent,android.app.PendingIntent)>
TaintSumBranch - [WARN]: Found a tainted sink <android.telephony.SmsManager: void sendTextMessage(java.lang.String,java.lang.String,java.lang.String,android.app.PendingIntent,android.app.PendingIntent)> leaking data [359874043116909] at reg 3!!!
PluginManager - [MSG]: TaintSumBranch Tainted Res: {[reg 3@MainActivity/onCreate]=<22 INVOKE,VIRTUAL,extra=[android.telephony.TelephonyManager/getDeviceId[], [6]]>, [Global RetReg]=<22 INVOKE,VIRTUAL,extra=[android.telephony.TelephonyManager/getDeviceId[], [6]]>, 359874043116909=<22 INVOKE,VIRTUAL,extra=[android.telephony.TelephonyManager/getDeviceId[], [6]]>}
Executor - [MSG]: 

Executor - [MSG]: <30 MOV,CONST,dst=r2,type=java.lang.String,extra="DROIDBENCH"> at de.ecspride.MainActivity/onCreate[android.os.Bundle]
Executor - [DEBUG]: Mov const begin <30 MOV,CONST,dst=r2,type=java.lang.String,extra="DROIDBENCH">
DalvikVM - [WARN]: ar 2 (0, void), (DROIDBENCH, java.lang.String)
Executor - [DEBUG]: data: DROIDBENCH class java.lang.String
DalvikVM - [BB]: fu.hao.trust.dvm.Executor$OP_MOV_CONST -> jump set pc to 31
PluginManager - [MSG]: TaintSumBranch Tainted Res: {[reg 3@MainActivity/onCreate]=<22 INVOKE,VIRTUAL,extra=[android.telephony.TelephonyManager/getDeviceId[], [6]]>, [Global RetReg]=<22 INVOKE,VIRTUAL,extra=[android.telephony.TelephonyManager/getDeviceId[], [6]]>, 359874043116909=<22 INVOKE,VIRTUAL,extra=[android.telephony.TelephonyManager/getDeviceId[], [6]]>}
Executor - [MSG]: 

Executor - [MSG]: <31 INVOKE,STATIC,extra=[android.util.Log/v[java.lang.String, java.lang.String], [2, 3]]> at de.ecspride.MainActivity/onCreate[android.os.Bundle]
Executor - [DEBUG]: Reflction class android.util.Log
Executor - [BB]: arg0@reg2: DROIDBENCH
Executor - [BB]: arg1@reg3: 359874043116909
Executor - [BB]: param: DROIDBENCH
Executor - [BB]: param: 359874043116909
DalvikVM - [WARN]: ar -1, (1, int)
Executor - [MSG]: reflction invocation public static int android.util.Log.v(java.lang.String,java.lang.String)
DalvikVM - [BB]: Set reflective call: public static int android.util.Log.v(java.lang.String,java.lang.String)
DalvikVM - [BB]: fu.hao.trust.dvm.Executor$OP_INVOKE_STATIC -> jump set pc to 32
TaintSumBranch - [BB]: <android.util.Log: int v(java.lang.String,java.lang.String)>
TaintSumBranch - [WARN]: Found a tainted return val!
Results - [MSG]: New recorded tainted field: v
TaintSumBranch - [DEBUG]: Not a taint call: <android.util.Log: int v(java.lang.String,java.lang.String)>
TaintSumBranch - [WARN]: Found a tainted return val!
PluginManager - [MSG]: TaintSumBranch Tainted Res: {[reg 3@MainActivity/onCreate]=<22 INVOKE,VIRTUAL,extra=[android.telephony.TelephonyManager/getDeviceId[], [6]]>, [Global RetReg]=<22 INVOKE,VIRTUAL,extra=[android.telephony.TelephonyManager/getDeviceId[], [6]]>, 359874043116909=<22 INVOKE,VIRTUAL,extra=[android.telephony.TelephonyManager/getDeviceId[], [6]]>}
Executor - [MSG]: 

Executor - [MSG]: <32 RETURN,VOID> at de.ecspride.MainActivity/onCreate[android.os.Bundle]
class fu.hao.trust.dvm.Executor$OP_RETURN_VOID - [DEBUG]: Return void
DalvikVM - [BB]: stack []
DalvikVM - [BB]: Back to the last stack frame.null
DalvikVM - [MSG]: Finish running instrumented methods! Back to null
Executor - [MSG]: RUN BEGIN de.ecspride.MainActivity/onCreate[android.os.Bundle]
Executor - [MSG]: RUN DONE! The last one is null
DalvikVM - [MSG]: FINISHED!

main - [MSG]: Analysis has run for 5.706677508 seconds

