main - [DEBUG]: Entry event: (de.ecspride.MainActivity, onCreate)
DalvikVM - [MSG]: Begin run onCreate at C:\Users\hao\workspace\DroidBenchProj\AsyncTask1\app\AsyncTask1.apk
DalvikVM - [MSG]: RUN Method de.ecspride.MainActivity/onCreate[android.os.Bundle]
Executor - [DEBUG]: Read manifest csv: output/AsyncTask1.apk\AsyncTask1.apk_manifest.csv
Executor - [WARN]: output\AsyncTask1.apk\AsyncTask1.apk_manifest.csv (The system cannot find the file specified)
DalvikVM - [BB]: New method call: de.ecspride.MainActivity/onCreate[android.os.Bundle]
DalvikVM - [BB]: [0]<0 SPECIAL,ARGUMENT_SET,extra=[5, 6]>
DalvikVM - [BB]: [1]<0 HALT,SUPER,extra=[null, [5, 6]]>
DalvikVM - [BB]: [2]<1 MOV,CONST,dst=r2,type=void,extra=class patdroid.core.PrimitiveInfo?2130903040>
DalvikVM - [BB]: [3]<0 INVOKE,VIRTUAL,extra=[android.app.Activity/setContentView[int], [5, 2]]>
DalvikVM - [BB]: [4]<0 INVOKE,VIRTUAL,extra=[android.content.Context/getApplicationContext[], [5]]>
DalvikVM - [BB]: [5]<0 MOV,RESULT,dst=r2,type=java.lang.Object>
DalvikVM - [BB]: [6]<5 MOV,CONST,dst=r3,type=java.lang.String,extra="phone">
DalvikVM - [BB]: [7]<0 INVOKE,VIRTUAL,extra=[android.content.Context/getSystemService[java.lang.String], [2, 3]]>
DalvikVM - [BB]: [8]<0 MOV,RESULT,dst=r1,type=java.lang.Object>
DalvikVM - [BB]: [9]<0 ARITHMETIC,CHECK-AND-CAST,dst=r1,type=android.telephony.TelephonyManager>
DalvikVM - [BB]: [10]<0 NEW,INSTANCE,dst=r0,type=de.ecspride.MainActivity$MyAsyncTask>
DalvikVM - [BB]: [11]<10 MOV,CONST,dst=r2,type=void,extra=class patdroid.core.PrimitiveInfo?0>
DalvikVM - [BB]: [12]<0 INVOKE,DIRECT,extra=[de.ecspride.MainActivity$MyAsyncTask/<init>[de.ecspride.MainActivity, de.ecspride.MainActivity$1], [0, 5, 2]]>
DalvikVM - [BB]: [13]<12 MOV,CONST,dst=r2,type=void,extra=class patdroid.core.PrimitiveInfo?1>
DalvikVM - [BB]: [14]<0 NEW,ARRAY,dst=r2,r0=r2,type=[Ljava.lang.String;>
DalvikVM - [BB]: [15]<14 MOV,CONST,dst=r3,type=void,extra=class patdroid.core.PrimitiveInfo?0>
DalvikVM - [BB]: [16]<0 INVOKE,VIRTUAL,extra=[android.telephony.TelephonyManager/getDeviceId[], [1]]>
DalvikVM - [BB]: [17]<0 MOV,RESULT,dst=r4,type=java.lang.Object>
DalvikVM - [BB]: [18]<0 ARRAY,APUT,dst=r4,r0=r2,r1=r3,type=java.lang.Object>
DalvikVM - [BB]: [19]<0 INVOKE,VIRTUAL,extra=[android.os.AsyncTask/execute[[Ljava.lang.Object;], [0, 2]]>
DalvikVM - [BB]: [20]<0 RETURN,VOID>
newStackFrame - [BB]: New Stack Frame: StackFrame de.ecspride.MainActivity/onCreate[android.os.Bundle]
newStackFrame - [BB]: Add frame StackFrame de.ecspride.MainActivity/onCreate[android.os.Bundle]
newStackFrame - [BB]: Stack: [StackFrame de.ecspride.MainActivity/onCreate[android.os.Bundle]]
Executor - [MSG]: New chain obj with type de.ecspride.MainActivity
DalvikVM - [BB]: Superclass: de.ecspride.MainActivity
Activity - [BB]: New instance of de.ecspride.MainActivity
Caller@4: <init>@fu.hao.trust.dvm.DVMObject - [BB]: getClass de.ecspride.MainActivity at fu.hao.trust.dvm.VMHeap@5545757a
Caller: getClass@fu.hao.trust.dvm.VMHeap - [BB]: new class representation for de.ecspride.MainActivity at fu.hao.trust.dvm.VMHeap@5545757a
Caller@4: <init>@fu.hao.trust.dvm.DVMClass - [BB]: getClass android.app.Activity at fu.hao.trust.dvm.VMHeap@5545757a
Caller: getClass@fu.hao.trust.dvm.VMHeap - [BB]: new class representation for android.app.Activity at fu.hao.trust.dvm.VMHeap@5545757a
Caller@4: <init>@fu.hao.trust.dvm.DVMClass - [BB]: getClass android.content.ContextWrapper at fu.hao.trust.dvm.VMHeap@5545757a
Caller: getClass@fu.hao.trust.dvm.VMHeap - [BB]: new class representation for android.content.ContextWrapper at fu.hao.trust.dvm.VMHeap@5545757a
Caller@4: <init>@fu.hao.trust.dvm.DVMClass - [BB]: getClass android.content.Context at fu.hao.trust.dvm.VMHeap@5545757a
Caller: getClass@fu.hao.trust.dvm.VMHeap - [BB]: new class representation for android.content.Context at fu.hao.trust.dvm.VMHeap@5545757a
Caller@4: <init>@fu.hao.trust.dvm.DVMClass - [BB]: getClass fu.hao.trust.dvm.DVMObject at fu.hao.trust.dvm.VMHeap@5545757a
Caller: getClass@fu.hao.trust.dvm.VMHeap - [BB]: new class representation for fu.hao.trust.dvm.DVMObject at fu.hao.trust.dvm.VMHeap@5545757a
Caller: <init>@fu.hao.trust.dvm.DVMClass - [BB]: Get DVMClass for type fu.hao.trust.dvm.DVMObject
Caller@4: <init>@fu.hao.trust.dvm.DVMClass - [BB]: getClass fu.hao.trust.dvm.DVMObject at fu.hao.trust.dvm.VMHeap@5545757a
Caller: <init>@fu.hao.trust.dvm.DVMClass - [BB]: Get DVMClass for type android.content.Context
Caller@4: <init>@fu.hao.trust.dvm.DVMClass - [BB]: getClass android.content.Context at fu.hao.trust.dvm.VMHeap@5545757a
Caller: <init>@fu.hao.trust.dvm.DVMClass - [BB]: Get DVMClass for type android.content.ContextWrapper
Caller@4: <init>@fu.hao.trust.dvm.DVMClass - [BB]: getClass android.content.ContextWrapper at fu.hao.trust.dvm.VMHeap@5545757a
Caller: <init>@fu.hao.trust.dvm.DVMClass - [BB]: Get DVMClass for type android.app.Activity
Caller@4: <init>@fu.hao.trust.dvm.DVMClass - [BB]: getClass android.app.Activity at fu.hao.trust.dvm.VMHeap@5545757a
Caller: <init>@fu.hao.trust.dvm.DVMObject - [BB]: Get DVMClass for type de.ecspride.MainActivity
Caller@4: <init>@fu.hao.trust.dvm.DVMObject - [BB]: getClass de.ecspride.MainActivity at fu.hao.trust.dvm.VMHeap@5545757a
Activity - [BB]: Not empty constructor
DalvikVM - [BB]: New method call: de.ecspride.MainActivity/<init>[]
DalvikVM - [BB]: [0]<0 SPECIAL,ARGUMENT_SET,extra=[0]>
DalvikVM - [BB]: [1]<0 INVOKE,DIRECT,extra=[java.lang.Object/<init>[], [0]]>
DalvikVM - [BB]: [2]<0 RETURN,VOID>
newStackFrame - [BB]: New Stack Frame: StackFrame de.ecspride.MainActivity/<init>[], pc -1 stored. 
newStackFrame - [BB]: Stack: [StackFrame de.ecspride.MainActivity/onCreate[android.os.Bundle]]
DalvikVM - [MSG]: Begin run instrumented methods!
DalvikVM - [MSG]: <0 SPECIAL,ARGUMENT_SET,extra=[5, 6]>
DalvikVM - [BB]: Add frames [StackFrame de.ecspride.MainActivity/<init>[]]
DalvikVM - [BB]: fu.hao.trust.dvm.DalvikVM -> runInstrumentedMethods set pc to 0
Executor - [MSG]: 

Executor - [MSG]: <0 SPECIAL,ARGUMENT_SET,extra=[0]> at de.ecspride.MainActivity/<init>[]
Executor - [DEBUG]: params: Activity:instance number 1@de.ecspride.MainActivity
DalvikVM - [BB]: fu.hao.trust.dvm.Executor$OP_SP_ARGUMENTS -> jump set pc to 1
PluginManager - [MSG]: Taint Tainted Res: {}
Executor - [MSG]: 

Executor - [MSG]: <1 INVOKE,DIRECT,extra=[java.lang.Object/<init>[], [0]]> at de.ecspride.MainActivity/<init>[]
Executor - [MSG]: arg0 obj: Activity:instance number 1@de.ecspride.MainActivity
Executor - [BB]: java.lang.Object/<init>[] is a constructor!
Executor - [WARN]: Reflection error: de.ecspride.MainActivity
DalvikVM - [BB]: fu.hao.trust.dvm.Executor -> jump set pc to 2
Taint - [BB]: <java.lang.Object: void <init>()>
Taint - [DEBUG]: Not a taint call: <java.lang.Object: void <init>()>
PluginManager - [MSG]: Taint Tainted Res: {}
Executor - [MSG]: 

Executor - [MSG]: <2 RETURN,VOID> at de.ecspride.MainActivity/<init>[]
class fu.hao.trust.dvm.Executor$OP_RETURN_VOID - [DEBUG]: Return void
DalvikVM - [BB]: stack [StackFrame de.ecspride.MainActivity/onCreate[android.os.Bundle]]
DalvikVM - [BB]: Back to the last stack frame.StackFrame de.ecspride.MainActivity/onCreate[android.os.Bundle]
DalvikVM - [MSG]: Finish running instrumented methods! Back to StackFrame de.ecspride.MainActivity/onCreate[android.os.Bundle]
Activity - [BB]: New Activity Created with type de.ecspride.MainActivity
Executor - [MSG]: RUN BEGIN de.ecspride.MainActivity/onCreate[android.os.Bundle]
DalvikVM - [BB]: fu.hao.trust.dvm.Executor -> execute set pc to 0
Executor - [MSG]: 

Executor - [MSG]: <0 SPECIAL,ARGUMENT_SET,extra=[5, 6]> at de.ecspride.MainActivity/onCreate[android.os.Bundle]
Executor - [WARN]: NULL CallingCtx!
Executor - [DEBUG]: args: Activity:instance number 1@de.ecspride.MainActivity
Executor - [BB]: Start param from 1
Executor - [DEBUG]: args: null
DalvikVM - [BB]: fu.hao.trust.dvm.Executor$OP_SP_ARGUMENTS -> jump set pc to 1
PluginManager - [MSG]: Taint Tainted Res: {}
Executor - [MSG]: 

Executor - [MSG]: <1 HALT,SUPER,extra=[null, [5, 6]]> at de.ecspride.MainActivity/onCreate[android.os.Bundle]
DalvikVM - [BB]: fu.hao.trust.dvm.Executor$OP_HALT -> jump set pc to 2
Executor - [MSG]: Cannot resolve the invocation
Taint - [BB]: Not a taint op <1 HALT,SUPER,extra=[null, [5, 6]]>
PluginManager - [MSG]: Taint Tainted Res: {}
Executor - [MSG]: 

Executor - [MSG]: <2 MOV,CONST,dst=r2,type=void,extra=class patdroid.core.PrimitiveInfo?2130903040> at de.ecspride.MainActivity/onCreate[android.os.Bundle]
Executor - [DEBUG]: Mov const begin <2 MOV,CONST,dst=r2,type=void,extra=class patdroid.core.PrimitiveInfo?2130903040>
Executor - [DEBUG]: data: 2130903040 class patdroid.core.PrimitiveInfo
DalvikVM - [BB]: fu.hao.trust.dvm.Executor$OP_MOV_CONST -> jump set pc to 3
PluginManager - [MSG]: Taint Tainted Res: {}
Executor - [MSG]: 

Executor - [MSG]: <3 INVOKE,VIRTUAL,extra=[android.app.Activity/setContentView[int], [5, 2]]> at de.ecspride.MainActivity/onCreate[android.os.Bundle]
Executor - [MSG]: arg0 obj: Activity:instance number 1@de.ecspride.MainActivity
Executor - [DEBUG]: Reflction class: class android.app.Activity
Executor - [BB]: Normal args? true
Executor - [BB]: arg1@reg2: 2130903040
Executor - [DEBUG]: Expected para type: int
Executor - [DEBUG]: Real para int, value: 2130903040
Executor - [BB]: Nargs? true
Executor - [DEBUG]: Caller obj: Activity:instance number 1@de.ecspride.MainActivity, from class: class android.app.Activity
Executor - [MSG]: Reflction invocation public void android.app.Activity.setContentView(int)
DalvikVM - [BB]: Set reflective call: public void android.app.Activity.setContentView(int)
DalvikVM - [BB]: fu.hao.trust.dvm.Executor -> jump set pc to 4
Taint - [BB]: <android.app.Activity: void setContentView(int)>
Taint - [DEBUG]: Not a taint call: <android.app.Activity: void setContentView(int)>
PluginManager - [MSG]: Taint Tainted Res: {}
Executor - [MSG]: 

Executor - [MSG]: <4 INVOKE,VIRTUAL,extra=[android.content.Context/getApplicationContext[], [5]]> at de.ecspride.MainActivity/onCreate[android.os.Bundle]
Executor - [MSG]: arg0 obj: Activity:instance number 1@de.ecspride.MainActivity
Executor - [DEBUG]: Reflction class: class android.content.Context
Executor - [DEBUG]: Return data: Activity:instance number 1@de.ecspride.MainActivity ,class android.app.Activity
Executor - [MSG]: Reflction invocation public android.content.Context android.content.Context.getApplicationContext()
DalvikVM - [BB]: Set reflective call: public android.content.Context android.content.Context.getApplicationContext()
DalvikVM - [BB]: fu.hao.trust.dvm.Executor -> jump set pc to 5
Taint - [BB]: <android.content.Context: android.content.Context getApplicationContext()>
Taint - [DEBUG]: Not a taint call: <android.content.Context: android.content.Context getApplicationContext()>
PluginManager - [MSG]: Taint Tainted Res: {}
Executor - [MSG]: 

Executor - [MSG]: <5 MOV,RESULT,dst=r2,type=java.lang.Object> at de.ecspride.MainActivity/onCreate[android.os.Bundle]
DalvikVM - [BB]: ar2 (2130903040, void), (Activity:instance number 1@de.ecspride.MainActivity, android.content.Context)
OP_MOV_RESULT - [BB]: Result data: Activity:instance number 1@de.ecspride.MainActivity
OP_MOV_RESULT - [DEBUG]: Result data: Activity:instance number 1@de.ecspride.MainActivity, type: android.content.Context, to [reg 2@MainActivity/onCreate]
DalvikVM - [BB]: fu.hao.trust.dvm.Executor$OP_MOV_RESULT -> jump set pc to 6
PluginManager - [MSG]: Taint Tainted Res: {}
Executor - [MSG]: 

Executor - [MSG]: <6 MOV,CONST,dst=r3,type=java.lang.String,extra="phone"> at de.ecspride.MainActivity/onCreate[android.os.Bundle]
Executor - [DEBUG]: Mov const begin <6 MOV,CONST,dst=r3,type=java.lang.String,extra="phone">
Executor - [DEBUG]: data: phone class java.lang.String
DalvikVM - [BB]: fu.hao.trust.dvm.Executor$OP_MOV_CONST -> jump set pc to 7
PluginManager - [MSG]: Taint Tainted Res: {}
Executor - [MSG]: 

Executor - [MSG]: <7 INVOKE,VIRTUAL,extra=[android.content.Context/getSystemService[java.lang.String], [2, 3]]> at de.ecspride.MainActivity/onCreate[android.os.Bundle]
Executor - [MSG]: arg0 obj: Activity:instance number 1@de.ecspride.MainActivity
Executor - [DEBUG]: Reflction class: class android.content.Context
Executor - [BB]: Normal args? true
Executor - [BB]: arg1@reg3: phone
Executor - [BB]: Nargs? true
Executor - [DEBUG]: Caller obj: Activity:instance number 1@de.ecspride.MainActivity, from class: class android.app.Activity
Executor - [DEBUG]: Return data: android.telephony.TelephonyManager@41fbfa37 ,class android.telephony.TelephonyManager
Executor - [MSG]: Reflction invocation public java.lang.Object android.content.Context.getSystemService(java.lang.String)
DalvikVM - [BB]: Set reflective call: public java.lang.Object android.content.Context.getSystemService(java.lang.String)
DalvikVM - [BB]: fu.hao.trust.dvm.Executor -> jump set pc to 8
Taint - [BB]: <android.content.Context: java.lang.Object getSystemService(java.lang.String)>
Taint - [DEBUG]: Not a taint call: <android.content.Context: java.lang.Object getSystemService(java.lang.String)>
PluginManager - [MSG]: Taint Tainted Res: {}
Executor - [MSG]: 

Executor - [MSG]: <8 MOV,RESULT,dst=r1,type=java.lang.Object> at de.ecspride.MainActivity/onCreate[android.os.Bundle]
OP_MOV_RESULT - [BB]: Result data: android.telephony.TelephonyManager@41fbfa37
OP_MOV_RESULT - [DEBUG]: Result data: android.telephony.TelephonyManager@41fbfa37, type: java.lang.Object, to [reg 1@MainActivity/onCreate]
DalvikVM - [BB]: fu.hao.trust.dvm.Executor$OP_MOV_RESULT -> jump set pc to 9
PluginManager - [MSG]: Taint Tainted Res: {}
Executor - [MSG]: 

Executor - [MSG]: <9 ARITHMETIC,CHECK-AND-CAST,dst=r1,type=android.telephony.TelephonyManager> at de.ecspride.MainActivity/onCreate[android.os.Bundle]
DalvikVM - [BB]: fu.hao.trust.dvm.Executor$OP_ARITHETIC -> jump set pc to 10
Taint - [BB]: Not a taint op <9 ARITHMETIC,CHECK-AND-CAST,dst=r1,type=android.telephony.TelephonyManager>
PluginManager - [MSG]: Taint Tainted Res: {}
Executor - [MSG]: 

Executor - [MSG]: <10 NEW,INSTANCE,dst=r0,type=de.ecspride.MainActivity$MyAsyncTask> at de.ecspride.MainActivity/onCreate[android.os.Bundle]
OP_NEW_INSTANCE - [DEBUG]: [reg 0@MainActivity/onCreate]
DalvikVM - [BB]: Superclass: de.ecspride.MainActivity$MyAsyncTask
AsyncTask - [BB]: New instance of de.ecspride.MainActivity$MyAsyncTask
Caller@4: <init>@fu.hao.trust.dvm.DVMObject - [BB]: getClass de.ecspride.MainActivity$MyAsyncTask at fu.hao.trust.dvm.VMHeap@5545757a
Caller: getClass@fu.hao.trust.dvm.VMHeap - [BB]: new class representation for de.ecspride.MainActivity$MyAsyncTask at fu.hao.trust.dvm.VMHeap@5545757a
Caller@4: <init>@fu.hao.trust.dvm.DVMClass - [BB]: getClass android.os.AsyncTask at fu.hao.trust.dvm.VMHeap@5545757a
Caller: getClass@fu.hao.trust.dvm.VMHeap - [BB]: new class representation for android.os.AsyncTask at fu.hao.trust.dvm.VMHeap@5545757a
Caller@4: <init>@fu.hao.trust.dvm.DVMClass - [BB]: getClass fu.hao.trust.dvm.DVMObject at fu.hao.trust.dvm.VMHeap@5545757a
Caller: <init>@fu.hao.trust.dvm.DVMClass - [BB]: Get DVMClass for type fu.hao.trust.dvm.DVMObject
Caller@4: <init>@fu.hao.trust.dvm.DVMClass - [BB]: getClass fu.hao.trust.dvm.DVMObject at fu.hao.trust.dvm.VMHeap@5545757a
Caller: <init>@fu.hao.trust.dvm.DVMClass - [BB]: Get DVMClass for type android.os.AsyncTask
Caller@4: <init>@fu.hao.trust.dvm.DVMClass - [BB]: getClass android.os.AsyncTask at fu.hao.trust.dvm.VMHeap@5545757a
Caller: <init>@fu.hao.trust.dvm.DVMObject - [BB]: Get DVMClass for type de.ecspride.MainActivity$MyAsyncTask
Caller@4: <init>@fu.hao.trust.dvm.DVMObject - [BB]: getClass de.ecspride.MainActivity$MyAsyncTask at fu.hao.trust.dvm.VMHeap@5545757a
OP_NEW_INSTANCE - [DEBUG]: New object of de.ecspride.MainActivity$MyAsyncTaskcreated:instance number 1@de.ecspride.MainActivity$MyAsyncTask
DalvikVM - [BB]: fu.hao.trust.dvm.Executor$OP_NEW_INSTANCE -> jump set pc to 11
Taint - [BB]: Rdst [reg 0@MainActivity/onCreate]
PluginManager - [MSG]: Taint Tainted Res: {}
Executor - [MSG]: 

Executor - [MSG]: <11 MOV,CONST,dst=r2,type=void,extra=class patdroid.core.PrimitiveInfo?0> at de.ecspride.MainActivity/onCreate[android.os.Bundle]
Executor - [DEBUG]: Mov const begin <11 MOV,CONST,dst=r2,type=void,extra=class patdroid.core.PrimitiveInfo?0>
DalvikVM - [BB]: ar2 (Activity:instance number 1@de.ecspride.MainActivity, android.content.Context), (0, void)
Executor - [DEBUG]: data: 0 class patdroid.core.PrimitiveInfo
DalvikVM - [BB]: fu.hao.trust.dvm.Executor$OP_MOV_CONST -> jump set pc to 12
PluginManager - [MSG]: Taint Tainted Res: {}
Executor - [MSG]: 

Executor - [MSG]: <12 INVOKE,DIRECT,extra=[de.ecspride.MainActivity$MyAsyncTask/<init>[de.ecspride.MainActivity, de.ecspride.MainActivity$1], [0, 5, 2]]> at de.ecspride.MainActivity/onCreate[android.os.Bundle]
Executor - [MSG]: arg0 obj: instance number 1@de.ecspride.MainActivity$MyAsyncTask
Executor - [WARN]: Reflection error: de.ecspride.MainActivity$MyAsyncTask
DalvikVM - [BB]: fu.hao.trust.dvm.Executor -> jump set pc to 13
DalvikVM - [BB]: New method call: de.ecspride.MainActivity$MyAsyncTask/<init>[de.ecspride.MainActivity, de.ecspride.MainActivity$1]
DalvikVM - [BB]: [0]<0 SPECIAL,ARGUMENT_SET,extra=[0, 1, 2]>
DalvikVM - [BB]: [1]<0 INVOKE,DIRECT,extra=[de.ecspride.MainActivity$MyAsyncTask/<init>[de.ecspride.MainActivity], [0, 1]]>
DalvikVM - [BB]: [2]<0 RETURN,VOID>
newStackFrame - [BB]: New Stack Frame: StackFrame de.ecspride.MainActivity$MyAsyncTask/<init>[de.ecspride.MainActivity, de.ecspride.MainActivity$1], pc 13 stored. 
newStackFrame - [BB]: Add frame StackFrame de.ecspride.MainActivity$MyAsyncTask/<init>[de.ecspride.MainActivity, de.ecspride.MainActivity$1]
newStackFrame - [BB]: Stack: [StackFrame de.ecspride.MainActivity/onCreate[android.os.Bundle], StackFrame de.ecspride.MainActivity$MyAsyncTask/<init>[de.ecspride.MainActivity, de.ecspride.MainActivity$1]]
Taint - [BB]: <de.ecspride.MainActivity$MyAsyncTask: void <init>(de.ecspride.MainActivity,de.ecspride.MainActivity$1)>
Taint - [DEBUG]: Not a taint call: <de.ecspride.MainActivity$MyAsyncTask: void <init>(de.ecspride.MainActivity,de.ecspride.MainActivity$1)>
PluginManager - [MSG]: Taint Tainted Res: {}
DalvikVM - [BB]: fu.hao.trust.dvm.Executor -> execute set pc to 0
Executor - [MSG]: 

Executor - [MSG]: <0 SPECIAL,ARGUMENT_SET,extra=[0, 1, 2]> at de.ecspride.MainActivity$MyAsyncTask/<init>[de.ecspride.MainActivity, de.ecspride.MainActivity$1]
Executor - [DEBUG]: params: instance number 1@de.ecspride.MainActivity$MyAsyncTask
Executor - [DEBUG]: params: Activity:instance number 1@de.ecspride.MainActivity
Executor - [DEBUG]: params: 0
DalvikVM - [BB]: fu.hao.trust.dvm.Executor$OP_SP_ARGUMENTS -> jump set pc to 1
PluginManager - [MSG]: Taint Tainted Res: {}
Executor - [MSG]: 

Executor - [MSG]: <1 INVOKE,DIRECT,extra=[de.ecspride.MainActivity$MyAsyncTask/<init>[de.ecspride.MainActivity], [0, 1]]> at de.ecspride.MainActivity$MyAsyncTask/<init>[de.ecspride.MainActivity, de.ecspride.MainActivity$1]
Executor - [MSG]: arg0 obj: instance number 1@de.ecspride.MainActivity$MyAsyncTask
Executor - [WARN]: Reflection error: de.ecspride.MainActivity$MyAsyncTask
DalvikVM - [BB]: fu.hao.trust.dvm.Executor -> jump set pc to 2
DalvikVM - [BB]: New method call: de.ecspride.MainActivity$MyAsyncTask/<init>[de.ecspride.MainActivity]
DalvikVM - [BB]: [0]<0 SPECIAL,ARGUMENT_SET,extra=[0, 1]>
DalvikVM - [BB]: [1]<0 INSTANCE,IPUT,r0=r0,r1=r1,type=java.lang.Object,extra=de.ecspride.MainActivity$MyAsyncTask.this$0>
DalvikVM - [BB]: [2]<0 INVOKE,DIRECT,extra=[java.lang.Object/<init>[], [0]]>
DalvikVM - [BB]: [3]<0 RETURN,VOID>
newStackFrame - [BB]: New Stack Frame: StackFrame de.ecspride.MainActivity$MyAsyncTask/<init>[de.ecspride.MainActivity], pc 2 stored. 
newStackFrame - [BB]: Add frame StackFrame de.ecspride.MainActivity$MyAsyncTask/<init>[de.ecspride.MainActivity]
newStackFrame - [BB]: Stack: [StackFrame de.ecspride.MainActivity/onCreate[android.os.Bundle], StackFrame de.ecspride.MainActivity$MyAsyncTask/<init>[de.ecspride.MainActivity, de.ecspride.MainActivity$1], StackFrame de.ecspride.MainActivity$MyAsyncTask/<init>[de.ecspride.MainActivity]]
Taint - [BB]: <de.ecspride.MainActivity$MyAsyncTask: void <init>(de.ecspride.MainActivity)>
Taint - [DEBUG]: Not a taint call: <de.ecspride.MainActivity$MyAsyncTask: void <init>(de.ecspride.MainActivity)>
PluginManager - [MSG]: Taint Tainted Res: {}
DalvikVM - [BB]: fu.hao.trust.dvm.Executor -> execute set pc to 0
Executor - [MSG]: 

Executor - [MSG]: <0 SPECIAL,ARGUMENT_SET,extra=[0, 1]> at de.ecspride.MainActivity$MyAsyncTask/<init>[de.ecspride.MainActivity]
Executor - [DEBUG]: params: instance number 1@de.ecspride.MainActivity$MyAsyncTask
Executor - [DEBUG]: params: Activity:instance number 1@de.ecspride.MainActivity
DalvikVM - [BB]: fu.hao.trust.dvm.Executor$OP_SP_ARGUMENTS -> jump set pc to 1
PluginManager - [MSG]: Taint Tainted Res: {}
Executor - [MSG]: 

Executor - [MSG]: <1 INSTANCE,IPUT,r0=r0,r1=r1,type=java.lang.Object,extra=de.ecspride.MainActivity$MyAsyncTask.this$0> at de.ecspride.MainActivity$MyAsyncTask/<init>[de.ecspride.MainActivity]
class fu.hao.trust.dvm.Executor$OP_INSTANCE_PUT_FIELD - [BB]: field de.ecspride.MainActivity$MyAsyncTask.this$0
class fu.hao.trust.dvm.Executor$OP_INSTANCE_PUT_FIELD - [BB]: Target obj instance number 1@de.ecspride.MainActivity$MyAsyncTask
AsyncTask - [DEBUG]: put field Activity:instance number 1@de.ecspride.MainActivity
class fu.hao.trust.dvm.Executor$OP_INSTANCE_PUT_FIELD - [MSG]: Put data Activity:instance number 1@de.ecspride.MainActivity to the field of instance number 1@de.ecspride.MainActivity$MyAsyncTask
DalvikVM - [BB]: fu.hao.trust.dvm.Executor$OP_INSTANCE_PUT_FIELD -> jump set pc to 2
PluginManager - [MSG]: Taint Tainted Res: {}
Executor - [MSG]: 

Executor - [MSG]: <2 INVOKE,DIRECT,extra=[java.lang.Object/<init>[], [0]]> at de.ecspride.MainActivity$MyAsyncTask/<init>[de.ecspride.MainActivity]
Executor - [MSG]: arg0 obj: instance number 1@de.ecspride.MainActivity$MyAsyncTask
Executor - [BB]: java.lang.Object/<init>[] is a constructor!
Executor - [WARN]: Reflection error: de.ecspride.MainActivity$MyAsyncTask
DalvikVM - [BB]: fu.hao.trust.dvm.Executor -> jump set pc to 3
Taint - [BB]: <java.lang.Object: void <init>()>
Taint - [DEBUG]: Not a taint call: <java.lang.Object: void <init>()>
PluginManager - [MSG]: Taint Tainted Res: {}
Executor - [MSG]: 

Executor - [MSG]: <3 RETURN,VOID> at de.ecspride.MainActivity$MyAsyncTask/<init>[de.ecspride.MainActivity]
class fu.hao.trust.dvm.Executor$OP_RETURN_VOID - [DEBUG]: Return void
DalvikVM - [BB]: stack [StackFrame de.ecspride.MainActivity/onCreate[android.os.Bundle], StackFrame de.ecspride.MainActivity$MyAsyncTask/<init>[de.ecspride.MainActivity, de.ecspride.MainActivity$1]]
DalvikVM - [BB]: Back to the last stack frame.StackFrame de.ecspride.MainActivity$MyAsyncTask/<init>[de.ecspride.MainActivity, de.ecspride.MainActivity$1]
PluginManager - [MSG]: Taint Tainted Res: {}
Executor - [MSG]: 

Executor - [MSG]: <2 RETURN,VOID> at de.ecspride.MainActivity$MyAsyncTask/<init>[de.ecspride.MainActivity, de.ecspride.MainActivity$1]
class fu.hao.trust.dvm.Executor$OP_RETURN_VOID - [DEBUG]: Return void
DalvikVM - [BB]: stack [StackFrame de.ecspride.MainActivity/onCreate[android.os.Bundle]]
DalvikVM - [BB]: Back to the last stack frame.StackFrame de.ecspride.MainActivity/onCreate[android.os.Bundle]
PluginManager - [MSG]: Taint Tainted Res: {}
Executor - [MSG]: 

Executor - [MSG]: <13 MOV,CONST,dst=r2,type=void,extra=class patdroid.core.PrimitiveInfo?1> at de.ecspride.MainActivity/onCreate[android.os.Bundle]
Executor - [DEBUG]: Mov const begin <13 MOV,CONST,dst=r2,type=void,extra=class patdroid.core.PrimitiveInfo?1>
DalvikVM - [BB]: ar2 (0, void), (1, void)
Executor - [DEBUG]: data: 1 class patdroid.core.PrimitiveInfo
DalvikVM - [BB]: fu.hao.trust.dvm.Executor$OP_MOV_CONST -> jump set pc to 14
PluginManager - [MSG]: Taint Tainted Res: {}
Executor - [MSG]: 

Executor - [MSG]: <14 NEW,ARRAY,dst=r2,r0=r2,type=[Ljava.lang.String;> at de.ecspride.MainActivity/onCreate[android.os.Bundle]
DalvikVM - [BB]: ar2 (1, void), ([Ljava.lang.Object;@faaf84c, [Ljava.lang.String;)
OP_NEW_ARRAY - [DEBUG]: A new array of [Ljava.lang.String; in size 1 created.
DalvikVM - [BB]: fu.hao.trust.dvm.Executor$OP_NEW_ARRAY -> jump set pc to 15
Taint - [BB]: Not a taint op <14 NEW,ARRAY,dst=r2,r0=r2,type=[Ljava.lang.String;>
PluginManager - [MSG]: Taint Tainted Res: {}
Executor - [MSG]: 

Executor - [MSG]: <15 MOV,CONST,dst=r3,type=void,extra=class patdroid.core.PrimitiveInfo?0> at de.ecspride.MainActivity/onCreate[android.os.Bundle]
Executor - [DEBUG]: Mov const begin <15 MOV,CONST,dst=r3,type=void,extra=class patdroid.core.PrimitiveInfo?0>
DalvikVM - [BB]: ar3 (phone, java.lang.String), (0, void)
Executor - [DEBUG]: data: 0 class patdroid.core.PrimitiveInfo
DalvikVM - [BB]: fu.hao.trust.dvm.Executor$OP_MOV_CONST -> jump set pc to 16
PluginManager - [MSG]: Taint Tainted Res: {}
Executor - [MSG]: 

Executor - [MSG]: <16 INVOKE,VIRTUAL,extra=[android.telephony.TelephonyManager/getDeviceId[], [1]]> at de.ecspride.MainActivity/onCreate[android.os.Bundle]
Executor - [MSG]: arg0 obj: android.telephony.TelephonyManager@41fbfa37
Executor - [DEBUG]: Reflction class: class android.telephony.TelephonyManager
Executor - [DEBUG]: Return data: 359874043116909 ,class java.lang.String
Executor - [MSG]: Reflction invocation public java.lang.String android.telephony.TelephonyManager.getDeviceId()
DalvikVM - [BB]: Set reflective call: public java.lang.String android.telephony.TelephonyManager.getDeviceId()
DalvikVM - [BB]: fu.hao.trust.dvm.Executor -> jump set pc to 17
Taint - [BB]: <android.telephony.TelephonyManager: java.lang.String getDeviceId()>
Taint - [WARN]: Found a tainted return value!
PluginManager - [MSG]: Taint Tainted Res: {359874043116909=<16 INVOKE,VIRTUAL,extra=[android.telephony.TelephonyManager/getDeviceId[], [1]]>, [Global RetReg]=<16 INVOKE,VIRTUAL,extra=[android.telephony.TelephonyManager/getDeviceId[], [1]]>}
Executor - [MSG]: 

Executor - [MSG]: <17 MOV,RESULT,dst=r4,type=java.lang.Object> at de.ecspride.MainActivity/onCreate[android.os.Bundle]
OP_MOV_RESULT - [BB]: Result data: 359874043116909
OP_MOV_RESULT - [DEBUG]: Result data: 359874043116909, type: java.lang.String, to [reg 4@MainActivity/onCreate]
DalvikVM - [BB]: fu.hao.trust.dvm.Executor$OP_MOV_RESULT -> jump set pc to 18
Taint - [BB]: <16 INVOKE,VIRTUAL,extra=[android.telephony.TelephonyManager/getDeviceId[], [1]]>
Taint - [BB]: Add reg 4 due to ret reg.
PluginManager - [MSG]: Taint Tainted Res: {[reg 4@MainActivity/onCreate]=<16 INVOKE,VIRTUAL,extra=[android.telephony.TelephonyManager/getDeviceId[], [1]]>, 359874043116909=<16 INVOKE,VIRTUAL,extra=[android.telephony.TelephonyManager/getDeviceId[], [1]]>}
Executor - [MSG]: 

Executor - [MSG]: <18 ARRAY,APUT,dst=r4,r0=r2,r1=r3,type=java.lang.Object> at de.ecspride.MainActivity/onCreate[android.os.Bundle]
DalvikVM - [BB]: fu.hao.trust.dvm.Executor$OP_ARRAY_PUT -> jump set pc to 19
Executor - [BB]: index: 0, length: 1
Executor - [DEBUG]: data: 359874043116909 array: [Ljava.lang.Object;@faaf84c
PluginManager - [MSG]: Taint Tainted Res: {[reg 4@MainActivity/onCreate]=<16 INVOKE,VIRTUAL,extra=[android.telephony.TelephonyManager/getDeviceId[], [1]]>, 359874043116909=<16 INVOKE,VIRTUAL,extra=[android.telephony.TelephonyManager/getDeviceId[], [1]]>}
Executor - [MSG]: 

Executor - [MSG]: <19 INVOKE,VIRTUAL,extra=[android.os.AsyncTask/execute[[Ljava.lang.Object;], [0, 2]]> at de.ecspride.MainActivity/onCreate[android.os.Bundle]
Executor - [MSG]: arg0 obj: instance number 1@de.ecspride.MainActivity$MyAsyncTask
Executor - [DEBUG]: Reflction class: class android.os.AsyncTask
Executor - [BB]: Normal args? true
Executor - [BB]: arg1@reg2: [Ljava.lang.Object;@faaf84c
Executor - [BB]: Nargs? true
Executor - [DEBUG]: Caller obj: instance number 1@de.ecspride.MainActivity$MyAsyncTask, from class: class android.os.AsyncTask
DalvikVM - [BB]: New method call: de.ecspride.MainActivity$MyAsyncTask/doInBackground[[Ljava.lang.Object;]
DalvikVM - [BB]: [0]<0 SPECIAL,ARGUMENT_SET,extra=[1, 2]>
DalvikVM - [BB]: [1]<0 ARITHMETIC,CHECK-AND-CAST,dst=r2,type=[Ljava.lang.String;>
DalvikVM - [BB]: [2]<0 INVOKE,VIRTUAL,extra=[de.ecspride.MainActivity$MyAsyncTask/doInBackground[[Ljava.lang.String;], [1, 2]]>
DalvikVM - [BB]: [3]<0 MOV,RESULT,dst=r0,type=java.lang.Object>
DalvikVM - [BB]: [4]<0 RETURN,VALUE,r0=r0,type=java.lang.Object>
newStackFrame - [BB]: New Stack Frame: StackFrame de.ecspride.MainActivity$MyAsyncTask/doInBackground[[Ljava.lang.Object;], pc 19 stored. 
newStackFrame - [BB]: Stack: [StackFrame de.ecspride.MainActivity/onCreate[android.os.Bundle]]
DalvikVM - [MSG]: Begin run instrumented methods!
DalvikVM - [MSG]: <19 INVOKE,VIRTUAL,extra=[android.os.AsyncTask/execute[[Ljava.lang.Object;], [0, 2]]>
DalvikVM - [BB]: Add frames [StackFrame de.ecspride.MainActivity$MyAsyncTask/doInBackground[[Ljava.lang.Object;]]
DalvikVM - [BB]: fu.hao.trust.dvm.DalvikVM -> runInstrumentedMethods set pc to 0
Executor - [MSG]: 

Executor - [MSG]: <0 SPECIAL,ARGUMENT_SET,extra=[1, 2]> at de.ecspride.MainActivity$MyAsyncTask/doInBackground[[Ljava.lang.Object;]
Executor - [DEBUG]: params: instance number 1@de.ecspride.MainActivity$MyAsyncTask
Executor - [DEBUG]: params: [Ljava.lang.Object;@faaf84c
DalvikVM - [BB]: fu.hao.trust.dvm.Executor$OP_SP_ARGUMENTS -> jump set pc to 1
Taint - [BB]: Copy 359874043116909 as tainted.
PluginManager - [MSG]: Taint Tainted Res: {359874043116909=<16 INVOKE,VIRTUAL,extra=[android.telephony.TelephonyManager/getDeviceId[], [1]]>}
Executor - [MSG]: 

Executor - [MSG]: <1 ARITHMETIC,CHECK-AND-CAST,dst=r2,type=[Ljava.lang.String;> at de.ecspride.MainActivity$MyAsyncTask/doInBackground[[Ljava.lang.Object;]
DalvikVM - [BB]: fu.hao.trust.dvm.Executor$OP_ARITHETIC -> jump set pc to 2
OP_A_CHECKCAST - [WARN]: Not consistent type when cast! [Ljava.lang.String;, [Ljava.lang.Object;
Taint - [BB]: Not a taint op <1 ARITHMETIC,CHECK-AND-CAST,dst=r2,type=[Ljava.lang.String;>
PluginManager - [MSG]: Taint Tainted Res: {359874043116909=<16 INVOKE,VIRTUAL,extra=[android.telephony.TelephonyManager/getDeviceId[], [1]]>}
Executor - [MSG]: 

Executor - [MSG]: <2 INVOKE,VIRTUAL,extra=[de.ecspride.MainActivity$MyAsyncTask/doInBackground[[Ljava.lang.String;], [1, 2]]> at de.ecspride.MainActivity$MyAsyncTask/doInBackground[[Ljava.lang.Object;]
Executor - [MSG]: arg0 obj: instance number 1@de.ecspride.MainActivity$MyAsyncTask
Executor - [WARN]: Reflection error: de.ecspride.MainActivity$MyAsyncTask
DalvikVM - [BB]: fu.hao.trust.dvm.Executor -> jump set pc to 3
DalvikVM - [BB]: New method call: de.ecspride.MainActivity$MyAsyncTask/doInBackground[[Ljava.lang.String;]
DalvikVM - [BB]: [0]<0 SPECIAL,ARGUMENT_SET,extra=[6, 7]>
DalvikVM - [BB]: [1]<0 MOV,CONST,dst=r4,type=void,extra=class patdroid.core.PrimitiveInfo?0>
DalvikVM - [BB]: [2]<1 MOV,CONST,dst=r2,type=void,extra=class patdroid.core.PrimitiveInfo?0>
DalvikVM - [BB]: [3]<2 MOV,CONST,dst=r1,type=java.lang.String,extra="DroidBench">
DalvikVM - [BB]: [4]<0 ARRAY,AGET,dst=r3,r0=r7,r1=r4,type=java.lang.Object>
DalvikVM - [BB]: [5]<0 INVOKE,STATIC,extra=[android.util.Log/d[java.lang.String, java.lang.String], [1, 3]]>
DalvikVM - [BB]: [6]<0 INVOKE,STATIC,extra=[android.telephony.SmsManager/getDefault[], []]>
DalvikVM - [BB]: [7]<0 MOV,RESULT,dst=r0,type=java.lang.Object>
DalvikVM - [BB]: [8]<7 MOV,CONST,dst=r1,type=java.lang.String,extra="+49">
DalvikVM - [BB]: [9]<0 ARRAY,AGET,dst=r3,r0=r7,r1=r4,type=java.lang.Object>
DalvikVM - [BB]: [10]<0 MOV,REG,dst=r4,r0=r2,type=java.lang.Object>
DalvikVM - [BB]: [11]<0 MOV,REG,dst=r5,r0=r2,type=java.lang.Object>
DalvikVM - [BB]: [12]<0 INVOKE,VIRTUAL,extra=[android.telephony.SmsManager/sendTextMessage[java.lang.String, java.lang.String, java.lang.String, android.app.PendingIntent, android.app.PendingIntent], [0, 1, 2, 3, 4, 5]]>
DalvikVM - [BB]: [13]<12 MOV,CONST,dst=r1,type=java.lang.String,extra="Done">
DalvikVM - [BB]: [14]<0 RETURN,VALUE,r0=r1,type=java.lang.Object>
newStackFrame - [BB]: New Stack Frame: StackFrame de.ecspride.MainActivity$MyAsyncTask/doInBackground[[Ljava.lang.String;], pc 3 stored. 
newStackFrame - [BB]: Add frame StackFrame de.ecspride.MainActivity$MyAsyncTask/doInBackground[[Ljava.lang.String;]
newStackFrame - [BB]: Stack: [StackFrame de.ecspride.MainActivity/onCreate[android.os.Bundle], StackFrame de.ecspride.MainActivity$MyAsyncTask/doInBackground[[Ljava.lang.Object;], StackFrame de.ecspride.MainActivity$MyAsyncTask/doInBackground[[Ljava.lang.String;]]
PluginManager - [MSG]: Taint Tainted Res: {359874043116909=<16 INVOKE,VIRTUAL,extra=[android.telephony.TelephonyManager/getDeviceId[], [1]]>}
DalvikVM - [BB]: fu.hao.trust.dvm.DalvikVM -> runInstrumentedMethods set pc to 0
Executor - [MSG]: 

Executor - [MSG]: <0 SPECIAL,ARGUMENT_SET,extra=[6, 7]> at de.ecspride.MainActivity$MyAsyncTask/doInBackground[[Ljava.lang.String;]
Executor - [DEBUG]: params: instance number 1@de.ecspride.MainActivity$MyAsyncTask
Executor - [DEBUG]: params: [Ljava.lang.Object;@faaf84c
DalvikVM - [BB]: fu.hao.trust.dvm.Executor$OP_SP_ARGUMENTS -> jump set pc to 1
Taint - [BB]: Copy 359874043116909 as tainted.
PluginManager - [MSG]: Taint Tainted Res: {359874043116909=<16 INVOKE,VIRTUAL,extra=[android.telephony.TelephonyManager/getDeviceId[], [1]]>}
Executor - [MSG]: 

Executor - [MSG]: <1 MOV,CONST,dst=r4,type=void,extra=class patdroid.core.PrimitiveInfo?0> at de.ecspride.MainActivity$MyAsyncTask/doInBackground[[Ljava.lang.String;]
Executor - [DEBUG]: Mov const begin <1 MOV,CONST,dst=r4,type=void,extra=class patdroid.core.PrimitiveInfo?0>
Executor - [DEBUG]: data: 0 class patdroid.core.PrimitiveInfo
DalvikVM - [BB]: fu.hao.trust.dvm.Executor$OP_MOV_CONST -> jump set pc to 2
PluginManager - [MSG]: Taint Tainted Res: {359874043116909=<16 INVOKE,VIRTUAL,extra=[android.telephony.TelephonyManager/getDeviceId[], [1]]>}
Executor - [MSG]: 

Executor - [MSG]: <2 MOV,CONST,dst=r2,type=void,extra=class patdroid.core.PrimitiveInfo?0> at de.ecspride.MainActivity$MyAsyncTask/doInBackground[[Ljava.lang.String;]
Executor - [DEBUG]: Mov const begin <2 MOV,CONST,dst=r2,type=void,extra=class patdroid.core.PrimitiveInfo?0>
Executor - [DEBUG]: data: 0 class patdroid.core.PrimitiveInfo
DalvikVM - [BB]: fu.hao.trust.dvm.Executor$OP_MOV_CONST -> jump set pc to 3
PluginManager - [MSG]: Taint Tainted Res: {359874043116909=<16 INVOKE,VIRTUAL,extra=[android.telephony.TelephonyManager/getDeviceId[], [1]]>}
Executor - [MSG]: 

Executor - [MSG]: <3 MOV,CONST,dst=r1,type=java.lang.String,extra="DroidBench"> at de.ecspride.MainActivity$MyAsyncTask/doInBackground[[Ljava.lang.String;]
Executor - [DEBUG]: Mov const begin <3 MOV,CONST,dst=r1,type=java.lang.String,extra="DroidBench">
Executor - [DEBUG]: data: DroidBench class java.lang.String
DalvikVM - [BB]: fu.hao.trust.dvm.Executor$OP_MOV_CONST -> jump set pc to 4
PluginManager - [MSG]: Taint Tainted Res: {359874043116909=<16 INVOKE,VIRTUAL,extra=[android.telephony.TelephonyManager/getDeviceId[], [1]]>}
Executor - [MSG]: 

Executor - [MSG]: <4 ARRAY,AGET,dst=r3,r0=r7,r1=r4,type=java.lang.Object> at de.ecspride.MainActivity$MyAsyncTask/doInBackground[[Ljava.lang.String;]
DalvikVM - [BB]: fu.hao.trust.dvm.Executor$OP_ARRAY_GET -> jump set pc to 5
Executor - [BB]: Array: [Ljava.lang.Object;@faaf84c
Executor - [BB]: Length: 1
Executor - [BB]: Index: 0
Executor - [DEBUG]: Elem: 359874043116909 at 0 of [Ljava.lang.Object;@faaf84c
PluginManager - [MSG]: Taint Tainted Res: {359874043116909=<16 INVOKE,VIRTUAL,extra=[android.telephony.TelephonyManager/getDeviceId[], [1]]>}
Executor - [MSG]: 

Executor - [MSG]: <5 INVOKE,STATIC,extra=[android.util.Log/d[java.lang.String, java.lang.String], [1, 3]]> at de.ecspride.MainActivity$MyAsyncTask/doInBackground[[Ljava.lang.String;]
Executor - [DEBUG]: Reflction class android.util.Log
Executor - [BB]: arg0@reg1: DroidBench
Executor - [BB]: arg1@reg3: 359874043116909
DalvikVM - [BB]: ar3 (359874043116909, java.lang.Object), (359874043116909, java.lang.String)
Executor - [BB]: param: DroidBench
Executor - [BB]: param: 359874043116909
Executor - [MSG]: reflction invocation public static int android.util.Log.d(java.lang.String,java.lang.String)
DalvikVM - [BB]: Set reflective call: public static int android.util.Log.d(java.lang.String,java.lang.String)
DalvikVM - [BB]: fu.hao.trust.dvm.Executor$OP_INVOKE_STATIC -> jump set pc to 6
Taint - [BB]: <android.util.Log: int d(java.lang.String,java.lang.String)>
Taint - [DEBUG]: Not a taint call: <android.util.Log: int d(java.lang.String,java.lang.String)>
Taint - [WARN]: Found a tainted return val!
PluginManager - [MSG]: Taint Tainted Res: {[Global RetReg]=<16 INVOKE,VIRTUAL,extra=[android.telephony.TelephonyManager/getDeviceId[], [1]]>, 359874043116909=<16 INVOKE,VIRTUAL,extra=[android.telephony.TelephonyManager/getDeviceId[], [1]]>}
Executor - [MSG]: 

Executor - [MSG]: <6 INVOKE,STATIC,extra=[android.telephony.SmsManager/getDefault[], []]> at de.ecspride.MainActivity$MyAsyncTask/doInBackground[[Ljava.lang.String;]
Executor - [DEBUG]: Reflction class android.telephony.SmsManager
Executor - [MSG]: reflction invocation public static android.telephony.SmsManager android.telephony.SmsManager.getDefault()
DalvikVM - [BB]: Set reflective call: public static android.telephony.SmsManager android.telephony.SmsManager.getDefault()
DalvikVM - [BB]: fu.hao.trust.dvm.Executor$OP_INVOKE_STATIC -> jump set pc to 7
Taint - [BB]: <android.telephony.SmsManager: android.telephony.SmsManager getDefault()>
Taint - [DEBUG]: Not a taint call: <android.telephony.SmsManager: android.telephony.SmsManager getDefault()>
PluginManager - [MSG]: Taint Tainted Res: {359874043116909=<16 INVOKE,VIRTUAL,extra=[android.telephony.TelephonyManager/getDeviceId[], [1]]>}
Executor - [MSG]: 

Executor - [MSG]: <7 MOV,RESULT,dst=r0,type=java.lang.Object> at de.ecspride.MainActivity$MyAsyncTask/doInBackground[[Ljava.lang.String;]
OP_MOV_RESULT - [BB]: Result data: android.telephony.SmsManager@45093095
OP_MOV_RESULT - [DEBUG]: Result data: android.telephony.SmsManager@45093095, type: android.telephony.SmsManager, to [reg 0@MainActivity$MyAsyncTask/doInBackground]
DalvikVM - [BB]: fu.hao.trust.dvm.Executor$OP_MOV_RESULT -> jump set pc to 8
PluginManager - [MSG]: Taint Tainted Res: {359874043116909=<16 INVOKE,VIRTUAL,extra=[android.telephony.TelephonyManager/getDeviceId[], [1]]>}
Executor - [MSG]: 

Executor - [MSG]: <8 MOV,CONST,dst=r1,type=java.lang.String,extra="+49"> at de.ecspride.MainActivity$MyAsyncTask/doInBackground[[Ljava.lang.String;]
Executor - [DEBUG]: Mov const begin <8 MOV,CONST,dst=r1,type=java.lang.String,extra="+49">
DalvikVM - [BB]: ar1 (DroidBench, java.lang.String), (+49, java.lang.String)
Executor - [DEBUG]: data: +49 class java.lang.String
DalvikVM - [BB]: fu.hao.trust.dvm.Executor$OP_MOV_CONST -> jump set pc to 9
PluginManager - [MSG]: Taint Tainted Res: {359874043116909=<16 INVOKE,VIRTUAL,extra=[android.telephony.TelephonyManager/getDeviceId[], [1]]>}
Executor - [MSG]: 

Executor - [MSG]: <9 ARRAY,AGET,dst=r3,r0=r7,r1=r4,type=java.lang.Object> at de.ecspride.MainActivity$MyAsyncTask/doInBackground[[Ljava.lang.String;]
DalvikVM - [BB]: fu.hao.trust.dvm.Executor$OP_ARRAY_GET -> jump set pc to 10
Executor - [BB]: Array: [Ljava.lang.Object;@faaf84c
Executor - [BB]: Length: 1
Executor - [BB]: Index: 0
Executor - [DEBUG]: Elem: 359874043116909 at 0 of [Ljava.lang.Object;@faaf84c
DalvikVM - [BB]: ar3 (359874043116909, java.lang.String), (359874043116909, java.lang.Object)
PluginManager - [MSG]: Taint Tainted Res: {359874043116909=<16 INVOKE,VIRTUAL,extra=[android.telephony.TelephonyManager/getDeviceId[], [1]]>}
Executor - [MSG]: 

Executor - [MSG]: <10 MOV,REG,dst=r4,r0=r2,type=java.lang.Object> at de.ecspride.MainActivity$MyAsyncTask/doInBackground[[Ljava.lang.String;]
DalvikVM - [BB]: ar4 (0, void), (0, void)
class fu.hao.trust.dvm.Executor$OP_MOVE_REG - [DEBUG]: mov 0 to 0
DalvikVM - [BB]: fu.hao.trust.dvm.Executor$OP_MOVE_REG -> jump set pc to 11
PluginManager - [MSG]: Taint Tainted Res: {359874043116909=<16 INVOKE,VIRTUAL,extra=[android.telephony.TelephonyManager/getDeviceId[], [1]]>}
Executor - [MSG]: 

Executor - [MSG]: <11 MOV,REG,dst=r5,r0=r2,type=java.lang.Object> at de.ecspride.MainActivity$MyAsyncTask/doInBackground[[Ljava.lang.String;]
class fu.hao.trust.dvm.Executor$OP_MOVE_REG - [DEBUG]: mov 0 to 0
DalvikVM - [BB]: fu.hao.trust.dvm.Executor$OP_MOVE_REG -> jump set pc to 12
PluginManager - [MSG]: Taint Tainted Res: {359874043116909=<16 INVOKE,VIRTUAL,extra=[android.telephony.TelephonyManager/getDeviceId[], [1]]>}
Executor - [MSG]: 

Executor - [MSG]: <12 INVOKE,VIRTUAL,extra=[android.telephony.SmsManager/sendTextMessage[java.lang.String, java.lang.String, java.lang.String, android.app.PendingIntent, android.app.PendingIntent], [0, 1, 2, 3, 4, 5]]> at de.ecspride.MainActivity$MyAsyncTask/doInBackground[[Ljava.lang.String;]
Executor - [MSG]: arg0 obj: android.telephony.SmsManager@45093095
Executor - [DEBUG]: Reflction class: class android.telephony.SmsManager
Executor - [BB]: Normal args? true
Executor - [BB]: arg1@reg1: +49
Executor - [BB]: arg2@reg2: 0
Executor - [WARN]: Mismatch type! arg 2, real para type: class patdroid.core.PrimitiveInfo, expected para type: class java.lang.String
Executor - [BB]: arg3@reg3: 359874043116909
DalvikVM - [BB]: ar3 (359874043116909, java.lang.Object), (359874043116909, java.lang.String)
Executor - [BB]: arg4@reg4: 0
Executor - [WARN]: Mismatch type! arg 4, real para type: class patdroid.core.PrimitiveInfo, expected para type: class android.app.PendingIntent
Executor - [BB]: arg5@reg5: 0
Executor - [WARN]: Mismatch type! arg 5, real para type: class patdroid.core.PrimitiveInfo, expected para type: class android.app.PendingIntent
Executor - [BB]: Nargs? true
Executor - [DEBUG]: Caller obj: android.telephony.SmsManager@45093095, from class: class android.telephony.SmsManager
Executor - [MSG]: Reflction invocation public void android.telephony.SmsManager.sendTextMessage(java.lang.String,java.lang.String,java.lang.String,android.app.PendingIntent,android.app.PendingIntent)
DalvikVM - [BB]: Set reflective call: public void android.telephony.SmsManager.sendTextMessage(java.lang.String,java.lang.String,java.lang.String,android.app.PendingIntent,android.app.PendingIntent)
DalvikVM - [BB]: fu.hao.trust.dvm.Executor -> jump set pc to 13
Taint - [BB]: <android.telephony.SmsManager: void sendTextMessage(java.lang.String,java.lang.String,java.lang.String,android.app.PendingIntent,android.app.PendingIntent)>
Taint - [BB]: Found a sink invocation. <android.telephony.SmsManager: void sendTextMessage(java.lang.String,java.lang.String,java.lang.String,android.app.PendingIntent,android.app.PendingIntent)>
Taint - [WARN]: Found a taint sink <android.telephony.SmsManager: void sendTextMessage(java.lang.String,java.lang.String,java.lang.String,android.app.PendingIntent,android.app.PendingIntent)> leaking data [359874043116909] at reg 3!!!
PluginManager - [MSG]: Taint Tainted Res: {359874043116909=<16 INVOKE,VIRTUAL,extra=[android.telephony.TelephonyManager/getDeviceId[], [1]]>}
Executor - [MSG]: 

Executor - [MSG]: <13 MOV,CONST,dst=r1,type=java.lang.String,extra="Done"> at de.ecspride.MainActivity$MyAsyncTask/doInBackground[[Ljava.lang.String;]
Executor - [DEBUG]: Mov const begin <13 MOV,CONST,dst=r1,type=java.lang.String,extra="Done">
DalvikVM - [BB]: ar1 (+49, java.lang.String), (Done, java.lang.String)
Executor - [DEBUG]: data: Done class java.lang.String
DalvikVM - [BB]: fu.hao.trust.dvm.Executor$OP_MOV_CONST -> jump set pc to 14
PluginManager - [MSG]: Taint Tainted Res: {359874043116909=<16 INVOKE,VIRTUAL,extra=[android.telephony.TelephonyManager/getDeviceId[], [1]]>}
Executor - [MSG]: 

Executor - [MSG]: <14 RETURN,VALUE,r0=r1,type=java.lang.Object> at de.ecspride.MainActivity$MyAsyncTask/doInBackground[[Ljava.lang.String;]
DalvikVM - [BB]: ar-1 (null, void), (Done, java.lang.String)
Executor - [BB]: Return data: Done
DalvikVM - [BB]: stack [StackFrame de.ecspride.MainActivity/onCreate[android.os.Bundle], StackFrame de.ecspride.MainActivity$MyAsyncTask/doInBackground[[Ljava.lang.Object;]]
DalvikVM - [BB]: Back to the last stack frame.StackFrame de.ecspride.MainActivity$MyAsyncTask/doInBackground[[Ljava.lang.Object;]
PluginManager - [MSG]: Taint Tainted Res: {359874043116909=<16 INVOKE,VIRTUAL,extra=[android.telephony.TelephonyManager/getDeviceId[], [1]]>}
Executor - [MSG]: 

Executor - [MSG]: <3 MOV,RESULT,dst=r0,type=java.lang.Object> at de.ecspride.MainActivity$MyAsyncTask/doInBackground[[Ljava.lang.Object;]
OP_MOV_RESULT - [BB]: Result data: Done
OP_MOV_RESULT - [DEBUG]: Result data: Done, type: java.lang.String, to [reg 0@MainActivity$MyAsyncTask/doInBackground]
DalvikVM - [BB]: fu.hao.trust.dvm.Executor$OP_MOV_RESULT -> jump set pc to 4
PluginManager - [MSG]: Taint Tainted Res: {359874043116909=<16 INVOKE,VIRTUAL,extra=[android.telephony.TelephonyManager/getDeviceId[], [1]]>}
Executor - [MSG]: 

Executor - [MSG]: <4 RETURN,VALUE,r0=r0,type=java.lang.Object> at de.ecspride.MainActivity$MyAsyncTask/doInBackground[[Ljava.lang.Object;]
DalvikVM - [BB]: ar-1 (Done, java.lang.String), (Done, java.lang.String)
Executor - [BB]: Return data: Done
DalvikVM - [BB]: stack [StackFrame de.ecspride.MainActivity/onCreate[android.os.Bundle]]
DalvikVM - [BB]: Back to the last stack frame.StackFrame de.ecspride.MainActivity/onCreate[android.os.Bundle]
PluginManager - [MSG]: Taint Tainted Res: {[reg 4@MainActivity/onCreate]=<16 INVOKE,VIRTUAL,extra=[android.telephony.TelephonyManager/getDeviceId[], [1]]>, 359874043116909=<16 INVOKE,VIRTUAL,extra=[android.telephony.TelephonyManager/getDeviceId[], [1]]>}
DalvikVM - [MSG]: Finish running instrumented methods! Back to StackFrame de.ecspride.MainActivity/onCreate[android.os.Bundle]
DalvikVM - [BB]: ar-1 (Done, java.lang.String), (instance number 1@de.ecspride.MainActivity$MyAsyncTask, android.os.AsyncTask)
Executor - [DEBUG]: Return data: instance number 1@de.ecspride.MainActivity$MyAsyncTask ,class android.os.AsyncTask
Executor - [MSG]: Reflction invocation public final android.os.AsyncTask android.os.AsyncTask.execute(java.lang.Object[])
DalvikVM - [BB]: Set reflective call: public final android.os.AsyncTask android.os.AsyncTask.execute(java.lang.Object[])
DalvikVM - [BB]: fu.hao.trust.dvm.Executor -> jump set pc to 20
Taint - [BB]: <android.os.AsyncTask: android.os.AsyncTask execute([Ljava.lang.Object;)>
Taint - [DEBUG]: Not a taint call: <android.os.AsyncTask: android.os.AsyncTask execute([Ljava.lang.Object;)>
PluginManager - [MSG]: Taint Tainted Res: {[reg 4@MainActivity/onCreate]=<16 INVOKE,VIRTUAL,extra=[android.telephony.TelephonyManager/getDeviceId[], [1]]>, 359874043116909=<16 INVOKE,VIRTUAL,extra=[android.telephony.TelephonyManager/getDeviceId[], [1]]>}
Executor - [MSG]: 

Executor - [MSG]: <20 RETURN,VOID> at de.ecspride.MainActivity/onCreate[android.os.Bundle]
class fu.hao.trust.dvm.Executor$OP_RETURN_VOID - [DEBUG]: Return void
DalvikVM - [BB]: stack []
DalvikVM - [BB]: Back to the last stack frame.null
Executor - [MSG]: RUN DONE! The last one is onCreate
DalvikVM - [MSG]: FINISHED!

main - [MSG]: output/AsyncTask1.apk\AsyncTask1.apk_SrcTaintedFields.csv
main - [MSG]: Analysis has run for 3.404443902 seconds

main - [DEBUG]: Entry event: (de.ecspride.MainActivity, onCreate)
DalvikVM - [MSG]: Begin run onCreate at C:\Users\hao\workspace\DroidBenchProj\AsyncTask1\app\AsyncTask1.apk
DalvikVM - [MSG]: RUN Method de.ecspride.MainActivity/onCreate[android.os.Bundle]
Executor - [DEBUG]: Read manifest csv: output/AsyncTask1.apk\AsyncTask1.apk_manifest.csv
Executor - [WARN]: output\AsyncTask1.apk\AsyncTask1.apk_manifest.csv (The system cannot find the file specified)
DalvikVM - [BB]: New method call: de.ecspride.MainActivity/onCreate[android.os.Bundle]
DalvikVM - [BB]: [0]<0 SPECIAL,ARGUMENT_SET,extra=[5, 6]>
DalvikVM - [BB]: [1]<0 HALT,SUPER,extra=[null, [5, 6]]>
DalvikVM - [BB]: [2]<1 MOV,CONST,dst=r2,type=void,extra=class patdroid.core.PrimitiveInfo?2130903040>
DalvikVM - [BB]: [3]<0 INVOKE,VIRTUAL,extra=[android.app.Activity/setContentView[int], [5, 2]]>
DalvikVM - [BB]: [4]<0 INVOKE,VIRTUAL,extra=[android.content.Context/getApplicationContext[], [5]]>
DalvikVM - [BB]: [5]<0 MOV,RESULT,dst=r2,type=java.lang.Object>
DalvikVM - [BB]: [6]<5 MOV,CONST,dst=r3,type=java.lang.String,extra="phone">
DalvikVM - [BB]: [7]<0 INVOKE,VIRTUAL,extra=[android.content.Context/getSystemService[java.lang.String], [2, 3]]>
DalvikVM - [BB]: [8]<0 MOV,RESULT,dst=r1,type=java.lang.Object>
DalvikVM - [BB]: [9]<0 ARITHMETIC,CHECK-AND-CAST,dst=r1,type=android.telephony.TelephonyManager>
DalvikVM - [BB]: [10]<0 NEW,INSTANCE,dst=r0,type=de.ecspride.MainActivity$MyAsyncTask>
DalvikVM - [BB]: [11]<10 MOV,CONST,dst=r2,type=void,extra=class patdroid.core.PrimitiveInfo?0>
DalvikVM - [BB]: [12]<0 INVOKE,DIRECT,extra=[de.ecspride.MainActivity$MyAsyncTask/<init>[de.ecspride.MainActivity, de.ecspride.MainActivity$1], [0, 5, 2]]>
DalvikVM - [BB]: [13]<12 MOV,CONST,dst=r2,type=void,extra=class patdroid.core.PrimitiveInfo?1>
DalvikVM - [BB]: [14]<0 NEW,ARRAY,dst=r2,r0=r2,type=[Ljava.lang.String;>
DalvikVM - [BB]: [15]<14 MOV,CONST,dst=r3,type=void,extra=class patdroid.core.PrimitiveInfo?0>
DalvikVM - [BB]: [16]<0 INVOKE,VIRTUAL,extra=[android.telephony.TelephonyManager/getDeviceId[], [1]]>
DalvikVM - [BB]: [17]<0 MOV,RESULT,dst=r4,type=java.lang.Object>
DalvikVM - [BB]: [18]<0 ARRAY,APUT,dst=r4,r0=r2,r1=r3,type=java.lang.Object>
DalvikVM - [BB]: [19]<0 INVOKE,VIRTUAL,extra=[android.os.AsyncTask/execute[[Ljava.lang.Object;], [0, 2]]>
DalvikVM - [BB]: [20]<0 RETURN,VOID>
newStackFrame - [BB]: New Stack Frame: StackFrame de.ecspride.MainActivity/onCreate[android.os.Bundle]
newStackFrame - [BB]: Add frame StackFrame de.ecspride.MainActivity/onCreate[android.os.Bundle]
newStackFrame - [BB]: Stack: [StackFrame de.ecspride.MainActivity/onCreate[android.os.Bundle]]
Executor - [MSG]: New chain obj with type de.ecspride.MainActivity
DalvikVM - [BB]: Superclass: de.ecspride.MainActivity
Activity - [BB]: New instance of de.ecspride.MainActivity
Caller@4: <init>@fu.hao.trust.dvm.DVMObject - [BB]: getClass de.ecspride.MainActivity at fu.hao.trust.dvm.VMHeap@1cbd4053
Caller: getClass@fu.hao.trust.dvm.VMHeap - [BB]: new class representation for de.ecspride.MainActivity at fu.hao.trust.dvm.VMHeap@1cbd4053
Caller@4: <init>@fu.hao.trust.dvm.DVMClass - [BB]: getClass android.app.Activity at fu.hao.trust.dvm.VMHeap@1cbd4053
Caller: getClass@fu.hao.trust.dvm.VMHeap - [BB]: new class representation for android.app.Activity at fu.hao.trust.dvm.VMHeap@1cbd4053
Caller@4: <init>@fu.hao.trust.dvm.DVMClass - [BB]: getClass android.content.ContextWrapper at fu.hao.trust.dvm.VMHeap@1cbd4053
Caller: getClass@fu.hao.trust.dvm.VMHeap - [BB]: new class representation for android.content.ContextWrapper at fu.hao.trust.dvm.VMHeap@1cbd4053
Caller@4: <init>@fu.hao.trust.dvm.DVMClass - [BB]: getClass android.content.Context at fu.hao.trust.dvm.VMHeap@1cbd4053
Caller: getClass@fu.hao.trust.dvm.VMHeap - [BB]: new class representation for android.content.Context at fu.hao.trust.dvm.VMHeap@1cbd4053
Caller@4: <init>@fu.hao.trust.dvm.DVMClass - [BB]: getClass fu.hao.trust.dvm.DVMObject at fu.hao.trust.dvm.VMHeap@1cbd4053
Caller: getClass@fu.hao.trust.dvm.VMHeap - [BB]: new class representation for fu.hao.trust.dvm.DVMObject at fu.hao.trust.dvm.VMHeap@1cbd4053
Caller: <init>@fu.hao.trust.dvm.DVMClass - [BB]: Get DVMClass for type fu.hao.trust.dvm.DVMObject
Caller@4: <init>@fu.hao.trust.dvm.DVMClass - [BB]: getClass fu.hao.trust.dvm.DVMObject at fu.hao.trust.dvm.VMHeap@1cbd4053
Caller: <init>@fu.hao.trust.dvm.DVMClass - [BB]: Get DVMClass for type android.content.Context
Caller@4: <init>@fu.hao.trust.dvm.DVMClass - [BB]: getClass android.content.Context at fu.hao.trust.dvm.VMHeap@1cbd4053
Caller: <init>@fu.hao.trust.dvm.DVMClass - [BB]: Get DVMClass for type android.content.ContextWrapper
Caller@4: <init>@fu.hao.trust.dvm.DVMClass - [BB]: getClass android.content.ContextWrapper at fu.hao.trust.dvm.VMHeap@1cbd4053
Caller: <init>@fu.hao.trust.dvm.DVMClass - [BB]: Get DVMClass for type android.app.Activity
Caller@4: <init>@fu.hao.trust.dvm.DVMClass - [BB]: getClass android.app.Activity at fu.hao.trust.dvm.VMHeap@1cbd4053
Caller: <init>@fu.hao.trust.dvm.DVMObject - [BB]: Get DVMClass for type de.ecspride.MainActivity
Caller@4: <init>@fu.hao.trust.dvm.DVMObject - [BB]: getClass de.ecspride.MainActivity at fu.hao.trust.dvm.VMHeap@1cbd4053
Activity - [BB]: Not empty constructor
DalvikVM - [BB]: New method call: de.ecspride.MainActivity/<init>[]
DalvikVM - [BB]: [0]<0 SPECIAL,ARGUMENT_SET,extra=[0]>
DalvikVM - [BB]: [1]<0 INVOKE,DIRECT,extra=[java.lang.Object/<init>[], [0]]>
DalvikVM - [BB]: [2]<0 RETURN,VOID>
newStackFrame - [BB]: New Stack Frame: StackFrame de.ecspride.MainActivity/<init>[], pc -1 stored. 
newStackFrame - [BB]: Stack: [StackFrame de.ecspride.MainActivity/onCreate[android.os.Bundle]]
DalvikVM - [MSG]: Begin run instrumented methods!
DalvikVM - [MSG]: <0 SPECIAL,ARGUMENT_SET,extra=[5, 6]>
DalvikVM - [BB]: Add frames [StackFrame de.ecspride.MainActivity/<init>[]]
DalvikVM - [BB]: fu.hao.trust.dvm.DalvikVM -> runInstrumentedMethods set pc to 0
Executor - [MSG]: 

Executor - [MSG]: <0 SPECIAL,ARGUMENT_SET,extra=[0]> at de.ecspride.MainActivity/<init>[]
Executor - [DEBUG]: params: Activity:instance number 1@de.ecspride.MainActivity
DalvikVM - [BB]: fu.hao.trust.dvm.Executor$OP_SP_ARGUMENTS -> jump set pc to 1
PluginManager - [MSG]: Taint Tainted Res: {}
Executor - [MSG]: 

Executor - [MSG]: <1 INVOKE,DIRECT,extra=[java.lang.Object/<init>[], [0]]> at de.ecspride.MainActivity/<init>[]
Executor - [MSG]: arg0 obj: Activity:instance number 1@de.ecspride.MainActivity
Executor - [BB]: java.lang.Object/<init>[] is a constructor!
Executor - [WARN]: Reflection error: de.ecspride.MainActivity
DalvikVM - [BB]: fu.hao.trust.dvm.Executor -> jump set pc to 2
Taint - [BB]: <java.lang.Object: void <init>()>
Taint - [DEBUG]: Not a taint call: <java.lang.Object: void <init>()>
PluginManager - [MSG]: Taint Tainted Res: {}
Executor - [MSG]: 

Executor - [MSG]: <2 RETURN,VOID> at de.ecspride.MainActivity/<init>[]
class fu.hao.trust.dvm.Executor$OP_RETURN_VOID - [DEBUG]: Return void
DalvikVM - [BB]: stack [StackFrame de.ecspride.MainActivity/onCreate[android.os.Bundle]]
DalvikVM - [BB]: Back to the last stack frame.StackFrame de.ecspride.MainActivity/onCreate[android.os.Bundle]
DalvikVM - [MSG]: Finish running instrumented methods! Back to StackFrame de.ecspride.MainActivity/onCreate[android.os.Bundle]
Activity - [BB]: New Activity Created with type de.ecspride.MainActivity
Executor - [MSG]: RUN BEGIN de.ecspride.MainActivity/onCreate[android.os.Bundle]
DalvikVM - [BB]: fu.hao.trust.dvm.Executor -> execute set pc to 0
Executor - [MSG]: 

Executor - [MSG]: <0 SPECIAL,ARGUMENT_SET,extra=[5, 6]> at de.ecspride.MainActivity/onCreate[android.os.Bundle]
Executor - [WARN]: NULL CallingCtx!
Executor - [DEBUG]: args: Activity:instance number 1@de.ecspride.MainActivity
Executor - [BB]: Start param from 1
Executor - [DEBUG]: args: null
DalvikVM - [BB]: fu.hao.trust.dvm.Executor$OP_SP_ARGUMENTS -> jump set pc to 1
PluginManager - [MSG]: Taint Tainted Res: {}
Executor - [MSG]: 

Executor - [MSG]: <1 HALT,SUPER,extra=[null, [5, 6]]> at de.ecspride.MainActivity/onCreate[android.os.Bundle]
DalvikVM - [BB]: fu.hao.trust.dvm.Executor$OP_HALT -> jump set pc to 2
Executor - [MSG]: Cannot resolve the invocation
Taint - [BB]: Not a taint op <1 HALT,SUPER,extra=[null, [5, 6]]>
PluginManager - [MSG]: Taint Tainted Res: {}
Executor - [MSG]: 

Executor - [MSG]: <2 MOV,CONST,dst=r2,type=void,extra=class patdroid.core.PrimitiveInfo?2130903040> at de.ecspride.MainActivity/onCreate[android.os.Bundle]
Executor - [DEBUG]: Mov const begin <2 MOV,CONST,dst=r2,type=void,extra=class patdroid.core.PrimitiveInfo?2130903040>
Executor - [DEBUG]: data: 2130903040 class patdroid.core.PrimitiveInfo
DalvikVM - [BB]: fu.hao.trust.dvm.Executor$OP_MOV_CONST -> jump set pc to 3
PluginManager - [MSG]: Taint Tainted Res: {}
Executor - [MSG]: 

Executor - [MSG]: <3 INVOKE,VIRTUAL,extra=[android.app.Activity/setContentView[int], [5, 2]]> at de.ecspride.MainActivity/onCreate[android.os.Bundle]
Executor - [MSG]: arg0 obj: Activity:instance number 1@de.ecspride.MainActivity
Executor - [DEBUG]: Reflction class: class android.app.Activity
Executor - [BB]: Normal args? true
Executor - [BB]: arg1@reg2: 2130903040
Executor - [DEBUG]: Expected para type: int
Executor - [DEBUG]: Real para int, value: 2130903040
Executor - [BB]: Nargs? true
Executor - [DEBUG]: Caller obj: Activity:instance number 1@de.ecspride.MainActivity, from class: class android.app.Activity
Executor - [MSG]: Reflction invocation public void android.app.Activity.setContentView(int)
DalvikVM - [BB]: Set reflective call: public void android.app.Activity.setContentView(int)
DalvikVM - [BB]: fu.hao.trust.dvm.Executor -> jump set pc to 4
Taint - [BB]: <android.app.Activity: void setContentView(int)>
Taint - [DEBUG]: Not a taint call: <android.app.Activity: void setContentView(int)>
PluginManager - [MSG]: Taint Tainted Res: {}
Executor - [MSG]: 

Executor - [MSG]: <4 INVOKE,VIRTUAL,extra=[android.content.Context/getApplicationContext[], [5]]> at de.ecspride.MainActivity/onCreate[android.os.Bundle]
Executor - [MSG]: arg0 obj: Activity:instance number 1@de.ecspride.MainActivity
Executor - [DEBUG]: Reflction class: class android.content.Context
Executor - [DEBUG]: Return data: Activity:instance number 1@de.ecspride.MainActivity ,class android.app.Activity
Executor - [MSG]: Reflction invocation public android.content.Context android.content.Context.getApplicationContext()
DalvikVM - [BB]: Set reflective call: public android.content.Context android.content.Context.getApplicationContext()
DalvikVM - [BB]: fu.hao.trust.dvm.Executor -> jump set pc to 5
Taint - [BB]: <android.content.Context: android.content.Context getApplicationContext()>
Taint - [DEBUG]: Not a taint call: <android.content.Context: android.content.Context getApplicationContext()>
PluginManager - [MSG]: Taint Tainted Res: {}
Executor - [MSG]: 

Executor - [MSG]: <5 MOV,RESULT,dst=r2,type=java.lang.Object> at de.ecspride.MainActivity/onCreate[android.os.Bundle]
DalvikVM - [BB]: ar2 (2130903040, void), (Activity:instance number 1@de.ecspride.MainActivity, android.content.Context)
OP_MOV_RESULT - [BB]: Result data: Activity:instance number 1@de.ecspride.MainActivity
OP_MOV_RESULT - [DEBUG]: Result data: Activity:instance number 1@de.ecspride.MainActivity, type: android.content.Context, to [reg 2@MainActivity/onCreate]
DalvikVM - [BB]: fu.hao.trust.dvm.Executor$OP_MOV_RESULT -> jump set pc to 6
PluginManager - [MSG]: Taint Tainted Res: {}
Executor - [MSG]: 

Executor - [MSG]: <6 MOV,CONST,dst=r3,type=java.lang.String,extra="phone"> at de.ecspride.MainActivity/onCreate[android.os.Bundle]
Executor - [DEBUG]: Mov const begin <6 MOV,CONST,dst=r3,type=java.lang.String,extra="phone">
Executor - [DEBUG]: data: phone class java.lang.String
DalvikVM - [BB]: fu.hao.trust.dvm.Executor$OP_MOV_CONST -> jump set pc to 7
PluginManager - [MSG]: Taint Tainted Res: {}
Executor - [MSG]: 

Executor - [MSG]: <7 INVOKE,VIRTUAL,extra=[android.content.Context/getSystemService[java.lang.String], [2, 3]]> at de.ecspride.MainActivity/onCreate[android.os.Bundle]
Executor - [MSG]: arg0 obj: Activity:instance number 1@de.ecspride.MainActivity
Executor - [DEBUG]: Reflction class: class android.content.Context
Executor - [BB]: Normal args? true
Executor - [BB]: arg1@reg3: phone
Executor - [BB]: Nargs? true
Executor - [DEBUG]: Caller obj: Activity:instance number 1@de.ecspride.MainActivity, from class: class android.app.Activity
Executor - [DEBUG]: Return data: android.telephony.TelephonyManager@34af77fa ,class android.telephony.TelephonyManager
Executor - [MSG]: Reflction invocation public java.lang.Object android.content.Context.getSystemService(java.lang.String)
DalvikVM - [BB]: Set reflective call: public java.lang.Object android.content.Context.getSystemService(java.lang.String)
DalvikVM - [BB]: fu.hao.trust.dvm.Executor -> jump set pc to 8
Taint - [BB]: <android.content.Context: java.lang.Object getSystemService(java.lang.String)>
Taint - [DEBUG]: Not a taint call: <android.content.Context: java.lang.Object getSystemService(java.lang.String)>
PluginManager - [MSG]: Taint Tainted Res: {}
Executor - [MSG]: 

Executor - [MSG]: <8 MOV,RESULT,dst=r1,type=java.lang.Object> at de.ecspride.MainActivity/onCreate[android.os.Bundle]
OP_MOV_RESULT - [BB]: Result data: android.telephony.TelephonyManager@34af77fa
OP_MOV_RESULT - [DEBUG]: Result data: android.telephony.TelephonyManager@34af77fa, type: java.lang.Object, to [reg 1@MainActivity/onCreate]
DalvikVM - [BB]: fu.hao.trust.dvm.Executor$OP_MOV_RESULT -> jump set pc to 9
PluginManager - [MSG]: Taint Tainted Res: {}
Executor - [MSG]: 

Executor - [MSG]: <9 ARITHMETIC,CHECK-AND-CAST,dst=r1,type=android.telephony.TelephonyManager> at de.ecspride.MainActivity/onCreate[android.os.Bundle]
DalvikVM - [BB]: fu.hao.trust.dvm.Executor$OP_ARITHETIC -> jump set pc to 10
Taint - [BB]: Not a taint op <9 ARITHMETIC,CHECK-AND-CAST,dst=r1,type=android.telephony.TelephonyManager>
PluginManager - [MSG]: Taint Tainted Res: {}
Executor - [MSG]: 

Executor - [MSG]: <10 NEW,INSTANCE,dst=r0,type=de.ecspride.MainActivity$MyAsyncTask> at de.ecspride.MainActivity/onCreate[android.os.Bundle]
OP_NEW_INSTANCE - [DEBUG]: [reg 0@MainActivity/onCreate]
DalvikVM - [BB]: Superclass: de.ecspride.MainActivity$MyAsyncTask
AsyncTask - [BB]: New instance of de.ecspride.MainActivity$MyAsyncTask
Caller@4: <init>@fu.hao.trust.dvm.DVMObject - [BB]: getClass de.ecspride.MainActivity$MyAsyncTask at fu.hao.trust.dvm.VMHeap@1cbd4053
Caller: getClass@fu.hao.trust.dvm.VMHeap - [BB]: new class representation for de.ecspride.MainActivity$MyAsyncTask at fu.hao.trust.dvm.VMHeap@1cbd4053
Caller@4: <init>@fu.hao.trust.dvm.DVMClass - [BB]: getClass android.os.AsyncTask at fu.hao.trust.dvm.VMHeap@1cbd4053
Caller: getClass@fu.hao.trust.dvm.VMHeap - [BB]: new class representation for android.os.AsyncTask at fu.hao.trust.dvm.VMHeap@1cbd4053
Caller@4: <init>@fu.hao.trust.dvm.DVMClass - [BB]: getClass fu.hao.trust.dvm.DVMObject at fu.hao.trust.dvm.VMHeap@1cbd4053
Caller: <init>@fu.hao.trust.dvm.DVMClass - [BB]: Get DVMClass for type fu.hao.trust.dvm.DVMObject
Caller@4: <init>@fu.hao.trust.dvm.DVMClass - [BB]: getClass fu.hao.trust.dvm.DVMObject at fu.hao.trust.dvm.VMHeap@1cbd4053
Caller: <init>@fu.hao.trust.dvm.DVMClass - [BB]: Get DVMClass for type android.os.AsyncTask
Caller@4: <init>@fu.hao.trust.dvm.DVMClass - [BB]: getClass android.os.AsyncTask at fu.hao.trust.dvm.VMHeap@1cbd4053
Caller: <init>@fu.hao.trust.dvm.DVMObject - [BB]: Get DVMClass for type de.ecspride.MainActivity$MyAsyncTask
Caller@4: <init>@fu.hao.trust.dvm.DVMObject - [BB]: getClass de.ecspride.MainActivity$MyAsyncTask at fu.hao.trust.dvm.VMHeap@1cbd4053
OP_NEW_INSTANCE - [DEBUG]: New object of de.ecspride.MainActivity$MyAsyncTaskcreated:instance number 1@de.ecspride.MainActivity$MyAsyncTask
DalvikVM - [BB]: fu.hao.trust.dvm.Executor$OP_NEW_INSTANCE -> jump set pc to 11
Taint - [BB]: Rdst [reg 0@MainActivity/onCreate]
PluginManager - [MSG]: Taint Tainted Res: {}
Executor - [MSG]: 

Executor - [MSG]: <11 MOV,CONST,dst=r2,type=void,extra=class patdroid.core.PrimitiveInfo?0> at de.ecspride.MainActivity/onCreate[android.os.Bundle]
Executor - [DEBUG]: Mov const begin <11 MOV,CONST,dst=r2,type=void,extra=class patdroid.core.PrimitiveInfo?0>
DalvikVM - [BB]: ar2 (Activity:instance number 1@de.ecspride.MainActivity, android.content.Context), (0, void)
Executor - [DEBUG]: data: 0 class patdroid.core.PrimitiveInfo
DalvikVM - [BB]: fu.hao.trust.dvm.Executor$OP_MOV_CONST -> jump set pc to 12
PluginManager - [MSG]: Taint Tainted Res: {}
Executor - [MSG]: 

Executor - [MSG]: <12 INVOKE,DIRECT,extra=[de.ecspride.MainActivity$MyAsyncTask/<init>[de.ecspride.MainActivity, de.ecspride.MainActivity$1], [0, 5, 2]]> at de.ecspride.MainActivity/onCreate[android.os.Bundle]
Executor - [MSG]: arg0 obj: instance number 1@de.ecspride.MainActivity$MyAsyncTask
Executor - [WARN]: Reflection error: de.ecspride.MainActivity$MyAsyncTask
DalvikVM - [BB]: fu.hao.trust.dvm.Executor -> jump set pc to 13
DalvikVM - [BB]: New method call: de.ecspride.MainActivity$MyAsyncTask/<init>[de.ecspride.MainActivity, de.ecspride.MainActivity$1]
DalvikVM - [BB]: [0]<0 SPECIAL,ARGUMENT_SET,extra=[0, 1, 2]>
DalvikVM - [BB]: [1]<0 INVOKE,DIRECT,extra=[de.ecspride.MainActivity$MyAsyncTask/<init>[de.ecspride.MainActivity], [0, 1]]>
DalvikVM - [BB]: [2]<0 RETURN,VOID>
newStackFrame - [BB]: New Stack Frame: StackFrame de.ecspride.MainActivity$MyAsyncTask/<init>[de.ecspride.MainActivity, de.ecspride.MainActivity$1], pc 13 stored. 
newStackFrame - [BB]: Add frame StackFrame de.ecspride.MainActivity$MyAsyncTask/<init>[de.ecspride.MainActivity, de.ecspride.MainActivity$1]
newStackFrame - [BB]: Stack: [StackFrame de.ecspride.MainActivity/onCreate[android.os.Bundle], StackFrame de.ecspride.MainActivity$MyAsyncTask/<init>[de.ecspride.MainActivity, de.ecspride.MainActivity$1]]
Taint - [BB]: <de.ecspride.MainActivity$MyAsyncTask: void <init>(de.ecspride.MainActivity,de.ecspride.MainActivity$1)>
Taint - [DEBUG]: Not a taint call: <de.ecspride.MainActivity$MyAsyncTask: void <init>(de.ecspride.MainActivity,de.ecspride.MainActivity$1)>
PluginManager - [MSG]: Taint Tainted Res: {}
DalvikVM - [BB]: fu.hao.trust.dvm.Executor -> execute set pc to 0
Executor - [MSG]: 

Executor - [MSG]: <0 SPECIAL,ARGUMENT_SET,extra=[0, 1, 2]> at de.ecspride.MainActivity$MyAsyncTask/<init>[de.ecspride.MainActivity, de.ecspride.MainActivity$1]
Executor - [DEBUG]: params: instance number 1@de.ecspride.MainActivity$MyAsyncTask
Executor - [DEBUG]: params: Activity:instance number 1@de.ecspride.MainActivity
Executor - [DEBUG]: params: 0
DalvikVM - [BB]: fu.hao.trust.dvm.Executor$OP_SP_ARGUMENTS -> jump set pc to 1
PluginManager - [MSG]: Taint Tainted Res: {}
Executor - [MSG]: 

Executor - [MSG]: <1 INVOKE,DIRECT,extra=[de.ecspride.MainActivity$MyAsyncTask/<init>[de.ecspride.MainActivity], [0, 1]]> at de.ecspride.MainActivity$MyAsyncTask/<init>[de.ecspride.MainActivity, de.ecspride.MainActivity$1]
Executor - [MSG]: arg0 obj: instance number 1@de.ecspride.MainActivity$MyAsyncTask
Executor - [WARN]: Reflection error: de.ecspride.MainActivity$MyAsyncTask
DalvikVM - [BB]: fu.hao.trust.dvm.Executor -> jump set pc to 2
DalvikVM - [BB]: New method call: de.ecspride.MainActivity$MyAsyncTask/<init>[de.ecspride.MainActivity]
DalvikVM - [BB]: [0]<0 SPECIAL,ARGUMENT_SET,extra=[0, 1]>
DalvikVM - [BB]: [1]<0 INSTANCE,IPUT,r0=r0,r1=r1,type=java.lang.Object,extra=de.ecspride.MainActivity$MyAsyncTask.this$0>
DalvikVM - [BB]: [2]<0 INVOKE,DIRECT,extra=[java.lang.Object/<init>[], [0]]>
DalvikVM - [BB]: [3]<0 RETURN,VOID>
newStackFrame - [BB]: New Stack Frame: StackFrame de.ecspride.MainActivity$MyAsyncTask/<init>[de.ecspride.MainActivity], pc 2 stored. 
newStackFrame - [BB]: Add frame StackFrame de.ecspride.MainActivity$MyAsyncTask/<init>[de.ecspride.MainActivity]
newStackFrame - [BB]: Stack: [StackFrame de.ecspride.MainActivity/onCreate[android.os.Bundle], StackFrame de.ecspride.MainActivity$MyAsyncTask/<init>[de.ecspride.MainActivity, de.ecspride.MainActivity$1], StackFrame de.ecspride.MainActivity$MyAsyncTask/<init>[de.ecspride.MainActivity]]
Taint - [BB]: <de.ecspride.MainActivity$MyAsyncTask: void <init>(de.ecspride.MainActivity)>
Taint - [DEBUG]: Not a taint call: <de.ecspride.MainActivity$MyAsyncTask: void <init>(de.ecspride.MainActivity)>
PluginManager - [MSG]: Taint Tainted Res: {}
DalvikVM - [BB]: fu.hao.trust.dvm.Executor -> execute set pc to 0
Executor - [MSG]: 

Executor - [MSG]: <0 SPECIAL,ARGUMENT_SET,extra=[0, 1]> at de.ecspride.MainActivity$MyAsyncTask/<init>[de.ecspride.MainActivity]
Executor - [DEBUG]: params: instance number 1@de.ecspride.MainActivity$MyAsyncTask
Executor - [DEBUG]: params: Activity:instance number 1@de.ecspride.MainActivity
DalvikVM - [BB]: fu.hao.trust.dvm.Executor$OP_SP_ARGUMENTS -> jump set pc to 1
PluginManager - [MSG]: Taint Tainted Res: {}
Executor - [MSG]: 

Executor - [MSG]: <1 INSTANCE,IPUT,r0=r0,r1=r1,type=java.lang.Object,extra=de.ecspride.MainActivity$MyAsyncTask.this$0> at de.ecspride.MainActivity$MyAsyncTask/<init>[de.ecspride.MainActivity]
class fu.hao.trust.dvm.Executor$OP_INSTANCE_PUT_FIELD - [BB]: field de.ecspride.MainActivity$MyAsyncTask.this$0
class fu.hao.trust.dvm.Executor$OP_INSTANCE_PUT_FIELD - [BB]: Target obj instance number 1@de.ecspride.MainActivity$MyAsyncTask
AsyncTask - [DEBUG]: put field Activity:instance number 1@de.ecspride.MainActivity
class fu.hao.trust.dvm.Executor$OP_INSTANCE_PUT_FIELD - [MSG]: Put data Activity:instance number 1@de.ecspride.MainActivity to the field of instance number 1@de.ecspride.MainActivity$MyAsyncTask
DalvikVM - [BB]: fu.hao.trust.dvm.Executor$OP_INSTANCE_PUT_FIELD -> jump set pc to 2
PluginManager - [MSG]: Taint Tainted Res: {}
Executor - [MSG]: 

Executor - [MSG]: <2 INVOKE,DIRECT,extra=[java.lang.Object/<init>[], [0]]> at de.ecspride.MainActivity$MyAsyncTask/<init>[de.ecspride.MainActivity]
Executor - [MSG]: arg0 obj: instance number 1@de.ecspride.MainActivity$MyAsyncTask
Executor - [BB]: java.lang.Object/<init>[] is a constructor!
Executor - [WARN]: Reflection error: de.ecspride.MainActivity$MyAsyncTask
DalvikVM - [BB]: fu.hao.trust.dvm.Executor -> jump set pc to 3
Taint - [BB]: <java.lang.Object: void <init>()>
Taint - [DEBUG]: Not a taint call: <java.lang.Object: void <init>()>
PluginManager - [MSG]: Taint Tainted Res: {}
Executor - [MSG]: 

Executor - [MSG]: <3 RETURN,VOID> at de.ecspride.MainActivity$MyAsyncTask/<init>[de.ecspride.MainActivity]
class fu.hao.trust.dvm.Executor$OP_RETURN_VOID - [DEBUG]: Return void
DalvikVM - [BB]: stack [StackFrame de.ecspride.MainActivity/onCreate[android.os.Bundle], StackFrame de.ecspride.MainActivity$MyAsyncTask/<init>[de.ecspride.MainActivity, de.ecspride.MainActivity$1]]
DalvikVM - [BB]: Back to the last stack frame.StackFrame de.ecspride.MainActivity$MyAsyncTask/<init>[de.ecspride.MainActivity, de.ecspride.MainActivity$1]
PluginManager - [MSG]: Taint Tainted Res: {}
Executor - [MSG]: 

Executor - [MSG]: <2 RETURN,VOID> at de.ecspride.MainActivity$MyAsyncTask/<init>[de.ecspride.MainActivity, de.ecspride.MainActivity$1]
class fu.hao.trust.dvm.Executor$OP_RETURN_VOID - [DEBUG]: Return void
DalvikVM - [BB]: stack [StackFrame de.ecspride.MainActivity/onCreate[android.os.Bundle]]
DalvikVM - [BB]: Back to the last stack frame.StackFrame de.ecspride.MainActivity/onCreate[android.os.Bundle]
PluginManager - [MSG]: Taint Tainted Res: {}
Executor - [MSG]: 

Executor - [MSG]: <13 MOV,CONST,dst=r2,type=void,extra=class patdroid.core.PrimitiveInfo?1> at de.ecspride.MainActivity/onCreate[android.os.Bundle]
Executor - [DEBUG]: Mov const begin <13 MOV,CONST,dst=r2,type=void,extra=class patdroid.core.PrimitiveInfo?1>
DalvikVM - [BB]: ar2 (0, void), (1, void)
Executor - [DEBUG]: data: 1 class patdroid.core.PrimitiveInfo
DalvikVM - [BB]: fu.hao.trust.dvm.Executor$OP_MOV_CONST -> jump set pc to 14
PluginManager - [MSG]: Taint Tainted Res: {}
Executor - [MSG]: 

Executor - [MSG]: <14 NEW,ARRAY,dst=r2,r0=r2,type=[Ljava.lang.String;> at de.ecspride.MainActivity/onCreate[android.os.Bundle]
DalvikVM - [BB]: ar2 (1, void), ([Ljava.lang.Object;@48a5d3d5, [Ljava.lang.String;)
OP_NEW_ARRAY - [DEBUG]: A new array of [Ljava.lang.String; in size 1 created.
DalvikVM - [BB]: fu.hao.trust.dvm.Executor$OP_NEW_ARRAY -> jump set pc to 15
Taint - [BB]: Not a taint op <14 NEW,ARRAY,dst=r2,r0=r2,type=[Ljava.lang.String;>
PluginManager - [MSG]: Taint Tainted Res: {}
Executor - [MSG]: 

Executor - [MSG]: <15 MOV,CONST,dst=r3,type=void,extra=class patdroid.core.PrimitiveInfo?0> at de.ecspride.MainActivity/onCreate[android.os.Bundle]
Executor - [DEBUG]: Mov const begin <15 MOV,CONST,dst=r3,type=void,extra=class patdroid.core.PrimitiveInfo?0>
DalvikVM - [BB]: ar3 (phone, java.lang.String), (0, void)
Executor - [DEBUG]: data: 0 class patdroid.core.PrimitiveInfo
DalvikVM - [BB]: fu.hao.trust.dvm.Executor$OP_MOV_CONST -> jump set pc to 16
PluginManager - [MSG]: Taint Tainted Res: {}
Executor - [MSG]: 

Executor - [MSG]: <16 INVOKE,VIRTUAL,extra=[android.telephony.TelephonyManager/getDeviceId[], [1]]> at de.ecspride.MainActivity/onCreate[android.os.Bundle]
Executor - [MSG]: arg0 obj: android.telephony.TelephonyManager@34af77fa
Executor - [DEBUG]: Reflction class: class android.telephony.TelephonyManager
Executor - [DEBUG]: Return data: 359874043116909 ,class java.lang.String
Executor - [MSG]: Reflction invocation public java.lang.String android.telephony.TelephonyManager.getDeviceId()
DalvikVM - [BB]: Set reflective call: public java.lang.String android.telephony.TelephonyManager.getDeviceId()
DalvikVM - [BB]: fu.hao.trust.dvm.Executor -> jump set pc to 17
Taint - [BB]: <android.telephony.TelephonyManager: java.lang.String getDeviceId()>
Taint - [WARN]: Found a tainted return value!
PluginManager - [MSG]: Taint Tainted Res: {[Global RetReg]=<16 INVOKE,VIRTUAL,extra=[android.telephony.TelephonyManager/getDeviceId[], [1]]>, 359874043116909=<16 INVOKE,VIRTUAL,extra=[android.telephony.TelephonyManager/getDeviceId[], [1]]>}
Executor - [MSG]: 

Executor - [MSG]: <17 MOV,RESULT,dst=r4,type=java.lang.Object> at de.ecspride.MainActivity/onCreate[android.os.Bundle]
OP_MOV_RESULT - [BB]: Result data: 359874043116909
OP_MOV_RESULT - [DEBUG]: Result data: 359874043116909, type: java.lang.String, to [reg 4@MainActivity/onCreate]
DalvikVM - [BB]: fu.hao.trust.dvm.Executor$OP_MOV_RESULT -> jump set pc to 18
Taint - [BB]: <16 INVOKE,VIRTUAL,extra=[android.telephony.TelephonyManager/getDeviceId[], [1]]>
Taint - [BB]: Add reg 4 due to ret reg.
PluginManager - [MSG]: Taint Tainted Res: {359874043116909=<16 INVOKE,VIRTUAL,extra=[android.telephony.TelephonyManager/getDeviceId[], [1]]>, [reg 4@MainActivity/onCreate]=<16 INVOKE,VIRTUAL,extra=[android.telephony.TelephonyManager/getDeviceId[], [1]]>}
Executor - [MSG]: 

Executor - [MSG]: <18 ARRAY,APUT,dst=r4,r0=r2,r1=r3,type=java.lang.Object> at de.ecspride.MainActivity/onCreate[android.os.Bundle]
DalvikVM - [BB]: fu.hao.trust.dvm.Executor$OP_ARRAY_PUT -> jump set pc to 19
Executor - [BB]: index: 0, length: 1
Executor - [DEBUG]: data: 359874043116909 array: [Ljava.lang.Object;@48a5d3d5
PluginManager - [MSG]: Taint Tainted Res: {359874043116909=<16 INVOKE,VIRTUAL,extra=[android.telephony.TelephonyManager/getDeviceId[], [1]]>, [reg 4@MainActivity/onCreate]=<16 INVOKE,VIRTUAL,extra=[android.telephony.TelephonyManager/getDeviceId[], [1]]>}
Executor - [MSG]: 

Executor - [MSG]: <19 INVOKE,VIRTUAL,extra=[android.os.AsyncTask/execute[[Ljava.lang.Object;], [0, 2]]> at de.ecspride.MainActivity/onCreate[android.os.Bundle]
Executor - [MSG]: arg0 obj: instance number 1@de.ecspride.MainActivity$MyAsyncTask
Executor - [DEBUG]: Reflction class: class android.os.AsyncTask
Executor - [BB]: Normal args? true
Executor - [BB]: arg1@reg2: [Ljava.lang.Object;@48a5d3d5
Executor - [BB]: Nargs? true
Executor - [DEBUG]: Caller obj: instance number 1@de.ecspride.MainActivity$MyAsyncTask, from class: class android.os.AsyncTask
DalvikVM - [BB]: New method call: de.ecspride.MainActivity$MyAsyncTask/doInBackground[[Ljava.lang.Object;]
DalvikVM - [BB]: [0]<0 SPECIAL,ARGUMENT_SET,extra=[1, 2]>
DalvikVM - [BB]: [1]<0 ARITHMETIC,CHECK-AND-CAST,dst=r2,type=[Ljava.lang.String;>
DalvikVM - [BB]: [2]<0 INVOKE,VIRTUAL,extra=[de.ecspride.MainActivity$MyAsyncTask/doInBackground[[Ljava.lang.String;], [1, 2]]>
DalvikVM - [BB]: [3]<0 MOV,RESULT,dst=r0,type=java.lang.Object>
DalvikVM - [BB]: [4]<0 RETURN,VALUE,r0=r0,type=java.lang.Object>
newStackFrame - [BB]: New Stack Frame: StackFrame de.ecspride.MainActivity$MyAsyncTask/doInBackground[[Ljava.lang.Object;], pc 19 stored. 
newStackFrame - [BB]: Stack: [StackFrame de.ecspride.MainActivity/onCreate[android.os.Bundle]]
DalvikVM - [MSG]: Begin run instrumented methods!
DalvikVM - [MSG]: <19 INVOKE,VIRTUAL,extra=[android.os.AsyncTask/execute[[Ljava.lang.Object;], [0, 2]]>
DalvikVM - [BB]: Add frames [StackFrame de.ecspride.MainActivity$MyAsyncTask/doInBackground[[Ljava.lang.Object;]]
DalvikVM - [BB]: fu.hao.trust.dvm.DalvikVM -> runInstrumentedMethods set pc to 0
Executor - [MSG]: 

Executor - [MSG]: <0 SPECIAL,ARGUMENT_SET,extra=[1, 2]> at de.ecspride.MainActivity$MyAsyncTask/doInBackground[[Ljava.lang.Object;]
Executor - [DEBUG]: params: instance number 1@de.ecspride.MainActivity$MyAsyncTask
Executor - [DEBUG]: params: [Ljava.lang.Object;@48a5d3d5
DalvikVM - [BB]: fu.hao.trust.dvm.Executor$OP_SP_ARGUMENTS -> jump set pc to 1
Taint - [BB]: Copy 359874043116909 as tainted.
PluginManager - [MSG]: Taint Tainted Res: {359874043116909=<16 INVOKE,VIRTUAL,extra=[android.telephony.TelephonyManager/getDeviceId[], [1]]>}
Executor - [MSG]: 

Executor - [MSG]: <1 ARITHMETIC,CHECK-AND-CAST,dst=r2,type=[Ljava.lang.String;> at de.ecspride.MainActivity$MyAsyncTask/doInBackground[[Ljava.lang.Object;]
DalvikVM - [BB]: fu.hao.trust.dvm.Executor$OP_ARITHETIC -> jump set pc to 2
OP_A_CHECKCAST - [WARN]: Not consistent type when cast! [Ljava.lang.String;, [Ljava.lang.Object;
Taint - [BB]: Not a taint op <1 ARITHMETIC,CHECK-AND-CAST,dst=r2,type=[Ljava.lang.String;>
PluginManager - [MSG]: Taint Tainted Res: {359874043116909=<16 INVOKE,VIRTUAL,extra=[android.telephony.TelephonyManager/getDeviceId[], [1]]>}
Executor - [MSG]: 

Executor - [MSG]: <2 INVOKE,VIRTUAL,extra=[de.ecspride.MainActivity$MyAsyncTask/doInBackground[[Ljava.lang.String;], [1, 2]]> at de.ecspride.MainActivity$MyAsyncTask/doInBackground[[Ljava.lang.Object;]
Executor - [MSG]: arg0 obj: instance number 1@de.ecspride.MainActivity$MyAsyncTask
Executor - [WARN]: Reflection error: de.ecspride.MainActivity$MyAsyncTask
DalvikVM - [BB]: fu.hao.trust.dvm.Executor -> jump set pc to 3
DalvikVM - [BB]: New method call: de.ecspride.MainActivity$MyAsyncTask/doInBackground[[Ljava.lang.String;]
DalvikVM - [BB]: [0]<0 SPECIAL,ARGUMENT_SET,extra=[6, 7]>
DalvikVM - [BB]: [1]<0 MOV,CONST,dst=r4,type=void,extra=class patdroid.core.PrimitiveInfo?0>
DalvikVM - [BB]: [2]<1 MOV,CONST,dst=r2,type=void,extra=class patdroid.core.PrimitiveInfo?0>
DalvikVM - [BB]: [3]<2 MOV,CONST,dst=r1,type=java.lang.String,extra="DroidBench">
DalvikVM - [BB]: [4]<0 ARRAY,AGET,dst=r3,r0=r7,r1=r4,type=java.lang.Object>
DalvikVM - [BB]: [5]<0 INVOKE,STATIC,extra=[android.util.Log/d[java.lang.String, java.lang.String], [1, 3]]>
DalvikVM - [BB]: [6]<0 INVOKE,STATIC,extra=[android.telephony.SmsManager/getDefault[], []]>
DalvikVM - [BB]: [7]<0 MOV,RESULT,dst=r0,type=java.lang.Object>
DalvikVM - [BB]: [8]<7 MOV,CONST,dst=r1,type=java.lang.String,extra="+49">
DalvikVM - [BB]: [9]<0 ARRAY,AGET,dst=r3,r0=r7,r1=r4,type=java.lang.Object>
DalvikVM - [BB]: [10]<0 MOV,REG,dst=r4,r0=r2,type=java.lang.Object>
DalvikVM - [BB]: [11]<0 MOV,REG,dst=r5,r0=r2,type=java.lang.Object>
DalvikVM - [BB]: [12]<0 INVOKE,VIRTUAL,extra=[android.telephony.SmsManager/sendTextMessage[java.lang.String, java.lang.String, java.lang.String, android.app.PendingIntent, android.app.PendingIntent], [0, 1, 2, 3, 4, 5]]>
DalvikVM - [BB]: [13]<12 MOV,CONST,dst=r1,type=java.lang.String,extra="Done">
DalvikVM - [BB]: [14]<0 RETURN,VALUE,r0=r1,type=java.lang.Object>
newStackFrame - [BB]: New Stack Frame: StackFrame de.ecspride.MainActivity$MyAsyncTask/doInBackground[[Ljava.lang.String;], pc 3 stored. 
newStackFrame - [BB]: Add frame StackFrame de.ecspride.MainActivity$MyAsyncTask/doInBackground[[Ljava.lang.String;]
newStackFrame - [BB]: Stack: [StackFrame de.ecspride.MainActivity/onCreate[android.os.Bundle], StackFrame de.ecspride.MainActivity$MyAsyncTask/doInBackground[[Ljava.lang.Object;], StackFrame de.ecspride.MainActivity$MyAsyncTask/doInBackground[[Ljava.lang.String;]]
PluginManager - [MSG]: Taint Tainted Res: {359874043116909=<16 INVOKE,VIRTUAL,extra=[android.telephony.TelephonyManager/getDeviceId[], [1]]>}
DalvikVM - [BB]: fu.hao.trust.dvm.DalvikVM -> runInstrumentedMethods set pc to 0
Executor - [MSG]: 

Executor - [MSG]: <0 SPECIAL,ARGUMENT_SET,extra=[6, 7]> at de.ecspride.MainActivity$MyAsyncTask/doInBackground[[Ljava.lang.String;]
Executor - [DEBUG]: params: instance number 1@de.ecspride.MainActivity$MyAsyncTask
Executor - [DEBUG]: params: [Ljava.lang.Object;@48a5d3d5
DalvikVM - [BB]: fu.hao.trust.dvm.Executor$OP_SP_ARGUMENTS -> jump set pc to 1
Taint - [BB]: Copy 359874043116909 as tainted.
PluginManager - [MSG]: Taint Tainted Res: {359874043116909=<16 INVOKE,VIRTUAL,extra=[android.telephony.TelephonyManager/getDeviceId[], [1]]>}
Executor - [MSG]: 

Executor - [MSG]: <1 MOV,CONST,dst=r4,type=void,extra=class patdroid.core.PrimitiveInfo?0> at de.ecspride.MainActivity$MyAsyncTask/doInBackground[[Ljava.lang.String;]
Executor - [DEBUG]: Mov const begin <1 MOV,CONST,dst=r4,type=void,extra=class patdroid.core.PrimitiveInfo?0>
Executor - [DEBUG]: data: 0 class patdroid.core.PrimitiveInfo
DalvikVM - [BB]: fu.hao.trust.dvm.Executor$OP_MOV_CONST -> jump set pc to 2
PluginManager - [MSG]: Taint Tainted Res: {359874043116909=<16 INVOKE,VIRTUAL,extra=[android.telephony.TelephonyManager/getDeviceId[], [1]]>}
Executor - [MSG]: 

Executor - [MSG]: <2 MOV,CONST,dst=r2,type=void,extra=class patdroid.core.PrimitiveInfo?0> at de.ecspride.MainActivity$MyAsyncTask/doInBackground[[Ljava.lang.String;]
Executor - [DEBUG]: Mov const begin <2 MOV,CONST,dst=r2,type=void,extra=class patdroid.core.PrimitiveInfo?0>
Executor - [DEBUG]: data: 0 class patdroid.core.PrimitiveInfo
DalvikVM - [BB]: fu.hao.trust.dvm.Executor$OP_MOV_CONST -> jump set pc to 3
PluginManager - [MSG]: Taint Tainted Res: {359874043116909=<16 INVOKE,VIRTUAL,extra=[android.telephony.TelephonyManager/getDeviceId[], [1]]>}
Executor - [MSG]: 

Executor - [MSG]: <3 MOV,CONST,dst=r1,type=java.lang.String,extra="DroidBench"> at de.ecspride.MainActivity$MyAsyncTask/doInBackground[[Ljava.lang.String;]
Executor - [DEBUG]: Mov const begin <3 MOV,CONST,dst=r1,type=java.lang.String,extra="DroidBench">
Executor - [DEBUG]: data: DroidBench class java.lang.String
DalvikVM - [BB]: fu.hao.trust.dvm.Executor$OP_MOV_CONST -> jump set pc to 4
PluginManager - [MSG]: Taint Tainted Res: {359874043116909=<16 INVOKE,VIRTUAL,extra=[android.telephony.TelephonyManager/getDeviceId[], [1]]>}
Executor - [MSG]: 

Executor - [MSG]: <4 ARRAY,AGET,dst=r3,r0=r7,r1=r4,type=java.lang.Object> at de.ecspride.MainActivity$MyAsyncTask/doInBackground[[Ljava.lang.String;]
DalvikVM - [BB]: fu.hao.trust.dvm.Executor$OP_ARRAY_GET -> jump set pc to 5
Executor - [BB]: Array: [Ljava.lang.Object;@48a5d3d5
Executor - [BB]: Length: 1
Executor - [BB]: Index: 0
Executor - [DEBUG]: Elem: 359874043116909 at 0 of [Ljava.lang.Object;@48a5d3d5
PluginManager - [MSG]: Taint Tainted Res: {359874043116909=<16 INVOKE,VIRTUAL,extra=[android.telephony.TelephonyManager/getDeviceId[], [1]]>}
Executor - [MSG]: 

Executor - [MSG]: <5 INVOKE,STATIC,extra=[android.util.Log/d[java.lang.String, java.lang.String], [1, 3]]> at de.ecspride.MainActivity$MyAsyncTask/doInBackground[[Ljava.lang.String;]
Executor - [DEBUG]: Reflction class android.util.Log
Executor - [BB]: arg0@reg1: DroidBench
Executor - [BB]: arg1@reg3: 359874043116909
DalvikVM - [BB]: ar3 (359874043116909, java.lang.Object), (359874043116909, java.lang.String)
Executor - [BB]: param: DroidBench
Executor - [BB]: param: 359874043116909
Executor - [MSG]: reflction invocation public static int android.util.Log.d(java.lang.String,java.lang.String)
DalvikVM - [BB]: Set reflective call: public static int android.util.Log.d(java.lang.String,java.lang.String)
DalvikVM - [BB]: fu.hao.trust.dvm.Executor$OP_INVOKE_STATIC -> jump set pc to 6
Taint - [BB]: <android.util.Log: int d(java.lang.String,java.lang.String)>
Taint - [DEBUG]: Not a taint call: <android.util.Log: int d(java.lang.String,java.lang.String)>
Taint - [WARN]: Found a tainted return val!
PluginManager - [MSG]: Taint Tainted Res: {[Global RetReg]=<16 INVOKE,VIRTUAL,extra=[android.telephony.TelephonyManager/getDeviceId[], [1]]>, 359874043116909=<16 INVOKE,VIRTUAL,extra=[android.telephony.TelephonyManager/getDeviceId[], [1]]>}
Executor - [MSG]: 

Executor - [MSG]: <6 INVOKE,STATIC,extra=[android.telephony.SmsManager/getDefault[], []]> at de.ecspride.MainActivity$MyAsyncTask/doInBackground[[Ljava.lang.String;]
Executor - [DEBUG]: Reflction class android.telephony.SmsManager
Executor - [MSG]: reflction invocation public static android.telephony.SmsManager android.telephony.SmsManager.getDefault()
DalvikVM - [BB]: Set reflective call: public static android.telephony.SmsManager android.telephony.SmsManager.getDefault()
DalvikVM - [BB]: fu.hao.trust.dvm.Executor$OP_INVOKE_STATIC -> jump set pc to 7
Taint - [BB]: <android.telephony.SmsManager: android.telephony.SmsManager getDefault()>
Taint - [DEBUG]: Not a taint call: <android.telephony.SmsManager: android.telephony.SmsManager getDefault()>
PluginManager - [MSG]: Taint Tainted Res: {359874043116909=<16 INVOKE,VIRTUAL,extra=[android.telephony.TelephonyManager/getDeviceId[], [1]]>}
Executor - [MSG]: 

Executor - [MSG]: <7 MOV,RESULT,dst=r0,type=java.lang.Object> at de.ecspride.MainActivity$MyAsyncTask/doInBackground[[Ljava.lang.String;]
OP_MOV_RESULT - [BB]: Result data: android.telephony.SmsManager@924c71f
OP_MOV_RESULT - [DEBUG]: Result data: android.telephony.SmsManager@924c71f, type: android.telephony.SmsManager, to [reg 0@MainActivity$MyAsyncTask/doInBackground]
DalvikVM - [BB]: fu.hao.trust.dvm.Executor$OP_MOV_RESULT -> jump set pc to 8
PluginManager - [MSG]: Taint Tainted Res: {359874043116909=<16 INVOKE,VIRTUAL,extra=[android.telephony.TelephonyManager/getDeviceId[], [1]]>}
Executor - [MSG]: 

Executor - [MSG]: <8 MOV,CONST,dst=r1,type=java.lang.String,extra="+49"> at de.ecspride.MainActivity$MyAsyncTask/doInBackground[[Ljava.lang.String;]
Executor - [DEBUG]: Mov const begin <8 MOV,CONST,dst=r1,type=java.lang.String,extra="+49">
DalvikVM - [BB]: ar1 (DroidBench, java.lang.String), (+49, java.lang.String)
Executor - [DEBUG]: data: +49 class java.lang.String
DalvikVM - [BB]: fu.hao.trust.dvm.Executor$OP_MOV_CONST -> jump set pc to 9
PluginManager - [MSG]: Taint Tainted Res: {359874043116909=<16 INVOKE,VIRTUAL,extra=[android.telephony.TelephonyManager/getDeviceId[], [1]]>}
Executor - [MSG]: 

Executor - [MSG]: <9 ARRAY,AGET,dst=r3,r0=r7,r1=r4,type=java.lang.Object> at de.ecspride.MainActivity$MyAsyncTask/doInBackground[[Ljava.lang.String;]
DalvikVM - [BB]: fu.hao.trust.dvm.Executor$OP_ARRAY_GET -> jump set pc to 10
Executor - [BB]: Array: [Ljava.lang.Object;@48a5d3d5
Executor - [BB]: Length: 1
Executor - [BB]: Index: 0
Executor - [DEBUG]: Elem: 359874043116909 at 0 of [Ljava.lang.Object;@48a5d3d5
DalvikVM - [BB]: ar3 (359874043116909, java.lang.String), (359874043116909, java.lang.Object)
PluginManager - [MSG]: Taint Tainted Res: {359874043116909=<16 INVOKE,VIRTUAL,extra=[android.telephony.TelephonyManager/getDeviceId[], [1]]>}
Executor - [MSG]: 

Executor - [MSG]: <10 MOV,REG,dst=r4,r0=r2,type=java.lang.Object> at de.ecspride.MainActivity$MyAsyncTask/doInBackground[[Ljava.lang.String;]
DalvikVM - [BB]: ar4 (0, void), (0, void)
class fu.hao.trust.dvm.Executor$OP_MOVE_REG - [DEBUG]: mov 0 to 0
DalvikVM - [BB]: fu.hao.trust.dvm.Executor$OP_MOVE_REG -> jump set pc to 11
PluginManager - [MSG]: Taint Tainted Res: {359874043116909=<16 INVOKE,VIRTUAL,extra=[android.telephony.TelephonyManager/getDeviceId[], [1]]>}
Executor - [MSG]: 

Executor - [MSG]: <11 MOV,REG,dst=r5,r0=r2,type=java.lang.Object> at de.ecspride.MainActivity$MyAsyncTask/doInBackground[[Ljava.lang.String;]
class fu.hao.trust.dvm.Executor$OP_MOVE_REG - [DEBUG]: mov 0 to 0
DalvikVM - [BB]: fu.hao.trust.dvm.Executor$OP_MOVE_REG -> jump set pc to 12
PluginManager - [MSG]: Taint Tainted Res: {359874043116909=<16 INVOKE,VIRTUAL,extra=[android.telephony.TelephonyManager/getDeviceId[], [1]]>}
Executor - [MSG]: 

Executor - [MSG]: <12 INVOKE,VIRTUAL,extra=[android.telephony.SmsManager/sendTextMessage[java.lang.String, java.lang.String, java.lang.String, android.app.PendingIntent, android.app.PendingIntent], [0, 1, 2, 3, 4, 5]]> at de.ecspride.MainActivity$MyAsyncTask/doInBackground[[Ljava.lang.String;]
Executor - [MSG]: arg0 obj: android.telephony.SmsManager@924c71f
Executor - [DEBUG]: Reflction class: class android.telephony.SmsManager
Executor - [BB]: Normal args? true
Executor - [BB]: arg1@reg1: +49
Executor - [BB]: arg2@reg2: 0
Executor - [WARN]: Mismatch type! arg 2, real para type: class patdroid.core.PrimitiveInfo, expected para type: class java.lang.String
Executor - [BB]: arg3@reg3: 359874043116909
DalvikVM - [BB]: ar3 (359874043116909, java.lang.Object), (359874043116909, java.lang.String)
Executor - [BB]: arg4@reg4: 0
Executor - [WARN]: Mismatch type! arg 4, real para type: class patdroid.core.PrimitiveInfo, expected para type: class android.app.PendingIntent
Executor - [BB]: arg5@reg5: 0
Executor - [WARN]: Mismatch type! arg 5, real para type: class patdroid.core.PrimitiveInfo, expected para type: class android.app.PendingIntent
Executor - [BB]: Nargs? true
Executor - [DEBUG]: Caller obj: android.telephony.SmsManager@924c71f, from class: class android.telephony.SmsManager
Executor - [MSG]: Reflction invocation public void android.telephony.SmsManager.sendTextMessage(java.lang.String,java.lang.String,java.lang.String,android.app.PendingIntent,android.app.PendingIntent)
DalvikVM - [BB]: Set reflective call: public void android.telephony.SmsManager.sendTextMessage(java.lang.String,java.lang.String,java.lang.String,android.app.PendingIntent,android.app.PendingIntent)
DalvikVM - [BB]: fu.hao.trust.dvm.Executor -> jump set pc to 13
Taint - [BB]: <android.telephony.SmsManager: void sendTextMessage(java.lang.String,java.lang.String,java.lang.String,android.app.PendingIntent,android.app.PendingIntent)>
Taint - [BB]: Found a sink invocation. <android.telephony.SmsManager: void sendTextMessage(java.lang.String,java.lang.String,java.lang.String,android.app.PendingIntent,android.app.PendingIntent)>
Taint - [WARN]: Found a taint sink <android.telephony.SmsManager: void sendTextMessage(java.lang.String,java.lang.String,java.lang.String,android.app.PendingIntent,android.app.PendingIntent)> leaking data [359874043116909] at reg 3!!!
PluginManager - [MSG]: Taint Tainted Res: {359874043116909=<16 INVOKE,VIRTUAL,extra=[android.telephony.TelephonyManager/getDeviceId[], [1]]>}
Executor - [MSG]: 

Executor - [MSG]: <13 MOV,CONST,dst=r1,type=java.lang.String,extra="Done"> at de.ecspride.MainActivity$MyAsyncTask/doInBackground[[Ljava.lang.String;]
Executor - [DEBUG]: Mov const begin <13 MOV,CONST,dst=r1,type=java.lang.String,extra="Done">
DalvikVM - [BB]: ar1 (+49, java.lang.String), (Done, java.lang.String)
Executor - [DEBUG]: data: Done class java.lang.String
DalvikVM - [BB]: fu.hao.trust.dvm.Executor$OP_MOV_CONST -> jump set pc to 14
PluginManager - [MSG]: Taint Tainted Res: {359874043116909=<16 INVOKE,VIRTUAL,extra=[android.telephony.TelephonyManager/getDeviceId[], [1]]>}
Executor - [MSG]: 

Executor - [MSG]: <14 RETURN,VALUE,r0=r1,type=java.lang.Object> at de.ecspride.MainActivity$MyAsyncTask/doInBackground[[Ljava.lang.String;]
DalvikVM - [BB]: ar-1 (null, void), (Done, java.lang.String)
Executor - [BB]: Return data: Done
DalvikVM - [BB]: stack [StackFrame de.ecspride.MainActivity/onCreate[android.os.Bundle], StackFrame de.ecspride.MainActivity$MyAsyncTask/doInBackground[[Ljava.lang.Object;]]
DalvikVM - [BB]: Back to the last stack frame.StackFrame de.ecspride.MainActivity$MyAsyncTask/doInBackground[[Ljava.lang.Object;]
PluginManager - [MSG]: Taint Tainted Res: {359874043116909=<16 INVOKE,VIRTUAL,extra=[android.telephony.TelephonyManager/getDeviceId[], [1]]>}
Executor - [MSG]: 

Executor - [MSG]: <3 MOV,RESULT,dst=r0,type=java.lang.Object> at de.ecspride.MainActivity$MyAsyncTask/doInBackground[[Ljava.lang.Object;]
OP_MOV_RESULT - [BB]: Result data: Done
OP_MOV_RESULT - [DEBUG]: Result data: Done, type: java.lang.String, to [reg 0@MainActivity$MyAsyncTask/doInBackground]
DalvikVM - [BB]: fu.hao.trust.dvm.Executor$OP_MOV_RESULT -> jump set pc to 4
PluginManager - [MSG]: Taint Tainted Res: {359874043116909=<16 INVOKE,VIRTUAL,extra=[android.telephony.TelephonyManager/getDeviceId[], [1]]>}
Executor - [MSG]: 

Executor - [MSG]: <4 RETURN,VALUE,r0=r0,type=java.lang.Object> at de.ecspride.MainActivity$MyAsyncTask/doInBackground[[Ljava.lang.Object;]
DalvikVM - [BB]: ar-1 (Done, java.lang.String), (Done, java.lang.String)
Executor - [BB]: Return data: Done
DalvikVM - [BB]: stack [StackFrame de.ecspride.MainActivity/onCreate[android.os.Bundle]]
DalvikVM - [BB]: Back to the last stack frame.StackFrame de.ecspride.MainActivity/onCreate[android.os.Bundle]
PluginManager - [MSG]: Taint Tainted Res: {359874043116909=<16 INVOKE,VIRTUAL,extra=[android.telephony.TelephonyManager/getDeviceId[], [1]]>, [reg 4@MainActivity/onCreate]=<16 INVOKE,VIRTUAL,extra=[android.telephony.TelephonyManager/getDeviceId[], [1]]>}
DalvikVM - [MSG]: Finish running instrumented methods! Back to StackFrame de.ecspride.MainActivity/onCreate[android.os.Bundle]
DalvikVM - [BB]: ar-1 (Done, java.lang.String), (instance number 1@de.ecspride.MainActivity$MyAsyncTask, android.os.AsyncTask)
Executor - [DEBUG]: Return data: instance number 1@de.ecspride.MainActivity$MyAsyncTask ,class android.os.AsyncTask
Executor - [MSG]: Reflction invocation public final android.os.AsyncTask android.os.AsyncTask.execute(java.lang.Object[])
DalvikVM - [BB]: Set reflective call: public final android.os.AsyncTask android.os.AsyncTask.execute(java.lang.Object[])
DalvikVM - [BB]: fu.hao.trust.dvm.Executor -> jump set pc to 20
Taint - [BB]: <android.os.AsyncTask: android.os.AsyncTask execute([Ljava.lang.Object;)>
Taint - [DEBUG]: Not a taint call: <android.os.AsyncTask: android.os.AsyncTask execute([Ljava.lang.Object;)>
PluginManager - [MSG]: Taint Tainted Res: {359874043116909=<16 INVOKE,VIRTUAL,extra=[android.telephony.TelephonyManager/getDeviceId[], [1]]>, [reg 4@MainActivity/onCreate]=<16 INVOKE,VIRTUAL,extra=[android.telephony.TelephonyManager/getDeviceId[], [1]]>}
Executor - [MSG]: 

Executor - [MSG]: <20 RETURN,VOID> at de.ecspride.MainActivity/onCreate[android.os.Bundle]
class fu.hao.trust.dvm.Executor$OP_RETURN_VOID - [DEBUG]: Return void
DalvikVM - [BB]: stack []
DalvikVM - [BB]: Back to the last stack frame.null
Executor - [MSG]: RUN DONE! The last one is onCreate
DalvikVM - [MSG]: FINISHED!

main - [MSG]: output/AsyncTask1.apk\AsyncTask1.apk_SrcTaintedFields.csv
main - [MSG]: Analysis has run for 1.365396622 seconds

