main - [MSG]: Src Chain: [(de.ecspride.IntentSink2, startIntent)]
main - [DEBUG]: Src Entry event: (de.ecspride.IntentSink2, onCreate)
Activity - [MSG]: Find xml view with id 2131165184
Activity - [MSG]: Find xml view with id 2131165185
DalvikVM - [MSG]: Begin run onCreate at C:\Users\hao\workspace\DroidBenchProj\IntentSink2\app\IntentSink2.apk
DalvikVM - [MSG]: RUN Method de.ecspride.IntentSink2/onCreate[android.os.Bundle]
Executor - [DEBUG]: Read manifest csv: output/IntentSink2.apk\IntentSink2.apk_manifest.csv
DalvikVM - [BB]: New method call: de.ecspride.IntentSink2/onCreate[android.os.Bundle]
DalvikVM - [BB]: [0]<0 SPECIAL,ARGUMENT_SET,extra=[1, 2]>
DalvikVM - [BB]: [1]<0 HALT,SUPER,extra=[null, [1, 2]]>
DalvikVM - [BB]: [2]<1 MOV,CONST,dst=r0,type=void,extra=class patdroid.core.PrimitiveInfo?2130903040>
DalvikVM - [BB]: [3]<0 INVOKE,VIRTUAL,extra=[android.app.Activity/setContentView[int], [1, 0]]>
DalvikVM - [BB]: [4]<0 RETURN,VOID>
newStackFrame - [BB]: New Stack Frame: StackFrame de.ecspride.IntentSink2/onCreate[android.os.Bundle]
newStackFrame - [BB]: Add frame StackFrame de.ecspride.IntentSink2/onCreate[android.os.Bundle]
newStackFrame - [BB]: Stack: [StackFrame de.ecspride.IntentSink2/onCreate[android.os.Bundle]]
Executor - [MSG]: New chain obj with type de.ecspride.IntentSink2
Activity - [BB]: New instance of de.ecspride.IntentSink2
Caller@4: <init>@fu.hao.trust.dvm.DVMObject - [BB]: getClass de.ecspride.IntentSink2 at fu.hao.trust.dvm.VMHeap@6ccc0376
Caller: getClass@fu.hao.trust.dvm.VMHeap - [BB]: new class representation for de.ecspride.IntentSink2 at fu.hao.trust.dvm.VMHeap@6ccc0376
Caller@4: <init>@fu.hao.trust.dvm.DVMClass - [BB]: getClass android.app.Activity at fu.hao.trust.dvm.VMHeap@6ccc0376
Caller: getClass@fu.hao.trust.dvm.VMHeap - [BB]: new class representation for android.app.Activity at fu.hao.trust.dvm.VMHeap@6ccc0376
Caller@4: <init>@fu.hao.trust.dvm.DVMClass - [BB]: getClass android.content.ContextWrapper at fu.hao.trust.dvm.VMHeap@6ccc0376
Caller: getClass@fu.hao.trust.dvm.VMHeap - [BB]: new class representation for android.content.ContextWrapper at fu.hao.trust.dvm.VMHeap@6ccc0376
Caller@4: <init>@fu.hao.trust.dvm.DVMClass - [BB]: getClass android.content.Context at fu.hao.trust.dvm.VMHeap@6ccc0376
Caller: getClass@fu.hao.trust.dvm.VMHeap - [BB]: new class representation for android.content.Context at fu.hao.trust.dvm.VMHeap@6ccc0376
Caller@4: <init>@fu.hao.trust.dvm.DVMClass - [BB]: getClass fu.hao.trust.dvm.DVMObject at fu.hao.trust.dvm.VMHeap@6ccc0376
Caller: getClass@fu.hao.trust.dvm.VMHeap - [BB]: new class representation for fu.hao.trust.dvm.DVMObject at fu.hao.trust.dvm.VMHeap@6ccc0376
Caller: <init>@fu.hao.trust.dvm.DVMClass - [BB]: Get DVMClass for type fu.hao.trust.dvm.DVMObject
Caller@4: <init>@fu.hao.trust.dvm.DVMClass - [BB]: getClass fu.hao.trust.dvm.DVMObject at fu.hao.trust.dvm.VMHeap@6ccc0376
Caller: <init>@fu.hao.trust.dvm.DVMClass - [BB]: Get DVMClass for type android.content.Context
Caller@4: <init>@fu.hao.trust.dvm.DVMClass - [BB]: getClass android.content.Context at fu.hao.trust.dvm.VMHeap@6ccc0376
Caller: <init>@fu.hao.trust.dvm.DVMClass - [BB]: Get DVMClass for type android.content.ContextWrapper
Caller@4: <init>@fu.hao.trust.dvm.DVMClass - [BB]: getClass android.content.ContextWrapper at fu.hao.trust.dvm.VMHeap@6ccc0376
Caller: <init>@fu.hao.trust.dvm.DVMClass - [BB]: Get DVMClass for type android.app.Activity
Caller@4: <init>@fu.hao.trust.dvm.DVMClass - [BB]: getClass android.app.Activity at fu.hao.trust.dvm.VMHeap@6ccc0376
Caller: <init>@fu.hao.trust.dvm.DVMObject - [BB]: Get DVMClass for type de.ecspride.IntentSink2
Caller@4: <init>@fu.hao.trust.dvm.DVMObject - [BB]: getClass de.ecspride.IntentSink2 at fu.hao.trust.dvm.VMHeap@6ccc0376
Activity - [MSG]: Not empty constructor
DalvikVM - [BB]: New method call: de.ecspride.IntentSink2/<init>[]
DalvikVM - [BB]: [0]<0 SPECIAL,ARGUMENT_SET,extra=[0]>
DalvikVM - [BB]: [1]<0 INVOKE,DIRECT,extra=[java.lang.Object/<init>[], [0]]>
DalvikVM - [BB]: [2]<0 RETURN,VOID>
DalvikVM - [WARN]: ar -2, (Activity:instance number 1@de.ecspride.IntentSink2, de.ecspride.IntentSink2)
newStackFrame - [BB]: New Stack Frame: StackFrame de.ecspride.IntentSink2/<init>[], pc -1 stored. 
newStackFrame - [BB]: Stack: [StackFrame de.ecspride.IntentSink2/onCreate[android.os.Bundle]]
DalvikVM - [MSG]: Begin run instrumented methods!
DalvikVM - [BB]: Add frames [StackFrame de.ecspride.IntentSink2/<init>[]]
DalvikVM - [BB]: fu.hao.trust.dvm.DalvikVM -> runInstrumentedMethods set pc to 0
Executor - [MSG]: 

Executor - [MSG]: <0 SPECIAL,ARGUMENT_SET,extra=[0]> at de.ecspride.IntentSink2/<init>[]
DalvikVM - [WARN]: ar 0, (Activity:instance number 1@de.ecspride.IntentSink2, de.ecspride.IntentSink2)
Executor - [DEBUG]: params: Activity:instance number 1@de.ecspride.IntentSink2
DalvikVM - [BB]: fu.hao.trust.dvm.Executor$OP_SP_ARGUMENTS -> jump set pc to 1
PluginManager - [MSG]: TaintSumBranch Tainted Res: {}
Executor - [MSG]: 

Executor - [MSG]: <1 INVOKE,DIRECT,extra=[java.lang.Object/<init>[], [0]]> at de.ecspride.IntentSink2/<init>[]
Executor - [MSG]: arg0 obj: Activity:instance number 1@de.ecspride.IntentSink2
Executor - [MSG]: Replace the clazz.
Executor - [BB]: java.lang.Object/<init>[] is a constructor!
Executor - [WARN]: Reflection error: de.ecspride.IntentSink2
DalvikVM - [BB]: fu.hao.trust.dvm.Executor -> jump set pc to 2
TaintSumBranch - [BB]: <java.lang.Object: void <init>()>
TaintSumBranch - [DEBUG]: Not a taint call: <java.lang.Object: void <init>()>
PluginManager - [MSG]: TaintSumBranch Tainted Res: {}
Executor - [MSG]: 

Executor - [MSG]: <2 RETURN,VOID> at de.ecspride.IntentSink2/<init>[]
class fu.hao.trust.dvm.Executor$OP_RETURN_VOID - [DEBUG]: Return void
DalvikVM - [BB]: stack [StackFrame de.ecspride.IntentSink2/onCreate[android.os.Bundle]]
DalvikVM - [BB]: Back to the last stack frame.StackFrame de.ecspride.IntentSink2/onCreate[android.os.Bundle]
DalvikVM - [MSG]: Finish running instrumented methods! Back to StackFrame de.ecspride.IntentSink2/onCreate[android.os.Bundle]
Activity - [MSG]: New Activity Created with type de.ecspride.IntentSink2
DalvikVM - [BB]: New method call: de.ecspride.IntentSink2/onCreate[android.os.Bundle]
DalvikVM - [BB]: [0]<0 SPECIAL,ARGUMENT_SET,extra=[1, 2]>
DalvikVM - [BB]: [1]<0 HALT,SUPER,extra=[null, [1, 2]]>
DalvikVM - [BB]: [2]<1 MOV,CONST,dst=r0,type=void,extra=class patdroid.core.PrimitiveInfo?2130903040>
DalvikVM - [BB]: [3]<0 INVOKE,VIRTUAL,extra=[android.app.Activity/setContentView[int], [1, 0]]>
DalvikVM - [BB]: [4]<0 RETURN,VOID>
DalvikVM - [WARN]: ar -2, (Activity:instance number 1@de.ecspride.IntentSink2, de.ecspride.IntentSink2)
DalvikVM - [WARN]: ar -2, (null, android.os.Bundle)
newStackFrame - [BB]: New Stack Frame: StackFrame de.ecspride.IntentSink2/onCreate[android.os.Bundle]
newStackFrame - [BB]: Stack: []
Activity - [BB]: Intent null
DalvikVM - [MSG]: Begin run instrumented methods!
DalvikVM - [BB]: Add frames [StackFrame de.ecspride.IntentSink2/onCreate[android.os.Bundle]]
DalvikVM - [BB]: fu.hao.trust.dvm.DalvikVM -> runInstrumentedMethods set pc to 0
Executor - [MSG]: 

Executor - [MSG]: <0 SPECIAL,ARGUMENT_SET,extra=[1, 2]> at de.ecspride.IntentSink2/onCreate[android.os.Bundle]
DalvikVM - [WARN]: ar 1, (Activity:instance number 1@de.ecspride.IntentSink2, de.ecspride.IntentSink2)
Executor - [DEBUG]: params: Activity:instance number 1@de.ecspride.IntentSink2
DalvikVM - [WARN]: ar 2, (null, android.os.Bundle)
Executor - [DEBUG]: params: null
DalvikVM - [BB]: fu.hao.trust.dvm.Executor$OP_SP_ARGUMENTS -> jump set pc to 1
PluginManager - [MSG]: TaintSumBranch Tainted Res: {}
Executor - [MSG]: 

Executor - [MSG]: <1 HALT,SUPER,extra=[null, [1, 2]]> at de.ecspride.IntentSink2/onCreate[android.os.Bundle]
DalvikVM - [BB]: fu.hao.trust.dvm.Executor$OP_HALT -> jump set pc to 2
Executor - [MSG]: Cannot resolve the invocation
TaintSumBranch - [BB]: Not a taint op <1 HALT,SUPER,extra=[null, [1, 2]]>
PluginManager - [MSG]: TaintSumBranch Tainted Res: {}
Executor - [MSG]: 

Executor - [MSG]: <2 MOV,CONST,dst=r0,type=void,extra=class patdroid.core.PrimitiveInfo?2130903040> at de.ecspride.IntentSink2/onCreate[android.os.Bundle]
Executor - [DEBUG]: Mov const begin <2 MOV,CONST,dst=r0,type=void,extra=class patdroid.core.PrimitiveInfo?2130903040>
DalvikVM - [WARN]: ar 0, (2130903040, void)
Executor - [DEBUG]: data: 2130903040 class patdroid.core.PrimitiveInfo
DalvikVM - [BB]: fu.hao.trust.dvm.Executor$OP_MOV_CONST -> jump set pc to 3
PluginManager - [MSG]: TaintSumBranch Tainted Res: {}
Executor - [MSG]: 

Executor - [MSG]: <3 INVOKE,VIRTUAL,extra=[android.app.Activity/setContentView[int], [1, 0]]> at de.ecspride.IntentSink2/onCreate[android.os.Bundle]
Executor - [MSG]: arg0 obj: Activity:instance number 1@de.ecspride.IntentSink2
Executor - [DEBUG]: Reflction class: class android.app.Activity
Executor - [BB]: Normal args? true
Executor - [BB]: arg1@reg0: 2130903040
Executor - [DEBUG]: Expected para type: int
Executor - [DEBUG]: Real para int, value: 2130903040
Executor - [BB]: Nargs? true
Executor - [DEBUG]: Caller obj: Activity:instance number 1@de.ecspride.IntentSink2, from class: class android.app.Activity
DalvikVM - [WARN]: ar -1, (null, void)
Executor - [MSG]: Reflction invocation public void android.app.Activity.setContentView(int)
DalvikVM - [BB]: Set reflective call: public void android.app.Activity.setContentView(int)
DalvikVM - [BB]: fu.hao.trust.dvm.Executor -> jump set pc to 4
TaintSumBranch - [BB]: <android.app.Activity: void setContentView(int)>
TaintSumBranch - [DEBUG]: Not a taint call: <android.app.Activity: void setContentView(int)>
PluginManager - [MSG]: TaintSumBranch Tainted Res: {}
Executor - [MSG]: 

Executor - [MSG]: <4 RETURN,VOID> at de.ecspride.IntentSink2/onCreate[android.os.Bundle]
class fu.hao.trust.dvm.Executor$OP_RETURN_VOID - [DEBUG]: Return void
DalvikVM - [BB]: stack []
DalvikVM - [BB]: Back to the last stack frame.null
DalvikVM - [MSG]: Finish running instrumented methods! Back to null
Executor - [MSG]: RUN BEGIN de.ecspride.IntentSink2/onCreate[android.os.Bundle]
Executor - [MSG]: eventMethod: startIntent
View - [BB]: New instance of android.view.View
Caller@4: <init>@fu.hao.trust.dvm.DVMObject - [BB]: getClass android.view.View at fu.hao.trust.dvm.VMHeap@6ccc0376
Caller: getClass@fu.hao.trust.dvm.VMHeap - [BB]: new class representation for android.view.View at fu.hao.trust.dvm.VMHeap@6ccc0376
Caller@4: <init>@fu.hao.trust.dvm.DVMClass - [BB]: getClass fu.hao.trust.dvm.DVMObject at fu.hao.trust.dvm.VMHeap@6ccc0376
Caller: <init>@fu.hao.trust.dvm.DVMClass - [BB]: Get DVMClass for type fu.hao.trust.dvm.DVMObject
Caller@4: <init>@fu.hao.trust.dvm.DVMClass - [BB]: getClass fu.hao.trust.dvm.DVMObject at fu.hao.trust.dvm.VMHeap@6ccc0376
Caller: <init>@fu.hao.trust.dvm.DVMObject - [BB]: Get DVMClass for type android.view.View
Caller@4: <init>@fu.hao.trust.dvm.DVMObject - [BB]: getClass android.view.View at fu.hao.trust.dvm.VMHeap@6ccc0376
DalvikVM - [BB]: New method call: de.ecspride.IntentSink2/startIntent[android.view.View]
DalvikVM - [BB]: [0]<0 SPECIAL,ARGUMENT_SET,extra=[5, 6]>
DalvikVM - [BB]: [1]<0 MOV,CONST,dst=r4,type=void,extra=class patdroid.core.PrimitiveInfo?2131165184>
DalvikVM - [BB]: [2]<0 INVOKE,VIRTUAL,extra=[android.app.Activity/findViewById[int], [5, 4]]>
DalvikVM - [BB]: [3]<0 MOV,RESULT,dst=r0,type=java.lang.Object>
DalvikVM - [BB]: [4]<0 ARITHMETIC,CHECK-AND-CAST,dst=r0,type=android.widget.EditText>
DalvikVM - [BB]: [5]<4 MOV,CONST,dst=r4,type=java.lang.String,extra="phone">
DalvikVM - [BB]: [6]<0 INVOKE,VIRTUAL,extra=[android.content.Context/getSystemService[java.lang.String], [5, 4]]>
DalvikVM - [BB]: [7]<0 MOV,RESULT,dst=r3,type=java.lang.Object>
DalvikVM - [BB]: [8]<0 ARITHMETIC,CHECK-AND-CAST,dst=r3,type=android.telephony.TelephonyManager>
DalvikVM - [BB]: [9]<0 INVOKE,VIRTUAL,extra=[android.telephony.TelephonyManager/getDeviceId[], [3]]>
DalvikVM - [BB]: [10]<0 MOV,RESULT,dst=r1,type=java.lang.Object>
DalvikVM - [BB]: [11]<0 NEW,INSTANCE,dst=r2,type=android.content.Intent>
DalvikVM - [BB]: [12]<0 INVOKE,DIRECT,extra=[android.content.Intent/<init>[], [2]]>
DalvikVM - [BB]: [13]<0 HALT,VIRTUAL,extra=[null, [0]]>
DalvikVM - [BB]: [14]<0 MOV,RESULT,dst=r4,type=java.lang.Object>
DalvikVM - [BB]: [15]<0 INVOKE,VIRTUAL,extra=[java.lang.Object/toString[], [4]]>
DalvikVM - [BB]: [16]<0 MOV,RESULT,dst=r4,type=java.lang.Object>
DalvikVM - [BB]: [17]<0 HALT,VIRTUAL,extra=[null, [2, 5, 4]]>
DalvikVM - [BB]: [18]<17 MOV,CONST,dst=r4,type=java.lang.String,extra="id">
DalvikVM - [BB]: [19]<0 INVOKE,VIRTUAL,extra=[android.content.Intent/putExtra[java.lang.String, java.lang.String], [2, 4, 1]]>
DalvikVM - [BB]: [20]<0 INVOKE,VIRTUAL,extra=[android.content.ContextWrapper/startActivity[android.content.Intent], [5, 2]]>
DalvikVM - [BB]: [21]<0 RETURN,VOID>
DalvikVM - [WARN]: ar -2, (Activity:instance number 1@de.ecspride.IntentSink2, de.ecspride.IntentSink2)
DalvikVM - [WARN]: ar -2, (instance number 1@android.view.View, android.view.View)
newStackFrame - [BB]: New Stack Frame: StackFrame de.ecspride.IntentSink2/startIntent[android.view.View]
newStackFrame - [BB]: Add frame StackFrame de.ecspride.IntentSink2/startIntent[android.view.View]
newStackFrame - [BB]: Stack: [StackFrame de.ecspride.IntentSink2/startIntent[android.view.View]]
DalvikVM - [BB]: fu.hao.trust.dvm.Executor -> execute set pc to 0
Executor - [MSG]: 

Executor - [MSG]: <0 SPECIAL,ARGUMENT_SET,extra=[5, 6]> at de.ecspride.IntentSink2/startIntent[android.view.View]
DalvikVM - [WARN]: ar 5, (Activity:instance number 1@de.ecspride.IntentSink2, de.ecspride.IntentSink2)
Executor - [DEBUG]: params: Activity:instance number 1@de.ecspride.IntentSink2
DalvikVM - [WARN]: ar 6, (instance number 1@android.view.View, android.view.View)
Executor - [DEBUG]: params: instance number 1@android.view.View
DalvikVM - [BB]: fu.hao.trust.dvm.Executor$OP_SP_ARGUMENTS -> jump set pc to 1
PluginManager - [MSG]: TaintSumBranch Tainted Res: {}
Executor - [MSG]: 

Executor - [MSG]: <1 MOV,CONST,dst=r4,type=void,extra=class patdroid.core.PrimitiveInfo?2131165184> at de.ecspride.IntentSink2/startIntent[android.view.View]
Executor - [DEBUG]: Mov const begin <1 MOV,CONST,dst=r4,type=void,extra=class patdroid.core.PrimitiveInfo?2131165184>
DalvikVM - [WARN]: ar 4, (2131165184, void)
Executor - [DEBUG]: data: 2131165184 class patdroid.core.PrimitiveInfo
DalvikVM - [BB]: fu.hao.trust.dvm.Executor$OP_MOV_CONST -> jump set pc to 2
PluginManager - [MSG]: TaintSumBranch Tainted Res: {}
Executor - [MSG]: 

Executor - [MSG]: <2 INVOKE,VIRTUAL,extra=[android.app.Activity/findViewById[int], [5, 4]]> at de.ecspride.IntentSink2/startIntent[android.view.View]
Executor - [MSG]: arg0 obj: Activity:instance number 1@de.ecspride.IntentSink2
Executor - [DEBUG]: Reflction class: class android.app.Activity
Executor - [BB]: Normal args? true
Executor - [BB]: arg1@reg4: 2131165184
Executor - [DEBUG]: Expected para type: int
Executor - [DEBUG]: Real para int, value: 2131165184
Executor - [BB]: Nargs? true
Executor - [DEBUG]: Caller obj: Activity:instance number 1@de.ecspride.IntentSink2, from class: class android.app.Activity
GenInstance - [BB]: Gen view instance with android.widget.EditText, id 2131165184
View - [BB]: New instance of android.widget.EditText
Caller@4: <init>@fu.hao.trust.dvm.DVMObject - [BB]: getClass android.widget.EditText at fu.hao.trust.dvm.VMHeap@6ccc0376
Caller: getClass@fu.hao.trust.dvm.VMHeap - [BB]: new class representation for android.widget.EditText at fu.hao.trust.dvm.VMHeap@6ccc0376
Caller: <init>@fu.hao.trust.dvm.DVMObject - [BB]: Get DVMClass for type android.widget.EditText
Caller@4: <init>@fu.hao.trust.dvm.DVMObject - [BB]: getClass android.widget.EditText at fu.hao.trust.dvm.VMHeap@6ccc0376
View - [BB]: Try to call default constructor of android.widget.EditText
DalvikVM - [WARN]: ar -1, (instance number 1@android.widget.EditText, android.view.View)
Executor - [DEBUG]: Return data: instance number 1@android.widget.EditText ,class android.view.View
Executor - [MSG]: Reflction invocation public android.view.View android.app.Activity.findViewById(int)
DalvikVM - [BB]: Set reflective call: public android.view.View android.app.Activity.findViewById(int)
DalvikVM - [BB]: fu.hao.trust.dvm.Executor -> jump set pc to 3
TaintSumBranch - [BB]: <android.app.Activity: android.view.View findViewById(int)>
TaintSumBranch - [DEBUG]: Not a taint call: <android.app.Activity: android.view.View findViewById(int)>
PluginManager - [MSG]: TaintSumBranch Tainted Res: {}
Executor - [MSG]: 

Executor - [MSG]: <3 MOV,RESULT,dst=r0,type=java.lang.Object> at de.ecspride.IntentSink2/startIntent[android.view.View]
DalvikVM - [WARN]: ar 0, (instance number 1@android.widget.EditText, android.view.View)
OP_MOV_RESULT - [BB]: Result data: instance number 1@android.widget.EditText
OP_MOV_RESULT - [DEBUG]: Result data: instance number 1@android.widget.EditText, type: android.view.View, to [reg 0@IntentSink2/startIntent]
DalvikVM - [BB]: fu.hao.trust.dvm.Executor$OP_MOV_RESULT -> jump set pc to 4
PluginManager - [MSG]: TaintSumBranch Tainted Res: {}
Executor - [MSG]: 

Executor - [MSG]: <4 ARITHMETIC,CHECK-AND-CAST,dst=r0,type=android.widget.EditText> at de.ecspride.IntentSink2/startIntent[android.view.View]
DalvikVM - [BB]: fu.hao.trust.dvm.Executor$OP_ARITHETIC -> jump set pc to 5
OP_A_CHECKCAST - [WARN]: Not consistent type when cast! android.widget.EditText, android.view.View
PluginManager - [MSG]: TaintSumBranch Tainted Res: {}
Executor - [MSG]: 

Executor - [MSG]: <5 MOV,CONST,dst=r4,type=java.lang.String,extra="phone"> at de.ecspride.IntentSink2/startIntent[android.view.View]
Executor - [DEBUG]: Mov const begin <5 MOV,CONST,dst=r4,type=java.lang.String,extra="phone">
DalvikVM - [WARN]: ar 4 (2131165184, void), (phone, java.lang.String)
Executor - [DEBUG]: data: phone class java.lang.String
DalvikVM - [BB]: fu.hao.trust.dvm.Executor$OP_MOV_CONST -> jump set pc to 6
PluginManager - [MSG]: TaintSumBranch Tainted Res: {}
Executor - [MSG]: 

Executor - [MSG]: <6 INVOKE,VIRTUAL,extra=[android.content.Context/getSystemService[java.lang.String], [5, 4]]> at de.ecspride.IntentSink2/startIntent[android.view.View]
Executor - [MSG]: arg0 obj: Activity:instance number 1@de.ecspride.IntentSink2
Executor - [DEBUG]: Reflction class: class android.content.Context
Executor - [BB]: Normal args? true
Executor - [BB]: arg1@reg4: phone
Executor - [BB]: Nargs? true
Executor - [DEBUG]: Caller obj: Activity:instance number 1@de.ecspride.IntentSink2, from class: class android.app.Activity
DalvikVM - [WARN]: ar -1, (android.telephony.TelephonyManager@47c5ee67, java.lang.Object)
Executor - [DEBUG]: Return data: android.telephony.TelephonyManager@47c5ee67 ,class android.telephony.TelephonyManager
Executor - [MSG]: Reflction invocation public java.lang.Object android.content.Context.getSystemService(java.lang.String)
DalvikVM - [BB]: Set reflective call: public java.lang.Object android.content.Context.getSystemService(java.lang.String)
DalvikVM - [BB]: fu.hao.trust.dvm.Executor -> jump set pc to 7
TaintSumBranch - [BB]: <android.content.Context: java.lang.Object getSystemService(java.lang.String)>
TaintSumBranch - [DEBUG]: Not a taint call: <android.content.Context: java.lang.Object getSystemService(java.lang.String)>
PluginManager - [MSG]: TaintSumBranch Tainted Res: {}
Executor - [MSG]: 

Executor - [MSG]: <7 MOV,RESULT,dst=r3,type=java.lang.Object> at de.ecspride.IntentSink2/startIntent[android.view.View]
DalvikVM - [WARN]: ar 3, (android.telephony.TelephonyManager@47c5ee67, java.lang.Object)
OP_MOV_RESULT - [BB]: Result data: android.telephony.TelephonyManager@47c5ee67
OP_MOV_RESULT - [DEBUG]: Result data: android.telephony.TelephonyManager@47c5ee67, type: java.lang.Object, to [reg 3@IntentSink2/startIntent]
DalvikVM - [BB]: fu.hao.trust.dvm.Executor$OP_MOV_RESULT -> jump set pc to 8
PluginManager - [MSG]: TaintSumBranch Tainted Res: {}
Executor - [MSG]: 

Executor - [MSG]: <8 ARITHMETIC,CHECK-AND-CAST,dst=r3,type=android.telephony.TelephonyManager> at de.ecspride.IntentSink2/startIntent[android.view.View]
DalvikVM - [BB]: fu.hao.trust.dvm.Executor$OP_ARITHETIC -> jump set pc to 9
PluginManager - [MSG]: TaintSumBranch Tainted Res: {}
Executor - [MSG]: 

Executor - [MSG]: <9 INVOKE,VIRTUAL,extra=[android.telephony.TelephonyManager/getDeviceId[], [3]]> at de.ecspride.IntentSink2/startIntent[android.view.View]
Executor - [MSG]: arg0 obj: android.telephony.TelephonyManager@47c5ee67
Executor - [DEBUG]: Reflction class: class android.telephony.TelephonyManager
DalvikVM - [WARN]: ar -1, (359874043116909, java.lang.String)
Executor - [DEBUG]: Return data: 359874043116909 ,class java.lang.String
Executor - [MSG]: Reflction invocation public java.lang.String android.telephony.TelephonyManager.getDeviceId()
DalvikVM - [BB]: Set reflective call: public java.lang.String android.telephony.TelephonyManager.getDeviceId()
DalvikVM - [BB]: fu.hao.trust.dvm.Executor -> jump set pc to 10
TaintSumBranch - [BB]: <android.telephony.TelephonyManager: java.lang.String getDeviceId()>
TaintSumBranch - [WARN]: Found a tainted return value!
PluginManager - [MSG]: TaintSumBranch Tainted Res: {359874043116909=<9 INVOKE,VIRTUAL,extra=[android.telephony.TelephonyManager/getDeviceId[], [3]]>, [Global RetReg]=<9 INVOKE,VIRTUAL,extra=[android.telephony.TelephonyManager/getDeviceId[], [3]]>}
Executor - [MSG]: 

Executor - [MSG]: <10 MOV,RESULT,dst=r1,type=java.lang.Object> at de.ecspride.IntentSink2/startIntent[android.view.View]
DalvikVM - [WARN]: ar 1, (359874043116909, java.lang.String)
OP_MOV_RESULT - [BB]: Result data: 359874043116909
OP_MOV_RESULT - [DEBUG]: Result data: 359874043116909, type: java.lang.String, to [reg 1@IntentSink2/startIntent]
DalvikVM - [BB]: fu.hao.trust.dvm.Executor$OP_MOV_RESULT -> jump set pc to 11
TaintSumBranch - [BB]: <9 INVOKE,VIRTUAL,extra=[android.telephony.TelephonyManager/getDeviceId[], [3]]>
TaintSumBranch - [BB]: Add reg 1 due to ret reg.
PluginManager - [MSG]: TaintSumBranch Tainted Res: {359874043116909=<9 INVOKE,VIRTUAL,extra=[android.telephony.TelephonyManager/getDeviceId[], [3]]>, [reg 1@IntentSink2/startIntent]=<9 INVOKE,VIRTUAL,extra=[android.telephony.TelephonyManager/getDeviceId[], [3]]>}
Executor - [MSG]: 

Executor - [MSG]: <11 NEW,INSTANCE,dst=r2,type=android.content.Intent> at de.ecspride.IntentSink2/startIntent[android.view.View]
OP_NEW_INSTANCE - [DEBUG]: [reg 2@IntentSink2/startIntent]
DalvikVM - [WARN]: ar 2, (null, android.content.Intent)
OP_NEW_INSTANCE - [BB]: Reflecable instance.
DalvikVM - [BB]: fu.hao.trust.dvm.Executor$OP_NEW_INSTANCE -> jump set pc to 12
TaintSumBranch - [BB]: Rdst [reg 2@IntentSink2/startIntent]
PluginManager - [MSG]: TaintSumBranch Tainted Res: {359874043116909=<9 INVOKE,VIRTUAL,extra=[android.telephony.TelephonyManager/getDeviceId[], [3]]>, [reg 1@IntentSink2/startIntent]=<9 INVOKE,VIRTUAL,extra=[android.telephony.TelephonyManager/getDeviceId[], [3]]>}
Executor - [MSG]: 

Executor - [MSG]: <12 INVOKE,DIRECT,extra=[android.content.Intent/<init>[], [2]]> at de.ecspride.IntentSink2/startIntent[android.view.View]
Executor - [MSG]: arg0 obj: null
Executor - [BB]: android.content.Intent/<init>[] is a constructor!
DalvikVM - [WARN]: ar 2 (null, android.content.Intent), ([intent:, null, {}], void)
Executor - [DEBUG]: Reflected init instance: [intent:, null, {}], class android.content.Intent
DalvikVM - [BB]: fu.hao.trust.dvm.Executor -> jump set pc to 13
TaintSumBranch - [BB]: <android.content.Intent: void <init>()>
TaintSumBranch - [DEBUG]: Not a taint call: <android.content.Intent: void <init>()>
PluginManager - [MSG]: TaintSumBranch Tainted Res: {359874043116909=<9 INVOKE,VIRTUAL,extra=[android.telephony.TelephonyManager/getDeviceId[], [3]]>, [reg 1@IntentSink2/startIntent]=<9 INVOKE,VIRTUAL,extra=[android.telephony.TelephonyManager/getDeviceId[], [3]]>}
Executor - [MSG]: 

Executor - [MSG]: <13 HALT,VIRTUAL,extra=[null, [0]]> at de.ecspride.IntentSink2/startIntent[android.view.View]
DalvikVM - [BB]: fu.hao.trust.dvm.Executor$OP_HALT -> jump set pc to 14
Executor - [MSG]: Cannot resolve the invocation
TaintSumBranch - [BB]: Not a taint op <13 HALT,VIRTUAL,extra=[null, [0]]>
PluginManager - [MSG]: TaintSumBranch Tainted Res: {359874043116909=<9 INVOKE,VIRTUAL,extra=[android.telephony.TelephonyManager/getDeviceId[], [3]]>, [reg 1@IntentSink2/startIntent]=<9 INVOKE,VIRTUAL,extra=[android.telephony.TelephonyManager/getDeviceId[], [3]]>}
Executor - [MSG]: 

Executor - [MSG]: <14 MOV,RESULT,dst=r4,type=java.lang.Object> at de.ecspride.IntentSink2/startIntent[android.view.View]
Unknown - [BB]: Unknown created!
DalvikVM - [WARN]: ar -1, ([Unknown var:null, type: java.lang.Object], java.lang.Object)
DalvikVM - [WARN]: ar 4 (phone, java.lang.String), ([Unknown var:null, type: java.lang.Object], java.lang.Object)
OP_MOV_RESULT - [BB]: Result data: [Unknown var:null, type: java.lang.Object]
OP_MOV_RESULT - [DEBUG]: Result data: [Unknown var:null, type: java.lang.Object], type: java.lang.Object, to [reg 4@IntentSink2/startIntent]
DalvikVM - [BB]: fu.hao.trust.dvm.Executor$OP_MOV_RESULT -> jump set pc to 15
PluginManager - [MSG]: TaintSumBranch Tainted Res: {359874043116909=<9 INVOKE,VIRTUAL,extra=[android.telephony.TelephonyManager/getDeviceId[], [3]]>, [reg 1@IntentSink2/startIntent]=<9 INVOKE,VIRTUAL,extra=[android.telephony.TelephonyManager/getDeviceId[], [3]]>}
Executor - [MSG]: 

Executor - [MSG]: <15 INVOKE,VIRTUAL,extra=[java.lang.Object/toString[], [4]]> at de.ecspride.IntentSink2/startIntent[android.view.View]
Executor - [MSG]: arg0 obj: [Unknown var:null, type: java.lang.Object]
Executor - [MSG]: Replace the clazz.
Executor - [DEBUG]: Reflction class: class fu.hao.trust.dvm.DVMObject
Executor - [WARN]: Reflection error: fu.hao.trust.dvm.DVMObject
Unknown - [BB]: Unknown created!
DalvikVM - [WARN]: ar 4 ([Unknown var:null, type: java.lang.Object], java.lang.Object), ([Unknown var:null, type: java.lang.Object], java.lang.Object)
DalvikVM - [BB]: fu.hao.trust.dvm.Executor -> jump set pc to 16
PluginManager - [MSG]: TaintSumBranch Tainted Res: {359874043116909=<9 INVOKE,VIRTUAL,extra=[android.telephony.TelephonyManager/getDeviceId[], [3]]>, [reg 1@IntentSink2/startIntent]=<9 INVOKE,VIRTUAL,extra=[android.telephony.TelephonyManager/getDeviceId[], [3]]>}
Executor - [MSG]: 

Executor - [MSG]: <16 MOV,RESULT,dst=r4,type=java.lang.Object> at de.ecspride.IntentSink2/startIntent[android.view.View]
Unknown - [BB]: Unknown created!
DalvikVM - [WARN]: ar -1, ([Unknown var:null, type: java.lang.Object], java.lang.Object)
DalvikVM - [WARN]: ar 4 ([Unknown var:null, type: java.lang.Object], java.lang.Object), ([Unknown var:null, type: java.lang.Object], java.lang.Object)
OP_MOV_RESULT - [BB]: Result data: [Unknown var:null, type: java.lang.Object]
OP_MOV_RESULT - [DEBUG]: Result data: [Unknown var:null, type: java.lang.Object], type: java.lang.Object, to [reg 4@IntentSink2/startIntent]
DalvikVM - [BB]: fu.hao.trust.dvm.Executor$OP_MOV_RESULT -> jump set pc to 17
PluginManager - [MSG]: TaintSumBranch Tainted Res: {359874043116909=<9 INVOKE,VIRTUAL,extra=[android.telephony.TelephonyManager/getDeviceId[], [3]]>, [reg 1@IntentSink2/startIntent]=<9 INVOKE,VIRTUAL,extra=[android.telephony.TelephonyManager/getDeviceId[], [3]]>}
Executor - [MSG]: 

Executor - [MSG]: <17 HALT,VIRTUAL,extra=[null, [2, 5, 4]]> at de.ecspride.IntentSink2/startIntent[android.view.View]
DalvikVM - [BB]: fu.hao.trust.dvm.Executor$OP_HALT -> jump set pc to 18
Executor - [MSG]: Cannot resolve the invocation
TaintSumBranch - [BB]: Not a taint op <17 HALT,VIRTUAL,extra=[null, [2, 5, 4]]>
PluginManager - [MSG]: TaintSumBranch Tainted Res: {359874043116909=<9 INVOKE,VIRTUAL,extra=[android.telephony.TelephonyManager/getDeviceId[], [3]]>, [reg 1@IntentSink2/startIntent]=<9 INVOKE,VIRTUAL,extra=[android.telephony.TelephonyManager/getDeviceId[], [3]]>}
Executor - [MSG]: 

Executor - [MSG]: <18 MOV,CONST,dst=r4,type=java.lang.String,extra="id"> at de.ecspride.IntentSink2/startIntent[android.view.View]
Executor - [DEBUG]: Mov const begin <18 MOV,CONST,dst=r4,type=java.lang.String,extra="id">
DalvikVM - [WARN]: ar 4 ([Unknown var:null, type: java.lang.Object], java.lang.Object), (id, java.lang.String)
Executor - [DEBUG]: data: id class java.lang.String
DalvikVM - [BB]: fu.hao.trust.dvm.Executor$OP_MOV_CONST -> jump set pc to 19
PluginManager - [MSG]: TaintSumBranch Tainted Res: {359874043116909=<9 INVOKE,VIRTUAL,extra=[android.telephony.TelephonyManager/getDeviceId[], [3]]>, [reg 1@IntentSink2/startIntent]=<9 INVOKE,VIRTUAL,extra=[android.telephony.TelephonyManager/getDeviceId[], [3]]>}
Executor - [MSG]: 

Executor - [MSG]: <19 INVOKE,VIRTUAL,extra=[android.content.Intent/putExtra[java.lang.String, java.lang.String], [2, 4, 1]]> at de.ecspride.IntentSink2/startIntent[android.view.View]
Executor - [MSG]: arg0 obj: [intent:, null, {}]
Executor - [DEBUG]: Reflction class: class android.content.Intent
Executor - [BB]: Normal args? true
Executor - [BB]: arg1@reg4: id
Executor - [BB]: arg2@reg1: 359874043116909
Executor - [BB]: Nargs? true
Executor - [DEBUG]: Caller obj: [intent:, null, {}], from class: class android.content.Intent
DalvikVM - [WARN]: ar -1, ([intent:, null, {id=359874043116909}], android.content.Intent)
Executor - [DEBUG]: Return data: [intent:, null, {id=359874043116909}] ,class android.content.Intent
Executor - [MSG]: Reflction invocation public android.content.Intent android.content.Intent.putExtra(java.lang.String,java.lang.String)
DalvikVM - [BB]: Set reflective call: public android.content.Intent android.content.Intent.putExtra(java.lang.String,java.lang.String)
DalvikVM - [BB]: fu.hao.trust.dvm.Executor -> jump set pc to 20
TaintSumBranch - [BB]: <android.content.Intent: android.content.Intent putExtra(java.lang.String,java.lang.String)>
TaintSumBranch - [WARN]: Found a tainted return val!
Results - [MSG]: New recorded tainted field: putExtra
TaintSumBranch - [DEBUG]: Not a taint call: <android.content.Intent: android.content.Intent putExtra(java.lang.String,java.lang.String)>
TaintSumBranch - [WARN]: Found a tainted return val!
PluginManager - [MSG]: TaintSumBranch Tainted Res: {[intent:, null, {id=359874043116909}]=<9 INVOKE,VIRTUAL,extra=[android.telephony.TelephonyManager/getDeviceId[], [3]]>, 359874043116909=<9 INVOKE,VIRTUAL,extra=[android.telephony.TelephonyManager/getDeviceId[], [3]]>, [Global RetReg]=<9 INVOKE,VIRTUAL,extra=[android.telephony.TelephonyManager/getDeviceId[], [3]]>, [reg 1@IntentSink2/startIntent]=<9 INVOKE,VIRTUAL,extra=[android.telephony.TelephonyManager/getDeviceId[], [3]]>}
Executor - [MSG]: 

Executor - [MSG]: <20 INVOKE,VIRTUAL,extra=[android.content.ContextWrapper/startActivity[android.content.Intent], [5, 2]]> at de.ecspride.IntentSink2/startIntent[android.view.View]
Executor - [MSG]: arg0 obj: Activity:instance number 1@de.ecspride.IntentSink2
Executor - [DEBUG]: Reflction class: class android.content.ContextWrapper
Executor - [BB]: Normal args? true
Executor - [BB]: arg1@reg2: [intent:, null, {id=359874043116909}]
Executor - [BB]: Nargs? true
Executor - [DEBUG]: Caller obj: Activity:instance number 1@de.ecspride.IntentSink2, from class: class android.app.Activity
android.app.Activity - [WARN]: Cannot resolve the receiver!
DalvikVM - [WARN]: ar -1, (null, void)
Executor - [MSG]: Reflction invocation public void android.content.ContextWrapper.startActivity(android.content.Intent)
DalvikVM - [BB]: Set reflective call: public void android.content.ContextWrapper.startActivity(android.content.Intent)
DalvikVM - [BB]: fu.hao.trust.dvm.Executor -> jump set pc to 21
TaintSumBranch - [BB]: <android.content.ContextWrapper: void startActivity(android.content.Intent)>
TaintSumBranch - [WARN]: Found a tainted return val!
TaintSumBranch - [BB]: Found a sink invocation. <android.content.ContextWrapper: void startActivity(android.content.Intent)>
TaintSumBranch - [WARN]: Found a tainted sink <android.content.ContextWrapper: void startActivity(android.content.Intent)> leaking data [[intent:, null, {id=359874043116909}]] at reg 2!!!
PluginManager - [MSG]: TaintSumBranch Tainted Res: {[intent:, null, {id=359874043116909}]=<9 INVOKE,VIRTUAL,extra=[android.telephony.TelephonyManager/getDeviceId[], [3]]>, 359874043116909=<9 INVOKE,VIRTUAL,extra=[android.telephony.TelephonyManager/getDeviceId[], [3]]>, [Global RetReg]=<9 INVOKE,VIRTUAL,extra=[android.telephony.TelephonyManager/getDeviceId[], [3]]>, [reg 1@IntentSink2/startIntent]=<9 INVOKE,VIRTUAL,extra=[android.telephony.TelephonyManager/getDeviceId[], [3]]>}
Executor - [MSG]: 

Executor - [MSG]: <21 RETURN,VOID> at de.ecspride.IntentSink2/startIntent[android.view.View]
class fu.hao.trust.dvm.Executor$OP_RETURN_VOID - [DEBUG]: Return void
DalvikVM - [BB]: stack []
DalvikVM - [BB]: Back to the last stack frame.null
Executor - [MSG]: RUN DONE! The last one is startIntent
DalvikVM - [MSG]: FINISHED!

main - [MSG]: Analysis has run for 2.376370711 seconds

