main - [MSG]: Src Chain: []
main - [DEBUG]: Src Entry event: (de.ecspride.ApplicationLifecyle2, onCreate)
DalvikVM - [MSG]: Begin run onCreate at C:\Users\hao\workspace\DroidBenchProj\Lifecycle_ApplicationLifecycle2\app\ApplicationLifecycle2.apk
DalvikVM - [MSG]: RUN Method de.ecspride.ApplicationLifecyle2/onCreate[]
DalvikVM - [BB]: New method call: de.ecspride.ApplicationLifecyle2/onCreate[]
DalvikVM - [BB]: [0]<0 SPECIAL,ARGUMENT_SET,extra=[2]>
DalvikVM - [BB]: [1]<0 HALT,SUPER,extra=[null, [2]]>
DalvikVM - [BB]: [2]<1 MOV,CONST,dst=r1,type=java.lang.String,extra="phone">
DalvikVM - [BB]: [3]<0 HALT,VIRTUAL,extra=[null, [2, 1]]>
DalvikVM - [BB]: [4]<0 MOV,RESULT,dst=r0,type=java.lang.Object>
DalvikVM - [BB]: [5]<0 ARITHMETIC,CHECK-AND-CAST,dst=r0,type=android.telephony.TelephonyManager>
DalvikVM - [BB]: [6]<0 INVOKE,VIRTUAL,extra=[android.telephony.TelephonyManager/getDeviceId[], [0]]>
DalvikVM - [BB]: [7]<0 MOV,RESULT,dst=r1,type=java.lang.Object>
DalvikVM - [BB]: [8]<0 INSTANCE,IPUT,r0=r2,r1=r1,type=java.lang.Object,extra=de.ecspride.ApplicationLifecyle2.imei>
DalvikVM - [BB]: [9]<0 RETURN,VOID>
newStackFrame - [BB]: New Stack Frame: StackFrame de.ecspride.ApplicationLifecyle2/onCreate[]
newStackFrame - [BB]: Add frame StackFrame de.ecspride.ApplicationLifecyle2/onCreate[]
newStackFrame - [BB]: Stack: [StackFrame de.ecspride.ApplicationLifecyle2/onCreate[]]
Application - [BB]: New instance of de.ecspride.ApplicationLifecyle2
Caller@4: <init>@fu.hao.trust.dvm.DVMObject - [BB]: getClass de.ecspride.ApplicationLifecyle2 at fu.hao.trust.dvm.VMHeap@64521357
Caller: getClass@fu.hao.trust.dvm.VMHeap - [BB]: new class representation for de.ecspride.ApplicationLifecyle2 at fu.hao.trust.dvm.VMHeap@64521357
Caller@4: <init>@fu.hao.trust.dvm.DVMClass - [BB]: getClass android.app.Application at fu.hao.trust.dvm.VMHeap@64521357
Caller: getClass@fu.hao.trust.dvm.VMHeap - [BB]: new class representation for android.app.Application at fu.hao.trust.dvm.VMHeap@64521357
Caller@4: <init>@fu.hao.trust.dvm.DVMClass - [BB]: getClass fu.hao.trust.dvm.DVMObject at fu.hao.trust.dvm.VMHeap@64521357
Caller: getClass@fu.hao.trust.dvm.VMHeap - [BB]: new class representation for fu.hao.trust.dvm.DVMObject at fu.hao.trust.dvm.VMHeap@64521357
Caller: <init>@fu.hao.trust.dvm.DVMClass - [BB]: Get DVMClass for type fu.hao.trust.dvm.DVMObject
Caller@4: <init>@fu.hao.trust.dvm.DVMClass - [BB]: getClass fu.hao.trust.dvm.DVMObject at fu.hao.trust.dvm.VMHeap@64521357
Caller: <init>@fu.hao.trust.dvm.DVMClass - [BB]: Get DVMClass for type android.app.Application
Caller@4: <init>@fu.hao.trust.dvm.DVMClass - [BB]: getClass android.app.Application at fu.hao.trust.dvm.VMHeap@64521357
Caller: <init>@fu.hao.trust.dvm.DVMObject - [BB]: Get DVMClass for type de.ecspride.ApplicationLifecyle2
Caller@4: <init>@fu.hao.trust.dvm.DVMObject - [BB]: getClass de.ecspride.ApplicationLifecyle2 at fu.hao.trust.dvm.VMHeap@64521357
Application - [MSG]: Not empty constructor
DalvikVM - [BB]: New method call: de.ecspride.ApplicationLifecyle2/<init>[]
DalvikVM - [BB]: [0]<0 SPECIAL,ARGUMENT_SET,extra=[0]>
DalvikVM - [BB]: [1]<0 INVOKE,DIRECT,extra=[java.lang.Object/<init>[], [0]]>
DalvikVM - [BB]: [2]<0 RETURN,VOID>
DalvikVM - [WARN]: ar -2, (instance number 1@de.ecspride.ApplicationLifecyle2, de.ecspride.ApplicationLifecyle2)
newStackFrame - [BB]: New Stack Frame: StackFrame de.ecspride.ApplicationLifecyle2/<init>[], pc -1 stored. 
newStackFrame - [BB]: Stack: [StackFrame de.ecspride.ApplicationLifecyle2/onCreate[]]
DalvikVM - [MSG]: Begin run instrumented methods!
DalvikVM - [BB]: Add frames [StackFrame de.ecspride.ApplicationLifecyle2/<init>[]]
DalvikVM - [BB]: fu.hao.trust.dvm.DalvikVM -> runInstrumentedMethods set pc to 0
Executor - [MSG]: 

Executor - [MSG]: <0 SPECIAL,ARGUMENT_SET,extra=[0]> at de.ecspride.ApplicationLifecyle2/<init>[]
DalvikVM - [WARN]: ar 0, (instance number 1@de.ecspride.ApplicationLifecyle2, de.ecspride.ApplicationLifecyle2)
Executor - [DEBUG]: params: instance number 1@de.ecspride.ApplicationLifecyle2
DalvikVM - [BB]: fu.hao.trust.dvm.Executor$OP_SP_ARGUMENTS -> jump set pc to 1
PluginManager - [MSG]: TaintSumBranch Tainted Res: {}
Executor - [MSG]: 

Executor - [MSG]: <1 INVOKE,DIRECT,extra=[java.lang.Object/<init>[], [0]]> at de.ecspride.ApplicationLifecyle2/<init>[]
Executor - [MSG]: arg0 obj: instance number 1@de.ecspride.ApplicationLifecyle2
Executor - [MSG]: Replace the clazz.
Executor - [BB]: java.lang.Object/<init>[] is a constructor!
Executor - [WARN]: Reflection error: de.ecspride.ApplicationLifecyle2
DalvikVM - [BB]: fu.hao.trust.dvm.Executor -> jump set pc to 2
TaintSumBranch - [BB]: <java.lang.Object: void <init>()>
TaintSumBranch - [DEBUG]: Not a taint call: <java.lang.Object: void <init>()>
PluginManager - [MSG]: TaintSumBranch Tainted Res: {}
Executor - [MSG]: 

Executor - [MSG]: <2 RETURN,VOID> at de.ecspride.ApplicationLifecyle2/<init>[]
class fu.hao.trust.dvm.Executor$OP_RETURN_VOID - [DEBUG]: Return void
DalvikVM - [BB]: stack [StackFrame de.ecspride.ApplicationLifecyle2/onCreate[]]
DalvikVM - [BB]: Back to the last stack frame.StackFrame de.ecspride.ApplicationLifecyle2/onCreate[]
DalvikVM - [MSG]: Finish running instrumented methods! Back to StackFrame de.ecspride.ApplicationLifecyle2/onCreate[]
Executor - [MSG]: RUN BEGIN de.ecspride.ApplicationLifecyle2/onCreate[]
DalvikVM - [BB]: fu.hao.trust.dvm.Executor -> execute set pc to 0
Executor - [MSG]: 

Executor - [MSG]: <0 SPECIAL,ARGUMENT_SET,extra=[2]> at de.ecspride.ApplicationLifecyle2/onCreate[]
Executor - [WARN]: NULL CallingCtx!
DalvikVM - [WARN]: ar 2, (instance number 1@de.ecspride.ApplicationLifecyle2, de.ecspride.ApplicationLifecyle2)
Executor - [DEBUG]: args: instance number 1@de.ecspride.ApplicationLifecyle2
Executor - [BB]: Start param from 1
DalvikVM - [BB]: fu.hao.trust.dvm.Executor$OP_SP_ARGUMENTS -> jump set pc to 1
PluginManager - [MSG]: TaintSumBranch Tainted Res: {}
Executor - [MSG]: 

Executor - [MSG]: <1 HALT,SUPER,extra=[null, [2]]> at de.ecspride.ApplicationLifecyle2/onCreate[]
DalvikVM - [BB]: fu.hao.trust.dvm.Executor$OP_HALT -> jump set pc to 2
Executor - [MSG]: Cannot resolve the invocation
TaintSumBranch - [BB]: Not a taint op <1 HALT,SUPER,extra=[null, [2]]>
PluginManager - [MSG]: TaintSumBranch Tainted Res: {}
Executor - [MSG]: 

Executor - [MSG]: <2 MOV,CONST,dst=r1,type=java.lang.String,extra="phone"> at de.ecspride.ApplicationLifecyle2/onCreate[]
Executor - [DEBUG]: Mov const begin <2 MOV,CONST,dst=r1,type=java.lang.String,extra="phone">
DalvikVM - [WARN]: ar 1, (phone, java.lang.String)
Executor - [DEBUG]: data: phone class java.lang.String
DalvikVM - [BB]: fu.hao.trust.dvm.Executor$OP_MOV_CONST -> jump set pc to 3
PluginManager - [MSG]: TaintSumBranch Tainted Res: {}
Executor - [MSG]: 

Executor - [MSG]: <3 HALT,VIRTUAL,extra=[null, [2, 1]]> at de.ecspride.ApplicationLifecyle2/onCreate[]
DalvikVM - [BB]: fu.hao.trust.dvm.Executor$OP_HALT -> jump set pc to 4
Executor - [MSG]: Cannot resolve the invocation
TaintSumBranch - [BB]: Not a taint op <3 HALT,VIRTUAL,extra=[null, [2, 1]]>
PluginManager - [MSG]: TaintSumBranch Tainted Res: {}
Executor - [MSG]: 

Executor - [MSG]: <4 MOV,RESULT,dst=r0,type=java.lang.Object> at de.ecspride.ApplicationLifecyle2/onCreate[]
Unknown - [BB]: Unknown created!
DalvikVM - [WARN]: ar -1, ([Unknown var:null, type: java.lang.Object], java.lang.Object)
DalvikVM - [WARN]: ar 0, ([Unknown var:null, type: java.lang.Object], java.lang.Object)
OP_MOV_RESULT - [BB]: Result data: [Unknown var:null, type: java.lang.Object]
OP_MOV_RESULT - [DEBUG]: Result data: [Unknown var:null, type: java.lang.Object], type: java.lang.Object, to [reg 0@ApplicationLifecyle2/onCreate]
DalvikVM - [BB]: fu.hao.trust.dvm.Executor$OP_MOV_RESULT -> jump set pc to 5
PluginManager - [MSG]: TaintSumBranch Tainted Res: {}
Executor - [MSG]: 

Executor - [MSG]: <5 ARITHMETIC,CHECK-AND-CAST,dst=r0,type=android.telephony.TelephonyManager> at de.ecspride.ApplicationLifecyle2/onCreate[]
DalvikVM - [BB]: fu.hao.trust.dvm.Executor$OP_ARITHETIC -> jump set pc to 6
PluginManager - [MSG]: TaintSumBranch Tainted Res: {}
Executor - [MSG]: 

Executor - [MSG]: <6 INVOKE,VIRTUAL,extra=[android.telephony.TelephonyManager/getDeviceId[], [0]]> at de.ecspride.ApplicationLifecyle2/onCreate[]
Executor - [MSG]: arg0 obj: [Unknown var:null, type: java.lang.Object]
Executor - [DEBUG]: Reflction class: class android.telephony.TelephonyManager
DalvikVM - [WARN]: ar -1, (359874043116909, java.lang.String)
Executor - [DEBUG]: Return data: 359874043116909 ,class java.lang.String
Executor - [MSG]: Reflction invocation public java.lang.String android.telephony.TelephonyManager.getDeviceId()
DalvikVM - [BB]: Set reflective call: public java.lang.String android.telephony.TelephonyManager.getDeviceId()
DalvikVM - [BB]: fu.hao.trust.dvm.Executor -> jump set pc to 7
TaintSumBranch - [BB]: <android.telephony.TelephonyManager: java.lang.String getDeviceId()>
TaintSumBranch - [WARN]: Found a tainted return value!
PluginManager - [MSG]: TaintSumBranch Tainted Res: {[Global RetReg]=<6 INVOKE,VIRTUAL,extra=[android.telephony.TelephonyManager/getDeviceId[], [0]]>, 359874043116909=<6 INVOKE,VIRTUAL,extra=[android.telephony.TelephonyManager/getDeviceId[], [0]]>}
Executor - [MSG]: 

Executor - [MSG]: <7 MOV,RESULT,dst=r1,type=java.lang.Object> at de.ecspride.ApplicationLifecyle2/onCreate[]
DalvikVM - [WARN]: ar 1 (phone, java.lang.String), (359874043116909, java.lang.String)
OP_MOV_RESULT - [BB]: Result data: 359874043116909
OP_MOV_RESULT - [DEBUG]: Result data: 359874043116909, type: java.lang.String, to [reg 1@ApplicationLifecyle2/onCreate]
DalvikVM - [BB]: fu.hao.trust.dvm.Executor$OP_MOV_RESULT -> jump set pc to 8
TaintSumBranch - [BB]: <6 INVOKE,VIRTUAL,extra=[android.telephony.TelephonyManager/getDeviceId[], [0]]>
TaintSumBranch - [BB]: Add reg 1 due to ret reg.
PluginManager - [MSG]: TaintSumBranch Tainted Res: {[reg 1@ApplicationLifecyle2/onCreate]=<6 INVOKE,VIRTUAL,extra=[android.telephony.TelephonyManager/getDeviceId[], [0]]>, 359874043116909=<6 INVOKE,VIRTUAL,extra=[android.telephony.TelephonyManager/getDeviceId[], [0]]>}
Executor - [MSG]: 

Executor - [MSG]: <8 INSTANCE,IPUT,r0=r2,r1=r1,type=java.lang.Object,extra=de.ecspride.ApplicationLifecyle2.imei> at de.ecspride.ApplicationLifecyle2/onCreate[]
class fu.hao.trust.dvm.Executor$OP_INSTANCE_PUT_FIELD - [BB]: field de.ecspride.ApplicationLifecyle2.imei
class fu.hao.trust.dvm.Executor$OP_INSTANCE_PUT_FIELD - [BB]: Target obj instance number 1@de.ecspride.ApplicationLifecyle2
Application - [DEBUG]: put field 359874043116909
class fu.hao.trust.dvm.Executor$OP_INSTANCE_PUT_FIELD - [MSG]: Put data 359874043116909 to the field of instance number 1@de.ecspride.ApplicationLifecyle2
DalvikVM - [BB]: fu.hao.trust.dvm.Executor$OP_INSTANCE_PUT_FIELD -> jump set pc to 9
TaintSumBranch - [BB]: Add 359874043116909as tainted due to [reg 1@ApplicationLifecyle2/onCreate]
TaintSumBranch - [MSG]: has false
TaintSumBranch - [MSG]: Tfields: {}
Results - [MSG]: Set new tainted heap loc true
TaintSumBranch - [MSG]: New tainted heap loc: /imei
TaintSumBranch - [MSG]: {}
Results - [MSG]: New recorded tainted field: /imei
TaintSumBranch - [MSG]: has true
PluginManager - [MSG]: TaintSumBranch Tainted Res: {[reg 1@ApplicationLifecyle2/onCreate]=<6 INVOKE,VIRTUAL,extra=[android.telephony.TelephonyManager/getDeviceId[], [0]]>, 359874043116909=<6 INVOKE,VIRTUAL,extra=[android.telephony.TelephonyManager/getDeviceId[], [0]]>}
Executor - [MSG]: 

Executor - [MSG]: <9 RETURN,VOID> at de.ecspride.ApplicationLifecyle2/onCreate[]
class fu.hao.trust.dvm.Executor$OP_RETURN_VOID - [DEBUG]: Return void
DalvikVM - [BB]: stack []
DalvikVM - [BB]: Back to the last stack frame.null
Executor - [MSG]: RUN DONE! The last one is onCreate
Executor - [MSG]: newChain: [(de.ecspride.ApplicationLifecyle2, onCreate)]
Executor - [BB]: Add Event? (de.ecspride.ApplicationLifecyle2, onCreate)
Executor - [BB]: Add Event? (de.ecspride.ApplicationLifecyle2, onLowMemory)
Executor - [MSG]: Sink Event Add chain [(de.ecspride.ApplicationLifecyle2, onCreate), (lastStop, lastStop), (de.ecspride.ApplicationLifecyle2, onCreate), (de.ecspride.ApplicationLifecyle2, onLowMemory)]
DalvikVM - [MSG]: FINISHED!

main - [MSG]: hhas false
main - [DEBUG]: Generated Entry event: [(de.ecspride.ApplicationLifecyle2, onCreate), (lastStop, lastStop), (de.ecspride.ApplicationLifecyle2, onCreate), (de.ecspride.ApplicationLifecyle2, onLowMemory)]
DalvikVM - [MSG]: Begin run onCreate at C:\Users\hao\workspace\DroidBenchProj\Lifecycle_ApplicationLifecycle2\app\ApplicationLifecycle2.apk
DalvikVM - [MSG]: RUN Method de.ecspride.ApplicationLifecyle2/onCreate[]
DalvikVM - [BB]: New method call: de.ecspride.ApplicationLifecyle2/onCreate[]
DalvikVM - [BB]: [0]<0 SPECIAL,ARGUMENT_SET,extra=[2]>
DalvikVM - [BB]: [1]<0 HALT,SUPER,extra=[null, [2]]>
DalvikVM - [BB]: [2]<1 MOV,CONST,dst=r1,type=java.lang.String,extra="phone">
DalvikVM - [BB]: [3]<0 HALT,VIRTUAL,extra=[null, [2, 1]]>
DalvikVM - [BB]: [4]<0 MOV,RESULT,dst=r0,type=java.lang.Object>
DalvikVM - [BB]: [5]<0 ARITHMETIC,CHECK-AND-CAST,dst=r0,type=android.telephony.TelephonyManager>
DalvikVM - [BB]: [6]<0 INVOKE,VIRTUAL,extra=[android.telephony.TelephonyManager/getDeviceId[], [0]]>
DalvikVM - [BB]: [7]<0 MOV,RESULT,dst=r1,type=java.lang.Object>
DalvikVM - [BB]: [8]<0 INSTANCE,IPUT,r0=r2,r1=r1,type=java.lang.Object,extra=de.ecspride.ApplicationLifecyle2.imei>
DalvikVM - [BB]: [9]<0 RETURN,VOID>
newStackFrame - [BB]: New Stack Frame: StackFrame de.ecspride.ApplicationLifecyle2/onCreate[]
newStackFrame - [BB]: Add frame StackFrame de.ecspride.ApplicationLifecyle2/onCreate[]
newStackFrame - [BB]: Stack: [StackFrame de.ecspride.ApplicationLifecyle2/onCreate[]]
Application - [BB]: New instance of de.ecspride.ApplicationLifecyle2
Caller@4: <init>@fu.hao.trust.dvm.DVMObject - [BB]: getClass de.ecspride.ApplicationLifecyle2 at fu.hao.trust.dvm.VMHeap@25b7715d
Caller: getClass@fu.hao.trust.dvm.VMHeap - [BB]: new class representation for de.ecspride.ApplicationLifecyle2 at fu.hao.trust.dvm.VMHeap@25b7715d
Caller@4: <init>@fu.hao.trust.dvm.DVMClass - [BB]: getClass android.app.Application at fu.hao.trust.dvm.VMHeap@25b7715d
Caller: getClass@fu.hao.trust.dvm.VMHeap - [BB]: new class representation for android.app.Application at fu.hao.trust.dvm.VMHeap@25b7715d
Caller@4: <init>@fu.hao.trust.dvm.DVMClass - [BB]: getClass fu.hao.trust.dvm.DVMObject at fu.hao.trust.dvm.VMHeap@25b7715d
Caller: getClass@fu.hao.trust.dvm.VMHeap - [BB]: new class representation for fu.hao.trust.dvm.DVMObject at fu.hao.trust.dvm.VMHeap@25b7715d
Caller: <init>@fu.hao.trust.dvm.DVMClass - [BB]: Get DVMClass for type fu.hao.trust.dvm.DVMObject
Caller@4: <init>@fu.hao.trust.dvm.DVMClass - [BB]: getClass fu.hao.trust.dvm.DVMObject at fu.hao.trust.dvm.VMHeap@25b7715d
Caller: <init>@fu.hao.trust.dvm.DVMClass - [BB]: Get DVMClass for type android.app.Application
Caller@4: <init>@fu.hao.trust.dvm.DVMClass - [BB]: getClass android.app.Application at fu.hao.trust.dvm.VMHeap@25b7715d
Caller: <init>@fu.hao.trust.dvm.DVMObject - [BB]: Get DVMClass for type de.ecspride.ApplicationLifecyle2
Caller@4: <init>@fu.hao.trust.dvm.DVMObject - [BB]: getClass de.ecspride.ApplicationLifecyle2 at fu.hao.trust.dvm.VMHeap@25b7715d
Application - [MSG]: Not empty constructor
DalvikVM - [BB]: New method call: de.ecspride.ApplicationLifecyle2/<init>[]
DalvikVM - [BB]: [0]<0 SPECIAL,ARGUMENT_SET,extra=[0]>
DalvikVM - [BB]: [1]<0 INVOKE,DIRECT,extra=[java.lang.Object/<init>[], [0]]>
DalvikVM - [BB]: [2]<0 RETURN,VOID>
DalvikVM - [WARN]: ar -2, (instance number 1@de.ecspride.ApplicationLifecyle2, de.ecspride.ApplicationLifecyle2)
newStackFrame - [BB]: New Stack Frame: StackFrame de.ecspride.ApplicationLifecyle2/<init>[], pc -1 stored. 
newStackFrame - [BB]: Stack: [StackFrame de.ecspride.ApplicationLifecyle2/onCreate[]]
DalvikVM - [MSG]: Begin run instrumented methods!
DalvikVM - [BB]: Add frames [StackFrame de.ecspride.ApplicationLifecyle2/<init>[]]
DalvikVM - [BB]: fu.hao.trust.dvm.DalvikVM -> runInstrumentedMethods set pc to 0
Executor - [MSG]: 

Executor - [MSG]: <0 SPECIAL,ARGUMENT_SET,extra=[0]> at de.ecspride.ApplicationLifecyle2/<init>[]
DalvikVM - [WARN]: ar 0, (instance number 1@de.ecspride.ApplicationLifecyle2, de.ecspride.ApplicationLifecyle2)
Executor - [DEBUG]: params: instance number 1@de.ecspride.ApplicationLifecyle2
DalvikVM - [BB]: fu.hao.trust.dvm.Executor$OP_SP_ARGUMENTS -> jump set pc to 1
PluginManager - [MSG]: TaintSumBranch Tainted Res: {}
Executor - [MSG]: 

Executor - [MSG]: <1 INVOKE,DIRECT,extra=[java.lang.Object/<init>[], [0]]> at de.ecspride.ApplicationLifecyle2/<init>[]
Executor - [MSG]: arg0 obj: instance number 1@de.ecspride.ApplicationLifecyle2
Executor - [MSG]: Replace the clazz.
Executor - [BB]: java.lang.Object/<init>[] is a constructor!
Executor - [WARN]: Reflection error: de.ecspride.ApplicationLifecyle2
DalvikVM - [BB]: fu.hao.trust.dvm.Executor -> jump set pc to 2
TaintSumBranch - [BB]: <java.lang.Object: void <init>()>
TaintSumBranch - [DEBUG]: Not a taint call: <java.lang.Object: void <init>()>
PluginManager - [MSG]: TaintSumBranch Tainted Res: {}
Executor - [MSG]: 

Executor - [MSG]: <2 RETURN,VOID> at de.ecspride.ApplicationLifecyle2/<init>[]
class fu.hao.trust.dvm.Executor$OP_RETURN_VOID - [DEBUG]: Return void
DalvikVM - [BB]: stack [StackFrame de.ecspride.ApplicationLifecyle2/onCreate[]]
DalvikVM - [BB]: Back to the last stack frame.StackFrame de.ecspride.ApplicationLifecyle2/onCreate[]
DalvikVM - [MSG]: Finish running instrumented methods! Back to StackFrame de.ecspride.ApplicationLifecyle2/onCreate[]
Executor - [MSG]: RUN BEGIN de.ecspride.ApplicationLifecyle2/onCreate[]
DalvikVM - [BB]: fu.hao.trust.dvm.Executor -> execute set pc to 0
Executor - [MSG]: 

Executor - [MSG]: <0 SPECIAL,ARGUMENT_SET,extra=[2]> at de.ecspride.ApplicationLifecyle2/onCreate[]
Executor - [WARN]: NULL CallingCtx!
DalvikVM - [WARN]: ar 2, (instance number 1@de.ecspride.ApplicationLifecyle2, de.ecspride.ApplicationLifecyle2)
Executor - [DEBUG]: args: instance number 1@de.ecspride.ApplicationLifecyle2
Executor - [BB]: Start param from 1
DalvikVM - [BB]: fu.hao.trust.dvm.Executor$OP_SP_ARGUMENTS -> jump set pc to 1
PluginManager - [MSG]: TaintSumBranch Tainted Res: {}
Executor - [MSG]: 

Executor - [MSG]: <1 HALT,SUPER,extra=[null, [2]]> at de.ecspride.ApplicationLifecyle2/onCreate[]
DalvikVM - [BB]: fu.hao.trust.dvm.Executor$OP_HALT -> jump set pc to 2
Executor - [MSG]: Cannot resolve the invocation
TaintSumBranch - [BB]: Not a taint op <1 HALT,SUPER,extra=[null, [2]]>
PluginManager - [MSG]: TaintSumBranch Tainted Res: {}
Executor - [MSG]: 

Executor - [MSG]: <2 MOV,CONST,dst=r1,type=java.lang.String,extra="phone"> at de.ecspride.ApplicationLifecyle2/onCreate[]
Executor - [DEBUG]: Mov const begin <2 MOV,CONST,dst=r1,type=java.lang.String,extra="phone">
DalvikVM - [WARN]: ar 1, (phone, java.lang.String)
Executor - [DEBUG]: data: phone class java.lang.String
DalvikVM - [BB]: fu.hao.trust.dvm.Executor$OP_MOV_CONST -> jump set pc to 3
PluginManager - [MSG]: TaintSumBranch Tainted Res: {}
Executor - [MSG]: 

Executor - [MSG]: <3 HALT,VIRTUAL,extra=[null, [2, 1]]> at de.ecspride.ApplicationLifecyle2/onCreate[]
DalvikVM - [BB]: fu.hao.trust.dvm.Executor$OP_HALT -> jump set pc to 4
Executor - [MSG]: Cannot resolve the invocation
TaintSumBranch - [BB]: Not a taint op <3 HALT,VIRTUAL,extra=[null, [2, 1]]>
PluginManager - [MSG]: TaintSumBranch Tainted Res: {}
Executor - [MSG]: 

Executor - [MSG]: <4 MOV,RESULT,dst=r0,type=java.lang.Object> at de.ecspride.ApplicationLifecyle2/onCreate[]
Unknown - [BB]: Unknown created!
DalvikVM - [WARN]: ar -1, ([Unknown var:null, type: java.lang.Object], java.lang.Object)
DalvikVM - [WARN]: ar 0, ([Unknown var:null, type: java.lang.Object], java.lang.Object)
OP_MOV_RESULT - [BB]: Result data: [Unknown var:null, type: java.lang.Object]
OP_MOV_RESULT - [DEBUG]: Result data: [Unknown var:null, type: java.lang.Object], type: java.lang.Object, to [reg 0@ApplicationLifecyle2/onCreate]
DalvikVM - [BB]: fu.hao.trust.dvm.Executor$OP_MOV_RESULT -> jump set pc to 5
PluginManager - [MSG]: TaintSumBranch Tainted Res: {}
Executor - [MSG]: 

Executor - [MSG]: <5 ARITHMETIC,CHECK-AND-CAST,dst=r0,type=android.telephony.TelephonyManager> at de.ecspride.ApplicationLifecyle2/onCreate[]
DalvikVM - [BB]: fu.hao.trust.dvm.Executor$OP_ARITHETIC -> jump set pc to 6
PluginManager - [MSG]: TaintSumBranch Tainted Res: {}
Executor - [MSG]: 

Executor - [MSG]: <6 INVOKE,VIRTUAL,extra=[android.telephony.TelephonyManager/getDeviceId[], [0]]> at de.ecspride.ApplicationLifecyle2/onCreate[]
Executor - [MSG]: arg0 obj: [Unknown var:null, type: java.lang.Object]
Executor - [DEBUG]: Reflction class: class android.telephony.TelephonyManager
DalvikVM - [WARN]: ar -1, (359874043116909, java.lang.String)
Executor - [DEBUG]: Return data: 359874043116909 ,class java.lang.String
Executor - [MSG]: Reflction invocation public java.lang.String android.telephony.TelephonyManager.getDeviceId()
DalvikVM - [BB]: Set reflective call: public java.lang.String android.telephony.TelephonyManager.getDeviceId()
DalvikVM - [BB]: fu.hao.trust.dvm.Executor -> jump set pc to 7
TaintSumBranch - [BB]: <android.telephony.TelephonyManager: java.lang.String getDeviceId()>
TaintSumBranch - [WARN]: Found a tainted return value!
PluginManager - [MSG]: TaintSumBranch Tainted Res: {359874043116909=<6 INVOKE,VIRTUAL,extra=[android.telephony.TelephonyManager/getDeviceId[], [0]]>, [Global RetReg]=<6 INVOKE,VIRTUAL,extra=[android.telephony.TelephonyManager/getDeviceId[], [0]]>}
Executor - [MSG]: 

Executor - [MSG]: <7 MOV,RESULT,dst=r1,type=java.lang.Object> at de.ecspride.ApplicationLifecyle2/onCreate[]
DalvikVM - [WARN]: ar 1 (phone, java.lang.String), (359874043116909, java.lang.String)
OP_MOV_RESULT - [BB]: Result data: 359874043116909
OP_MOV_RESULT - [DEBUG]: Result data: 359874043116909, type: java.lang.String, to [reg 1@ApplicationLifecyle2/onCreate]
DalvikVM - [BB]: fu.hao.trust.dvm.Executor$OP_MOV_RESULT -> jump set pc to 8
TaintSumBranch - [BB]: <6 INVOKE,VIRTUAL,extra=[android.telephony.TelephonyManager/getDeviceId[], [0]]>
TaintSumBranch - [BB]: Add reg 1 due to ret reg.
PluginManager - [MSG]: TaintSumBranch Tainted Res: {[reg 1@ApplicationLifecyle2/onCreate]=<6 INVOKE,VIRTUAL,extra=[android.telephony.TelephonyManager/getDeviceId[], [0]]>, 359874043116909=<6 INVOKE,VIRTUAL,extra=[android.telephony.TelephonyManager/getDeviceId[], [0]]>}
Executor - [MSG]: 

Executor - [MSG]: <8 INSTANCE,IPUT,r0=r2,r1=r1,type=java.lang.Object,extra=de.ecspride.ApplicationLifecyle2.imei> at de.ecspride.ApplicationLifecyle2/onCreate[]
class fu.hao.trust.dvm.Executor$OP_INSTANCE_PUT_FIELD - [BB]: field de.ecspride.ApplicationLifecyle2.imei
class fu.hao.trust.dvm.Executor$OP_INSTANCE_PUT_FIELD - [BB]: Target obj instance number 1@de.ecspride.ApplicationLifecyle2
Application - [DEBUG]: put field 359874043116909
class fu.hao.trust.dvm.Executor$OP_INSTANCE_PUT_FIELD - [MSG]: Put data 359874043116909 to the field of instance number 1@de.ecspride.ApplicationLifecyle2
DalvikVM - [BB]: fu.hao.trust.dvm.Executor$OP_INSTANCE_PUT_FIELD -> jump set pc to 9
TaintSumBranch - [BB]: Add 359874043116909as tainted due to [reg 1@ApplicationLifecyle2/onCreate]
TaintSumBranch - [MSG]: has false
TaintSumBranch - [MSG]: Tfields: {}
Results - [MSG]: New recorded tainted field: /imei
TaintSumBranch - [MSG]: has false
PluginManager - [MSG]: TaintSumBranch Tainted Res: {359874043116909=<6 INVOKE,VIRTUAL,extra=[android.telephony.TelephonyManager/getDeviceId[], [0]]>, [reg 1@ApplicationLifecyle2/onCreate]=<6 INVOKE,VIRTUAL,extra=[android.telephony.TelephonyManager/getDeviceId[], [0]]>}
Executor - [MSG]: 

Executor - [MSG]: <9 RETURN,VOID> at de.ecspride.ApplicationLifecyle2/onCreate[]
class fu.hao.trust.dvm.Executor$OP_RETURN_VOID - [DEBUG]: Return void
DalvikVM - [BB]: stack []
DalvikVM - [BB]: Back to the last stack frame.null
Executor - [MSG]: EventMethod: lastStop
Executor - [MSG]: EventMethod: onCreate
Executor - [WARN]: Do not have current activity!
DalvikVM - [BB]: New method call: de.ecspride.ApplicationLifecyle2/onCreate[]
DalvikVM - [BB]: [0]<0 SPECIAL,ARGUMENT_SET,extra=[2]>
DalvikVM - [BB]: [1]<1 HALT,SUPER,extra=[null, [2]]>
DalvikVM - [BB]: [2]<2 MOV,CONST,dst=r1,type=java.lang.String,extra="phone">
DalvikVM - [BB]: [3]<3 HALT,VIRTUAL,extra=[null, [2, 1]]>
DalvikVM - [BB]: [4]<4 MOV,RESULT,dst=r0,type=java.lang.Object>
DalvikVM - [BB]: [5]<5 ARITHMETIC,CHECK-AND-CAST,dst=r0,type=android.telephony.TelephonyManager>
DalvikVM - [BB]: [6]<6 INVOKE,VIRTUAL,extra=[android.telephony.TelephonyManager/getDeviceId[], [0]]>
DalvikVM - [BB]: [7]<7 MOV,RESULT,dst=r1,type=java.lang.Object>
DalvikVM - [BB]: [8]<8 INSTANCE,IPUT,r0=r2,r1=r1,type=java.lang.Object,extra=de.ecspride.ApplicationLifecyle2.imei>
DalvikVM - [BB]: [9]<9 RETURN,VOID>
DalvikVM - [WARN]: ar -2, (instance number 1@de.ecspride.ApplicationLifecyle2, de.ecspride.ApplicationLifecyle2)
newStackFrame - [BB]: New Stack Frame: StackFrame de.ecspride.ApplicationLifecyle2/onCreate[]
newStackFrame - [BB]: Add frame StackFrame de.ecspride.ApplicationLifecyle2/onCreate[]
newStackFrame - [BB]: Stack: [StackFrame de.ecspride.ApplicationLifecyle2/onCreate[]]
DalvikVM - [BB]: fu.hao.trust.dvm.Executor -> execute set pc to 0
Executor - [MSG]: 

Executor - [MSG]: <0 SPECIAL,ARGUMENT_SET,extra=[2]> at de.ecspride.ApplicationLifecyle2/onCreate[]
DalvikVM - [WARN]: ar 2, (instance number 1@de.ecspride.ApplicationLifecyle2, de.ecspride.ApplicationLifecyle2)
Executor - [DEBUG]: params: instance number 1@de.ecspride.ApplicationLifecyle2
DalvikVM - [BB]: fu.hao.trust.dvm.Executor$OP_SP_ARGUMENTS -> jump set pc to 1
TaintSumBranch - [BB]: Copy 359874043116909 as tainted.
PluginManager - [MSG]: TaintSumBranch Tainted Res: {359874043116909=<6 INVOKE,VIRTUAL,extra=[android.telephony.TelephonyManager/getDeviceId[], [0]]>}
Executor - [MSG]: 

Executor - [MSG]: <1 HALT,SUPER,extra=[null, [2]]> at de.ecspride.ApplicationLifecyle2/onCreate[]
DalvikVM - [BB]: fu.hao.trust.dvm.Executor$OP_HALT -> jump set pc to 2
Executor - [MSG]: Cannot resolve the invocation
TaintSumBranch - [BB]: Not a taint op <1 HALT,SUPER,extra=[null, [2]]>
PluginManager - [MSG]: TaintSumBranch Tainted Res: {359874043116909=<6 INVOKE,VIRTUAL,extra=[android.telephony.TelephonyManager/getDeviceId[], [0]]>}
Executor - [MSG]: 

Executor - [MSG]: <2 MOV,CONST,dst=r1,type=java.lang.String,extra="phone"> at de.ecspride.ApplicationLifecyle2/onCreate[]
Executor - [DEBUG]: Mov const begin <2 MOV,CONST,dst=r1,type=java.lang.String,extra="phone">
DalvikVM - [WARN]: ar 1, (phone, java.lang.String)
Executor - [DEBUG]: data: phone class java.lang.String
DalvikVM - [BB]: fu.hao.trust.dvm.Executor$OP_MOV_CONST -> jump set pc to 3
PluginManager - [MSG]: TaintSumBranch Tainted Res: {359874043116909=<6 INVOKE,VIRTUAL,extra=[android.telephony.TelephonyManager/getDeviceId[], [0]]>}
Executor - [MSG]: 

Executor - [MSG]: <3 HALT,VIRTUAL,extra=[null, [2, 1]]> at de.ecspride.ApplicationLifecyle2/onCreate[]
DalvikVM - [BB]: fu.hao.trust.dvm.Executor$OP_HALT -> jump set pc to 4
Executor - [MSG]: Cannot resolve the invocation
TaintSumBranch - [BB]: Not a taint op <3 HALT,VIRTUAL,extra=[null, [2, 1]]>
PluginManager - [MSG]: TaintSumBranch Tainted Res: {359874043116909=<6 INVOKE,VIRTUAL,extra=[android.telephony.TelephonyManager/getDeviceId[], [0]]>}
Executor - [MSG]: 

Executor - [MSG]: <4 MOV,RESULT,dst=r0,type=java.lang.Object> at de.ecspride.ApplicationLifecyle2/onCreate[]
Unknown - [BB]: Unknown created!
DalvikVM - [WARN]: ar -1, ([Unknown var:null, type: java.lang.Object], java.lang.Object)
DalvikVM - [WARN]: ar 0, ([Unknown var:null, type: java.lang.Object], java.lang.Object)
OP_MOV_RESULT - [BB]: Result data: [Unknown var:null, type: java.lang.Object]
OP_MOV_RESULT - [DEBUG]: Result data: [Unknown var:null, type: java.lang.Object], type: java.lang.Object, to [reg 0@ApplicationLifecyle2/onCreate]
DalvikVM - [BB]: fu.hao.trust.dvm.Executor$OP_MOV_RESULT -> jump set pc to 5
PluginManager - [MSG]: TaintSumBranch Tainted Res: {359874043116909=<6 INVOKE,VIRTUAL,extra=[android.telephony.TelephonyManager/getDeviceId[], [0]]>}
Executor - [MSG]: 

Executor - [MSG]: <5 ARITHMETIC,CHECK-AND-CAST,dst=r0,type=android.telephony.TelephonyManager> at de.ecspride.ApplicationLifecyle2/onCreate[]
DalvikVM - [BB]: fu.hao.trust.dvm.Executor$OP_ARITHETIC -> jump set pc to 6
PluginManager - [MSG]: TaintSumBranch Tainted Res: {359874043116909=<6 INVOKE,VIRTUAL,extra=[android.telephony.TelephonyManager/getDeviceId[], [0]]>}
Executor - [MSG]: 

Executor - [MSG]: <6 INVOKE,VIRTUAL,extra=[android.telephony.TelephonyManager/getDeviceId[], [0]]> at de.ecspride.ApplicationLifecyle2/onCreate[]
Executor - [MSG]: arg0 obj: [Unknown var:null, type: java.lang.Object]
Executor - [DEBUG]: Reflction class: class android.telephony.TelephonyManager
DalvikVM - [WARN]: ar -1, (359874043116909, java.lang.String)
Executor - [DEBUG]: Return data: 359874043116909 ,class java.lang.String
Executor - [MSG]: Reflction invocation public java.lang.String android.telephony.TelephonyManager.getDeviceId()
DalvikVM - [BB]: Set reflective call: public java.lang.String android.telephony.TelephonyManager.getDeviceId()
DalvikVM - [BB]: fu.hao.trust.dvm.Executor -> jump set pc to 7
TaintSumBranch - [BB]: <android.telephony.TelephonyManager: java.lang.String getDeviceId()>
TaintSumBranch - [WARN]: Found a tainted return value!
PluginManager - [MSG]: TaintSumBranch Tainted Res: {359874043116909=<6 INVOKE,VIRTUAL,extra=[android.telephony.TelephonyManager/getDeviceId[], [0]]>, [Global RetReg]=<6 INVOKE,VIRTUAL,extra=[android.telephony.TelephonyManager/getDeviceId[], [0]]>}
Executor - [MSG]: 

Executor - [MSG]: <7 MOV,RESULT,dst=r1,type=java.lang.Object> at de.ecspride.ApplicationLifecyle2/onCreate[]
DalvikVM - [WARN]: ar 1 (phone, java.lang.String), (359874043116909, java.lang.String)
OP_MOV_RESULT - [BB]: Result data: 359874043116909
OP_MOV_RESULT - [DEBUG]: Result data: 359874043116909, type: java.lang.String, to [reg 1@ApplicationLifecyle2/onCreate]
DalvikVM - [BB]: fu.hao.trust.dvm.Executor$OP_MOV_RESULT -> jump set pc to 8
TaintSumBranch - [BB]: <6 INVOKE,VIRTUAL,extra=[android.telephony.TelephonyManager/getDeviceId[], [0]]>
TaintSumBranch - [BB]: Add reg 1 due to ret reg.
PluginManager - [MSG]: TaintSumBranch Tainted Res: {359874043116909=<6 INVOKE,VIRTUAL,extra=[android.telephony.TelephonyManager/getDeviceId[], [0]]>, [reg 1@ApplicationLifecyle2/onCreate]=<6 INVOKE,VIRTUAL,extra=[android.telephony.TelephonyManager/getDeviceId[], [0]]>}
Executor - [MSG]: 

Executor - [MSG]: <8 INSTANCE,IPUT,r0=r2,r1=r1,type=java.lang.Object,extra=de.ecspride.ApplicationLifecyle2.imei> at de.ecspride.ApplicationLifecyle2/onCreate[]
class fu.hao.trust.dvm.Executor$OP_INSTANCE_PUT_FIELD - [BB]: field de.ecspride.ApplicationLifecyle2.imei
class fu.hao.trust.dvm.Executor$OP_INSTANCE_PUT_FIELD - [BB]: Target obj instance number 1@de.ecspride.ApplicationLifecyle2
Application - [DEBUG]: put field 359874043116909
class fu.hao.trust.dvm.Executor$OP_INSTANCE_PUT_FIELD - [MSG]: Put data 359874043116909 to the field of instance number 1@de.ecspride.ApplicationLifecyle2
DalvikVM - [BB]: fu.hao.trust.dvm.Executor$OP_INSTANCE_PUT_FIELD -> jump set pc to 9
TaintSumBranch - [BB]: Add 359874043116909as tainted due to [reg 1@ApplicationLifecyle2/onCreate]
TaintSumBranch - [MSG]: has false
TaintSumBranch - [MSG]: Tfields: {/imei=(359874043116909, <6 INVOKE,VIRTUAL,extra=[android.telephony.TelephonyManager/getDeviceId[], [0]]>)}
Results - [MSG]: New recorded tainted field: /imei
TaintSumBranch - [MSG]: has false
PluginManager - [MSG]: TaintSumBranch Tainted Res: {359874043116909=<6 INVOKE,VIRTUAL,extra=[android.telephony.TelephonyManager/getDeviceId[], [0]]>, [reg 1@ApplicationLifecyle2/onCreate]=<6 INVOKE,VIRTUAL,extra=[android.telephony.TelephonyManager/getDeviceId[], [0]]>}
Executor - [MSG]: 

Executor - [MSG]: <9 RETURN,VOID> at de.ecspride.ApplicationLifecyle2/onCreate[]
class fu.hao.trust.dvm.Executor$OP_RETURN_VOID - [DEBUG]: Return void
DalvikVM - [BB]: stack []
DalvikVM - [BB]: Back to the last stack frame.null
Executor - [MSG]: EventMethod: onLowMemory
Executor - [WARN]: Do not have current activity!
DalvikVM - [BB]: New method call: de.ecspride.ApplicationLifecyle2/onLowMemory[]
DalvikVM - [BB]: [0]<0 SPECIAL,ARGUMENT_SET,extra=[6]>
DalvikVM - [BB]: [1]<0 MOV,CONST,dst=r2,type=void,extra=class patdroid.core.PrimitiveInfo?0>
DalvikVM - [BB]: [2]<0 INVOKE,STATIC,extra=[android.telephony.SmsManager/getDefault[], []]>
DalvikVM - [BB]: [3]<0 MOV,RESULT,dst=r0,type=java.lang.Object>
DalvikVM - [BB]: [4]<3 MOV,CONST,dst=r1,type=java.lang.String,extra="+49 1234">
DalvikVM - [BB]: [5]<0 INSTANCE,IGET,r0=r6,r1=r3,type=java.lang.Object,extra=de.ecspride.ApplicationLifecyle2.imei>
DalvikVM - [BB]: [6]<0 MOV,REG,dst=r4,r0=r2,type=java.lang.Object>
DalvikVM - [BB]: [7]<0 MOV,REG,dst=r5,r0=r2,type=java.lang.Object>
DalvikVM - [BB]: [8]<0 INVOKE,VIRTUAL,extra=[android.telephony.SmsManager/sendTextMessage[java.lang.String, java.lang.String, java.lang.String, android.app.PendingIntent, android.app.PendingIntent], [0, 1, 2, 3, 4, 5]]>
DalvikVM - [BB]: [9]<0 RETURN,VOID>
DalvikVM - [WARN]: ar -2, (instance number 1@de.ecspride.ApplicationLifecyle2, de.ecspride.ApplicationLifecyle2)
newStackFrame - [BB]: New Stack Frame: StackFrame de.ecspride.ApplicationLifecyle2/onLowMemory[]
newStackFrame - [BB]: Add frame StackFrame de.ecspride.ApplicationLifecyle2/onLowMemory[]
newStackFrame - [BB]: Stack: [StackFrame de.ecspride.ApplicationLifecyle2/onLowMemory[]]
DalvikVM - [BB]: fu.hao.trust.dvm.Executor -> execute set pc to 0
Executor - [MSG]: 

Executor - [MSG]: <0 SPECIAL,ARGUMENT_SET,extra=[6]> at de.ecspride.ApplicationLifecyle2/onLowMemory[]
DalvikVM - [WARN]: ar 6, (instance number 1@de.ecspride.ApplicationLifecyle2, de.ecspride.ApplicationLifecyle2)
Executor - [DEBUG]: params: instance number 1@de.ecspride.ApplicationLifecyle2
DalvikVM - [BB]: fu.hao.trust.dvm.Executor$OP_SP_ARGUMENTS -> jump set pc to 1
TaintSumBranch - [BB]: Copy 359874043116909 as tainted.
PluginManager - [MSG]: TaintSumBranch Tainted Res: {359874043116909=<6 INVOKE,VIRTUAL,extra=[android.telephony.TelephonyManager/getDeviceId[], [0]]>}
Executor - [MSG]: 

Executor - [MSG]: <1 MOV,CONST,dst=r2,type=void,extra=class patdroid.core.PrimitiveInfo?0> at de.ecspride.ApplicationLifecyle2/onLowMemory[]
Executor - [DEBUG]: Mov const begin <1 MOV,CONST,dst=r2,type=void,extra=class patdroid.core.PrimitiveInfo?0>
DalvikVM - [WARN]: ar 2, (0, void)
Executor - [DEBUG]: data: 0 class patdroid.core.PrimitiveInfo
DalvikVM - [BB]: fu.hao.trust.dvm.Executor$OP_MOV_CONST -> jump set pc to 2
PluginManager - [MSG]: TaintSumBranch Tainted Res: {359874043116909=<6 INVOKE,VIRTUAL,extra=[android.telephony.TelephonyManager/getDeviceId[], [0]]>}
Executor - [MSG]: 

Executor - [MSG]: <2 INVOKE,STATIC,extra=[android.telephony.SmsManager/getDefault[], []]> at de.ecspride.ApplicationLifecyle2/onLowMemory[]
Executor - [DEBUG]: Reflction class android.telephony.SmsManager
DalvikVM - [WARN]: ar -1, (android.telephony.SmsManager@2767237, android.telephony.SmsManager)
Executor - [MSG]: reflction invocation public static android.telephony.SmsManager android.telephony.SmsManager.getDefault()
DalvikVM - [BB]: Set reflective call: public static android.telephony.SmsManager android.telephony.SmsManager.getDefault()
DalvikVM - [BB]: fu.hao.trust.dvm.Executor$OP_INVOKE_STATIC -> jump set pc to 3
TaintSumBranch - [BB]: <android.telephony.SmsManager: android.telephony.SmsManager getDefault()>
TaintSumBranch - [DEBUG]: Not a taint call: <android.telephony.SmsManager: android.telephony.SmsManager getDefault()>
PluginManager - [MSG]: TaintSumBranch Tainted Res: {359874043116909=<6 INVOKE,VIRTUAL,extra=[android.telephony.TelephonyManager/getDeviceId[], [0]]>}
Executor - [MSG]: 

Executor - [MSG]: <3 MOV,RESULT,dst=r0,type=java.lang.Object> at de.ecspride.ApplicationLifecyle2/onLowMemory[]
DalvikVM - [WARN]: ar 0, (android.telephony.SmsManager@2767237, android.telephony.SmsManager)
OP_MOV_RESULT - [BB]: Result data: android.telephony.SmsManager@2767237
OP_MOV_RESULT - [DEBUG]: Result data: android.telephony.SmsManager@2767237, type: android.telephony.SmsManager, to [reg 0@ApplicationLifecyle2/onLowMemory]
DalvikVM - [BB]: fu.hao.trust.dvm.Executor$OP_MOV_RESULT -> jump set pc to 4
PluginManager - [MSG]: TaintSumBranch Tainted Res: {359874043116909=<6 INVOKE,VIRTUAL,extra=[android.telephony.TelephonyManager/getDeviceId[], [0]]>}
Executor - [MSG]: 

Executor - [MSG]: <4 MOV,CONST,dst=r1,type=java.lang.String,extra="+49 1234"> at de.ecspride.ApplicationLifecyle2/onLowMemory[]
Executor - [DEBUG]: Mov const begin <4 MOV,CONST,dst=r1,type=java.lang.String,extra="+49 1234">
DalvikVM - [WARN]: ar 1, (+49 1234, java.lang.String)
Executor - [DEBUG]: data: +49 1234 class java.lang.String
DalvikVM - [BB]: fu.hao.trust.dvm.Executor$OP_MOV_CONST -> jump set pc to 5
PluginManager - [MSG]: TaintSumBranch Tainted Res: {359874043116909=<6 INVOKE,VIRTUAL,extra=[android.telephony.TelephonyManager/getDeviceId[], [0]]>}
Executor - [MSG]: 

Executor - [MSG]: <5 INSTANCE,IGET,r0=r6,r1=r3,type=java.lang.Object,extra=de.ecspride.ApplicationLifecyle2.imei> at de.ecspride.ApplicationLifecyle2/onLowMemory[]
class fu.hao.trust.dvm.Executor$OP_INSTANCE_GET_FIELD - [BB]: Obj instance number 1@de.ecspride.ApplicationLifecyle2
class fu.hao.trust.dvm.Executor$OP_INSTANCE_GET_FIELD - [BB]: Fieldinfo de.ecspride.ApplicationLifecyle2.imei
DalvikVM - [WARN]: ar 3, (359874043116909, java.lang.String)
class fu.hao.trust.dvm.Executor$OP_INSTANCE_GET_FIELD - [DEBUG]: Get data: 359874043116909
DalvikVM - [BB]: fu.hao.trust.dvm.Executor$OP_INSTANCE_GET_FIELD -> jump set pc to 6
TaintSumBranch - [BB]: Add [reg 3@ApplicationLifecyle2/onLowMemory] as tainted due to field 359874043116909
PluginManager - [MSG]: TaintSumBranch Tainted Res: {359874043116909=<6 INVOKE,VIRTUAL,extra=[android.telephony.TelephonyManager/getDeviceId[], [0]]>, [reg 3@ApplicationLifecyle2/onLowMemory]=<6 INVOKE,VIRTUAL,extra=[android.telephony.TelephonyManager/getDeviceId[], [0]]>}
Executor - [MSG]: 

Executor - [MSG]: <6 MOV,REG,dst=r4,r0=r2,type=java.lang.Object> at de.ecspride.ApplicationLifecyle2/onLowMemory[]
DalvikVM - [WARN]: ar 4, (0, void)
class fu.hao.trust.dvm.Executor$OP_MOVE_REG - [DEBUG]: mov 0 to 0
DalvikVM - [BB]: fu.hao.trust.dvm.Executor$OP_MOVE_REG -> jump set pc to 7
PluginManager - [MSG]: TaintSumBranch Tainted Res: {359874043116909=<6 INVOKE,VIRTUAL,extra=[android.telephony.TelephonyManager/getDeviceId[], [0]]>, [reg 3@ApplicationLifecyle2/onLowMemory]=<6 INVOKE,VIRTUAL,extra=[android.telephony.TelephonyManager/getDeviceId[], [0]]>}
Executor - [MSG]: 

Executor - [MSG]: <7 MOV,REG,dst=r5,r0=r2,type=java.lang.Object> at de.ecspride.ApplicationLifecyle2/onLowMemory[]
DalvikVM - [WARN]: ar 5, (0, void)
class fu.hao.trust.dvm.Executor$OP_MOVE_REG - [DEBUG]: mov 0 to 0
DalvikVM - [BB]: fu.hao.trust.dvm.Executor$OP_MOVE_REG -> jump set pc to 8
PluginManager - [MSG]: TaintSumBranch Tainted Res: {359874043116909=<6 INVOKE,VIRTUAL,extra=[android.telephony.TelephonyManager/getDeviceId[], [0]]>, [reg 3@ApplicationLifecyle2/onLowMemory]=<6 INVOKE,VIRTUAL,extra=[android.telephony.TelephonyManager/getDeviceId[], [0]]>}
Executor - [MSG]: 

Executor - [MSG]: <8 INVOKE,VIRTUAL,extra=[android.telephony.SmsManager/sendTextMessage[java.lang.String, java.lang.String, java.lang.String, android.app.PendingIntent, android.app.PendingIntent], [0, 1, 2, 3, 4, 5]]> at de.ecspride.ApplicationLifecyle2/onLowMemory[]
Executor - [MSG]: arg0 obj: android.telephony.SmsManager@2767237
Executor - [DEBUG]: Reflction class: class android.telephony.SmsManager
Executor - [BB]: Normal args? true
Executor - [BB]: arg1@reg1: +49 1234
Executor - [BB]: arg2@reg2: 0
Executor - [WARN]: Mismatch type! arg 2, real para type: class patdroid.core.PrimitiveInfo, expected para type: class java.lang.String
Executor - [BB]: arg3@reg3: 359874043116909
Executor - [BB]: arg4@reg4: 0
Executor - [WARN]: Mismatch type! arg 4, real para type: class patdroid.core.PrimitiveInfo, expected para type: class android.app.PendingIntent
Executor - [BB]: arg5@reg5: 0
Executor - [WARN]: Mismatch type! arg 5, real para type: class patdroid.core.PrimitiveInfo, expected para type: class android.app.PendingIntent
Executor - [BB]: Nargs? true
Executor - [DEBUG]: Caller obj: android.telephony.SmsManager@2767237, from class: class android.telephony.SmsManager
DalvikVM - [WARN]: ar -1, (null, void)
Executor - [MSG]: Reflction invocation public void android.telephony.SmsManager.sendTextMessage(java.lang.String,java.lang.String,java.lang.String,android.app.PendingIntent,android.app.PendingIntent)
DalvikVM - [BB]: Set reflective call: public void android.telephony.SmsManager.sendTextMessage(java.lang.String,java.lang.String,java.lang.String,android.app.PendingIntent,android.app.PendingIntent)
DalvikVM - [BB]: fu.hao.trust.dvm.Executor -> jump set pc to 9
TaintSumBranch - [BB]: <android.telephony.SmsManager: void sendTextMessage(java.lang.String,java.lang.String,java.lang.String,android.app.PendingIntent,android.app.PendingIntent)>
TaintSumBranch - [WARN]: Found a tainted return val!
Results - [MSG]: New recorded tainted field: sendTextMessage
TaintSumBranch - [BB]: Found a sink invocation. <android.telephony.SmsManager: void sendTextMessage(java.lang.String,java.lang.String,java.lang.String,android.app.PendingIntent,android.app.PendingIntent)>
TaintSumBranch - [WARN]: Found a tainted sink <android.telephony.SmsManager: void sendTextMessage(java.lang.String,java.lang.String,java.lang.String,android.app.PendingIntent,android.app.PendingIntent)> leaking data [359874043116909] at reg 3!!!
PluginManager - [MSG]: TaintSumBranch Tainted Res: {359874043116909=<6 INVOKE,VIRTUAL,extra=[android.telephony.TelephonyManager/getDeviceId[], [0]]>, [reg 3@ApplicationLifecyle2/onLowMemory]=<6 INVOKE,VIRTUAL,extra=[android.telephony.TelephonyManager/getDeviceId[], [0]]>, [Global RetReg]=<6 INVOKE,VIRTUAL,extra=[android.telephony.TelephonyManager/getDeviceId[], [0]]>}
Executor - [MSG]: 

Executor - [MSG]: <9 RETURN,VOID> at de.ecspride.ApplicationLifecyle2/onLowMemory[]
class fu.hao.trust.dvm.Executor$OP_RETURN_VOID - [DEBUG]: Return void
DalvikVM - [BB]: stack []
DalvikVM - [BB]: Back to the last stack frame.null
Executor - [MSG]: RUN DONE! The last one is onLowMemory
DalvikVM - [MSG]: FINISHED!

main - [MSG]: output/ApplicationLifecycle2.apk\ApplicationLifecycle2.apk_SrcTaintedFields.csv
main - [MSG]: Analysis has run for 3.418301016 seconds

