DalvikVM - [MSG]: Begin run onReceive at C:\Users\hao\workspace\DroidBenchProj\BroadcastReceiverLifecycle2\app\BroadcastReceiverLifecycle2.apk
DalvikVM - [MSG]: RUN Method de.ecspride.MainActivity$MyReceiver/onReceive[android.content.Context, android.content.Intent]
Executor - [BB]: onCreates 1
Executor - [DEBUG]: Read manifest csv: output/BroadcastReceiverLifecycle2.apk\BroadcastReceiverLifecycle2.apk_manifest.csv
Executor - [WARN]: output\BroadcastReceiverLifecycle2.apk\BroadcastReceiverLifecycle2.apk_manifest.csv (The system cannot find the file specified)
DalvikVM - [BB]: New method call: de.ecspride.MainActivity/onCreate[android.os.Bundle]
DalvikVM - [BB]: [0]<0 SPECIAL,ARGUMENT_SET,extra=[5, 6]>
DalvikVM - [BB]: [1]<0 HALT,SUPER,extra=[null, [5, 6]]>
DalvikVM - [BB]: [2]<1 MOV,CONST,dst=r3,type=void,extra=class patdroid.core.PrimitiveInfo?2130903040>
DalvikVM - [BB]: [3]<0 INVOKE,VIRTUAL,extra=[android.app.Activity/setContentView[int], [5, 3]]>
DalvikVM - [BB]: [4]<0 INVOKE,VIRTUAL,extra=[android.content.Context/getApplicationContext[], [5]]>
DalvikVM - [BB]: [5]<0 MOV,RESULT,dst=r3,type=java.lang.Object>
DalvikVM - [BB]: [6]<5 MOV,CONST,dst=r4,type=java.lang.String,extra="phone">
DalvikVM - [BB]: [7]<0 INVOKE,VIRTUAL,extra=[android.content.Context/getSystemService[java.lang.String], [3, 4]]>
DalvikVM - [BB]: [8]<0 MOV,RESULT,dst=r3,type=java.lang.Object>
DalvikVM - [BB]: [9]<0 ARITHMETIC,CHECK-AND-CAST,dst=r3,type=android.telephony.TelephonyManager>
DalvikVM - [BB]: [10]<0 INVOKE,VIRTUAL,extra=[android.telephony.TelephonyManager/getDeviceId[], [3]]>
DalvikVM - [BB]: [11]<0 MOV,RESULT,dst=r1,type=java.lang.Object>
DalvikVM - [BB]: [12]<0 NEW,INSTANCE,dst=r0,type=android.content.IntentFilter>
DalvikVM - [BB]: [13]<0 INVOKE,DIRECT,extra=[android.content.IntentFilter/<init>[], [0]]>
DalvikVM - [BB]: [14]<13 MOV,CONST,dst=r3,type=java.lang.String,extra="de.ecspride.MyAction">
DalvikVM - [BB]: [15]<0 INVOKE,VIRTUAL,extra=[android.content.IntentFilter/addAction[java.lang.String], [0, 3]]>
DalvikVM - [BB]: [16]<0 NEW,INSTANCE,dst=r3,type=de.ecspride.MainActivity$MyReceiver>
DalvikVM - [BB]: [17]<0 INVOKE,DIRECT,extra=[de.ecspride.MainActivity$MyReceiver/<init>[de.ecspride.MainActivity, java.lang.String], [3, 5, 1]]>
DalvikVM - [BB]: [18]<0 INVOKE,VIRTUAL,extra=[android.content.ContextWrapper/registerReceiver[android.content.BroadcastReceiver, android.content.IntentFilter], [5, 3, 0]]>
DalvikVM - [BB]: [19]<0 NEW,INSTANCE,dst=r2,type=android.content.Intent>
DalvikVM - [BB]: [20]<0 INVOKE,DIRECT,extra=[android.content.Intent/<init>[], [2]]>
DalvikVM - [BB]: [21]<20 MOV,CONST,dst=r3,type=java.lang.String,extra="de.ecspride.MyAction">
DalvikVM - [BB]: [22]<0 INVOKE,VIRTUAL,extra=[android.content.Intent/setAction[java.lang.String], [2, 3]]>
DalvikVM - [BB]: [23]<0 INVOKE,VIRTUAL,extra=[android.content.ContextWrapper/sendBroadcast[android.content.Intent], [5, 2]]>
DalvikVM - [BB]: [24]<0 RETURN,VOID>
newStackFrame - [BB]: New Stack Frame: StackFrame de.ecspride.MainActivity/onCreate[android.os.Bundle]
newStackFrame - [BB]: Add frame StackFrame de.ecspride.MainActivity/onCreate[android.os.Bundle]
newStackFrame - [BB]: Stack: [StackFrame de.ecspride.MainActivity/onCreate[android.os.Bundle]]
Executor - [MSG]: New chain obj with type de.ecspride.MainActivity
Activity - [BB]: New instance of de.ecspride.MainActivity
Caller@4: <init>@fu.hao.trust.dvm.DVMObject - [BB]: getClass de.ecspride.MainActivity at fu.hao.trust.dvm.VMHeap@37db1db7
Caller: getClass@fu.hao.trust.dvm.VMHeap - [BB]: new class representation for de.ecspride.MainActivity at fu.hao.trust.dvm.VMHeap@37db1db7
Caller@4: <init>@fu.hao.trust.dvm.DVMClass - [BB]: getClass android.app.Activity at fu.hao.trust.dvm.VMHeap@37db1db7
Caller: getClass@fu.hao.trust.dvm.VMHeap - [BB]: new class representation for android.app.Activity at fu.hao.trust.dvm.VMHeap@37db1db7
Caller@4: <init>@fu.hao.trust.dvm.DVMClass - [BB]: getClass android.content.ContextWrapper at fu.hao.trust.dvm.VMHeap@37db1db7
Caller: getClass@fu.hao.trust.dvm.VMHeap - [BB]: new class representation for android.content.ContextWrapper at fu.hao.trust.dvm.VMHeap@37db1db7
Caller@4: <init>@fu.hao.trust.dvm.DVMClass - [BB]: getClass android.content.Context at fu.hao.trust.dvm.VMHeap@37db1db7
Caller: getClass@fu.hao.trust.dvm.VMHeap - [BB]: new class representation for android.content.Context at fu.hao.trust.dvm.VMHeap@37db1db7
Caller@4: <init>@fu.hao.trust.dvm.DVMClass - [BB]: getClass fu.hao.trust.dvm.DVMObject at fu.hao.trust.dvm.VMHeap@37db1db7
Caller: getClass@fu.hao.trust.dvm.VMHeap - [BB]: new class representation for fu.hao.trust.dvm.DVMObject at fu.hao.trust.dvm.VMHeap@37db1db7
Caller: <init>@fu.hao.trust.dvm.DVMClass - [BB]: Get DVMClass for type fu.hao.trust.dvm.DVMObject
Caller@4: <init>@fu.hao.trust.dvm.DVMClass - [BB]: getClass fu.hao.trust.dvm.DVMObject at fu.hao.trust.dvm.VMHeap@37db1db7
Caller: <init>@fu.hao.trust.dvm.DVMClass - [BB]: Get DVMClass for type android.content.Context
Caller@4: <init>@fu.hao.trust.dvm.DVMClass - [BB]: getClass android.content.Context at fu.hao.trust.dvm.VMHeap@37db1db7
Caller: <init>@fu.hao.trust.dvm.DVMClass - [BB]: Get DVMClass for type android.content.ContextWrapper
Caller@4: <init>@fu.hao.trust.dvm.DVMClass - [BB]: getClass android.content.ContextWrapper at fu.hao.trust.dvm.VMHeap@37db1db7
Caller: <init>@fu.hao.trust.dvm.DVMClass - [BB]: Get DVMClass for type android.app.Activity
Caller@4: <init>@fu.hao.trust.dvm.DVMClass - [BB]: getClass android.app.Activity at fu.hao.trust.dvm.VMHeap@37db1db7
Caller: <init>@fu.hao.trust.dvm.DVMObject - [BB]: Get DVMClass for type de.ecspride.MainActivity
Caller@4: <init>@fu.hao.trust.dvm.DVMObject - [BB]: getClass de.ecspride.MainActivity at fu.hao.trust.dvm.VMHeap@37db1db7
Activity - [MSG]: Not empty constructor
DalvikVM - [BB]: New method call: de.ecspride.MainActivity/<init>[]
DalvikVM - [BB]: [0]<0 SPECIAL,ARGUMENT_SET,extra=[0]>
DalvikVM - [BB]: [1]<0 INVOKE,DIRECT,extra=[java.lang.Object/<init>[], [0]]>
DalvikVM - [BB]: [2]<0 RETURN,VOID>
DalvikVM - [WARN]: ar -2, (Activity:instance number 1@de.ecspride.MainActivity, de.ecspride.MainActivity)
newStackFrame - [BB]: New Stack Frame: StackFrame de.ecspride.MainActivity/<init>[], pc -1 stored. 
newStackFrame - [BB]: Stack: [StackFrame de.ecspride.MainActivity/onCreate[android.os.Bundle]]
DalvikVM - [MSG]: Begin run instrumented methods!
DalvikVM - [BB]: Add frames [StackFrame de.ecspride.MainActivity/<init>[]]
DalvikVM - [BB]: fu.hao.trust.dvm.DalvikVM -> runInstrumentedMethods set pc to 0
Executor - [MSG]: 

Executor - [MSG]: <0 SPECIAL,ARGUMENT_SET,extra=[0]> at de.ecspride.MainActivity/<init>[]
DalvikVM - [WARN]: ar 0, (Activity:instance number 1@de.ecspride.MainActivity, de.ecspride.MainActivity)
Executor - [DEBUG]: params: Activity:instance number 1@de.ecspride.MainActivity
DalvikVM - [BB]: fu.hao.trust.dvm.Executor$OP_SP_ARGUMENTS -> jump set pc to 1
PluginManager - [MSG]: TaintSumBranch Tainted Res: {}
Executor - [MSG]: 

Executor - [MSG]: <1 INVOKE,DIRECT,extra=[java.lang.Object/<init>[], [0]]> at de.ecspride.MainActivity/<init>[]
Executor - [MSG]: arg0 obj: Activity:instance number 1@de.ecspride.MainActivity
Executor - [MSG]: Replace the clazz.
Executor - [BB]: java.lang.Object/<init>[] is a constructor!
Executor - [WARN]: Reflection error: de.ecspride.MainActivity
DalvikVM - [BB]: fu.hao.trust.dvm.Executor -> jump set pc to 2
TaintSumBranch - [BB]: <java.lang.Object: void <init>()>
TaintSumBranch - [DEBUG]: Not a taint call: <java.lang.Object: void <init>()>
PluginManager - [MSG]: TaintSumBranch Tainted Res: {}
Executor - [MSG]: 

Executor - [MSG]: <2 RETURN,VOID> at de.ecspride.MainActivity/<init>[]
class fu.hao.trust.dvm.Executor$OP_RETURN_VOID - [DEBUG]: Return void
DalvikVM - [BB]: stack [StackFrame de.ecspride.MainActivity/onCreate[android.os.Bundle]]
DalvikVM - [BB]: Back to the last stack frame.StackFrame de.ecspride.MainActivity/onCreate[android.os.Bundle]
DalvikVM - [MSG]: Finish running instrumented methods! Back to StackFrame de.ecspride.MainActivity/onCreate[android.os.Bundle]
Activity - [MSG]: New Activity Created with type de.ecspride.MainActivity
DalvikVM - [BB]: New method call: de.ecspride.MainActivity/onCreate[android.os.Bundle]
DalvikVM - [BB]: [0]<0 SPECIAL,ARGUMENT_SET,extra=[5, 6]>
DalvikVM - [BB]: [1]<0 HALT,SUPER,extra=[null, [5, 6]]>
DalvikVM - [BB]: [2]<1 MOV,CONST,dst=r3,type=void,extra=class patdroid.core.PrimitiveInfo?2130903040>
DalvikVM - [BB]: [3]<0 INVOKE,VIRTUAL,extra=[android.app.Activity/setContentView[int], [5, 3]]>
DalvikVM - [BB]: [4]<0 INVOKE,VIRTUAL,extra=[android.content.Context/getApplicationContext[], [5]]>
DalvikVM - [BB]: [5]<0 MOV,RESULT,dst=r3,type=java.lang.Object>
DalvikVM - [BB]: [6]<5 MOV,CONST,dst=r4,type=java.lang.String,extra="phone">
DalvikVM - [BB]: [7]<0 INVOKE,VIRTUAL,extra=[android.content.Context/getSystemService[java.lang.String], [3, 4]]>
DalvikVM - [BB]: [8]<0 MOV,RESULT,dst=r3,type=java.lang.Object>
DalvikVM - [BB]: [9]<0 ARITHMETIC,CHECK-AND-CAST,dst=r3,type=android.telephony.TelephonyManager>
DalvikVM - [BB]: [10]<0 INVOKE,VIRTUAL,extra=[android.telephony.TelephonyManager/getDeviceId[], [3]]>
DalvikVM - [BB]: [11]<0 MOV,RESULT,dst=r1,type=java.lang.Object>
DalvikVM - [BB]: [12]<0 NEW,INSTANCE,dst=r0,type=android.content.IntentFilter>
DalvikVM - [BB]: [13]<0 INVOKE,DIRECT,extra=[android.content.IntentFilter/<init>[], [0]]>
DalvikVM - [BB]: [14]<13 MOV,CONST,dst=r3,type=java.lang.String,extra="de.ecspride.MyAction">
DalvikVM - [BB]: [15]<0 INVOKE,VIRTUAL,extra=[android.content.IntentFilter/addAction[java.lang.String], [0, 3]]>
DalvikVM - [BB]: [16]<0 NEW,INSTANCE,dst=r3,type=de.ecspride.MainActivity$MyReceiver>
DalvikVM - [BB]: [17]<0 INVOKE,DIRECT,extra=[de.ecspride.MainActivity$MyReceiver/<init>[de.ecspride.MainActivity, java.lang.String], [3, 5, 1]]>
DalvikVM - [BB]: [18]<0 INVOKE,VIRTUAL,extra=[android.content.ContextWrapper/registerReceiver[android.content.BroadcastReceiver, android.content.IntentFilter], [5, 3, 0]]>
DalvikVM - [BB]: [19]<0 NEW,INSTANCE,dst=r2,type=android.content.Intent>
DalvikVM - [BB]: [20]<0 INVOKE,DIRECT,extra=[android.content.Intent/<init>[], [2]]>
DalvikVM - [BB]: [21]<20 MOV,CONST,dst=r3,type=java.lang.String,extra="de.ecspride.MyAction">
DalvikVM - [BB]: [22]<0 INVOKE,VIRTUAL,extra=[android.content.Intent/setAction[java.lang.String], [2, 3]]>
DalvikVM - [BB]: [23]<0 INVOKE,VIRTUAL,extra=[android.content.ContextWrapper/sendBroadcast[android.content.Intent], [5, 2]]>
DalvikVM - [BB]: [24]<0 RETURN,VOID>
DalvikVM - [WARN]: ar -2, (Activity:instance number 1@de.ecspride.MainActivity, de.ecspride.MainActivity)
DalvikVM - [WARN]: ar -2, (null, android.os.Bundle)
newStackFrame - [BB]: New Stack Frame: StackFrame de.ecspride.MainActivity/onCreate[android.os.Bundle]
newStackFrame - [BB]: Stack: []
Activity - [BB]: Intent null
DalvikVM - [MSG]: Begin run instrumented methods!
DalvikVM - [BB]: Add frames [StackFrame de.ecspride.MainActivity/onCreate[android.os.Bundle]]
DalvikVM - [BB]: fu.hao.trust.dvm.DalvikVM -> runInstrumentedMethods set pc to 0
Executor - [MSG]: 

Executor - [MSG]: <0 SPECIAL,ARGUMENT_SET,extra=[5, 6]> at de.ecspride.MainActivity/onCreate[android.os.Bundle]
DalvikVM - [WARN]: ar 5, (Activity:instance number 1@de.ecspride.MainActivity, de.ecspride.MainActivity)
Executor - [DEBUG]: params: Activity:instance number 1@de.ecspride.MainActivity
DalvikVM - [WARN]: ar 6, (null, android.os.Bundle)
Executor - [DEBUG]: params: null
DalvikVM - [BB]: fu.hao.trust.dvm.Executor$OP_SP_ARGUMENTS -> jump set pc to 1
PluginManager - [MSG]: TaintSumBranch Tainted Res: {}
Executor - [MSG]: 

Executor - [MSG]: <1 HALT,SUPER,extra=[null, [5, 6]]> at de.ecspride.MainActivity/onCreate[android.os.Bundle]
DalvikVM - [BB]: fu.hao.trust.dvm.Executor$OP_HALT -> jump set pc to 2
Executor - [MSG]: Cannot resolve the invocation
TaintSumBranch - [BB]: Not a taint op <1 HALT,SUPER,extra=[null, [5, 6]]>
PluginManager - [MSG]: TaintSumBranch Tainted Res: {}
Executor - [MSG]: 

Executor - [MSG]: <2 MOV,CONST,dst=r3,type=void,extra=class patdroid.core.PrimitiveInfo?2130903040> at de.ecspride.MainActivity/onCreate[android.os.Bundle]
Executor - [DEBUG]: Mov const begin <2 MOV,CONST,dst=r3,type=void,extra=class patdroid.core.PrimitiveInfo?2130903040>
DalvikVM - [WARN]: ar 3, (2130903040, void)
Executor - [DEBUG]: data: 2130903040 class patdroid.core.PrimitiveInfo
DalvikVM - [BB]: fu.hao.trust.dvm.Executor$OP_MOV_CONST -> jump set pc to 3
PluginManager - [MSG]: TaintSumBranch Tainted Res: {}
Executor - [MSG]: 

Executor - [MSG]: <3 INVOKE,VIRTUAL,extra=[android.app.Activity/setContentView[int], [5, 3]]> at de.ecspride.MainActivity/onCreate[android.os.Bundle]
Executor - [MSG]: arg0 obj: Activity:instance number 1@de.ecspride.MainActivity
Executor - [DEBUG]: Reflction class: class android.app.Activity
Executor - [BB]: Normal args? true
Executor - [BB]: arg1@reg3: 2130903040
Executor - [DEBUG]: Expected para type: int
Executor - [DEBUG]: Real para int, value: 2130903040
Executor - [BB]: Nargs? true
Executor - [DEBUG]: Caller obj: Activity:instance number 1@de.ecspride.MainActivity, from class: class android.app.Activity
DalvikVM - [WARN]: ar -1, (null, void)
Executor - [MSG]: Reflction invocation public void android.app.Activity.setContentView(int)
DalvikVM - [BB]: Set reflective call: public void android.app.Activity.setContentView(int)
DalvikVM - [BB]: fu.hao.trust.dvm.Executor -> jump set pc to 4
TaintSumBranch - [BB]: <android.app.Activity: void setContentView(int)>
TaintSumBranch - [DEBUG]: Not a taint call: <android.app.Activity: void setContentView(int)>
PluginManager - [MSG]: TaintSumBranch Tainted Res: {}
Executor - [MSG]: 

Executor - [MSG]: <4 INVOKE,VIRTUAL,extra=[android.content.Context/getApplicationContext[], [5]]> at de.ecspride.MainActivity/onCreate[android.os.Bundle]
Executor - [MSG]: arg0 obj: Activity:instance number 1@de.ecspride.MainActivity
Executor - [DEBUG]: Reflction class: class android.content.Context
DalvikVM - [WARN]: ar -1, (Activity:instance number 1@de.ecspride.MainActivity, android.content.Context)
Executor - [DEBUG]: Return data: Activity:instance number 1@de.ecspride.MainActivity ,class android.app.Activity
Executor - [MSG]: Reflction invocation public android.content.Context android.content.Context.getApplicationContext()
DalvikVM - [BB]: Set reflective call: public android.content.Context android.content.Context.getApplicationContext()
DalvikVM - [BB]: fu.hao.trust.dvm.Executor -> jump set pc to 5
TaintSumBranch - [BB]: <android.content.Context: android.content.Context getApplicationContext()>
TaintSumBranch - [DEBUG]: Not a taint call: <android.content.Context: android.content.Context getApplicationContext()>
PluginManager - [MSG]: TaintSumBranch Tainted Res: {}
Executor - [MSG]: 

Executor - [MSG]: <5 MOV,RESULT,dst=r3,type=java.lang.Object> at de.ecspride.MainActivity/onCreate[android.os.Bundle]
DalvikVM - [WARN]: ar 3 (2130903040, void), (Activity:instance number 1@de.ecspride.MainActivity, android.content.Context)
OP_MOV_RESULT - [BB]: Result data: Activity:instance number 1@de.ecspride.MainActivity
OP_MOV_RESULT - [DEBUG]: Result data: Activity:instance number 1@de.ecspride.MainActivity, type: android.content.Context, to [reg 3@MainActivity/onCreate]
DalvikVM - [BB]: fu.hao.trust.dvm.Executor$OP_MOV_RESULT -> jump set pc to 6
PluginManager - [MSG]: TaintSumBranch Tainted Res: {}
Executor - [MSG]: 

Executor - [MSG]: <6 MOV,CONST,dst=r4,type=java.lang.String,extra="phone"> at de.ecspride.MainActivity/onCreate[android.os.Bundle]
Executor - [DEBUG]: Mov const begin <6 MOV,CONST,dst=r4,type=java.lang.String,extra="phone">
DalvikVM - [WARN]: ar 4, (phone, java.lang.String)
Executor - [DEBUG]: data: phone class java.lang.String
DalvikVM - [BB]: fu.hao.trust.dvm.Executor$OP_MOV_CONST -> jump set pc to 7
PluginManager - [MSG]: TaintSumBranch Tainted Res: {}
Executor - [MSG]: 

Executor - [MSG]: <7 INVOKE,VIRTUAL,extra=[android.content.Context/getSystemService[java.lang.String], [3, 4]]> at de.ecspride.MainActivity/onCreate[android.os.Bundle]
Executor - [MSG]: arg0 obj: Activity:instance number 1@de.ecspride.MainActivity
Executor - [DEBUG]: Reflction class: class android.content.Context
Executor - [BB]: Normal args? true
Executor - [BB]: arg1@reg4: phone
Executor - [BB]: Nargs? true
Executor - [DEBUG]: Caller obj: Activity:instance number 1@de.ecspride.MainActivity, from class: class android.app.Activity
DalvikVM - [WARN]: ar -1, (android.telephony.TelephonyManager@7773bb48, java.lang.Object)
Executor - [DEBUG]: Return data: android.telephony.TelephonyManager@7773bb48 ,class android.telephony.TelephonyManager
Executor - [MSG]: Reflction invocation public java.lang.Object android.content.Context.getSystemService(java.lang.String)
DalvikVM - [BB]: Set reflective call: public java.lang.Object android.content.Context.getSystemService(java.lang.String)
DalvikVM - [BB]: fu.hao.trust.dvm.Executor -> jump set pc to 8
TaintSumBranch - [BB]: <android.content.Context: java.lang.Object getSystemService(java.lang.String)>
TaintSumBranch - [DEBUG]: Not a taint call: <android.content.Context: java.lang.Object getSystemService(java.lang.String)>
PluginManager - [MSG]: TaintSumBranch Tainted Res: {}
Executor - [MSG]: 

Executor - [MSG]: <8 MOV,RESULT,dst=r3,type=java.lang.Object> at de.ecspride.MainActivity/onCreate[android.os.Bundle]
DalvikVM - [WARN]: ar 3 (Activity:instance number 1@de.ecspride.MainActivity, android.content.Context), (android.telephony.TelephonyManager@7773bb48, java.lang.Object)
OP_MOV_RESULT - [BB]: Result data: android.telephony.TelephonyManager@7773bb48
OP_MOV_RESULT - [DEBUG]: Result data: android.telephony.TelephonyManager@7773bb48, type: java.lang.Object, to [reg 3@MainActivity/onCreate]
DalvikVM - [BB]: fu.hao.trust.dvm.Executor$OP_MOV_RESULT -> jump set pc to 9
PluginManager - [MSG]: TaintSumBranch Tainted Res: {}
Executor - [MSG]: 

Executor - [MSG]: <9 ARITHMETIC,CHECK-AND-CAST,dst=r3,type=android.telephony.TelephonyManager> at de.ecspride.MainActivity/onCreate[android.os.Bundle]
DalvikVM - [BB]: fu.hao.trust.dvm.Executor$OP_ARITHETIC -> jump set pc to 10
PluginManager - [MSG]: TaintSumBranch Tainted Res: {}
Executor - [MSG]: 

Executor - [MSG]: <10 INVOKE,VIRTUAL,extra=[android.telephony.TelephonyManager/getDeviceId[], [3]]> at de.ecspride.MainActivity/onCreate[android.os.Bundle]
Executor - [MSG]: arg0 obj: android.telephony.TelephonyManager@7773bb48
Executor - [DEBUG]: Reflction class: class android.telephony.TelephonyManager
DalvikVM - [WARN]: ar -1, (359874043116909, java.lang.String)
Executor - [DEBUG]: Return data: 359874043116909 ,class java.lang.String
Executor - [MSG]: Reflction invocation public java.lang.String android.telephony.TelephonyManager.getDeviceId()
DalvikVM - [BB]: Set reflective call: public java.lang.String android.telephony.TelephonyManager.getDeviceId()
DalvikVM - [BB]: fu.hao.trust.dvm.Executor -> jump set pc to 11
TaintSumBranch - [BB]: <android.telephony.TelephonyManager: java.lang.String getDeviceId()>
TaintSumBranch - [WARN]: Found a tainted return value!
PluginManager - [MSG]: TaintSumBranch Tainted Res: {359874043116909=<10 INVOKE,VIRTUAL,extra=[android.telephony.TelephonyManager/getDeviceId[], [3]]>, [Global RetReg]=<10 INVOKE,VIRTUAL,extra=[android.telephony.TelephonyManager/getDeviceId[], [3]]>}
Executor - [MSG]: 

Executor - [MSG]: <11 MOV,RESULT,dst=r1,type=java.lang.Object> at de.ecspride.MainActivity/onCreate[android.os.Bundle]
DalvikVM - [WARN]: ar 1, (359874043116909, java.lang.String)
OP_MOV_RESULT - [BB]: Result data: 359874043116909
OP_MOV_RESULT - [DEBUG]: Result data: 359874043116909, type: java.lang.String, to [reg 1@MainActivity/onCreate]
DalvikVM - [BB]: fu.hao.trust.dvm.Executor$OP_MOV_RESULT -> jump set pc to 12
TaintSumBranch - [BB]: <10 INVOKE,VIRTUAL,extra=[android.telephony.TelephonyManager/getDeviceId[], [3]]>
TaintSumBranch - [BB]: Add reg 1 due to ret reg.
PluginManager - [MSG]: TaintSumBranch Tainted Res: {[reg 1@MainActivity/onCreate]=<10 INVOKE,VIRTUAL,extra=[android.telephony.TelephonyManager/getDeviceId[], [3]]>, 359874043116909=<10 INVOKE,VIRTUAL,extra=[android.telephony.TelephonyManager/getDeviceId[], [3]]>}
Executor - [MSG]: 

Executor - [MSG]: <12 NEW,INSTANCE,dst=r0,type=android.content.IntentFilter> at de.ecspride.MainActivity/onCreate[android.os.Bundle]
OP_NEW_INSTANCE - [DEBUG]: [reg 0@MainActivity/onCreate]
DalvikVM - [WARN]: ar 0, (null, android.content.IntentFilter)
OP_NEW_INSTANCE - [BB]: Reflecable instance.
DalvikVM - [BB]: fu.hao.trust.dvm.Executor$OP_NEW_INSTANCE -> jump set pc to 13
TaintSumBranch - [BB]: Rdst [reg 0@MainActivity/onCreate]
PluginManager - [MSG]: TaintSumBranch Tainted Res: {359874043116909=<10 INVOKE,VIRTUAL,extra=[android.telephony.TelephonyManager/getDeviceId[], [3]]>, [reg 1@MainActivity/onCreate]=<10 INVOKE,VIRTUAL,extra=[android.telephony.TelephonyManager/getDeviceId[], [3]]>}
Executor - [MSG]: 

Executor - [MSG]: <13 INVOKE,DIRECT,extra=[android.content.IntentFilter/<init>[], [0]]> at de.ecspride.MainActivity/onCreate[android.os.Bundle]
Executor - [MSG]: arg0 obj: null
Executor - [BB]: android.content.IntentFilter/<init>[] is a constructor!
DalvikVM - [WARN]: ar 0 (null, android.content.IntentFilter), (android.content.IntentFilter@76757fad, void)
Executor - [DEBUG]: Reflected init instance: android.content.IntentFilter@76757fad, class android.content.IntentFilter
DalvikVM - [BB]: fu.hao.trust.dvm.Executor -> jump set pc to 14
TaintSumBranch - [BB]: <android.content.IntentFilter: void <init>()>
TaintSumBranch - [DEBUG]: Not a taint call: <android.content.IntentFilter: void <init>()>
PluginManager - [MSG]: TaintSumBranch Tainted Res: {359874043116909=<10 INVOKE,VIRTUAL,extra=[android.telephony.TelephonyManager/getDeviceId[], [3]]>, [reg 1@MainActivity/onCreate]=<10 INVOKE,VIRTUAL,extra=[android.telephony.TelephonyManager/getDeviceId[], [3]]>}
Executor - [MSG]: 

Executor - [MSG]: <14 MOV,CONST,dst=r3,type=java.lang.String,extra="de.ecspride.MyAction"> at de.ecspride.MainActivity/onCreate[android.os.Bundle]
Executor - [DEBUG]: Mov const begin <14 MOV,CONST,dst=r3,type=java.lang.String,extra="de.ecspride.MyAction">
DalvikVM - [WARN]: ar 3 (android.telephony.TelephonyManager@7773bb48, java.lang.Object), (de.ecspride.MyAction, java.lang.String)
Executor - [DEBUG]: data: de.ecspride.MyAction class java.lang.String
DalvikVM - [BB]: fu.hao.trust.dvm.Executor$OP_MOV_CONST -> jump set pc to 15
PluginManager - [MSG]: TaintSumBranch Tainted Res: {[reg 1@MainActivity/onCreate]=<10 INVOKE,VIRTUAL,extra=[android.telephony.TelephonyManager/getDeviceId[], [3]]>, 359874043116909=<10 INVOKE,VIRTUAL,extra=[android.telephony.TelephonyManager/getDeviceId[], [3]]>}
Executor - [MSG]: 

Executor - [MSG]: <15 INVOKE,VIRTUAL,extra=[android.content.IntentFilter/addAction[java.lang.String], [0, 3]]> at de.ecspride.MainActivity/onCreate[android.os.Bundle]
Executor - [MSG]: arg0 obj: android.content.IntentFilter@76757fad
Executor - [DEBUG]: Reflction class: class android.content.IntentFilter
Executor - [BB]: Normal args? true
Executor - [BB]: arg1@reg3: de.ecspride.MyAction
Executor - [BB]: Nargs? true
Executor - [DEBUG]: Caller obj: android.content.IntentFilter@76757fad, from class: class android.content.IntentFilter
DalvikVM - [WARN]: ar -1, (null, void)
Executor - [MSG]: Reflction invocation public final void android.content.IntentFilter.addAction(java.lang.String)
DalvikVM - [BB]: Set reflective call: public final void android.content.IntentFilter.addAction(java.lang.String)
DalvikVM - [BB]: fu.hao.trust.dvm.Executor -> jump set pc to 16
TaintSumBranch - [BB]: <android.content.IntentFilter: void addAction(java.lang.String)>
TaintSumBranch - [BB]: Found a sink invocation. <android.content.IntentFilter: void addAction(java.lang.String)>
PluginManager - [MSG]: TaintSumBranch Tainted Res: {[reg 1@MainActivity/onCreate]=<10 INVOKE,VIRTUAL,extra=[android.telephony.TelephonyManager/getDeviceId[], [3]]>, 359874043116909=<10 INVOKE,VIRTUAL,extra=[android.telephony.TelephonyManager/getDeviceId[], [3]]>}
Executor - [MSG]: 

Executor - [MSG]: <16 NEW,INSTANCE,dst=r3,type=de.ecspride.MainActivity$MyReceiver> at de.ecspride.MainActivity/onCreate[android.os.Bundle]
OP_NEW_INSTANCE - [DEBUG]: [reg 3@MainActivity/onCreate]
DalvikVM - [BB]: Superclass: de.ecspride.MainActivity$MyReceiver
BroadcastReceiver - [BB]: New instance of de.ecspride.MainActivity$MyReceiver
Caller@4: <init>@fu.hao.trust.dvm.DVMObject - [BB]: getClass de.ecspride.MainActivity$MyReceiver at fu.hao.trust.dvm.VMHeap@37db1db7
Caller: getClass@fu.hao.trust.dvm.VMHeap - [BB]: new class representation for de.ecspride.MainActivity$MyReceiver at fu.hao.trust.dvm.VMHeap@37db1db7
Caller@4: <init>@fu.hao.trust.dvm.DVMClass - [BB]: getClass android.content.BroadcastReceiver at fu.hao.trust.dvm.VMHeap@37db1db7
Caller: getClass@fu.hao.trust.dvm.VMHeap - [BB]: new class representation for android.content.BroadcastReceiver at fu.hao.trust.dvm.VMHeap@37db1db7
Caller@4: <init>@fu.hao.trust.dvm.DVMClass - [BB]: getClass fu.hao.trust.dvm.DVMObject at fu.hao.trust.dvm.VMHeap@37db1db7
Caller: <init>@fu.hao.trust.dvm.DVMClass - [BB]: Get DVMClass for type fu.hao.trust.dvm.DVMObject
Caller@4: <init>@fu.hao.trust.dvm.DVMClass - [BB]: getClass fu.hao.trust.dvm.DVMObject at fu.hao.trust.dvm.VMHeap@37db1db7
Caller: <init>@fu.hao.trust.dvm.DVMClass - [BB]: Get DVMClass for type android.content.BroadcastReceiver
Caller@4: <init>@fu.hao.trust.dvm.DVMClass - [BB]: getClass android.content.BroadcastReceiver at fu.hao.trust.dvm.VMHeap@37db1db7
Caller: <init>@fu.hao.trust.dvm.DVMObject - [BB]: Get DVMClass for type de.ecspride.MainActivity$MyReceiver
Caller@4: <init>@fu.hao.trust.dvm.DVMObject - [BB]: getClass de.ecspride.MainActivity$MyReceiver at fu.hao.trust.dvm.VMHeap@37db1db7
BroadcastReceiver - [BB]: New BroadcastReceiver created.
DalvikVM - [WARN]: ar 3 (de.ecspride.MyAction, java.lang.String), (instance number 1@de.ecspride.MainActivity$MyReceiver, de.ecspride.MainActivity$MyReceiver)
OP_NEW_INSTANCE - [DEBUG]: New object of de.ecspride.MainActivity$MyReceivercreated:instance number 1@de.ecspride.MainActivity$MyReceiver
DalvikVM - [BB]: fu.hao.trust.dvm.Executor$OP_NEW_INSTANCE -> jump set pc to 17
TaintSumBranch - [BB]: Rdst [reg 3@MainActivity/onCreate]
PluginManager - [MSG]: TaintSumBranch Tainted Res: {359874043116909=<10 INVOKE,VIRTUAL,extra=[android.telephony.TelephonyManager/getDeviceId[], [3]]>, [reg 1@MainActivity/onCreate]=<10 INVOKE,VIRTUAL,extra=[android.telephony.TelephonyManager/getDeviceId[], [3]]>}
Executor - [MSG]: 

Executor - [MSG]: <17 INVOKE,DIRECT,extra=[de.ecspride.MainActivity$MyReceiver/<init>[de.ecspride.MainActivity, java.lang.String], [3, 5, 1]]> at de.ecspride.MainActivity/onCreate[android.os.Bundle]
Executor - [MSG]: arg0 obj: instance number 1@de.ecspride.MainActivity$MyReceiver
Executor - [WARN]: Reflection error: de.ecspride.MainActivity$MyReceiver
DalvikVM - [BB]: fu.hao.trust.dvm.Executor -> jump set pc to 18
DalvikVM - [BB]: New method call: de.ecspride.MainActivity$MyReceiver/<init>[de.ecspride.MainActivity, java.lang.String]
DalvikVM - [BB]: [0]<0 SPECIAL,ARGUMENT_SET,extra=[0, 1, 2]>
DalvikVM - [BB]: [1]<0 INSTANCE,IPUT,r0=r0,r1=r1,type=java.lang.Object,extra=de.ecspride.MainActivity$MyReceiver.this$0>
DalvikVM - [BB]: [2]<0 INVOKE,DIRECT,extra=[java.lang.Object/<init>[], [0]]>
DalvikVM - [BB]: [3]<0 INSTANCE,IPUT,r0=r0,r1=r2,type=java.lang.Object,extra=de.ecspride.MainActivity$MyReceiver.deviceId>
DalvikVM - [BB]: [4]<0 RETURN,VOID>
newStackFrame - [BB]: New Stack Frame: StackFrame de.ecspride.MainActivity$MyReceiver/<init>[de.ecspride.MainActivity, java.lang.String], pc 18 stored. 
newStackFrame - [BB]: Add frame StackFrame de.ecspride.MainActivity$MyReceiver/<init>[de.ecspride.MainActivity, java.lang.String]
newStackFrame - [BB]: Stack: [StackFrame de.ecspride.MainActivity/onCreate[android.os.Bundle], StackFrame de.ecspride.MainActivity$MyReceiver/<init>[de.ecspride.MainActivity, java.lang.String]]
TaintSumBranch - [BB]: <de.ecspride.MainActivity$MyReceiver: void <init>(de.ecspride.MainActivity,java.lang.String)>
TaintSumBranch - [DEBUG]: Not a taint call: <de.ecspride.MainActivity$MyReceiver: void <init>(de.ecspride.MainActivity,java.lang.String)>
PluginManager - [MSG]: TaintSumBranch Tainted Res: {[reg 1@MainActivity/onCreate]=<10 INVOKE,VIRTUAL,extra=[android.telephony.TelephonyManager/getDeviceId[], [3]]>, 359874043116909=<10 INVOKE,VIRTUAL,extra=[android.telephony.TelephonyManager/getDeviceId[], [3]]>}
DalvikVM - [BB]: fu.hao.trust.dvm.DalvikVM -> runInstrumentedMethods set pc to 0
Executor - [MSG]: 

Executor - [MSG]: <0 SPECIAL,ARGUMENT_SET,extra=[0, 1, 2]> at de.ecspride.MainActivity$MyReceiver/<init>[de.ecspride.MainActivity, java.lang.String]
DalvikVM - [WARN]: ar 0, (instance number 1@de.ecspride.MainActivity$MyReceiver, de.ecspride.MainActivity$MyReceiver)
Executor - [DEBUG]: params: instance number 1@de.ecspride.MainActivity$MyReceiver
DalvikVM - [WARN]: ar 1, (Activity:instance number 1@de.ecspride.MainActivity, de.ecspride.MainActivity)
Executor - [DEBUG]: params: Activity:instance number 1@de.ecspride.MainActivity
DalvikVM - [WARN]: ar 2, (359874043116909, java.lang.String)
Executor - [DEBUG]: params: 359874043116909
DalvikVM - [BB]: fu.hao.trust.dvm.Executor$OP_SP_ARGUMENTS -> jump set pc to 1
TaintSumBranch - [BB]: Copy 359874043116909 as tainted.
TaintSumBranch - [BB]: Add [reg 2@MainActivity$MyReceiver/<init>] as tainted due to [reg 1@MainActivity/onCreate]
PluginManager - [MSG]: TaintSumBranch Tainted Res: {359874043116909=<10 INVOKE,VIRTUAL,extra=[android.telephony.TelephonyManager/getDeviceId[], [3]]>, [reg 2@MainActivity$MyReceiver/<init>]=<10 INVOKE,VIRTUAL,extra=[android.telephony.TelephonyManager/getDeviceId[], [3]]>}
Executor - [MSG]: 

Executor - [MSG]: <1 INSTANCE,IPUT,r0=r0,r1=r1,type=java.lang.Object,extra=de.ecspride.MainActivity$MyReceiver.this$0> at de.ecspride.MainActivity$MyReceiver/<init>[de.ecspride.MainActivity, java.lang.String]
class fu.hao.trust.dvm.Executor$OP_INSTANCE_PUT_FIELD - [BB]: field de.ecspride.MainActivity$MyReceiver.this$0
class fu.hao.trust.dvm.Executor$OP_INSTANCE_PUT_FIELD - [BB]: Target obj instance number 1@de.ecspride.MainActivity$MyReceiver
BroadcastReceiver - [DEBUG]: put field Activity:instance number 1@de.ecspride.MainActivity
class fu.hao.trust.dvm.Executor$OP_INSTANCE_PUT_FIELD - [MSG]: Put data Activity:instance number 1@de.ecspride.MainActivity to the field of instance number 1@de.ecspride.MainActivity$MyReceiver
DalvikVM - [BB]: fu.hao.trust.dvm.Executor$OP_INSTANCE_PUT_FIELD -> jump set pc to 2
PluginManager - [MSG]: TaintSumBranch Tainted Res: {359874043116909=<10 INVOKE,VIRTUAL,extra=[android.telephony.TelephonyManager/getDeviceId[], [3]]>, [reg 2@MainActivity$MyReceiver/<init>]=<10 INVOKE,VIRTUAL,extra=[android.telephony.TelephonyManager/getDeviceId[], [3]]>}
Executor - [MSG]: 

Executor - [MSG]: <2 INVOKE,DIRECT,extra=[java.lang.Object/<init>[], [0]]> at de.ecspride.MainActivity$MyReceiver/<init>[de.ecspride.MainActivity, java.lang.String]
Executor - [MSG]: arg0 obj: instance number 1@de.ecspride.MainActivity$MyReceiver
Executor - [MSG]: Replace the clazz.
Executor - [BB]: java.lang.Object/<init>[] is a constructor!
Executor - [WARN]: Reflection error: de.ecspride.MainActivity$MyReceiver
DalvikVM - [BB]: fu.hao.trust.dvm.Executor -> jump set pc to 3
TaintSumBranch - [BB]: <java.lang.Object: void <init>()>
TaintSumBranch - [DEBUG]: Not a taint call: <java.lang.Object: void <init>()>
PluginManager - [MSG]: TaintSumBranch Tainted Res: {359874043116909=<10 INVOKE,VIRTUAL,extra=[android.telephony.TelephonyManager/getDeviceId[], [3]]>, [reg 2@MainActivity$MyReceiver/<init>]=<10 INVOKE,VIRTUAL,extra=[android.telephony.TelephonyManager/getDeviceId[], [3]]>}
Executor - [MSG]: 

Executor - [MSG]: <3 INSTANCE,IPUT,r0=r0,r1=r2,type=java.lang.Object,extra=de.ecspride.MainActivity$MyReceiver.deviceId> at de.ecspride.MainActivity$MyReceiver/<init>[de.ecspride.MainActivity, java.lang.String]
class fu.hao.trust.dvm.Executor$OP_INSTANCE_PUT_FIELD - [BB]: field de.ecspride.MainActivity$MyReceiver.deviceId
class fu.hao.trust.dvm.Executor$OP_INSTANCE_PUT_FIELD - [BB]: Target obj instance number 1@de.ecspride.MainActivity$MyReceiver
BroadcastReceiver - [DEBUG]: put field 359874043116909
class fu.hao.trust.dvm.Executor$OP_INSTANCE_PUT_FIELD - [MSG]: Put data 359874043116909 to the field of instance number 1@de.ecspride.MainActivity$MyReceiver
DalvikVM - [BB]: fu.hao.trust.dvm.Executor$OP_INSTANCE_PUT_FIELD -> jump set pc to 4
TaintSumBranch - [BB]: Add 359874043116909as tainted due to [reg 2@MainActivity$MyReceiver/<init>]
TaintSumBranch - [MSG]: has false
PluginManager - [MSG]: TaintSumBranch Tainted Res: {359874043116909=<10 INVOKE,VIRTUAL,extra=[android.telephony.TelephonyManager/getDeviceId[], [3]]>, [reg 2@MainActivity$MyReceiver/<init>]=<10 INVOKE,VIRTUAL,extra=[android.telephony.TelephonyManager/getDeviceId[], [3]]>}
Executor - [MSG]: 

Executor - [MSG]: <4 RETURN,VOID> at de.ecspride.MainActivity$MyReceiver/<init>[de.ecspride.MainActivity, java.lang.String]
class fu.hao.trust.dvm.Executor$OP_RETURN_VOID - [DEBUG]: Return void
DalvikVM - [BB]: stack [StackFrame de.ecspride.MainActivity/onCreate[android.os.Bundle]]
DalvikVM - [BB]: Back to the last stack frame.StackFrame de.ecspride.MainActivity/onCreate[android.os.Bundle]
PluginManager - [MSG]: TaintSumBranch Tainted Res: {359874043116909=<10 INVOKE,VIRTUAL,extra=[android.telephony.TelephonyManager/getDeviceId[], [3]]>, [reg 1@MainActivity/onCreate]=<10 INVOKE,VIRTUAL,extra=[android.telephony.TelephonyManager/getDeviceId[], [3]]>}
Executor - [MSG]: 

Executor - [MSG]: <18 INVOKE,VIRTUAL,extra=[android.content.ContextWrapper/registerReceiver[android.content.BroadcastReceiver, android.content.IntentFilter], [5, 3, 0]]> at de.ecspride.MainActivity/onCreate[android.os.Bundle]
Executor - [MSG]: arg0 obj: Activity:instance number 1@de.ecspride.MainActivity
Executor - [DEBUG]: Reflction class: class android.content.ContextWrapper
Executor - [BB]: Normal args? true
Executor - [BB]: arg1@reg3: instance number 1@de.ecspride.MainActivity$MyReceiver
Executor - [BB]: arg2@reg0: android.content.IntentFilter@76757fad
Executor - [BB]: Nargs? true
Executor - [DEBUG]: Caller obj: Activity:instance number 1@de.ecspride.MainActivity, from class: class android.app.Activity
android.app.Activity - [DEBUG]: Filter: android.content.IntentFilter@76757fad, Receiver: instance number 1@de.ecspride.MainActivity$MyReceiver
DalvikVM - [WARN]: ar -1, (null, android.content.Intent)
Executor - [MSG]: Reflction invocation public android.content.Intent android.content.ContextWrapper.registerReceiver(android.content.BroadcastReceiver,android.content.IntentFilter)
DalvikVM - [BB]: Set reflective call: public android.content.Intent android.content.ContextWrapper.registerReceiver(android.content.BroadcastReceiver,android.content.IntentFilter)
DalvikVM - [BB]: fu.hao.trust.dvm.Executor -> jump set pc to 19
TaintSumBranch - [BB]: <android.content.ContextWrapper: android.content.Intent registerReceiver(android.content.BroadcastReceiver,android.content.IntentFilter)>
TaintSumBranch - [DEBUG]: Not a taint call: <android.content.ContextWrapper: android.content.Intent registerReceiver(android.content.BroadcastReceiver,android.content.IntentFilter)>
PluginManager - [MSG]: TaintSumBranch Tainted Res: {359874043116909=<10 INVOKE,VIRTUAL,extra=[android.telephony.TelephonyManager/getDeviceId[], [3]]>, [reg 1@MainActivity/onCreate]=<10 INVOKE,VIRTUAL,extra=[android.telephony.TelephonyManager/getDeviceId[], [3]]>}
Executor - [MSG]: 

Executor - [MSG]: <19 NEW,INSTANCE,dst=r2,type=android.content.Intent> at de.ecspride.MainActivity/onCreate[android.os.Bundle]
OP_NEW_INSTANCE - [DEBUG]: [reg 2@MainActivity/onCreate]
DalvikVM - [WARN]: ar 2, (null, android.content.Intent)
OP_NEW_INSTANCE - [BB]: Reflecable instance.
DalvikVM - [BB]: fu.hao.trust.dvm.Executor$OP_NEW_INSTANCE -> jump set pc to 20
TaintSumBranch - [BB]: Rdst [reg 2@MainActivity/onCreate]
PluginManager - [MSG]: TaintSumBranch Tainted Res: {[reg 1@MainActivity/onCreate]=<10 INVOKE,VIRTUAL,extra=[android.telephony.TelephonyManager/getDeviceId[], [3]]>, 359874043116909=<10 INVOKE,VIRTUAL,extra=[android.telephony.TelephonyManager/getDeviceId[], [3]]>}
Executor - [MSG]: 

Executor - [MSG]: <20 INVOKE,DIRECT,extra=[android.content.Intent/<init>[], [2]]> at de.ecspride.MainActivity/onCreate[android.os.Bundle]
Executor - [MSG]: arg0 obj: null
Executor - [BB]: android.content.Intent/<init>[] is a constructor!
DalvikVM - [WARN]: ar 2 (null, android.content.Intent), ([intent:, null, {}], void)
Executor - [DEBUG]: Reflected init instance: [intent:, null, {}], class android.content.Intent
DalvikVM - [BB]: fu.hao.trust.dvm.Executor -> jump set pc to 21
TaintSumBranch - [BB]: <android.content.Intent: void <init>()>
TaintSumBranch - [DEBUG]: Not a taint call: <android.content.Intent: void <init>()>
PluginManager - [MSG]: TaintSumBranch Tainted Res: {[reg 1@MainActivity/onCreate]=<10 INVOKE,VIRTUAL,extra=[android.telephony.TelephonyManager/getDeviceId[], [3]]>, 359874043116909=<10 INVOKE,VIRTUAL,extra=[android.telephony.TelephonyManager/getDeviceId[], [3]]>}
Executor - [MSG]: 

Executor - [MSG]: <21 MOV,CONST,dst=r3,type=java.lang.String,extra="de.ecspride.MyAction"> at de.ecspride.MainActivity/onCreate[android.os.Bundle]
Executor - [DEBUG]: Mov const begin <21 MOV,CONST,dst=r3,type=java.lang.String,extra="de.ecspride.MyAction">
DalvikVM - [WARN]: ar 3 (instance number 1@de.ecspride.MainActivity$MyReceiver, de.ecspride.MainActivity$MyReceiver), (de.ecspride.MyAction, java.lang.String)
Executor - [DEBUG]: data: de.ecspride.MyAction class java.lang.String
DalvikVM - [BB]: fu.hao.trust.dvm.Executor$OP_MOV_CONST -> jump set pc to 22
PluginManager - [MSG]: TaintSumBranch Tainted Res: {359874043116909=<10 INVOKE,VIRTUAL,extra=[android.telephony.TelephonyManager/getDeviceId[], [3]]>, [reg 1@MainActivity/onCreate]=<10 INVOKE,VIRTUAL,extra=[android.telephony.TelephonyManager/getDeviceId[], [3]]>}
Executor - [MSG]: 

Executor - [MSG]: <22 INVOKE,VIRTUAL,extra=[android.content.Intent/setAction[java.lang.String], [2, 3]]> at de.ecspride.MainActivity/onCreate[android.os.Bundle]
Executor - [MSG]: arg0 obj: [intent:, null, {}]
Executor - [DEBUG]: Reflction class: class android.content.Intent
Executor - [BB]: Normal args? true
Executor - [BB]: arg1@reg3: de.ecspride.MyAction
Executor - [BB]: Nargs? true
Executor - [DEBUG]: Caller obj: [intent:, null, {}], from class: class android.content.Intent
DalvikVM - [WARN]: ar -1, ([intent:de.ecspride.MyAction, null, {}], android.content.Intent)
Executor - [DEBUG]: Return data: [intent:de.ecspride.MyAction, null, {}] ,class android.content.Intent
Executor - [MSG]: Reflction invocation public android.content.Intent android.content.Intent.setAction(java.lang.String)
DalvikVM - [BB]: Set reflective call: public android.content.Intent android.content.Intent.setAction(java.lang.String)
DalvikVM - [BB]: fu.hao.trust.dvm.Executor -> jump set pc to 23
TaintSumBranch - [BB]: <android.content.Intent: android.content.Intent setAction(java.lang.String)>
TaintSumBranch - [BB]: Found a sink invocation. <android.content.Intent: android.content.Intent setAction(java.lang.String)>
PluginManager - [MSG]: TaintSumBranch Tainted Res: {359874043116909=<10 INVOKE,VIRTUAL,extra=[android.telephony.TelephonyManager/getDeviceId[], [3]]>, [reg 1@MainActivity/onCreate]=<10 INVOKE,VIRTUAL,extra=[android.telephony.TelephonyManager/getDeviceId[], [3]]>}
Executor - [MSG]: 

Executor - [MSG]: <23 INVOKE,VIRTUAL,extra=[android.content.ContextWrapper/sendBroadcast[android.content.Intent], [5, 2]]> at de.ecspride.MainActivity/onCreate[android.os.Bundle]
Executor - [BB]: sendBroadCast found
Executor - [WARN]: Intent found![intent:de.ecspride.MyAction, null, {}]
Executor - [MSG]: arg0 obj: Activity:instance number 1@de.ecspride.MainActivity
Executor - [DEBUG]: Reflction class: class android.content.ContextWrapper
Executor - [BB]: Normal args? true
Executor - [BB]: arg1@reg2: [intent:de.ecspride.MyAction, null, {}]
Executor - [BB]: Nargs? true
Executor - [DEBUG]: Caller obj: Activity:instance number 1@de.ecspride.MainActivity, from class: class android.app.Activity
DalvikVM - [BB]: New method call: de.ecspride.MainActivity$MyReceiver/onReceive[android.content.Context, android.content.Intent]
DalvikVM - [BB]: [0]<0 SPECIAL,ARGUMENT_SET,extra=[6, 7, 8]>
DalvikVM - [BB]: [1]<0 MOV,CONST,dst=r2,type=void,extra=class patdroid.core.PrimitiveInfo?0>
DalvikVM - [BB]: [2]<1 MOV,CONST,dst=r1,type=java.lang.String,extra="DroidBench">
DalvikVM - [BB]: [3]<0 INSTANCE,IGET,r0=r6,r1=r3,type=java.lang.Object,extra=de.ecspride.MainActivity$MyReceiver.deviceId>
DalvikVM - [BB]: [4]<0 INVOKE,STATIC,extra=[android.util.Log/d[java.lang.String, java.lang.String], [1, 3]]>
DalvikVM - [BB]: [5]<0 INVOKE,STATIC,extra=[android.telephony.SmsManager/getDefault[], []]>
DalvikVM - [BB]: [6]<0 MOV,RESULT,dst=r0,type=java.lang.Object>
DalvikVM - [BB]: [7]<6 MOV,CONST,dst=r1,type=java.lang.String,extra="+49 1234">
DalvikVM - [BB]: [8]<0 INSTANCE,IGET,r0=r6,r1=r3,type=java.lang.Object,extra=de.ecspride.MainActivity$MyReceiver.deviceId>
DalvikVM - [BB]: [9]<0 MOV,REG,dst=r4,r0=r2,type=java.lang.Object>
DalvikVM - [BB]: [10]<0 MOV,REG,dst=r5,r0=r2,type=java.lang.Object>
DalvikVM - [BB]: [11]<0 INVOKE,VIRTUAL,extra=[android.telephony.SmsManager/sendTextMessage[java.lang.String, java.lang.String, java.lang.String, android.app.PendingIntent, android.app.PendingIntent], [0, 1, 2, 3, 4, 5]]>
DalvikVM - [BB]: [12]<0 RETURN,VOID>
DalvikVM - [WARN]: ar -2, (instance number 1@de.ecspride.MainActivity$MyReceiver, de.ecspride.MainActivity$MyReceiver)
DalvikVM - [WARN]: ar -2, (Activity:instance number 1@de.ecspride.MainActivity, de.ecspride.MainActivity)
DalvikVM - [WARN]: ar -2, ([intent:de.ecspride.MyAction, null, {}], android.content.Intent)
newStackFrame - [BB]: New Stack Frame: StackFrame de.ecspride.MainActivity$MyReceiver/onReceive[android.content.Context, android.content.Intent], pc 23 stored. 
newStackFrame - [BB]: Stack: [StackFrame de.ecspride.MainActivity/onCreate[android.os.Bundle]]
DalvikVM - [MSG]: Begin run instrumented methods!
DalvikVM - [BB]: Add frames [StackFrame de.ecspride.MainActivity$MyReceiver/onReceive[android.content.Context, android.content.Intent]]
DalvikVM - [BB]: fu.hao.trust.dvm.DalvikVM -> runInstrumentedMethods set pc to 0
Executor - [MSG]: 

Executor - [MSG]: <0 SPECIAL,ARGUMENT_SET,extra=[6, 7, 8]> at de.ecspride.MainActivity$MyReceiver/onReceive[android.content.Context, android.content.Intent]
DalvikVM - [WARN]: ar 6, (instance number 1@de.ecspride.MainActivity$MyReceiver, de.ecspride.MainActivity$MyReceiver)
Executor - [DEBUG]: params: instance number 1@de.ecspride.MainActivity$MyReceiver
DalvikVM - [WARN]: ar 7, (Activity:instance number 1@de.ecspride.MainActivity, de.ecspride.MainActivity)
Executor - [DEBUG]: params: Activity:instance number 1@de.ecspride.MainActivity
DalvikVM - [WARN]: ar 8, ([intent:de.ecspride.MyAction, null, {}], android.content.Intent)
Executor - [DEBUG]: params: [intent:de.ecspride.MyAction, null, {}]
DalvikVM - [BB]: fu.hao.trust.dvm.Executor$OP_SP_ARGUMENTS -> jump set pc to 1
TaintSumBranch - [BB]: Copy 359874043116909 as tainted.
PluginManager - [MSG]: TaintSumBranch Tainted Res: {359874043116909=<10 INVOKE,VIRTUAL,extra=[android.telephony.TelephonyManager/getDeviceId[], [3]]>}
Executor - [MSG]: 

Executor - [MSG]: <1 MOV,CONST,dst=r2,type=void,extra=class patdroid.core.PrimitiveInfo?0> at de.ecspride.MainActivity$MyReceiver/onReceive[android.content.Context, android.content.Intent]
Executor - [DEBUG]: Mov const begin <1 MOV,CONST,dst=r2,type=void,extra=class patdroid.core.PrimitiveInfo?0>
DalvikVM - [WARN]: ar 2, (0, void)
Executor - [DEBUG]: data: 0 class patdroid.core.PrimitiveInfo
DalvikVM - [BB]: fu.hao.trust.dvm.Executor$OP_MOV_CONST -> jump set pc to 2
PluginManager - [MSG]: TaintSumBranch Tainted Res: {359874043116909=<10 INVOKE,VIRTUAL,extra=[android.telephony.TelephonyManager/getDeviceId[], [3]]>}
Executor - [MSG]: 

Executor - [MSG]: <2 MOV,CONST,dst=r1,type=java.lang.String,extra="DroidBench"> at de.ecspride.MainActivity$MyReceiver/onReceive[android.content.Context, android.content.Intent]
Executor - [DEBUG]: Mov const begin <2 MOV,CONST,dst=r1,type=java.lang.String,extra="DroidBench">
DalvikVM - [WARN]: ar 1, (DroidBench, java.lang.String)
Executor - [DEBUG]: data: DroidBench class java.lang.String
DalvikVM - [BB]: fu.hao.trust.dvm.Executor$OP_MOV_CONST -> jump set pc to 3
PluginManager - [MSG]: TaintSumBranch Tainted Res: {359874043116909=<10 INVOKE,VIRTUAL,extra=[android.telephony.TelephonyManager/getDeviceId[], [3]]>}
Executor - [MSG]: 

Executor - [MSG]: <3 INSTANCE,IGET,r0=r6,r1=r3,type=java.lang.Object,extra=de.ecspride.MainActivity$MyReceiver.deviceId> at de.ecspride.MainActivity$MyReceiver/onReceive[android.content.Context, android.content.Intent]
class fu.hao.trust.dvm.Executor$OP_INSTANCE_GET_FIELD - [BB]: Obj instance number 1@de.ecspride.MainActivity$MyReceiver
class fu.hao.trust.dvm.Executor$OP_INSTANCE_GET_FIELD - [BB]: Fieldinfo de.ecspride.MainActivity$MyReceiver.deviceId
DalvikVM - [WARN]: ar 3, (359874043116909, java.lang.String)
class fu.hao.trust.dvm.Executor$OP_INSTANCE_GET_FIELD - [DEBUG]: Get data: 359874043116909
DalvikVM - [BB]: fu.hao.trust.dvm.Executor$OP_INSTANCE_GET_FIELD -> jump set pc to 4
TaintSumBranch - [BB]: Add [reg 3@MainActivity$MyReceiver/onReceive] as tainted due to field 359874043116909
PluginManager - [MSG]: TaintSumBranch Tainted Res: {[reg 3@MainActivity$MyReceiver/onReceive]=<10 INVOKE,VIRTUAL,extra=[android.telephony.TelephonyManager/getDeviceId[], [3]]>, 359874043116909=<10 INVOKE,VIRTUAL,extra=[android.telephony.TelephonyManager/getDeviceId[], [3]]>}
Executor - [MSG]: 

Executor - [MSG]: <4 INVOKE,STATIC,extra=[android.util.Log/d[java.lang.String, java.lang.String], [1, 3]]> at de.ecspride.MainActivity$MyReceiver/onReceive[android.content.Context, android.content.Intent]
Executor - [DEBUG]: Reflction class android.util.Log
Executor - [BB]: arg0@reg1: DroidBench
Executor - [BB]: arg1@reg3: 359874043116909
Executor - [BB]: param: DroidBench
Executor - [BB]: param: 359874043116909
DalvikVM - [WARN]: ar -1, (1, int)
Executor - [MSG]: reflction invocation public static int android.util.Log.d(java.lang.String,java.lang.String)
DalvikVM - [BB]: Set reflective call: public static int android.util.Log.d(java.lang.String,java.lang.String)
DalvikVM - [BB]: fu.hao.trust.dvm.Executor$OP_INVOKE_STATIC -> jump set pc to 5
TaintSumBranch - [BB]: <android.util.Log: int d(java.lang.String,java.lang.String)>
TaintSumBranch - [WARN]: Found a tainted return val!
Results - [MSG]: New recorded tainted field: d
TaintSumBranch - [DEBUG]: Not a taint call: <android.util.Log: int d(java.lang.String,java.lang.String)>
TaintSumBranch - [WARN]: Found a tainted return val!
PluginManager - [MSG]: TaintSumBranch Tainted Res: {[reg 3@MainActivity$MyReceiver/onReceive]=<10 INVOKE,VIRTUAL,extra=[android.telephony.TelephonyManager/getDeviceId[], [3]]>, 359874043116909=<10 INVOKE,VIRTUAL,extra=[android.telephony.TelephonyManager/getDeviceId[], [3]]>, [Global RetReg]=<10 INVOKE,VIRTUAL,extra=[android.telephony.TelephonyManager/getDeviceId[], [3]]>}
Executor - [MSG]: 

Executor - [MSG]: <5 INVOKE,STATIC,extra=[android.telephony.SmsManager/getDefault[], []]> at de.ecspride.MainActivity$MyReceiver/onReceive[android.content.Context, android.content.Intent]
Executor - [DEBUG]: Reflction class android.telephony.SmsManager
DalvikVM - [WARN]: ar -1, (android.telephony.SmsManager@71f31c4e, android.telephony.SmsManager)
Executor - [MSG]: reflction invocation public static android.telephony.SmsManager android.telephony.SmsManager.getDefault()
DalvikVM - [BB]: Set reflective call: public static android.telephony.SmsManager android.telephony.SmsManager.getDefault()
DalvikVM - [BB]: fu.hao.trust.dvm.Executor$OP_INVOKE_STATIC -> jump set pc to 6
TaintSumBranch - [BB]: <android.telephony.SmsManager: android.telephony.SmsManager getDefault()>
TaintSumBranch - [DEBUG]: Not a taint call: <android.telephony.SmsManager: android.telephony.SmsManager getDefault()>
PluginManager - [MSG]: TaintSumBranch Tainted Res: {[reg 3@MainActivity$MyReceiver/onReceive]=<10 INVOKE,VIRTUAL,extra=[android.telephony.TelephonyManager/getDeviceId[], [3]]>, 359874043116909=<10 INVOKE,VIRTUAL,extra=[android.telephony.TelephonyManager/getDeviceId[], [3]]>}
Executor - [MSG]: 

Executor - [MSG]: <6 MOV,RESULT,dst=r0,type=java.lang.Object> at de.ecspride.MainActivity$MyReceiver/onReceive[android.content.Context, android.content.Intent]
DalvikVM - [WARN]: ar 0, (android.telephony.SmsManager@71f31c4e, android.telephony.SmsManager)
OP_MOV_RESULT - [BB]: Result data: android.telephony.SmsManager@71f31c4e
OP_MOV_RESULT - [DEBUG]: Result data: android.telephony.SmsManager@71f31c4e, type: android.telephony.SmsManager, to [reg 0@MainActivity$MyReceiver/onReceive]
DalvikVM - [BB]: fu.hao.trust.dvm.Executor$OP_MOV_RESULT -> jump set pc to 7
PluginManager - [MSG]: TaintSumBranch Tainted Res: {[reg 3@MainActivity$MyReceiver/onReceive]=<10 INVOKE,VIRTUAL,extra=[android.telephony.TelephonyManager/getDeviceId[], [3]]>, 359874043116909=<10 INVOKE,VIRTUAL,extra=[android.telephony.TelephonyManager/getDeviceId[], [3]]>}
Executor - [MSG]: 

Executor - [MSG]: <7 MOV,CONST,dst=r1,type=java.lang.String,extra="+49 1234"> at de.ecspride.MainActivity$MyReceiver/onReceive[android.content.Context, android.content.Intent]
Executor - [DEBUG]: Mov const begin <7 MOV,CONST,dst=r1,type=java.lang.String,extra="+49 1234">
DalvikVM - [WARN]: ar 1 (DroidBench, java.lang.String), (+49 1234, java.lang.String)
Executor - [DEBUG]: data: +49 1234 class java.lang.String
DalvikVM - [BB]: fu.hao.trust.dvm.Executor$OP_MOV_CONST -> jump set pc to 8
PluginManager - [MSG]: TaintSumBranch Tainted Res: {[reg 3@MainActivity$MyReceiver/onReceive]=<10 INVOKE,VIRTUAL,extra=[android.telephony.TelephonyManager/getDeviceId[], [3]]>, 359874043116909=<10 INVOKE,VIRTUAL,extra=[android.telephony.TelephonyManager/getDeviceId[], [3]]>}
Executor - [MSG]: 

Executor - [MSG]: <8 INSTANCE,IGET,r0=r6,r1=r3,type=java.lang.Object,extra=de.ecspride.MainActivity$MyReceiver.deviceId> at de.ecspride.MainActivity$MyReceiver/onReceive[android.content.Context, android.content.Intent]
class fu.hao.trust.dvm.Executor$OP_INSTANCE_GET_FIELD - [BB]: Obj instance number 1@de.ecspride.MainActivity$MyReceiver
class fu.hao.trust.dvm.Executor$OP_INSTANCE_GET_FIELD - [BB]: Fieldinfo de.ecspride.MainActivity$MyReceiver.deviceId
DalvikVM - [WARN]: ar 3 (359874043116909, java.lang.String), (359874043116909, java.lang.String)
class fu.hao.trust.dvm.Executor$OP_INSTANCE_GET_FIELD - [DEBUG]: Get data: 359874043116909
DalvikVM - [BB]: fu.hao.trust.dvm.Executor$OP_INSTANCE_GET_FIELD -> jump set pc to 9
TaintSumBranch - [BB]: Add [reg 3@MainActivity$MyReceiver/onReceive] as tainted due to field 359874043116909
PluginManager - [MSG]: TaintSumBranch Tainted Res: {[reg 3@MainActivity$MyReceiver/onReceive]=<10 INVOKE,VIRTUAL,extra=[android.telephony.TelephonyManager/getDeviceId[], [3]]>, 359874043116909=<10 INVOKE,VIRTUAL,extra=[android.telephony.TelephonyManager/getDeviceId[], [3]]>}
Executor - [MSG]: 

Executor - [MSG]: <9 MOV,REG,dst=r4,r0=r2,type=java.lang.Object> at de.ecspride.MainActivity$MyReceiver/onReceive[android.content.Context, android.content.Intent]
DalvikVM - [WARN]: ar 4, (0, void)
class fu.hao.trust.dvm.Executor$OP_MOVE_REG - [DEBUG]: mov 0 to 0
DalvikVM - [BB]: fu.hao.trust.dvm.Executor$OP_MOVE_REG -> jump set pc to 10
PluginManager - [MSG]: TaintSumBranch Tainted Res: {[reg 3@MainActivity$MyReceiver/onReceive]=<10 INVOKE,VIRTUAL,extra=[android.telephony.TelephonyManager/getDeviceId[], [3]]>, 359874043116909=<10 INVOKE,VIRTUAL,extra=[android.telephony.TelephonyManager/getDeviceId[], [3]]>}
Executor - [MSG]: 

Executor - [MSG]: <10 MOV,REG,dst=r5,r0=r2,type=java.lang.Object> at de.ecspride.MainActivity$MyReceiver/onReceive[android.content.Context, android.content.Intent]
DalvikVM - [WARN]: ar 5, (0, void)
class fu.hao.trust.dvm.Executor$OP_MOVE_REG - [DEBUG]: mov 0 to 0
DalvikVM - [BB]: fu.hao.trust.dvm.Executor$OP_MOVE_REG -> jump set pc to 11
PluginManager - [MSG]: TaintSumBranch Tainted Res: {[reg 3@MainActivity$MyReceiver/onReceive]=<10 INVOKE,VIRTUAL,extra=[android.telephony.TelephonyManager/getDeviceId[], [3]]>, 359874043116909=<10 INVOKE,VIRTUAL,extra=[android.telephony.TelephonyManager/getDeviceId[], [3]]>}
Executor - [MSG]: 

Executor - [MSG]: <11 INVOKE,VIRTUAL,extra=[android.telephony.SmsManager/sendTextMessage[java.lang.String, java.lang.String, java.lang.String, android.app.PendingIntent, android.app.PendingIntent], [0, 1, 2, 3, 4, 5]]> at de.ecspride.MainActivity$MyReceiver/onReceive[android.content.Context, android.content.Intent]
Executor - [MSG]: arg0 obj: android.telephony.SmsManager@71f31c4e
Executor - [DEBUG]: Reflction class: class android.telephony.SmsManager
Executor - [BB]: Normal args? true
Executor - [BB]: arg1@reg1: +49 1234
Executor - [BB]: arg2@reg2: 0
Executor - [WARN]: Mismatch type! arg 2, real para type: class patdroid.core.PrimitiveInfo, expected para type: class java.lang.String
Executor - [BB]: arg3@reg3: 359874043116909
Executor - [BB]: arg4@reg4: 0
Executor - [WARN]: Mismatch type! arg 4, real para type: class patdroid.core.PrimitiveInfo, expected para type: class android.app.PendingIntent
Executor - [BB]: arg5@reg5: 0
Executor - [WARN]: Mismatch type! arg 5, real para type: class patdroid.core.PrimitiveInfo, expected para type: class android.app.PendingIntent
Executor - [BB]: Nargs? true
Executor - [DEBUG]: Caller obj: android.telephony.SmsManager@71f31c4e, from class: class android.telephony.SmsManager
DalvikVM - [WARN]: ar -1, (null, void)
Executor - [MSG]: Reflction invocation public void android.telephony.SmsManager.sendTextMessage(java.lang.String,java.lang.String,java.lang.String,android.app.PendingIntent,android.app.PendingIntent)
DalvikVM - [BB]: Set reflective call: public void android.telephony.SmsManager.sendTextMessage(java.lang.String,java.lang.String,java.lang.String,android.app.PendingIntent,android.app.PendingIntent)
DalvikVM - [BB]: fu.hao.trust.dvm.Executor -> jump set pc to 12
TaintSumBranch - [BB]: <android.telephony.SmsManager: void sendTextMessage(java.lang.String,java.lang.String,java.lang.String,android.app.PendingIntent,android.app.PendingIntent)>
TaintSumBranch - [WARN]: Found a tainted return val!
Results - [MSG]: New recorded tainted field: sendTextMessage
TaintSumBranch - [BB]: Found a sink invocation. <android.telephony.SmsManager: void sendTextMessage(java.lang.String,java.lang.String,java.lang.String,android.app.PendingIntent,android.app.PendingIntent)>
TaintSumBranch - [WARN]: Found a tainted sink <android.telephony.SmsManager: void sendTextMessage(java.lang.String,java.lang.String,java.lang.String,android.app.PendingIntent,android.app.PendingIntent)> leaking data [359874043116909] at reg 3!!!
PluginManager - [MSG]: TaintSumBranch Tainted Res: {[reg 3@MainActivity$MyReceiver/onReceive]=<10 INVOKE,VIRTUAL,extra=[android.telephony.TelephonyManager/getDeviceId[], [3]]>, 359874043116909=<10 INVOKE,VIRTUAL,extra=[android.telephony.TelephonyManager/getDeviceId[], [3]]>, [Global RetReg]=<10 INVOKE,VIRTUAL,extra=[android.telephony.TelephonyManager/getDeviceId[], [3]]>}
Executor - [MSG]: 

Executor - [MSG]: <12 RETURN,VOID> at de.ecspride.MainActivity$MyReceiver/onReceive[android.content.Context, android.content.Intent]
class fu.hao.trust.dvm.Executor$OP_RETURN_VOID - [DEBUG]: Return void
DalvikVM - [BB]: stack [StackFrame de.ecspride.MainActivity/onCreate[android.os.Bundle]]
DalvikVM - [BB]: Back to the last stack frame.StackFrame de.ecspride.MainActivity/onCreate[android.os.Bundle]
PluginManager - [MSG]: TaintSumBranch Tainted Res: {359874043116909=<10 INVOKE,VIRTUAL,extra=[android.telephony.TelephonyManager/getDeviceId[], [3]]>, [reg 1@MainActivity/onCreate]=<10 INVOKE,VIRTUAL,extra=[android.telephony.TelephonyManager/getDeviceId[], [3]]>, [Global RetReg]=<10 INVOKE,VIRTUAL,extra=[android.telephony.TelephonyManager/getDeviceId[], [3]]>}
DalvikVM - [MSG]: Finish running instrumented methods! Back to StackFrame de.ecspride.MainActivity/onCreate[android.os.Bundle]
DalvikVM - [WARN]: ar -1 (null, void), (null, void)
Executor - [MSG]: Reflction invocation public void android.content.ContextWrapper.sendBroadcast(android.content.Intent)
DalvikVM - [BB]: Set reflective call: public void android.content.ContextWrapper.sendBroadcast(android.content.Intent)
DalvikVM - [BB]: fu.hao.trust.dvm.Executor -> jump set pc to 24
TaintSumBranch - [BB]: <android.content.ContextWrapper: void sendBroadcast(android.content.Intent)>
TaintSumBranch - [DEBUG]: Not a taint call: <android.content.ContextWrapper: void sendBroadcast(android.content.Intent)>
PluginManager - [MSG]: TaintSumBranch Tainted Res: {[reg 1@MainActivity/onCreate]=<10 INVOKE,VIRTUAL,extra=[android.telephony.TelephonyManager/getDeviceId[], [3]]>, 359874043116909=<10 INVOKE,VIRTUAL,extra=[android.telephony.TelephonyManager/getDeviceId[], [3]]>}
Executor - [MSG]: 

Executor - [MSG]: <24 RETURN,VOID> at de.ecspride.MainActivity/onCreate[android.os.Bundle]
class fu.hao.trust.dvm.Executor$OP_RETURN_VOID - [DEBUG]: Return void
DalvikVM - [BB]: stack []
DalvikVM - [BB]: Back to the last stack frame.null
DalvikVM - [MSG]: Finish running instrumented methods! Back to null
Executor - [MSG]: RUN BEGIN de.ecspride.MainActivity/onCreate[android.os.Bundle]
Executor - [MSG]: RUN DONE! The last one is null
DalvikVM - [BB]: New method call: de.ecspride.MainActivity$MyReceiver/onReceive[android.content.Context, android.content.Intent]
DalvikVM - [BB]: [0]<0 SPECIAL,ARGUMENT_SET,extra=[6, 7, 8]>
DalvikVM - [BB]: [1]<1 MOV,CONST,dst=r2,type=void,extra=class patdroid.core.PrimitiveInfo?0>
DalvikVM - [BB]: [2]<2 MOV,CONST,dst=r1,type=java.lang.String,extra="DroidBench">
DalvikVM - [BB]: [3]<3 INSTANCE,IGET,r0=r6,r1=r3,type=java.lang.Object,extra=de.ecspride.MainActivity$MyReceiver.deviceId>
DalvikVM - [BB]: [4]<4 INVOKE,STATIC,extra=[android.util.Log/d[java.lang.String, java.lang.String], [1, 3]]>
DalvikVM - [BB]: [5]<5 INVOKE,STATIC,extra=[android.telephony.SmsManager/getDefault[], []]>
DalvikVM - [BB]: [6]<6 MOV,RESULT,dst=r0,type=java.lang.Object>
DalvikVM - [BB]: [7]<7 MOV,CONST,dst=r1,type=java.lang.String,extra="+49 1234">
DalvikVM - [BB]: [8]<8 INSTANCE,IGET,r0=r6,r1=r3,type=java.lang.Object,extra=de.ecspride.MainActivity$MyReceiver.deviceId>
DalvikVM - [BB]: [9]<9 MOV,REG,dst=r4,r0=r2,type=java.lang.Object>
DalvikVM - [BB]: [10]<10 MOV,REG,dst=r5,r0=r2,type=java.lang.Object>
DalvikVM - [BB]: [11]<11 INVOKE,VIRTUAL,extra=[android.telephony.SmsManager/sendTextMessage[java.lang.String, java.lang.String, java.lang.String, android.app.PendingIntent, android.app.PendingIntent], [0, 1, 2, 3, 4, 5]]>
DalvikVM - [BB]: [12]<12 RETURN,VOID>
newStackFrame - [BB]: New Stack Frame: StackFrame de.ecspride.MainActivity$MyReceiver/onReceive[android.content.Context, android.content.Intent]
newStackFrame - [BB]: Add frame StackFrame de.ecspride.MainActivity$MyReceiver/onReceive[android.content.Context, android.content.Intent]
newStackFrame - [BB]: Stack: [StackFrame de.ecspride.MainActivity$MyReceiver/onReceive[android.content.Context, android.content.Intent]]
Executor - [MSG]: RUN BEGIN de.ecspride.MainActivity$MyReceiver/onReceive[android.content.Context, android.content.Intent]
DalvikVM - [BB]: fu.hao.trust.dvm.Executor -> execute set pc to 0
Executor - [MSG]: 

Executor - [MSG]: <0 SPECIAL,ARGUMENT_SET,extra=[6, 7, 8]> at de.ecspride.MainActivity$MyReceiver/onReceive[android.content.Context, android.content.Intent]
Executor - [WARN]: NULL CallingCtx!
DalvikVM - [WARN]: ar 6, (Activity:instance number 1@de.ecspride.MainActivity, de.ecspride.MainActivity$MyReceiver)
Executor - [DEBUG]: args: Activity:instance number 1@de.ecspride.MainActivity
Executor - [BB]: Start param from 1
DalvikVM - [BB]: Superclass: android.content.Context
DalvikVM - [BB]: Superclass: fu.hao.trust.dvm.DVMObject
DalvikVM - [BB]: Superclass: java.lang.Object
DVMObject - [BB]: New instance of android.content.Context
Caller@4: <init>@fu.hao.trust.dvm.DVMObject - [BB]: getClass android.content.Context at fu.hao.trust.dvm.VMHeap@37db1db7
Caller: <init>@fu.hao.trust.dvm.DVMObject - [BB]: Get DVMClass for type android.content.Context
Caller@4: <init>@fu.hao.trust.dvm.DVMObject - [BB]: getClass android.content.Context at fu.hao.trust.dvm.VMHeap@37db1db7
DalvikVM - [WARN]: ar 7, (instance number 1@android.content.Context, android.content.Context)
Executor - [DEBUG]: args: instance number 1@android.content.Context
DalvikVM - [WARN]: ar 8, ([intent:, null, {}], android.content.Intent)
Executor - [DEBUG]: args: [intent:, null, {}]
DalvikVM - [BB]: fu.hao.trust.dvm.Executor$OP_SP_ARGUMENTS -> jump set pc to 1
TaintSumBranch - [BB]: Copy 359874043116909 as tainted.
PluginManager - [MSG]: TaintSumBranch Tainted Res: {359874043116909=<10 INVOKE,VIRTUAL,extra=[android.telephony.TelephonyManager/getDeviceId[], [3]]>}
Executor - [MSG]: 

Executor - [MSG]: <1 MOV,CONST,dst=r2,type=void,extra=class patdroid.core.PrimitiveInfo?0> at de.ecspride.MainActivity$MyReceiver/onReceive[android.content.Context, android.content.Intent]
Executor - [DEBUG]: Mov const begin <1 MOV,CONST,dst=r2,type=void,extra=class patdroid.core.PrimitiveInfo?0>
DalvikVM - [WARN]: ar 2, (0, void)
Executor - [DEBUG]: data: 0 class patdroid.core.PrimitiveInfo
DalvikVM - [BB]: fu.hao.trust.dvm.Executor$OP_MOV_CONST -> jump set pc to 2
PluginManager - [MSG]: TaintSumBranch Tainted Res: {359874043116909=<10 INVOKE,VIRTUAL,extra=[android.telephony.TelephonyManager/getDeviceId[], [3]]>}
Executor - [MSG]: 

Executor - [MSG]: <2 MOV,CONST,dst=r1,type=java.lang.String,extra="DroidBench"> at de.ecspride.MainActivity$MyReceiver/onReceive[android.content.Context, android.content.Intent]
Executor - [DEBUG]: Mov const begin <2 MOV,CONST,dst=r1,type=java.lang.String,extra="DroidBench">
DalvikVM - [WARN]: ar 1, (DroidBench, java.lang.String)
Executor - [DEBUG]: data: DroidBench class java.lang.String
DalvikVM - [BB]: fu.hao.trust.dvm.Executor$OP_MOV_CONST -> jump set pc to 3
PluginManager - [MSG]: TaintSumBranch Tainted Res: {359874043116909=<10 INVOKE,VIRTUAL,extra=[android.telephony.TelephonyManager/getDeviceId[], [3]]>}
Executor - [MSG]: 

Executor - [MSG]: <3 INSTANCE,IGET,r0=r6,r1=r3,type=java.lang.Object,extra=de.ecspride.MainActivity$MyReceiver.deviceId> at de.ecspride.MainActivity$MyReceiver/onReceive[android.content.Context, android.content.Intent]
class fu.hao.trust.dvm.Executor$OP_INSTANCE_GET_FIELD - [BB]: Obj Activity:instance number 1@de.ecspride.MainActivity
class fu.hao.trust.dvm.Executor$OP_INSTANCE_GET_FIELD - [BB]: Fieldinfo de.ecspride.MainActivity$MyReceiver.deviceId
Unknown - [BB]: Unknown created!
Activity - [DEBUG]: put field [Unknown var:null, type: java.lang.String]
DalvikVM - [WARN]: ar 3, ([Unknown var:null, type: java.lang.String], java.lang.String)
class fu.hao.trust.dvm.Executor$OP_INSTANCE_GET_FIELD - [DEBUG]: Get data: [Unknown var:null, type: java.lang.String]
DalvikVM - [BB]: fu.hao.trust.dvm.Executor$OP_INSTANCE_GET_FIELD -> jump set pc to 4
PluginManager - [MSG]: TaintSumBranch Tainted Res: {359874043116909=<10 INVOKE,VIRTUAL,extra=[android.telephony.TelephonyManager/getDeviceId[], [3]]>}
Executor - [MSG]: 

Executor - [MSG]: <4 INVOKE,STATIC,extra=[android.util.Log/d[java.lang.String, java.lang.String], [1, 3]]> at de.ecspride.MainActivity$MyReceiver/onReceive[android.content.Context, android.content.Intent]
Executor - [DEBUG]: Reflction class android.util.Log
Executor - [BB]: arg0@reg1: DroidBench
Executor - [BB]: arg1@reg3: [Unknown var:null, type: java.lang.String]
Executor - [WARN]: Mismatch type! arg 1, real para type: class fu.hao.trust.solver.Unknown, expected para type: class java.lang.String
Executor - [DEBUG]: Found symbolic var with value: unknown
Executor - [BB]: param: DroidBench
Executor - [BB]: param: unknown
DalvikVM - [WARN]: ar -1, (1, int)
Executor - [MSG]: reflction invocation public static int android.util.Log.d(java.lang.String,java.lang.String)
DalvikVM - [BB]: Set reflective call: public static int android.util.Log.d(java.lang.String,java.lang.String)
DalvikVM - [BB]: fu.hao.trust.dvm.Executor$OP_INVOKE_STATIC -> jump set pc to 5
TaintSumBranch - [BB]: <android.util.Log: int d(java.lang.String,java.lang.String)>
TaintSumBranch - [DEBUG]: Not a taint call: <android.util.Log: int d(java.lang.String,java.lang.String)>
PluginManager - [MSG]: TaintSumBranch Tainted Res: {359874043116909=<10 INVOKE,VIRTUAL,extra=[android.telephony.TelephonyManager/getDeviceId[], [3]]>}
Executor - [MSG]: 

Executor - [MSG]: <5 INVOKE,STATIC,extra=[android.telephony.SmsManager/getDefault[], []]> at de.ecspride.MainActivity$MyReceiver/onReceive[android.content.Context, android.content.Intent]
Executor - [DEBUG]: Reflction class android.telephony.SmsManager
DalvikVM - [WARN]: ar -1, (android.telephony.SmsManager@7a4ff912, android.telephony.SmsManager)
Executor - [MSG]: reflction invocation public static android.telephony.SmsManager android.telephony.SmsManager.getDefault()
DalvikVM - [BB]: Set reflective call: public static android.telephony.SmsManager android.telephony.SmsManager.getDefault()
DalvikVM - [BB]: fu.hao.trust.dvm.Executor$OP_INVOKE_STATIC -> jump set pc to 6
TaintSumBranch - [BB]: <android.telephony.SmsManager: android.telephony.SmsManager getDefault()>
TaintSumBranch - [DEBUG]: Not a taint call: <android.telephony.SmsManager: android.telephony.SmsManager getDefault()>
PluginManager - [MSG]: TaintSumBranch Tainted Res: {359874043116909=<10 INVOKE,VIRTUAL,extra=[android.telephony.TelephonyManager/getDeviceId[], [3]]>}
Executor - [MSG]: 

Executor - [MSG]: <6 MOV,RESULT,dst=r0,type=java.lang.Object> at de.ecspride.MainActivity$MyReceiver/onReceive[android.content.Context, android.content.Intent]
DalvikVM - [WARN]: ar 0, (android.telephony.SmsManager@7a4ff912, android.telephony.SmsManager)
OP_MOV_RESULT - [BB]: Result data: android.telephony.SmsManager@7a4ff912
OP_MOV_RESULT - [DEBUG]: Result data: android.telephony.SmsManager@7a4ff912, type: android.telephony.SmsManager, to [reg 0@MainActivity$MyReceiver/onReceive]
DalvikVM - [BB]: fu.hao.trust.dvm.Executor$OP_MOV_RESULT -> jump set pc to 7
PluginManager - [MSG]: TaintSumBranch Tainted Res: {359874043116909=<10 INVOKE,VIRTUAL,extra=[android.telephony.TelephonyManager/getDeviceId[], [3]]>}
Executor - [MSG]: 

Executor - [MSG]: <7 MOV,CONST,dst=r1,type=java.lang.String,extra="+49 1234"> at de.ecspride.MainActivity$MyReceiver/onReceive[android.content.Context, android.content.Intent]
Executor - [DEBUG]: Mov const begin <7 MOV,CONST,dst=r1,type=java.lang.String,extra="+49 1234">
DalvikVM - [WARN]: ar 1 (DroidBench, java.lang.String), (+49 1234, java.lang.String)
Executor - [DEBUG]: data: +49 1234 class java.lang.String
DalvikVM - [BB]: fu.hao.trust.dvm.Executor$OP_MOV_CONST -> jump set pc to 8
PluginManager - [MSG]: TaintSumBranch Tainted Res: {359874043116909=<10 INVOKE,VIRTUAL,extra=[android.telephony.TelephonyManager/getDeviceId[], [3]]>}
Executor - [MSG]: 

Executor - [MSG]: <8 INSTANCE,IGET,r0=r6,r1=r3,type=java.lang.Object,extra=de.ecspride.MainActivity$MyReceiver.deviceId> at de.ecspride.MainActivity$MyReceiver/onReceive[android.content.Context, android.content.Intent]
class fu.hao.trust.dvm.Executor$OP_INSTANCE_GET_FIELD - [BB]: Obj Activity:instance number 1@de.ecspride.MainActivity
class fu.hao.trust.dvm.Executor$OP_INSTANCE_GET_FIELD - [BB]: Fieldinfo de.ecspride.MainActivity$MyReceiver.deviceId
DalvikVM - [WARN]: ar 3 ([Unknown var:unknown, type: java.lang.String], java.lang.String), ([Unknown var:unknown, type: java.lang.String], java.lang.String)
class fu.hao.trust.dvm.Executor$OP_INSTANCE_GET_FIELD - [DEBUG]: Get data: [Unknown var:unknown, type: java.lang.String]
DalvikVM - [BB]: fu.hao.trust.dvm.Executor$OP_INSTANCE_GET_FIELD -> jump set pc to 9
PluginManager - [MSG]: TaintSumBranch Tainted Res: {359874043116909=<10 INVOKE,VIRTUAL,extra=[android.telephony.TelephonyManager/getDeviceId[], [3]]>}
Executor - [MSG]: 

Executor - [MSG]: <9 MOV,REG,dst=r4,r0=r2,type=java.lang.Object> at de.ecspride.MainActivity$MyReceiver/onReceive[android.content.Context, android.content.Intent]
DalvikVM - [WARN]: ar 4, (0, void)
class fu.hao.trust.dvm.Executor$OP_MOVE_REG - [DEBUG]: mov 0 to 0
DalvikVM - [BB]: fu.hao.trust.dvm.Executor$OP_MOVE_REG -> jump set pc to 10
PluginManager - [MSG]: TaintSumBranch Tainted Res: {359874043116909=<10 INVOKE,VIRTUAL,extra=[android.telephony.TelephonyManager/getDeviceId[], [3]]>}
Executor - [MSG]: 

Executor - [MSG]: <10 MOV,REG,dst=r5,r0=r2,type=java.lang.Object> at de.ecspride.MainActivity$MyReceiver/onReceive[android.content.Context, android.content.Intent]
DalvikVM - [WARN]: ar 5, (0, void)
class fu.hao.trust.dvm.Executor$OP_MOVE_REG - [DEBUG]: mov 0 to 0
DalvikVM - [BB]: fu.hao.trust.dvm.Executor$OP_MOVE_REG -> jump set pc to 11
PluginManager - [MSG]: TaintSumBranch Tainted Res: {359874043116909=<10 INVOKE,VIRTUAL,extra=[android.telephony.TelephonyManager/getDeviceId[], [3]]>}
Executor - [MSG]: 

Executor - [MSG]: <11 INVOKE,VIRTUAL,extra=[android.telephony.SmsManager/sendTextMessage[java.lang.String, java.lang.String, java.lang.String, android.app.PendingIntent, android.app.PendingIntent], [0, 1, 2, 3, 4, 5]]> at de.ecspride.MainActivity$MyReceiver/onReceive[android.content.Context, android.content.Intent]
Executor - [MSG]: arg0 obj: android.telephony.SmsManager@7a4ff912
Executor - [DEBUG]: Reflction class: class android.telephony.SmsManager
Executor - [BB]: Normal args? true
Executor - [BB]: arg1@reg1: +49 1234
Executor - [BB]: arg2@reg2: 0
Executor - [WARN]: Mismatch type! arg 2, real para type: class patdroid.core.PrimitiveInfo, expected para type: class java.lang.String
Executor - [BB]: arg3@reg3: [Unknown var:unknown, type: java.lang.String]
Executor - [WARN]: Mismatch type! arg 3, real para type: class fu.hao.trust.solver.Unknown, expected para type: class java.lang.String
Executor - [DEBUG]: Found symbolic var with value: unknown
Executor - [BB]: arg4@reg4: 0
Executor - [WARN]: Mismatch type! arg 4, real para type: class patdroid.core.PrimitiveInfo, expected para type: class android.app.PendingIntent
Executor - [BB]: arg5@reg5: 0
Executor - [WARN]: Mismatch type! arg 5, real para type: class patdroid.core.PrimitiveInfo, expected para type: class android.app.PendingIntent
Executor - [BB]: Nargs? true
Executor - [DEBUG]: Caller obj: android.telephony.SmsManager@7a4ff912, from class: class android.telephony.SmsManager
DalvikVM - [WARN]: ar -1, (null, void)
Executor - [MSG]: Reflction invocation public void android.telephony.SmsManager.sendTextMessage(java.lang.String,java.lang.String,java.lang.String,android.app.PendingIntent,android.app.PendingIntent)
DalvikVM - [BB]: Set reflective call: public void android.telephony.SmsManager.sendTextMessage(java.lang.String,java.lang.String,java.lang.String,android.app.PendingIntent,android.app.PendingIntent)
DalvikVM - [BB]: fu.hao.trust.dvm.Executor -> jump set pc to 12
TaintSumBranch - [BB]: <android.telephony.SmsManager: void sendTextMessage(java.lang.String,java.lang.String,java.lang.String,android.app.PendingIntent,android.app.PendingIntent)>
TaintSumBranch - [BB]: Found a sink invocation. <android.telephony.SmsManager: void sendTextMessage(java.lang.String,java.lang.String,java.lang.String,android.app.PendingIntent,android.app.PendingIntent)>
PluginManager - [MSG]: TaintSumBranch Tainted Res: {359874043116909=<10 INVOKE,VIRTUAL,extra=[android.telephony.TelephonyManager/getDeviceId[], [3]]>}
Executor - [MSG]: 

Executor - [MSG]: <12 RETURN,VOID> at de.ecspride.MainActivity$MyReceiver/onReceive[android.content.Context, android.content.Intent]
class fu.hao.trust.dvm.Executor$OP_RETURN_VOID - [DEBUG]: Return void
DalvikVM - [BB]: stack []
DalvikVM - [BB]: Back to the last stack frame.null
Executor - [MSG]: RUN DONE! The last one is onReceive
DalvikVM - [MSG]: FINISHED!

main - [MSG]: Analysis has run for 2.34641461 seconds

