main - [MSG]: Retrieve intent target: android.intent.action.MAIN, de.ecspride.MainActivity
main - [MSG]: Src Chain: [(de.ecspride.MainActivity$1, onClick)]
main - [DEBUG]: Src Entry event: (de.ecspride.MainActivity, onCreate)
Activity - [MSG]: Find xml view with id 2131230721
Activity - [MSG]: Find xml view with id 2131230720
DalvikVM - [MSG]: Begin run onCreate at C:\Users\hao\workspace\DroidBenchProj\Unregister1\app\Unregister1.apk
DalvikVM - [MSG]: RUN Method de.ecspride.MainActivity/onCreate[android.os.Bundle]
DalvikVM - [BB]: New method call: de.ecspride.MainActivity/onCreate[android.os.Bundle]
DalvikVM - [BB]: [0]<0 SPECIAL,ARGUMENT_SET,extra=[2, 3]>
DalvikVM - [BB]: [1]<0 HALT,SUPER,extra=[null, [2, 3]]>
DalvikVM - [BB]: [2]<1 MOV,CONST,dst=r1,type=void,extra=class patdroid.core.PrimitiveInfo?2130903040>
DalvikVM - [BB]: [3]<0 INVOKE,VIRTUAL,extra=[android.app.Activity/setContentView[int], [2, 1]]>
DalvikVM - [BB]: [4]<3 MOV,CONST,dst=r1,type=void,extra=class patdroid.core.PrimitiveInfo?2131230721>
DalvikVM - [BB]: [5]<0 INVOKE,VIRTUAL,extra=[android.app.Activity/findViewById[int], [2, 1]]>
DalvikVM - [BB]: [6]<0 MOV,RESULT,dst=r0,type=java.lang.Object>
DalvikVM - [BB]: [7]<0 ARITHMETIC,CHECK-AND-CAST,dst=r0,type=android.widget.Button>
DalvikVM - [BB]: [8]<0 NEW,INSTANCE,dst=r1,type=de.ecspride.MainActivity$1>
DalvikVM - [BB]: [9]<0 INVOKE,DIRECT,extra=[de.ecspride.MainActivity$1/<init>[de.ecspride.MainActivity], [1, 2]]>
DalvikVM - [BB]: [10]<0 INVOKE,VIRTUAL,extra=[android.view.View/setOnClickListener[android.view.View$OnClickListener], [0, 1]]>
DalvikVM - [BB]: [11]<10 MOV,CONST,dst=r1,type=void,extra=class patdroid.core.PrimitiveInfo?0>
DalvikVM - [BB]: [12]<0 INVOKE,VIRTUAL,extra=[android.view.View/setOnClickListener[android.view.View$OnClickListener], [0, 1]]>
DalvikVM - [BB]: [13]<0 RETURN,VOID>
newStackFrame - [BB]: New Stack Frame: StackFrame de.ecspride.MainActivity/onCreate[android.os.Bundle]
newStackFrame - [BB]: Add frame StackFrame de.ecspride.MainActivity/onCreate[android.os.Bundle]
newStackFrame - [BB]: Stack: [StackFrame de.ecspride.MainActivity/onCreate[android.os.Bundle]]
Activity - [BB]: New instance of de.ecspride.MainActivity
Caller@4: <init>@fu.hao.trust.dvm.DVMObject - [BB]: getClass de.ecspride.MainActivity at fu.hao.trust.dvm.VMHeap@c0880a8
Caller: getClass@fu.hao.trust.dvm.VMHeap - [BB]: new class representation for de.ecspride.MainActivity at fu.hao.trust.dvm.VMHeap@c0880a8
Caller@4: <init>@fu.hao.trust.dvm.DVMClass - [BB]: getClass android.app.Activity at fu.hao.trust.dvm.VMHeap@c0880a8
Caller: getClass@fu.hao.trust.dvm.VMHeap - [BB]: new class representation for android.app.Activity at fu.hao.trust.dvm.VMHeap@c0880a8
Caller@4: <init>@fu.hao.trust.dvm.DVMClass - [BB]: getClass android.content.ContextWrapper at fu.hao.trust.dvm.VMHeap@c0880a8
Caller: getClass@fu.hao.trust.dvm.VMHeap - [BB]: new class representation for android.content.ContextWrapper at fu.hao.trust.dvm.VMHeap@c0880a8
Caller@4: <init>@fu.hao.trust.dvm.DVMClass - [BB]: getClass android.content.Context at fu.hao.trust.dvm.VMHeap@c0880a8
Caller: getClass@fu.hao.trust.dvm.VMHeap - [BB]: new class representation for android.content.Context at fu.hao.trust.dvm.VMHeap@c0880a8
Caller@4: <init>@fu.hao.trust.dvm.DVMClass - [BB]: getClass fu.hao.trust.dvm.DVMObject at fu.hao.trust.dvm.VMHeap@c0880a8
Caller: getClass@fu.hao.trust.dvm.VMHeap - [BB]: new class representation for fu.hao.trust.dvm.DVMObject at fu.hao.trust.dvm.VMHeap@c0880a8
Caller: <init>@fu.hao.trust.dvm.DVMClass - [BB]: Get DVMClass for type fu.hao.trust.dvm.DVMObject
Caller@4: <init>@fu.hao.trust.dvm.DVMClass - [BB]: getClass fu.hao.trust.dvm.DVMObject at fu.hao.trust.dvm.VMHeap@c0880a8
Caller: <init>@fu.hao.trust.dvm.DVMClass - [BB]: Get DVMClass for type android.content.Context
Caller@4: <init>@fu.hao.trust.dvm.DVMClass - [BB]: getClass android.content.Context at fu.hao.trust.dvm.VMHeap@c0880a8
Caller: <init>@fu.hao.trust.dvm.DVMClass - [BB]: Get DVMClass for type android.content.ContextWrapper
Caller@4: <init>@fu.hao.trust.dvm.DVMClass - [BB]: getClass android.content.ContextWrapper at fu.hao.trust.dvm.VMHeap@c0880a8
Caller: <init>@fu.hao.trust.dvm.DVMClass - [BB]: Get DVMClass for type android.app.Activity
Caller@4: <init>@fu.hao.trust.dvm.DVMClass - [BB]: getClass android.app.Activity at fu.hao.trust.dvm.VMHeap@c0880a8
Caller: <init>@fu.hao.trust.dvm.DVMObject - [BB]: Get DVMClass for type de.ecspride.MainActivity
Caller@4: <init>@fu.hao.trust.dvm.DVMObject - [BB]: getClass de.ecspride.MainActivity at fu.hao.trust.dvm.VMHeap@c0880a8
Activity - [MSG]: Not empty constructor
DalvikVM - [BB]: New method call: de.ecspride.MainActivity/<init>[]
DalvikVM - [BB]: [0]<0 SPECIAL,ARGUMENT_SET,extra=[0]>
DalvikVM - [BB]: [1]<0 INVOKE,DIRECT,extra=[java.lang.Object/<init>[], [0]]>
DalvikVM - [BB]: [2]<0 RETURN,VOID>
DalvikVM - [WARN]: ar -2, (Activity:instance number 1@de.ecspride.MainActivity, de.ecspride.MainActivity)
newStackFrame - [BB]: New Stack Frame: StackFrame de.ecspride.MainActivity/<init>[], pc -1 stored. 
newStackFrame - [BB]: Stack: [StackFrame de.ecspride.MainActivity/onCreate[android.os.Bundle]]
DalvikVM - [MSG]: Begin run instrumented methods!
DalvikVM - [BB]: Add frames [StackFrame de.ecspride.MainActivity/<init>[]]
DalvikVM - [BB]: fu.hao.trust.dvm.DalvikVM -> runInstrumentedMethods set pc to 0
Executor - [MSG]: 

Executor - [MSG]: <0 SPECIAL,ARGUMENT_SET,extra=[0]> at de.ecspride.MainActivity/<init>[]
DalvikVM - [WARN]: ar 0, (Activity:instance number 1@de.ecspride.MainActivity, de.ecspride.MainActivity)
Executor - [DEBUG]: params: Activity:instance number 1@de.ecspride.MainActivity
DalvikVM - [BB]: fu.hao.trust.dvm.Executor$OP_SP_ARGUMENTS -> jump set pc to 1
PluginManager - [MSG]: TaintSumBranch Tainted Res: {}
Executor - [MSG]: 

Executor - [MSG]: <1 INVOKE,DIRECT,extra=[java.lang.Object/<init>[], [0]]> at de.ecspride.MainActivity/<init>[]
Executor - [MSG]: arg0 obj: Activity:instance number 1@de.ecspride.MainActivity
Executor - [MSG]: Replace the clazz.
Executor - [BB]: java.lang.Object/<init>[] is a constructor!
Executor - [WARN]: Reflection error: de.ecspride.MainActivity
DalvikVM - [BB]: fu.hao.trust.dvm.Executor -> jump set pc to 2
TaintSumBranch - [BB]: <java.lang.Object: void <init>()>
TaintSumBranch - [DEBUG]: Not a taint call: <java.lang.Object: void <init>()>
PluginManager - [MSG]: TaintSumBranch Tainted Res: {}
Executor - [MSG]: 

Executor - [MSG]: <2 RETURN,VOID> at de.ecspride.MainActivity/<init>[]
class fu.hao.trust.dvm.Executor$OP_RETURN_VOID - [DEBUG]: Return void
DalvikVM - [BB]: stack [StackFrame de.ecspride.MainActivity/onCreate[android.os.Bundle]]
DalvikVM - [BB]: Back to the last stack frame.StackFrame de.ecspride.MainActivity/onCreate[android.os.Bundle]
DalvikVM - [MSG]: Finish running instrumented methods! Back to StackFrame de.ecspride.MainActivity/onCreate[android.os.Bundle]
Activity - [MSG]: New Activity Created with type de.ecspride.MainActivity
DalvikVM - [BB]: New method call: de.ecspride.MainActivity/onCreate[android.os.Bundle]
DalvikVM - [BB]: [0]<0 SPECIAL,ARGUMENT_SET,extra=[2, 3]>
DalvikVM - [BB]: [1]<0 HALT,SUPER,extra=[null, [2, 3]]>
DalvikVM - [BB]: [2]<1 MOV,CONST,dst=r1,type=void,extra=class patdroid.core.PrimitiveInfo?2130903040>
DalvikVM - [BB]: [3]<0 INVOKE,VIRTUAL,extra=[android.app.Activity/setContentView[int], [2, 1]]>
DalvikVM - [BB]: [4]<3 MOV,CONST,dst=r1,type=void,extra=class patdroid.core.PrimitiveInfo?2131230721>
DalvikVM - [BB]: [5]<0 INVOKE,VIRTUAL,extra=[android.app.Activity/findViewById[int], [2, 1]]>
DalvikVM - [BB]: [6]<0 MOV,RESULT,dst=r0,type=java.lang.Object>
DalvikVM - [BB]: [7]<0 ARITHMETIC,CHECK-AND-CAST,dst=r0,type=android.widget.Button>
DalvikVM - [BB]: [8]<0 NEW,INSTANCE,dst=r1,type=de.ecspride.MainActivity$1>
DalvikVM - [BB]: [9]<0 INVOKE,DIRECT,extra=[de.ecspride.MainActivity$1/<init>[de.ecspride.MainActivity], [1, 2]]>
DalvikVM - [BB]: [10]<0 INVOKE,VIRTUAL,extra=[android.view.View/setOnClickListener[android.view.View$OnClickListener], [0, 1]]>
DalvikVM - [BB]: [11]<10 MOV,CONST,dst=r1,type=void,extra=class patdroid.core.PrimitiveInfo?0>
DalvikVM - [BB]: [12]<0 INVOKE,VIRTUAL,extra=[android.view.View/setOnClickListener[android.view.View$OnClickListener], [0, 1]]>
DalvikVM - [BB]: [13]<0 RETURN,VOID>
DalvikVM - [WARN]: ar -2, (Activity:instance number 1@de.ecspride.MainActivity, de.ecspride.MainActivity)
DalvikVM - [WARN]: ar -2, (null, android.os.Bundle)
newStackFrame - [BB]: New Stack Frame: StackFrame de.ecspride.MainActivity/onCreate[android.os.Bundle]
newStackFrame - [BB]: Stack: []
Activity - [BB]: Intent null
DalvikVM - [MSG]: Begin run instrumented methods!
DalvikVM - [BB]: Add frames [StackFrame de.ecspride.MainActivity/onCreate[android.os.Bundle]]
DalvikVM - [BB]: fu.hao.trust.dvm.DalvikVM -> runInstrumentedMethods set pc to 0
Executor - [MSG]: 

Executor - [MSG]: <0 SPECIAL,ARGUMENT_SET,extra=[2, 3]> at de.ecspride.MainActivity/onCreate[android.os.Bundle]
DalvikVM - [WARN]: ar 2, (Activity:instance number 1@de.ecspride.MainActivity, de.ecspride.MainActivity)
Executor - [DEBUG]: params: Activity:instance number 1@de.ecspride.MainActivity
DalvikVM - [WARN]: ar 3, (null, android.os.Bundle)
Executor - [DEBUG]: params: null
DalvikVM - [BB]: fu.hao.trust.dvm.Executor$OP_SP_ARGUMENTS -> jump set pc to 1
PluginManager - [MSG]: TaintSumBranch Tainted Res: {}
Executor - [MSG]: 

Executor - [MSG]: <1 HALT,SUPER,extra=[null, [2, 3]]> at de.ecspride.MainActivity/onCreate[android.os.Bundle]
DalvikVM - [BB]: fu.hao.trust.dvm.Executor$OP_HALT -> jump set pc to 2
Executor - [MSG]: Cannot resolve the invocation
TaintSumBranch - [BB]: Not a taint op <1 HALT,SUPER,extra=[null, [2, 3]]>
PluginManager - [MSG]: TaintSumBranch Tainted Res: {}
Executor - [MSG]: 

Executor - [MSG]: <2 MOV,CONST,dst=r1,type=void,extra=class patdroid.core.PrimitiveInfo?2130903040> at de.ecspride.MainActivity/onCreate[android.os.Bundle]
Executor - [DEBUG]: Mov const begin <2 MOV,CONST,dst=r1,type=void,extra=class patdroid.core.PrimitiveInfo?2130903040>
DalvikVM - [WARN]: ar 1, (2130903040, void)
Executor - [DEBUG]: data: 2130903040 class patdroid.core.PrimitiveInfo
DalvikVM - [BB]: fu.hao.trust.dvm.Executor$OP_MOV_CONST -> jump set pc to 3
PluginManager - [MSG]: TaintSumBranch Tainted Res: {}
Executor - [MSG]: 

Executor - [MSG]: <3 INVOKE,VIRTUAL,extra=[android.app.Activity/setContentView[int], [2, 1]]> at de.ecspride.MainActivity/onCreate[android.os.Bundle]
Executor - [MSG]: arg0 obj: Activity:instance number 1@de.ecspride.MainActivity
Executor - [DEBUG]: Reflction class: class android.app.Activity
Executor - [BB]: Normal args? true
Executor - [BB]: arg1@reg1: 2130903040
Executor - [DEBUG]: Expected para type: int
Executor - [DEBUG]: Real para int, value: 2130903040
Executor - [BB]: Nargs? true
Executor - [DEBUG]: Caller obj: Activity:instance number 1@de.ecspride.MainActivity, from class: class android.app.Activity
DalvikVM - [WARN]: ar -1, (null, void)
Executor - [MSG]: Reflction invocation public void android.app.Activity.setContentView(int)
DalvikVM - [BB]: Set reflective call: public void android.app.Activity.setContentView(int)
DalvikVM - [BB]: fu.hao.trust.dvm.Executor -> jump set pc to 4
TaintSumBranch - [BB]: <android.app.Activity: void setContentView(int)>
TaintSumBranch - [DEBUG]: Not a taint call: <android.app.Activity: void setContentView(int)>
PluginManager - [MSG]: TaintSumBranch Tainted Res: {}
Executor - [MSG]: 

Executor - [MSG]: <4 MOV,CONST,dst=r1,type=void,extra=class patdroid.core.PrimitiveInfo?2131230721> at de.ecspride.MainActivity/onCreate[android.os.Bundle]
Executor - [DEBUG]: Mov const begin <4 MOV,CONST,dst=r1,type=void,extra=class patdroid.core.PrimitiveInfo?2131230721>
DalvikVM - [WARN]: ar 1 (2130903040, void), (2131230721, void)
Executor - [DEBUG]: data: 2131230721 class patdroid.core.PrimitiveInfo
DalvikVM - [BB]: fu.hao.trust.dvm.Executor$OP_MOV_CONST -> jump set pc to 5
PluginManager - [MSG]: TaintSumBranch Tainted Res: {}
Executor - [MSG]: 

Executor - [MSG]: <5 INVOKE,VIRTUAL,extra=[android.app.Activity/findViewById[int], [2, 1]]> at de.ecspride.MainActivity/onCreate[android.os.Bundle]
Executor - [MSG]: arg0 obj: Activity:instance number 1@de.ecspride.MainActivity
Executor - [DEBUG]: Reflction class: class android.app.Activity
Executor - [BB]: Normal args? true
Executor - [BB]: arg1@reg1: 2131230721
Executor - [DEBUG]: Expected para type: int
Executor - [DEBUG]: Real para int, value: 2131230721
Executor - [BB]: Nargs? true
Executor - [DEBUG]: Caller obj: Activity:instance number 1@de.ecspride.MainActivity, from class: class android.app.Activity
GenInstance - [BB]: Gen view instance with android.widget.Button, id 2131230721
View - [BB]: New instance of android.widget.Button
Caller@4: <init>@fu.hao.trust.dvm.DVMObject - [BB]: getClass android.widget.Button at fu.hao.trust.dvm.VMHeap@c0880a8
Caller: getClass@fu.hao.trust.dvm.VMHeap - [BB]: new class representation for android.widget.Button at fu.hao.trust.dvm.VMHeap@c0880a8
Caller@4: <init>@fu.hao.trust.dvm.DVMClass - [BB]: getClass android.view.View at fu.hao.trust.dvm.VMHeap@c0880a8
Caller: getClass@fu.hao.trust.dvm.VMHeap - [BB]: new class representation for android.view.View at fu.hao.trust.dvm.VMHeap@c0880a8
Caller@4: <init>@fu.hao.trust.dvm.DVMClass - [BB]: getClass fu.hao.trust.dvm.DVMObject at fu.hao.trust.dvm.VMHeap@c0880a8
Caller: <init>@fu.hao.trust.dvm.DVMClass - [BB]: Get DVMClass for type fu.hao.trust.dvm.DVMObject
Caller@4: <init>@fu.hao.trust.dvm.DVMClass - [BB]: getClass fu.hao.trust.dvm.DVMObject at fu.hao.trust.dvm.VMHeap@c0880a8
Caller: <init>@fu.hao.trust.dvm.DVMClass - [BB]: Get DVMClass for type android.view.View
Caller@4: <init>@fu.hao.trust.dvm.DVMClass - [BB]: getClass android.view.View at fu.hao.trust.dvm.VMHeap@c0880a8
Caller: <init>@fu.hao.trust.dvm.DVMObject - [BB]: Get DVMClass for type android.widget.Button
Caller@4: <init>@fu.hao.trust.dvm.DVMObject - [BB]: getClass android.widget.Button at fu.hao.trust.dvm.VMHeap@c0880a8
View - [BB]: Try to call default constructor of android.widget.Button
DalvikVM - [WARN]: ar -1, (instance number 1@android.widget.Button, android.view.View)
Executor - [DEBUG]: Return data: instance number 1@android.widget.Button ,class android.view.View
Executor - [MSG]: Reflction invocation public android.view.View android.app.Activity.findViewById(int)
DalvikVM - [BB]: Set reflective call: public android.view.View android.app.Activity.findViewById(int)
DalvikVM - [BB]: fu.hao.trust.dvm.Executor -> jump set pc to 6
TaintSumBranch - [BB]: <android.app.Activity: android.view.View findViewById(int)>
TaintSumBranch - [DEBUG]: Not a taint call: <android.app.Activity: android.view.View findViewById(int)>
PluginManager - [MSG]: TaintSumBranch Tainted Res: {}
Executor - [MSG]: 

Executor - [MSG]: <6 MOV,RESULT,dst=r0,type=java.lang.Object> at de.ecspride.MainActivity/onCreate[android.os.Bundle]
DalvikVM - [WARN]: ar 0, (instance number 1@android.widget.Button, android.view.View)
OP_MOV_RESULT - [BB]: Result data: instance number 1@android.widget.Button
OP_MOV_RESULT - [DEBUG]: Result data: instance number 1@android.widget.Button, type: android.view.View, to [reg 0@MainActivity/onCreate]
DalvikVM - [BB]: fu.hao.trust.dvm.Executor$OP_MOV_RESULT -> jump set pc to 7
PluginManager - [MSG]: TaintSumBranch Tainted Res: {}
Executor - [MSG]: 

Executor - [MSG]: <7 ARITHMETIC,CHECK-AND-CAST,dst=r0,type=android.widget.Button> at de.ecspride.MainActivity/onCreate[android.os.Bundle]
DalvikVM - [BB]: fu.hao.trust.dvm.Executor$OP_ARITHETIC -> jump set pc to 8
PluginManager - [MSG]: TaintSumBranch Tainted Res: {}
Executor - [MSG]: 

Executor - [MSG]: <8 NEW,INSTANCE,dst=r1,type=de.ecspride.MainActivity$1> at de.ecspride.MainActivity/onCreate[android.os.Bundle]
OP_NEW_INSTANCE - [DEBUG]: [reg 1@MainActivity/onCreate]
DalvikVM - [BB]: Superclass: de.ecspride.MainActivity$1
DalvikVM - [BB]: Superclass: java.lang.Object
DVMObject - [BB]: New instance of de.ecspride.MainActivity$1
Caller@4: <init>@fu.hao.trust.dvm.DVMObject - [BB]: getClass de.ecspride.MainActivity$1 at fu.hao.trust.dvm.VMHeap@c0880a8
Caller: getClass@fu.hao.trust.dvm.VMHeap - [BB]: new class representation for de.ecspride.MainActivity$1 at fu.hao.trust.dvm.VMHeap@c0880a8
Caller: <init>@fu.hao.trust.dvm.DVMObject - [BB]: Get DVMClass for type de.ecspride.MainActivity$1
Caller@4: <init>@fu.hao.trust.dvm.DVMObject - [BB]: getClass de.ecspride.MainActivity$1 at fu.hao.trust.dvm.VMHeap@c0880a8
DalvikVM - [WARN]: ar 1 (2131230721, void), (instance number 1@de.ecspride.MainActivity$1, de.ecspride.MainActivity$1)
OP_NEW_INSTANCE - [DEBUG]: New object of de.ecspride.MainActivity$1created:instance number 1@de.ecspride.MainActivity$1
DalvikVM - [BB]: fu.hao.trust.dvm.Executor$OP_NEW_INSTANCE -> jump set pc to 9
TaintSumBranch - [BB]: Rdst [reg 1@MainActivity/onCreate]
PluginManager - [MSG]: TaintSumBranch Tainted Res: {}
Executor - [MSG]: 

Executor - [MSG]: <9 INVOKE,DIRECT,extra=[de.ecspride.MainActivity$1/<init>[de.ecspride.MainActivity], [1, 2]]> at de.ecspride.MainActivity/onCreate[android.os.Bundle]
Executor - [MSG]: arg0 obj: instance number 1@de.ecspride.MainActivity$1
Executor - [WARN]: Reflection error: de.ecspride.MainActivity$1
DalvikVM - [BB]: fu.hao.trust.dvm.Executor -> jump set pc to 10
DalvikVM - [BB]: New method call: de.ecspride.MainActivity$1/<init>[de.ecspride.MainActivity]
DalvikVM - [BB]: [0]<0 SPECIAL,ARGUMENT_SET,extra=[0, 1]>
DalvikVM - [BB]: [1]<0 INSTANCE,IPUT,r0=r0,r1=r1,type=java.lang.Object,extra=de.ecspride.MainActivity$1.this$0>
DalvikVM - [BB]: [2]<0 INVOKE,DIRECT,extra=[java.lang.Object/<init>[], [0]]>
DalvikVM - [BB]: [3]<0 RETURN,VOID>
newStackFrame - [BB]: New Stack Frame: StackFrame de.ecspride.MainActivity$1/<init>[de.ecspride.MainActivity], pc 10 stored. 
newStackFrame - [BB]: Add frame StackFrame de.ecspride.MainActivity$1/<init>[de.ecspride.MainActivity]
newStackFrame - [BB]: Stack: [StackFrame de.ecspride.MainActivity/onCreate[android.os.Bundle], StackFrame de.ecspride.MainActivity$1/<init>[de.ecspride.MainActivity]]
TaintSumBranch - [BB]: <de.ecspride.MainActivity$1: void <init>(de.ecspride.MainActivity)>
TaintSumBranch - [DEBUG]: Not a taint call: <de.ecspride.MainActivity$1: void <init>(de.ecspride.MainActivity)>
PluginManager - [MSG]: TaintSumBranch Tainted Res: {}
DalvikVM - [BB]: fu.hao.trust.dvm.DalvikVM -> runInstrumentedMethods set pc to 0
Executor - [MSG]: 

Executor - [MSG]: <0 SPECIAL,ARGUMENT_SET,extra=[0, 1]> at de.ecspride.MainActivity$1/<init>[de.ecspride.MainActivity]
DalvikVM - [WARN]: ar 0, (instance number 1@de.ecspride.MainActivity$1, de.ecspride.MainActivity$1)
Executor - [DEBUG]: params: instance number 1@de.ecspride.MainActivity$1
DalvikVM - [WARN]: ar 1, (Activity:instance number 1@de.ecspride.MainActivity, de.ecspride.MainActivity)
Executor - [DEBUG]: params: Activity:instance number 1@de.ecspride.MainActivity
DalvikVM - [BB]: fu.hao.trust.dvm.Executor$OP_SP_ARGUMENTS -> jump set pc to 1
PluginManager - [MSG]: TaintSumBranch Tainted Res: {}
Executor - [MSG]: 

Executor - [MSG]: <1 INSTANCE,IPUT,r0=r0,r1=r1,type=java.lang.Object,extra=de.ecspride.MainActivity$1.this$0> at de.ecspride.MainActivity$1/<init>[de.ecspride.MainActivity]
class fu.hao.trust.dvm.Executor$OP_INSTANCE_PUT_FIELD - [BB]: field de.ecspride.MainActivity$1.this$0
class fu.hao.trust.dvm.Executor$OP_INSTANCE_PUT_FIELD - [BB]: Target obj instance number 1@de.ecspride.MainActivity$1
DVMObject - [DEBUG]: put field Activity:instance number 1@de.ecspride.MainActivity
class fu.hao.trust.dvm.Executor$OP_INSTANCE_PUT_FIELD - [MSG]: Put data Activity:instance number 1@de.ecspride.MainActivity to the field of instance number 1@de.ecspride.MainActivity$1
DalvikVM - [BB]: fu.hao.trust.dvm.Executor$OP_INSTANCE_PUT_FIELD -> jump set pc to 2
PluginManager - [MSG]: TaintSumBranch Tainted Res: {}
Executor - [MSG]: 

Executor - [MSG]: <2 INVOKE,DIRECT,extra=[java.lang.Object/<init>[], [0]]> at de.ecspride.MainActivity$1/<init>[de.ecspride.MainActivity]
Executor - [MSG]: arg0 obj: instance number 1@de.ecspride.MainActivity$1
Executor - [MSG]: Replace the clazz.
Executor - [BB]: java.lang.Object/<init>[] is a constructor!
Executor - [WARN]: Reflection error: de.ecspride.MainActivity$1
DalvikVM - [BB]: fu.hao.trust.dvm.Executor -> jump set pc to 3
TaintSumBranch - [BB]: <java.lang.Object: void <init>()>
TaintSumBranch - [DEBUG]: Not a taint call: <java.lang.Object: void <init>()>
PluginManager - [MSG]: TaintSumBranch Tainted Res: {}
Executor - [MSG]: 

Executor - [MSG]: <3 RETURN,VOID> at de.ecspride.MainActivity$1/<init>[de.ecspride.MainActivity]
class fu.hao.trust.dvm.Executor$OP_RETURN_VOID - [DEBUG]: Return void
DalvikVM - [BB]: stack [StackFrame de.ecspride.MainActivity/onCreate[android.os.Bundle]]
DalvikVM - [BB]: Back to the last stack frame.StackFrame de.ecspride.MainActivity/onCreate[android.os.Bundle]
PluginManager - [MSG]: TaintSumBranch Tainted Res: {}
Executor - [MSG]: 

Executor - [MSG]: <10 INVOKE,VIRTUAL,extra=[android.view.View/setOnClickListener[android.view.View$OnClickListener], [0, 1]]> at de.ecspride.MainActivity/onCreate[android.os.Bundle]
Executor - [MSG]: arg0 obj: instance number 1@android.widget.Button
Executor - [DEBUG]: Reflction class: class android.view.View
Executor - [BB]: Normal args? true
Executor - [BB]: arg1@reg1: instance number 1@de.ecspride.MainActivity$1
Executor - [WARN]: Mismatch type! arg 1, real para type: class fu.hao.trust.dvm.DVMObject, expected para type: class android.view.View$OnClickListener
Executor - [WARN]: Call the mirror method instead! android.view.View$OnClickListener is replaced by a dvmObj.
Executor - [BB]: Nargs? true
Executor - [DEBUG]: Caller obj: instance number 1@android.widget.Button, from class: class android.view.View
DalvikVM - [WARN]: ar -1, (null, void)
Executor - [MSG]: Reflction invocation public void android.view.View.setOnClickListener(fu.hao.trust.dvm.DVMObject)
DalvikVM - [BB]: Set reflective call: public void android.view.View.setOnClickListener(fu.hao.trust.dvm.DVMObject)
DalvikVM - [BB]: fu.hao.trust.dvm.Executor -> jump set pc to 11
TaintSumBranch - [BB]: <android.view.View: void setOnClickListener(android.view.View$OnClickListener)>
TaintSumBranch - [DEBUG]: Not a taint call: <android.view.View: void setOnClickListener(android.view.View$OnClickListener)>
PluginManager - [MSG]: TaintSumBranch Tainted Res: {}
Executor - [MSG]: 

Executor - [MSG]: <11 MOV,CONST,dst=r1,type=void,extra=class patdroid.core.PrimitiveInfo?0> at de.ecspride.MainActivity/onCreate[android.os.Bundle]
Executor - [DEBUG]: Mov const begin <11 MOV,CONST,dst=r1,type=void,extra=class patdroid.core.PrimitiveInfo?0>
DalvikVM - [WARN]: ar 1 (instance number 1@de.ecspride.MainActivity$1, de.ecspride.MainActivity$1), (0, void)
Executor - [DEBUG]: data: 0 class patdroid.core.PrimitiveInfo
DalvikVM - [BB]: fu.hao.trust.dvm.Executor$OP_MOV_CONST -> jump set pc to 12
PluginManager - [MSG]: TaintSumBranch Tainted Res: {}
Executor - [MSG]: 

Executor - [MSG]: <12 INVOKE,VIRTUAL,extra=[android.view.View/setOnClickListener[android.view.View$OnClickListener], [0, 1]]> at de.ecspride.MainActivity/onCreate[android.os.Bundle]
Executor - [MSG]: arg0 obj: instance number 1@android.widget.Button
Executor - [DEBUG]: Reflction class: class android.view.View
Executor - [BB]: Normal args? true
Executor - [BB]: arg1@reg1: 0
Executor - [WARN]: Mismatch type! arg 1, real para type: class patdroid.core.PrimitiveInfo, expected para type: class android.view.View$OnClickListener
Executor - [BB]: Nargs? true
Executor - [DEBUG]: Caller obj: instance number 1@android.widget.Button, from class: class android.view.View
DalvikVM - [WARN]: ar -1, (null, void)
Executor - [MSG]: Reflction invocation public void android.view.View.setOnClickListener(android.view.View$OnClickListener)
DalvikVM - [BB]: Set reflective call: public void android.view.View.setOnClickListener(android.view.View$OnClickListener)
DalvikVM - [BB]: fu.hao.trust.dvm.Executor -> jump set pc to 13
TaintSumBranch - [BB]: <android.view.View: void setOnClickListener(android.view.View$OnClickListener)>
TaintSumBranch - [DEBUG]: Not a taint call: <android.view.View: void setOnClickListener(android.view.View$OnClickListener)>
PluginManager - [MSG]: TaintSumBranch Tainted Res: {}
Executor - [MSG]: 

Executor - [MSG]: <13 RETURN,VOID> at de.ecspride.MainActivity/onCreate[android.os.Bundle]
class fu.hao.trust.dvm.Executor$OP_RETURN_VOID - [DEBUG]: Return void
DalvikVM - [BB]: stack []
DalvikVM - [BB]: Back to the last stack frame.null
DalvikVM - [MSG]: Finish running instrumented methods! Back to null
Executor - [MSG]: RUN BEGIN de.ecspride.MainActivity/onCreate[android.os.Bundle]
Executor - [MSG]: EventMethod: onClick
Executor - [MSG]: RUN DONE! The last one is null
DalvikVM - [MSG]: FINISHED!

main - [MSG]: Analysis has run for 2.797463882 seconds

