main - [MSG]: Src Chain: []
main - [DEBUG]: Src Entry event: (de.ecspride.FactoryMethods1, onCreate)
DalvikVM - [MSG]: Begin run onCreate at C:\Users\hao\workspace\DroidBenchProj\FactoryMethods1\app\FactoryMethods1.apk
DalvikVM - [MSG]: RUN Method de.ecspride.FactoryMethods1/onCreate[android.os.Bundle]
Executor - [DEBUG]: Read manifest csv: output/FactoryMethods1.apk\FactoryMethods1.apk_manifest.csv
Executor - [WARN]: output\FactoryMethods1.apk\FactoryMethods1.apk_manifest.csv (The system cannot find the file specified)
DalvikVM - [BB]: New method call: de.ecspride.FactoryMethods1/onCreate[android.os.Bundle]
DalvikVM - [BB]: [0]<0 SPECIAL,ARGUMENT_SET,extra=[9, 10]>
DalvikVM - [BB]: [1]<0 MOV,CONST,dst=r3,type=void,extra=class patdroid.core.PrimitiveInfo?1>
DalvikVM - [BB]: [2]<1 MOV,CONST,dst=r2,type=void,extra=class patdroid.core.PrimitiveInfo?0>
DalvikVM - [BB]: [3]<0 HALT,SUPER,extra=[null, [9, 10]]>
DalvikVM - [BB]: [4]<3 MOV,CONST,dst=r1,type=void,extra=class patdroid.core.PrimitiveInfo?2130903040>
DalvikVM - [BB]: [5]<0 INVOKE,VIRTUAL,extra=[android.app.Activity/setContentView[int], [9, 1]]>
DalvikVM - [BB]: [6]<0 NEW,INSTANCE,dst=r6,type=android.location.Criteria>
DalvikVM - [BB]: [7]<0 HALT,DIRECT,extra=[null, [6]]>
DalvikVM - [BB]: [8]<0 HALT,VIRTUAL,extra=[null, [6, 3]]>
DalvikVM - [BB]: [9]<8 MOV,CONST,dst=r1,type=java.lang.String,extra="location">
DalvikVM - [BB]: [10]<0 INVOKE,VIRTUAL,extra=[android.content.Context/getSystemService[java.lang.String], [9, 1]]>
DalvikVM - [BB]: [11]<0 MOV,RESULT,dst=r8,type=java.lang.Object>
DalvikVM - [BB]: [12]<0 ARITHMETIC,CHECK-AND-CAST,dst=r8,type=android.location.LocationManager>
DalvikVM - [BB]: [13]<0 HALT,VIRTUAL,extra=[null, [8, 6, 3]]>
DalvikVM - [BB]: [14]<0 MOV,RESULT,dst=r1,type=java.lang.Object>
DalvikVM - [BB]: [15]<0 HALT,VIRTUAL,extra=[null, [8, 1]]>
DalvikVM - [BB]: [16]<0 MOV,RESULT,dst=r7,type=java.lang.Object>
DalvikVM - [BB]: [17]<16 MOV,CONST,dst=r1,type=java.lang.String,extra="Latitude">
DalvikVM - [BB]: [18]<0 NEW,INSTANCE,dst=r3,type=java.lang.StringBuilder>
DalvikVM - [BB]: [19]<0 INVOKE,DIRECT,extra=[java.lang.StringBuilder/<init>[], [3]]>
DalvikVM - [BB]: [20]<19 MOV,CONST,dst=r4,type=java.lang.String,extra="Latitude: ">
DalvikVM - [BB]: [21]<0 INVOKE,VIRTUAL,extra=[java.lang.StringBuilder/append[java.lang.String], [3, 4]]>
DalvikVM - [BB]: [22]<0 MOV,RESULT,dst=r3,type=java.lang.Object>
DalvikVM - [BB]: [23]<0 INVOKE,VIRTUAL,extra=[android.location.Location/getLatitude[], [7]]>
DalvikVM - [BB]: [24]<0 MOV,RESULT,dst=r4,type=AndroidWide>
DalvikVM - [BB]: [25]<0 INVOKE,VIRTUAL,extra=[java.lang.StringBuilder/append[double], [3, 4]]>
DalvikVM - [BB]: [26]<0 MOV,RESULT,dst=r3,type=java.lang.Object>
DalvikVM - [BB]: [27]<0 INVOKE,VIRTUAL,extra=[java.lang.StringBuilder/toString[], [3]]>
DalvikVM - [BB]: [28]<0 MOV,RESULT,dst=r3,type=java.lang.Object>
DalvikVM - [BB]: [29]<0 INVOKE,STATIC,extra=[android.util.Log/d[java.lang.String, java.lang.String], [1, 3]]>
DalvikVM - [BB]: [30]<29 MOV,CONST,dst=r1,type=java.lang.String,extra="Longtitude">
DalvikVM - [BB]: [31]<0 NEW,INSTANCE,dst=r3,type=java.lang.StringBuilder>
DalvikVM - [BB]: [32]<0 INVOKE,DIRECT,extra=[java.lang.StringBuilder/<init>[], [3]]>
DalvikVM - [BB]: [33]<32 MOV,CONST,dst=r4,type=java.lang.String,extra="Longtitude: ">
DalvikVM - [BB]: [34]<0 INVOKE,VIRTUAL,extra=[java.lang.StringBuilder/append[java.lang.String], [3, 4]]>
DalvikVM - [BB]: [35]<0 MOV,RESULT,dst=r3,type=java.lang.Object>
DalvikVM - [BB]: [36]<0 INVOKE,VIRTUAL,extra=[android.location.Location/getLongitude[], [7]]>
DalvikVM - [BB]: [37]<0 MOV,RESULT,dst=r4,type=AndroidWide>
DalvikVM - [BB]: [38]<0 INVOKE,VIRTUAL,extra=[java.lang.StringBuilder/append[double], [3, 4]]>
DalvikVM - [BB]: [39]<0 MOV,RESULT,dst=r3,type=java.lang.Object>
DalvikVM - [BB]: [40]<0 INVOKE,VIRTUAL,extra=[java.lang.StringBuilder/toString[], [3]]>
DalvikVM - [BB]: [41]<0 MOV,RESULT,dst=r3,type=java.lang.Object>
DalvikVM - [BB]: [42]<0 INVOKE,STATIC,extra=[android.util.Log/d[java.lang.String, java.lang.String], [1, 3]]>
DalvikVM - [BB]: [43]<0 INVOKE,STATIC,extra=[android.telephony.SmsManager/getDefault[], []]>
DalvikVM - [BB]: [44]<0 MOV,RESULT,dst=r0,type=java.lang.Object>
DalvikVM - [BB]: [45]<44 MOV,CONST,dst=r1,type=java.lang.String,extra="+49 1234">
DalvikVM - [BB]: [46]<0 NEW,INSTANCE,dst=r3,type=java.lang.StringBuilder>
DalvikVM - [BB]: [47]<0 INVOKE,DIRECT,extra=[java.lang.StringBuilder/<init>[], [3]]>
DalvikVM - [BB]: [48]<47 MOV,CONST,dst=r4,type=java.lang.String,extra="Latitude: ">
DalvikVM - [BB]: [49]<0 INVOKE,VIRTUAL,extra=[java.lang.StringBuilder/append[java.lang.String], [3, 4]]>
DalvikVM - [BB]: [50]<0 MOV,RESULT,dst=r3,type=java.lang.Object>
DalvikVM - [BB]: [51]<0 INVOKE,VIRTUAL,extra=[android.location.Location/getLatitude[], [7]]>
DalvikVM - [BB]: [52]<0 MOV,RESULT,dst=r4,type=AndroidWide>
DalvikVM - [BB]: [53]<0 INVOKE,VIRTUAL,extra=[java.lang.StringBuilder/append[double], [3, 4]]>
DalvikVM - [BB]: [54]<0 MOV,RESULT,dst=r3,type=java.lang.Object>
DalvikVM - [BB]: [55]<0 INVOKE,VIRTUAL,extra=[java.lang.StringBuilder/toString[], [3]]>
DalvikVM - [BB]: [56]<0 MOV,RESULT,dst=r3,type=java.lang.Object>
DalvikVM - [BB]: [57]<0 MOV,REG,dst=r4,r0=r2,type=java.lang.Object>
DalvikVM - [BB]: [58]<0 MOV,REG,dst=r5,r0=r2,type=java.lang.Object>
DalvikVM - [BB]: [59]<0 INVOKE,VIRTUAL,extra=[android.telephony.SmsManager/sendTextMessage[java.lang.String, java.lang.String, java.lang.String, android.app.PendingIntent, android.app.PendingIntent], [0, 1, 2, 3, 4, 5]]>
DalvikVM - [BB]: [60]<0 RETURN,VOID>
newStackFrame - [BB]: New Stack Frame: StackFrame de.ecspride.FactoryMethods1/onCreate[android.os.Bundle]
newStackFrame - [BB]: Add frame StackFrame de.ecspride.FactoryMethods1/onCreate[android.os.Bundle]
newStackFrame - [BB]: Stack: [StackFrame de.ecspride.FactoryMethods1/onCreate[android.os.Bundle]]
Executor - [MSG]: New chain obj with type de.ecspride.FactoryMethods1
Activity - [BB]: New instance of de.ecspride.FactoryMethods1
Caller@4: <init>@fu.hao.trust.dvm.DVMObject - [BB]: getClass de.ecspride.FactoryMethods1 at fu.hao.trust.dvm.VMHeap@665373c8
Caller: getClass@fu.hao.trust.dvm.VMHeap - [BB]: new class representation for de.ecspride.FactoryMethods1 at fu.hao.trust.dvm.VMHeap@665373c8
Caller@4: <init>@fu.hao.trust.dvm.DVMClass - [BB]: getClass android.app.Activity at fu.hao.trust.dvm.VMHeap@665373c8
Caller: getClass@fu.hao.trust.dvm.VMHeap - [BB]: new class representation for android.app.Activity at fu.hao.trust.dvm.VMHeap@665373c8
Caller@4: <init>@fu.hao.trust.dvm.DVMClass - [BB]: getClass android.content.ContextWrapper at fu.hao.trust.dvm.VMHeap@665373c8
Caller: getClass@fu.hao.trust.dvm.VMHeap - [BB]: new class representation for android.content.ContextWrapper at fu.hao.trust.dvm.VMHeap@665373c8
Caller@4: <init>@fu.hao.trust.dvm.DVMClass - [BB]: getClass android.content.Context at fu.hao.trust.dvm.VMHeap@665373c8
Caller: getClass@fu.hao.trust.dvm.VMHeap - [BB]: new class representation for android.content.Context at fu.hao.trust.dvm.VMHeap@665373c8
Caller@4: <init>@fu.hao.trust.dvm.DVMClass - [BB]: getClass fu.hao.trust.dvm.DVMObject at fu.hao.trust.dvm.VMHeap@665373c8
Caller: getClass@fu.hao.trust.dvm.VMHeap - [BB]: new class representation for fu.hao.trust.dvm.DVMObject at fu.hao.trust.dvm.VMHeap@665373c8
Caller: <init>@fu.hao.trust.dvm.DVMClass - [BB]: Get DVMClass for type fu.hao.trust.dvm.DVMObject
Caller@4: <init>@fu.hao.trust.dvm.DVMClass - [BB]: getClass fu.hao.trust.dvm.DVMObject at fu.hao.trust.dvm.VMHeap@665373c8
Caller: <init>@fu.hao.trust.dvm.DVMClass - [BB]: Get DVMClass for type android.content.Context
Caller@4: <init>@fu.hao.trust.dvm.DVMClass - [BB]: getClass android.content.Context at fu.hao.trust.dvm.VMHeap@665373c8
Caller: <init>@fu.hao.trust.dvm.DVMClass - [BB]: Get DVMClass for type android.content.ContextWrapper
Caller@4: <init>@fu.hao.trust.dvm.DVMClass - [BB]: getClass android.content.ContextWrapper at fu.hao.trust.dvm.VMHeap@665373c8
Caller: <init>@fu.hao.trust.dvm.DVMClass - [BB]: Get DVMClass for type android.app.Activity
Caller@4: <init>@fu.hao.trust.dvm.DVMClass - [BB]: getClass android.app.Activity at fu.hao.trust.dvm.VMHeap@665373c8
Caller: <init>@fu.hao.trust.dvm.DVMObject - [BB]: Get DVMClass for type de.ecspride.FactoryMethods1
Caller@4: <init>@fu.hao.trust.dvm.DVMObject - [BB]: getClass de.ecspride.FactoryMethods1 at fu.hao.trust.dvm.VMHeap@665373c8
Activity - [MSG]: Not empty constructor
DalvikVM - [BB]: New method call: de.ecspride.FactoryMethods1/<init>[]
DalvikVM - [BB]: [0]<0 SPECIAL,ARGUMENT_SET,extra=[0]>
DalvikVM - [BB]: [1]<0 INVOKE,DIRECT,extra=[java.lang.Object/<init>[], [0]]>
DalvikVM - [BB]: [2]<0 RETURN,VOID>
DalvikVM - [WARN]: ar -2, (Activity:instance number 1@de.ecspride.FactoryMethods1, de.ecspride.FactoryMethods1)
newStackFrame - [BB]: New Stack Frame: StackFrame de.ecspride.FactoryMethods1/<init>[], pc -1 stored. 
newStackFrame - [BB]: Stack: [StackFrame de.ecspride.FactoryMethods1/onCreate[android.os.Bundle]]
DalvikVM - [MSG]: Begin run instrumented methods!
DalvikVM - [BB]: Add frames [StackFrame de.ecspride.FactoryMethods1/<init>[]]
DalvikVM - [BB]: fu.hao.trust.dvm.DalvikVM -> runInstrumentedMethods set pc to 0
Executor - [MSG]: 

Executor - [MSG]: <0 SPECIAL,ARGUMENT_SET,extra=[0]> at de.ecspride.FactoryMethods1/<init>[]
DalvikVM - [WARN]: ar 0, (Activity:instance number 1@de.ecspride.FactoryMethods1, de.ecspride.FactoryMethods1)
Executor - [DEBUG]: params: Activity:instance number 1@de.ecspride.FactoryMethods1
DalvikVM - [BB]: fu.hao.trust.dvm.Executor$OP_SP_ARGUMENTS -> jump set pc to 1
PluginManager - [MSG]: TaintSumBranch Tainted Res: {}
Executor - [MSG]: 

Executor - [MSG]: <1 INVOKE,DIRECT,extra=[java.lang.Object/<init>[], [0]]> at de.ecspride.FactoryMethods1/<init>[]
Executor - [MSG]: arg0 obj: Activity:instance number 1@de.ecspride.FactoryMethods1
Executor - [MSG]: Replace the clazz.
Executor - [BB]: java.lang.Object/<init>[] is a constructor!
Executor - [WARN]: Reflection error: de.ecspride.FactoryMethods1
DalvikVM - [BB]: fu.hao.trust.dvm.Executor -> jump set pc to 2
TaintSumBranch - [BB]: <java.lang.Object: void <init>()>
TaintSumBranch - [DEBUG]: Not a taint call: <java.lang.Object: void <init>()>
PluginManager - [MSG]: TaintSumBranch Tainted Res: {}
Executor - [MSG]: 

Executor - [MSG]: <2 RETURN,VOID> at de.ecspride.FactoryMethods1/<init>[]
class fu.hao.trust.dvm.Executor$OP_RETURN_VOID - [DEBUG]: Return void
DalvikVM - [BB]: stack [StackFrame de.ecspride.FactoryMethods1/onCreate[android.os.Bundle]]
DalvikVM - [BB]: Back to the last stack frame.StackFrame de.ecspride.FactoryMethods1/onCreate[android.os.Bundle]
DalvikVM - [MSG]: Finish running instrumented methods! Back to StackFrame de.ecspride.FactoryMethods1/onCreate[android.os.Bundle]
Activity - [MSG]: New Activity Created with type de.ecspride.FactoryMethods1
DalvikVM - [BB]: New method call: de.ecspride.FactoryMethods1/onCreate[android.os.Bundle]
DalvikVM - [BB]: [0]<0 SPECIAL,ARGUMENT_SET,extra=[9, 10]>
DalvikVM - [BB]: [1]<0 MOV,CONST,dst=r3,type=void,extra=class patdroid.core.PrimitiveInfo?1>
DalvikVM - [BB]: [2]<1 MOV,CONST,dst=r2,type=void,extra=class patdroid.core.PrimitiveInfo?0>
DalvikVM - [BB]: [3]<0 HALT,SUPER,extra=[null, [9, 10]]>
DalvikVM - [BB]: [4]<3 MOV,CONST,dst=r1,type=void,extra=class patdroid.core.PrimitiveInfo?2130903040>
DalvikVM - [BB]: [5]<0 INVOKE,VIRTUAL,extra=[android.app.Activity/setContentView[int], [9, 1]]>
DalvikVM - [BB]: [6]<0 NEW,INSTANCE,dst=r6,type=android.location.Criteria>
DalvikVM - [BB]: [7]<0 HALT,DIRECT,extra=[null, [6]]>
DalvikVM - [BB]: [8]<0 HALT,VIRTUAL,extra=[null, [6, 3]]>
DalvikVM - [BB]: [9]<8 MOV,CONST,dst=r1,type=java.lang.String,extra="location">
DalvikVM - [BB]: [10]<0 INVOKE,VIRTUAL,extra=[android.content.Context/getSystemService[java.lang.String], [9, 1]]>
DalvikVM - [BB]: [11]<0 MOV,RESULT,dst=r8,type=java.lang.Object>
DalvikVM - [BB]: [12]<0 ARITHMETIC,CHECK-AND-CAST,dst=r8,type=android.location.LocationManager>
DalvikVM - [BB]: [13]<0 HALT,VIRTUAL,extra=[null, [8, 6, 3]]>
DalvikVM - [BB]: [14]<0 MOV,RESULT,dst=r1,type=java.lang.Object>
DalvikVM - [BB]: [15]<0 HALT,VIRTUAL,extra=[null, [8, 1]]>
DalvikVM - [BB]: [16]<0 MOV,RESULT,dst=r7,type=java.lang.Object>
DalvikVM - [BB]: [17]<16 MOV,CONST,dst=r1,type=java.lang.String,extra="Latitude">
DalvikVM - [BB]: [18]<0 NEW,INSTANCE,dst=r3,type=java.lang.StringBuilder>
DalvikVM - [BB]: [19]<0 INVOKE,DIRECT,extra=[java.lang.StringBuilder/<init>[], [3]]>
DalvikVM - [BB]: [20]<19 MOV,CONST,dst=r4,type=java.lang.String,extra="Latitude: ">
DalvikVM - [BB]: [21]<0 INVOKE,VIRTUAL,extra=[java.lang.StringBuilder/append[java.lang.String], [3, 4]]>
DalvikVM - [BB]: [22]<0 MOV,RESULT,dst=r3,type=java.lang.Object>
DalvikVM - [BB]: [23]<0 INVOKE,VIRTUAL,extra=[android.location.Location/getLatitude[], [7]]>
DalvikVM - [BB]: [24]<0 MOV,RESULT,dst=r4,type=AndroidWide>
DalvikVM - [BB]: [25]<0 INVOKE,VIRTUAL,extra=[java.lang.StringBuilder/append[double], [3, 4]]>
DalvikVM - [BB]: [26]<0 MOV,RESULT,dst=r3,type=java.lang.Object>
DalvikVM - [BB]: [27]<0 INVOKE,VIRTUAL,extra=[java.lang.StringBuilder/toString[], [3]]>
DalvikVM - [BB]: [28]<0 MOV,RESULT,dst=r3,type=java.lang.Object>
DalvikVM - [BB]: [29]<0 INVOKE,STATIC,extra=[android.util.Log/d[java.lang.String, java.lang.String], [1, 3]]>
DalvikVM - [BB]: [30]<29 MOV,CONST,dst=r1,type=java.lang.String,extra="Longtitude">
DalvikVM - [BB]: [31]<0 NEW,INSTANCE,dst=r3,type=java.lang.StringBuilder>
DalvikVM - [BB]: [32]<0 INVOKE,DIRECT,extra=[java.lang.StringBuilder/<init>[], [3]]>
DalvikVM - [BB]: [33]<32 MOV,CONST,dst=r4,type=java.lang.String,extra="Longtitude: ">
DalvikVM - [BB]: [34]<0 INVOKE,VIRTUAL,extra=[java.lang.StringBuilder/append[java.lang.String], [3, 4]]>
DalvikVM - [BB]: [35]<0 MOV,RESULT,dst=r3,type=java.lang.Object>
DalvikVM - [BB]: [36]<0 INVOKE,VIRTUAL,extra=[android.location.Location/getLongitude[], [7]]>
DalvikVM - [BB]: [37]<0 MOV,RESULT,dst=r4,type=AndroidWide>
DalvikVM - [BB]: [38]<0 INVOKE,VIRTUAL,extra=[java.lang.StringBuilder/append[double], [3, 4]]>
DalvikVM - [BB]: [39]<0 MOV,RESULT,dst=r3,type=java.lang.Object>
DalvikVM - [BB]: [40]<0 INVOKE,VIRTUAL,extra=[java.lang.StringBuilder/toString[], [3]]>
DalvikVM - [BB]: [41]<0 MOV,RESULT,dst=r3,type=java.lang.Object>
DalvikVM - [BB]: [42]<0 INVOKE,STATIC,extra=[android.util.Log/d[java.lang.String, java.lang.String], [1, 3]]>
DalvikVM - [BB]: [43]<0 INVOKE,STATIC,extra=[android.telephony.SmsManager/getDefault[], []]>
DalvikVM - [BB]: [44]<0 MOV,RESULT,dst=r0,type=java.lang.Object>
DalvikVM - [BB]: [45]<44 MOV,CONST,dst=r1,type=java.lang.String,extra="+49 1234">
DalvikVM - [BB]: [46]<0 NEW,INSTANCE,dst=r3,type=java.lang.StringBuilder>
DalvikVM - [BB]: [47]<0 INVOKE,DIRECT,extra=[java.lang.StringBuilder/<init>[], [3]]>
DalvikVM - [BB]: [48]<47 MOV,CONST,dst=r4,type=java.lang.String,extra="Latitude: ">
DalvikVM - [BB]: [49]<0 INVOKE,VIRTUAL,extra=[java.lang.StringBuilder/append[java.lang.String], [3, 4]]>
DalvikVM - [BB]: [50]<0 MOV,RESULT,dst=r3,type=java.lang.Object>
DalvikVM - [BB]: [51]<0 INVOKE,VIRTUAL,extra=[android.location.Location/getLatitude[], [7]]>
DalvikVM - [BB]: [52]<0 MOV,RESULT,dst=r4,type=AndroidWide>
DalvikVM - [BB]: [53]<0 INVOKE,VIRTUAL,extra=[java.lang.StringBuilder/append[double], [3, 4]]>
DalvikVM - [BB]: [54]<0 MOV,RESULT,dst=r3,type=java.lang.Object>
DalvikVM - [BB]: [55]<0 INVOKE,VIRTUAL,extra=[java.lang.StringBuilder/toString[], [3]]>
DalvikVM - [BB]: [56]<0 MOV,RESULT,dst=r3,type=java.lang.Object>
DalvikVM - [BB]: [57]<0 MOV,REG,dst=r4,r0=r2,type=java.lang.Object>
DalvikVM - [BB]: [58]<0 MOV,REG,dst=r5,r0=r2,type=java.lang.Object>
DalvikVM - [BB]: [59]<0 INVOKE,VIRTUAL,extra=[android.telephony.SmsManager/sendTextMessage[java.lang.String, java.lang.String, java.lang.String, android.app.PendingIntent, android.app.PendingIntent], [0, 1, 2, 3, 4, 5]]>
DalvikVM - [BB]: [60]<0 RETURN,VOID>
DalvikVM - [WARN]: ar -2, (Activity:instance number 1@de.ecspride.FactoryMethods1, de.ecspride.FactoryMethods1)
DalvikVM - [WARN]: ar -2, (null, android.os.Bundle)
newStackFrame - [BB]: New Stack Frame: StackFrame de.ecspride.FactoryMethods1/onCreate[android.os.Bundle]
newStackFrame - [BB]: Stack: []
Activity - [BB]: Intent null
DalvikVM - [MSG]: Begin run instrumented methods!
DalvikVM - [BB]: Add frames [StackFrame de.ecspride.FactoryMethods1/onCreate[android.os.Bundle]]
DalvikVM - [BB]: fu.hao.trust.dvm.DalvikVM -> runInstrumentedMethods set pc to 0
Executor - [MSG]: 

Executor - [MSG]: <0 SPECIAL,ARGUMENT_SET,extra=[9, 10]> at de.ecspride.FactoryMethods1/onCreate[android.os.Bundle]
DalvikVM - [WARN]: ar 9, (Activity:instance number 1@de.ecspride.FactoryMethods1, de.ecspride.FactoryMethods1)
Executor - [DEBUG]: params: Activity:instance number 1@de.ecspride.FactoryMethods1
DalvikVM - [WARN]: ar 10, (null, android.os.Bundle)
Executor - [DEBUG]: params: null
DalvikVM - [BB]: fu.hao.trust.dvm.Executor$OP_SP_ARGUMENTS -> jump set pc to 1
PluginManager - [MSG]: TaintSumBranch Tainted Res: {}
Executor - [MSG]: 

Executor - [MSG]: <1 MOV,CONST,dst=r3,type=void,extra=class patdroid.core.PrimitiveInfo?1> at de.ecspride.FactoryMethods1/onCreate[android.os.Bundle]
Executor - [DEBUG]: Mov const begin <1 MOV,CONST,dst=r3,type=void,extra=class patdroid.core.PrimitiveInfo?1>
DalvikVM - [WARN]: ar 3, (1, void)
Executor - [DEBUG]: data: 1 class patdroid.core.PrimitiveInfo
DalvikVM - [BB]: fu.hao.trust.dvm.Executor$OP_MOV_CONST -> jump set pc to 2
PluginManager - [MSG]: TaintSumBranch Tainted Res: {}
Executor - [MSG]: 

Executor - [MSG]: <2 MOV,CONST,dst=r2,type=void,extra=class patdroid.core.PrimitiveInfo?0> at de.ecspride.FactoryMethods1/onCreate[android.os.Bundle]
Executor - [DEBUG]: Mov const begin <2 MOV,CONST,dst=r2,type=void,extra=class patdroid.core.PrimitiveInfo?0>
DalvikVM - [WARN]: ar 2, (0, void)
Executor - [DEBUG]: data: 0 class patdroid.core.PrimitiveInfo
DalvikVM - [BB]: fu.hao.trust.dvm.Executor$OP_MOV_CONST -> jump set pc to 3
PluginManager - [MSG]: TaintSumBranch Tainted Res: {}
Executor - [MSG]: 

Executor - [MSG]: <3 HALT,SUPER,extra=[null, [9, 10]]> at de.ecspride.FactoryMethods1/onCreate[android.os.Bundle]
DalvikVM - [BB]: fu.hao.trust.dvm.Executor$OP_HALT -> jump set pc to 4
Executor - [MSG]: Cannot resolve the invocation
TaintSumBranch - [BB]: Not a taint op <3 HALT,SUPER,extra=[null, [9, 10]]>
PluginManager - [MSG]: TaintSumBranch Tainted Res: {}
Executor - [MSG]: 

Executor - [MSG]: <4 MOV,CONST,dst=r1,type=void,extra=class patdroid.core.PrimitiveInfo?2130903040> at de.ecspride.FactoryMethods1/onCreate[android.os.Bundle]
Executor - [DEBUG]: Mov const begin <4 MOV,CONST,dst=r1,type=void,extra=class patdroid.core.PrimitiveInfo?2130903040>
DalvikVM - [WARN]: ar 1, (2130903040, void)
Executor - [DEBUG]: data: 2130903040 class patdroid.core.PrimitiveInfo
DalvikVM - [BB]: fu.hao.trust.dvm.Executor$OP_MOV_CONST -> jump set pc to 5
PluginManager - [MSG]: TaintSumBranch Tainted Res: {}
Executor - [MSG]: 

Executor - [MSG]: <5 INVOKE,VIRTUAL,extra=[android.app.Activity/setContentView[int], [9, 1]]> at de.ecspride.FactoryMethods1/onCreate[android.os.Bundle]
Executor - [MSG]: arg0 obj: Activity:instance number 1@de.ecspride.FactoryMethods1
Executor - [DEBUG]: Reflction class: class android.app.Activity
Executor - [BB]: Normal args? true
Executor - [BB]: arg1@reg1: 2130903040
Executor - [DEBUG]: Expected para type: int
Executor - [DEBUG]: Real para int, value: 2130903040
Executor - [BB]: Nargs? true
Executor - [DEBUG]: Caller obj: Activity:instance number 1@de.ecspride.FactoryMethods1, from class: class android.app.Activity
DalvikVM - [WARN]: ar -1, (null, void)
Executor - [MSG]: Reflction invocation public void android.app.Activity.setContentView(int)
DalvikVM - [BB]: Set reflective call: public void android.app.Activity.setContentView(int)
DalvikVM - [BB]: fu.hao.trust.dvm.Executor -> jump set pc to 6
TaintSumBranch - [BB]: <android.app.Activity: void setContentView(int)>
TaintSumBranch - [DEBUG]: Not a taint call: <android.app.Activity: void setContentView(int)>
PluginManager - [MSG]: TaintSumBranch Tainted Res: {}
Executor - [MSG]: 

Executor - [MSG]: <6 NEW,INSTANCE,dst=r6,type=android.location.Criteria> at de.ecspride.FactoryMethods1/onCreate[android.os.Bundle]
OP_NEW_INSTANCE - [DEBUG]: [reg 6@FactoryMethods1/onCreate]
DalvikVM - [BB]: Superclass: android.location.Criteria
DVMObject - [BB]: New instance of android.location.Criteria
Caller@4: <init>@fu.hao.trust.dvm.DVMObject - [BB]: getClass android.location.Criteria at fu.hao.trust.dvm.VMHeap@665373c8
Caller: getClass@fu.hao.trust.dvm.VMHeap - [BB]: new class representation for android.location.Criteria at fu.hao.trust.dvm.VMHeap@665373c8
Caller: <init>@fu.hao.trust.dvm.DVMObject - [BB]: Get DVMClass for type android.location.Criteria
Caller@4: <init>@fu.hao.trust.dvm.DVMObject - [BB]: getClass android.location.Criteria at fu.hao.trust.dvm.VMHeap@665373c8
DalvikVM - [WARN]: ar 6, (instance number 1@android.location.Criteria, android.location.Criteria)
OP_NEW_INSTANCE - [DEBUG]: New object of android.location.Criteriacreated:instance number 1@android.location.Criteria
DalvikVM - [BB]: fu.hao.trust.dvm.Executor$OP_NEW_INSTANCE -> jump set pc to 7
TaintSumBranch - [BB]: Rdst [reg 6@FactoryMethods1/onCreate]
PluginManager - [MSG]: TaintSumBranch Tainted Res: {}
Executor - [MSG]: 

Executor - [MSG]: <7 HALT,DIRECT,extra=[null, [6]]> at de.ecspride.FactoryMethods1/onCreate[android.os.Bundle]
DalvikVM - [BB]: fu.hao.trust.dvm.Executor$OP_HALT -> jump set pc to 8
Executor - [MSG]: Cannot resolve the invocation
TaintSumBranch - [BB]: Not a taint op <7 HALT,DIRECT,extra=[null, [6]]>
PluginManager - [MSG]: TaintSumBranch Tainted Res: {}
Executor - [MSG]: 

Executor - [MSG]: <8 HALT,VIRTUAL,extra=[null, [6, 3]]> at de.ecspride.FactoryMethods1/onCreate[android.os.Bundle]
DalvikVM - [BB]: fu.hao.trust.dvm.Executor$OP_HALT -> jump set pc to 9
Executor - [MSG]: Cannot resolve the invocation
TaintSumBranch - [BB]: Not a taint op <8 HALT,VIRTUAL,extra=[null, [6, 3]]>
PluginManager - [MSG]: TaintSumBranch Tainted Res: {}
Executor - [MSG]: 

Executor - [MSG]: <9 MOV,CONST,dst=r1,type=java.lang.String,extra="location"> at de.ecspride.FactoryMethods1/onCreate[android.os.Bundle]
Executor - [DEBUG]: Mov const begin <9 MOV,CONST,dst=r1,type=java.lang.String,extra="location">
DalvikVM - [WARN]: ar 1 (2130903040, void), (location, java.lang.String)
Executor - [DEBUG]: data: location class java.lang.String
DalvikVM - [BB]: fu.hao.trust.dvm.Executor$OP_MOV_CONST -> jump set pc to 10
PluginManager - [MSG]: TaintSumBranch Tainted Res: {}
Executor - [MSG]: 

Executor - [MSG]: <10 INVOKE,VIRTUAL,extra=[android.content.Context/getSystemService[java.lang.String], [9, 1]]> at de.ecspride.FactoryMethods1/onCreate[android.os.Bundle]
Executor - [MSG]: arg0 obj: Activity:instance number 1@de.ecspride.FactoryMethods1
Executor - [DEBUG]: Reflction class: class android.content.Context
Executor - [BB]: Normal args? true
Executor - [BB]: arg1@reg1: location
Executor - [BB]: Nargs? true
Executor - [DEBUG]: Caller obj: Activity:instance number 1@de.ecspride.FactoryMethods1, from class: class android.app.Activity
DalvikVM - [WARN]: ar -1, (android.location.LocationManager@45586edb, java.lang.Object)
Executor - [DEBUG]: Return data: android.location.LocationManager@45586edb ,class android.location.LocationManager
Executor - [MSG]: Reflction invocation public java.lang.Object android.content.Context.getSystemService(java.lang.String)
DalvikVM - [BB]: Set reflective call: public java.lang.Object android.content.Context.getSystemService(java.lang.String)
DalvikVM - [BB]: fu.hao.trust.dvm.Executor -> jump set pc to 11
TaintSumBranch - [BB]: <android.content.Context: java.lang.Object getSystemService(java.lang.String)>
TaintSumBranch - [DEBUG]: Not a taint call: <android.content.Context: java.lang.Object getSystemService(java.lang.String)>
PluginManager - [MSG]: TaintSumBranch Tainted Res: {}
Executor - [MSG]: 

Executor - [MSG]: <11 MOV,RESULT,dst=r8,type=java.lang.Object> at de.ecspride.FactoryMethods1/onCreate[android.os.Bundle]
DalvikVM - [WARN]: ar 8, (android.location.LocationManager@45586edb, java.lang.Object)
OP_MOV_RESULT - [BB]: Result data: android.location.LocationManager@45586edb
OP_MOV_RESULT - [DEBUG]: Result data: android.location.LocationManager@45586edb, type: java.lang.Object, to [reg 8@FactoryMethods1/onCreate]
DalvikVM - [BB]: fu.hao.trust.dvm.Executor$OP_MOV_RESULT -> jump set pc to 12
PluginManager - [MSG]: TaintSumBranch Tainted Res: {}
Executor - [MSG]: 

Executor - [MSG]: <12 ARITHMETIC,CHECK-AND-CAST,dst=r8,type=android.location.LocationManager> at de.ecspride.FactoryMethods1/onCreate[android.os.Bundle]
DalvikVM - [BB]: fu.hao.trust.dvm.Executor$OP_ARITHETIC -> jump set pc to 13
PluginManager - [MSG]: TaintSumBranch Tainted Res: {}
Executor - [MSG]: 

Executor - [MSG]: <13 HALT,VIRTUAL,extra=[null, [8, 6, 3]]> at de.ecspride.FactoryMethods1/onCreate[android.os.Bundle]
DalvikVM - [BB]: fu.hao.trust.dvm.Executor$OP_HALT -> jump set pc to 14
Executor - [MSG]: Cannot resolve the invocation
TaintSumBranch - [BB]: Not a taint op <13 HALT,VIRTUAL,extra=[null, [8, 6, 3]]>
PluginManager - [MSG]: TaintSumBranch Tainted Res: {}
Executor - [MSG]: 

Executor - [MSG]: <14 MOV,RESULT,dst=r1,type=java.lang.Object> at de.ecspride.FactoryMethods1/onCreate[android.os.Bundle]
Unknown - [BB]: Unknown created!
DalvikVM - [WARN]: ar -1, ([Unknown var:null, type: java.lang.Object], java.lang.Object)
DalvikVM - [WARN]: ar 1 (location, java.lang.String), ([Unknown var:null, type: java.lang.Object], java.lang.Object)
OP_MOV_RESULT - [BB]: Result data: [Unknown var:null, type: java.lang.Object]
OP_MOV_RESULT - [DEBUG]: Result data: [Unknown var:null, type: java.lang.Object], type: java.lang.Object, to [reg 1@FactoryMethods1/onCreate]
DalvikVM - [BB]: fu.hao.trust.dvm.Executor$OP_MOV_RESULT -> jump set pc to 15
PluginManager - [MSG]: TaintSumBranch Tainted Res: {}
Executor - [MSG]: 

Executor - [MSG]: <15 HALT,VIRTUAL,extra=[null, [8, 1]]> at de.ecspride.FactoryMethods1/onCreate[android.os.Bundle]
DalvikVM - [BB]: fu.hao.trust.dvm.Executor$OP_HALT -> jump set pc to 16
Executor - [MSG]: Cannot resolve the invocation
TaintSumBranch - [BB]: Not a taint op <15 HALT,VIRTUAL,extra=[null, [8, 1]]>
PluginManager - [MSG]: TaintSumBranch Tainted Res: {}
Executor - [MSG]: 

Executor - [MSG]: <16 MOV,RESULT,dst=r7,type=java.lang.Object> at de.ecspride.FactoryMethods1/onCreate[android.os.Bundle]
Unknown - [BB]: Unknown created!
DalvikVM - [WARN]: ar -1, ([Unknown var:null, type: java.lang.Object], java.lang.Object)
DalvikVM - [WARN]: ar 7, ([Unknown var:null, type: java.lang.Object], java.lang.Object)
OP_MOV_RESULT - [BB]: Result data: [Unknown var:null, type: java.lang.Object]
OP_MOV_RESULT - [DEBUG]: Result data: [Unknown var:null, type: java.lang.Object], type: java.lang.Object, to [reg 7@FactoryMethods1/onCreate]
DalvikVM - [BB]: fu.hao.trust.dvm.Executor$OP_MOV_RESULT -> jump set pc to 17
PluginManager - [MSG]: TaintSumBranch Tainted Res: {}
Executor - [MSG]: 

Executor - [MSG]: <17 MOV,CONST,dst=r1,type=java.lang.String,extra="Latitude"> at de.ecspride.FactoryMethods1/onCreate[android.os.Bundle]
Executor - [DEBUG]: Mov const begin <17 MOV,CONST,dst=r1,type=java.lang.String,extra="Latitude">
DalvikVM - [WARN]: ar 1 ([Unknown var:null, type: java.lang.Object], java.lang.Object), (Latitude, java.lang.String)
Executor - [DEBUG]: data: Latitude class java.lang.String
DalvikVM - [BB]: fu.hao.trust.dvm.Executor$OP_MOV_CONST -> jump set pc to 18
PluginManager - [MSG]: TaintSumBranch Tainted Res: {}
Executor - [MSG]: 

Executor - [MSG]: <18 NEW,INSTANCE,dst=r3,type=java.lang.StringBuilder> at de.ecspride.FactoryMethods1/onCreate[android.os.Bundle]
OP_NEW_INSTANCE - [DEBUG]: [reg 3@FactoryMethods1/onCreate]
DalvikVM - [WARN]: ar 3 (1, void), (null, java.lang.StringBuilder)
OP_NEW_INSTANCE - [BB]: Reflecable instance.
DalvikVM - [BB]: fu.hao.trust.dvm.Executor$OP_NEW_INSTANCE -> jump set pc to 19
TaintSumBranch - [BB]: Rdst [reg 3@FactoryMethods1/onCreate]
PluginManager - [MSG]: TaintSumBranch Tainted Res: {}
Executor - [MSG]: 

Executor - [MSG]: <19 INVOKE,DIRECT,extra=[java.lang.StringBuilder/<init>[], [3]]> at de.ecspride.FactoryMethods1/onCreate[android.os.Bundle]
Executor - [MSG]: arg0 obj: null
Executor - [BB]: java.lang.StringBuilder/<init>[] is a constructor!
DalvikVM - [WARN]: ar 3 (null, java.lang.StringBuilder), (, void)
Executor - [DEBUG]: Reflected init instance: , class java.lang.StringBuilder
DalvikVM - [BB]: fu.hao.trust.dvm.Executor -> jump set pc to 20
TaintSumBranch - [BB]: <java.lang.StringBuilder: void <init>()>
TaintSumBranch - [DEBUG]: Not a taint call: <java.lang.StringBuilder: void <init>()>
PluginManager - [MSG]: TaintSumBranch Tainted Res: {}
Executor - [MSG]: 

Executor - [MSG]: <20 MOV,CONST,dst=r4,type=java.lang.String,extra="Latitude: "> at de.ecspride.FactoryMethods1/onCreate[android.os.Bundle]
Executor - [DEBUG]: Mov const begin <20 MOV,CONST,dst=r4,type=java.lang.String,extra="Latitude: ">
DalvikVM - [WARN]: ar 4, (Latitude: , java.lang.String)
Executor - [DEBUG]: data: Latitude:  class java.lang.String
DalvikVM - [BB]: fu.hao.trust.dvm.Executor$OP_MOV_CONST -> jump set pc to 21
PluginManager - [MSG]: TaintSumBranch Tainted Res: {}
Executor - [MSG]: 

Executor - [MSG]: <21 INVOKE,VIRTUAL,extra=[java.lang.StringBuilder/append[java.lang.String], [3, 4]]> at de.ecspride.FactoryMethods1/onCreate[android.os.Bundle]
Executor - [MSG]: arg0 obj: 
Executor - [DEBUG]: Reflction class: class java.lang.StringBuilder
Executor - [BB]: Normal args? true
Executor - [BB]: arg1@reg4: Latitude: 
Executor - [BB]: Nargs? true
Executor - [DEBUG]: Caller obj: , from class: class java.lang.StringBuilder
DalvikVM - [WARN]: ar -1, (Latitude: , java.lang.StringBuilder)
Executor - [DEBUG]: Return data: Latitude:  ,class java.lang.StringBuilder
Executor - [MSG]: Reflction invocation public java.lang.StringBuilder java.lang.StringBuilder.append(java.lang.String)
DalvikVM - [BB]: Set reflective call: public java.lang.StringBuilder java.lang.StringBuilder.append(java.lang.String)
Unknown - [BB]: Unknown created!
DalvikVM - [WARN]: ar -1 (Latitude: , java.lang.StringBuilder), ([Unknown var:Latitude: , type: java.lang.StringBuilder], java.lang.StringBuilder)
DalvikVM - [BB]: fu.hao.trust.dvm.Executor -> jump set pc to 22
TaintSumBranch - [BB]: <java.lang.StringBuilder: java.lang.StringBuilder append(java.lang.String)>
TaintSumBranch - [DEBUG]: Not a taint call: <java.lang.StringBuilder: java.lang.StringBuilder append(java.lang.String)>
PluginManager - [MSG]: TaintSumBranch Tainted Res: {}
Executor - [MSG]: 

Executor - [MSG]: <22 MOV,RESULT,dst=r3,type=java.lang.Object> at de.ecspride.FactoryMethods1/onCreate[android.os.Bundle]
DalvikVM - [WARN]: ar 3 (Latitude: , void), ([Unknown var:Latitude: , type: java.lang.StringBuilder], java.lang.StringBuilder)
OP_MOV_RESULT - [BB]: Result data: [Unknown var:Latitude: , type: java.lang.StringBuilder]
OP_MOV_RESULT - [DEBUG]: Result data: [Unknown var:Latitude: , type: java.lang.StringBuilder], type: java.lang.StringBuilder, to [reg 3@FactoryMethods1/onCreate]
DalvikVM - [BB]: fu.hao.trust.dvm.Executor$OP_MOV_RESULT -> jump set pc to 23
PluginManager - [MSG]: TaintSumBranch Tainted Res: {}
Executor - [MSG]: 

Executor - [MSG]: <23 INVOKE,VIRTUAL,extra=[android.location.Location/getLatitude[], [7]]> at de.ecspride.FactoryMethods1/onCreate[android.os.Bundle]
Executor - [MSG]: arg0 obj: [Unknown var:null, type: java.lang.Object]
Executor - [DEBUG]: Reflction class: class android.location.Location
DalvikVM - [WARN]: ar -1, (38.53203, double)
Executor - [DEBUG]: Return data: 38.53203 ,class java.lang.Double
Executor - [MSG]: Reflction invocation public double android.location.Location.getLatitude()
DalvikVM - [BB]: Set reflective call: public double android.location.Location.getLatitude()
DalvikVM - [BB]: fu.hao.trust.dvm.Executor -> jump set pc to 24
TaintSumBranch - [BB]: <android.location.Location: double getLatitude()>
TaintSumBranch - [WARN]: Found a tainted return value!
PluginManager - [MSG]: TaintSumBranch Tainted Res: {38.53203=<23 INVOKE,VIRTUAL,extra=[android.location.Location/getLatitude[], [7]]>, [Global RetReg]=<23 INVOKE,VIRTUAL,extra=[android.location.Location/getLatitude[], [7]]>}
Executor - [MSG]: 

Executor - [MSG]: <24 MOV,RESULT,dst=r4,type=AndroidWide> at de.ecspride.FactoryMethods1/onCreate[android.os.Bundle]
DalvikVM - [WARN]: ar -1 (38.53203, double), (38.53203d, double)
DalvikVM - [WARN]: ar 4 (Latitude: , java.lang.String), (38.53203d, double)
OP_MOV_RESULT - [BB]: Result data: 38.53203d
OP_MOV_RESULT - [DEBUG]: Result data: 38.53203d, type: double, to [reg 4@FactoryMethods1/onCreate]
DalvikVM - [BB]: fu.hao.trust.dvm.Executor$OP_MOV_RESULT -> jump set pc to 25
TaintSumBranch - [BB]: <23 INVOKE,VIRTUAL,extra=[android.location.Location/getLatitude[], [7]]>
TaintSumBranch - [BB]: Add reg 4 due to ret reg.
PluginManager - [MSG]: TaintSumBranch Tainted Res: {38.53203=<23 INVOKE,VIRTUAL,extra=[android.location.Location/getLatitude[], [7]]>, 38.53203d=<23 INVOKE,VIRTUAL,extra=[android.location.Location/getLatitude[], [7]]>, [reg 4@FactoryMethods1/onCreate]=<23 INVOKE,VIRTUAL,extra=[android.location.Location/getLatitude[], [7]]>}
Executor - [MSG]: 

Executor - [MSG]: <25 INVOKE,VIRTUAL,extra=[java.lang.StringBuilder/append[double], [3, 4]]> at de.ecspride.FactoryMethods1/onCreate[android.os.Bundle]
Executor - [MSG]: arg0 obj: [Unknown var:Latitude: , type: java.lang.StringBuilder]
Executor - [DEBUG]: Reflction class: class java.lang.StringBuilder
Executor - [BB]: Normal args? true
Executor - [BB]: arg1@reg4: 38.53203d
Executor - [DEBUG]: Expected para type: double
Executor - [DEBUG]: Real para double, value: 38.53203
Executor - [BB]: Nargs? true
Executor - [DEBUG]: Caller obj: Latitude: , from class: class java.lang.StringBuilder
DalvikVM - [WARN]: ar -1, (Latitude: 38.53203, java.lang.StringBuilder)
Executor - [DEBUG]: Return data: Latitude: 38.53203 ,class java.lang.StringBuilder
Executor - [MSG]: Reflction invocation public java.lang.StringBuilder java.lang.StringBuilder.append(double)
DalvikVM - [BB]: Set reflective call: public java.lang.StringBuilder java.lang.StringBuilder.append(double)
Unknown - [BB]: Unknown created!
DalvikVM - [WARN]: ar -1 (Latitude: 38.53203, java.lang.StringBuilder), ([Unknown var:Latitude: 38.53203, type: java.lang.StringBuilder], java.lang.StringBuilder)
DalvikVM - [BB]: fu.hao.trust.dvm.Executor -> jump set pc to 26
TaintSumBranch - [BB]: <java.lang.StringBuilder: java.lang.StringBuilder append(double)>
TaintSumBranch - [WARN]: Found a tainted return val!
TaintSumBranch - [DEBUG]: Not a taint call: <java.lang.StringBuilder: java.lang.StringBuilder append(double)>
TaintSumBranch - [WARN]: Found a tainted return val!
PluginManager - [MSG]: TaintSumBranch Tainted Res: {38.53203=<23 INVOKE,VIRTUAL,extra=[android.location.Location/getLatitude[], [7]]>, [Unknown var:Latitude: 38.53203, type: java.lang.StringBuilder]=<23 INVOKE,VIRTUAL,extra=[android.location.Location/getLatitude[], [7]]>, 38.53203d=<23 INVOKE,VIRTUAL,extra=[android.location.Location/getLatitude[], [7]]>, [Global RetReg]=<23 INVOKE,VIRTUAL,extra=[android.location.Location/getLatitude[], [7]]>, [reg 4@FactoryMethods1/onCreate]=<23 INVOKE,VIRTUAL,extra=[android.location.Location/getLatitude[], [7]]>}
Executor - [MSG]: 

Executor - [MSG]: <26 MOV,RESULT,dst=r3,type=java.lang.Object> at de.ecspride.FactoryMethods1/onCreate[android.os.Bundle]
DalvikVM - [WARN]: ar 3 ([Unknown var:Latitude: 38.53203, type: java.lang.StringBuilder], java.lang.StringBuilder), ([Unknown var:Latitude: 38.53203, type: java.lang.StringBuilder], java.lang.StringBuilder)
OP_MOV_RESULT - [BB]: Result data: [Unknown var:Latitude: 38.53203, type: java.lang.StringBuilder]
OP_MOV_RESULT - [DEBUG]: Result data: [Unknown var:Latitude: 38.53203, type: java.lang.StringBuilder], type: java.lang.StringBuilder, to [reg 3@FactoryMethods1/onCreate]
DalvikVM - [BB]: fu.hao.trust.dvm.Executor$OP_MOV_RESULT -> jump set pc to 27
TaintSumBranch - [BB]: <23 INVOKE,VIRTUAL,extra=[android.location.Location/getLatitude[], [7]]>
TaintSumBranch - [BB]: Add reg 3 due to ret reg.
PluginManager - [MSG]: TaintSumBranch Tainted Res: {38.53203=<23 INVOKE,VIRTUAL,extra=[android.location.Location/getLatitude[], [7]]>, 38.53203d=<23 INVOKE,VIRTUAL,extra=[android.location.Location/getLatitude[], [7]]>, [Unknown var:Latitude: 38.53203, type: java.lang.StringBuilder]=<23 INVOKE,VIRTUAL,extra=[android.location.Location/getLatitude[], [7]]>, [reg 3@FactoryMethods1/onCreate]=<23 INVOKE,VIRTUAL,extra=[android.location.Location/getLatitude[], [7]]>, [reg 4@FactoryMethods1/onCreate]=<23 INVOKE,VIRTUAL,extra=[android.location.Location/getLatitude[], [7]]>}
Executor - [MSG]: 

Executor - [MSG]: <27 INVOKE,VIRTUAL,extra=[java.lang.StringBuilder/toString[], [3]]> at de.ecspride.FactoryMethods1/onCreate[android.os.Bundle]
Executor - [MSG]: arg0 obj: [Unknown var:Latitude: 38.53203, type: java.lang.StringBuilder]
Executor - [DEBUG]: Reflction class: class java.lang.StringBuilder
DalvikVM - [WARN]: ar -1, (Latitude: 38.53203, java.lang.String)
Executor - [DEBUG]: Return data: Latitude: 38.53203 ,class java.lang.String
Executor - [MSG]: Reflction invocation public java.lang.String java.lang.StringBuilder.toString()
DalvikVM - [BB]: Set reflective call: public java.lang.String java.lang.StringBuilder.toString()
Unknown - [BB]: Unknown created!
DalvikVM - [WARN]: ar -1 (Latitude: 38.53203, java.lang.String), ([Unknown var:Latitude: 38.53203, type: java.lang.String], java.lang.String)
DalvikVM - [BB]: fu.hao.trust.dvm.Executor -> jump set pc to 28
TaintSumBranch - [BB]: <java.lang.StringBuilder: java.lang.String toString()>
TaintSumBranch - [WARN]: Found a tainted return val!
TaintSumBranch - [DEBUG]: Not a taint call: <java.lang.StringBuilder: java.lang.String toString()>
TaintSumBranch - [WARN]: Found a tainted return val!
PluginManager - [MSG]: TaintSumBranch Tainted Res: {[Unknown var:Latitude: 38.53203, type: java.lang.String]=<23 INVOKE,VIRTUAL,extra=[android.location.Location/getLatitude[], [7]]>, 38.53203=<23 INVOKE,VIRTUAL,extra=[android.location.Location/getLatitude[], [7]]>, 38.53203d=<23 INVOKE,VIRTUAL,extra=[android.location.Location/getLatitude[], [7]]>, [Unknown var:Latitude: 38.53203, type: java.lang.StringBuilder]=<23 INVOKE,VIRTUAL,extra=[android.location.Location/getLatitude[], [7]]>, [Global RetReg]=<23 INVOKE,VIRTUAL,extra=[android.location.Location/getLatitude[], [7]]>, [reg 3@FactoryMethods1/onCreate]=<23 INVOKE,VIRTUAL,extra=[android.location.Location/getLatitude[], [7]]>, [reg 4@FactoryMethods1/onCreate]=<23 INVOKE,VIRTUAL,extra=[android.location.Location/getLatitude[], [7]]>}
Executor - [MSG]: 

Executor - [MSG]: <28 MOV,RESULT,dst=r3,type=java.lang.Object> at de.ecspride.FactoryMethods1/onCreate[android.os.Bundle]
DalvikVM - [WARN]: ar 3 ([Unknown var:Latitude: 38.53203, type: java.lang.StringBuilder], java.lang.StringBuilder), ([Unknown var:Latitude: 38.53203, type: java.lang.String], java.lang.String)
OP_MOV_RESULT - [BB]: Result data: [Unknown var:Latitude: 38.53203, type: java.lang.String]
OP_MOV_RESULT - [DEBUG]: Result data: [Unknown var:Latitude: 38.53203, type: java.lang.String], type: java.lang.String, to [reg 3@FactoryMethods1/onCreate]
DalvikVM - [BB]: fu.hao.trust.dvm.Executor$OP_MOV_RESULT -> jump set pc to 29
TaintSumBranch - [BB]: <23 INVOKE,VIRTUAL,extra=[android.location.Location/getLatitude[], [7]]>
TaintSumBranch - [BB]: Add reg 3 due to ret reg.
PluginManager - [MSG]: TaintSumBranch Tainted Res: {[Unknown var:Latitude: 38.53203, type: java.lang.String]=<23 INVOKE,VIRTUAL,extra=[android.location.Location/getLatitude[], [7]]>, 38.53203=<23 INVOKE,VIRTUAL,extra=[android.location.Location/getLatitude[], [7]]>, [Unknown var:Latitude: 38.53203, type: java.lang.StringBuilder]=<23 INVOKE,VIRTUAL,extra=[android.location.Location/getLatitude[], [7]]>, 38.53203d=<23 INVOKE,VIRTUAL,extra=[android.location.Location/getLatitude[], [7]]>, [reg 3@FactoryMethods1/onCreate]=<23 INVOKE,VIRTUAL,extra=[android.location.Location/getLatitude[], [7]]>, [reg 4@FactoryMethods1/onCreate]=<23 INVOKE,VIRTUAL,extra=[android.location.Location/getLatitude[], [7]]>}
Executor - [MSG]: 

Executor - [MSG]: <29 INVOKE,STATIC,extra=[android.util.Log/d[java.lang.String, java.lang.String], [1, 3]]> at de.ecspride.FactoryMethods1/onCreate[android.os.Bundle]
Executor - [DEBUG]: Reflction class android.util.Log
Executor - [BB]: arg0@reg1: Latitude
Executor - [BB]: arg1@reg3: [Unknown var:Latitude: 38.53203, type: java.lang.String]
Executor - [WARN]: Mismatch type! arg 1, real para type: class fu.hao.trust.solver.Unknown, expected para type: class java.lang.String
Executor - [DEBUG]: Found symbolic var with value: Latitude: 38.53203
Executor - [BB]: param: Latitude
Executor - [BB]: param: Latitude: 38.53203
DalvikVM - [WARN]: ar -1, (1, int)
Executor - [MSG]: reflction invocation public static int android.util.Log.d(java.lang.String,java.lang.String)
DalvikVM - [BB]: Set reflective call: public static int android.util.Log.d(java.lang.String,java.lang.String)
DalvikVM - [BB]: fu.hao.trust.dvm.Executor$OP_INVOKE_STATIC -> jump set pc to 30
TaintSumBranch - [BB]: <android.util.Log: int d(java.lang.String,java.lang.String)>
TaintSumBranch - [WARN]: Found a tainted return val!
TaintSumBranch - [DEBUG]: Not a taint call: <android.util.Log: int d(java.lang.String,java.lang.String)>
TaintSumBranch - [WARN]: Found a tainted return val!
PluginManager - [MSG]: TaintSumBranch Tainted Res: {[Unknown var:Latitude: 38.53203, type: java.lang.String]=<23 INVOKE,VIRTUAL,extra=[android.location.Location/getLatitude[], [7]]>, 38.53203=<23 INVOKE,VIRTUAL,extra=[android.location.Location/getLatitude[], [7]]>, [Unknown var:Latitude: 38.53203, type: java.lang.StringBuilder]=<23 INVOKE,VIRTUAL,extra=[android.location.Location/getLatitude[], [7]]>, 38.53203d=<23 INVOKE,VIRTUAL,extra=[android.location.Location/getLatitude[], [7]]>, [Global RetReg]=<23 INVOKE,VIRTUAL,extra=[android.location.Location/getLatitude[], [7]]>, [reg 3@FactoryMethods1/onCreate]=<23 INVOKE,VIRTUAL,extra=[android.location.Location/getLatitude[], [7]]>, [reg 4@FactoryMethods1/onCreate]=<23 INVOKE,VIRTUAL,extra=[android.location.Location/getLatitude[], [7]]>}
Executor - [MSG]: 

Executor - [MSG]: <30 MOV,CONST,dst=r1,type=java.lang.String,extra="Longtitude"> at de.ecspride.FactoryMethods1/onCreate[android.os.Bundle]
Executor - [DEBUG]: Mov const begin <30 MOV,CONST,dst=r1,type=java.lang.String,extra="Longtitude">
DalvikVM - [WARN]: ar 1 (Latitude, java.lang.String), (Longtitude, java.lang.String)
Executor - [DEBUG]: data: Longtitude class java.lang.String
DalvikVM - [BB]: fu.hao.trust.dvm.Executor$OP_MOV_CONST -> jump set pc to 31
PluginManager - [MSG]: TaintSumBranch Tainted Res: {[Unknown var:Latitude: 38.53203, type: java.lang.String]=<23 INVOKE,VIRTUAL,extra=[android.location.Location/getLatitude[], [7]]>, 38.53203=<23 INVOKE,VIRTUAL,extra=[android.location.Location/getLatitude[], [7]]>, 38.53203d=<23 INVOKE,VIRTUAL,extra=[android.location.Location/getLatitude[], [7]]>, [Unknown var:Latitude: 38.53203, type: java.lang.StringBuilder]=<23 INVOKE,VIRTUAL,extra=[android.location.Location/getLatitude[], [7]]>, [Global RetReg]=<23 INVOKE,VIRTUAL,extra=[android.location.Location/getLatitude[], [7]]>, [reg 3@FactoryMethods1/onCreate]=<23 INVOKE,VIRTUAL,extra=[android.location.Location/getLatitude[], [7]]>, [reg 4@FactoryMethods1/onCreate]=<23 INVOKE,VIRTUAL,extra=[android.location.Location/getLatitude[], [7]]>}
Executor - [MSG]: 

Executor - [MSG]: <31 NEW,INSTANCE,dst=r3,type=java.lang.StringBuilder> at de.ecspride.FactoryMethods1/onCreate[android.os.Bundle]
OP_NEW_INSTANCE - [DEBUG]: [reg 3@FactoryMethods1/onCreate]
DalvikVM - [WARN]: ar 3 ([Unknown var:Latitude: 38.53203, type: java.lang.String], java.lang.String), (null, java.lang.StringBuilder)
OP_NEW_INSTANCE - [BB]: Reflecable instance.
DalvikVM - [BB]: fu.hao.trust.dvm.Executor$OP_NEW_INSTANCE -> jump set pc to 32
TaintSumBranch - [BB]: Rdst [reg 3@FactoryMethods1/onCreate]
TaintSumBranch - [BB]: Rm [reg 3@FactoryMethods1/onCreate]
PluginManager - [MSG]: TaintSumBranch Tainted Res: {[Unknown var:Latitude: 38.53203, type: java.lang.String]=<23 INVOKE,VIRTUAL,extra=[android.location.Location/getLatitude[], [7]]>, 38.53203=<23 INVOKE,VIRTUAL,extra=[android.location.Location/getLatitude[], [7]]>, [Unknown var:Latitude: 38.53203, type: java.lang.StringBuilder]=<23 INVOKE,VIRTUAL,extra=[android.location.Location/getLatitude[], [7]]>, 38.53203d=<23 INVOKE,VIRTUAL,extra=[android.location.Location/getLatitude[], [7]]>, [Global RetReg]=<23 INVOKE,VIRTUAL,extra=[android.location.Location/getLatitude[], [7]]>, [reg 4@FactoryMethods1/onCreate]=<23 INVOKE,VIRTUAL,extra=[android.location.Location/getLatitude[], [7]]>}
Executor - [MSG]: 

Executor - [MSG]: <32 INVOKE,DIRECT,extra=[java.lang.StringBuilder/<init>[], [3]]> at de.ecspride.FactoryMethods1/onCreate[android.os.Bundle]
Executor - [MSG]: arg0 obj: null
Executor - [BB]: java.lang.StringBuilder/<init>[] is a constructor!
DalvikVM - [WARN]: ar 3 (null, java.lang.StringBuilder), (, void)
Executor - [DEBUG]: Reflected init instance: , class java.lang.StringBuilder
DalvikVM - [BB]: fu.hao.trust.dvm.Executor -> jump set pc to 33
TaintSumBranch - [BB]: <java.lang.StringBuilder: void <init>()>
TaintSumBranch - [DEBUG]: Not a taint call: <java.lang.StringBuilder: void <init>()>
PluginManager - [MSG]: TaintSumBranch Tainted Res: {[Unknown var:Latitude: 38.53203, type: java.lang.String]=<23 INVOKE,VIRTUAL,extra=[android.location.Location/getLatitude[], [7]]>, 38.53203=<23 INVOKE,VIRTUAL,extra=[android.location.Location/getLatitude[], [7]]>, [Unknown var:Latitude: 38.53203, type: java.lang.StringBuilder]=<23 INVOKE,VIRTUAL,extra=[android.location.Location/getLatitude[], [7]]>, 38.53203d=<23 INVOKE,VIRTUAL,extra=[android.location.Location/getLatitude[], [7]]>, [reg 4@FactoryMethods1/onCreate]=<23 INVOKE,VIRTUAL,extra=[android.location.Location/getLatitude[], [7]]>}
Executor - [MSG]: 

Executor - [MSG]: <33 MOV,CONST,dst=r4,type=java.lang.String,extra="Longtitude: "> at de.ecspride.FactoryMethods1/onCreate[android.os.Bundle]
Executor - [DEBUG]: Mov const begin <33 MOV,CONST,dst=r4,type=java.lang.String,extra="Longtitude: ">
DalvikVM - [WARN]: ar 4 (38.53203d, double), (Longtitude: , java.lang.String)
Executor - [DEBUG]: data: Longtitude:  class java.lang.String
DalvikVM - [BB]: fu.hao.trust.dvm.Executor$OP_MOV_CONST -> jump set pc to 34
PluginManager - [MSG]: TaintSumBranch Tainted Res: {[Unknown var:Latitude: 38.53203, type: java.lang.String]=<23 INVOKE,VIRTUAL,extra=[android.location.Location/getLatitude[], [7]]>, 38.53203=<23 INVOKE,VIRTUAL,extra=[android.location.Location/getLatitude[], [7]]>, 38.53203d=<23 INVOKE,VIRTUAL,extra=[android.location.Location/getLatitude[], [7]]>, [Unknown var:Latitude: 38.53203, type: java.lang.StringBuilder]=<23 INVOKE,VIRTUAL,extra=[android.location.Location/getLatitude[], [7]]>}
Executor - [MSG]: 

Executor - [MSG]: <34 INVOKE,VIRTUAL,extra=[java.lang.StringBuilder/append[java.lang.String], [3, 4]]> at de.ecspride.FactoryMethods1/onCreate[android.os.Bundle]
Executor - [MSG]: arg0 obj: 
Executor - [DEBUG]: Reflction class: class java.lang.StringBuilder
Executor - [BB]: Normal args? true
Executor - [BB]: arg1@reg4: Longtitude: 
Executor - [BB]: Nargs? true
Executor - [DEBUG]: Caller obj: , from class: class java.lang.StringBuilder
DalvikVM - [WARN]: ar -1, (Longtitude: , java.lang.StringBuilder)
Executor - [DEBUG]: Return data: Longtitude:  ,class java.lang.StringBuilder
Executor - [MSG]: Reflction invocation public java.lang.StringBuilder java.lang.StringBuilder.append(java.lang.String)
DalvikVM - [BB]: Set reflective call: public java.lang.StringBuilder java.lang.StringBuilder.append(java.lang.String)
Unknown - [BB]: Unknown created!
DalvikVM - [WARN]: ar -1 (Longtitude: , java.lang.StringBuilder), ([Unknown var:Longtitude: , type: java.lang.StringBuilder], java.lang.StringBuilder)
DalvikVM - [BB]: fu.hao.trust.dvm.Executor -> jump set pc to 35
TaintSumBranch - [BB]: <java.lang.StringBuilder: java.lang.StringBuilder append(java.lang.String)>
TaintSumBranch - [DEBUG]: Not a taint call: <java.lang.StringBuilder: java.lang.StringBuilder append(java.lang.String)>
PluginManager - [MSG]: TaintSumBranch Tainted Res: {[Unknown var:Latitude: 38.53203, type: java.lang.String]=<23 INVOKE,VIRTUAL,extra=[android.location.Location/getLatitude[], [7]]>, 38.53203=<23 INVOKE,VIRTUAL,extra=[android.location.Location/getLatitude[], [7]]>, 38.53203d=<23 INVOKE,VIRTUAL,extra=[android.location.Location/getLatitude[], [7]]>, [Unknown var:Latitude: 38.53203, type: java.lang.StringBuilder]=<23 INVOKE,VIRTUAL,extra=[android.location.Location/getLatitude[], [7]]>}
Executor - [MSG]: 

Executor - [MSG]: <35 MOV,RESULT,dst=r3,type=java.lang.Object> at de.ecspride.FactoryMethods1/onCreate[android.os.Bundle]
DalvikVM - [WARN]: ar 3 (Longtitude: , void), ([Unknown var:Longtitude: , type: java.lang.StringBuilder], java.lang.StringBuilder)
OP_MOV_RESULT - [BB]: Result data: [Unknown var:Longtitude: , type: java.lang.StringBuilder]
OP_MOV_RESULT - [DEBUG]: Result data: [Unknown var:Longtitude: , type: java.lang.StringBuilder], type: java.lang.StringBuilder, to [reg 3@FactoryMethods1/onCreate]
DalvikVM - [BB]: fu.hao.trust.dvm.Executor$OP_MOV_RESULT -> jump set pc to 36
PluginManager - [MSG]: TaintSumBranch Tainted Res: {[Unknown var:Latitude: 38.53203, type: java.lang.String]=<23 INVOKE,VIRTUAL,extra=[android.location.Location/getLatitude[], [7]]>, 38.53203=<23 INVOKE,VIRTUAL,extra=[android.location.Location/getLatitude[], [7]]>, [Unknown var:Latitude: 38.53203, type: java.lang.StringBuilder]=<23 INVOKE,VIRTUAL,extra=[android.location.Location/getLatitude[], [7]]>, 38.53203d=<23 INVOKE,VIRTUAL,extra=[android.location.Location/getLatitude[], [7]]>}
Executor - [MSG]: 

Executor - [MSG]: <36 INVOKE,VIRTUAL,extra=[android.location.Location/getLongitude[], [7]]> at de.ecspride.FactoryMethods1/onCreate[android.os.Bundle]
Executor - [MSG]: arg0 obj: [Unknown var:null, type: java.lang.Object]
Executor - [DEBUG]: Reflction class: class android.location.Location
DalvikVM - [WARN]: ar -1, (-121.759603, double)
Executor - [DEBUG]: Return data: -121.759603 ,class java.lang.Double
Executor - [MSG]: Reflction invocation public double android.location.Location.getLongitude()
DalvikVM - [BB]: Set reflective call: public double android.location.Location.getLongitude()
DalvikVM - [BB]: fu.hao.trust.dvm.Executor -> jump set pc to 37
TaintSumBranch - [BB]: <android.location.Location: double getLongitude()>
TaintSumBranch - [WARN]: Found a tainted return value!
PluginManager - [MSG]: TaintSumBranch Tainted Res: {[Unknown var:Latitude: 38.53203, type: java.lang.String]=<23 INVOKE,VIRTUAL,extra=[android.location.Location/getLatitude[], [7]]>, 38.53203=<23 INVOKE,VIRTUAL,extra=[android.location.Location/getLatitude[], [7]]>, -121.759603=<36 INVOKE,VIRTUAL,extra=[android.location.Location/getLongitude[], [7]]>, [Unknown var:Latitude: 38.53203, type: java.lang.StringBuilder]=<23 INVOKE,VIRTUAL,extra=[android.location.Location/getLatitude[], [7]]>, 38.53203d=<23 INVOKE,VIRTUAL,extra=[android.location.Location/getLatitude[], [7]]>, [Global RetReg]=<36 INVOKE,VIRTUAL,extra=[android.location.Location/getLongitude[], [7]]>}
Executor - [MSG]: 

Executor - [MSG]: <37 MOV,RESULT,dst=r4,type=AndroidWide> at de.ecspride.FactoryMethods1/onCreate[android.os.Bundle]
DalvikVM - [WARN]: ar -1 (-121.759603, double), (-121.759603d, double)
DalvikVM - [WARN]: ar 4 (Longtitude: , java.lang.String), (-121.759603d, double)
OP_MOV_RESULT - [BB]: Result data: -121.759603d
OP_MOV_RESULT - [DEBUG]: Result data: -121.759603d, type: double, to [reg 4@FactoryMethods1/onCreate]
DalvikVM - [BB]: fu.hao.trust.dvm.Executor$OP_MOV_RESULT -> jump set pc to 38
TaintSumBranch - [BB]: <36 INVOKE,VIRTUAL,extra=[android.location.Location/getLongitude[], [7]]>
TaintSumBranch - [BB]: Add reg 4 due to ret reg.
PluginManager - [MSG]: TaintSumBranch Tainted Res: {[Unknown var:Latitude: 38.53203, type: java.lang.String]=<23 INVOKE,VIRTUAL,extra=[android.location.Location/getLatitude[], [7]]>, 38.53203=<23 INVOKE,VIRTUAL,extra=[android.location.Location/getLatitude[], [7]]>, -121.759603=<36 INVOKE,VIRTUAL,extra=[android.location.Location/getLongitude[], [7]]>, 38.53203d=<23 INVOKE,VIRTUAL,extra=[android.location.Location/getLatitude[], [7]]>, [Unknown var:Latitude: 38.53203, type: java.lang.StringBuilder]=<23 INVOKE,VIRTUAL,extra=[android.location.Location/getLatitude[], [7]]>, -121.759603d=<36 INVOKE,VIRTUAL,extra=[android.location.Location/getLongitude[], [7]]>, [reg 4@FactoryMethods1/onCreate]=<36 INVOKE,VIRTUAL,extra=[android.location.Location/getLongitude[], [7]]>}
Executor - [MSG]: 

Executor - [MSG]: <38 INVOKE,VIRTUAL,extra=[java.lang.StringBuilder/append[double], [3, 4]]> at de.ecspride.FactoryMethods1/onCreate[android.os.Bundle]
Executor - [MSG]: arg0 obj: [Unknown var:Longtitude: , type: java.lang.StringBuilder]
Executor - [DEBUG]: Reflction class: class java.lang.StringBuilder
Executor - [BB]: Normal args? true
Executor - [BB]: arg1@reg4: -121.759603d
Executor - [DEBUG]: Expected para type: double
Executor - [DEBUG]: Real para double, value: -121.759603
Executor - [BB]: Nargs? true
Executor - [DEBUG]: Caller obj: Longtitude: , from class: class java.lang.StringBuilder
DalvikVM - [WARN]: ar -1, (Longtitude: -121.759603, java.lang.StringBuilder)
Executor - [DEBUG]: Return data: Longtitude: -121.759603 ,class java.lang.StringBuilder
Executor - [MSG]: Reflction invocation public java.lang.StringBuilder java.lang.StringBuilder.append(double)
DalvikVM - [BB]: Set reflective call: public java.lang.StringBuilder java.lang.StringBuilder.append(double)
Unknown - [BB]: Unknown created!
DalvikVM - [WARN]: ar -1 (Longtitude: -121.759603, java.lang.StringBuilder), ([Unknown var:Longtitude: -121.759603, type: java.lang.StringBuilder], java.lang.StringBuilder)
DalvikVM - [BB]: fu.hao.trust.dvm.Executor -> jump set pc to 39
TaintSumBranch - [BB]: <java.lang.StringBuilder: java.lang.StringBuilder append(double)>
TaintSumBranch - [WARN]: Found a tainted return val!
TaintSumBranch - [DEBUG]: Not a taint call: <java.lang.StringBuilder: java.lang.StringBuilder append(double)>
TaintSumBranch - [WARN]: Found a tainted return val!
PluginManager - [MSG]: TaintSumBranch Tainted Res: {[Unknown var:Latitude: 38.53203, type: java.lang.String]=<23 INVOKE,VIRTUAL,extra=[android.location.Location/getLatitude[], [7]]>, 38.53203=<23 INVOKE,VIRTUAL,extra=[android.location.Location/getLatitude[], [7]]>, -121.759603=<36 INVOKE,VIRTUAL,extra=[android.location.Location/getLongitude[], [7]]>, [Unknown var:Longtitude: -121.759603, type: java.lang.StringBuilder]=<36 INVOKE,VIRTUAL,extra=[android.location.Location/getLongitude[], [7]]>, 38.53203d=<23 INVOKE,VIRTUAL,extra=[android.location.Location/getLatitude[], [7]]>, [Unknown var:Latitude: 38.53203, type: java.lang.StringBuilder]=<23 INVOKE,VIRTUAL,extra=[android.location.Location/getLatitude[], [7]]>, [Global RetReg]=<36 INVOKE,VIRTUAL,extra=[android.location.Location/getLongitude[], [7]]>, -121.759603d=<36 INVOKE,VIRTUAL,extra=[android.location.Location/getLongitude[], [7]]>, [reg 4@FactoryMethods1/onCreate]=<36 INVOKE,VIRTUAL,extra=[android.location.Location/getLongitude[], [7]]>}
Executor - [MSG]: 

Executor - [MSG]: <39 MOV,RESULT,dst=r3,type=java.lang.Object> at de.ecspride.FactoryMethods1/onCreate[android.os.Bundle]
DalvikVM - [WARN]: ar 3 ([Unknown var:Longtitude: -121.759603, type: java.lang.StringBuilder], java.lang.StringBuilder), ([Unknown var:Longtitude: -121.759603, type: java.lang.StringBuilder], java.lang.StringBuilder)
OP_MOV_RESULT - [BB]: Result data: [Unknown var:Longtitude: -121.759603, type: java.lang.StringBuilder]
OP_MOV_RESULT - [DEBUG]: Result data: [Unknown var:Longtitude: -121.759603, type: java.lang.StringBuilder], type: java.lang.StringBuilder, to [reg 3@FactoryMethods1/onCreate]
DalvikVM - [BB]: fu.hao.trust.dvm.Executor$OP_MOV_RESULT -> jump set pc to 40
TaintSumBranch - [BB]: <36 INVOKE,VIRTUAL,extra=[android.location.Location/getLongitude[], [7]]>
TaintSumBranch - [BB]: Add reg 3 due to ret reg.
PluginManager - [MSG]: TaintSumBranch Tainted Res: {[Unknown var:Latitude: 38.53203, type: java.lang.String]=<23 INVOKE,VIRTUAL,extra=[android.location.Location/getLatitude[], [7]]>, 38.53203=<23 INVOKE,VIRTUAL,extra=[android.location.Location/getLatitude[], [7]]>, -121.759603=<36 INVOKE,VIRTUAL,extra=[android.location.Location/getLongitude[], [7]]>, [Unknown var:Longtitude: -121.759603, type: java.lang.StringBuilder]=<36 INVOKE,VIRTUAL,extra=[android.location.Location/getLongitude[], [7]]>, [Unknown var:Latitude: 38.53203, type: java.lang.StringBuilder]=<23 INVOKE,VIRTUAL,extra=[android.location.Location/getLatitude[], [7]]>, 38.53203d=<23 INVOKE,VIRTUAL,extra=[android.location.Location/getLatitude[], [7]]>, [reg 3@FactoryMethods1/onCreate]=<36 INVOKE,VIRTUAL,extra=[android.location.Location/getLongitude[], [7]]>, -121.759603d=<36 INVOKE,VIRTUAL,extra=[android.location.Location/getLongitude[], [7]]>, [reg 4@FactoryMethods1/onCreate]=<36 INVOKE,VIRTUAL,extra=[android.location.Location/getLongitude[], [7]]>}
Executor - [MSG]: 

Executor - [MSG]: <40 INVOKE,VIRTUAL,extra=[java.lang.StringBuilder/toString[], [3]]> at de.ecspride.FactoryMethods1/onCreate[android.os.Bundle]
Executor - [MSG]: arg0 obj: [Unknown var:Longtitude: -121.759603, type: java.lang.StringBuilder]
Executor - [DEBUG]: Reflction class: class java.lang.StringBuilder
DalvikVM - [WARN]: ar -1, (Longtitude: -121.759603, java.lang.String)
Executor - [DEBUG]: Return data: Longtitude: -121.759603 ,class java.lang.String
Executor - [MSG]: Reflction invocation public java.lang.String java.lang.StringBuilder.toString()
DalvikVM - [BB]: Set reflective call: public java.lang.String java.lang.StringBuilder.toString()
Unknown - [BB]: Unknown created!
DalvikVM - [WARN]: ar -1 (Longtitude: -121.759603, java.lang.String), ([Unknown var:Longtitude: -121.759603, type: java.lang.String], java.lang.String)
DalvikVM - [BB]: fu.hao.trust.dvm.Executor -> jump set pc to 41
TaintSumBranch - [BB]: <java.lang.StringBuilder: java.lang.String toString()>
TaintSumBranch - [WARN]: Found a tainted return val!
TaintSumBranch - [DEBUG]: Not a taint call: <java.lang.StringBuilder: java.lang.String toString()>
TaintSumBranch - [WARN]: Found a tainted return val!
PluginManager - [MSG]: TaintSumBranch Tainted Res: {[Unknown var:Latitude: 38.53203, type: java.lang.String]=<23 INVOKE,VIRTUAL,extra=[android.location.Location/getLatitude[], [7]]>, 38.53203=<23 INVOKE,VIRTUAL,extra=[android.location.Location/getLatitude[], [7]]>, [Unknown var:Longtitude: -121.759603, type: java.lang.String]=<36 INVOKE,VIRTUAL,extra=[android.location.Location/getLongitude[], [7]]>, -121.759603=<36 INVOKE,VIRTUAL,extra=[android.location.Location/getLongitude[], [7]]>, [Unknown var:Longtitude: -121.759603, type: java.lang.StringBuilder]=<36 INVOKE,VIRTUAL,extra=[android.location.Location/getLongitude[], [7]]>, [Unknown var:Latitude: 38.53203, type: java.lang.StringBuilder]=<23 INVOKE,VIRTUAL,extra=[android.location.Location/getLatitude[], [7]]>, 38.53203d=<23 INVOKE,VIRTUAL,extra=[android.location.Location/getLatitude[], [7]]>, [Global RetReg]=<36 INVOKE,VIRTUAL,extra=[android.location.Location/getLongitude[], [7]]>, [reg 3@FactoryMethods1/onCreate]=<36 INVOKE,VIRTUAL,extra=[android.location.Location/getLongitude[], [7]]>, -121.759603d=<36 INVOKE,VIRTUAL,extra=[android.location.Location/getLongitude[], [7]]>, [reg 4@FactoryMethods1/onCreate]=<36 INVOKE,VIRTUAL,extra=[android.location.Location/getLongitude[], [7]]>}
Executor - [MSG]: 

Executor - [MSG]: <41 MOV,RESULT,dst=r3,type=java.lang.Object> at de.ecspride.FactoryMethods1/onCreate[android.os.Bundle]
DalvikVM - [WARN]: ar 3 ([Unknown var:Longtitude: -121.759603, type: java.lang.StringBuilder], java.lang.StringBuilder), ([Unknown var:Longtitude: -121.759603, type: java.lang.String], java.lang.String)
OP_MOV_RESULT - [BB]: Result data: [Unknown var:Longtitude: -121.759603, type: java.lang.String]
OP_MOV_RESULT - [DEBUG]: Result data: [Unknown var:Longtitude: -121.759603, type: java.lang.String], type: java.lang.String, to [reg 3@FactoryMethods1/onCreate]
DalvikVM - [BB]: fu.hao.trust.dvm.Executor$OP_MOV_RESULT -> jump set pc to 42
TaintSumBranch - [BB]: <36 INVOKE,VIRTUAL,extra=[android.location.Location/getLongitude[], [7]]>
TaintSumBranch - [BB]: Add reg 3 due to ret reg.
PluginManager - [MSG]: TaintSumBranch Tainted Res: {[Unknown var:Latitude: 38.53203, type: java.lang.String]=<23 INVOKE,VIRTUAL,extra=[android.location.Location/getLatitude[], [7]]>, 38.53203=<23 INVOKE,VIRTUAL,extra=[android.location.Location/getLatitude[], [7]]>, -121.759603=<36 INVOKE,VIRTUAL,extra=[android.location.Location/getLongitude[], [7]]>, [Unknown var:Longtitude: -121.759603, type: java.lang.String]=<36 INVOKE,VIRTUAL,extra=[android.location.Location/getLongitude[], [7]]>, [Unknown var:Longtitude: -121.759603, type: java.lang.StringBuilder]=<36 INVOKE,VIRTUAL,extra=[android.location.Location/getLongitude[], [7]]>, 38.53203d=<23 INVOKE,VIRTUAL,extra=[android.location.Location/getLatitude[], [7]]>, [Unknown var:Latitude: 38.53203, type: java.lang.StringBuilder]=<23 INVOKE,VIRTUAL,extra=[android.location.Location/getLatitude[], [7]]>, -121.759603d=<36 INVOKE,VIRTUAL,extra=[android.location.Location/getLongitude[], [7]]>, [reg 3@FactoryMethods1/onCreate]=<36 INVOKE,VIRTUAL,extra=[android.location.Location/getLongitude[], [7]]>, [reg 4@FactoryMethods1/onCreate]=<36 INVOKE,VIRTUAL,extra=[android.location.Location/getLongitude[], [7]]>}
Executor - [MSG]: 

Executor - [MSG]: <42 INVOKE,STATIC,extra=[android.util.Log/d[java.lang.String, java.lang.String], [1, 3]]> at de.ecspride.FactoryMethods1/onCreate[android.os.Bundle]
Executor - [DEBUG]: Reflction class android.util.Log
Executor - [BB]: arg0@reg1: Longtitude
Executor - [BB]: arg1@reg3: [Unknown var:Longtitude: -121.759603, type: java.lang.String]
Executor - [WARN]: Mismatch type! arg 1, real para type: class fu.hao.trust.solver.Unknown, expected para type: class java.lang.String
Executor - [DEBUG]: Found symbolic var with value: Longtitude: -121.759603
Executor - [BB]: param: Longtitude
Executor - [BB]: param: Longtitude: -121.759603
DalvikVM - [WARN]: ar -1, (1, int)
Executor - [MSG]: reflction invocation public static int android.util.Log.d(java.lang.String,java.lang.String)
DalvikVM - [BB]: Set reflective call: public static int android.util.Log.d(java.lang.String,java.lang.String)
DalvikVM - [BB]: fu.hao.trust.dvm.Executor$OP_INVOKE_STATIC -> jump set pc to 43
TaintSumBranch - [BB]: <android.util.Log: int d(java.lang.String,java.lang.String)>
TaintSumBranch - [WARN]: Found a tainted return val!
TaintSumBranch - [DEBUG]: Not a taint call: <android.util.Log: int d(java.lang.String,java.lang.String)>
TaintSumBranch - [WARN]: Found a tainted return val!
PluginManager - [MSG]: TaintSumBranch Tainted Res: {[Unknown var:Latitude: 38.53203, type: java.lang.String]=<23 INVOKE,VIRTUAL,extra=[android.location.Location/getLatitude[], [7]]>, 38.53203=<23 INVOKE,VIRTUAL,extra=[android.location.Location/getLatitude[], [7]]>, -121.759603=<36 INVOKE,VIRTUAL,extra=[android.location.Location/getLongitude[], [7]]>, [Unknown var:Longtitude: -121.759603, type: java.lang.String]=<36 INVOKE,VIRTUAL,extra=[android.location.Location/getLongitude[], [7]]>, [Unknown var:Longtitude: -121.759603, type: java.lang.StringBuilder]=<36 INVOKE,VIRTUAL,extra=[android.location.Location/getLongitude[], [7]]>, 38.53203d=<23 INVOKE,VIRTUAL,extra=[android.location.Location/getLatitude[], [7]]>, [Unknown var:Latitude: 38.53203, type: java.lang.StringBuilder]=<23 INVOKE,VIRTUAL,extra=[android.location.Location/getLatitude[], [7]]>, [Global RetReg]=<36 INVOKE,VIRTUAL,extra=[android.location.Location/getLongitude[], [7]]>, -121.759603d=<36 INVOKE,VIRTUAL,extra=[android.location.Location/getLongitude[], [7]]>, [reg 3@FactoryMethods1/onCreate]=<36 INVOKE,VIRTUAL,extra=[android.location.Location/getLongitude[], [7]]>, [reg 4@FactoryMethods1/onCreate]=<36 INVOKE,VIRTUAL,extra=[android.location.Location/getLongitude[], [7]]>}
Executor - [MSG]: 

Executor - [MSG]: <43 INVOKE,STATIC,extra=[android.telephony.SmsManager/getDefault[], []]> at de.ecspride.FactoryMethods1/onCreate[android.os.Bundle]
Executor - [DEBUG]: Reflction class android.telephony.SmsManager
DalvikVM - [WARN]: ar -1, (android.telephony.SmsManager@49cd21c7, android.telephony.SmsManager)
Executor - [MSG]: reflction invocation public static android.telephony.SmsManager android.telephony.SmsManager.getDefault()
DalvikVM - [BB]: Set reflective call: public static android.telephony.SmsManager android.telephony.SmsManager.getDefault()
DalvikVM - [BB]: fu.hao.trust.dvm.Executor$OP_INVOKE_STATIC -> jump set pc to 44
TaintSumBranch - [BB]: <android.telephony.SmsManager: android.telephony.SmsManager getDefault()>
TaintSumBranch - [DEBUG]: Not a taint call: <android.telephony.SmsManager: android.telephony.SmsManager getDefault()>
PluginManager - [MSG]: TaintSumBranch Tainted Res: {[Unknown var:Latitude: 38.53203, type: java.lang.String]=<23 INVOKE,VIRTUAL,extra=[android.location.Location/getLatitude[], [7]]>, 38.53203=<23 INVOKE,VIRTUAL,extra=[android.location.Location/getLatitude[], [7]]>, -121.759603=<36 INVOKE,VIRTUAL,extra=[android.location.Location/getLongitude[], [7]]>, [Unknown var:Longtitude: -121.759603, type: java.lang.String]=<36 INVOKE,VIRTUAL,extra=[android.location.Location/getLongitude[], [7]]>, [Unknown var:Longtitude: -121.759603, type: java.lang.StringBuilder]=<36 INVOKE,VIRTUAL,extra=[android.location.Location/getLongitude[], [7]]>, 38.53203d=<23 INVOKE,VIRTUAL,extra=[android.location.Location/getLatitude[], [7]]>, [Unknown var:Latitude: 38.53203, type: java.lang.StringBuilder]=<23 INVOKE,VIRTUAL,extra=[android.location.Location/getLatitude[], [7]]>, -121.759603d=<36 INVOKE,VIRTUAL,extra=[android.location.Location/getLongitude[], [7]]>, [reg 3@FactoryMethods1/onCreate]=<36 INVOKE,VIRTUAL,extra=[android.location.Location/getLongitude[], [7]]>, [reg 4@FactoryMethods1/onCreate]=<36 INVOKE,VIRTUAL,extra=[android.location.Location/getLongitude[], [7]]>}
Executor - [MSG]: 

Executor - [MSG]: <44 MOV,RESULT,dst=r0,type=java.lang.Object> at de.ecspride.FactoryMethods1/onCreate[android.os.Bundle]
DalvikVM - [WARN]: ar 0, (android.telephony.SmsManager@49cd21c7, android.telephony.SmsManager)
OP_MOV_RESULT - [BB]: Result data: android.telephony.SmsManager@49cd21c7
OP_MOV_RESULT - [DEBUG]: Result data: android.telephony.SmsManager@49cd21c7, type: android.telephony.SmsManager, to [reg 0@FactoryMethods1/onCreate]
DalvikVM - [BB]: fu.hao.trust.dvm.Executor$OP_MOV_RESULT -> jump set pc to 45
PluginManager - [MSG]: TaintSumBranch Tainted Res: {[Unknown var:Latitude: 38.53203, type: java.lang.String]=<23 INVOKE,VIRTUAL,extra=[android.location.Location/getLatitude[], [7]]>, 38.53203=<23 INVOKE,VIRTUAL,extra=[android.location.Location/getLatitude[], [7]]>, [Unknown var:Longtitude: -121.759603, type: java.lang.String]=<36 INVOKE,VIRTUAL,extra=[android.location.Location/getLongitude[], [7]]>, -121.759603=<36 INVOKE,VIRTUAL,extra=[android.location.Location/getLongitude[], [7]]>, [Unknown var:Longtitude: -121.759603, type: java.lang.StringBuilder]=<36 INVOKE,VIRTUAL,extra=[android.location.Location/getLongitude[], [7]]>, [Unknown var:Latitude: 38.53203, type: java.lang.StringBuilder]=<23 INVOKE,VIRTUAL,extra=[android.location.Location/getLatitude[], [7]]>, 38.53203d=<23 INVOKE,VIRTUAL,extra=[android.location.Location/getLatitude[], [7]]>, [reg 3@FactoryMethods1/onCreate]=<36 INVOKE,VIRTUAL,extra=[android.location.Location/getLongitude[], [7]]>, -121.759603d=<36 INVOKE,VIRTUAL,extra=[android.location.Location/getLongitude[], [7]]>, [reg 4@FactoryMethods1/onCreate]=<36 INVOKE,VIRTUAL,extra=[android.location.Location/getLongitude[], [7]]>}
Executor - [MSG]: 

Executor - [MSG]: <45 MOV,CONST,dst=r1,type=java.lang.String,extra="+49 1234"> at de.ecspride.FactoryMethods1/onCreate[android.os.Bundle]
Executor - [DEBUG]: Mov const begin <45 MOV,CONST,dst=r1,type=java.lang.String,extra="+49 1234">
DalvikVM - [WARN]: ar 1 (Longtitude, java.lang.String), (+49 1234, java.lang.String)
Executor - [DEBUG]: data: +49 1234 class java.lang.String
DalvikVM - [BB]: fu.hao.trust.dvm.Executor$OP_MOV_CONST -> jump set pc to 46
PluginManager - [MSG]: TaintSumBranch Tainted Res: {[Unknown var:Latitude: 38.53203, type: java.lang.String]=<23 INVOKE,VIRTUAL,extra=[android.location.Location/getLatitude[], [7]]>, 38.53203=<23 INVOKE,VIRTUAL,extra=[android.location.Location/getLatitude[], [7]]>, -121.759603=<36 INVOKE,VIRTUAL,extra=[android.location.Location/getLongitude[], [7]]>, [Unknown var:Longtitude: -121.759603, type: java.lang.String]=<36 INVOKE,VIRTUAL,extra=[android.location.Location/getLongitude[], [7]]>, [Unknown var:Longtitude: -121.759603, type: java.lang.StringBuilder]=<36 INVOKE,VIRTUAL,extra=[android.location.Location/getLongitude[], [7]]>, 38.53203d=<23 INVOKE,VIRTUAL,extra=[android.location.Location/getLatitude[], [7]]>, [Unknown var:Latitude: 38.53203, type: java.lang.StringBuilder]=<23 INVOKE,VIRTUAL,extra=[android.location.Location/getLatitude[], [7]]>, -121.759603d=<36 INVOKE,VIRTUAL,extra=[android.location.Location/getLongitude[], [7]]>, [reg 3@FactoryMethods1/onCreate]=<36 INVOKE,VIRTUAL,extra=[android.location.Location/getLongitude[], [7]]>, [reg 4@FactoryMethods1/onCreate]=<36 INVOKE,VIRTUAL,extra=[android.location.Location/getLongitude[], [7]]>}
Executor - [MSG]: 

Executor - [MSG]: <46 NEW,INSTANCE,dst=r3,type=java.lang.StringBuilder> at de.ecspride.FactoryMethods1/onCreate[android.os.Bundle]
OP_NEW_INSTANCE - [DEBUG]: [reg 3@FactoryMethods1/onCreate]
DalvikVM - [WARN]: ar 3 ([Unknown var:Longtitude: -121.759603, type: java.lang.String], java.lang.String), (null, java.lang.StringBuilder)
OP_NEW_INSTANCE - [BB]: Reflecable instance.
DalvikVM - [BB]: fu.hao.trust.dvm.Executor$OP_NEW_INSTANCE -> jump set pc to 47
TaintSumBranch - [BB]: Rdst [reg 3@FactoryMethods1/onCreate]
TaintSumBranch - [BB]: Rm [reg 3@FactoryMethods1/onCreate]
PluginManager - [MSG]: TaintSumBranch Tainted Res: {[Unknown var:Latitude: 38.53203, type: java.lang.String]=<23 INVOKE,VIRTUAL,extra=[android.location.Location/getLatitude[], [7]]>, 38.53203=<23 INVOKE,VIRTUAL,extra=[android.location.Location/getLatitude[], [7]]>, [Unknown var:Longtitude: -121.759603, type: java.lang.String]=<36 INVOKE,VIRTUAL,extra=[android.location.Location/getLongitude[], [7]]>, -121.759603=<36 INVOKE,VIRTUAL,extra=[android.location.Location/getLongitude[], [7]]>, [Unknown var:Longtitude: -121.759603, type: java.lang.StringBuilder]=<36 INVOKE,VIRTUAL,extra=[android.location.Location/getLongitude[], [7]]>, [Unknown var:Latitude: 38.53203, type: java.lang.StringBuilder]=<23 INVOKE,VIRTUAL,extra=[android.location.Location/getLatitude[], [7]]>, 38.53203d=<23 INVOKE,VIRTUAL,extra=[android.location.Location/getLatitude[], [7]]>, -121.759603d=<36 INVOKE,VIRTUAL,extra=[android.location.Location/getLongitude[], [7]]>, [reg 4@FactoryMethods1/onCreate]=<36 INVOKE,VIRTUAL,extra=[android.location.Location/getLongitude[], [7]]>}
Executor - [MSG]: 

Executor - [MSG]: <47 INVOKE,DIRECT,extra=[java.lang.StringBuilder/<init>[], [3]]> at de.ecspride.FactoryMethods1/onCreate[android.os.Bundle]
Executor - [MSG]: arg0 obj: null
Executor - [BB]: java.lang.StringBuilder/<init>[] is a constructor!
DalvikVM - [WARN]: ar 3 (null, java.lang.StringBuilder), (, void)
Executor - [DEBUG]: Reflected init instance: , class java.lang.StringBuilder
DalvikVM - [BB]: fu.hao.trust.dvm.Executor -> jump set pc to 48
TaintSumBranch - [BB]: <java.lang.StringBuilder: void <init>()>
TaintSumBranch - [DEBUG]: Not a taint call: <java.lang.StringBuilder: void <init>()>
PluginManager - [MSG]: TaintSumBranch Tainted Res: {[Unknown var:Latitude: 38.53203, type: java.lang.String]=<23 INVOKE,VIRTUAL,extra=[android.location.Location/getLatitude[], [7]]>, 38.53203=<23 INVOKE,VIRTUAL,extra=[android.location.Location/getLatitude[], [7]]>, [Unknown var:Longtitude: -121.759603, type: java.lang.String]=<36 INVOKE,VIRTUAL,extra=[android.location.Location/getLongitude[], [7]]>, -121.759603=<36 INVOKE,VIRTUAL,extra=[android.location.Location/getLongitude[], [7]]>, [Unknown var:Longtitude: -121.759603, type: java.lang.StringBuilder]=<36 INVOKE,VIRTUAL,extra=[android.location.Location/getLongitude[], [7]]>, [Unknown var:Latitude: 38.53203, type: java.lang.StringBuilder]=<23 INVOKE,VIRTUAL,extra=[android.location.Location/getLatitude[], [7]]>, 38.53203d=<23 INVOKE,VIRTUAL,extra=[android.location.Location/getLatitude[], [7]]>, -121.759603d=<36 INVOKE,VIRTUAL,extra=[android.location.Location/getLongitude[], [7]]>, [reg 4@FactoryMethods1/onCreate]=<36 INVOKE,VIRTUAL,extra=[android.location.Location/getLongitude[], [7]]>}
Executor - [MSG]: 

Executor - [MSG]: <48 MOV,CONST,dst=r4,type=java.lang.String,extra="Latitude: "> at de.ecspride.FactoryMethods1/onCreate[android.os.Bundle]
Executor - [DEBUG]: Mov const begin <48 MOV,CONST,dst=r4,type=java.lang.String,extra="Latitude: ">
DalvikVM - [WARN]: ar 4 (-121.759603d, double), (Latitude: , java.lang.String)
Executor - [DEBUG]: data: Latitude:  class java.lang.String
DalvikVM - [BB]: fu.hao.trust.dvm.Executor$OP_MOV_CONST -> jump set pc to 49
PluginManager - [MSG]: TaintSumBranch Tainted Res: {[Unknown var:Latitude: 38.53203, type: java.lang.String]=<23 INVOKE,VIRTUAL,extra=[android.location.Location/getLatitude[], [7]]>, 38.53203=<23 INVOKE,VIRTUAL,extra=[android.location.Location/getLatitude[], [7]]>, -121.759603=<36 INVOKE,VIRTUAL,extra=[android.location.Location/getLongitude[], [7]]>, [Unknown var:Longtitude: -121.759603, type: java.lang.String]=<36 INVOKE,VIRTUAL,extra=[android.location.Location/getLongitude[], [7]]>, [Unknown var:Longtitude: -121.759603, type: java.lang.StringBuilder]=<36 INVOKE,VIRTUAL,extra=[android.location.Location/getLongitude[], [7]]>, 38.53203d=<23 INVOKE,VIRTUAL,extra=[android.location.Location/getLatitude[], [7]]>, [Unknown var:Latitude: 38.53203, type: java.lang.StringBuilder]=<23 INVOKE,VIRTUAL,extra=[android.location.Location/getLatitude[], [7]]>, -121.759603d=<36 INVOKE,VIRTUAL,extra=[android.location.Location/getLongitude[], [7]]>}
Executor - [MSG]: 

Executor - [MSG]: <49 INVOKE,VIRTUAL,extra=[java.lang.StringBuilder/append[java.lang.String], [3, 4]]> at de.ecspride.FactoryMethods1/onCreate[android.os.Bundle]
Executor - [MSG]: arg0 obj: 
Executor - [DEBUG]: Reflction class: class java.lang.StringBuilder
Executor - [BB]: Normal args? true
Executor - [BB]: arg1@reg4: Latitude: 
Executor - [BB]: Nargs? true
Executor - [DEBUG]: Caller obj: , from class: class java.lang.StringBuilder
DalvikVM - [WARN]: ar -1, (Latitude: , java.lang.StringBuilder)
Executor - [DEBUG]: Return data: Latitude:  ,class java.lang.StringBuilder
Executor - [MSG]: Reflction invocation public java.lang.StringBuilder java.lang.StringBuilder.append(java.lang.String)
DalvikVM - [BB]: Set reflective call: public java.lang.StringBuilder java.lang.StringBuilder.append(java.lang.String)
Unknown - [BB]: Unknown created!
DalvikVM - [WARN]: ar -1 (Latitude: , java.lang.StringBuilder), ([Unknown var:Latitude: , type: java.lang.StringBuilder], java.lang.StringBuilder)
DalvikVM - [BB]: fu.hao.trust.dvm.Executor -> jump set pc to 50
TaintSumBranch - [BB]: <java.lang.StringBuilder: java.lang.StringBuilder append(java.lang.String)>
TaintSumBranch - [DEBUG]: Not a taint call: <java.lang.StringBuilder: java.lang.StringBuilder append(java.lang.String)>
PluginManager - [MSG]: TaintSumBranch Tainted Res: {[Unknown var:Latitude: 38.53203, type: java.lang.String]=<23 INVOKE,VIRTUAL,extra=[android.location.Location/getLatitude[], [7]]>, 38.53203=<23 INVOKE,VIRTUAL,extra=[android.location.Location/getLatitude[], [7]]>, -121.759603=<36 INVOKE,VIRTUAL,extra=[android.location.Location/getLongitude[], [7]]>, [Unknown var:Longtitude: -121.759603, type: java.lang.String]=<36 INVOKE,VIRTUAL,extra=[android.location.Location/getLongitude[], [7]]>, [Unknown var:Longtitude: -121.759603, type: java.lang.StringBuilder]=<36 INVOKE,VIRTUAL,extra=[android.location.Location/getLongitude[], [7]]>, 38.53203d=<23 INVOKE,VIRTUAL,extra=[android.location.Location/getLatitude[], [7]]>, [Unknown var:Latitude: 38.53203, type: java.lang.StringBuilder]=<23 INVOKE,VIRTUAL,extra=[android.location.Location/getLatitude[], [7]]>, -121.759603d=<36 INVOKE,VIRTUAL,extra=[android.location.Location/getLongitude[], [7]]>}
Executor - [MSG]: 

Executor - [MSG]: <50 MOV,RESULT,dst=r3,type=java.lang.Object> at de.ecspride.FactoryMethods1/onCreate[android.os.Bundle]
DalvikVM - [WARN]: ar 3 (Latitude: , void), ([Unknown var:Latitude: , type: java.lang.StringBuilder], java.lang.StringBuilder)
OP_MOV_RESULT - [BB]: Result data: [Unknown var:Latitude: , type: java.lang.StringBuilder]
OP_MOV_RESULT - [DEBUG]: Result data: [Unknown var:Latitude: , type: java.lang.StringBuilder], type: java.lang.StringBuilder, to [reg 3@FactoryMethods1/onCreate]
DalvikVM - [BB]: fu.hao.trust.dvm.Executor$OP_MOV_RESULT -> jump set pc to 51
PluginManager - [MSG]: TaintSumBranch Tainted Res: {[Unknown var:Latitude: 38.53203, type: java.lang.String]=<23 INVOKE,VIRTUAL,extra=[android.location.Location/getLatitude[], [7]]>, 38.53203=<23 INVOKE,VIRTUAL,extra=[android.location.Location/getLatitude[], [7]]>, [Unknown var:Longtitude: -121.759603, type: java.lang.String]=<36 INVOKE,VIRTUAL,extra=[android.location.Location/getLongitude[], [7]]>, -121.759603=<36 INVOKE,VIRTUAL,extra=[android.location.Location/getLongitude[], [7]]>, [Unknown var:Longtitude: -121.759603, type: java.lang.StringBuilder]=<36 INVOKE,VIRTUAL,extra=[android.location.Location/getLongitude[], [7]]>, [Unknown var:Latitude: 38.53203, type: java.lang.StringBuilder]=<23 INVOKE,VIRTUAL,extra=[android.location.Location/getLatitude[], [7]]>, 38.53203d=<23 INVOKE,VIRTUAL,extra=[android.location.Location/getLatitude[], [7]]>, -121.759603d=<36 INVOKE,VIRTUAL,extra=[android.location.Location/getLongitude[], [7]]>}
Executor - [MSG]: 

Executor - [MSG]: <51 INVOKE,VIRTUAL,extra=[android.location.Location/getLatitude[], [7]]> at de.ecspride.FactoryMethods1/onCreate[android.os.Bundle]
Executor - [MSG]: arg0 obj: [Unknown var:null, type: java.lang.Object]
Executor - [DEBUG]: Reflction class: class android.location.Location
DalvikVM - [WARN]: ar -1, (38.53203, double)
Executor - [DEBUG]: Return data: 38.53203 ,class java.lang.Double
Executor - [MSG]: Reflction invocation public double android.location.Location.getLatitude()
DalvikVM - [BB]: Set reflective call: public double android.location.Location.getLatitude()
DalvikVM - [BB]: fu.hao.trust.dvm.Executor -> jump set pc to 52
TaintSumBranch - [BB]: <android.location.Location: double getLatitude()>
TaintSumBranch - [WARN]: Found a tainted return value!
PluginManager - [MSG]: TaintSumBranch Tainted Res: {[Unknown var:Latitude: 38.53203, type: java.lang.String]=<23 INVOKE,VIRTUAL,extra=[android.location.Location/getLatitude[], [7]]>, 38.53203=<51 INVOKE,VIRTUAL,extra=[android.location.Location/getLatitude[], [7]]>, [Unknown var:Longtitude: -121.759603, type: java.lang.String]=<36 INVOKE,VIRTUAL,extra=[android.location.Location/getLongitude[], [7]]>, -121.759603=<36 INVOKE,VIRTUAL,extra=[android.location.Location/getLongitude[], [7]]>, [Unknown var:Longtitude: -121.759603, type: java.lang.StringBuilder]=<36 INVOKE,VIRTUAL,extra=[android.location.Location/getLongitude[], [7]]>, [Unknown var:Latitude: 38.53203, type: java.lang.StringBuilder]=<23 INVOKE,VIRTUAL,extra=[android.location.Location/getLatitude[], [7]]>, 38.53203d=<23 INVOKE,VIRTUAL,extra=[android.location.Location/getLatitude[], [7]]>, [Global RetReg]=<51 INVOKE,VIRTUAL,extra=[android.location.Location/getLatitude[], [7]]>, -121.759603d=<36 INVOKE,VIRTUAL,extra=[android.location.Location/getLongitude[], [7]]>}
Executor - [MSG]: 

Executor - [MSG]: <52 MOV,RESULT,dst=r4,type=AndroidWide> at de.ecspride.FactoryMethods1/onCreate[android.os.Bundle]
DalvikVM - [WARN]: ar -1 (38.53203, double), (38.53203d, double)
DalvikVM - [WARN]: ar 4 (Latitude: , java.lang.String), (38.53203d, double)
OP_MOV_RESULT - [BB]: Result data: 38.53203d
OP_MOV_RESULT - [DEBUG]: Result data: 38.53203d, type: double, to [reg 4@FactoryMethods1/onCreate]
DalvikVM - [BB]: fu.hao.trust.dvm.Executor$OP_MOV_RESULT -> jump set pc to 53
TaintSumBranch - [BB]: <51 INVOKE,VIRTUAL,extra=[android.location.Location/getLatitude[], [7]]>
TaintSumBranch - [BB]: Add reg 4 due to ret reg.
PluginManager - [MSG]: TaintSumBranch Tainted Res: {[Unknown var:Latitude: 38.53203, type: java.lang.String]=<23 INVOKE,VIRTUAL,extra=[android.location.Location/getLatitude[], [7]]>, 38.53203=<51 INVOKE,VIRTUAL,extra=[android.location.Location/getLatitude[], [7]]>, -121.759603=<36 INVOKE,VIRTUAL,extra=[android.location.Location/getLongitude[], [7]]>, [Unknown var:Longtitude: -121.759603, type: java.lang.String]=<36 INVOKE,VIRTUAL,extra=[android.location.Location/getLongitude[], [7]]>, [Unknown var:Longtitude: -121.759603, type: java.lang.StringBuilder]=<36 INVOKE,VIRTUAL,extra=[android.location.Location/getLongitude[], [7]]>, 38.53203d=<51 INVOKE,VIRTUAL,extra=[android.location.Location/getLatitude[], [7]]>, [Unknown var:Latitude: 38.53203, type: java.lang.StringBuilder]=<23 INVOKE,VIRTUAL,extra=[android.location.Location/getLatitude[], [7]]>, -121.759603d=<36 INVOKE,VIRTUAL,extra=[android.location.Location/getLongitude[], [7]]>, [reg 4@FactoryMethods1/onCreate]=<51 INVOKE,VIRTUAL,extra=[android.location.Location/getLatitude[], [7]]>}
Executor - [MSG]: 

Executor - [MSG]: <53 INVOKE,VIRTUAL,extra=[java.lang.StringBuilder/append[double], [3, 4]]> at de.ecspride.FactoryMethods1/onCreate[android.os.Bundle]
Executor - [MSG]: arg0 obj: [Unknown var:Latitude: , type: java.lang.StringBuilder]
Executor - [DEBUG]: Reflction class: class java.lang.StringBuilder
Executor - [BB]: Normal args? true
Executor - [BB]: arg1@reg4: 38.53203d
Executor - [DEBUG]: Expected para type: double
Executor - [DEBUG]: Real para double, value: 38.53203
Executor - [BB]: Nargs? true
Executor - [DEBUG]: Caller obj: Latitude: , from class: class java.lang.StringBuilder
DalvikVM - [WARN]: ar -1, (Latitude: 38.53203, java.lang.StringBuilder)
Executor - [DEBUG]: Return data: Latitude: 38.53203 ,class java.lang.StringBuilder
Executor - [MSG]: Reflction invocation public java.lang.StringBuilder java.lang.StringBuilder.append(double)
DalvikVM - [BB]: Set reflective call: public java.lang.StringBuilder java.lang.StringBuilder.append(double)
Unknown - [BB]: Unknown created!
DalvikVM - [WARN]: ar -1 (Latitude: 38.53203, java.lang.StringBuilder), ([Unknown var:Latitude: 38.53203, type: java.lang.StringBuilder], java.lang.StringBuilder)
DalvikVM - [BB]: fu.hao.trust.dvm.Executor -> jump set pc to 54
TaintSumBranch - [BB]: <java.lang.StringBuilder: java.lang.StringBuilder append(double)>
TaintSumBranch - [WARN]: Found a tainted return val!
TaintSumBranch - [DEBUG]: Not a taint call: <java.lang.StringBuilder: java.lang.StringBuilder append(double)>
TaintSumBranch - [WARN]: Found a tainted return val!
PluginManager - [MSG]: TaintSumBranch Tainted Res: {[Unknown var:Latitude: 38.53203, type: java.lang.String]=<23 INVOKE,VIRTUAL,extra=[android.location.Location/getLatitude[], [7]]>, [Unknown var:Latitude: 38.53203, type: java.lang.StringBuilder]=<51 INVOKE,VIRTUAL,extra=[android.location.Location/getLatitude[], [7]]>, 38.53203=<51 INVOKE,VIRTUAL,extra=[android.location.Location/getLatitude[], [7]]>, -121.759603=<36 INVOKE,VIRTUAL,extra=[android.location.Location/getLongitude[], [7]]>, [Unknown var:Longtitude: -121.759603, type: java.lang.String]=<36 INVOKE,VIRTUAL,extra=[android.location.Location/getLongitude[], [7]]>, [Unknown var:Longtitude: -121.759603, type: java.lang.StringBuilder]=<36 INVOKE,VIRTUAL,extra=[android.location.Location/getLongitude[], [7]]>, 38.53203d=<51 INVOKE,VIRTUAL,extra=[android.location.Location/getLatitude[], [7]]>, [Unknown var:Latitude: 38.53203, type: java.lang.StringBuilder]=<23 INVOKE,VIRTUAL,extra=[android.location.Location/getLatitude[], [7]]>, [Global RetReg]=<51 INVOKE,VIRTUAL,extra=[android.location.Location/getLatitude[], [7]]>, -121.759603d=<36 INVOKE,VIRTUAL,extra=[android.location.Location/getLongitude[], [7]]>, [reg 4@FactoryMethods1/onCreate]=<51 INVOKE,VIRTUAL,extra=[android.location.Location/getLatitude[], [7]]>}
Executor - [MSG]: 

Executor - [MSG]: <54 MOV,RESULT,dst=r3,type=java.lang.Object> at de.ecspride.FactoryMethods1/onCreate[android.os.Bundle]
DalvikVM - [WARN]: ar 3 ([Unknown var:Latitude: 38.53203, type: java.lang.StringBuilder], java.lang.StringBuilder), ([Unknown var:Latitude: 38.53203, type: java.lang.StringBuilder], java.lang.StringBuilder)
OP_MOV_RESULT - [BB]: Result data: [Unknown var:Latitude: 38.53203, type: java.lang.StringBuilder]
OP_MOV_RESULT - [DEBUG]: Result data: [Unknown var:Latitude: 38.53203, type: java.lang.StringBuilder], type: java.lang.StringBuilder, to [reg 3@FactoryMethods1/onCreate]
DalvikVM - [BB]: fu.hao.trust.dvm.Executor$OP_MOV_RESULT -> jump set pc to 55
TaintSumBranch - [BB]: <51 INVOKE,VIRTUAL,extra=[android.location.Location/getLatitude[], [7]]>
TaintSumBranch - [BB]: Add reg 3 due to ret reg.
PluginManager - [MSG]: TaintSumBranch Tainted Res: {[Unknown var:Latitude: 38.53203, type: java.lang.String]=<23 INVOKE,VIRTUAL,extra=[android.location.Location/getLatitude[], [7]]>, 38.53203=<51 INVOKE,VIRTUAL,extra=[android.location.Location/getLatitude[], [7]]>, [Unknown var:Latitude: 38.53203, type: java.lang.StringBuilder]=<51 INVOKE,VIRTUAL,extra=[android.location.Location/getLatitude[], [7]]>, [Unknown var:Longtitude: -121.759603, type: java.lang.String]=<36 INVOKE,VIRTUAL,extra=[android.location.Location/getLongitude[], [7]]>, -121.759603=<36 INVOKE,VIRTUAL,extra=[android.location.Location/getLongitude[], [7]]>, [Unknown var:Longtitude: -121.759603, type: java.lang.StringBuilder]=<36 INVOKE,VIRTUAL,extra=[android.location.Location/getLongitude[], [7]]>, [Unknown var:Latitude: 38.53203, type: java.lang.StringBuilder]=<23 INVOKE,VIRTUAL,extra=[android.location.Location/getLatitude[], [7]]>, 38.53203d=<51 INVOKE,VIRTUAL,extra=[android.location.Location/getLatitude[], [7]]>, [reg 3@FactoryMethods1/onCreate]=<51 INVOKE,VIRTUAL,extra=[android.location.Location/getLatitude[], [7]]>, -121.759603d=<36 INVOKE,VIRTUAL,extra=[android.location.Location/getLongitude[], [7]]>, [reg 4@FactoryMethods1/onCreate]=<51 INVOKE,VIRTUAL,extra=[android.location.Location/getLatitude[], [7]]>}
Executor - [MSG]: 

Executor - [MSG]: <55 INVOKE,VIRTUAL,extra=[java.lang.StringBuilder/toString[], [3]]> at de.ecspride.FactoryMethods1/onCreate[android.os.Bundle]
Executor - [MSG]: arg0 obj: [Unknown var:Latitude: 38.53203, type: java.lang.StringBuilder]
Executor - [DEBUG]: Reflction class: class java.lang.StringBuilder
DalvikVM - [WARN]: ar -1, (Latitude: 38.53203, java.lang.String)
Executor - [DEBUG]: Return data: Latitude: 38.53203 ,class java.lang.String
Executor - [MSG]: Reflction invocation public java.lang.String java.lang.StringBuilder.toString()
DalvikVM - [BB]: Set reflective call: public java.lang.String java.lang.StringBuilder.toString()
Unknown - [BB]: Unknown created!
DalvikVM - [WARN]: ar -1 (Latitude: 38.53203, java.lang.String), ([Unknown var:Latitude: 38.53203, type: java.lang.String], java.lang.String)
DalvikVM - [BB]: fu.hao.trust.dvm.Executor -> jump set pc to 56
TaintSumBranch - [BB]: <java.lang.StringBuilder: java.lang.String toString()>
TaintSumBranch - [WARN]: Found a tainted return val!
TaintSumBranch - [DEBUG]: Not a taint call: <java.lang.StringBuilder: java.lang.String toString()>
TaintSumBranch - [WARN]: Found a tainted return val!
PluginManager - [MSG]: TaintSumBranch Tainted Res: {[Unknown var:Latitude: 38.53203, type: java.lang.String]=<23 INVOKE,VIRTUAL,extra=[android.location.Location/getLatitude[], [7]]>, [Unknown var:Latitude: 38.53203, type: java.lang.StringBuilder]=<51 INVOKE,VIRTUAL,extra=[android.location.Location/getLatitude[], [7]]>, 38.53203=<51 INVOKE,VIRTUAL,extra=[android.location.Location/getLatitude[], [7]]>, [Unknown var:Longtitude: -121.759603, type: java.lang.String]=<36 INVOKE,VIRTUAL,extra=[android.location.Location/getLongitude[], [7]]>, [Unknown var:Latitude: 38.53203, type: java.lang.StringBuilder]=<23 INVOKE,VIRTUAL,extra=[android.location.Location/getLatitude[], [7]]>, [Global RetReg]=<51 INVOKE,VIRTUAL,extra=[android.location.Location/getLatitude[], [7]]>, [reg 3@FactoryMethods1/onCreate]=<51 INVOKE,VIRTUAL,extra=[android.location.Location/getLatitude[], [7]]>, [reg 4@FactoryMethods1/onCreate]=<51 INVOKE,VIRTUAL,extra=[android.location.Location/getLatitude[], [7]]>, -121.759603=<36 INVOKE,VIRTUAL,extra=[android.location.Location/getLongitude[], [7]]>, [Unknown var:Longtitude: -121.759603, type: java.lang.StringBuilder]=<36 INVOKE,VIRTUAL,extra=[android.location.Location/getLongitude[], [7]]>, [Unknown var:Latitude: 38.53203, type: java.lang.String]=<51 INVOKE,VIRTUAL,extra=[android.location.Location/getLatitude[], [7]]>, 38.53203d=<51 INVOKE,VIRTUAL,extra=[android.location.Location/getLatitude[], [7]]>, -121.759603d=<36 INVOKE,VIRTUAL,extra=[android.location.Location/getLongitude[], [7]]>}
Executor - [MSG]: 

Executor - [MSG]: <56 MOV,RESULT,dst=r3,type=java.lang.Object> at de.ecspride.FactoryMethods1/onCreate[android.os.Bundle]
DalvikVM - [WARN]: ar 3 ([Unknown var:Latitude: 38.53203, type: java.lang.StringBuilder], java.lang.StringBuilder), ([Unknown var:Latitude: 38.53203, type: java.lang.String], java.lang.String)
OP_MOV_RESULT - [BB]: Result data: [Unknown var:Latitude: 38.53203, type: java.lang.String]
OP_MOV_RESULT - [DEBUG]: Result data: [Unknown var:Latitude: 38.53203, type: java.lang.String], type: java.lang.String, to [reg 3@FactoryMethods1/onCreate]
DalvikVM - [BB]: fu.hao.trust.dvm.Executor$OP_MOV_RESULT -> jump set pc to 57
TaintSumBranch - [BB]: <51 INVOKE,VIRTUAL,extra=[android.location.Location/getLatitude[], [7]]>
TaintSumBranch - [BB]: Add reg 3 due to ret reg.
PluginManager - [MSG]: TaintSumBranch Tainted Res: {[Unknown var:Latitude: 38.53203, type: java.lang.String]=<23 INVOKE,VIRTUAL,extra=[android.location.Location/getLatitude[], [7]]>, 38.53203=<51 INVOKE,VIRTUAL,extra=[android.location.Location/getLatitude[], [7]]>, [Unknown var:Latitude: 38.53203, type: java.lang.StringBuilder]=<51 INVOKE,VIRTUAL,extra=[android.location.Location/getLatitude[], [7]]>, [Unknown var:Longtitude: -121.759603, type: java.lang.String]=<36 INVOKE,VIRTUAL,extra=[android.location.Location/getLongitude[], [7]]>, [Unknown var:Latitude: 38.53203, type: java.lang.StringBuilder]=<23 INVOKE,VIRTUAL,extra=[android.location.Location/getLatitude[], [7]]>, [reg 3@FactoryMethods1/onCreate]=<51 INVOKE,VIRTUAL,extra=[android.location.Location/getLatitude[], [7]]>, [reg 4@FactoryMethods1/onCreate]=<51 INVOKE,VIRTUAL,extra=[android.location.Location/getLatitude[], [7]]>, -121.759603=<36 INVOKE,VIRTUAL,extra=[android.location.Location/getLongitude[], [7]]>, [Unknown var:Longtitude: -121.759603, type: java.lang.StringBuilder]=<36 INVOKE,VIRTUAL,extra=[android.location.Location/getLongitude[], [7]]>, 38.53203d=<51 INVOKE,VIRTUAL,extra=[android.location.Location/getLatitude[], [7]]>, [Unknown var:Latitude: 38.53203, type: java.lang.String]=<51 INVOKE,VIRTUAL,extra=[android.location.Location/getLatitude[], [7]]>, -121.759603d=<36 INVOKE,VIRTUAL,extra=[android.location.Location/getLongitude[], [7]]>}
Executor - [MSG]: 

Executor - [MSG]: <57 MOV,REG,dst=r4,r0=r2,type=java.lang.Object> at de.ecspride.FactoryMethods1/onCreate[android.os.Bundle]
DalvikVM - [WARN]: ar 4 (38.53203d, double), (0, void)
class fu.hao.trust.dvm.Executor$OP_MOVE_REG - [DEBUG]: mov 0 to 0
DalvikVM - [BB]: fu.hao.trust.dvm.Executor$OP_MOVE_REG -> jump set pc to 58
PluginManager - [MSG]: TaintSumBranch Tainted Res: {[Unknown var:Latitude: 38.53203, type: java.lang.String]=<23 INVOKE,VIRTUAL,extra=[android.location.Location/getLatitude[], [7]]>, [Unknown var:Latitude: 38.53203, type: java.lang.StringBuilder]=<51 INVOKE,VIRTUAL,extra=[android.location.Location/getLatitude[], [7]]>, 38.53203=<51 INVOKE,VIRTUAL,extra=[android.location.Location/getLatitude[], [7]]>, [Unknown var:Longtitude: -121.759603, type: java.lang.String]=<36 INVOKE,VIRTUAL,extra=[android.location.Location/getLongitude[], [7]]>, [Unknown var:Latitude: 38.53203, type: java.lang.StringBuilder]=<23 INVOKE,VIRTUAL,extra=[android.location.Location/getLatitude[], [7]]>, [reg 3@FactoryMethods1/onCreate]=<51 INVOKE,VIRTUAL,extra=[android.location.Location/getLatitude[], [7]]>, -121.759603=<36 INVOKE,VIRTUAL,extra=[android.location.Location/getLongitude[], [7]]>, [Unknown var:Longtitude: -121.759603, type: java.lang.StringBuilder]=<36 INVOKE,VIRTUAL,extra=[android.location.Location/getLongitude[], [7]]>, [Unknown var:Latitude: 38.53203, type: java.lang.String]=<51 INVOKE,VIRTUAL,extra=[android.location.Location/getLatitude[], [7]]>, 38.53203d=<51 INVOKE,VIRTUAL,extra=[android.location.Location/getLatitude[], [7]]>, -121.759603d=<36 INVOKE,VIRTUAL,extra=[android.location.Location/getLongitude[], [7]]>}
Executor - [MSG]: 

Executor - [MSG]: <58 MOV,REG,dst=r5,r0=r2,type=java.lang.Object> at de.ecspride.FactoryMethods1/onCreate[android.os.Bundle]
DalvikVM - [WARN]: ar 5, (0, void)
class fu.hao.trust.dvm.Executor$OP_MOVE_REG - [DEBUG]: mov 0 to 0
DalvikVM - [BB]: fu.hao.trust.dvm.Executor$OP_MOVE_REG -> jump set pc to 59
PluginManager - [MSG]: TaintSumBranch Tainted Res: {[Unknown var:Latitude: 38.53203, type: java.lang.String]=<23 INVOKE,VIRTUAL,extra=[android.location.Location/getLatitude[], [7]]>, 38.53203=<51 INVOKE,VIRTUAL,extra=[android.location.Location/getLatitude[], [7]]>, [Unknown var:Latitude: 38.53203, type: java.lang.StringBuilder]=<51 INVOKE,VIRTUAL,extra=[android.location.Location/getLatitude[], [7]]>, -121.759603=<36 INVOKE,VIRTUAL,extra=[android.location.Location/getLongitude[], [7]]>, [Unknown var:Longtitude: -121.759603, type: java.lang.String]=<36 INVOKE,VIRTUAL,extra=[android.location.Location/getLongitude[], [7]]>, [Unknown var:Longtitude: -121.759603, type: java.lang.StringBuilder]=<36 INVOKE,VIRTUAL,extra=[android.location.Location/getLongitude[], [7]]>, 38.53203d=<51 INVOKE,VIRTUAL,extra=[android.location.Location/getLatitude[], [7]]>, [Unknown var:Latitude: 38.53203, type: java.lang.String]=<51 INVOKE,VIRTUAL,extra=[android.location.Location/getLatitude[], [7]]>, [Unknown var:Latitude: 38.53203, type: java.lang.StringBuilder]=<23 INVOKE,VIRTUAL,extra=[android.location.Location/getLatitude[], [7]]>, -121.759603d=<36 INVOKE,VIRTUAL,extra=[android.location.Location/getLongitude[], [7]]>, [reg 3@FactoryMethods1/onCreate]=<51 INVOKE,VIRTUAL,extra=[android.location.Location/getLatitude[], [7]]>}
Executor - [MSG]: 

Executor - [MSG]: <59 INVOKE,VIRTUAL,extra=[android.telephony.SmsManager/sendTextMessage[java.lang.String, java.lang.String, java.lang.String, android.app.PendingIntent, android.app.PendingIntent], [0, 1, 2, 3, 4, 5]]> at de.ecspride.FactoryMethods1/onCreate[android.os.Bundle]
Executor - [MSG]: arg0 obj: android.telephony.SmsManager@49cd21c7
Executor - [DEBUG]: Reflction class: class android.telephony.SmsManager
Executor - [BB]: Normal args? true
Executor - [BB]: arg1@reg1: +49 1234
Executor - [BB]: arg2@reg2: 0
Executor - [WARN]: Mismatch type! arg 2, real para type: class patdroid.core.PrimitiveInfo, expected para type: class java.lang.String
Executor - [BB]: arg3@reg3: [Unknown var:Latitude: 38.53203, type: java.lang.String]
Executor - [WARN]: Mismatch type! arg 3, real para type: class fu.hao.trust.solver.Unknown, expected para type: class java.lang.String
Executor - [DEBUG]: Found symbolic var with value: Latitude: 38.53203
Executor - [BB]: arg4@reg4: 0
Executor - [WARN]: Mismatch type! arg 4, real para type: class patdroid.core.PrimitiveInfo, expected para type: class android.app.PendingIntent
Executor - [BB]: arg5@reg5: 0
Executor - [WARN]: Mismatch type! arg 5, real para type: class patdroid.core.PrimitiveInfo, expected para type: class android.app.PendingIntent
Executor - [BB]: Nargs? true
Executor - [DEBUG]: Caller obj: android.telephony.SmsManager@49cd21c7, from class: class android.telephony.SmsManager
DalvikVM - [WARN]: ar -1, (null, void)
Executor - [MSG]: Reflction invocation public void android.telephony.SmsManager.sendTextMessage(java.lang.String,java.lang.String,java.lang.String,android.app.PendingIntent,android.app.PendingIntent)
DalvikVM - [BB]: Set reflective call: public void android.telephony.SmsManager.sendTextMessage(java.lang.String,java.lang.String,java.lang.String,android.app.PendingIntent,android.app.PendingIntent)
DalvikVM - [BB]: fu.hao.trust.dvm.Executor -> jump set pc to 60
TaintSumBranch - [BB]: <android.telephony.SmsManager: void sendTextMessage(java.lang.String,java.lang.String,java.lang.String,android.app.PendingIntent,android.app.PendingIntent)>
TaintSumBranch - [WARN]: Found a tainted return val!
TaintSumBranch - [BB]: Found a sink invocation. <android.telephony.SmsManager: void sendTextMessage(java.lang.String,java.lang.String,java.lang.String,android.app.PendingIntent,android.app.PendingIntent)>
TaintSumBranch - [WARN]: Found a tainted sink <android.telephony.SmsManager: void sendTextMessage(java.lang.String,java.lang.String,java.lang.String,android.app.PendingIntent,android.app.PendingIntent)> leaking data [[Unknown var:Latitude: 38.53203, type: java.lang.String]] at reg 3!!!
PluginManager - [MSG]: TaintSumBranch Tainted Res: {[Unknown var:Latitude: 38.53203, type: java.lang.String]=<23 INVOKE,VIRTUAL,extra=[android.location.Location/getLatitude[], [7]]>, 38.53203=<51 INVOKE,VIRTUAL,extra=[android.location.Location/getLatitude[], [7]]>, [Unknown var:Latitude: 38.53203, type: java.lang.StringBuilder]=<51 INVOKE,VIRTUAL,extra=[android.location.Location/getLatitude[], [7]]>, -121.759603=<36 INVOKE,VIRTUAL,extra=[android.location.Location/getLongitude[], [7]]>, [Unknown var:Longtitude: -121.759603, type: java.lang.String]=<36 INVOKE,VIRTUAL,extra=[android.location.Location/getLongitude[], [7]]>, [Unknown var:Longtitude: -121.759603, type: java.lang.StringBuilder]=<36 INVOKE,VIRTUAL,extra=[android.location.Location/getLongitude[], [7]]>, 38.53203d=<51 INVOKE,VIRTUAL,extra=[android.location.Location/getLatitude[], [7]]>, [Unknown var:Latitude: 38.53203, type: java.lang.String]=<51 INVOKE,VIRTUAL,extra=[android.location.Location/getLatitude[], [7]]>, [Unknown var:Latitude: 38.53203, type: java.lang.StringBuilder]=<23 INVOKE,VIRTUAL,extra=[android.location.Location/getLatitude[], [7]]>, [Global RetReg]=<51 INVOKE,VIRTUAL,extra=[android.location.Location/getLatitude[], [7]]>, -121.759603d=<36 INVOKE,VIRTUAL,extra=[android.location.Location/getLongitude[], [7]]>, [reg 3@FactoryMethods1/onCreate]=<51 INVOKE,VIRTUAL,extra=[android.location.Location/getLatitude[], [7]]>}
Executor - [MSG]: 

Executor - [MSG]: <60 RETURN,VOID> at de.ecspride.FactoryMethods1/onCreate[android.os.Bundle]
class fu.hao.trust.dvm.Executor$OP_RETURN_VOID - [DEBUG]: Return void
DalvikVM - [BB]: stack []
DalvikVM - [BB]: Back to the last stack frame.null
DalvikVM - [MSG]: Finish running instrumented methods! Back to null
Executor - [MSG]: RUN BEGIN de.ecspride.FactoryMethods1/onCreate[android.os.Bundle]
Executor - [MSG]: RUN DONE! The last one is null
DalvikVM - [MSG]: FINISHED!

main - [MSG]: Analysis has run for 3.974131152 seconds

