main - [MSG]: Src Chain: [(de.ecspride.MyApplication$ApplicationCallbacks, onActivityStarted)]
main - [DEBUG]: Src Entry event: (de.ecspride.MyApplication, onCreate)
DalvikVM - [MSG]: Begin run onCreate at C:\Users\hao\workspace\DroidBenchProj\RegisterGlobal1\app\RegisterGlobal1.apk
DalvikVM - [MSG]: RUN Method de.ecspride.MyApplication/onCreate[]
DalvikVM - [BB]: New method call: de.ecspride.MyApplication/onCreate[]
DalvikVM - [BB]: [0]<0 SPECIAL,ARGUMENT_SET,extra=[2]>
DalvikVM - [BB]: [1]<0 MOV,CONST,dst=r0,type=java.lang.String,extra="EX">
DalvikVM - [BB]: [2]<1 MOV,CONST,dst=r1,type=java.lang.String,extra="Application.onCreate()">
DalvikVM - [BB]: [3]<0 INVOKE,STATIC,extra=[android.util.Log/d[java.lang.String, java.lang.String], [0, 1]]>
DalvikVM - [BB]: [4]<0 HALT,SUPER,extra=[null, [2]]>
DalvikVM - [BB]: [5]<0 INSTANCE,IGET,r0=r2,r1=r0,type=java.lang.Object,extra=de.ecspride.MyApplication.callbacks>
DalvikVM - [BB]: [6]<0 INVOKE,VIRTUAL,extra=[android.app.Application/registerActivityLifecycleCallbacks[android.app.Application$ActivityLifecycleCallbacks], [2, 0]]>
DalvikVM - [BB]: [7]<0 RETURN,VOID>
newStackFrame - [BB]: New Stack Frame: StackFrame de.ecspride.MyApplication/onCreate[]
newStackFrame - [BB]: Add frame StackFrame de.ecspride.MyApplication/onCreate[]
newStackFrame - [BB]: Stack: [StackFrame de.ecspride.MyApplication/onCreate[]]
Application - [BB]: New instance of de.ecspride.MyApplication
Caller@4: <init>@fu.hao.trust.dvm.DVMObject - [BB]: getClass de.ecspride.MyApplication at fu.hao.trust.dvm.VMHeap@4f70a570
Caller: getClass@fu.hao.trust.dvm.VMHeap - [BB]: new class representation for de.ecspride.MyApplication at fu.hao.trust.dvm.VMHeap@4f70a570
Caller@4: <init>@fu.hao.trust.dvm.DVMClass - [BB]: getClass android.app.Application at fu.hao.trust.dvm.VMHeap@4f70a570
Caller: getClass@fu.hao.trust.dvm.VMHeap - [BB]: new class representation for android.app.Application at fu.hao.trust.dvm.VMHeap@4f70a570
Caller@4: <init>@fu.hao.trust.dvm.DVMClass - [BB]: getClass fu.hao.trust.dvm.DVMObject at fu.hao.trust.dvm.VMHeap@4f70a570
Caller: getClass@fu.hao.trust.dvm.VMHeap - [BB]: new class representation for fu.hao.trust.dvm.DVMObject at fu.hao.trust.dvm.VMHeap@4f70a570
Caller: <init>@fu.hao.trust.dvm.DVMClass - [BB]: Get DVMClass for type fu.hao.trust.dvm.DVMObject
Caller@4: <init>@fu.hao.trust.dvm.DVMClass - [BB]: getClass fu.hao.trust.dvm.DVMObject at fu.hao.trust.dvm.VMHeap@4f70a570
Caller: <init>@fu.hao.trust.dvm.DVMClass - [BB]: Get DVMClass for type android.app.Application
Caller@4: <init>@fu.hao.trust.dvm.DVMClass - [BB]: getClass android.app.Application at fu.hao.trust.dvm.VMHeap@4f70a570
Caller: <init>@fu.hao.trust.dvm.DVMObject - [BB]: Get DVMClass for type de.ecspride.MyApplication
Caller@4: <init>@fu.hao.trust.dvm.DVMObject - [BB]: getClass de.ecspride.MyApplication at fu.hao.trust.dvm.VMHeap@4f70a570
Application - [MSG]: Not empty constructor
DalvikVM - [BB]: New method call: de.ecspride.MyApplication/<init>[]
DalvikVM - [BB]: [0]<0 SPECIAL,ARGUMENT_SET,extra=[1]>
DalvikVM - [BB]: [1]<0 INVOKE,DIRECT,extra=[java.lang.Object/<init>[], [1]]>
DalvikVM - [BB]: [2]<0 NEW,INSTANCE,dst=r0,type=de.ecspride.MyApplication$ApplicationCallbacks>
DalvikVM - [BB]: [3]<0 INVOKE,DIRECT,extra=[de.ecspride.MyApplication$ApplicationCallbacks/<init>[de.ecspride.MyApplication], [0, 1]]>
DalvikVM - [BB]: [4]<0 INSTANCE,IPUT,r0=r1,r1=r0,type=java.lang.Object,extra=de.ecspride.MyApplication.callbacks>
DalvikVM - [BB]: [5]<0 RETURN,VOID>
DalvikVM - [WARN]: ar -2, (instance number 1@de.ecspride.MyApplication, de.ecspride.MyApplication)
newStackFrame - [BB]: New Stack Frame: StackFrame de.ecspride.MyApplication/<init>[], pc -1 stored. 
newStackFrame - [BB]: Stack: [StackFrame de.ecspride.MyApplication/onCreate[]]
DalvikVM - [MSG]: Begin run instrumented methods!
DalvikVM - [BB]: Add frames [StackFrame de.ecspride.MyApplication/<init>[]]
DalvikVM - [BB]: fu.hao.trust.dvm.DalvikVM -> runInstrumentedMethods set pc to 0
Executor - [MSG]: 

Executor - [MSG]: <0 SPECIAL,ARGUMENT_SET,extra=[1]> at de.ecspride.MyApplication/<init>[]
DalvikVM - [WARN]: ar 1, (instance number 1@de.ecspride.MyApplication, de.ecspride.MyApplication)
Executor - [DEBUG]: params: instance number 1@de.ecspride.MyApplication
DalvikVM - [BB]: fu.hao.trust.dvm.Executor$OP_SP_ARGUMENTS -> jump set pc to 1
PluginManager - [MSG]: TaintSumBranch Tainted Res: {}
Executor - [MSG]: 

Executor - [MSG]: <1 INVOKE,DIRECT,extra=[java.lang.Object/<init>[], [1]]> at de.ecspride.MyApplication/<init>[]
Executor - [MSG]: arg0 obj: instance number 1@de.ecspride.MyApplication
Executor - [MSG]: Replace the clazz.
Executor - [BB]: java.lang.Object/<init>[] is a constructor!
Executor - [WARN]: Reflection error: de.ecspride.MyApplication
DalvikVM - [BB]: fu.hao.trust.dvm.Executor -> jump set pc to 2
TaintSumBranch - [BB]: <java.lang.Object: void <init>()>
TaintSumBranch - [DEBUG]: Not a taint call: <java.lang.Object: void <init>()>
PluginManager - [MSG]: TaintSumBranch Tainted Res: {}
Executor - [MSG]: 

Executor - [MSG]: <2 NEW,INSTANCE,dst=r0,type=de.ecspride.MyApplication$ApplicationCallbacks> at de.ecspride.MyApplication/<init>[]
OP_NEW_INSTANCE - [DEBUG]: [reg 0@MyApplication/<init>]
DalvikVM - [BB]: Superclass: de.ecspride.MyApplication$ApplicationCallbacks
DalvikVM - [BB]: Superclass: java.lang.Object
DVMObject - [BB]: New instance of de.ecspride.MyApplication$ApplicationCallbacks
Caller@4: <init>@fu.hao.trust.dvm.DVMObject - [BB]: getClass de.ecspride.MyApplication$ApplicationCallbacks at fu.hao.trust.dvm.VMHeap@4f70a570
Caller: getClass@fu.hao.trust.dvm.VMHeap - [BB]: new class representation for de.ecspride.MyApplication$ApplicationCallbacks at fu.hao.trust.dvm.VMHeap@4f70a570
Caller: <init>@fu.hao.trust.dvm.DVMObject - [BB]: Get DVMClass for type de.ecspride.MyApplication$ApplicationCallbacks
Caller@4: <init>@fu.hao.trust.dvm.DVMObject - [BB]: getClass de.ecspride.MyApplication$ApplicationCallbacks at fu.hao.trust.dvm.VMHeap@4f70a570
DalvikVM - [WARN]: ar 0, (instance number 1@de.ecspride.MyApplication$ApplicationCallbacks, de.ecspride.MyApplication$ApplicationCallbacks)
OP_NEW_INSTANCE - [DEBUG]: New object of de.ecspride.MyApplication$ApplicationCallbackscreated:instance number 1@de.ecspride.MyApplication$ApplicationCallbacks
DalvikVM - [BB]: fu.hao.trust.dvm.Executor$OP_NEW_INSTANCE -> jump set pc to 3
TaintSumBranch - [BB]: Rdst [reg 0@MyApplication/<init>]
PluginManager - [MSG]: TaintSumBranch Tainted Res: {}
Executor - [MSG]: 

Executor - [MSG]: <3 INVOKE,DIRECT,extra=[de.ecspride.MyApplication$ApplicationCallbacks/<init>[de.ecspride.MyApplication], [0, 1]]> at de.ecspride.MyApplication/<init>[]
Executor - [MSG]: arg0 obj: instance number 1@de.ecspride.MyApplication$ApplicationCallbacks
Executor - [WARN]: Reflection error: de.ecspride.MyApplication$ApplicationCallbacks
DalvikVM - [BB]: fu.hao.trust.dvm.Executor -> jump set pc to 4
DalvikVM - [BB]: New method call: de.ecspride.MyApplication$ApplicationCallbacks/<init>[de.ecspride.MyApplication]
DalvikVM - [BB]: [0]<0 SPECIAL,ARGUMENT_SET,extra=[2, 3]>
DalvikVM - [BB]: [1]<0 INSTANCE,IPUT,r0=r2,r1=r3,type=java.lang.Object,extra=de.ecspride.MyApplication$ApplicationCallbacks.this$0>
DalvikVM - [BB]: [2]<0 INVOKE,DIRECT,extra=[java.lang.Object/<init>[], [2]]>
DalvikVM - [BB]: [3]<2 MOV,CONST,dst=r0,type=java.lang.String,extra="EX">
DalvikVM - [BB]: [4]<3 MOV,CONST,dst=r1,type=java.lang.String,extra="ApplicationCallbacks.<init>()">
DalvikVM - [BB]: [5]<0 INVOKE,STATIC,extra=[android.util.Log/d[java.lang.String, java.lang.String], [0, 1]]>
DalvikVM - [BB]: [6]<0 RETURN,VOID>
newStackFrame - [BB]: New Stack Frame: StackFrame de.ecspride.MyApplication$ApplicationCallbacks/<init>[de.ecspride.MyApplication], pc 4 stored. 
newStackFrame - [BB]: Add frame StackFrame de.ecspride.MyApplication$ApplicationCallbacks/<init>[de.ecspride.MyApplication]
newStackFrame - [BB]: Stack: [StackFrame de.ecspride.MyApplication/onCreate[], StackFrame de.ecspride.MyApplication/<init>[], StackFrame de.ecspride.MyApplication$ApplicationCallbacks/<init>[de.ecspride.MyApplication]]
TaintSumBranch - [BB]: <de.ecspride.MyApplication$ApplicationCallbacks: void <init>(de.ecspride.MyApplication)>
TaintSumBranch - [DEBUG]: Not a taint call: <de.ecspride.MyApplication$ApplicationCallbacks: void <init>(de.ecspride.MyApplication)>
PluginManager - [MSG]: TaintSumBranch Tainted Res: {}
DalvikVM - [BB]: fu.hao.trust.dvm.DalvikVM -> runInstrumentedMethods set pc to 0
Executor - [MSG]: 

Executor - [MSG]: <0 SPECIAL,ARGUMENT_SET,extra=[2, 3]> at de.ecspride.MyApplication$ApplicationCallbacks/<init>[de.ecspride.MyApplication]
DalvikVM - [WARN]: ar 2, (instance number 1@de.ecspride.MyApplication$ApplicationCallbacks, de.ecspride.MyApplication$ApplicationCallbacks)
Executor - [DEBUG]: params: instance number 1@de.ecspride.MyApplication$ApplicationCallbacks
DalvikVM - [WARN]: ar 3, (instance number 1@de.ecspride.MyApplication, de.ecspride.MyApplication)
Executor - [DEBUG]: params: instance number 1@de.ecspride.MyApplication
DalvikVM - [BB]: fu.hao.trust.dvm.Executor$OP_SP_ARGUMENTS -> jump set pc to 1
PluginManager - [MSG]: TaintSumBranch Tainted Res: {}
Executor - [MSG]: 

Executor - [MSG]: <1 INSTANCE,IPUT,r0=r2,r1=r3,type=java.lang.Object,extra=de.ecspride.MyApplication$ApplicationCallbacks.this$0> at de.ecspride.MyApplication$ApplicationCallbacks/<init>[de.ecspride.MyApplication]
class fu.hao.trust.dvm.Executor$OP_INSTANCE_PUT_FIELD - [BB]: field de.ecspride.MyApplication$ApplicationCallbacks.this$0
class fu.hao.trust.dvm.Executor$OP_INSTANCE_PUT_FIELD - [BB]: Target obj instance number 1@de.ecspride.MyApplication$ApplicationCallbacks
DVMObject - [DEBUG]: put field instance number 1@de.ecspride.MyApplication
class fu.hao.trust.dvm.Executor$OP_INSTANCE_PUT_FIELD - [MSG]: Put data instance number 1@de.ecspride.MyApplication to the field of instance number 1@de.ecspride.MyApplication$ApplicationCallbacks
DalvikVM - [BB]: fu.hao.trust.dvm.Executor$OP_INSTANCE_PUT_FIELD -> jump set pc to 2
PluginManager - [MSG]: TaintSumBranch Tainted Res: {}
Executor - [MSG]: 

Executor - [MSG]: <2 INVOKE,DIRECT,extra=[java.lang.Object/<init>[], [2]]> at de.ecspride.MyApplication$ApplicationCallbacks/<init>[de.ecspride.MyApplication]
Executor - [MSG]: arg0 obj: instance number 1@de.ecspride.MyApplication$ApplicationCallbacks
Executor - [MSG]: Replace the clazz.
Executor - [BB]: java.lang.Object/<init>[] is a constructor!
Executor - [WARN]: Reflection error: de.ecspride.MyApplication$ApplicationCallbacks
DalvikVM - [BB]: fu.hao.trust.dvm.Executor -> jump set pc to 3
TaintSumBranch - [BB]: <java.lang.Object: void <init>()>
TaintSumBranch - [DEBUG]: Not a taint call: <java.lang.Object: void <init>()>
PluginManager - [MSG]: TaintSumBranch Tainted Res: {}
Executor - [MSG]: 

Executor - [MSG]: <3 MOV,CONST,dst=r0,type=java.lang.String,extra="EX"> at de.ecspride.MyApplication$ApplicationCallbacks/<init>[de.ecspride.MyApplication]
Executor - [DEBUG]: Mov const begin <3 MOV,CONST,dst=r0,type=java.lang.String,extra="EX">
DalvikVM - [WARN]: ar 0, (EX, java.lang.String)
Executor - [DEBUG]: data: EX class java.lang.String
DalvikVM - [BB]: fu.hao.trust.dvm.Executor$OP_MOV_CONST -> jump set pc to 4
PluginManager - [MSG]: TaintSumBranch Tainted Res: {}
Executor - [MSG]: 

Executor - [MSG]: <4 MOV,CONST,dst=r1,type=java.lang.String,extra="ApplicationCallbacks.<init>()"> at de.ecspride.MyApplication$ApplicationCallbacks/<init>[de.ecspride.MyApplication]
Executor - [DEBUG]: Mov const begin <4 MOV,CONST,dst=r1,type=java.lang.String,extra="ApplicationCallbacks.<init>()">
DalvikVM - [WARN]: ar 1, (ApplicationCallbacks.<init>(), java.lang.String)
Executor - [DEBUG]: data: ApplicationCallbacks.<init>() class java.lang.String
DalvikVM - [BB]: fu.hao.trust.dvm.Executor$OP_MOV_CONST -> jump set pc to 5
PluginManager - [MSG]: TaintSumBranch Tainted Res: {}
Executor - [MSG]: 

Executor - [MSG]: <5 INVOKE,STATIC,extra=[android.util.Log/d[java.lang.String, java.lang.String], [0, 1]]> at de.ecspride.MyApplication$ApplicationCallbacks/<init>[de.ecspride.MyApplication]
Executor - [DEBUG]: Reflction class android.util.Log
Executor - [BB]: arg0@reg0: EX
Executor - [BB]: arg1@reg1: ApplicationCallbacks.<init>()
Executor - [BB]: param: EX
Executor - [BB]: param: ApplicationCallbacks.<init>()
DalvikVM - [WARN]: ar -1, (1, int)
Executor - [MSG]: reflction invocation public static int android.util.Log.d(java.lang.String,java.lang.String)
DalvikVM - [BB]: Set reflective call: public static int android.util.Log.d(java.lang.String,java.lang.String)
DalvikVM - [BB]: fu.hao.trust.dvm.Executor$OP_INVOKE_STATIC -> jump set pc to 6
TaintSumBranch - [BB]: <android.util.Log: int d(java.lang.String,java.lang.String)>
TaintSumBranch - [DEBUG]: Not a taint call: <android.util.Log: int d(java.lang.String,java.lang.String)>
PluginManager - [MSG]: TaintSumBranch Tainted Res: {}
Executor - [MSG]: 

Executor - [MSG]: <6 RETURN,VOID> at de.ecspride.MyApplication$ApplicationCallbacks/<init>[de.ecspride.MyApplication]
class fu.hao.trust.dvm.Executor$OP_RETURN_VOID - [DEBUG]: Return void
DalvikVM - [BB]: stack [StackFrame de.ecspride.MyApplication/onCreate[], StackFrame de.ecspride.MyApplication/<init>[]]
DalvikVM - [BB]: Back to the last stack frame.StackFrame de.ecspride.MyApplication/<init>[]
PluginManager - [MSG]: TaintSumBranch Tainted Res: {}
Executor - [MSG]: 

Executor - [MSG]: <4 INSTANCE,IPUT,r0=r1,r1=r0,type=java.lang.Object,extra=de.ecspride.MyApplication.callbacks> at de.ecspride.MyApplication/<init>[]
class fu.hao.trust.dvm.Executor$OP_INSTANCE_PUT_FIELD - [BB]: field de.ecspride.MyApplication.callbacks
class fu.hao.trust.dvm.Executor$OP_INSTANCE_PUT_FIELD - [BB]: Target obj instance number 1@de.ecspride.MyApplication
Application - [DEBUG]: put field instance number 1@de.ecspride.MyApplication$ApplicationCallbacks
class fu.hao.trust.dvm.Executor$OP_INSTANCE_PUT_FIELD - [MSG]: Put data instance number 1@de.ecspride.MyApplication$ApplicationCallbacks to the field of instance number 1@de.ecspride.MyApplication
DalvikVM - [BB]: fu.hao.trust.dvm.Executor$OP_INSTANCE_PUT_FIELD -> jump set pc to 5
PluginManager - [MSG]: TaintSumBranch Tainted Res: {}
Executor - [MSG]: 

Executor - [MSG]: <5 RETURN,VOID> at de.ecspride.MyApplication/<init>[]
class fu.hao.trust.dvm.Executor$OP_RETURN_VOID - [DEBUG]: Return void
DalvikVM - [BB]: stack [StackFrame de.ecspride.MyApplication/onCreate[]]
DalvikVM - [BB]: Back to the last stack frame.StackFrame de.ecspride.MyApplication/onCreate[]
DalvikVM - [MSG]: Finish running instrumented methods! Back to StackFrame de.ecspride.MyApplication/onCreate[]
Executor - [MSG]: RUN BEGIN de.ecspride.MyApplication/onCreate[]
DalvikVM - [BB]: fu.hao.trust.dvm.Executor -> execute set pc to 0
Executor - [MSG]: 

Executor - [MSG]: <0 SPECIAL,ARGUMENT_SET,extra=[2]> at de.ecspride.MyApplication/onCreate[]
Executor - [WARN]: NULL CallingCtx!
DalvikVM - [WARN]: ar 2, (instance number 1@de.ecspride.MyApplication, de.ecspride.MyApplication)
Executor - [DEBUG]: args: instance number 1@de.ecspride.MyApplication
Executor - [BB]: Start param from 1
DalvikVM - [BB]: fu.hao.trust.dvm.Executor$OP_SP_ARGUMENTS -> jump set pc to 1
PluginManager - [MSG]: TaintSumBranch Tainted Res: {}
Executor - [MSG]: 

Executor - [MSG]: <1 MOV,CONST,dst=r0,type=java.lang.String,extra="EX"> at de.ecspride.MyApplication/onCreate[]
Executor - [DEBUG]: Mov const begin <1 MOV,CONST,dst=r0,type=java.lang.String,extra="EX">
DalvikVM - [WARN]: ar 0, (EX, java.lang.String)
Executor - [DEBUG]: data: EX class java.lang.String
DalvikVM - [BB]: fu.hao.trust.dvm.Executor$OP_MOV_CONST -> jump set pc to 2
PluginManager - [MSG]: TaintSumBranch Tainted Res: {}
Executor - [MSG]: 

Executor - [MSG]: <2 MOV,CONST,dst=r1,type=java.lang.String,extra="Application.onCreate()"> at de.ecspride.MyApplication/onCreate[]
Executor - [DEBUG]: Mov const begin <2 MOV,CONST,dst=r1,type=java.lang.String,extra="Application.onCreate()">
DalvikVM - [WARN]: ar 1, (Application.onCreate(), java.lang.String)
Executor - [DEBUG]: data: Application.onCreate() class java.lang.String
DalvikVM - [BB]: fu.hao.trust.dvm.Executor$OP_MOV_CONST -> jump set pc to 3
PluginManager - [MSG]: TaintSumBranch Tainted Res: {}
Executor - [MSG]: 

Executor - [MSG]: <3 INVOKE,STATIC,extra=[android.util.Log/d[java.lang.String, java.lang.String], [0, 1]]> at de.ecspride.MyApplication/onCreate[]
Executor - [DEBUG]: Reflction class android.util.Log
Executor - [BB]: arg0@reg0: EX
Executor - [BB]: arg1@reg1: Application.onCreate()
Executor - [BB]: param: EX
Executor - [BB]: param: Application.onCreate()
DalvikVM - [WARN]: ar -1, (1, int)
Executor - [MSG]: reflction invocation public static int android.util.Log.d(java.lang.String,java.lang.String)
DalvikVM - [BB]: Set reflective call: public static int android.util.Log.d(java.lang.String,java.lang.String)
DalvikVM - [BB]: fu.hao.trust.dvm.Executor$OP_INVOKE_STATIC -> jump set pc to 4
TaintSumBranch - [BB]: <android.util.Log: int d(java.lang.String,java.lang.String)>
TaintSumBranch - [DEBUG]: Not a taint call: <android.util.Log: int d(java.lang.String,java.lang.String)>
PluginManager - [MSG]: TaintSumBranch Tainted Res: {}
Executor - [MSG]: 

Executor - [MSG]: <4 HALT,SUPER,extra=[null, [2]]> at de.ecspride.MyApplication/onCreate[]
DalvikVM - [BB]: fu.hao.trust.dvm.Executor$OP_HALT -> jump set pc to 5
Executor - [MSG]: Cannot resolve the invocation
TaintSumBranch - [BB]: Not a taint op <4 HALT,SUPER,extra=[null, [2]]>
PluginManager - [MSG]: TaintSumBranch Tainted Res: {}
Executor - [MSG]: 

Executor - [MSG]: <5 INSTANCE,IGET,r0=r2,r1=r0,type=java.lang.Object,extra=de.ecspride.MyApplication.callbacks> at de.ecspride.MyApplication/onCreate[]
class fu.hao.trust.dvm.Executor$OP_INSTANCE_GET_FIELD - [BB]: Obj instance number 1@de.ecspride.MyApplication
class fu.hao.trust.dvm.Executor$OP_INSTANCE_GET_FIELD - [BB]: Fieldinfo de.ecspride.MyApplication.callbacks
DalvikVM - [WARN]: ar 0 (EX, java.lang.String), (instance number 1@de.ecspride.MyApplication$ApplicationCallbacks, android.app.Application$ActivityLifecycleCallbacks)
class fu.hao.trust.dvm.Executor$OP_INSTANCE_GET_FIELD - [DEBUG]: Get data: instance number 1@de.ecspride.MyApplication$ApplicationCallbacks
DalvikVM - [BB]: fu.hao.trust.dvm.Executor$OP_INSTANCE_GET_FIELD -> jump set pc to 6
PluginManager - [MSG]: TaintSumBranch Tainted Res: {}
Executor - [MSG]: 

Executor - [MSG]: <6 INVOKE,VIRTUAL,extra=[android.app.Application/registerActivityLifecycleCallbacks[android.app.Application$ActivityLifecycleCallbacks], [2, 0]]> at de.ecspride.MyApplication/onCreate[]
Executor - [MSG]: arg0 obj: instance number 1@de.ecspride.MyApplication
Executor - [DEBUG]: Reflction class: class android.app.Application
Executor - [BB]: Normal args? true
Executor - [BB]: arg1@reg0: instance number 1@de.ecspride.MyApplication$ApplicationCallbacks
Executor - [WARN]: Mismatch type! arg 1, real para type: class fu.hao.trust.dvm.DVMObject, expected para type: interface android.app.Application$ActivityLifecycleCallbacks
Executor - [WARN]: Call the mirror method instead! android.app.Application$ActivityLifecycleCallbacks is a interface.
Executor - [BB]: Nargs? true
Executor - [DEBUG]: Caller obj: instance number 1@de.ecspride.MyApplication, from class: class android.app.Application
DalvikVM - [WARN]: ar -1, (null, void)
Executor - [MSG]: Reflction invocation public void android.app.Application.registerActivityLifecycleCallbacks(fu.hao.trust.dvm.DVMObject)
DalvikVM - [BB]: Set reflective call: public void android.app.Application.registerActivityLifecycleCallbacks(fu.hao.trust.dvm.DVMObject)
DalvikVM - [BB]: fu.hao.trust.dvm.Executor -> jump set pc to 7
TaintSumBranch - [BB]: <android.app.Application: void registerActivityLifecycleCallbacks(android.app.Application$ActivityLifecycleCallbacks)>
TaintSumBranch - [DEBUG]: Not a taint call: <android.app.Application: void registerActivityLifecycleCallbacks(android.app.Application$ActivityLifecycleCallbacks)>
PluginManager - [MSG]: TaintSumBranch Tainted Res: {}
Executor - [MSG]: 

Executor - [MSG]: <7 RETURN,VOID> at de.ecspride.MyApplication/onCreate[]
class fu.hao.trust.dvm.Executor$OP_RETURN_VOID - [DEBUG]: Return void
DalvikVM - [BB]: stack []
DalvikVM - [BB]: Back to the last stack frame.null
Executor - [MSG]: EventMethod: onActivityStarted
Executor - [WARN]: Do not have current activity!
Executor - [WARN]: Event obj instance number 1@de.ecspride.MyApplication$ApplicationCallbacks
DalvikVM - [BB]: New method call: de.ecspride.MyApplication$ApplicationCallbacks/onActivityStarted[android.app.Activity]
DalvikVM - [BB]: [0]<0 SPECIAL,ARGUMENT_SET,extra=[3, 4]>
DalvikVM - [BB]: [1]<0 MOV,CONST,dst=r1,type=java.lang.String,extra="EX">
DalvikVM - [BB]: [2]<1 MOV,CONST,dst=r2,type=java.lang.String,extra="Application.onActivityStarted()">
DalvikVM - [BB]: [3]<0 INVOKE,STATIC,extra=[android.util.Log/d[java.lang.String, java.lang.String], [1, 2]]>
DalvikVM - [BB]: [4]<0 INSTANCE,IGET,r0=r3,r1=r1,type=java.lang.Object,extra=de.ecspride.MyApplication$ApplicationCallbacks.this$0>
DalvikVM - [BB]: [5]<4 MOV,CONST,dst=r2,type=java.lang.String,extra="phone">
DalvikVM - [BB]: [6]<0 HALT,VIRTUAL,extra=[null, [1, 2]]>
DalvikVM - [BB]: [7]<0 MOV,RESULT,dst=r0,type=java.lang.Object>
DalvikVM - [BB]: [8]<0 ARITHMETIC,CHECK-AND-CAST,dst=r0,type=android.telephony.TelephonyManager>
DalvikVM - [BB]: [9]<0 INVOKE,VIRTUAL,extra=[android.telephony.TelephonyManager/getDeviceId[], [0]]>
DalvikVM - [BB]: [10]<0 MOV,RESULT,dst=r1,type=java.lang.Object>
DalvikVM - [BB]: [11]<0 INSTANCE,IPUT,r0=r3,r1=r1,type=java.lang.Object,extra=de.ecspride.MyApplication$ApplicationCallbacks.imei>
DalvikVM - [BB]: [12]<0 RETURN,VOID>
DalvikVM - [WARN]: ar -2, (instance number 1@de.ecspride.MyApplication$ApplicationCallbacks, de.ecspride.MyApplication$ApplicationCallbacks)
newStackFrame - [BB]: New Stack Frame: StackFrame de.ecspride.MyApplication$ApplicationCallbacks/onActivityStarted[android.app.Activity]
newStackFrame - [BB]: Add frame StackFrame de.ecspride.MyApplication$ApplicationCallbacks/onActivityStarted[android.app.Activity]
newStackFrame - [BB]: Stack: [StackFrame de.ecspride.MyApplication$ApplicationCallbacks/onActivityStarted[android.app.Activity]]
DalvikVM - [BB]: fu.hao.trust.dvm.Executor -> execute set pc to 0
Executor - [MSG]: 

Executor - [MSG]: <0 SPECIAL,ARGUMENT_SET,extra=[3, 4]> at de.ecspride.MyApplication$ApplicationCallbacks/onActivityStarted[android.app.Activity]
DalvikVM - [WARN]: ar 3, (instance number 1@de.ecspride.MyApplication$ApplicationCallbacks, de.ecspride.MyApplication$ApplicationCallbacks)
Executor - [DEBUG]: params: instance number 1@de.ecspride.MyApplication$ApplicationCallbacks
Executor - [DEBUG]: params: Empty!
DalvikVM - [BB]: fu.hao.trust.dvm.Executor$OP_SP_ARGUMENTS -> jump set pc to 1
PluginManager - [MSG]: TaintSumBranch Tainted Res: {}
Executor - [MSG]: 

Executor - [MSG]: <1 MOV,CONST,dst=r1,type=java.lang.String,extra="EX"> at de.ecspride.MyApplication$ApplicationCallbacks/onActivityStarted[android.app.Activity]
Executor - [DEBUG]: Mov const begin <1 MOV,CONST,dst=r1,type=java.lang.String,extra="EX">
DalvikVM - [WARN]: ar 1, (EX, java.lang.String)
Executor - [DEBUG]: data: EX class java.lang.String
DalvikVM - [BB]: fu.hao.trust.dvm.Executor$OP_MOV_CONST -> jump set pc to 2
PluginManager - [MSG]: TaintSumBranch Tainted Res: {}
Executor - [MSG]: 

Executor - [MSG]: <2 MOV,CONST,dst=r2,type=java.lang.String,extra="Application.onActivityStarted()"> at de.ecspride.MyApplication$ApplicationCallbacks/onActivityStarted[android.app.Activity]
Executor - [DEBUG]: Mov const begin <2 MOV,CONST,dst=r2,type=java.lang.String,extra="Application.onActivityStarted()">
DalvikVM - [WARN]: ar 2, (Application.onActivityStarted(), java.lang.String)
Executor - [DEBUG]: data: Application.onActivityStarted() class java.lang.String
DalvikVM - [BB]: fu.hao.trust.dvm.Executor$OP_MOV_CONST -> jump set pc to 3
PluginManager - [MSG]: TaintSumBranch Tainted Res: {}
Executor - [MSG]: 

Executor - [MSG]: <3 INVOKE,STATIC,extra=[android.util.Log/d[java.lang.String, java.lang.String], [1, 2]]> at de.ecspride.MyApplication$ApplicationCallbacks/onActivityStarted[android.app.Activity]
Executor - [DEBUG]: Reflction class android.util.Log
Executor - [BB]: arg0@reg1: EX
Executor - [BB]: arg1@reg2: Application.onActivityStarted()
Executor - [BB]: param: EX
Executor - [BB]: param: Application.onActivityStarted()
DalvikVM - [WARN]: ar -1, (1, int)
Executor - [MSG]: reflction invocation public static int android.util.Log.d(java.lang.String,java.lang.String)
DalvikVM - [BB]: Set reflective call: public static int android.util.Log.d(java.lang.String,java.lang.String)
DalvikVM - [BB]: fu.hao.trust.dvm.Executor$OP_INVOKE_STATIC -> jump set pc to 4
TaintSumBranch - [BB]: <android.util.Log: int d(java.lang.String,java.lang.String)>
TaintSumBranch - [DEBUG]: Not a taint call: <android.util.Log: int d(java.lang.String,java.lang.String)>
PluginManager - [MSG]: TaintSumBranch Tainted Res: {}
Executor - [MSG]: 

Executor - [MSG]: <4 INSTANCE,IGET,r0=r3,r1=r1,type=java.lang.Object,extra=de.ecspride.MyApplication$ApplicationCallbacks.this$0> at de.ecspride.MyApplication$ApplicationCallbacks/onActivityStarted[android.app.Activity]
class fu.hao.trust.dvm.Executor$OP_INSTANCE_GET_FIELD - [BB]: Obj instance number 1@de.ecspride.MyApplication$ApplicationCallbacks
class fu.hao.trust.dvm.Executor$OP_INSTANCE_GET_FIELD - [BB]: Fieldinfo de.ecspride.MyApplication$ApplicationCallbacks.this$0
DalvikVM - [WARN]: ar 1 (EX, java.lang.String), (instance number 1@de.ecspride.MyApplication, de.ecspride.MyApplication)
class fu.hao.trust.dvm.Executor$OP_INSTANCE_GET_FIELD - [DEBUG]: Get data: instance number 1@de.ecspride.MyApplication
DalvikVM - [BB]: fu.hao.trust.dvm.Executor$OP_INSTANCE_GET_FIELD -> jump set pc to 5
PluginManager - [MSG]: TaintSumBranch Tainted Res: {}
Executor - [MSG]: 

Executor - [MSG]: <5 MOV,CONST,dst=r2,type=java.lang.String,extra="phone"> at de.ecspride.MyApplication$ApplicationCallbacks/onActivityStarted[android.app.Activity]
Executor - [DEBUG]: Mov const begin <5 MOV,CONST,dst=r2,type=java.lang.String,extra="phone">
DalvikVM - [WARN]: ar 2 (Application.onActivityStarted(), java.lang.String), (phone, java.lang.String)
Executor - [DEBUG]: data: phone class java.lang.String
DalvikVM - [BB]: fu.hao.trust.dvm.Executor$OP_MOV_CONST -> jump set pc to 6
PluginManager - [MSG]: TaintSumBranch Tainted Res: {}
Executor - [MSG]: 

Executor - [MSG]: <6 HALT,VIRTUAL,extra=[null, [1, 2]]> at de.ecspride.MyApplication$ApplicationCallbacks/onActivityStarted[android.app.Activity]
DalvikVM - [BB]: fu.hao.trust.dvm.Executor$OP_HALT -> jump set pc to 7
Executor - [MSG]: Cannot resolve the invocation
TaintSumBranch - [BB]: Not a taint op <6 HALT,VIRTUAL,extra=[null, [1, 2]]>
PluginManager - [MSG]: TaintSumBranch Tainted Res: {}
Executor - [MSG]: 

Executor - [MSG]: <7 MOV,RESULT,dst=r0,type=java.lang.Object> at de.ecspride.MyApplication$ApplicationCallbacks/onActivityStarted[android.app.Activity]
Unknown - [BB]: Unknown created!
DalvikVM - [WARN]: ar -1, ([Unknown var:null, type: java.lang.Object], java.lang.Object)
DalvikVM - [WARN]: ar 0, ([Unknown var:null, type: java.lang.Object], java.lang.Object)
OP_MOV_RESULT - [BB]: Result data: [Unknown var:null, type: java.lang.Object]
OP_MOV_RESULT - [DEBUG]: Result data: [Unknown var:null, type: java.lang.Object], type: java.lang.Object, to [reg 0@MyApplication$ApplicationCallbacks/onActivityStarted]
DalvikVM - [BB]: fu.hao.trust.dvm.Executor$OP_MOV_RESULT -> jump set pc to 8
PluginManager - [MSG]: TaintSumBranch Tainted Res: {}
Executor - [MSG]: 

Executor - [MSG]: <8 ARITHMETIC,CHECK-AND-CAST,dst=r0,type=android.telephony.TelephonyManager> at de.ecspride.MyApplication$ApplicationCallbacks/onActivityStarted[android.app.Activity]
DalvikVM - [BB]: fu.hao.trust.dvm.Executor$OP_ARITHETIC -> jump set pc to 9
PluginManager - [MSG]: TaintSumBranch Tainted Res: {}
Executor - [MSG]: 

Executor - [MSG]: <9 INVOKE,VIRTUAL,extra=[android.telephony.TelephonyManager/getDeviceId[], [0]]> at de.ecspride.MyApplication$ApplicationCallbacks/onActivityStarted[android.app.Activity]
Executor - [MSG]: arg0 obj: [Unknown var:null, type: java.lang.Object]
Executor - [DEBUG]: Reflction class: class android.telephony.TelephonyManager
DalvikVM - [WARN]: ar -1, (359874043116909, java.lang.String)
Executor - [DEBUG]: Return data: 359874043116909 ,class java.lang.String
Executor - [MSG]: Reflction invocation public java.lang.String android.telephony.TelephonyManager.getDeviceId()
DalvikVM - [BB]: Set reflective call: public java.lang.String android.telephony.TelephonyManager.getDeviceId()
DalvikVM - [BB]: fu.hao.trust.dvm.Executor -> jump set pc to 10
TaintSumBranch - [BB]: <android.telephony.TelephonyManager: java.lang.String getDeviceId()>
TaintSumBranch - [WARN]: Found a tainted return value!
PluginManager - [MSG]: TaintSumBranch Tainted Res: {359874043116909=<9 INVOKE,VIRTUAL,extra=[android.telephony.TelephonyManager/getDeviceId[], [0]]>, [Global RetReg]=<9 INVOKE,VIRTUAL,extra=[android.telephony.TelephonyManager/getDeviceId[], [0]]>}
Executor - [MSG]: 

Executor - [MSG]: <10 MOV,RESULT,dst=r1,type=java.lang.Object> at de.ecspride.MyApplication$ApplicationCallbacks/onActivityStarted[android.app.Activity]
DalvikVM - [WARN]: ar 1 (instance number 1@de.ecspride.MyApplication, de.ecspride.MyApplication), (359874043116909, java.lang.String)
OP_MOV_RESULT - [BB]: Result data: 359874043116909
OP_MOV_RESULT - [DEBUG]: Result data: 359874043116909, type: java.lang.String, to [reg 1@MyApplication$ApplicationCallbacks/onActivityStarted]
DalvikVM - [BB]: fu.hao.trust.dvm.Executor$OP_MOV_RESULT -> jump set pc to 11
TaintSumBranch - [BB]: <9 INVOKE,VIRTUAL,extra=[android.telephony.TelephonyManager/getDeviceId[], [0]]>
TaintSumBranch - [BB]: Add reg 1 due to ret reg.
PluginManager - [MSG]: TaintSumBranch Tainted Res: {359874043116909=<9 INVOKE,VIRTUAL,extra=[android.telephony.TelephonyManager/getDeviceId[], [0]]>, [reg 1@MyApplication$ApplicationCallbacks/onActivityStarted]=<9 INVOKE,VIRTUAL,extra=[android.telephony.TelephonyManager/getDeviceId[], [0]]>}
Executor - [MSG]: 

Executor - [MSG]: <11 INSTANCE,IPUT,r0=r3,r1=r1,type=java.lang.Object,extra=de.ecspride.MyApplication$ApplicationCallbacks.imei> at de.ecspride.MyApplication$ApplicationCallbacks/onActivityStarted[android.app.Activity]
class fu.hao.trust.dvm.Executor$OP_INSTANCE_PUT_FIELD - [BB]: field de.ecspride.MyApplication$ApplicationCallbacks.imei
class fu.hao.trust.dvm.Executor$OP_INSTANCE_PUT_FIELD - [BB]: Target obj instance number 1@de.ecspride.MyApplication$ApplicationCallbacks
DVMObject - [DEBUG]: put field 359874043116909
class fu.hao.trust.dvm.Executor$OP_INSTANCE_PUT_FIELD - [MSG]: Put data 359874043116909 to the field of instance number 1@de.ecspride.MyApplication$ApplicationCallbacks
DalvikVM - [BB]: fu.hao.trust.dvm.Executor$OP_INSTANCE_PUT_FIELD -> jump set pc to 12
TaintSumBranch - [BB]: Add 359874043116909as tainted due to [reg 1@MyApplication$ApplicationCallbacks/onActivityStarted]
TaintSumBranch - [MSG]: has false
TaintSumBranch - [MSG]: Tfields: {}
Results - [MSG]: Set new tainted heap loc true
TaintSumBranch - [MSG]: New tainted heap loc: /this$0/callbacks/imei
TaintSumBranch - [MSG]: {}
Results - [MSG]: New recorded tainted field: /this$0/callbacks/imei
TaintSumBranch - [MSG]: has true
PluginManager - [MSG]: TaintSumBranch Tainted Res: {359874043116909=<9 INVOKE,VIRTUAL,extra=[android.telephony.TelephonyManager/getDeviceId[], [0]]>, [reg 1@MyApplication$ApplicationCallbacks/onActivityStarted]=<9 INVOKE,VIRTUAL,extra=[android.telephony.TelephonyManager/getDeviceId[], [0]]>}
Executor - [MSG]: 

Executor - [MSG]: <12 RETURN,VOID> at de.ecspride.MyApplication$ApplicationCallbacks/onActivityStarted[android.app.Activity]
class fu.hao.trust.dvm.Executor$OP_RETURN_VOID - [DEBUG]: Return void
DalvikVM - [BB]: stack []
DalvikVM - [BB]: Back to the last stack frame.null
Executor - [MSG]: RUN DONE! The last one is onActivityStarted
Executor - [MSG]: newChain: [(de.ecspride.MyApplication, onCreate), (de.ecspride.MyApplication$ApplicationCallbacks, onActivityStarted)]
Executor - [BB]: Add Event? (de.ecspride.MyApplication, onCreate)
Executor - [BB]: Add Event? (de.ecspride.MyApplication$ApplicationCallbacks, onActivityPaused)
Executor - [MSG]: Sink Event Add chain [(de.ecspride.MyApplication, onCreate), (de.ecspride.MyApplication$ApplicationCallbacks, onActivityStarted), (lastStop, lastStop), (de.ecspride.MyApplication$ApplicationCallbacks, onActivityPaused)]
DalvikVM - [MSG]: FINISHED!

main - [MSG]: hhas false
main - [DEBUG]: Generated Entry event: [(de.ecspride.MyApplication, onCreate), (de.ecspride.MyApplication$ApplicationCallbacks, onActivityStarted), (lastStop, lastStop), (de.ecspride.MyApplication$ApplicationCallbacks, onActivityPaused)]
DalvikVM - [MSG]: Begin run onCreate at C:\Users\hao\workspace\DroidBenchProj\RegisterGlobal1\app\RegisterGlobal1.apk
DalvikVM - [MSG]: RUN Method de.ecspride.MyApplication/onCreate[]
DalvikVM - [BB]: New method call: de.ecspride.MyApplication/onCreate[]
DalvikVM - [BB]: [0]<0 SPECIAL,ARGUMENT_SET,extra=[2]>
DalvikVM - [BB]: [1]<0 MOV,CONST,dst=r0,type=java.lang.String,extra="EX">
DalvikVM - [BB]: [2]<1 MOV,CONST,dst=r1,type=java.lang.String,extra="Application.onCreate()">
DalvikVM - [BB]: [3]<0 INVOKE,STATIC,extra=[android.util.Log/d[java.lang.String, java.lang.String], [0, 1]]>
DalvikVM - [BB]: [4]<0 HALT,SUPER,extra=[null, [2]]>
DalvikVM - [BB]: [5]<0 INSTANCE,IGET,r0=r2,r1=r0,type=java.lang.Object,extra=de.ecspride.MyApplication.callbacks>
DalvikVM - [BB]: [6]<0 INVOKE,VIRTUAL,extra=[android.app.Application/registerActivityLifecycleCallbacks[android.app.Application$ActivityLifecycleCallbacks], [2, 0]]>
DalvikVM - [BB]: [7]<0 RETURN,VOID>
newStackFrame - [BB]: New Stack Frame: StackFrame de.ecspride.MyApplication/onCreate[]
newStackFrame - [BB]: Add frame StackFrame de.ecspride.MyApplication/onCreate[]
newStackFrame - [BB]: Stack: [StackFrame de.ecspride.MyApplication/onCreate[]]
Application - [BB]: New instance of de.ecspride.MyApplication
Caller@4: <init>@fu.hao.trust.dvm.DVMObject - [BB]: getClass de.ecspride.MyApplication at fu.hao.trust.dvm.VMHeap@557555b8
Caller: getClass@fu.hao.trust.dvm.VMHeap - [BB]: new class representation for de.ecspride.MyApplication at fu.hao.trust.dvm.VMHeap@557555b8
Caller@4: <init>@fu.hao.trust.dvm.DVMClass - [BB]: getClass android.app.Application at fu.hao.trust.dvm.VMHeap@557555b8
Caller: getClass@fu.hao.trust.dvm.VMHeap - [BB]: new class representation for android.app.Application at fu.hao.trust.dvm.VMHeap@557555b8
Caller@4: <init>@fu.hao.trust.dvm.DVMClass - [BB]: getClass fu.hao.trust.dvm.DVMObject at fu.hao.trust.dvm.VMHeap@557555b8
Caller: getClass@fu.hao.trust.dvm.VMHeap - [BB]: new class representation for fu.hao.trust.dvm.DVMObject at fu.hao.trust.dvm.VMHeap@557555b8
Caller: <init>@fu.hao.trust.dvm.DVMClass - [BB]: Get DVMClass for type fu.hao.trust.dvm.DVMObject
Caller@4: <init>@fu.hao.trust.dvm.DVMClass - [BB]: getClass fu.hao.trust.dvm.DVMObject at fu.hao.trust.dvm.VMHeap@557555b8
Caller: <init>@fu.hao.trust.dvm.DVMClass - [BB]: Get DVMClass for type android.app.Application
Caller@4: <init>@fu.hao.trust.dvm.DVMClass - [BB]: getClass android.app.Application at fu.hao.trust.dvm.VMHeap@557555b8
Caller: <init>@fu.hao.trust.dvm.DVMObject - [BB]: Get DVMClass for type de.ecspride.MyApplication
Caller@4: <init>@fu.hao.trust.dvm.DVMObject - [BB]: getClass de.ecspride.MyApplication at fu.hao.trust.dvm.VMHeap@557555b8
Application - [MSG]: Not empty constructor
DalvikVM - [BB]: New method call: de.ecspride.MyApplication/<init>[]
DalvikVM - [BB]: [0]<0 SPECIAL,ARGUMENT_SET,extra=[1]>
DalvikVM - [BB]: [1]<0 INVOKE,DIRECT,extra=[java.lang.Object/<init>[], [1]]>
DalvikVM - [BB]: [2]<0 NEW,INSTANCE,dst=r0,type=de.ecspride.MyApplication$ApplicationCallbacks>
DalvikVM - [BB]: [3]<0 INVOKE,DIRECT,extra=[de.ecspride.MyApplication$ApplicationCallbacks/<init>[de.ecspride.MyApplication], [0, 1]]>
DalvikVM - [BB]: [4]<0 INSTANCE,IPUT,r0=r1,r1=r0,type=java.lang.Object,extra=de.ecspride.MyApplication.callbacks>
DalvikVM - [BB]: [5]<0 RETURN,VOID>
DalvikVM - [WARN]: ar -2, (instance number 1@de.ecspride.MyApplication, de.ecspride.MyApplication)
newStackFrame - [BB]: New Stack Frame: StackFrame de.ecspride.MyApplication/<init>[], pc -1 stored. 
newStackFrame - [BB]: Stack: [StackFrame de.ecspride.MyApplication/onCreate[]]
DalvikVM - [MSG]: Begin run instrumented methods!
DalvikVM - [BB]: Add frames [StackFrame de.ecspride.MyApplication/<init>[]]
DalvikVM - [BB]: fu.hao.trust.dvm.DalvikVM -> runInstrumentedMethods set pc to 0
Executor - [MSG]: 

Executor - [MSG]: <0 SPECIAL,ARGUMENT_SET,extra=[1]> at de.ecspride.MyApplication/<init>[]
DalvikVM - [WARN]: ar 1, (instance number 1@de.ecspride.MyApplication, de.ecspride.MyApplication)
Executor - [DEBUG]: params: instance number 1@de.ecspride.MyApplication
DalvikVM - [BB]: fu.hao.trust.dvm.Executor$OP_SP_ARGUMENTS -> jump set pc to 1
PluginManager - [MSG]: TaintSumBranch Tainted Res: {}
Executor - [MSG]: 

Executor - [MSG]: <1 INVOKE,DIRECT,extra=[java.lang.Object/<init>[], [1]]> at de.ecspride.MyApplication/<init>[]
Executor - [MSG]: arg0 obj: instance number 1@de.ecspride.MyApplication
Executor - [MSG]: Replace the clazz.
Executor - [BB]: java.lang.Object/<init>[] is a constructor!
Executor - [WARN]: Reflection error: de.ecspride.MyApplication
DalvikVM - [BB]: fu.hao.trust.dvm.Executor -> jump set pc to 2
TaintSumBranch - [BB]: <java.lang.Object: void <init>()>
TaintSumBranch - [DEBUG]: Not a taint call: <java.lang.Object: void <init>()>
PluginManager - [MSG]: TaintSumBranch Tainted Res: {}
Executor - [MSG]: 

Executor - [MSG]: <2 NEW,INSTANCE,dst=r0,type=de.ecspride.MyApplication$ApplicationCallbacks> at de.ecspride.MyApplication/<init>[]
OP_NEW_INSTANCE - [DEBUG]: [reg 0@MyApplication/<init>]
DalvikVM - [BB]: Superclass: de.ecspride.MyApplication$ApplicationCallbacks
DalvikVM - [BB]: Superclass: java.lang.Object
DVMObject - [BB]: New instance of de.ecspride.MyApplication$ApplicationCallbacks
Caller@4: <init>@fu.hao.trust.dvm.DVMObject - [BB]: getClass de.ecspride.MyApplication$ApplicationCallbacks at fu.hao.trust.dvm.VMHeap@557555b8
Caller: getClass@fu.hao.trust.dvm.VMHeap - [BB]: new class representation for de.ecspride.MyApplication$ApplicationCallbacks at fu.hao.trust.dvm.VMHeap@557555b8
Caller: <init>@fu.hao.trust.dvm.DVMObject - [BB]: Get DVMClass for type de.ecspride.MyApplication$ApplicationCallbacks
Caller@4: <init>@fu.hao.trust.dvm.DVMObject - [BB]: getClass de.ecspride.MyApplication$ApplicationCallbacks at fu.hao.trust.dvm.VMHeap@557555b8
DalvikVM - [WARN]: ar 0, (instance number 1@de.ecspride.MyApplication$ApplicationCallbacks, de.ecspride.MyApplication$ApplicationCallbacks)
OP_NEW_INSTANCE - [DEBUG]: New object of de.ecspride.MyApplication$ApplicationCallbackscreated:instance number 1@de.ecspride.MyApplication$ApplicationCallbacks
DalvikVM - [BB]: fu.hao.trust.dvm.Executor$OP_NEW_INSTANCE -> jump set pc to 3
TaintSumBranch - [BB]: Rdst [reg 0@MyApplication/<init>]
PluginManager - [MSG]: TaintSumBranch Tainted Res: {}
Executor - [MSG]: 

Executor - [MSG]: <3 INVOKE,DIRECT,extra=[de.ecspride.MyApplication$ApplicationCallbacks/<init>[de.ecspride.MyApplication], [0, 1]]> at de.ecspride.MyApplication/<init>[]
Executor - [MSG]: arg0 obj: instance number 1@de.ecspride.MyApplication$ApplicationCallbacks
Executor - [WARN]: Reflection error: de.ecspride.MyApplication$ApplicationCallbacks
DalvikVM - [BB]: fu.hao.trust.dvm.Executor -> jump set pc to 4
DalvikVM - [BB]: New method call: de.ecspride.MyApplication$ApplicationCallbacks/<init>[de.ecspride.MyApplication]
DalvikVM - [BB]: [0]<0 SPECIAL,ARGUMENT_SET,extra=[2, 3]>
DalvikVM - [BB]: [1]<0 INSTANCE,IPUT,r0=r2,r1=r3,type=java.lang.Object,extra=de.ecspride.MyApplication$ApplicationCallbacks.this$0>
DalvikVM - [BB]: [2]<0 INVOKE,DIRECT,extra=[java.lang.Object/<init>[], [2]]>
DalvikVM - [BB]: [3]<2 MOV,CONST,dst=r0,type=java.lang.String,extra="EX">
DalvikVM - [BB]: [4]<3 MOV,CONST,dst=r1,type=java.lang.String,extra="ApplicationCallbacks.<init>()">
DalvikVM - [BB]: [5]<0 INVOKE,STATIC,extra=[android.util.Log/d[java.lang.String, java.lang.String], [0, 1]]>
DalvikVM - [BB]: [6]<0 RETURN,VOID>
newStackFrame - [BB]: New Stack Frame: StackFrame de.ecspride.MyApplication$ApplicationCallbacks/<init>[de.ecspride.MyApplication], pc 4 stored. 
newStackFrame - [BB]: Add frame StackFrame de.ecspride.MyApplication$ApplicationCallbacks/<init>[de.ecspride.MyApplication]
newStackFrame - [BB]: Stack: [StackFrame de.ecspride.MyApplication/onCreate[], StackFrame de.ecspride.MyApplication/<init>[], StackFrame de.ecspride.MyApplication$ApplicationCallbacks/<init>[de.ecspride.MyApplication]]
TaintSumBranch - [BB]: <de.ecspride.MyApplication$ApplicationCallbacks: void <init>(de.ecspride.MyApplication)>
TaintSumBranch - [DEBUG]: Not a taint call: <de.ecspride.MyApplication$ApplicationCallbacks: void <init>(de.ecspride.MyApplication)>
PluginManager - [MSG]: TaintSumBranch Tainted Res: {}
DalvikVM - [BB]: fu.hao.trust.dvm.DalvikVM -> runInstrumentedMethods set pc to 0
Executor - [MSG]: 

Executor - [MSG]: <0 SPECIAL,ARGUMENT_SET,extra=[2, 3]> at de.ecspride.MyApplication$ApplicationCallbacks/<init>[de.ecspride.MyApplication]
DalvikVM - [WARN]: ar 2, (instance number 1@de.ecspride.MyApplication$ApplicationCallbacks, de.ecspride.MyApplication$ApplicationCallbacks)
Executor - [DEBUG]: params: instance number 1@de.ecspride.MyApplication$ApplicationCallbacks
DalvikVM - [WARN]: ar 3, (instance number 1@de.ecspride.MyApplication, de.ecspride.MyApplication)
Executor - [DEBUG]: params: instance number 1@de.ecspride.MyApplication
DalvikVM - [BB]: fu.hao.trust.dvm.Executor$OP_SP_ARGUMENTS -> jump set pc to 1
PluginManager - [MSG]: TaintSumBranch Tainted Res: {}
Executor - [MSG]: 

Executor - [MSG]: <1 INSTANCE,IPUT,r0=r2,r1=r3,type=java.lang.Object,extra=de.ecspride.MyApplication$ApplicationCallbacks.this$0> at de.ecspride.MyApplication$ApplicationCallbacks/<init>[de.ecspride.MyApplication]
class fu.hao.trust.dvm.Executor$OP_INSTANCE_PUT_FIELD - [BB]: field de.ecspride.MyApplication$ApplicationCallbacks.this$0
class fu.hao.trust.dvm.Executor$OP_INSTANCE_PUT_FIELD - [BB]: Target obj instance number 1@de.ecspride.MyApplication$ApplicationCallbacks
DVMObject - [DEBUG]: put field instance number 1@de.ecspride.MyApplication
class fu.hao.trust.dvm.Executor$OP_INSTANCE_PUT_FIELD - [MSG]: Put data instance number 1@de.ecspride.MyApplication to the field of instance number 1@de.ecspride.MyApplication$ApplicationCallbacks
DalvikVM - [BB]: fu.hao.trust.dvm.Executor$OP_INSTANCE_PUT_FIELD -> jump set pc to 2
PluginManager - [MSG]: TaintSumBranch Tainted Res: {}
Executor - [MSG]: 

Executor - [MSG]: <2 INVOKE,DIRECT,extra=[java.lang.Object/<init>[], [2]]> at de.ecspride.MyApplication$ApplicationCallbacks/<init>[de.ecspride.MyApplication]
Executor - [MSG]: arg0 obj: instance number 1@de.ecspride.MyApplication$ApplicationCallbacks
Executor - [MSG]: Replace the clazz.
Executor - [BB]: java.lang.Object/<init>[] is a constructor!
Executor - [WARN]: Reflection error: de.ecspride.MyApplication$ApplicationCallbacks
DalvikVM - [BB]: fu.hao.trust.dvm.Executor -> jump set pc to 3
TaintSumBranch - [BB]: <java.lang.Object: void <init>()>
TaintSumBranch - [DEBUG]: Not a taint call: <java.lang.Object: void <init>()>
PluginManager - [MSG]: TaintSumBranch Tainted Res: {}
Executor - [MSG]: 

Executor - [MSG]: <3 MOV,CONST,dst=r0,type=java.lang.String,extra="EX"> at de.ecspride.MyApplication$ApplicationCallbacks/<init>[de.ecspride.MyApplication]
Executor - [DEBUG]: Mov const begin <3 MOV,CONST,dst=r0,type=java.lang.String,extra="EX">
DalvikVM - [WARN]: ar 0, (EX, java.lang.String)
Executor - [DEBUG]: data: EX class java.lang.String
DalvikVM - [BB]: fu.hao.trust.dvm.Executor$OP_MOV_CONST -> jump set pc to 4
PluginManager - [MSG]: TaintSumBranch Tainted Res: {}
Executor - [MSG]: 

Executor - [MSG]: <4 MOV,CONST,dst=r1,type=java.lang.String,extra="ApplicationCallbacks.<init>()"> at de.ecspride.MyApplication$ApplicationCallbacks/<init>[de.ecspride.MyApplication]
Executor - [DEBUG]: Mov const begin <4 MOV,CONST,dst=r1,type=java.lang.String,extra="ApplicationCallbacks.<init>()">
DalvikVM - [WARN]: ar 1, (ApplicationCallbacks.<init>(), java.lang.String)
Executor - [DEBUG]: data: ApplicationCallbacks.<init>() class java.lang.String
DalvikVM - [BB]: fu.hao.trust.dvm.Executor$OP_MOV_CONST -> jump set pc to 5
PluginManager - [MSG]: TaintSumBranch Tainted Res: {}
Executor - [MSG]: 

Executor - [MSG]: <5 INVOKE,STATIC,extra=[android.util.Log/d[java.lang.String, java.lang.String], [0, 1]]> at de.ecspride.MyApplication$ApplicationCallbacks/<init>[de.ecspride.MyApplication]
Executor - [DEBUG]: Reflction class android.util.Log
Executor - [BB]: arg0@reg0: EX
Executor - [BB]: arg1@reg1: ApplicationCallbacks.<init>()
Executor - [BB]: param: EX
Executor - [BB]: param: ApplicationCallbacks.<init>()
DalvikVM - [WARN]: ar -1, (1, int)
Executor - [MSG]: reflction invocation public static int android.util.Log.d(java.lang.String,java.lang.String)
DalvikVM - [BB]: Set reflective call: public static int android.util.Log.d(java.lang.String,java.lang.String)
DalvikVM - [BB]: fu.hao.trust.dvm.Executor$OP_INVOKE_STATIC -> jump set pc to 6
TaintSumBranch - [BB]: <android.util.Log: int d(java.lang.String,java.lang.String)>
TaintSumBranch - [DEBUG]: Not a taint call: <android.util.Log: int d(java.lang.String,java.lang.String)>
PluginManager - [MSG]: TaintSumBranch Tainted Res: {}
Executor - [MSG]: 

Executor - [MSG]: <6 RETURN,VOID> at de.ecspride.MyApplication$ApplicationCallbacks/<init>[de.ecspride.MyApplication]
class fu.hao.trust.dvm.Executor$OP_RETURN_VOID - [DEBUG]: Return void
DalvikVM - [BB]: stack [StackFrame de.ecspride.MyApplication/onCreate[], StackFrame de.ecspride.MyApplication/<init>[]]
DalvikVM - [BB]: Back to the last stack frame.StackFrame de.ecspride.MyApplication/<init>[]
PluginManager - [MSG]: TaintSumBranch Tainted Res: {}
Executor - [MSG]: 

Executor - [MSG]: <4 INSTANCE,IPUT,r0=r1,r1=r0,type=java.lang.Object,extra=de.ecspride.MyApplication.callbacks> at de.ecspride.MyApplication/<init>[]
class fu.hao.trust.dvm.Executor$OP_INSTANCE_PUT_FIELD - [BB]: field de.ecspride.MyApplication.callbacks
class fu.hao.trust.dvm.Executor$OP_INSTANCE_PUT_FIELD - [BB]: Target obj instance number 1@de.ecspride.MyApplication
Application - [DEBUG]: put field instance number 1@de.ecspride.MyApplication$ApplicationCallbacks
class fu.hao.trust.dvm.Executor$OP_INSTANCE_PUT_FIELD - [MSG]: Put data instance number 1@de.ecspride.MyApplication$ApplicationCallbacks to the field of instance number 1@de.ecspride.MyApplication
DalvikVM - [BB]: fu.hao.trust.dvm.Executor$OP_INSTANCE_PUT_FIELD -> jump set pc to 5
PluginManager - [MSG]: TaintSumBranch Tainted Res: {}
Executor - [MSG]: 

Executor - [MSG]: <5 RETURN,VOID> at de.ecspride.MyApplication/<init>[]
class fu.hao.trust.dvm.Executor$OP_RETURN_VOID - [DEBUG]: Return void
DalvikVM - [BB]: stack [StackFrame de.ecspride.MyApplication/onCreate[]]
DalvikVM - [BB]: Back to the last stack frame.StackFrame de.ecspride.MyApplication/onCreate[]
DalvikVM - [MSG]: Finish running instrumented methods! Back to StackFrame de.ecspride.MyApplication/onCreate[]
Executor - [MSG]: RUN BEGIN de.ecspride.MyApplication/onCreate[]
DalvikVM - [BB]: fu.hao.trust.dvm.Executor -> execute set pc to 0
Executor - [MSG]: 

Executor - [MSG]: <0 SPECIAL,ARGUMENT_SET,extra=[2]> at de.ecspride.MyApplication/onCreate[]
Executor - [WARN]: NULL CallingCtx!
DalvikVM - [WARN]: ar 2, (instance number 1@de.ecspride.MyApplication, de.ecspride.MyApplication)
Executor - [DEBUG]: args: instance number 1@de.ecspride.MyApplication
Executor - [BB]: Start param from 1
DalvikVM - [BB]: fu.hao.trust.dvm.Executor$OP_SP_ARGUMENTS -> jump set pc to 1
PluginManager - [MSG]: TaintSumBranch Tainted Res: {}
Executor - [MSG]: 

Executor - [MSG]: <1 MOV,CONST,dst=r0,type=java.lang.String,extra="EX"> at de.ecspride.MyApplication/onCreate[]
Executor - [DEBUG]: Mov const begin <1 MOV,CONST,dst=r0,type=java.lang.String,extra="EX">
DalvikVM - [WARN]: ar 0, (EX, java.lang.String)
Executor - [DEBUG]: data: EX class java.lang.String
DalvikVM - [BB]: fu.hao.trust.dvm.Executor$OP_MOV_CONST -> jump set pc to 2
PluginManager - [MSG]: TaintSumBranch Tainted Res: {}
Executor - [MSG]: 

Executor - [MSG]: <2 MOV,CONST,dst=r1,type=java.lang.String,extra="Application.onCreate()"> at de.ecspride.MyApplication/onCreate[]
Executor - [DEBUG]: Mov const begin <2 MOV,CONST,dst=r1,type=java.lang.String,extra="Application.onCreate()">
DalvikVM - [WARN]: ar 1, (Application.onCreate(), java.lang.String)
Executor - [DEBUG]: data: Application.onCreate() class java.lang.String
DalvikVM - [BB]: fu.hao.trust.dvm.Executor$OP_MOV_CONST -> jump set pc to 3
PluginManager - [MSG]: TaintSumBranch Tainted Res: {}
Executor - [MSG]: 

Executor - [MSG]: <3 INVOKE,STATIC,extra=[android.util.Log/d[java.lang.String, java.lang.String], [0, 1]]> at de.ecspride.MyApplication/onCreate[]
Executor - [DEBUG]: Reflction class android.util.Log
Executor - [BB]: arg0@reg0: EX
Executor - [BB]: arg1@reg1: Application.onCreate()
Executor - [BB]: param: EX
Executor - [BB]: param: Application.onCreate()
DalvikVM - [WARN]: ar -1, (1, int)
Executor - [MSG]: reflction invocation public static int android.util.Log.d(java.lang.String,java.lang.String)
DalvikVM - [BB]: Set reflective call: public static int android.util.Log.d(java.lang.String,java.lang.String)
DalvikVM - [BB]: fu.hao.trust.dvm.Executor$OP_INVOKE_STATIC -> jump set pc to 4
TaintSumBranch - [BB]: <android.util.Log: int d(java.lang.String,java.lang.String)>
TaintSumBranch - [DEBUG]: Not a taint call: <android.util.Log: int d(java.lang.String,java.lang.String)>
PluginManager - [MSG]: TaintSumBranch Tainted Res: {}
Executor - [MSG]: 

Executor - [MSG]: <4 HALT,SUPER,extra=[null, [2]]> at de.ecspride.MyApplication/onCreate[]
DalvikVM - [BB]: fu.hao.trust.dvm.Executor$OP_HALT -> jump set pc to 5
Executor - [MSG]: Cannot resolve the invocation
TaintSumBranch - [BB]: Not a taint op <4 HALT,SUPER,extra=[null, [2]]>
PluginManager - [MSG]: TaintSumBranch Tainted Res: {}
Executor - [MSG]: 

Executor - [MSG]: <5 INSTANCE,IGET,r0=r2,r1=r0,type=java.lang.Object,extra=de.ecspride.MyApplication.callbacks> at de.ecspride.MyApplication/onCreate[]
class fu.hao.trust.dvm.Executor$OP_INSTANCE_GET_FIELD - [BB]: Obj instance number 1@de.ecspride.MyApplication
class fu.hao.trust.dvm.Executor$OP_INSTANCE_GET_FIELD - [BB]: Fieldinfo de.ecspride.MyApplication.callbacks
DalvikVM - [WARN]: ar 0 (EX, java.lang.String), (instance number 1@de.ecspride.MyApplication$ApplicationCallbacks, android.app.Application$ActivityLifecycleCallbacks)
class fu.hao.trust.dvm.Executor$OP_INSTANCE_GET_FIELD - [DEBUG]: Get data: instance number 1@de.ecspride.MyApplication$ApplicationCallbacks
DalvikVM - [BB]: fu.hao.trust.dvm.Executor$OP_INSTANCE_GET_FIELD -> jump set pc to 6
PluginManager - [MSG]: TaintSumBranch Tainted Res: {}
Executor - [MSG]: 

Executor - [MSG]: <6 INVOKE,VIRTUAL,extra=[android.app.Application/registerActivityLifecycleCallbacks[android.app.Application$ActivityLifecycleCallbacks], [2, 0]]> at de.ecspride.MyApplication/onCreate[]
Executor - [MSG]: arg0 obj: instance number 1@de.ecspride.MyApplication
Executor - [DEBUG]: Reflction class: class android.app.Application
Executor - [BB]: Normal args? true
Executor - [BB]: arg1@reg0: instance number 1@de.ecspride.MyApplication$ApplicationCallbacks
Executor - [WARN]: Mismatch type! arg 1, real para type: class fu.hao.trust.dvm.DVMObject, expected para type: interface android.app.Application$ActivityLifecycleCallbacks
Executor - [WARN]: Call the mirror method instead! android.app.Application$ActivityLifecycleCallbacks is a interface.
Executor - [BB]: Nargs? true
Executor - [DEBUG]: Caller obj: instance number 1@de.ecspride.MyApplication, from class: class android.app.Application
DalvikVM - [WARN]: ar -1, (null, void)
Executor - [MSG]: Reflction invocation public void android.app.Application.registerActivityLifecycleCallbacks(fu.hao.trust.dvm.DVMObject)
DalvikVM - [BB]: Set reflective call: public void android.app.Application.registerActivityLifecycleCallbacks(fu.hao.trust.dvm.DVMObject)
DalvikVM - [BB]: fu.hao.trust.dvm.Executor -> jump set pc to 7
TaintSumBranch - [BB]: <android.app.Application: void registerActivityLifecycleCallbacks(android.app.Application$ActivityLifecycleCallbacks)>
TaintSumBranch - [DEBUG]: Not a taint call: <android.app.Application: void registerActivityLifecycleCallbacks(android.app.Application$ActivityLifecycleCallbacks)>
PluginManager - [MSG]: TaintSumBranch Tainted Res: {}
Executor - [MSG]: 

Executor - [MSG]: <7 RETURN,VOID> at de.ecspride.MyApplication/onCreate[]
class fu.hao.trust.dvm.Executor$OP_RETURN_VOID - [DEBUG]: Return void
DalvikVM - [BB]: stack []
DalvikVM - [BB]: Back to the last stack frame.null
Executor - [MSG]: EventMethod: onActivityStarted
Executor - [WARN]: Do not have current activity!
Executor - [WARN]: Event obj instance number 1@de.ecspride.MyApplication$ApplicationCallbacks
DalvikVM - [BB]: New method call: de.ecspride.MyApplication$ApplicationCallbacks/onActivityStarted[android.app.Activity]
DalvikVM - [BB]: [0]<0 SPECIAL,ARGUMENT_SET,extra=[3, 4]>
DalvikVM - [BB]: [1]<0 MOV,CONST,dst=r1,type=java.lang.String,extra="EX">
DalvikVM - [BB]: [2]<1 MOV,CONST,dst=r2,type=java.lang.String,extra="Application.onActivityStarted()">
DalvikVM - [BB]: [3]<0 INVOKE,STATIC,extra=[android.util.Log/d[java.lang.String, java.lang.String], [1, 2]]>
DalvikVM - [BB]: [4]<0 INSTANCE,IGET,r0=r3,r1=r1,type=java.lang.Object,extra=de.ecspride.MyApplication$ApplicationCallbacks.this$0>
DalvikVM - [BB]: [5]<4 MOV,CONST,dst=r2,type=java.lang.String,extra="phone">
DalvikVM - [BB]: [6]<0 HALT,VIRTUAL,extra=[null, [1, 2]]>
DalvikVM - [BB]: [7]<0 MOV,RESULT,dst=r0,type=java.lang.Object>
DalvikVM - [BB]: [8]<0 ARITHMETIC,CHECK-AND-CAST,dst=r0,type=android.telephony.TelephonyManager>
DalvikVM - [BB]: [9]<0 INVOKE,VIRTUAL,extra=[android.telephony.TelephonyManager/getDeviceId[], [0]]>
DalvikVM - [BB]: [10]<0 MOV,RESULT,dst=r1,type=java.lang.Object>
DalvikVM - [BB]: [11]<0 INSTANCE,IPUT,r0=r3,r1=r1,type=java.lang.Object,extra=de.ecspride.MyApplication$ApplicationCallbacks.imei>
DalvikVM - [BB]: [12]<0 RETURN,VOID>
DalvikVM - [WARN]: ar -2, (instance number 1@de.ecspride.MyApplication$ApplicationCallbacks, de.ecspride.MyApplication$ApplicationCallbacks)
newStackFrame - [BB]: New Stack Frame: StackFrame de.ecspride.MyApplication$ApplicationCallbacks/onActivityStarted[android.app.Activity]
newStackFrame - [BB]: Add frame StackFrame de.ecspride.MyApplication$ApplicationCallbacks/onActivityStarted[android.app.Activity]
newStackFrame - [BB]: Stack: [StackFrame de.ecspride.MyApplication$ApplicationCallbacks/onActivityStarted[android.app.Activity]]
DalvikVM - [BB]: fu.hao.trust.dvm.Executor -> execute set pc to 0
Executor - [MSG]: 

Executor - [MSG]: <0 SPECIAL,ARGUMENT_SET,extra=[3, 4]> at de.ecspride.MyApplication$ApplicationCallbacks/onActivityStarted[android.app.Activity]
DalvikVM - [WARN]: ar 3, (instance number 1@de.ecspride.MyApplication$ApplicationCallbacks, de.ecspride.MyApplication$ApplicationCallbacks)
Executor - [DEBUG]: params: instance number 1@de.ecspride.MyApplication$ApplicationCallbacks
Executor - [DEBUG]: params: Empty!
DalvikVM - [BB]: fu.hao.trust.dvm.Executor$OP_SP_ARGUMENTS -> jump set pc to 1
PluginManager - [MSG]: TaintSumBranch Tainted Res: {}
Executor - [MSG]: 

Executor - [MSG]: <1 MOV,CONST,dst=r1,type=java.lang.String,extra="EX"> at de.ecspride.MyApplication$ApplicationCallbacks/onActivityStarted[android.app.Activity]
Executor - [DEBUG]: Mov const begin <1 MOV,CONST,dst=r1,type=java.lang.String,extra="EX">
DalvikVM - [WARN]: ar 1, (EX, java.lang.String)
Executor - [DEBUG]: data: EX class java.lang.String
DalvikVM - [BB]: fu.hao.trust.dvm.Executor$OP_MOV_CONST -> jump set pc to 2
PluginManager - [MSG]: TaintSumBranch Tainted Res: {}
Executor - [MSG]: 

Executor - [MSG]: <2 MOV,CONST,dst=r2,type=java.lang.String,extra="Application.onActivityStarted()"> at de.ecspride.MyApplication$ApplicationCallbacks/onActivityStarted[android.app.Activity]
Executor - [DEBUG]: Mov const begin <2 MOV,CONST,dst=r2,type=java.lang.String,extra="Application.onActivityStarted()">
DalvikVM - [WARN]: ar 2, (Application.onActivityStarted(), java.lang.String)
Executor - [DEBUG]: data: Application.onActivityStarted() class java.lang.String
DalvikVM - [BB]: fu.hao.trust.dvm.Executor$OP_MOV_CONST -> jump set pc to 3
PluginManager - [MSG]: TaintSumBranch Tainted Res: {}
Executor - [MSG]: 

Executor - [MSG]: <3 INVOKE,STATIC,extra=[android.util.Log/d[java.lang.String, java.lang.String], [1, 2]]> at de.ecspride.MyApplication$ApplicationCallbacks/onActivityStarted[android.app.Activity]
Executor - [DEBUG]: Reflction class android.util.Log
Executor - [BB]: arg0@reg1: EX
Executor - [BB]: arg1@reg2: Application.onActivityStarted()
Executor - [BB]: param: EX
Executor - [BB]: param: Application.onActivityStarted()
DalvikVM - [WARN]: ar -1, (1, int)
Executor - [MSG]: reflction invocation public static int android.util.Log.d(java.lang.String,java.lang.String)
DalvikVM - [BB]: Set reflective call: public static int android.util.Log.d(java.lang.String,java.lang.String)
DalvikVM - [BB]: fu.hao.trust.dvm.Executor$OP_INVOKE_STATIC -> jump set pc to 4
TaintSumBranch - [BB]: <android.util.Log: int d(java.lang.String,java.lang.String)>
TaintSumBranch - [DEBUG]: Not a taint call: <android.util.Log: int d(java.lang.String,java.lang.String)>
PluginManager - [MSG]: TaintSumBranch Tainted Res: {}
Executor - [MSG]: 

Executor - [MSG]: <4 INSTANCE,IGET,r0=r3,r1=r1,type=java.lang.Object,extra=de.ecspride.MyApplication$ApplicationCallbacks.this$0> at de.ecspride.MyApplication$ApplicationCallbacks/onActivityStarted[android.app.Activity]
class fu.hao.trust.dvm.Executor$OP_INSTANCE_GET_FIELD - [BB]: Obj instance number 1@de.ecspride.MyApplication$ApplicationCallbacks
class fu.hao.trust.dvm.Executor$OP_INSTANCE_GET_FIELD - [BB]: Fieldinfo de.ecspride.MyApplication$ApplicationCallbacks.this$0
DalvikVM - [WARN]: ar 1 (EX, java.lang.String), (instance number 1@de.ecspride.MyApplication, de.ecspride.MyApplication)
class fu.hao.trust.dvm.Executor$OP_INSTANCE_GET_FIELD - [DEBUG]: Get data: instance number 1@de.ecspride.MyApplication
DalvikVM - [BB]: fu.hao.trust.dvm.Executor$OP_INSTANCE_GET_FIELD -> jump set pc to 5
PluginManager - [MSG]: TaintSumBranch Tainted Res: {}
Executor - [MSG]: 

Executor - [MSG]: <5 MOV,CONST,dst=r2,type=java.lang.String,extra="phone"> at de.ecspride.MyApplication$ApplicationCallbacks/onActivityStarted[android.app.Activity]
Executor - [DEBUG]: Mov const begin <5 MOV,CONST,dst=r2,type=java.lang.String,extra="phone">
DalvikVM - [WARN]: ar 2 (Application.onActivityStarted(), java.lang.String), (phone, java.lang.String)
Executor - [DEBUG]: data: phone class java.lang.String
DalvikVM - [BB]: fu.hao.trust.dvm.Executor$OP_MOV_CONST -> jump set pc to 6
PluginManager - [MSG]: TaintSumBranch Tainted Res: {}
Executor - [MSG]: 

Executor - [MSG]: <6 HALT,VIRTUAL,extra=[null, [1, 2]]> at de.ecspride.MyApplication$ApplicationCallbacks/onActivityStarted[android.app.Activity]
DalvikVM - [BB]: fu.hao.trust.dvm.Executor$OP_HALT -> jump set pc to 7
Executor - [MSG]: Cannot resolve the invocation
TaintSumBranch - [BB]: Not a taint op <6 HALT,VIRTUAL,extra=[null, [1, 2]]>
PluginManager - [MSG]: TaintSumBranch Tainted Res: {}
Executor - [MSG]: 

Executor - [MSG]: <7 MOV,RESULT,dst=r0,type=java.lang.Object> at de.ecspride.MyApplication$ApplicationCallbacks/onActivityStarted[android.app.Activity]
Unknown - [BB]: Unknown created!
DalvikVM - [WARN]: ar -1, ([Unknown var:null, type: java.lang.Object], java.lang.Object)
DalvikVM - [WARN]: ar 0, ([Unknown var:null, type: java.lang.Object], java.lang.Object)
OP_MOV_RESULT - [BB]: Result data: [Unknown var:null, type: java.lang.Object]
OP_MOV_RESULT - [DEBUG]: Result data: [Unknown var:null, type: java.lang.Object], type: java.lang.Object, to [reg 0@MyApplication$ApplicationCallbacks/onActivityStarted]
DalvikVM - [BB]: fu.hao.trust.dvm.Executor$OP_MOV_RESULT -> jump set pc to 8
PluginManager - [MSG]: TaintSumBranch Tainted Res: {}
Executor - [MSG]: 

Executor - [MSG]: <8 ARITHMETIC,CHECK-AND-CAST,dst=r0,type=android.telephony.TelephonyManager> at de.ecspride.MyApplication$ApplicationCallbacks/onActivityStarted[android.app.Activity]
DalvikVM - [BB]: fu.hao.trust.dvm.Executor$OP_ARITHETIC -> jump set pc to 9
PluginManager - [MSG]: TaintSumBranch Tainted Res: {}
Executor - [MSG]: 

Executor - [MSG]: <9 INVOKE,VIRTUAL,extra=[android.telephony.TelephonyManager/getDeviceId[], [0]]> at de.ecspride.MyApplication$ApplicationCallbacks/onActivityStarted[android.app.Activity]
Executor - [MSG]: arg0 obj: [Unknown var:null, type: java.lang.Object]
Executor - [DEBUG]: Reflction class: class android.telephony.TelephonyManager
DalvikVM - [WARN]: ar -1, (359874043116909, java.lang.String)
Executor - [DEBUG]: Return data: 359874043116909 ,class java.lang.String
Executor - [MSG]: Reflction invocation public java.lang.String android.telephony.TelephonyManager.getDeviceId()
DalvikVM - [BB]: Set reflective call: public java.lang.String android.telephony.TelephonyManager.getDeviceId()
DalvikVM - [BB]: fu.hao.trust.dvm.Executor -> jump set pc to 10
TaintSumBranch - [BB]: <android.telephony.TelephonyManager: java.lang.String getDeviceId()>
TaintSumBranch - [WARN]: Found a tainted return value!
PluginManager - [MSG]: TaintSumBranch Tainted Res: {359874043116909=<9 INVOKE,VIRTUAL,extra=[android.telephony.TelephonyManager/getDeviceId[], [0]]>, [Global RetReg]=<9 INVOKE,VIRTUAL,extra=[android.telephony.TelephonyManager/getDeviceId[], [0]]>}
Executor - [MSG]: 

Executor - [MSG]: <10 MOV,RESULT,dst=r1,type=java.lang.Object> at de.ecspride.MyApplication$ApplicationCallbacks/onActivityStarted[android.app.Activity]
DalvikVM - [WARN]: ar 1 (instance number 1@de.ecspride.MyApplication, de.ecspride.MyApplication), (359874043116909, java.lang.String)
OP_MOV_RESULT - [BB]: Result data: 359874043116909
OP_MOV_RESULT - [DEBUG]: Result data: 359874043116909, type: java.lang.String, to [reg 1@MyApplication$ApplicationCallbacks/onActivityStarted]
DalvikVM - [BB]: fu.hao.trust.dvm.Executor$OP_MOV_RESULT -> jump set pc to 11
TaintSumBranch - [BB]: <9 INVOKE,VIRTUAL,extra=[android.telephony.TelephonyManager/getDeviceId[], [0]]>
TaintSumBranch - [BB]: Add reg 1 due to ret reg.
PluginManager - [MSG]: TaintSumBranch Tainted Res: {359874043116909=<9 INVOKE,VIRTUAL,extra=[android.telephony.TelephonyManager/getDeviceId[], [0]]>, [reg 1@MyApplication$ApplicationCallbacks/onActivityStarted]=<9 INVOKE,VIRTUAL,extra=[android.telephony.TelephonyManager/getDeviceId[], [0]]>}
Executor - [MSG]: 

Executor - [MSG]: <11 INSTANCE,IPUT,r0=r3,r1=r1,type=java.lang.Object,extra=de.ecspride.MyApplication$ApplicationCallbacks.imei> at de.ecspride.MyApplication$ApplicationCallbacks/onActivityStarted[android.app.Activity]
class fu.hao.trust.dvm.Executor$OP_INSTANCE_PUT_FIELD - [BB]: field de.ecspride.MyApplication$ApplicationCallbacks.imei
class fu.hao.trust.dvm.Executor$OP_INSTANCE_PUT_FIELD - [BB]: Target obj instance number 1@de.ecspride.MyApplication$ApplicationCallbacks
DVMObject - [DEBUG]: put field 359874043116909
class fu.hao.trust.dvm.Executor$OP_INSTANCE_PUT_FIELD - [MSG]: Put data 359874043116909 to the field of instance number 1@de.ecspride.MyApplication$ApplicationCallbacks
DalvikVM - [BB]: fu.hao.trust.dvm.Executor$OP_INSTANCE_PUT_FIELD -> jump set pc to 12
TaintSumBranch - [BB]: Add 359874043116909as tainted due to [reg 1@MyApplication$ApplicationCallbacks/onActivityStarted]
TaintSumBranch - [MSG]: has false
TaintSumBranch - [MSG]: Tfields: {}
Results - [MSG]: New recorded tainted field: /this$0/callbacks/imei
TaintSumBranch - [MSG]: has false
PluginManager - [MSG]: TaintSumBranch Tainted Res: {359874043116909=<9 INVOKE,VIRTUAL,extra=[android.telephony.TelephonyManager/getDeviceId[], [0]]>, [reg 1@MyApplication$ApplicationCallbacks/onActivityStarted]=<9 INVOKE,VIRTUAL,extra=[android.telephony.TelephonyManager/getDeviceId[], [0]]>}
Executor - [MSG]: 

Executor - [MSG]: <12 RETURN,VOID> at de.ecspride.MyApplication$ApplicationCallbacks/onActivityStarted[android.app.Activity]
class fu.hao.trust.dvm.Executor$OP_RETURN_VOID - [DEBUG]: Return void
DalvikVM - [BB]: stack []
DalvikVM - [BB]: Back to the last stack frame.null
Executor - [MSG]: EventMethod: lastStop
Executor - [MSG]: EventMethod: onActivityPaused
Executor - [WARN]: Do not have current activity!
DalvikVM - [BB]: New method call: de.ecspride.MyApplication$ApplicationCallbacks/onActivityPaused[android.app.Activity]
DalvikVM - [BB]: [0]<0 SPECIAL,ARGUMENT_SET,extra=[6, 7]>
DalvikVM - [BB]: [1]<0 MOV,CONST,dst=r2,type=void,extra=class patdroid.core.PrimitiveInfo?0>
DalvikVM - [BB]: [2]<0 INVOKE,STATIC,extra=[android.telephony.SmsManager/getDefault[], []]>
DalvikVM - [BB]: [3]<0 MOV,RESULT,dst=r0,type=java.lang.Object>
DalvikVM - [BB]: [4]<3 MOV,CONST,dst=r1,type=java.lang.String,extra="+49">
DalvikVM - [BB]: [5]<0 INSTANCE,IGET,r0=r6,r1=r3,type=java.lang.Object,extra=de.ecspride.MyApplication$ApplicationCallbacks.imei>
DalvikVM - [BB]: [6]<0 MOV,REG,dst=r4,r0=r2,type=java.lang.Object>
DalvikVM - [BB]: [7]<0 MOV,REG,dst=r5,r0=r2,type=java.lang.Object>
DalvikVM - [BB]: [8]<0 INVOKE,VIRTUAL,extra=[android.telephony.SmsManager/sendTextMessage[java.lang.String, java.lang.String, java.lang.String, android.app.PendingIntent, android.app.PendingIntent], [0, 1, 2, 3, 4, 5]]>
DalvikVM - [BB]: [9]<0 RETURN,VOID>
DalvikVM - [WARN]: ar -2, (instance number 1@de.ecspride.MyApplication$ApplicationCallbacks, de.ecspride.MyApplication$ApplicationCallbacks)
newStackFrame - [BB]: New Stack Frame: StackFrame de.ecspride.MyApplication$ApplicationCallbacks/onActivityPaused[android.app.Activity]
newStackFrame - [BB]: Add frame StackFrame de.ecspride.MyApplication$ApplicationCallbacks/onActivityPaused[android.app.Activity]
newStackFrame - [BB]: Stack: [StackFrame de.ecspride.MyApplication$ApplicationCallbacks/onActivityPaused[android.app.Activity]]
DalvikVM - [BB]: fu.hao.trust.dvm.Executor -> execute set pc to 0
Executor - [MSG]: 

Executor - [MSG]: <0 SPECIAL,ARGUMENT_SET,extra=[6, 7]> at de.ecspride.MyApplication$ApplicationCallbacks/onActivityPaused[android.app.Activity]
DalvikVM - [WARN]: ar 6, (instance number 1@de.ecspride.MyApplication$ApplicationCallbacks, de.ecspride.MyApplication$ApplicationCallbacks)
Executor - [DEBUG]: params: instance number 1@de.ecspride.MyApplication$ApplicationCallbacks
Executor - [DEBUG]: params: Empty!
DalvikVM - [BB]: fu.hao.trust.dvm.Executor$OP_SP_ARGUMENTS -> jump set pc to 1
TaintSumBranch - [BB]: Copy 359874043116909 as tainted.
PluginManager - [MSG]: TaintSumBranch Tainted Res: {359874043116909=<9 INVOKE,VIRTUAL,extra=[android.telephony.TelephonyManager/getDeviceId[], [0]]>}
Executor - [MSG]: 

Executor - [MSG]: <1 MOV,CONST,dst=r2,type=void,extra=class patdroid.core.PrimitiveInfo?0> at de.ecspride.MyApplication$ApplicationCallbacks/onActivityPaused[android.app.Activity]
Executor - [DEBUG]: Mov const begin <1 MOV,CONST,dst=r2,type=void,extra=class patdroid.core.PrimitiveInfo?0>
DalvikVM - [WARN]: ar 2, (0, void)
Executor - [DEBUG]: data: 0 class patdroid.core.PrimitiveInfo
DalvikVM - [BB]: fu.hao.trust.dvm.Executor$OP_MOV_CONST -> jump set pc to 2
PluginManager - [MSG]: TaintSumBranch Tainted Res: {359874043116909=<9 INVOKE,VIRTUAL,extra=[android.telephony.TelephonyManager/getDeviceId[], [0]]>}
Executor - [MSG]: 

Executor - [MSG]: <2 INVOKE,STATIC,extra=[android.telephony.SmsManager/getDefault[], []]> at de.ecspride.MyApplication$ApplicationCallbacks/onActivityPaused[android.app.Activity]
Executor - [DEBUG]: Reflction class android.telephony.SmsManager
DalvikVM - [WARN]: ar -1, (android.telephony.SmsManager@53622a11, android.telephony.SmsManager)
Executor - [MSG]: reflction invocation public static android.telephony.SmsManager android.telephony.SmsManager.getDefault()
DalvikVM - [BB]: Set reflective call: public static android.telephony.SmsManager android.telephony.SmsManager.getDefault()
DalvikVM - [BB]: fu.hao.trust.dvm.Executor$OP_INVOKE_STATIC -> jump set pc to 3
TaintSumBranch - [BB]: <android.telephony.SmsManager: android.telephony.SmsManager getDefault()>
TaintSumBranch - [DEBUG]: Not a taint call: <android.telephony.SmsManager: android.telephony.SmsManager getDefault()>
PluginManager - [MSG]: TaintSumBranch Tainted Res: {359874043116909=<9 INVOKE,VIRTUAL,extra=[android.telephony.TelephonyManager/getDeviceId[], [0]]>}
Executor - [MSG]: 

Executor - [MSG]: <3 MOV,RESULT,dst=r0,type=java.lang.Object> at de.ecspride.MyApplication$ApplicationCallbacks/onActivityPaused[android.app.Activity]
DalvikVM - [WARN]: ar 0, (android.telephony.SmsManager@53622a11, android.telephony.SmsManager)
OP_MOV_RESULT - [BB]: Result data: android.telephony.SmsManager@53622a11
OP_MOV_RESULT - [DEBUG]: Result data: android.telephony.SmsManager@53622a11, type: android.telephony.SmsManager, to [reg 0@MyApplication$ApplicationCallbacks/onActivityPaused]
DalvikVM - [BB]: fu.hao.trust.dvm.Executor$OP_MOV_RESULT -> jump set pc to 4
PluginManager - [MSG]: TaintSumBranch Tainted Res: {359874043116909=<9 INVOKE,VIRTUAL,extra=[android.telephony.TelephonyManager/getDeviceId[], [0]]>}
Executor - [MSG]: 

Executor - [MSG]: <4 MOV,CONST,dst=r1,type=java.lang.String,extra="+49"> at de.ecspride.MyApplication$ApplicationCallbacks/onActivityPaused[android.app.Activity]
Executor - [DEBUG]: Mov const begin <4 MOV,CONST,dst=r1,type=java.lang.String,extra="+49">
DalvikVM - [WARN]: ar 1, (+49, java.lang.String)
Executor - [DEBUG]: data: +49 class java.lang.String
DalvikVM - [BB]: fu.hao.trust.dvm.Executor$OP_MOV_CONST -> jump set pc to 5
PluginManager - [MSG]: TaintSumBranch Tainted Res: {359874043116909=<9 INVOKE,VIRTUAL,extra=[android.telephony.TelephonyManager/getDeviceId[], [0]]>}
Executor - [MSG]: 

Executor - [MSG]: <5 INSTANCE,IGET,r0=r6,r1=r3,type=java.lang.Object,extra=de.ecspride.MyApplication$ApplicationCallbacks.imei> at de.ecspride.MyApplication$ApplicationCallbacks/onActivityPaused[android.app.Activity]
class fu.hao.trust.dvm.Executor$OP_INSTANCE_GET_FIELD - [BB]: Obj instance number 1@de.ecspride.MyApplication$ApplicationCallbacks
class fu.hao.trust.dvm.Executor$OP_INSTANCE_GET_FIELD - [BB]: Fieldinfo de.ecspride.MyApplication$ApplicationCallbacks.imei
DalvikVM - [WARN]: ar 3, (359874043116909, java.lang.String)
class fu.hao.trust.dvm.Executor$OP_INSTANCE_GET_FIELD - [DEBUG]: Get data: 359874043116909
DalvikVM - [BB]: fu.hao.trust.dvm.Executor$OP_INSTANCE_GET_FIELD -> jump set pc to 6
TaintSumBranch - [BB]: Add [reg 3@MyApplication$ApplicationCallbacks/onActivityPaused] as tainted due to field 359874043116909
PluginManager - [MSG]: TaintSumBranch Tainted Res: {359874043116909=<9 INVOKE,VIRTUAL,extra=[android.telephony.TelephonyManager/getDeviceId[], [0]]>, [reg 3@MyApplication$ApplicationCallbacks/onActivityPaused]=<9 INVOKE,VIRTUAL,extra=[android.telephony.TelephonyManager/getDeviceId[], [0]]>}
Executor - [MSG]: 

Executor - [MSG]: <6 MOV,REG,dst=r4,r0=r2,type=java.lang.Object> at de.ecspride.MyApplication$ApplicationCallbacks/onActivityPaused[android.app.Activity]
DalvikVM - [WARN]: ar 4, (0, void)
class fu.hao.trust.dvm.Executor$OP_MOVE_REG - [DEBUG]: mov 0 to 0
DalvikVM - [BB]: fu.hao.trust.dvm.Executor$OP_MOVE_REG -> jump set pc to 7
PluginManager - [MSG]: TaintSumBranch Tainted Res: {359874043116909=<9 INVOKE,VIRTUAL,extra=[android.telephony.TelephonyManager/getDeviceId[], [0]]>, [reg 3@MyApplication$ApplicationCallbacks/onActivityPaused]=<9 INVOKE,VIRTUAL,extra=[android.telephony.TelephonyManager/getDeviceId[], [0]]>}
Executor - [MSG]: 

Executor - [MSG]: <7 MOV,REG,dst=r5,r0=r2,type=java.lang.Object> at de.ecspride.MyApplication$ApplicationCallbacks/onActivityPaused[android.app.Activity]
DalvikVM - [WARN]: ar 5, (0, void)
class fu.hao.trust.dvm.Executor$OP_MOVE_REG - [DEBUG]: mov 0 to 0
DalvikVM - [BB]: fu.hao.trust.dvm.Executor$OP_MOVE_REG -> jump set pc to 8
PluginManager - [MSG]: TaintSumBranch Tainted Res: {359874043116909=<9 INVOKE,VIRTUAL,extra=[android.telephony.TelephonyManager/getDeviceId[], [0]]>, [reg 3@MyApplication$ApplicationCallbacks/onActivityPaused]=<9 INVOKE,VIRTUAL,extra=[android.telephony.TelephonyManager/getDeviceId[], [0]]>}
Executor - [MSG]: 

Executor - [MSG]: <8 INVOKE,VIRTUAL,extra=[android.telephony.SmsManager/sendTextMessage[java.lang.String, java.lang.String, java.lang.String, android.app.PendingIntent, android.app.PendingIntent], [0, 1, 2, 3, 4, 5]]> at de.ecspride.MyApplication$ApplicationCallbacks/onActivityPaused[android.app.Activity]
Executor - [MSG]: arg0 obj: android.telephony.SmsManager@53622a11
Executor - [DEBUG]: Reflction class: class android.telephony.SmsManager
Executor - [BB]: Normal args? true
Executor - [BB]: arg1@reg1: +49
Executor - [BB]: arg2@reg2: 0
Executor - [WARN]: Mismatch type! arg 2, real para type: class patdroid.core.PrimitiveInfo, expected para type: class java.lang.String
Executor - [BB]: arg3@reg3: 359874043116909
Executor - [BB]: arg4@reg4: 0
Executor - [WARN]: Mismatch type! arg 4, real para type: class patdroid.core.PrimitiveInfo, expected para type: class android.app.PendingIntent
Executor - [BB]: arg5@reg5: 0
Executor - [WARN]: Mismatch type! arg 5, real para type: class patdroid.core.PrimitiveInfo, expected para type: class android.app.PendingIntent
Executor - [BB]: Nargs? true
Executor - [DEBUG]: Caller obj: android.telephony.SmsManager@53622a11, from class: class android.telephony.SmsManager
DalvikVM - [WARN]: ar -1, (null, void)
Executor - [MSG]: Reflction invocation public void android.telephony.SmsManager.sendTextMessage(java.lang.String,java.lang.String,java.lang.String,android.app.PendingIntent,android.app.PendingIntent)
DalvikVM - [BB]: Set reflective call: public void android.telephony.SmsManager.sendTextMessage(java.lang.String,java.lang.String,java.lang.String,android.app.PendingIntent,android.app.PendingIntent)
DalvikVM - [BB]: fu.hao.trust.dvm.Executor -> jump set pc to 9
TaintSumBranch - [BB]: <android.telephony.SmsManager: void sendTextMessage(java.lang.String,java.lang.String,java.lang.String,android.app.PendingIntent,android.app.PendingIntent)>
TaintSumBranch - [WARN]: Found a tainted return val!
Results - [MSG]: New recorded tainted field: sendTextMessage
TaintSumBranch - [BB]: Found a sink invocation. <android.telephony.SmsManager: void sendTextMessage(java.lang.String,java.lang.String,java.lang.String,android.app.PendingIntent,android.app.PendingIntent)>
TaintSumBranch - [WARN]: Found a tainted sink <android.telephony.SmsManager: void sendTextMessage(java.lang.String,java.lang.String,java.lang.String,android.app.PendingIntent,android.app.PendingIntent)> leaking data [359874043116909] at reg 3!!!
PluginManager - [MSG]: TaintSumBranch Tainted Res: {359874043116909=<9 INVOKE,VIRTUAL,extra=[android.telephony.TelephonyManager/getDeviceId[], [0]]>, [Global RetReg]=<9 INVOKE,VIRTUAL,extra=[android.telephony.TelephonyManager/getDeviceId[], [0]]>, [reg 3@MyApplication$ApplicationCallbacks/onActivityPaused]=<9 INVOKE,VIRTUAL,extra=[android.telephony.TelephonyManager/getDeviceId[], [0]]>}
Executor - [MSG]: 

Executor - [MSG]: <9 RETURN,VOID> at de.ecspride.MyApplication$ApplicationCallbacks/onActivityPaused[android.app.Activity]
class fu.hao.trust.dvm.Executor$OP_RETURN_VOID - [DEBUG]: Return void
DalvikVM - [BB]: stack []
DalvikVM - [BB]: Back to the last stack frame.null
Executor - [MSG]: RUN DONE! The last one is onActivityPaused
DalvikVM - [MSG]: FINISHED!

main - [MSG]: output/RegisterGlobal1.apk\RegisterGlobal1.apk_SrcTaintedFields.csv
main - [MSG]: Analysis has run for 4.592279868 seconds

